
<!DOCTYPE html>
<html>


<head>
	<meta charset='utf-8' /> 
	<meta name='description' content='' />
	<meta name='robots' content='noodp, noydir' />
	<meta name='viewport' content='width=device-width, initial-scale=1' />
	<meta id="timeStampFormat" name="timeStampFormat" content='MMM d, yyyy hh:mm:ss a'/>
	
	<link href='https://fonts.googleapis.com/css?family=Source+Sans+Pro:400,600' rel='stylesheet' type='text/css'>
	<link href="https://fonts.googleapis.com/icon?family=Material+Icons" rel="stylesheet">

		<link href='https://cdn.rawgit.com/anshooarora/extentreports-java/0ef94479b1fc7c18041d6bbf1a8cfbfa321edc0a/dist/css/extent.css' type='text/css' rel='stylesheet' />
	
	<title>[PreTUPS]RoadMap_7.19.0 Automation Report</title>

</head>

	<body class='extent standard default hide-overflow '>
		<div id='theme-selector' alt='Click to toggle theme. To enable by default, use theme configuration.' title='Click to toggle theme. To enable by default, use theme configuration.'>
			<span><i class='material-icons'>desktop_windows</i></span>
		</div>

<nav>
	<div class="nav-wrapper">
		<a href="#!" class="brand-logo blue darken-3">Extent</a>

		<!-- slideout menu -->
		<ul id='slide-out' class='side-nav fixed hide-on-med-and-down'>
			<li class='waves-effect active'><a href='#!' view='test-view' onclick="configureView(0);chartsView('test');"><i class='material-icons'>dashboard</i></a></li>
						<li class='waves-effect'><a href='#!' view='category-view' onclick="configureView(1)"><i class='material-icons'>label_outline</i></a></li>
			<li class='waves-effect'><a href='#!' view='exception-view' onclick="configureView(2)"><i class='material-icons'>bug_report</i></a></li>
			<li class='waves-effect'><a href='#!' onclick="configureView(-1);chartsView('dashboard');" view='dashboard-view'><i class='material-icons'>track_changes</i></i></a></li>
		</ul>

		<!-- report name -->
		<span class='report-name'>[PreTUPS]RoadMap_7.19.0 Automation Report</span>
		
		<!-- report headline -->
		<span class='report-headline'></span>

		<!-- nav-right -->
		<ul id='nav-mobile' class='right hide-on-med-and-down nav-right'>
			<li>
                <a href='#!'>
                    <span class='label suite-start-time blue darken-3'>Jun 1, 2022 08:31:12 PM</span>
				</a>
			</li>
			<li>
                <a href='#!'>
                    <span class='label blue darken-3'>v3.0.5</span>
				</a>
			</li>
		</ul>
	</div>
</nav>

		<!-- container -->
		<div class='container'>

<div id='test-view' class='view'>
				
	<section id='controls'>
		<div class='controls grey lighten-4'>
			<!-- test toggle -->
			<div class='chip transparent'>
				<a class='dropdown-button tests-toggle' data-activates='tests-toggle' data-constrainwidth='true' data-beloworigin='true' data-hover='true' href='#'>
					<i class='material-icons'>warning</i> Status
				</a>
				<ul id='tests-toggle' class='dropdown-content'>
											<li status='pass'><a href='#!'>Pass <i class='material-icons green-text'>check_circle</i></a></li>
						<li status='fail'><a href='#!'>Fail <i class='material-icons red-text'>cancel</i></a></li>
						<li status='error'><a href='#!'>Error <i class='material-icons red-text lighten-2'>error</i></a></li>
					<li class='divider'></li>
					<li status='clear' clear='true'><a href='#!'>Clear Filters <i class='material-icons'>clear</i></a></li>
				</ul>
			</div>
			<!-- test toggle -->

			<!-- category toggle -->
			<div class='chip transparent'>
				<a class='dropdown-button category-toggle' data-activates='category-toggle' data-constrainwidth='false' data-beloworigin='true' data-hover='true' href='#'>
					<i class='material-icons'>local_offer</i> Category
				</a>
				<ul id='category-toggle' class='dropdown-content'>
					<li><a href='#'>Pre-Requisite</a></li>
					<li class='divider'></li>
					<li class='clear'><a href='#!' clear='true'>Clear Filters</a></li>
				</ul>
			</div>
			<!-- category toggle -->

			<!-- clear filters -->
			<div class='chip transparent hide'>
				<a class='' id='clear-filters' alt='Clear Filters' title='Clear Filters'>
					<i class='material-icons'>close</i> Clear
				</a>
			</div>
			<!-- clear filters -->

			<!-- enable dashboard -->
			<div id='toggle-test-view-charts' class='chip transparent'>
				<a class='' id='enable-dashboard' alt='Enable Dashboard' title='Enable Dashboard'>
					<i class='material-icons'>track_changes</i> Dashboard
				</a>
			</div>
			<!-- enable dashboard -->

			<!-- search -->
			<div class='chip transparent' alt='Search Tests' title='Search Tests'>
				<a href="#" class='search-div'>
					<i class='material-icons'>search</i> Search
				</a>

				<div class='input-field left hide'>
					<input id='search-tests' type='text' class='validate browser-default' placeholder='Search Tests...'>
				</div>
				
			</div>
			<!-- search -->
		</div>
	</section>


<div id='test-view-charts' class='subview-full'>
	<div id='charts-row' class='row nm-v nm-h'>
		<div class='col s12 m6 l6 np-h'>
			<div class='card-panel nm-v'>
				<div class='left panel-name'>Tests</div>
				<div class='chart-box'>
					<canvas id='parent-analysis' width='100' height='80'></canvas>
				</div>
				<div class='block text-small'>
					<span class='tooltipped' data-position='top' data-tooltip='0%'><span class='strong'>0</span> test(s) passed</span>
				</div>
				<div class='block text-small'>
					<span class='strong tooltipped' data-position='top' data-tooltip='100%'>13</span> test(s) failed, <span class='strong tooltipped' data-position='top' data-tooltip='0%'>0</span> others
				</div>
			</div>
		</div>
		
		<div class='col s12 m6 l6 np-h'>
			<div class='card-panel nm-v'>
				<div class='left panel-name'>Steps</div>
				<div class='chart-box'>
					<canvas id='child-analysis' width='100' height='80'></canvas>
				</div>
				<div class='block text-small'>
					<span class='tooltipped' data-position='top' data-tooltip='0%'><span class='strong'>0</span> step(s) passed</span>
				</div>
				<div class='block text-small'>
					<span class='strong tooltipped' data-position='top' data-tooltip='10%'>26</span> step(s) failed, <span class='strong tooltipped' data-position='top' data-tooltip='90%'>234</span> others
				</div>
			</div>
		</div>
		
	</div>
</div>

	<div class='subview-left left'>
		
		<div class='view-summary'>
			<h5>Tests</h5>
			<ul id='test-collection' class='test-collection'>
				
				
				<li class='test displayed active has-leaf fail' status='fail' bdd='false' test-id='1'>
					<div class='test-heading'>
						<span class='test-name'>[Pre-Requisite]EVD Voucher Recharge</span>
						<span class='test-time'>Jun 1, 2022 08:31:34 PM</span>
						<span class='test-status right fail'>fail</span>
					</div>
					<div class='test-content hide'>
<div class='test-time-info'>
	<span class='label start-time'>Jun 1, 2022 08:31:34 PM</span>
	<span class='label end-time'>Jun 1, 2022 09:03:24 PM</span>
	<span class='label time-taken grey lighten-1 white-text'>0h 31m 49s+589ms</span>
</div>
	<ul class='collapsible node-list' data-collapsible='accordion'>
		
				<li class='node level-1 leaf fail' status='fail' test-id='2'>
					<div class='collapsible-header'>
						<div class='node-name'>To verify Super Distributor is able to perform EVD Recharge.</div>						
						<span class='node-time'>Jun 1, 2022 08:31:34 PM</span>
						<span class='node-duration'>0h 0m 48s+96ms</span>
						<span class='test-status right fail'>fail</span>
					</div>
						<div class='collapsible-body'>
									<div class='category-list right'>
											<span class='category label white-text'>Pre-Requisite</span>
									</div>
								<div class='node-steps'>
									<table class='bordered table-results'>
										<thead>
											<tr>
												<th>Status</th>
												<th>Timestamp</th>
												<th>Details</th>
											</tr>
										</thead>
										<tbody>
												<tr class='log' status='info'>
													<td class='status info' title='info' alt='info'><i class='material-icons'>info_outline</i></td>
													<td class='timestamp'>8:31:34 PM</td>
													<td class='step-details'>Category Code for Super Distributor: DIST</td>
												</tr>
												<tr class='log' status='info'>
													<td class='status info' title='info' alt='info'><i class='material-icons'>info_outline</i></td>
													<td class='timestamp'>8:31:34 PM</td>
													<td class='step-details'>Entered webInterface(Super Distributor)</td>
												</tr>
												<tr class='log' status='info'>
													<td class='status info' title='info' alt='info'><i class='material-icons'>info_outline</i></td>
													<td class='timestamp'>8:31:34 PM</td>
													<td class='step-details'>webInterface() :: select query: Select WEB_INTERFACE_ALLOWED from categories where category_name= ?</td>
												</tr>
												<tr class='log' status='info'>
													<td class='status info' title='info' alt='info'><i class='material-icons'>info_outline</i></td>
													<td class='timestamp'>8:31:34 PM</td>
													<td class='step-details'>Database Returns: WEB_INTERFACE_ALLOWED (Y)</td>
												</tr>
												<tr class='log' status='info'>
													<td class='status info' title='info' alt='info'><i class='material-icons'>info_outline</i></td>
													<td class='timestamp'>8:31:34 PM</td>
													<td class='step-details'>Exited webInterface()</td>
												</tr>
												<tr class='log' status='info'>
													<td class='status info' title='info' alt='info'><i class='material-icons'>info_outline</i></td>
													<td class='timestamp'>8:31:35 PM</td>
													<td class='step-details'><span class='label white-text grey'>Entered performEVDRecharge(Root, Super Distributor, 1357, EVD)</span></td>
												</tr>
												<tr class='log' status='info'>
													<td class='status info' title='info' alt='info'><i class='material-icons'>info_outline</i></td>
													<td class='timestamp'>8:31:35 PM</td>
													<td class='step-details'>LoginID found as: AUT_48675</td>
												</tr>
												<tr class='log' status='info'>
													<td class='status info' title='info' alt='info'><i class='material-icons'>info_outline</i></td>
													<td class='timestamp'>8:31:35 PM</td>
													<td class='step-details'>Password found as: com@2468</td>
												</tr>
												<tr class='log' status='info'>
													<td class='status info' title='info' alt='info'><i class='material-icons'>info_outline</i></td>
													<td class='timestamp'>8:31:35 PM</td>
													<td class='step-details'>Username found as: AUTFN1393 AUTLN2379</td>
												</tr>
												<tr class='log' status='info'>
													<td class='status info' title='info' alt='info'><i class='material-icons'>info_outline</i></td>
													<td class='timestamp'>8:31:35 PM</td>
													<td class='step-details'>Trying to select Language</td>
												</tr>
												<tr class='log' status='info'>
													<td class='status info' title='info' alt='info'><i class='material-icons'>info_outline</i></td>
													<td class='timestamp'>8:31:36 PM</td>
													<td class='step-details'>Language selected successfully as: English</td>
												</tr>
												<tr class='log' status='info'>
													<td class='status info' title='info' alt='info'><i class='material-icons'>info_outline</i></td>
													<td class='timestamp'>8:31:36 PM</td>
													<td class='step-details'>Trying to enter Login ID</td>
												</tr>
												<tr class='log' status='info'>
													<td class='status info' title='info' alt='info'><i class='material-icons'>info_outline</i></td>
													<td class='timestamp'>8:31:36 PM</td>
													<td class='step-details'>Login ID entered successfully as: AUT_48675</td>
												</tr>
												<tr class='log' status='info'>
													<td class='status info' title='info' alt='info'><i class='material-icons'>info_outline</i></td>
													<td class='timestamp'>8:31:36 PM</td>
													<td class='step-details'>Trying to enter Password</td>
												</tr>
												<tr class='log' status='info'>
													<td class='status info' title='info' alt='info'><i class='material-icons'>info_outline</i></td>
													<td class='timestamp'>8:31:36 PM</td>
													<td class='step-details'>Password entered successfully as: com@2468</td>
												</tr>
												<tr class='log' status='info'>
													<td class='status info' title='info' alt='info'><i class='material-icons'>info_outline</i></td>
													<td class='timestamp'>8:31:36 PM</td>
													<td class='step-details'>Trying to click Login Button</td>
												</tr>
												<tr class='log' status='info'>
													<td class='status info' title='info' alt='info'><i class='material-icons'>info_outline</i></td>
													<td class='timestamp'>8:31:36 PM</td>
													<td class='step-details'>Login button clicked successfully</td>
												</tr>
												<tr class='log' status='info'>
													<td class='status info' title='info' alt='info'><i class='material-icons'>info_outline</i></td>
													<td class='timestamp'>8:31:36 PM</td>
													<td class='step-details'>Error Message Found on Login Screen:</td>
												</tr>
												<tr class='log' status='info'>
													<td class='status info' title='info' alt='info'><i class='material-icons'>info_outline</i></td>
													<td class='timestamp'>8:31:41 PM</td>
													<td class='step-details'>User clicked Recharged Heading Link.</td>
												</tr>
												<tr class='log' status='fail'>
													<td class='status fail' title='fail' alt='fail'><i class='material-icons'>cancel</i></td>
													<td class='timestamp'>8:32:01 PM</td>
													<td class='step-details'><textarea>org.openqa.selenium.TimeoutException: Expected condition failed: waiting for visibility of [[ChromeDriver: chrome on WINDOWS (4cc23ccfc03147a10f4b61e16dcd55d1)] -> xpath: //nav[@class='sidebar']//div[@class='nested-menu']//a[@id='recharge']] (tried for 20 second(s) with 500 milliseconds interval)
Build info: version: '3.10.0', revision: '176b4a9', time: '2018-03-02T19:03:16.397Z'
System info: host: 'MCKL-20005142', ip: '192.168.1.38', os.name: 'Windows 10', os.arch: 'amd64', os.version: '10.0', java.version: '1.8.0_291'
Driver info: org.openqa.selenium.chrome.ChromeDriver
Capabilities {acceptInsecureCerts: false, browserName: chrome, browserVersion: 102.0.5005.63, chrome: {chromedriverVersion: 102.0.5005.61 (0e59bcc00cc4..., userDataDir: C:\Users\SOURAB~1.AWA\AppDa...}, goog:chromeOptions: {debuggerAddress: localhost:51300}, javascriptEnabled: true, networkConnectionEnabled: false, pageLoadStrategy: normal, platform: WINDOWS, platformName: WINDOWS, proxy: Proxy(), setWindowRect: true, strictFileInteractability: false, timeouts: {implicit: 0, pageLoad: 300000, script: 30000}, unhandledPromptBehavior: dismiss and notify, webauthn:extension:credBlob: true, webauthn:extension:largeBlob: true, webauthn:virtualAuthenticators: true}
Session ID: 4cc23ccfc03147a10f4b61e16dcd55d1
	at org.openqa.selenium.support.ui.WebDriverWait.timeoutException(WebDriverWait.java:82)
	at org.openqa.selenium.support.ui.FluentWait.until(FluentWait.java:272)
	at angular.pageobjects.recharge.Recharges.clickRecharge(Recharges.java:477)
	at angular.feature.EVDRechargeRevamp.performEVDRecharge(EVDRechargeRevamp.java:114)
	at angular.testscripts.prereuisitesangular.PreRequisite_EVD_Revamp.A_01_Test_EVDRecharge(PreRequisite_EVD_Revamp.java:40)
	at sun.reflect.NativeMethodAccessorImpl.invoke0(Native Method)
	at sun.reflect.NativeMethodAccessorImpl.invoke(Unknown Source)
	at sun.reflect.DelegatingMethodAccessorImpl.invoke(Unknown Source)
	at java.lang.reflect.Method.invoke(Unknown Source)
	at org.testng.internal.MethodInvocationHelper.invokeMethod(MethodInvocationHelper.java:124)
	at org.testng.internal.Invoker.invokeMethod(Invoker.java:580)
	at org.testng.internal.Invoker.invokeTestMethod(Invoker.java:716)
	at org.testng.internal.Invoker.invokeTestMethods(Invoker.java:988)
	at org.testng.internal.TestMethodWorker.invokeTestMethods(TestMethodWorker.java:125)
	at org.testng.internal.TestMethodWorker.run(TestMethodWorker.java:109)
	at org.testng.TestRunner.privateRun(TestRunner.java:648)
	at org.testng.TestRunner.run(TestRunner.java:505)
	at org.testng.SuiteRunner.runTest(SuiteRunner.java:455)
	at org.testng.SuiteRunner.runSequentially(SuiteRunner.java:450)
	at org.testng.SuiteRunner.privateRun(SuiteRunner.java:415)
	at org.testng.SuiteRunner.run(SuiteRunner.java:364)
	at org.testng.SuiteRunnerWorker.runSuite(SuiteRunnerWorker.java:52)
	at org.testng.SuiteRunnerWorker.run(SuiteRunnerWorker.java:84)
	at org.testng.TestNG.runSuitesSequentially(TestNG.java:1208)
	at org.testng.TestNG.runSuitesLocally(TestNG.java:1137)
	at org.testng.TestNG.runSuites(TestNG.java:1049)
	at org.testng.TestNG.run(TestNG.java:1017)
	at org.testng.remote.AbstractRemoteTestNG.run(AbstractRemoteTestNG.java:115)
	at org.testng.remote.RemoteTestNG.initAndRun(RemoteTestNG.java:251)
	at org.testng.remote.RemoteTestNG.main(RemoteTestNG.java:77)
</textarea></td>
												</tr>
												<tr class='log' status='error'>
													<td class='status error' title='error' alt='error'><i class='material-icons'>error</i></td>
													<td class='timestamp'>8:32:22 PM</td>
													<td class='step-details'>Error while getting SSH Server Instance : com.jcraft.jsch.JSchException: java.net.ConnectException: Connection timed out: connect</td>
												</tr>
												<tr class='log' status='fail'>
													<td class='status fail' title='fail' alt='fail'><i class='material-icons'>cancel</i></td>
													<td class='timestamp'>8:32:22 PM</td>
													<td class='step-details'><a href='null'><b><h6><font color='red'>Catalina Log</font></h6></b></a></td>
												</tr>
										</tbody>
									</table>
										<ul class='screenshots'>
												<li><img data-featherlight='..//Output//Screenshots//Screenshot_1654095742769.jpg' width='10%' src='' data-src='..//Output//Screenshots//Screenshot_1654095742769.jpg'></li>
										</ul>
								</div>
						</div>
				</li>
				<li class='node level-1 leaf fail' status='fail' test-id='3'>
					<div class='collapsible-header'>
						<div class='node-name'>To verify Dealer is able to perform EVD Recharge.</div>						
						<span class='node-time'>Jun 1, 2022 08:32:23 PM</span>
						<span class='node-duration'>0h 0m 44s+438ms</span>
						<span class='test-status right fail'>fail</span>
					</div>
						<div class='collapsible-body'>
									<div class='category-list right'>
											<span class='category label white-text'>Pre-Requisite</span>
									</div>
								<div class='node-steps'>
									<table class='bordered table-results'>
										<thead>
											<tr>
												<th>Status</th>
												<th>Timestamp</th>
												<th>Details</th>
											</tr>
										</thead>
										<tbody>
												<tr class='log' status='info'>
													<td class='status info' title='info' alt='info'><i class='material-icons'>info_outline</i></td>
													<td class='timestamp'>8:32:23 PM</td>
													<td class='step-details'>Category Code for Dealer: SE</td>
												</tr>
												<tr class='log' status='info'>
													<td class='status info' title='info' alt='info'><i class='material-icons'>info_outline</i></td>
													<td class='timestamp'>8:32:23 PM</td>
													<td class='step-details'>Entered webInterface(Dealer)</td>
												</tr>
												<tr class='log' status='info'>
													<td class='status info' title='info' alt='info'><i class='material-icons'>info_outline</i></td>
													<td class='timestamp'>8:32:23 PM</td>
													<td class='step-details'>webInterface() :: select query: Select WEB_INTERFACE_ALLOWED from categories where category_name= ?</td>
												</tr>
												<tr class='log' status='info'>
													<td class='status info' title='info' alt='info'><i class='material-icons'>info_outline</i></td>
													<td class='timestamp'>8:32:23 PM</td>
													<td class='step-details'>Database Returns: WEB_INTERFACE_ALLOWED (Y)</td>
												</tr>
												<tr class='log' status='info'>
													<td class='status info' title='info' alt='info'><i class='material-icons'>info_outline</i></td>
													<td class='timestamp'>8:32:23 PM</td>
													<td class='step-details'>Exited webInterface()</td>
												</tr>
												<tr class='log' status='info'>
													<td class='status info' title='info' alt='info'><i class='material-icons'>info_outline</i></td>
													<td class='timestamp'>8:32:23 PM</td>
													<td class='step-details'><span class='label white-text grey'>Entered performEVDRecharge(Super Distributor, Dealer, 2468, EVD)</span></td>
												</tr>
												<tr class='log' status='info'>
													<td class='status info' title='info' alt='info'><i class='material-icons'>info_outline</i></td>
													<td class='timestamp'>8:32:24 PM</td>
													<td class='step-details'>LoginID found as: AUT_19995</td>
												</tr>
												<tr class='log' status='info'>
													<td class='status info' title='info' alt='info'><i class='material-icons'>info_outline</i></td>
													<td class='timestamp'>8:32:24 PM</td>
													<td class='step-details'>Password found as: com@2468</td>
												</tr>
												<tr class='log' status='info'>
													<td class='status info' title='info' alt='info'><i class='material-icons'>info_outline</i></td>
													<td class='timestamp'>8:32:24 PM</td>
													<td class='step-details'>Username found as: AUTFN6751 AUTLN4189</td>
												</tr>
												<tr class='log' status='info'>
													<td class='status info' title='info' alt='info'><i class='material-icons'>info_outline</i></td>
													<td class='timestamp'>8:32:24 PM</td>
													<td class='step-details'>Trying to select Language</td>
												</tr>
												<tr class='log' status='info'>
													<td class='status info' title='info' alt='info'><i class='material-icons'>info_outline</i></td>
													<td class='timestamp'>8:32:24 PM</td>
													<td class='step-details'>Language selected successfully as: English</td>
												</tr>
												<tr class='log' status='info'>
													<td class='status info' title='info' alt='info'><i class='material-icons'>info_outline</i></td>
													<td class='timestamp'>8:32:24 PM</td>
													<td class='step-details'>Trying to enter Login ID</td>
												</tr>
												<tr class='log' status='info'>
													<td class='status info' title='info' alt='info'><i class='material-icons'>info_outline</i></td>
													<td class='timestamp'>8:32:25 PM</td>
													<td class='step-details'>Login ID entered successfully as: AUT_19995</td>
												</tr>
												<tr class='log' status='info'>
													<td class='status info' title='info' alt='info'><i class='material-icons'>info_outline</i></td>
													<td class='timestamp'>8:32:25 PM</td>
													<td class='step-details'>Trying to enter Password</td>
												</tr>
												<tr class='log' status='info'>
													<td class='status info' title='info' alt='info'><i class='material-icons'>info_outline</i></td>
													<td class='timestamp'>8:32:25 PM</td>
													<td class='step-details'>Password entered successfully as: com@2468</td>
												</tr>
												<tr class='log' status='info'>
													<td class='status info' title='info' alt='info'><i class='material-icons'>info_outline</i></td>
													<td class='timestamp'>8:32:25 PM</td>
													<td class='step-details'>Trying to click Login Button</td>
												</tr>
												<tr class='log' status='info'>
													<td class='status info' title='info' alt='info'><i class='material-icons'>info_outline</i></td>
													<td class='timestamp'>8:32:25 PM</td>
													<td class='step-details'>Login button clicked successfully</td>
												</tr>
												<tr class='log' status='info'>
													<td class='status info' title='info' alt='info'><i class='material-icons'>info_outline</i></td>
													<td class='timestamp'>8:32:25 PM</td>
													<td class='step-details'>Error Message Found on Login Screen:</td>
												</tr>
												<tr class='log' status='info'>
													<td class='status info' title='info' alt='info'><i class='material-icons'>info_outline</i></td>
													<td class='timestamp'>8:32:26 PM</td>
													<td class='step-details'>User clicked Recharged Heading Link.</td>
												</tr>
												<tr class='log' status='fail'>
													<td class='status fail' title='fail' alt='fail'><i class='material-icons'>cancel</i></td>
													<td class='timestamp'>8:32:46 PM</td>
													<td class='step-details'><textarea>org.openqa.selenium.TimeoutException: Expected condition failed: waiting for visibility of [[ChromeDriver: chrome on WINDOWS (4cc23ccfc03147a10f4b61e16dcd55d1)] -> xpath: //nav[@class='sidebar']//div[@class='nested-menu']//a[@id='recharge']] (tried for 20 second(s) with 500 milliseconds interval)
Build info: version: '3.10.0', revision: '176b4a9', time: '2018-03-02T19:03:16.397Z'
System info: host: 'MCKL-20005142', ip: '192.168.1.38', os.name: 'Windows 10', os.arch: 'amd64', os.version: '10.0', java.version: '1.8.0_291'
Driver info: org.openqa.selenium.chrome.ChromeDriver
Capabilities {acceptInsecureCerts: false, browserName: chrome, browserVersion: 102.0.5005.63, chrome: {chromedriverVersion: 102.0.5005.61 (0e59bcc00cc4..., userDataDir: C:\Users\SOURAB~1.AWA\AppDa...}, goog:chromeOptions: {debuggerAddress: localhost:51300}, javascriptEnabled: true, networkConnectionEnabled: false, pageLoadStrategy: normal, platform: WINDOWS, platformName: WINDOWS, proxy: Proxy(), setWindowRect: true, strictFileInteractability: false, timeouts: {implicit: 0, pageLoad: 300000, script: 30000}, unhandledPromptBehavior: dismiss and notify, webauthn:extension:credBlob: true, webauthn:extension:largeBlob: true, webauthn:virtualAuthenticators: true}
Session ID: 4cc23ccfc03147a10f4b61e16dcd55d1
	at org.openqa.selenium.support.ui.WebDriverWait.timeoutException(WebDriverWait.java:82)
	at org.openqa.selenium.support.ui.FluentWait.until(FluentWait.java:272)
	at angular.pageobjects.recharge.Recharges.clickRecharge(Recharges.java:477)
	at angular.feature.EVDRechargeRevamp.performEVDRecharge(EVDRechargeRevamp.java:114)
	at angular.testscripts.prereuisitesangular.PreRequisite_EVD_Revamp.A_01_Test_EVDRecharge(PreRequisite_EVD_Revamp.java:40)
	at sun.reflect.NativeMethodAccessorImpl.invoke0(Native Method)
	at sun.reflect.NativeMethodAccessorImpl.invoke(Unknown Source)
	at sun.reflect.DelegatingMethodAccessorImpl.invoke(Unknown Source)
	at java.lang.reflect.Method.invoke(Unknown Source)
	at org.testng.internal.MethodInvocationHelper.invokeMethod(MethodInvocationHelper.java:124)
	at org.testng.internal.Invoker.invokeMethod(Invoker.java:580)
	at org.testng.internal.Invoker.invokeTestMethod(Invoker.java:716)
	at org.testng.internal.Invoker.invokeTestMethods(Invoker.java:988)
	at org.testng.internal.TestMethodWorker.invokeTestMethods(TestMethodWorker.java:125)
	at org.testng.internal.TestMethodWorker.run(TestMethodWorker.java:109)
	at org.testng.TestRunner.privateRun(TestRunner.java:648)
	at org.testng.TestRunner.run(TestRunner.java:505)
	at org.testng.SuiteRunner.runTest(SuiteRunner.java:455)
	at org.testng.SuiteRunner.runSequentially(SuiteRunner.java:450)
	at org.testng.SuiteRunner.privateRun(SuiteRunner.java:415)
	at org.testng.SuiteRunner.run(SuiteRunner.java:364)
	at org.testng.SuiteRunnerWorker.runSuite(SuiteRunnerWorker.java:52)
	at org.testng.SuiteRunnerWorker.run(SuiteRunnerWorker.java:84)
	at org.testng.TestNG.runSuitesSequentially(TestNG.java:1208)
	at org.testng.TestNG.runSuitesLocally(TestNG.java:1137)
	at org.testng.TestNG.runSuites(TestNG.java:1049)
	at org.testng.TestNG.run(TestNG.java:1017)
	at org.testng.remote.AbstractRemoteTestNG.run(AbstractRemoteTestNG.java:115)
	at org.testng.remote.RemoteTestNG.initAndRun(RemoteTestNG.java:251)
	at org.testng.remote.RemoteTestNG.main(RemoteTestNG.java:77)
</textarea></td>
												</tr>
												<tr class='log' status='error'>
													<td class='status error' title='error' alt='error'><i class='material-icons'>error</i></td>
													<td class='timestamp'>8:33:08 PM</td>
													<td class='step-details'>Error while getting SSH Server Instance : com.jcraft.jsch.JSchException: java.net.ConnectException: Connection timed out: connect</td>
												</tr>
												<tr class='log' status='fail'>
													<td class='status fail' title='fail' alt='fail'><i class='material-icons'>cancel</i></td>
													<td class='timestamp'>8:33:08 PM</td>
													<td class='step-details'><a href='null'><b><h6><font color='red'>Catalina Log</font></h6></b></a></td>
												</tr>
										</tbody>
									</table>
										<ul class='screenshots'>
												<li><img data-featherlight='..//Output//Screenshots//Screenshot_1654095788165.jpg' width='10%' src='' data-src='..//Output//Screenshots//Screenshot_1654095788165.jpg'></li>
										</ul>
								</div>
						</div>
				</li>
				<li class='node level-1 leaf fail' status='fail' test-id='4'>
					<div class='collapsible-header'>
						<div class='node-name'>To verify Agent is able to perform EVD Recharge.</div>						
						<span class='node-time'>Jun 1, 2022 08:33:08 PM</span>
						<span class='node-duration'>0h 0m 46s+106ms</span>
						<span class='test-status right fail'>fail</span>
					</div>
						<div class='collapsible-body'>
									<div class='category-list right'>
											<span class='category label white-text'>Pre-Requisite</span>
									</div>
								<div class='node-steps'>
									<table class='bordered table-results'>
										<thead>
											<tr>
												<th>Status</th>
												<th>Timestamp</th>
												<th>Details</th>
											</tr>
										</thead>
										<tbody>
												<tr class='log' status='info'>
													<td class='status info' title='info' alt='info'><i class='material-icons'>info_outline</i></td>
													<td class='timestamp'>8:33:08 PM</td>
													<td class='step-details'>Category Code for Agent: AG</td>
												</tr>
												<tr class='log' status='info'>
													<td class='status info' title='info' alt='info'><i class='material-icons'>info_outline</i></td>
													<td class='timestamp'>8:33:08 PM</td>
													<td class='step-details'>Entered webInterface(Agent)</td>
												</tr>
												<tr class='log' status='info'>
													<td class='status info' title='info' alt='info'><i class='material-icons'>info_outline</i></td>
													<td class='timestamp'>8:33:08 PM</td>
													<td class='step-details'>webInterface() :: select query: Select WEB_INTERFACE_ALLOWED from categories where category_name= ?</td>
												</tr>
												<tr class='log' status='info'>
													<td class='status info' title='info' alt='info'><i class='material-icons'>info_outline</i></td>
													<td class='timestamp'>8:33:08 PM</td>
													<td class='step-details'>Database Returns: WEB_INTERFACE_ALLOWED (Y)</td>
												</tr>
												<tr class='log' status='info'>
													<td class='status info' title='info' alt='info'><i class='material-icons'>info_outline</i></td>
													<td class='timestamp'>8:33:08 PM</td>
													<td class='step-details'>Exited webInterface()</td>
												</tr>
												<tr class='log' status='info'>
													<td class='status info' title='info' alt='info'><i class='material-icons'>info_outline</i></td>
													<td class='timestamp'>8:33:08 PM</td>
													<td class='step-details'><span class='label white-text grey'>Entered performEVDRecharge(Super Distributor, Agent, 1357, EVD)</span></td>
												</tr>
												<tr class='log' status='info'>
													<td class='status info' title='info' alt='info'><i class='material-icons'>info_outline</i></td>
													<td class='timestamp'>8:33:08 PM</td>
													<td class='step-details'>LoginID found as: AUT_08837</td>
												</tr>
												<tr class='log' status='info'>
													<td class='status info' title='info' alt='info'><i class='material-icons'>info_outline</i></td>
													<td class='timestamp'>8:33:08 PM</td>
													<td class='step-details'>Password found as: com@2468</td>
												</tr>
												<tr class='log' status='info'>
													<td class='status info' title='info' alt='info'><i class='material-icons'>info_outline</i></td>
													<td class='timestamp'>8:33:08 PM</td>
													<td class='step-details'>Username found as: AUTFN7086 AUTLN1035</td>
												</tr>
												<tr class='log' status='info'>
													<td class='status info' title='info' alt='info'><i class='material-icons'>info_outline</i></td>
													<td class='timestamp'>8:33:10 PM</td>
													<td class='step-details'>Trying to select Language</td>
												</tr>
												<tr class='log' status='info'>
													<td class='status info' title='info' alt='info'><i class='material-icons'>info_outline</i></td>
													<td class='timestamp'>8:33:10 PM</td>
													<td class='step-details'>Language selected successfully as: English</td>
												</tr>
												<tr class='log' status='info'>
													<td class='status info' title='info' alt='info'><i class='material-icons'>info_outline</i></td>
													<td class='timestamp'>8:33:10 PM</td>
													<td class='step-details'>Trying to enter Login ID</td>
												</tr>
												<tr class='log' status='info'>
													<td class='status info' title='info' alt='info'><i class='material-icons'>info_outline</i></td>
													<td class='timestamp'>8:33:10 PM</td>
													<td class='step-details'>Login ID entered successfully as: AUT_08837</td>
												</tr>
												<tr class='log' status='info'>
													<td class='status info' title='info' alt='info'><i class='material-icons'>info_outline</i></td>
													<td class='timestamp'>8:33:10 PM</td>
													<td class='step-details'>Trying to enter Password</td>
												</tr>
												<tr class='log' status='info'>
													<td class='status info' title='info' alt='info'><i class='material-icons'>info_outline</i></td>
													<td class='timestamp'>8:33:10 PM</td>
													<td class='step-details'>Password entered successfully as: com@2468</td>
												</tr>
												<tr class='log' status='info'>
													<td class='status info' title='info' alt='info'><i class='material-icons'>info_outline</i></td>
													<td class='timestamp'>8:33:10 PM</td>
													<td class='step-details'>Trying to click Login Button</td>
												</tr>
												<tr class='log' status='info'>
													<td class='status info' title='info' alt='info'><i class='material-icons'>info_outline</i></td>
													<td class='timestamp'>8:33:10 PM</td>
													<td class='step-details'>Login button clicked successfully</td>
												</tr>
												<tr class='log' status='info'>
													<td class='status info' title='info' alt='info'><i class='material-icons'>info_outline</i></td>
													<td class='timestamp'>8:33:10 PM</td>
													<td class='step-details'>Error Message Found on Login Screen:</td>
												</tr>
												<tr class='log' status='info'>
													<td class='status info' title='info' alt='info'><i class='material-icons'>info_outline</i></td>
													<td class='timestamp'>8:33:12 PM</td>
													<td class='step-details'>User clicked Recharged Heading Link.</td>
												</tr>
												<tr class='log' status='fail'>
													<td class='status fail' title='fail' alt='fail'><i class='material-icons'>cancel</i></td>
													<td class='timestamp'>8:33:33 PM</td>
													<td class='step-details'><textarea>org.openqa.selenium.TimeoutException: Expected condition failed: waiting for visibility of [[ChromeDriver: chrome on WINDOWS (4cc23ccfc03147a10f4b61e16dcd55d1)] -> xpath: //nav[@class='sidebar']//div[@class='nested-menu']//a[@id='recharge']] (tried for 20 second(s) with 500 milliseconds interval)
Build info: version: '3.10.0', revision: '176b4a9', time: '2018-03-02T19:03:16.397Z'
System info: host: 'MCKL-20005142', ip: '192.168.1.38', os.name: 'Windows 10', os.arch: 'amd64', os.version: '10.0', java.version: '1.8.0_291'
Driver info: org.openqa.selenium.chrome.ChromeDriver
Capabilities {acceptInsecureCerts: false, browserName: chrome, browserVersion: 102.0.5005.63, chrome: {chromedriverVersion: 102.0.5005.61 (0e59bcc00cc4..., userDataDir: C:\Users\SOURAB~1.AWA\AppDa...}, goog:chromeOptions: {debuggerAddress: localhost:51300}, javascriptEnabled: true, networkConnectionEnabled: false, pageLoadStrategy: normal, platform: WINDOWS, platformName: WINDOWS, proxy: Proxy(), setWindowRect: true, strictFileInteractability: false, timeouts: {implicit: 0, pageLoad: 300000, script: 30000}, unhandledPromptBehavior: dismiss and notify, webauthn:extension:credBlob: true, webauthn:extension:largeBlob: true, webauthn:virtualAuthenticators: true}
Session ID: 4cc23ccfc03147a10f4b61e16dcd55d1
	at org.openqa.selenium.support.ui.WebDriverWait.timeoutException(WebDriverWait.java:82)
	at org.openqa.selenium.support.ui.FluentWait.until(FluentWait.java:272)
	at angular.pageobjects.recharge.Recharges.clickRecharge(Recharges.java:477)
	at angular.feature.EVDRechargeRevamp.performEVDRecharge(EVDRechargeRevamp.java:114)
	at angular.testscripts.prereuisitesangular.PreRequisite_EVD_Revamp.A_01_Test_EVDRecharge(PreRequisite_EVD_Revamp.java:40)
	at sun.reflect.NativeMethodAccessorImpl.invoke0(Native Method)
	at sun.reflect.NativeMethodAccessorImpl.invoke(Unknown Source)
	at sun.reflect.DelegatingMethodAccessorImpl.invoke(Unknown Source)
	at java.lang.reflect.Method.invoke(Unknown Source)
	at org.testng.internal.MethodInvocationHelper.invokeMethod(MethodInvocationHelper.java:124)
	at org.testng.internal.Invoker.invokeMethod(Invoker.java:580)
	at org.testng.internal.Invoker.invokeTestMethod(Invoker.java:716)
	at org.testng.internal.Invoker.invokeTestMethods(Invoker.java:988)
	at org.testng.internal.TestMethodWorker.invokeTestMethods(TestMethodWorker.java:125)
	at org.testng.internal.TestMethodWorker.run(TestMethodWorker.java:109)
	at org.testng.TestRunner.privateRun(TestRunner.java:648)
	at org.testng.TestRunner.run(TestRunner.java:505)
	at org.testng.SuiteRunner.runTest(SuiteRunner.java:455)
	at org.testng.SuiteRunner.runSequentially(SuiteRunner.java:450)
	at org.testng.SuiteRunner.privateRun(SuiteRunner.java:415)
	at org.testng.SuiteRunner.run(SuiteRunner.java:364)
	at org.testng.SuiteRunnerWorker.runSuite(SuiteRunnerWorker.java:52)
	at org.testng.SuiteRunnerWorker.run(SuiteRunnerWorker.java:84)
	at org.testng.TestNG.runSuitesSequentially(TestNG.java:1208)
	at org.testng.TestNG.runSuitesLocally(TestNG.java:1137)
	at org.testng.TestNG.runSuites(TestNG.java:1049)
	at org.testng.TestNG.run(TestNG.java:1017)
	at org.testng.remote.AbstractRemoteTestNG.run(AbstractRemoteTestNG.java:115)
	at org.testng.remote.RemoteTestNG.initAndRun(RemoteTestNG.java:251)
	at org.testng.remote.RemoteTestNG.main(RemoteTestNG.java:77)
</textarea></td>
												</tr>
												<tr class='log' status='error'>
													<td class='status error' title='error' alt='error'><i class='material-icons'>error</i></td>
													<td class='timestamp'>8:33:54 PM</td>
													<td class='step-details'>Error while getting SSH Server Instance : com.jcraft.jsch.JSchException: java.net.ConnectException: Connection timed out: connect</td>
												</tr>
												<tr class='log' status='fail'>
													<td class='status fail' title='fail' alt='fail'><i class='material-icons'>cancel</i></td>
													<td class='timestamp'>8:33:54 PM</td>
													<td class='step-details'><a href='null'><b><h6><font color='red'>Catalina Log</font></h6></b></a></td>
												</tr>
										</tbody>
									</table>
										<ul class='screenshots'>
												<li><img data-featherlight='..//Output//Screenshots//Screenshot_1654095834561.jpg' width='10%' src='' data-src='..//Output//Screenshots//Screenshot_1654095834561.jpg'></li>
										</ul>
								</div>
						</div>
				</li>
				<li class='node level-1 leaf fail' status='fail' test-id='5'>
					<div class='collapsible-header'>
						<div class='node-name'>To verify Agent is able to perform EVD Recharge.</div>						
						<span class='node-time'>Jun 1, 2022 08:33:54 PM</span>
						<span class='node-duration'>0h 0m 45s+992ms</span>
						<span class='test-status right fail'>fail</span>
					</div>
						<div class='collapsible-body'>
									<div class='category-list right'>
											<span class='category label white-text'>Pre-Requisite</span>
									</div>
								<div class='node-steps'>
									<table class='bordered table-results'>
										<thead>
											<tr>
												<th>Status</th>
												<th>Timestamp</th>
												<th>Details</th>
											</tr>
										</thead>
										<tbody>
												<tr class='log' status='info'>
													<td class='status info' title='info' alt='info'><i class='material-icons'>info_outline</i></td>
													<td class='timestamp'>8:33:54 PM</td>
													<td class='step-details'>Category Code for Agent: AG</td>
												</tr>
												<tr class='log' status='info'>
													<td class='status info' title='info' alt='info'><i class='material-icons'>info_outline</i></td>
													<td class='timestamp'>8:33:54 PM</td>
													<td class='step-details'>Entered webInterface(Agent)</td>
												</tr>
												<tr class='log' status='info'>
													<td class='status info' title='info' alt='info'><i class='material-icons'>info_outline</i></td>
													<td class='timestamp'>8:33:54 PM</td>
													<td class='step-details'>webInterface() :: select query: Select WEB_INTERFACE_ALLOWED from categories where category_name= ?</td>
												</tr>
												<tr class='log' status='info'>
													<td class='status info' title='info' alt='info'><i class='material-icons'>info_outline</i></td>
													<td class='timestamp'>8:33:56 PM</td>
													<td class='step-details'>Database Returns: WEB_INTERFACE_ALLOWED (Y)</td>
												</tr>
												<tr class='log' status='info'>
													<td class='status info' title='info' alt='info'><i class='material-icons'>info_outline</i></td>
													<td class='timestamp'>8:33:56 PM</td>
													<td class='step-details'>Exited webInterface()</td>
												</tr>
												<tr class='log' status='info'>
													<td class='status info' title='info' alt='info'><i class='material-icons'>info_outline</i></td>
													<td class='timestamp'>8:33:56 PM</td>
													<td class='step-details'><span class='label white-text grey'>Entered performEVDRecharge(Dealer, Agent, 1357, EVD)</span></td>
												</tr>
												<tr class='log' status='info'>
													<td class='status info' title='info' alt='info'><i class='material-icons'>info_outline</i></td>
													<td class='timestamp'>8:33:56 PM</td>
													<td class='step-details'>LoginID found as: AUT_87570</td>
												</tr>
												<tr class='log' status='info'>
													<td class='status info' title='info' alt='info'><i class='material-icons'>info_outline</i></td>
													<td class='timestamp'>8:33:56 PM</td>
													<td class='step-details'>Password found as: com@2468</td>
												</tr>
												<tr class='log' status='info'>
													<td class='status info' title='info' alt='info'><i class='material-icons'>info_outline</i></td>
													<td class='timestamp'>8:33:56 PM</td>
													<td class='step-details'>Username found as: AUTFN5575 AUTLN8034</td>
												</tr>
												<tr class='log' status='info'>
													<td class='status info' title='info' alt='info'><i class='material-icons'>info_outline</i></td>
													<td class='timestamp'>8:33:56 PM</td>
													<td class='step-details'>Trying to select Language</td>
												</tr>
												<tr class='log' status='info'>
													<td class='status info' title='info' alt='info'><i class='material-icons'>info_outline</i></td>
													<td class='timestamp'>8:33:57 PM</td>
													<td class='step-details'>Language selected successfully as: English</td>
												</tr>
												<tr class='log' status='info'>
													<td class='status info' title='info' alt='info'><i class='material-icons'>info_outline</i></td>
													<td class='timestamp'>8:33:57 PM</td>
													<td class='step-details'>Trying to enter Login ID</td>
												</tr>
												<tr class='log' status='info'>
													<td class='status info' title='info' alt='info'><i class='material-icons'>info_outline</i></td>
													<td class='timestamp'>8:33:57 PM</td>
													<td class='step-details'>Login ID entered successfully as: AUT_87570</td>
												</tr>
												<tr class='log' status='info'>
													<td class='status info' title='info' alt='info'><i class='material-icons'>info_outline</i></td>
													<td class='timestamp'>8:33:57 PM</td>
													<td class='step-details'>Trying to enter Password</td>
												</tr>
												<tr class='log' status='info'>
													<td class='status info' title='info' alt='info'><i class='material-icons'>info_outline</i></td>
													<td class='timestamp'>8:33:57 PM</td>
													<td class='step-details'>Password entered successfully as: com@2468</td>
												</tr>
												<tr class='log' status='info'>
													<td class='status info' title='info' alt='info'><i class='material-icons'>info_outline</i></td>
													<td class='timestamp'>8:33:57 PM</td>
													<td class='step-details'>Trying to click Login Button</td>
												</tr>
												<tr class='log' status='info'>
													<td class='status info' title='info' alt='info'><i class='material-icons'>info_outline</i></td>
													<td class='timestamp'>8:33:57 PM</td>
													<td class='step-details'>Login button clicked successfully</td>
												</tr>
												<tr class='log' status='info'>
													<td class='status info' title='info' alt='info'><i class='material-icons'>info_outline</i></td>
													<td class='timestamp'>8:33:57 PM</td>
													<td class='step-details'>Error Message Found on Login Screen:</td>
												</tr>
												<tr class='log' status='info'>
													<td class='status info' title='info' alt='info'><i class='material-icons'>info_outline</i></td>
													<td class='timestamp'>8:33:59 PM</td>
													<td class='step-details'>User clicked Recharged Heading Link.</td>
												</tr>
												<tr class='log' status='fail'>
													<td class='status fail' title='fail' alt='fail'><i class='material-icons'>cancel</i></td>
													<td class='timestamp'>8:34:19 PM</td>
													<td class='step-details'><textarea>org.openqa.selenium.TimeoutException: Expected condition failed: waiting for visibility of [[ChromeDriver: chrome on WINDOWS (4cc23ccfc03147a10f4b61e16dcd55d1)] -> xpath: //nav[@class='sidebar']//div[@class='nested-menu']//a[@id='recharge']] (tried for 20 second(s) with 500 milliseconds interval)
Build info: version: '3.10.0', revision: '176b4a9', time: '2018-03-02T19:03:16.397Z'
System info: host: 'MCKL-20005142', ip: '192.168.1.38', os.name: 'Windows 10', os.arch: 'amd64', os.version: '10.0', java.version: '1.8.0_291'
Driver info: org.openqa.selenium.chrome.ChromeDriver
Capabilities {acceptInsecureCerts: false, browserName: chrome, browserVersion: 102.0.5005.63, chrome: {chromedriverVersion: 102.0.5005.61 (0e59bcc00cc4..., userDataDir: C:\Users\SOURAB~1.AWA\AppDa...}, goog:chromeOptions: {debuggerAddress: localhost:51300}, javascriptEnabled: true, networkConnectionEnabled: false, pageLoadStrategy: normal, platform: WINDOWS, platformName: WINDOWS, proxy: Proxy(), setWindowRect: true, strictFileInteractability: false, timeouts: {implicit: 0, pageLoad: 300000, script: 30000}, unhandledPromptBehavior: dismiss and notify, webauthn:extension:credBlob: true, webauthn:extension:largeBlob: true, webauthn:virtualAuthenticators: true}
Session ID: 4cc23ccfc03147a10f4b61e16dcd55d1
	at org.openqa.selenium.support.ui.WebDriverWait.timeoutException(WebDriverWait.java:82)
	at org.openqa.selenium.support.ui.FluentWait.until(FluentWait.java:272)
	at angular.pageobjects.recharge.Recharges.clickRecharge(Recharges.java:477)
	at angular.feature.EVDRechargeRevamp.performEVDRecharge(EVDRechargeRevamp.java:114)
	at angular.testscripts.prereuisitesangular.PreRequisite_EVD_Revamp.A_01_Test_EVDRecharge(PreRequisite_EVD_Revamp.java:40)
	at sun.reflect.NativeMethodAccessorImpl.invoke0(Native Method)
	at sun.reflect.NativeMethodAccessorImpl.invoke(Unknown Source)
	at sun.reflect.DelegatingMethodAccessorImpl.invoke(Unknown Source)
	at java.lang.reflect.Method.invoke(Unknown Source)
	at org.testng.internal.MethodInvocationHelper.invokeMethod(MethodInvocationHelper.java:124)
	at org.testng.internal.Invoker.invokeMethod(Invoker.java:580)
	at org.testng.internal.Invoker.invokeTestMethod(Invoker.java:716)
	at org.testng.internal.Invoker.invokeTestMethods(Invoker.java:988)
	at org.testng.internal.TestMethodWorker.invokeTestMethods(TestMethodWorker.java:125)
	at org.testng.internal.TestMethodWorker.run(TestMethodWorker.java:109)
	at org.testng.TestRunner.privateRun(TestRunner.java:648)
	at org.testng.TestRunner.run(TestRunner.java:505)
	at org.testng.SuiteRunner.runTest(SuiteRunner.java:455)
	at org.testng.SuiteRunner.runSequentially(SuiteRunner.java:450)
	at org.testng.SuiteRunner.privateRun(SuiteRunner.java:415)
	at org.testng.SuiteRunner.run(SuiteRunner.java:364)
	at org.testng.SuiteRunnerWorker.runSuite(SuiteRunnerWorker.java:52)
	at org.testng.SuiteRunnerWorker.run(SuiteRunnerWorker.java:84)
	at org.testng.TestNG.runSuitesSequentially(TestNG.java:1208)
	at org.testng.TestNG.runSuitesLocally(TestNG.java:1137)
	at org.testng.TestNG.runSuites(TestNG.java:1049)
	at org.testng.TestNG.run(TestNG.java:1017)
	at org.testng.remote.AbstractRemoteTestNG.run(AbstractRemoteTestNG.java:115)
	at org.testng.remote.RemoteTestNG.initAndRun(RemoteTestNG.java:251)
	at org.testng.remote.RemoteTestNG.main(RemoteTestNG.java:77)
</textarea></td>
												</tr>
												<tr class='log' status='error'>
													<td class='status error' title='error' alt='error'><i class='material-icons'>error</i></td>
													<td class='timestamp'>8:34:40 PM</td>
													<td class='step-details'>Error while getting SSH Server Instance : com.jcraft.jsch.JSchException: java.net.ConnectException: Connection timed out: connect</td>
												</tr>
												<tr class='log' status='fail'>
													<td class='status fail' title='fail' alt='fail'><i class='material-icons'>cancel</i></td>
													<td class='timestamp'>8:34:40 PM</td>
													<td class='step-details'><a href='null'><b><h6><font color='red'>Catalina Log</font></h6></b></a></td>
												</tr>
										</tbody>
									</table>
										<ul class='screenshots'>
												<li><img data-featherlight='..//Output//Screenshots//Screenshot_1654095880837.jpg' width='10%' src='' data-src='..//Output//Screenshots//Screenshot_1654095880837.jpg'></li>
										</ul>
								</div>
						</div>
				</li>
				<li class='node level-1 leaf fail' status='fail' test-id='6'>
					<div class='collapsible-header'>
						<div class='node-name'>To verify Retailer is able to perform EVD Recharge.</div>						
						<span class='node-time'>Jun 1, 2022 08:34:40 PM</span>
						<span class='node-duration'>0h 0m 44s+871ms</span>
						<span class='test-status right fail'>fail</span>
					</div>
						<div class='collapsible-body'>
									<div class='category-list right'>
											<span class='category label white-text'>Pre-Requisite</span>
									</div>
								<div class='node-steps'>
									<table class='bordered table-results'>
										<thead>
											<tr>
												<th>Status</th>
												<th>Timestamp</th>
												<th>Details</th>
											</tr>
										</thead>
										<tbody>
												<tr class='log' status='info'>
													<td class='status info' title='info' alt='info'><i class='material-icons'>info_outline</i></td>
													<td class='timestamp'>8:34:41 PM</td>
													<td class='step-details'>Category Code for Retailer: RET</td>
												</tr>
												<tr class='log' status='info'>
													<td class='status info' title='info' alt='info'><i class='material-icons'>info_outline</i></td>
													<td class='timestamp'>8:34:41 PM</td>
													<td class='step-details'>Entered webInterface(Retailer)</td>
												</tr>
												<tr class='log' status='info'>
													<td class='status info' title='info' alt='info'><i class='material-icons'>info_outline</i></td>
													<td class='timestamp'>8:34:41 PM</td>
													<td class='step-details'>webInterface() :: select query: Select WEB_INTERFACE_ALLOWED from categories where category_name= ?</td>
												</tr>
												<tr class='log' status='info'>
													<td class='status info' title='info' alt='info'><i class='material-icons'>info_outline</i></td>
													<td class='timestamp'>8:34:41 PM</td>
													<td class='step-details'>Database Returns: WEB_INTERFACE_ALLOWED (Y)</td>
												</tr>
												<tr class='log' status='info'>
													<td class='status info' title='info' alt='info'><i class='material-icons'>info_outline</i></td>
													<td class='timestamp'>8:34:41 PM</td>
													<td class='step-details'>Exited webInterface()</td>
												</tr>
												<tr class='log' status='info'>
													<td class='status info' title='info' alt='info'><i class='material-icons'>info_outline</i></td>
													<td class='timestamp'>8:34:41 PM</td>
													<td class='step-details'><span class='label white-text grey'>Entered performEVDRecharge(Agent, Retailer, 1357, EVD)</span></td>
												</tr>
												<tr class='log' status='info'>
													<td class='status info' title='info' alt='info'><i class='material-icons'>info_outline</i></td>
													<td class='timestamp'>8:34:41 PM</td>
													<td class='step-details'>LoginID found as: AUT_41726</td>
												</tr>
												<tr class='log' status='info'>
													<td class='status info' title='info' alt='info'><i class='material-icons'>info_outline</i></td>
													<td class='timestamp'>8:34:41 PM</td>
													<td class='step-details'>Password found as: com@2468</td>
												</tr>
												<tr class='log' status='info'>
													<td class='status info' title='info' alt='info'><i class='material-icons'>info_outline</i></td>
													<td class='timestamp'>8:34:41 PM</td>
													<td class='step-details'>Username found as: AUTFN4270 AUTLN3932</td>
												</tr>
												<tr class='log' status='info'>
													<td class='status info' title='info' alt='info'><i class='material-icons'>info_outline</i></td>
													<td class='timestamp'>8:34:42 PM</td>
													<td class='step-details'>Trying to select Language</td>
												</tr>
												<tr class='log' status='info'>
													<td class='status info' title='info' alt='info'><i class='material-icons'>info_outline</i></td>
													<td class='timestamp'>8:34:42 PM</td>
													<td class='step-details'>Language selected successfully as: English</td>
												</tr>
												<tr class='log' status='info'>
													<td class='status info' title='info' alt='info'><i class='material-icons'>info_outline</i></td>
													<td class='timestamp'>8:34:42 PM</td>
													<td class='step-details'>Trying to enter Login ID</td>
												</tr>
												<tr class='log' status='info'>
													<td class='status info' title='info' alt='info'><i class='material-icons'>info_outline</i></td>
													<td class='timestamp'>8:34:42 PM</td>
													<td class='step-details'>Login ID entered successfully as: AUT_41726</td>
												</tr>
												<tr class='log' status='info'>
													<td class='status info' title='info' alt='info'><i class='material-icons'>info_outline</i></td>
													<td class='timestamp'>8:34:42 PM</td>
													<td class='step-details'>Trying to enter Password</td>
												</tr>
												<tr class='log' status='info'>
													<td class='status info' title='info' alt='info'><i class='material-icons'>info_outline</i></td>
													<td class='timestamp'>8:34:42 PM</td>
													<td class='step-details'>Password entered successfully as: com@2468</td>
												</tr>
												<tr class='log' status='info'>
													<td class='status info' title='info' alt='info'><i class='material-icons'>info_outline</i></td>
													<td class='timestamp'>8:34:42 PM</td>
													<td class='step-details'>Trying to click Login Button</td>
												</tr>
												<tr class='log' status='info'>
													<td class='status info' title='info' alt='info'><i class='material-icons'>info_outline</i></td>
													<td class='timestamp'>8:34:42 PM</td>
													<td class='step-details'>Login button clicked successfully</td>
												</tr>
												<tr class='log' status='info'>
													<td class='status info' title='info' alt='info'><i class='material-icons'>info_outline</i></td>
													<td class='timestamp'>8:34:42 PM</td>
													<td class='step-details'>Error Message Found on Login Screen:</td>
												</tr>
												<tr class='log' status='info'>
													<td class='status info' title='info' alt='info'><i class='material-icons'>info_outline</i></td>
													<td class='timestamp'>8:34:44 PM</td>
													<td class='step-details'>User clicked Recharged Heading Link.</td>
												</tr>
												<tr class='log' status='fail'>
													<td class='status fail' title='fail' alt='fail'><i class='material-icons'>cancel</i></td>
													<td class='timestamp'>8:35:04 PM</td>
													<td class='step-details'><textarea>org.openqa.selenium.TimeoutException: Expected condition failed: waiting for visibility of [[ChromeDriver: chrome on WINDOWS (4cc23ccfc03147a10f4b61e16dcd55d1)] -> xpath: //nav[@class='sidebar']//div[@class='nested-menu']//a[@id='recharge']] (tried for 20 second(s) with 500 milliseconds interval)
Build info: version: '3.10.0', revision: '176b4a9', time: '2018-03-02T19:03:16.397Z'
System info: host: 'MCKL-20005142', ip: '192.168.1.38', os.name: 'Windows 10', os.arch: 'amd64', os.version: '10.0', java.version: '1.8.0_291'
Driver info: org.openqa.selenium.chrome.ChromeDriver
Capabilities {acceptInsecureCerts: false, browserName: chrome, browserVersion: 102.0.5005.63, chrome: {chromedriverVersion: 102.0.5005.61 (0e59bcc00cc4..., userDataDir: C:\Users\SOURAB~1.AWA\AppDa...}, goog:chromeOptions: {debuggerAddress: localhost:51300}, javascriptEnabled: true, networkConnectionEnabled: false, pageLoadStrategy: normal, platform: WINDOWS, platformName: WINDOWS, proxy: Proxy(), setWindowRect: true, strictFileInteractability: false, timeouts: {implicit: 0, pageLoad: 300000, script: 30000}, unhandledPromptBehavior: dismiss and notify, webauthn:extension:credBlob: true, webauthn:extension:largeBlob: true, webauthn:virtualAuthenticators: true}
Session ID: 4cc23ccfc03147a10f4b61e16dcd55d1
	at org.openqa.selenium.support.ui.WebDriverWait.timeoutException(WebDriverWait.java:82)
	at org.openqa.selenium.support.ui.FluentWait.until(FluentWait.java:272)
	at angular.pageobjects.recharge.Recharges.clickRecharge(Recharges.java:477)
	at angular.feature.EVDRechargeRevamp.performEVDRecharge(EVDRechargeRevamp.java:114)
	at angular.testscripts.prereuisitesangular.PreRequisite_EVD_Revamp.A_01_Test_EVDRecharge(PreRequisite_EVD_Revamp.java:40)
	at sun.reflect.NativeMethodAccessorImpl.invoke0(Native Method)
	at sun.reflect.NativeMethodAccessorImpl.invoke(Unknown Source)
	at sun.reflect.DelegatingMethodAccessorImpl.invoke(Unknown Source)
	at java.lang.reflect.Method.invoke(Unknown Source)
	at org.testng.internal.MethodInvocationHelper.invokeMethod(MethodInvocationHelper.java:124)
	at org.testng.internal.Invoker.invokeMethod(Invoker.java:580)
	at org.testng.internal.Invoker.invokeTestMethod(Invoker.java:716)
	at org.testng.internal.Invoker.invokeTestMethods(Invoker.java:988)
	at org.testng.internal.TestMethodWorker.invokeTestMethods(TestMethodWorker.java:125)
	at org.testng.internal.TestMethodWorker.run(TestMethodWorker.java:109)
	at org.testng.TestRunner.privateRun(TestRunner.java:648)
	at org.testng.TestRunner.run(TestRunner.java:505)
	at org.testng.SuiteRunner.runTest(SuiteRunner.java:455)
	at org.testng.SuiteRunner.runSequentially(SuiteRunner.java:450)
	at org.testng.SuiteRunner.privateRun(SuiteRunner.java:415)
	at org.testng.SuiteRunner.run(SuiteRunner.java:364)
	at org.testng.SuiteRunnerWorker.runSuite(SuiteRunnerWorker.java:52)
	at org.testng.SuiteRunnerWorker.run(SuiteRunnerWorker.java:84)
	at org.testng.TestNG.runSuitesSequentially(TestNG.java:1208)
	at org.testng.TestNG.runSuitesLocally(TestNG.java:1137)
	at org.testng.TestNG.runSuites(TestNG.java:1049)
	at org.testng.TestNG.run(TestNG.java:1017)
	at org.testng.remote.AbstractRemoteTestNG.run(AbstractRemoteTestNG.java:115)
	at org.testng.remote.RemoteTestNG.initAndRun(RemoteTestNG.java:251)
	at org.testng.remote.RemoteTestNG.main(RemoteTestNG.java:77)
</textarea></td>
												</tr>
												<tr class='log' status='error'>
													<td class='status error' title='error' alt='error'><i class='material-icons'>error</i></td>
													<td class='timestamp'>8:35:25 PM</td>
													<td class='step-details'>Error while getting SSH Server Instance : com.jcraft.jsch.JSchException: java.net.ConnectException: Connection timed out: connect</td>
												</tr>
												<tr class='log' status='fail'>
													<td class='status fail' title='fail' alt='fail'><i class='material-icons'>cancel</i></td>
													<td class='timestamp'>8:35:25 PM</td>
													<td class='step-details'><a href='null'><b><h6><font color='red'>Catalina Log</font></h6></b></a></td>
												</tr>
										</tbody>
									</table>
										<ul class='screenshots'>
												<li><img data-featherlight='..//Output//Screenshots//Screenshot_1654095926083.jpg' width='10%' src='' data-src='..//Output//Screenshots//Screenshot_1654095926083.jpg'></li>
										</ul>
								</div>
						</div>
				</li>
				<li class='node level-1 leaf fail' status='fail' test-id='7'>
					<div class='collapsible-header'>
						<div class='node-name'>To verify that Super Distributor is not able to perform EVD Recharge through WEB if subscriber Denomination is blank.</div>						
						<span class='node-time'>Jun 1, 2022 08:35:28 PM</span>
						<span class='node-duration'>0h 0m 45s+182ms</span>
						<span class='test-status right fail'>fail</span>
					</div>
						<div class='collapsible-body'>
									<div class='category-list right'>
											<span class='category label white-text'>Pre-Requisite</span>
									</div>
								<div class='node-steps'>
									<table class='bordered table-results'>
										<thead>
											<tr>
												<th>Status</th>
												<th>Timestamp</th>
												<th>Details</th>
											</tr>
										</thead>
										<tbody>
												<tr class='log' status='info'>
													<td class='status info' title='info' alt='info'><i class='material-icons'>info_outline</i></td>
													<td class='timestamp'>8:35:28 PM</td>
													<td class='step-details'>Category Code for Super Distributor: DIST</td>
												</tr>
												<tr class='log' status='info'>
													<td class='status info' title='info' alt='info'><i class='material-icons'>info_outline</i></td>
													<td class='timestamp'>8:35:28 PM</td>
													<td class='step-details'>Entered webInterface(Super Distributor)</td>
												</tr>
												<tr class='log' status='info'>
													<td class='status info' title='info' alt='info'><i class='material-icons'>info_outline</i></td>
													<td class='timestamp'>8:35:28 PM</td>
													<td class='step-details'>webInterface() :: select query: Select WEB_INTERFACE_ALLOWED from categories where category_name= ?</td>
												</tr>
												<tr class='log' status='info'>
													<td class='status info' title='info' alt='info'><i class='material-icons'>info_outline</i></td>
													<td class='timestamp'>8:35:28 PM</td>
													<td class='step-details'>Database Returns: WEB_INTERFACE_ALLOWED (Y)</td>
												</tr>
												<tr class='log' status='info'>
													<td class='status info' title='info' alt='info'><i class='material-icons'>info_outline</i></td>
													<td class='timestamp'>8:35:28 PM</td>
													<td class='step-details'>Exited webInterface()</td>
												</tr>
												<tr class='log' status='info'>
													<td class='status info' title='info' alt='info'><i class='material-icons'>info_outline</i></td>
													<td class='timestamp'>8:35:28 PM</td>
													<td class='step-details'><span class='label white-text grey'>Entered performEVDRechargeBlankDenomination(Root, Super Distributor, 1357, EVD)</span></td>
												</tr>
												<tr class='log' status='info'>
													<td class='status info' title='info' alt='info'><i class='material-icons'>info_outline</i></td>
													<td class='timestamp'>8:35:28 PM</td>
													<td class='step-details'>LoginID found as: AUT_48675</td>
												</tr>
												<tr class='log' status='info'>
													<td class='status info' title='info' alt='info'><i class='material-icons'>info_outline</i></td>
													<td class='timestamp'>8:35:28 PM</td>
													<td class='step-details'>Password found as: com@2468</td>
												</tr>
												<tr class='log' status='info'>
													<td class='status info' title='info' alt='info'><i class='material-icons'>info_outline</i></td>
													<td class='timestamp'>8:35:28 PM</td>
													<td class='step-details'>Username found as: AUTFN1393 AUTLN2379</td>
												</tr>
												<tr class='log' status='info'>
													<td class='status info' title='info' alt='info'><i class='material-icons'>info_outline</i></td>
													<td class='timestamp'>8:35:28 PM</td>
													<td class='step-details'>Trying to select Language</td>
												</tr>
												<tr class='log' status='info'>
													<td class='status info' title='info' alt='info'><i class='material-icons'>info_outline</i></td>
													<td class='timestamp'>8:35:29 PM</td>
													<td class='step-details'>Language selected successfully as: English</td>
												</tr>
												<tr class='log' status='info'>
													<td class='status info' title='info' alt='info'><i class='material-icons'>info_outline</i></td>
													<td class='timestamp'>8:35:29 PM</td>
													<td class='step-details'>Trying to enter Login ID</td>
												</tr>
												<tr class='log' status='info'>
													<td class='status info' title='info' alt='info'><i class='material-icons'>info_outline</i></td>
													<td class='timestamp'>8:35:29 PM</td>
													<td class='step-details'>Login ID entered successfully as: AUT_48675</td>
												</tr>
												<tr class='log' status='info'>
													<td class='status info' title='info' alt='info'><i class='material-icons'>info_outline</i></td>
													<td class='timestamp'>8:35:29 PM</td>
													<td class='step-details'>Trying to enter Password</td>
												</tr>
												<tr class='log' status='info'>
													<td class='status info' title='info' alt='info'><i class='material-icons'>info_outline</i></td>
													<td class='timestamp'>8:35:29 PM</td>
													<td class='step-details'>Password entered successfully as: com@2468</td>
												</tr>
												<tr class='log' status='info'>
													<td class='status info' title='info' alt='info'><i class='material-icons'>info_outline</i></td>
													<td class='timestamp'>8:35:29 PM</td>
													<td class='step-details'>Trying to click Login Button</td>
												</tr>
												<tr class='log' status='info'>
													<td class='status info' title='info' alt='info'><i class='material-icons'>info_outline</i></td>
													<td class='timestamp'>8:35:29 PM</td>
													<td class='step-details'>Login button clicked successfully</td>
												</tr>
												<tr class='log' status='info'>
													<td class='status info' title='info' alt='info'><i class='material-icons'>info_outline</i></td>
													<td class='timestamp'>8:35:29 PM</td>
													<td class='step-details'>Error Message Found on Login Screen:</td>
												</tr>
												<tr class='log' status='info'>
													<td class='status info' title='info' alt='info'><i class='material-icons'>info_outline</i></td>
													<td class='timestamp'>8:35:31 PM</td>
													<td class='step-details'>User clicked Recharged Heading Link.</td>
												</tr>
												<tr class='log' status='fail'>
													<td class='status fail' title='fail' alt='fail'><i class='material-icons'>cancel</i></td>
													<td class='timestamp'>8:35:52 PM</td>
													<td class='step-details'><textarea>org.openqa.selenium.TimeoutException: Expected condition failed: waiting for visibility of [[ChromeDriver: chrome on WINDOWS (4cc23ccfc03147a10f4b61e16dcd55d1)] -> xpath: //nav[@class='sidebar']//div[@class='nested-menu']//a[@id='recharge']] (tried for 20 second(s) with 500 milliseconds interval)
Build info: version: '3.10.0', revision: '176b4a9', time: '2018-03-02T19:03:16.397Z'
System info: host: 'MCKL-20005142', ip: '192.168.1.38', os.name: 'Windows 10', os.arch: 'amd64', os.version: '10.0', java.version: '1.8.0_291'
Driver info: org.openqa.selenium.chrome.ChromeDriver
Capabilities {acceptInsecureCerts: false, browserName: chrome, browserVersion: 102.0.5005.63, chrome: {chromedriverVersion: 102.0.5005.61 (0e59bcc00cc4..., userDataDir: C:\Users\SOURAB~1.AWA\AppDa...}, goog:chromeOptions: {debuggerAddress: localhost:51300}, javascriptEnabled: true, networkConnectionEnabled: false, pageLoadStrategy: normal, platform: WINDOWS, platformName: WINDOWS, proxy: Proxy(), setWindowRect: true, strictFileInteractability: false, timeouts: {implicit: 0, pageLoad: 300000, script: 30000}, unhandledPromptBehavior: dismiss and notify, webauthn:extension:credBlob: true, webauthn:extension:largeBlob: true, webauthn:virtualAuthenticators: true}
Session ID: 4cc23ccfc03147a10f4b61e16dcd55d1
	at org.openqa.selenium.support.ui.WebDriverWait.timeoutException(WebDriverWait.java:82)
	at org.openqa.selenium.support.ui.FluentWait.until(FluentWait.java:272)
	at angular.pageobjects.recharge.Recharges.clickRecharge(Recharges.java:477)
	at angular.feature.EVDRechargeRevamp.performEVDRechargeBlankDenomination(EVDRechargeRevamp.java:186)
	at angular.testscripts.prereuisitesangular.PreRequisite_EVD_Revamp.A_02_performEVDRechargeBlankDenomination(PreRequisite_EVD_Revamp.java:74)
	at sun.reflect.NativeMethodAccessorImpl.invoke0(Native Method)
	at sun.reflect.NativeMethodAccessorImpl.invoke(Unknown Source)
	at sun.reflect.DelegatingMethodAccessorImpl.invoke(Unknown Source)
	at java.lang.reflect.Method.invoke(Unknown Source)
	at org.testng.internal.MethodInvocationHelper.invokeMethod(MethodInvocationHelper.java:124)
	at org.testng.internal.Invoker.invokeMethod(Invoker.java:580)
	at org.testng.internal.Invoker.invokeTestMethod(Invoker.java:716)
	at org.testng.internal.Invoker.invokeTestMethods(Invoker.java:988)
	at org.testng.internal.TestMethodWorker.invokeTestMethods(TestMethodWorker.java:125)
	at org.testng.internal.TestMethodWorker.run(TestMethodWorker.java:109)
	at org.testng.TestRunner.privateRun(TestRunner.java:648)
	at org.testng.TestRunner.run(TestRunner.java:505)
	at org.testng.SuiteRunner.runTest(SuiteRunner.java:455)
	at org.testng.SuiteRunner.runSequentially(SuiteRunner.java:450)
	at org.testng.SuiteRunner.privateRun(SuiteRunner.java:415)
	at org.testng.SuiteRunner.run(SuiteRunner.java:364)
	at org.testng.SuiteRunnerWorker.runSuite(SuiteRunnerWorker.java:52)
	at org.testng.SuiteRunnerWorker.run(SuiteRunnerWorker.java:84)
	at org.testng.TestNG.runSuitesSequentially(TestNG.java:1208)
	at org.testng.TestNG.runSuitesLocally(TestNG.java:1137)
	at org.testng.TestNG.runSuites(TestNG.java:1049)
	at org.testng.TestNG.run(TestNG.java:1017)
	at org.testng.remote.AbstractRemoteTestNG.run(AbstractRemoteTestNG.java:115)
	at org.testng.remote.RemoteTestNG.initAndRun(RemoteTestNG.java:251)
	at org.testng.remote.RemoteTestNG.main(RemoteTestNG.java:77)
</textarea></td>
												</tr>
												<tr class='log' status='error'>
													<td class='status error' title='error' alt='error'><i class='material-icons'>error</i></td>
													<td class='timestamp'>8:36:13 PM</td>
													<td class='step-details'>Error while getting SSH Server Instance : com.jcraft.jsch.JSchException: java.net.ConnectException: Connection timed out: connect</td>
												</tr>
												<tr class='log' status='fail'>
													<td class='status fail' title='fail' alt='fail'><i class='material-icons'>cancel</i></td>
													<td class='timestamp'>8:36:13 PM</td>
													<td class='step-details'><a href='null'><b><h6><font color='red'>Catalina Log</font></h6></b></a></td>
												</tr>
										</tbody>
									</table>
										<ul class='screenshots'>
												<li><img data-featherlight='..//Output//Screenshots//Screenshot_1654095973583.jpg' width='10%' src='' data-src='..//Output//Screenshots//Screenshot_1654095973583.jpg'></li>
										</ul>
								</div>
						</div>
				</li>
				<li class='node level-1 leaf fail' status='fail' test-id='8'>
					<div class='collapsible-header'>
						<div class='node-name'>To verify that Dealer is not able to perform EVD Recharge through WEB if subscriber Denomination is blank.</div>						
						<span class='node-time'>Jun 1, 2022 08:36:13 PM</span>
						<span class='node-duration'>0h 0m 44s+953ms</span>
						<span class='test-status right fail'>fail</span>
					</div>
						<div class='collapsible-body'>
									<div class='category-list right'>
											<span class='category label white-text'>Pre-Requisite</span>
									</div>
								<div class='node-steps'>
									<table class='bordered table-results'>
										<thead>
											<tr>
												<th>Status</th>
												<th>Timestamp</th>
												<th>Details</th>
											</tr>
										</thead>
										<tbody>
												<tr class='log' status='info'>
													<td class='status info' title='info' alt='info'><i class='material-icons'>info_outline</i></td>
													<td class='timestamp'>8:36:13 PM</td>
													<td class='step-details'>Category Code for Dealer: SE</td>
												</tr>
												<tr class='log' status='info'>
													<td class='status info' title='info' alt='info'><i class='material-icons'>info_outline</i></td>
													<td class='timestamp'>8:36:14 PM</td>
													<td class='step-details'>Entered webInterface(Dealer)</td>
												</tr>
												<tr class='log' status='info'>
													<td class='status info' title='info' alt='info'><i class='material-icons'>info_outline</i></td>
													<td class='timestamp'>8:36:14 PM</td>
													<td class='step-details'>webInterface() :: select query: Select WEB_INTERFACE_ALLOWED from categories where category_name= ?</td>
												</tr>
												<tr class='log' status='info'>
													<td class='status info' title='info' alt='info'><i class='material-icons'>info_outline</i></td>
													<td class='timestamp'>8:36:14 PM</td>
													<td class='step-details'>Database Returns: WEB_INTERFACE_ALLOWED (Y)</td>
												</tr>
												<tr class='log' status='info'>
													<td class='status info' title='info' alt='info'><i class='material-icons'>info_outline</i></td>
													<td class='timestamp'>8:36:14 PM</td>
													<td class='step-details'>Exited webInterface()</td>
												</tr>
												<tr class='log' status='info'>
													<td class='status info' title='info' alt='info'><i class='material-icons'>info_outline</i></td>
													<td class='timestamp'>8:36:14 PM</td>
													<td class='step-details'><span class='label white-text grey'>Entered performEVDRechargeBlankDenomination(Super Distributor, Dealer, 2468, EVD)</span></td>
												</tr>
												<tr class='log' status='info'>
													<td class='status info' title='info' alt='info'><i class='material-icons'>info_outline</i></td>
													<td class='timestamp'>8:36:14 PM</td>
													<td class='step-details'>LoginID found as: AUT_19995</td>
												</tr>
												<tr class='log' status='info'>
													<td class='status info' title='info' alt='info'><i class='material-icons'>info_outline</i></td>
													<td class='timestamp'>8:36:14 PM</td>
													<td class='step-details'>Password found as: com@2468</td>
												</tr>
												<tr class='log' status='info'>
													<td class='status info' title='info' alt='info'><i class='material-icons'>info_outline</i></td>
													<td class='timestamp'>8:36:14 PM</td>
													<td class='step-details'>Username found as: AUTFN6751 AUTLN4189</td>
												</tr>
												<tr class='log' status='info'>
													<td class='status info' title='info' alt='info'><i class='material-icons'>info_outline</i></td>
													<td class='timestamp'>8:36:14 PM</td>
													<td class='step-details'>Trying to select Language</td>
												</tr>
												<tr class='log' status='info'>
													<td class='status info' title='info' alt='info'><i class='material-icons'>info_outline</i></td>
													<td class='timestamp'>8:36:15 PM</td>
													<td class='step-details'>Language selected successfully as: English</td>
												</tr>
												<tr class='log' status='info'>
													<td class='status info' title='info' alt='info'><i class='material-icons'>info_outline</i></td>
													<td class='timestamp'>8:36:15 PM</td>
													<td class='step-details'>Trying to enter Login ID</td>
												</tr>
												<tr class='log' status='info'>
													<td class='status info' title='info' alt='info'><i class='material-icons'>info_outline</i></td>
													<td class='timestamp'>8:36:15 PM</td>
													<td class='step-details'>Login ID entered successfully as: AUT_19995</td>
												</tr>
												<tr class='log' status='info'>
													<td class='status info' title='info' alt='info'><i class='material-icons'>info_outline</i></td>
													<td class='timestamp'>8:36:15 PM</td>
													<td class='step-details'>Trying to enter Password</td>
												</tr>
												<tr class='log' status='info'>
													<td class='status info' title='info' alt='info'><i class='material-icons'>info_outline</i></td>
													<td class='timestamp'>8:36:15 PM</td>
													<td class='step-details'>Password entered successfully as: com@2468</td>
												</tr>
												<tr class='log' status='info'>
													<td class='status info' title='info' alt='info'><i class='material-icons'>info_outline</i></td>
													<td class='timestamp'>8:36:15 PM</td>
													<td class='step-details'>Trying to click Login Button</td>
												</tr>
												<tr class='log' status='info'>
													<td class='status info' title='info' alt='info'><i class='material-icons'>info_outline</i></td>
													<td class='timestamp'>8:36:15 PM</td>
													<td class='step-details'>Login button clicked successfully</td>
												</tr>
												<tr class='log' status='info'>
													<td class='status info' title='info' alt='info'><i class='material-icons'>info_outline</i></td>
													<td class='timestamp'>8:36:16 PM</td>
													<td class='step-details'>Error Message Found on Login Screen:</td>
												</tr>
												<tr class='log' status='info'>
													<td class='status info' title='info' alt='info'><i class='material-icons'>info_outline</i></td>
													<td class='timestamp'>8:36:17 PM</td>
													<td class='step-details'>User clicked Recharged Heading Link.</td>
												</tr>
												<tr class='log' status='fail'>
													<td class='status fail' title='fail' alt='fail'><i class='material-icons'>cancel</i></td>
													<td class='timestamp'>8:36:37 PM</td>
													<td class='step-details'><textarea>org.openqa.selenium.TimeoutException: Expected condition failed: waiting for visibility of [[ChromeDriver: chrome on WINDOWS (4cc23ccfc03147a10f4b61e16dcd55d1)] -> xpath: //nav[@class='sidebar']//div[@class='nested-menu']//a[@id='recharge']] (tried for 20 second(s) with 500 milliseconds interval)
Build info: version: '3.10.0', revision: '176b4a9', time: '2018-03-02T19:03:16.397Z'
System info: host: 'MCKL-20005142', ip: '192.168.1.38', os.name: 'Windows 10', os.arch: 'amd64', os.version: '10.0', java.version: '1.8.0_291'
Driver info: org.openqa.selenium.chrome.ChromeDriver
Capabilities {acceptInsecureCerts: false, browserName: chrome, browserVersion: 102.0.5005.63, chrome: {chromedriverVersion: 102.0.5005.61 (0e59bcc00cc4..., userDataDir: C:\Users\SOURAB~1.AWA\AppDa...}, goog:chromeOptions: {debuggerAddress: localhost:51300}, javascriptEnabled: true, networkConnectionEnabled: false, pageLoadStrategy: normal, platform: WINDOWS, platformName: WINDOWS, proxy: Proxy(), setWindowRect: true, strictFileInteractability: false, timeouts: {implicit: 0, pageLoad: 300000, script: 30000}, unhandledPromptBehavior: dismiss and notify, webauthn:extension:credBlob: true, webauthn:extension:largeBlob: true, webauthn:virtualAuthenticators: true}
Session ID: 4cc23ccfc03147a10f4b61e16dcd55d1
	at org.openqa.selenium.support.ui.WebDriverWait.timeoutException(WebDriverWait.java:82)
	at org.openqa.selenium.support.ui.FluentWait.until(FluentWait.java:272)
	at angular.pageobjects.recharge.Recharges.clickRecharge(Recharges.java:477)
	at angular.feature.EVDRechargeRevamp.performEVDRechargeBlankDenomination(EVDRechargeRevamp.java:186)
	at angular.testscripts.prereuisitesangular.PreRequisite_EVD_Revamp.A_02_performEVDRechargeBlankDenomination(PreRequisite_EVD_Revamp.java:74)
	at sun.reflect.NativeMethodAccessorImpl.invoke0(Native Method)
	at sun.reflect.NativeMethodAccessorImpl.invoke(Unknown Source)
	at sun.reflect.DelegatingMethodAccessorImpl.invoke(Unknown Source)
	at java.lang.reflect.Method.invoke(Unknown Source)
	at org.testng.internal.MethodInvocationHelper.invokeMethod(MethodInvocationHelper.java:124)
	at org.testng.internal.Invoker.invokeMethod(Invoker.java:580)
	at org.testng.internal.Invoker.invokeTestMethod(Invoker.java:716)
	at org.testng.internal.Invoker.invokeTestMethods(Invoker.java:988)
	at org.testng.internal.TestMethodWorker.invokeTestMethods(TestMethodWorker.java:125)
	at org.testng.internal.TestMethodWorker.run(TestMethodWorker.java:109)
	at org.testng.TestRunner.privateRun(TestRunner.java:648)
	at org.testng.TestRunner.run(TestRunner.java:505)
	at org.testng.SuiteRunner.runTest(SuiteRunner.java:455)
	at org.testng.SuiteRunner.runSequentially(SuiteRunner.java:450)
	at org.testng.SuiteRunner.privateRun(SuiteRunner.java:415)
	at org.testng.SuiteRunner.run(SuiteRunner.java:364)
	at org.testng.SuiteRunnerWorker.runSuite(SuiteRunnerWorker.java:52)
	at org.testng.SuiteRunnerWorker.run(SuiteRunnerWorker.java:84)
	at org.testng.TestNG.runSuitesSequentially(TestNG.java:1208)
	at org.testng.TestNG.runSuitesLocally(TestNG.java:1137)
	at org.testng.TestNG.runSuites(TestNG.java:1049)
	at org.testng.TestNG.run(TestNG.java:1017)
	at org.testng.remote.AbstractRemoteTestNG.run(AbstractRemoteTestNG.java:115)
	at org.testng.remote.RemoteTestNG.initAndRun(RemoteTestNG.java:251)
	at org.testng.remote.RemoteTestNG.main(RemoteTestNG.java:77)
</textarea></td>
												</tr>
												<tr class='log' status='error'>
													<td class='status error' title='error' alt='error'><i class='material-icons'>error</i></td>
													<td class='timestamp'>8:36:58 PM</td>
													<td class='step-details'>Error while getting SSH Server Instance : com.jcraft.jsch.JSchException: java.net.ConnectException: Connection timed out: connect</td>
												</tr>
												<tr class='log' status='fail'>
													<td class='status fail' title='fail' alt='fail'><i class='material-icons'>cancel</i></td>
													<td class='timestamp'>8:36:58 PM</td>
													<td class='step-details'><a href='null'><b><h6><font color='red'>Catalina Log</font></h6></b></a></td>
												</tr>
										</tbody>
									</table>
										<ul class='screenshots'>
												<li><img data-featherlight='..//Output//Screenshots//Screenshot_1654096019032.jpg' width='10%' src='' data-src='..//Output//Screenshots//Screenshot_1654096019032.jpg'></li>
										</ul>
								</div>
						</div>
				</li>
				<li class='node level-1 leaf fail' status='fail' test-id='9'>
					<div class='collapsible-header'>
						<div class='node-name'>To verify that Agent is not able to perform EVD Recharge through WEB if subscriber Denomination is blank.</div>						
						<span class='node-time'>Jun 1, 2022 08:36:59 PM</span>
						<span class='node-duration'>0h 0m 44s+880ms</span>
						<span class='test-status right fail'>fail</span>
					</div>
						<div class='collapsible-body'>
									<div class='category-list right'>
											<span class='category label white-text'>Pre-Requisite</span>
									</div>
								<div class='node-steps'>
									<table class='bordered table-results'>
										<thead>
											<tr>
												<th>Status</th>
												<th>Timestamp</th>
												<th>Details</th>
											</tr>
										</thead>
										<tbody>
												<tr class='log' status='info'>
													<td class='status info' title='info' alt='info'><i class='material-icons'>info_outline</i></td>
													<td class='timestamp'>8:36:59 PM</td>
													<td class='step-details'>Category Code for Agent: AG</td>
												</tr>
												<tr class='log' status='info'>
													<td class='status info' title='info' alt='info'><i class='material-icons'>info_outline</i></td>
													<td class='timestamp'>8:36:59 PM</td>
													<td class='step-details'>Entered webInterface(Agent)</td>
												</tr>
												<tr class='log' status='info'>
													<td class='status info' title='info' alt='info'><i class='material-icons'>info_outline</i></td>
													<td class='timestamp'>8:36:59 PM</td>
													<td class='step-details'>webInterface() :: select query: Select WEB_INTERFACE_ALLOWED from categories where category_name= ?</td>
												</tr>
												<tr class='log' status='info'>
													<td class='status info' title='info' alt='info'><i class='material-icons'>info_outline</i></td>
													<td class='timestamp'>8:36:59 PM</td>
													<td class='step-details'>Database Returns: WEB_INTERFACE_ALLOWED (Y)</td>
												</tr>
												<tr class='log' status='info'>
													<td class='status info' title='info' alt='info'><i class='material-icons'>info_outline</i></td>
													<td class='timestamp'>8:36:59 PM</td>
													<td class='step-details'>Exited webInterface()</td>
												</tr>
												<tr class='log' status='info'>
													<td class='status info' title='info' alt='info'><i class='material-icons'>info_outline</i></td>
													<td class='timestamp'>8:36:59 PM</td>
													<td class='step-details'><span class='label white-text grey'>Entered performEVDRechargeBlankDenomination(Super Distributor, Agent, 1357, EVD)</span></td>
												</tr>
												<tr class='log' status='info'>
													<td class='status info' title='info' alt='info'><i class='material-icons'>info_outline</i></td>
													<td class='timestamp'>8:36:59 PM</td>
													<td class='step-details'>LoginID found as: AUT_08837</td>
												</tr>
												<tr class='log' status='info'>
													<td class='status info' title='info' alt='info'><i class='material-icons'>info_outline</i></td>
													<td class='timestamp'>8:36:59 PM</td>
													<td class='step-details'>Password found as: com@2468</td>
												</tr>
												<tr class='log' status='info'>
													<td class='status info' title='info' alt='info'><i class='material-icons'>info_outline</i></td>
													<td class='timestamp'>8:36:59 PM</td>
													<td class='step-details'>Username found as: AUTFN7086 AUTLN1035</td>
												</tr>
												<tr class='log' status='info'>
													<td class='status info' title='info' alt='info'><i class='material-icons'>info_outline</i></td>
													<td class='timestamp'>8:37:00 PM</td>
													<td class='step-details'>Trying to select Language</td>
												</tr>
												<tr class='log' status='info'>
													<td class='status info' title='info' alt='info'><i class='material-icons'>info_outline</i></td>
													<td class='timestamp'>8:37:00 PM</td>
													<td class='step-details'>Language selected successfully as: English</td>
												</tr>
												<tr class='log' status='info'>
													<td class='status info' title='info' alt='info'><i class='material-icons'>info_outline</i></td>
													<td class='timestamp'>8:37:00 PM</td>
													<td class='step-details'>Trying to enter Login ID</td>
												</tr>
												<tr class='log' status='info'>
													<td class='status info' title='info' alt='info'><i class='material-icons'>info_outline</i></td>
													<td class='timestamp'>8:37:01 PM</td>
													<td class='step-details'>Login ID entered successfully as: AUT_08837</td>
												</tr>
												<tr class='log' status='info'>
													<td class='status info' title='info' alt='info'><i class='material-icons'>info_outline</i></td>
													<td class='timestamp'>8:37:01 PM</td>
													<td class='step-details'>Trying to enter Password</td>
												</tr>
												<tr class='log' status='info'>
													<td class='status info' title='info' alt='info'><i class='material-icons'>info_outline</i></td>
													<td class='timestamp'>8:37:01 PM</td>
													<td class='step-details'>Password entered successfully as: com@2468</td>
												</tr>
												<tr class='log' status='info'>
													<td class='status info' title='info' alt='info'><i class='material-icons'>info_outline</i></td>
													<td class='timestamp'>8:37:01 PM</td>
													<td class='step-details'>Trying to click Login Button</td>
												</tr>
												<tr class='log' status='info'>
													<td class='status info' title='info' alt='info'><i class='material-icons'>info_outline</i></td>
													<td class='timestamp'>8:37:01 PM</td>
													<td class='step-details'>Login button clicked successfully</td>
												</tr>
												<tr class='log' status='info'>
													<td class='status info' title='info' alt='info'><i class='material-icons'>info_outline</i></td>
													<td class='timestamp'>8:37:01 PM</td>
													<td class='step-details'>Error Message Found on Login Screen:</td>
												</tr>
												<tr class='log' status='info'>
													<td class='status info' title='info' alt='info'><i class='material-icons'>info_outline</i></td>
													<td class='timestamp'>8:37:02 PM</td>
													<td class='step-details'>User clicked Recharged Heading Link.</td>
												</tr>
												<tr class='log' status='fail'>
													<td class='status fail' title='fail' alt='fail'><i class='material-icons'>cancel</i></td>
													<td class='timestamp'>8:37:23 PM</td>
													<td class='step-details'><textarea>org.openqa.selenium.TimeoutException: Expected condition failed: waiting for visibility of [[ChromeDriver: chrome on WINDOWS (4cc23ccfc03147a10f4b61e16dcd55d1)] -> xpath: //nav[@class='sidebar']//div[@class='nested-menu']//a[@id='recharge']] (tried for 20 second(s) with 500 milliseconds interval)
Build info: version: '3.10.0', revision: '176b4a9', time: '2018-03-02T19:03:16.397Z'
System info: host: 'MCKL-20005142', ip: '192.168.1.38', os.name: 'Windows 10', os.arch: 'amd64', os.version: '10.0', java.version: '1.8.0_291'
Driver info: org.openqa.selenium.chrome.ChromeDriver
Capabilities {acceptInsecureCerts: false, browserName: chrome, browserVersion: 102.0.5005.63, chrome: {chromedriverVersion: 102.0.5005.61 (0e59bcc00cc4..., userDataDir: C:\Users\SOURAB~1.AWA\AppDa...}, goog:chromeOptions: {debuggerAddress: localhost:51300}, javascriptEnabled: true, networkConnectionEnabled: false, pageLoadStrategy: normal, platform: WINDOWS, platformName: WINDOWS, proxy: Proxy(), setWindowRect: true, strictFileInteractability: false, timeouts: {implicit: 0, pageLoad: 300000, script: 30000}, unhandledPromptBehavior: dismiss and notify, webauthn:extension:credBlob: true, webauthn:extension:largeBlob: true, webauthn:virtualAuthenticators: true}
Session ID: 4cc23ccfc03147a10f4b61e16dcd55d1
	at org.openqa.selenium.support.ui.WebDriverWait.timeoutException(WebDriverWait.java:82)
	at org.openqa.selenium.support.ui.FluentWait.until(FluentWait.java:272)
	at angular.pageobjects.recharge.Recharges.clickRecharge(Recharges.java:477)
	at angular.feature.EVDRechargeRevamp.performEVDRechargeBlankDenomination(EVDRechargeRevamp.java:186)
	at angular.testscripts.prereuisitesangular.PreRequisite_EVD_Revamp.A_02_performEVDRechargeBlankDenomination(PreRequisite_EVD_Revamp.java:74)
	at sun.reflect.NativeMethodAccessorImpl.invoke0(Native Method)
	at sun.reflect.NativeMethodAccessorImpl.invoke(Unknown Source)
	at sun.reflect.DelegatingMethodAccessorImpl.invoke(Unknown Source)
	at java.lang.reflect.Method.invoke(Unknown Source)
	at org.testng.internal.MethodInvocationHelper.invokeMethod(MethodInvocationHelper.java:124)
	at org.testng.internal.Invoker.invokeMethod(Invoker.java:580)
	at org.testng.internal.Invoker.invokeTestMethod(Invoker.java:716)
	at org.testng.internal.Invoker.invokeTestMethods(Invoker.java:988)
	at org.testng.internal.TestMethodWorker.invokeTestMethods(TestMethodWorker.java:125)
	at org.testng.internal.TestMethodWorker.run(TestMethodWorker.java:109)
	at org.testng.TestRunner.privateRun(TestRunner.java:648)
	at org.testng.TestRunner.run(TestRunner.java:505)
	at org.testng.SuiteRunner.runTest(SuiteRunner.java:455)
	at org.testng.SuiteRunner.runSequentially(SuiteRunner.java:450)
	at org.testng.SuiteRunner.privateRun(SuiteRunner.java:415)
	at org.testng.SuiteRunner.run(SuiteRunner.java:364)
	at org.testng.SuiteRunnerWorker.runSuite(SuiteRunnerWorker.java:52)
	at org.testng.SuiteRunnerWorker.run(SuiteRunnerWorker.java:84)
	at org.testng.TestNG.runSuitesSequentially(TestNG.java:1208)
	at org.testng.TestNG.runSuitesLocally(TestNG.java:1137)
	at org.testng.TestNG.runSuites(TestNG.java:1049)
	at org.testng.TestNG.run(TestNG.java:1017)
	at org.testng.remote.AbstractRemoteTestNG.run(AbstractRemoteTestNG.java:115)
	at org.testng.remote.RemoteTestNG.initAndRun(RemoteTestNG.java:251)
	at org.testng.remote.RemoteTestNG.main(RemoteTestNG.java:77)
</textarea></td>
												</tr>
												<tr class='log' status='error'>
													<td class='status error' title='error' alt='error'><i class='material-icons'>error</i></td>
													<td class='timestamp'>8:37:44 PM</td>
													<td class='step-details'>Error while getting SSH Server Instance : com.jcraft.jsch.JSchException: java.net.ConnectException: Connection timed out: connect</td>
												</tr>
												<tr class='log' status='fail'>
													<td class='status fail' title='fail' alt='fail'><i class='material-icons'>cancel</i></td>
													<td class='timestamp'>8:37:44 PM</td>
													<td class='step-details'><a href='null'><b><h6><font color='red'>Catalina Log</font></h6></b></a></td>
												</tr>
										</tbody>
									</table>
										<ul class='screenshots'>
												<li><img data-featherlight='..//Output//Screenshots//Screenshot_1654096064420.jpg' width='10%' src='' data-src='..//Output//Screenshots//Screenshot_1654096064420.jpg'></li>
										</ul>
								</div>
						</div>
				</li>
				<li class='node level-1 leaf fail' status='fail' test-id='10'>
					<div class='collapsible-header'>
						<div class='node-name'>To verify that Agent is not able to perform EVD Recharge through WEB if subscriber Denomination is blank.</div>						
						<span class='node-time'>Jun 1, 2022 08:37:44 PM</span>
						<span class='node-duration'>0h 0m 44s+877ms</span>
						<span class='test-status right fail'>fail</span>
					</div>
						<div class='collapsible-body'>
									<div class='category-list right'>
											<span class='category label white-text'>Pre-Requisite</span>
									</div>
								<div class='node-steps'>
									<table class='bordered table-results'>
										<thead>
											<tr>
												<th>Status</th>
												<th>Timestamp</th>
												<th>Details</th>
											</tr>
										</thead>
										<tbody>
												<tr class='log' status='info'>
													<td class='status info' title='info' alt='info'><i class='material-icons'>info_outline</i></td>
													<td class='timestamp'>8:37:44 PM</td>
													<td class='step-details'>Category Code for Agent: AG</td>
												</tr>
												<tr class='log' status='info'>
													<td class='status info' title='info' alt='info'><i class='material-icons'>info_outline</i></td>
													<td class='timestamp'>8:37:44 PM</td>
													<td class='step-details'>Entered webInterface(Agent)</td>
												</tr>
												<tr class='log' status='info'>
													<td class='status info' title='info' alt='info'><i class='material-icons'>info_outline</i></td>
													<td class='timestamp'>8:37:44 PM</td>
													<td class='step-details'>webInterface() :: select query: Select WEB_INTERFACE_ALLOWED from categories where category_name= ?</td>
												</tr>
												<tr class='log' status='info'>
													<td class='status info' title='info' alt='info'><i class='material-icons'>info_outline</i></td>
													<td class='timestamp'>8:37:45 PM</td>
													<td class='step-details'>Database Returns: WEB_INTERFACE_ALLOWED (Y)</td>
												</tr>
												<tr class='log' status='info'>
													<td class='status info' title='info' alt='info'><i class='material-icons'>info_outline</i></td>
													<td class='timestamp'>8:37:45 PM</td>
													<td class='step-details'>Exited webInterface()</td>
												</tr>
												<tr class='log' status='info'>
													<td class='status info' title='info' alt='info'><i class='material-icons'>info_outline</i></td>
													<td class='timestamp'>8:37:45 PM</td>
													<td class='step-details'><span class='label white-text grey'>Entered performEVDRechargeBlankDenomination(Dealer, Agent, 1357, EVD)</span></td>
												</tr>
												<tr class='log' status='info'>
													<td class='status info' title='info' alt='info'><i class='material-icons'>info_outline</i></td>
													<td class='timestamp'>8:37:45 PM</td>
													<td class='step-details'>LoginID found as: AUT_87570</td>
												</tr>
												<tr class='log' status='info'>
													<td class='status info' title='info' alt='info'><i class='material-icons'>info_outline</i></td>
													<td class='timestamp'>8:37:45 PM</td>
													<td class='step-details'>Password found as: com@2468</td>
												</tr>
												<tr class='log' status='info'>
													<td class='status info' title='info' alt='info'><i class='material-icons'>info_outline</i></td>
													<td class='timestamp'>8:37:45 PM</td>
													<td class='step-details'>Username found as: AUTFN5575 AUTLN8034</td>
												</tr>
												<tr class='log' status='info'>
													<td class='status info' title='info' alt='info'><i class='material-icons'>info_outline</i></td>
													<td class='timestamp'>8:37:45 PM</td>
													<td class='step-details'>Trying to select Language</td>
												</tr>
												<tr class='log' status='info'>
													<td class='status info' title='info' alt='info'><i class='material-icons'>info_outline</i></td>
													<td class='timestamp'>8:37:46 PM</td>
													<td class='step-details'>Language selected successfully as: English</td>
												</tr>
												<tr class='log' status='info'>
													<td class='status info' title='info' alt='info'><i class='material-icons'>info_outline</i></td>
													<td class='timestamp'>8:37:46 PM</td>
													<td class='step-details'>Trying to enter Login ID</td>
												</tr>
												<tr class='log' status='info'>
													<td class='status info' title='info' alt='info'><i class='material-icons'>info_outline</i></td>
													<td class='timestamp'>8:37:46 PM</td>
													<td class='step-details'>Login ID entered successfully as: AUT_87570</td>
												</tr>
												<tr class='log' status='info'>
													<td class='status info' title='info' alt='info'><i class='material-icons'>info_outline</i></td>
													<td class='timestamp'>8:37:46 PM</td>
													<td class='step-details'>Trying to enter Password</td>
												</tr>
												<tr class='log' status='info'>
													<td class='status info' title='info' alt='info'><i class='material-icons'>info_outline</i></td>
													<td class='timestamp'>8:37:46 PM</td>
													<td class='step-details'>Password entered successfully as: com@2468</td>
												</tr>
												<tr class='log' status='info'>
													<td class='status info' title='info' alt='info'><i class='material-icons'>info_outline</i></td>
													<td class='timestamp'>8:37:46 PM</td>
													<td class='step-details'>Trying to click Login Button</td>
												</tr>
												<tr class='log' status='info'>
													<td class='status info' title='info' alt='info'><i class='material-icons'>info_outline</i></td>
													<td class='timestamp'>8:37:46 PM</td>
													<td class='step-details'>Login button clicked successfully</td>
												</tr>
												<tr class='log' status='info'>
													<td class='status info' title='info' alt='info'><i class='material-icons'>info_outline</i></td>
													<td class='timestamp'>8:37:46 PM</td>
													<td class='step-details'>Error Message Found on Login Screen:</td>
												</tr>
												<tr class='log' status='info'>
													<td class='status info' title='info' alt='info'><i class='material-icons'>info_outline</i></td>
													<td class='timestamp'>8:37:48 PM</td>
													<td class='step-details'>User clicked Recharged Heading Link.</td>
												</tr>
												<tr class='log' status='fail'>
													<td class='status fail' title='fail' alt='fail'><i class='material-icons'>cancel</i></td>
													<td class='timestamp'>8:38:08 PM</td>
													<td class='step-details'><textarea>org.openqa.selenium.TimeoutException: Expected condition failed: waiting for visibility of [[ChromeDriver: chrome on WINDOWS (4cc23ccfc03147a10f4b61e16dcd55d1)] -> xpath: //nav[@class='sidebar']//div[@class='nested-menu']//a[@id='recharge']] (tried for 20 second(s) with 500 milliseconds interval)
Build info: version: '3.10.0', revision: '176b4a9', time: '2018-03-02T19:03:16.397Z'
System info: host: 'MCKL-20005142', ip: '192.168.1.38', os.name: 'Windows 10', os.arch: 'amd64', os.version: '10.0', java.version: '1.8.0_291'
Driver info: org.openqa.selenium.chrome.ChromeDriver
Capabilities {acceptInsecureCerts: false, browserName: chrome, browserVersion: 102.0.5005.63, chrome: {chromedriverVersion: 102.0.5005.61 (0e59bcc00cc4..., userDataDir: C:\Users\SOURAB~1.AWA\AppDa...}, goog:chromeOptions: {debuggerAddress: localhost:51300}, javascriptEnabled: true, networkConnectionEnabled: false, pageLoadStrategy: normal, platform: WINDOWS, platformName: WINDOWS, proxy: Proxy(), setWindowRect: true, strictFileInteractability: false, timeouts: {implicit: 0, pageLoad: 300000, script: 30000}, unhandledPromptBehavior: dismiss and notify, webauthn:extension:credBlob: true, webauthn:extension:largeBlob: true, webauthn:virtualAuthenticators: true}
Session ID: 4cc23ccfc03147a10f4b61e16dcd55d1
	at org.openqa.selenium.support.ui.WebDriverWait.timeoutException(WebDriverWait.java:82)
	at org.openqa.selenium.support.ui.FluentWait.until(FluentWait.java:272)
	at angular.pageobjects.recharge.Recharges.clickRecharge(Recharges.java:477)
	at angular.feature.EVDRechargeRevamp.performEVDRechargeBlankDenomination(EVDRechargeRevamp.java:186)
	at angular.testscripts.prereuisitesangular.PreRequisite_EVD_Revamp.A_02_performEVDRechargeBlankDenomination(PreRequisite_EVD_Revamp.java:74)
	at sun.reflect.NativeMethodAccessorImpl.invoke0(Native Method)
	at sun.reflect.NativeMethodAccessorImpl.invoke(Unknown Source)
	at sun.reflect.DelegatingMethodAccessorImpl.invoke(Unknown Source)
	at java.lang.reflect.Method.invoke(Unknown Source)
	at org.testng.internal.MethodInvocationHelper.invokeMethod(MethodInvocationHelper.java:124)
	at org.testng.internal.Invoker.invokeMethod(Invoker.java:580)
	at org.testng.internal.Invoker.invokeTestMethod(Invoker.java:716)
	at org.testng.internal.Invoker.invokeTestMethods(Invoker.java:988)
	at org.testng.internal.TestMethodWorker.invokeTestMethods(TestMethodWorker.java:125)
	at org.testng.internal.TestMethodWorker.run(TestMethodWorker.java:109)
	at org.testng.TestRunner.privateRun(TestRunner.java:648)
	at org.testng.TestRunner.run(TestRunner.java:505)
	at org.testng.SuiteRunner.runTest(SuiteRunner.java:455)
	at org.testng.SuiteRunner.runSequentially(SuiteRunner.java:450)
	at org.testng.SuiteRunner.privateRun(SuiteRunner.java:415)
	at org.testng.SuiteRunner.run(SuiteRunner.java:364)
	at org.testng.SuiteRunnerWorker.runSuite(SuiteRunnerWorker.java:52)
	at org.testng.SuiteRunnerWorker.run(SuiteRunnerWorker.java:84)
	at org.testng.TestNG.runSuitesSequentially(TestNG.java:1208)
	at org.testng.TestNG.runSuitesLocally(TestNG.java:1137)
	at org.testng.TestNG.runSuites(TestNG.java:1049)
	at org.testng.TestNG.run(TestNG.java:1017)
	at org.testng.remote.AbstractRemoteTestNG.run(AbstractRemoteTestNG.java:115)
	at org.testng.remote.RemoteTestNG.initAndRun(RemoteTestNG.java:251)
	at org.testng.remote.RemoteTestNG.main(RemoteTestNG.java:77)
</textarea></td>
												</tr>
												<tr class='log' status='error'>
													<td class='status error' title='error' alt='error'><i class='material-icons'>error</i></td>
													<td class='timestamp'>8:38:29 PM</td>
													<td class='step-details'>Error while getting SSH Server Instance : com.jcraft.jsch.JSchException: java.net.ConnectException: Connection timed out: connect</td>
												</tr>
												<tr class='log' status='fail'>
													<td class='status fail' title='fail' alt='fail'><i class='material-icons'>cancel</i></td>
													<td class='timestamp'>8:38:29 PM</td>
													<td class='step-details'><a href='null'><b><h6><font color='red'>Catalina Log</font></h6></b></a></td>
												</tr>
										</tbody>
									</table>
										<ul class='screenshots'>
												<li><img data-featherlight='..//Output//Screenshots//Screenshot_1654096109772.jpg' width='10%' src='' data-src='..//Output//Screenshots//Screenshot_1654096109772.jpg'></li>
										</ul>
								</div>
						</div>
				</li>
				<li class='node level-1 leaf fail' status='fail' test-id='11'>
					<div class='collapsible-header'>
						<div class='node-name'>To verify that Retailer is not able to perform EVD Recharge through WEB if subscriber Denomination is blank.</div>						
						<span class='node-time'>Jun 1, 2022 08:38:29 PM</span>
						<span class='node-duration'>0h 23m 18s+455ms</span>
						<span class='test-status right fail'>fail</span>
					</div>
						<div class='collapsible-body'>
									<div class='category-list right'>
											<span class='category label white-text'>Pre-Requisite</span>
									</div>
								<div class='node-steps'>
									<table class='bordered table-results'>
										<thead>
											<tr>
												<th>Status</th>
												<th>Timestamp</th>
												<th>Details</th>
											</tr>
										</thead>
										<tbody>
												<tr class='log' status='info'>
													<td class='status info' title='info' alt='info'><i class='material-icons'>info_outline</i></td>
													<td class='timestamp'>8:38:30 PM</td>
													<td class='step-details'>Category Code for Retailer: RET</td>
												</tr>
												<tr class='log' status='info'>
													<td class='status info' title='info' alt='info'><i class='material-icons'>info_outline</i></td>
													<td class='timestamp'>8:38:30 PM</td>
													<td class='step-details'>Entered webInterface(Retailer)</td>
												</tr>
												<tr class='log' status='info'>
													<td class='status info' title='info' alt='info'><i class='material-icons'>info_outline</i></td>
													<td class='timestamp'>8:38:30 PM</td>
													<td class='step-details'>webInterface() :: select query: Select WEB_INTERFACE_ALLOWED from categories where category_name= ?</td>
												</tr>
												<tr class='log' status='info'>
													<td class='status info' title='info' alt='info'><i class='material-icons'>info_outline</i></td>
													<td class='timestamp'>8:38:30 PM</td>
													<td class='step-details'>Database Returns: WEB_INTERFACE_ALLOWED (Y)</td>
												</tr>
												<tr class='log' status='info'>
													<td class='status info' title='info' alt='info'><i class='material-icons'>info_outline</i></td>
													<td class='timestamp'>8:38:30 PM</td>
													<td class='step-details'>Exited webInterface()</td>
												</tr>
												<tr class='log' status='info'>
													<td class='status info' title='info' alt='info'><i class='material-icons'>info_outline</i></td>
													<td class='timestamp'>8:38:30 PM</td>
													<td class='step-details'><span class='label white-text grey'>Entered performEVDRechargeBlankDenomination(Agent, Retailer, 1357, EVD)</span></td>
												</tr>
												<tr class='log' status='info'>
													<td class='status info' title='info' alt='info'><i class='material-icons'>info_outline</i></td>
													<td class='timestamp'>8:38:30 PM</td>
													<td class='step-details'>LoginID found as: AUT_41726</td>
												</tr>
												<tr class='log' status='info'>
													<td class='status info' title='info' alt='info'><i class='material-icons'>info_outline</i></td>
													<td class='timestamp'>8:38:30 PM</td>
													<td class='step-details'>Password found as: com@2468</td>
												</tr>
												<tr class='log' status='info'>
													<td class='status info' title='info' alt='info'><i class='material-icons'>info_outline</i></td>
													<td class='timestamp'>8:38:30 PM</td>
													<td class='step-details'>Username found as: AUTFN4270 AUTLN3932</td>
												</tr>
												<tr class='log' status='info'>
													<td class='status info' title='info' alt='info'><i class='material-icons'>info_outline</i></td>
													<td class='timestamp'>8:38:31 PM</td>
													<td class='step-details'>Trying to select Language</td>
												</tr>
												<tr class='log' status='info'>
													<td class='status info' title='info' alt='info'><i class='material-icons'>info_outline</i></td>
													<td class='timestamp'>8:38:31 PM</td>
													<td class='step-details'>Language selected successfully as: English</td>
												</tr>
												<tr class='log' status='info'>
													<td class='status info' title='info' alt='info'><i class='material-icons'>info_outline</i></td>
													<td class='timestamp'>8:38:31 PM</td>
													<td class='step-details'>Trying to enter Login ID</td>
												</tr>
												<tr class='log' status='info'>
													<td class='status info' title='info' alt='info'><i class='material-icons'>info_outline</i></td>
													<td class='timestamp'>8:38:31 PM</td>
													<td class='step-details'>Login ID entered successfully as: AUT_41726</td>
												</tr>
												<tr class='log' status='info'>
													<td class='status info' title='info' alt='info'><i class='material-icons'>info_outline</i></td>
													<td class='timestamp'>8:38:31 PM</td>
													<td class='step-details'>Trying to enter Password</td>
												</tr>
												<tr class='log' status='info'>
													<td class='status info' title='info' alt='info'><i class='material-icons'>info_outline</i></td>
													<td class='timestamp'>8:38:32 PM</td>
													<td class='step-details'>Password entered successfully as: com@2468</td>
												</tr>
												<tr class='log' status='info'>
													<td class='status info' title='info' alt='info'><i class='material-icons'>info_outline</i></td>
													<td class='timestamp'>8:38:32 PM</td>
													<td class='step-details'>Trying to click Login Button</td>
												</tr>
												<tr class='log' status='info'>
													<td class='status info' title='info' alt='info'><i class='material-icons'>info_outline</i></td>
													<td class='timestamp'>8:38:32 PM</td>
													<td class='step-details'>Login button clicked successfully</td>
												</tr>
												<tr class='log' status='info'>
													<td class='status info' title='info' alt='info'><i class='material-icons'>info_outline</i></td>
													<td class='timestamp'>8:38:32 PM</td>
													<td class='step-details'>Error Message Found on Login Screen:</td>
												</tr>
												<tr class='log' status='info'>
													<td class='status info' title='info' alt='info'><i class='material-icons'>info_outline</i></td>
													<td class='timestamp'>8:38:34 PM</td>
													<td class='step-details'>User clicked Recharged Heading Link.</td>
												</tr>
												<tr class='log' status='fail'>
													<td class='status fail' title='fail' alt='fail'><i class='material-icons'>cancel</i></td>
													<td class='timestamp'>8:38:54 PM</td>
													<td class='step-details'><textarea>org.openqa.selenium.TimeoutException: Expected condition failed: waiting for visibility of [[ChromeDriver: chrome on WINDOWS (4cc23ccfc03147a10f4b61e16dcd55d1)] -> xpath: //nav[@class='sidebar']//div[@class='nested-menu']//a[@id='recharge']] (tried for 20 second(s) with 500 milliseconds interval)
Build info: version: '3.10.0', revision: '176b4a9', time: '2018-03-02T19:03:16.397Z'
System info: host: 'MCKL-20005142', ip: '192.168.1.38', os.name: 'Windows 10', os.arch: 'amd64', os.version: '10.0', java.version: '1.8.0_291'
Driver info: org.openqa.selenium.chrome.ChromeDriver
Capabilities {acceptInsecureCerts: false, browserName: chrome, browserVersion: 102.0.5005.63, chrome: {chromedriverVersion: 102.0.5005.61 (0e59bcc00cc4..., userDataDir: C:\Users\SOURAB~1.AWA\AppDa...}, goog:chromeOptions: {debuggerAddress: localhost:51300}, javascriptEnabled: true, networkConnectionEnabled: false, pageLoadStrategy: normal, platform: WINDOWS, platformName: WINDOWS, proxy: Proxy(), setWindowRect: true, strictFileInteractability: false, timeouts: {implicit: 0, pageLoad: 300000, script: 30000}, unhandledPromptBehavior: dismiss and notify, webauthn:extension:credBlob: true, webauthn:extension:largeBlob: true, webauthn:virtualAuthenticators: true}
Session ID: 4cc23ccfc03147a10f4b61e16dcd55d1
	at org.openqa.selenium.support.ui.WebDriverWait.timeoutException(WebDriverWait.java:82)
	at org.openqa.selenium.support.ui.FluentWait.until(FluentWait.java:272)
	at angular.pageobjects.recharge.Recharges.clickRecharge(Recharges.java:477)
	at angular.feature.EVDRechargeRevamp.performEVDRechargeBlankDenomination(EVDRechargeRevamp.java:186)
	at angular.testscripts.prereuisitesangular.PreRequisite_EVD_Revamp.A_02_performEVDRechargeBlankDenomination(PreRequisite_EVD_Revamp.java:74)
	at sun.reflect.NativeMethodAccessorImpl.invoke0(Native Method)
	at sun.reflect.NativeMethodAccessorImpl.invoke(Unknown Source)
	at sun.reflect.DelegatingMethodAccessorImpl.invoke(Unknown Source)
	at java.lang.reflect.Method.invoke(Unknown Source)
	at org.testng.internal.MethodInvocationHelper.invokeMethod(MethodInvocationHelper.java:124)
	at org.testng.internal.Invoker.invokeMethod(Invoker.java:580)
	at org.testng.internal.Invoker.invokeTestMethod(Invoker.java:716)
	at org.testng.internal.Invoker.invokeTestMethods(Invoker.java:988)
	at org.testng.internal.TestMethodWorker.invokeTestMethods(TestMethodWorker.java:125)
	at org.testng.internal.TestMethodWorker.run(TestMethodWorker.java:109)
	at org.testng.TestRunner.privateRun(TestRunner.java:648)
	at org.testng.TestRunner.run(TestRunner.java:505)
	at org.testng.SuiteRunner.runTest(SuiteRunner.java:455)
	at org.testng.SuiteRunner.runSequentially(SuiteRunner.java:450)
	at org.testng.SuiteRunner.privateRun(SuiteRunner.java:415)
	at org.testng.SuiteRunner.run(SuiteRunner.java:364)
	at org.testng.SuiteRunnerWorker.runSuite(SuiteRunnerWorker.java:52)
	at org.testng.SuiteRunnerWorker.run(SuiteRunnerWorker.java:84)
	at org.testng.TestNG.runSuitesSequentially(TestNG.java:1208)
	at org.testng.TestNG.runSuitesLocally(TestNG.java:1137)
	at org.testng.TestNG.runSuites(TestNG.java:1049)
	at org.testng.TestNG.run(TestNG.java:1017)
	at org.testng.remote.AbstractRemoteTestNG.run(AbstractRemoteTestNG.java:115)
	at org.testng.remote.RemoteTestNG.initAndRun(RemoteTestNG.java:251)
	at org.testng.remote.RemoteTestNG.main(RemoteTestNG.java:77)
</textarea></td>
												</tr>
												<tr class='log' status='error'>
													<td class='status error' title='error' alt='error'><i class='material-icons'>error</i></td>
													<td class='timestamp'>9:01:48 PM</td>
													<td class='step-details'>Error while getting SSH Server Instance : com.jcraft.jsch.JSchException: java.net.ConnectException: Connection timed out: connect</td>
												</tr>
												<tr class='log' status='fail'>
													<td class='status fail' title='fail' alt='fail'><i class='material-icons'>cancel</i></td>
													<td class='timestamp'>9:01:48 PM</td>
													<td class='step-details'><a href='null'><b><h6><font color='red'>Catalina Log</font></h6></b></a></td>
												</tr>
										</tbody>
									</table>
										<ul class='screenshots'>
												<li><img data-featherlight='..//Output//Screenshots//Screenshot_1654097509661.jpg' width='10%' src='' data-src='..//Output//Screenshots//Screenshot_1654097509661.jpg'></li>
										</ul>
								</div>
						</div>
				</li>
				<li class='node level-1 leaf fail' status='fail' test-id='12'>
					<div class='collapsible-header'>
						<div class='node-name'>To verify that Super Distributor is not able to perform EVD Recharge through WEB if Denomination is alphanumeric.</div>						
						<span class='node-time'>Jun 1, 2022 09:01:51 PM</span>
						<span class='node-duration'>0h 0m 1s+389ms</span>
						<span class='test-status right fail'>fail</span>
					</div>
						<div class='collapsible-body'>
									<div class='category-list right'>
											<span class='category label white-text'>Pre-Requisite</span>
									</div>
								<div class='node-steps'>
									<table class='bordered table-results'>
										<thead>
											<tr>
												<th>Status</th>
												<th>Timestamp</th>
												<th>Details</th>
											</tr>
										</thead>
										<tbody>
												<tr class='log' status='info'>
													<td class='status info' title='info' alt='info'><i class='material-icons'>info_outline</i></td>
													<td class='timestamp'>9:01:51 PM</td>
													<td class='step-details'>Category Code for Super Distributor: DIST</td>
												</tr>
												<tr class='log' status='info'>
													<td class='status info' title='info' alt='info'><i class='material-icons'>info_outline</i></td>
													<td class='timestamp'>9:01:51 PM</td>
													<td class='step-details'>Entered webInterface(Super Distributor)</td>
												</tr>
												<tr class='log' status='info'>
													<td class='status info' title='info' alt='info'><i class='material-icons'>info_outline</i></td>
													<td class='timestamp'>9:01:51 PM</td>
													<td class='step-details'>webInterface() :: select query: Select WEB_INTERFACE_ALLOWED from categories where category_name= ?</td>
												</tr>
												<tr class='log' status='info'>
													<td class='status info' title='info' alt='info'><i class='material-icons'>info_outline</i></td>
													<td class='timestamp'>9:01:52 PM</td>
													<td class='step-details'>Error while fetching allowed status:</td>
												</tr>
												<tr class='log' status='debug'>
													<td class='status debug' title='debug' alt='debug'><i class='material-icons'>low_priority</i></td>
													<td class='timestamp'>9:01:52 PM</td>
													<td class='step-details'><pre>org.postgresql.util.PSQLException: An I/O error occurred while sending to the backend.
	at org.postgresql.core.v3.QueryExecutorImpl.execute(QueryExecutorImpl.java:335)
	at org.postgresql.jdbc.PgStatement.executeInternal(PgStatement.java:441)
	at org.postgresql.jdbc.PgStatement.execute(PgStatement.java:365)
	at org.postgresql.jdbc.PgPreparedStatement.executeWithFlags(PgPreparedStatement.java:150)
	at org.postgresql.jdbc.PgPreparedStatement.executeQuery(PgPreparedStatement.java:113)
	at com.mchange.v2.c3p0.impl.NewProxyPreparedStatement.executeQuery(NewProxyPreparedStatement.java:353)
	at com.dbrepository.PostGreSQLRepository.webInterface(PostGreSQLRepository.java:2837)
	at angular.testscripts.prereuisitesangular.PreRequisite_EVD_Revamp.A_03_performEVDRechargeAlphaNumericDenomination(PreRequisite_EVD_Revamp.java:95)
	at sun.reflect.NativeMethodAccessorImpl.invoke0(Native Method)
	at sun.reflect.NativeMethodAccessorImpl.invoke(Unknown Source)
	at sun.reflect.DelegatingMethodAccessorImpl.invoke(Unknown Source)
	at java.lang.reflect.Method.invoke(Unknown Source)
	at org.testng.internal.MethodInvocationHelper.invokeMethod(MethodInvocationHelper.java:124)
	at org.testng.internal.Invoker.invokeMethod(Invoker.java:580)
	at org.testng.internal.Invoker.invokeTestMethod(Invoker.java:716)
	at org.testng.internal.Invoker.invokeTestMethods(Invoker.java:988)
	at org.testng.internal.TestMethodWorker.invokeTestMethods(TestMethodWorker.java:125)
	at org.testng.internal.TestMethodWorker.run(TestMethodWorker.java:109)
	at org.testng.TestRunner.privateRun(TestRunner.java:648)
	at org.testng.TestRunner.run(TestRunner.java:505)
	at org.testng.SuiteRunner.runTest(SuiteRunner.java:455)
	at org.testng.SuiteRunner.runSequentially(SuiteRunner.java:450)
	at org.testng.SuiteRunner.privateRun(SuiteRunner.java:415)
	at org.testng.SuiteRunner.run(SuiteRunner.java:364)
	at org.testng.SuiteRunnerWorker.runSuite(SuiteRunnerWorker.java:52)
	at org.testng.SuiteRunnerWorker.run(SuiteRunnerWorker.java:84)
	at org.testng.TestNG.runSuitesSequentially(TestNG.java:1208)
	at org.testng.TestNG.runSuitesLocally(TestNG.java:1137)
	at org.testng.TestNG.runSuites(TestNG.java:1049)
	at org.testng.TestNG.run(TestNG.java:1017)
	at org.testng.remote.AbstractRemoteTestNG.run(AbstractRemoteTestNG.java:115)
	at org.testng.remote.RemoteTestNG.initAndRun(RemoteTestNG.java:251)
	at org.testng.remote.RemoteTestNG.main(RemoteTestNG.java:77)
Caused by: java.net.SocketException: Software caused connection abort: recv failed
	at java.net.SocketInputStream.socketRead0(Native Method)
	at java.net.SocketInputStream.socketRead(Unknown Source)
	at java.net.SocketInputStream.read(Unknown Source)
	at java.net.SocketInputStream.read(Unknown Source)
	at org.postgresql.core.VisibleBufferedInputStream.readMore(VisibleBufferedInputStream.java:140)
	at org.postgresql.core.VisibleBufferedInputStream.ensureBytes(VisibleBufferedInputStream.java:109)
	at org.postgresql.core.VisibleBufferedInputStream.read(VisibleBufferedInputStream.java:67)
	at org.postgresql.core.PGStream.receiveChar(PGStream.java:293)
	at org.postgresql.core.v3.QueryExecutorImpl.processResults(QueryExecutorImpl.java:1952)
	at org.postgresql.core.v3.QueryExecutorImpl.execute(QueryExecutorImpl.java:308)
	... 32 more
</pre></td>
												</tr>
												<tr class='log' status='info'>
													<td class='status info' title='info' alt='info'><i class='material-icons'>info_outline</i></td>
													<td class='timestamp'>9:01:52 PM</td>
													<td class='step-details'>Database Returns: WEB_INTERFACE_ALLOWED (null)</td>
												</tr>
												<tr class='log' status='info'>
													<td class='status info' title='info' alt='info'><i class='material-icons'>info_outline</i></td>
													<td class='timestamp'>9:01:52 PM</td>
													<td class='step-details'>Exited webInterface()</td>
												</tr>
												<tr class='log' status='fail'>
													<td class='status fail' title='fail' alt='fail'><i class='material-icons'>cancel</i></td>
													<td class='timestamp'>9:01:52 PM</td>
													<td class='step-details'><pre>java.lang.NullPointerException
	at angular.testscripts.prereuisitesangular.PreRequisite_EVD_Revamp.A_03_performEVDRechargeAlphaNumericDenomination(PreRequisite_EVD_Revamp.java:98)
	at sun.reflect.NativeMethodAccessorImpl.invoke0(Native Method)
	at sun.reflect.NativeMethodAccessorImpl.invoke(Unknown Source)
	at sun.reflect.DelegatingMethodAccessorImpl.invoke(Unknown Source)
	at java.lang.reflect.Method.invoke(Unknown Source)
	at org.testng.internal.MethodInvocationHelper.invokeMethod(MethodInvocationHelper.java:124)
	at org.testng.internal.Invoker.invokeMethod(Invoker.java:580)
	at org.testng.internal.Invoker.invokeTestMethod(Invoker.java:716)
	at org.testng.internal.Invoker.invokeTestMethods(Invoker.java:988)
	at org.testng.internal.TestMethodWorker.invokeTestMethods(TestMethodWorker.java:125)
	at org.testng.internal.TestMethodWorker.run(TestMethodWorker.java:109)
	at org.testng.TestRunner.privateRun(TestRunner.java:648)
	at org.testng.TestRunner.run(TestRunner.java:505)
	at org.testng.SuiteRunner.runTest(SuiteRunner.java:455)
	at org.testng.SuiteRunner.runSequentially(SuiteRunner.java:450)
	at org.testng.SuiteRunner.privateRun(SuiteRunner.java:415)
	at org.testng.SuiteRunner.run(SuiteRunner.java:364)
	at org.testng.SuiteRunnerWorker.runSuite(SuiteRunnerWorker.java:52)
	at org.testng.SuiteRunnerWorker.run(SuiteRunnerWorker.java:84)
	at org.testng.TestNG.runSuitesSequentially(TestNG.java:1208)
	at org.testng.TestNG.runSuitesLocally(TestNG.java:1137)
	at org.testng.TestNG.runSuites(TestNG.java:1049)
	at org.testng.TestNG.run(TestNG.java:1017)
	at org.testng.remote.AbstractRemoteTestNG.run(AbstractRemoteTestNG.java:115)
	at org.testng.remote.RemoteTestNG.initAndRun(RemoteTestNG.java:251)
	at org.testng.remote.RemoteTestNG.main(RemoteTestNG.java:77)
</pre></td>
												</tr>
												<tr class='log' status='error'>
													<td class='status error' title='error' alt='error'><i class='material-icons'>error</i></td>
													<td class='timestamp'>9:01:52 PM</td>
													<td class='step-details'>Error while getting SSH Server Instance : com.jcraft.jsch.JSchException: java.net.SocketException: Permission denied: connect</td>
												</tr>
												<tr class='log' status='fail'>
													<td class='status fail' title='fail' alt='fail'><i class='material-icons'>cancel</i></td>
													<td class='timestamp'>9:01:52 PM</td>
													<td class='step-details'><a href='null'><b><h6><font color='red'>Catalina Log</font></h6></b></a></td>
												</tr>
										</tbody>
									</table>
										<ul class='screenshots'>
												<li><img data-featherlight='..//Output//Screenshots//Screenshot_1654097512712.jpg' width='10%' src='' data-src='..//Output//Screenshots//Screenshot_1654097512712.jpg'></li>
										</ul>
								</div>
						</div>
				</li>
				<li class='node level-1 leaf fail' status='fail' test-id='13'>
					<div class='collapsible-header'>
						<div class='node-name'>To verify that Dealer is not able to perform EVD Recharge through WEB if Denomination is alphanumeric.</div>						
						<span class='node-time'>Jun 1, 2022 09:01:52 PM</span>
						<span class='node-duration'>0h 0m 42s+909ms</span>
						<span class='test-status right fail'>fail</span>
					</div>
						<div class='collapsible-body'>
									<div class='category-list right'>
											<span class='category label white-text'>Pre-Requisite</span>
									</div>
								<div class='node-steps'>
									<table class='bordered table-results'>
										<thead>
											<tr>
												<th>Status</th>
												<th>Timestamp</th>
												<th>Details</th>
											</tr>
										</thead>
										<tbody>
												<tr class='log' status='info'>
													<td class='status info' title='info' alt='info'><i class='material-icons'>info_outline</i></td>
													<td class='timestamp'>9:01:52 PM</td>
													<td class='step-details'>Category Code for Dealer: SE</td>
												</tr>
												<tr class='log' status='info'>
													<td class='status info' title='info' alt='info'><i class='material-icons'>info_outline</i></td>
													<td class='timestamp'>9:01:52 PM</td>
													<td class='step-details'>Entered webInterface(Dealer)</td>
												</tr>
												<tr class='log' status='info'>
													<td class='status info' title='info' alt='info'><i class='material-icons'>info_outline</i></td>
													<td class='timestamp'>9:01:52 PM</td>
													<td class='step-details'>webInterface() :: select query: Select WEB_INTERFACE_ALLOWED from categories where category_name= ?</td>
												</tr>
												<tr class='log' status='info'>
													<td class='status info' title='info' alt='info'><i class='material-icons'>info_outline</i></td>
													<td class='timestamp'>9:02:14 PM</td>
													<td class='step-details'>Error while fetching allowed status:</td>
												</tr>
												<tr class='log' status='debug'>
													<td class='status debug' title='debug' alt='debug'><i class='material-icons'>low_priority</i></td>
													<td class='timestamp'>9:02:14 PM</td>
													<td class='step-details'><pre>org.postgresql.util.PSQLException: An I/O error occurred while sending to the backend.
	at org.postgresql.core.v3.QueryExecutorImpl.execute(QueryExecutorImpl.java:335)
	at org.postgresql.jdbc.PgStatement.executeInternal(PgStatement.java:441)
	at org.postgresql.jdbc.PgStatement.execute(PgStatement.java:365)
	at org.postgresql.jdbc.PgPreparedStatement.executeWithFlags(PgPreparedStatement.java:150)
	at org.postgresql.jdbc.PgPreparedStatement.executeQuery(PgPreparedStatement.java:113)
	at com.mchange.v2.c3p0.impl.NewProxyPreparedStatement.executeQuery(NewProxyPreparedStatement.java:353)
	at com.dbrepository.PostGreSQLRepository.webInterface(PostGreSQLRepository.java:2837)
	at angular.testscripts.prereuisitesangular.PreRequisite_EVD_Revamp.A_03_performEVDRechargeAlphaNumericDenomination(PreRequisite_EVD_Revamp.java:95)
	at sun.reflect.NativeMethodAccessorImpl.invoke0(Native Method)
	at sun.reflect.NativeMethodAccessorImpl.invoke(Unknown Source)
	at sun.reflect.DelegatingMethodAccessorImpl.invoke(Unknown Source)
	at java.lang.reflect.Method.invoke(Unknown Source)
	at org.testng.internal.MethodInvocationHelper.invokeMethod(MethodInvocationHelper.java:124)
	at org.testng.internal.Invoker.invokeMethod(Invoker.java:580)
	at org.testng.internal.Invoker.invokeTestMethod(Invoker.java:716)
	at org.testng.internal.Invoker.invokeTestMethods(Invoker.java:988)
	at org.testng.internal.TestMethodWorker.invokeTestMethods(TestMethodWorker.java:125)
	at org.testng.internal.TestMethodWorker.run(TestMethodWorker.java:109)
	at org.testng.TestRunner.privateRun(TestRunner.java:648)
	at org.testng.TestRunner.run(TestRunner.java:505)
	at org.testng.SuiteRunner.runTest(SuiteRunner.java:455)
	at org.testng.SuiteRunner.runSequentially(SuiteRunner.java:450)
	at org.testng.SuiteRunner.privateRun(SuiteRunner.java:415)
	at org.testng.SuiteRunner.run(SuiteRunner.java:364)
	at org.testng.SuiteRunnerWorker.runSuite(SuiteRunnerWorker.java:52)
	at org.testng.SuiteRunnerWorker.run(SuiteRunnerWorker.java:84)
	at org.testng.TestNG.runSuitesSequentially(TestNG.java:1208)
	at org.testng.TestNG.runSuitesLocally(TestNG.java:1137)
	at org.testng.TestNG.runSuites(TestNG.java:1049)
	at org.testng.TestNG.run(TestNG.java:1017)
	at org.testng.remote.AbstractRemoteTestNG.run(AbstractRemoteTestNG.java:115)
	at org.testng.remote.RemoteTestNG.initAndRun(RemoteTestNG.java:251)
	at org.testng.remote.RemoteTestNG.main(RemoteTestNG.java:77)
Caused by: java.net.SocketTimeoutException: Read timed out
	at java.net.SocketInputStream.socketRead0(Native Method)
	at java.net.SocketInputStream.socketRead(Unknown Source)
	at java.net.SocketInputStream.read(Unknown Source)
	at java.net.SocketInputStream.read(Unknown Source)
	at org.postgresql.core.VisibleBufferedInputStream.readMore(VisibleBufferedInputStream.java:140)
	at org.postgresql.core.VisibleBufferedInputStream.ensureBytes(VisibleBufferedInputStream.java:109)
	at org.postgresql.core.VisibleBufferedInputStream.read(VisibleBufferedInputStream.java:67)
	at org.postgresql.core.PGStream.receiveChar(PGStream.java:293)
	at org.postgresql.core.v3.QueryExecutorImpl.processResults(QueryExecutorImpl.java:1952)
	at org.postgresql.core.v3.QueryExecutorImpl.execute(QueryExecutorImpl.java:308)
	... 32 more
</pre></td>
												</tr>
												<tr class='log' status='info'>
													<td class='status info' title='info' alt='info'><i class='material-icons'>info_outline</i></td>
													<td class='timestamp'>9:02:14 PM</td>
													<td class='step-details'>Database Returns: WEB_INTERFACE_ALLOWED (null)</td>
												</tr>
												<tr class='log' status='info'>
													<td class='status info' title='info' alt='info'><i class='material-icons'>info_outline</i></td>
													<td class='timestamp'>9:02:14 PM</td>
													<td class='step-details'>Exited webInterface()</td>
												</tr>
												<tr class='log' status='fail'>
													<td class='status fail' title='fail' alt='fail'><i class='material-icons'>cancel</i></td>
													<td class='timestamp'>9:02:14 PM</td>
													<td class='step-details'><pre>java.lang.NullPointerException
	at angular.testscripts.prereuisitesangular.PreRequisite_EVD_Revamp.A_03_performEVDRechargeAlphaNumericDenomination(PreRequisite_EVD_Revamp.java:98)
	at sun.reflect.NativeMethodAccessorImpl.invoke0(Native Method)
	at sun.reflect.NativeMethodAccessorImpl.invoke(Unknown Source)
	at sun.reflect.DelegatingMethodAccessorImpl.invoke(Unknown Source)
	at java.lang.reflect.Method.invoke(Unknown Source)
	at org.testng.internal.MethodInvocationHelper.invokeMethod(MethodInvocationHelper.java:124)
	at org.testng.internal.Invoker.invokeMethod(Invoker.java:580)
	at org.testng.internal.Invoker.invokeTestMethod(Invoker.java:716)
	at org.testng.internal.Invoker.invokeTestMethods(Invoker.java:988)
	at org.testng.internal.TestMethodWorker.invokeTestMethods(TestMethodWorker.java:125)
	at org.testng.internal.TestMethodWorker.run(TestMethodWorker.java:109)
	at org.testng.TestRunner.privateRun(TestRunner.java:648)
	at org.testng.TestRunner.run(TestRunner.java:505)
	at org.testng.SuiteRunner.runTest(SuiteRunner.java:455)
	at org.testng.SuiteRunner.runSequentially(SuiteRunner.java:450)
	at org.testng.SuiteRunner.privateRun(SuiteRunner.java:415)
	at org.testng.SuiteRunner.run(SuiteRunner.java:364)
	at org.testng.SuiteRunnerWorker.runSuite(SuiteRunnerWorker.java:52)
	at org.testng.SuiteRunnerWorker.run(SuiteRunnerWorker.java:84)
	at org.testng.TestNG.runSuitesSequentially(TestNG.java:1208)
	at org.testng.TestNG.runSuitesLocally(TestNG.java:1137)
	at org.testng.TestNG.runSuites(TestNG.java:1049)
	at org.testng.TestNG.run(TestNG.java:1017)
	at org.testng.remote.AbstractRemoteTestNG.run(AbstractRemoteTestNG.java:115)
	at org.testng.remote.RemoteTestNG.initAndRun(RemoteTestNG.java:251)
	at org.testng.remote.RemoteTestNG.main(RemoteTestNG.java:77)
</pre></td>
												</tr>
												<tr class='log' status='error'>
													<td class='status error' title='error' alt='error'><i class='material-icons'>error</i></td>
													<td class='timestamp'>9:02:35 PM</td>
													<td class='step-details'>Error while getting SSH Server Instance : com.jcraft.jsch.JSchException: java.net.ConnectException: Connection timed out: connect</td>
												</tr>
												<tr class='log' status='fail'>
													<td class='status fail' title='fail' alt='fail'><i class='material-icons'>cancel</i></td>
													<td class='timestamp'>9:02:35 PM</td>
													<td class='step-details'><a href='null'><b><h6><font color='red'>Catalina Log</font></h6></b></a></td>
												</tr>
										</tbody>
									</table>
										<ul class='screenshots'>
												<li><img data-featherlight='..//Output//Screenshots//Screenshot_1654097557747.jpg' width='10%' src='' data-src='..//Output//Screenshots//Screenshot_1654097557747.jpg'></li>
										</ul>
								</div>
						</div>
				</li>
				<li class='node level-1 leaf fail' status='fail' test-id='14'>
					<div class='collapsible-header'>
						<div class='node-name'>To verify that Agent is not able to perform EVD Recharge through WEB if Denomination is alphanumeric.</div>						
						<span class='node-time'>Jun 1, 2022 09:02:37 PM</span>
						<span class='node-duration'>0h 0m 46s+248ms</span>
						<span class='test-status right fail'>fail</span>
					</div>
						<div class='collapsible-body'>
									<div class='category-list right'>
											<span class='category label white-text'>Pre-Requisite</span>
									</div>
								<div class='node-steps'>
									<table class='bordered table-results'>
										<thead>
											<tr>
												<th>Status</th>
												<th>Timestamp</th>
												<th>Details</th>
											</tr>
										</thead>
										<tbody>
												<tr class='log' status='info'>
													<td class='status info' title='info' alt='info'><i class='material-icons'>info_outline</i></td>
													<td class='timestamp'>9:02:37 PM</td>
													<td class='step-details'>Category Code for Agent: AG</td>
												</tr>
												<tr class='log' status='info'>
													<td class='status info' title='info' alt='info'><i class='material-icons'>info_outline</i></td>
													<td class='timestamp'>9:02:37 PM</td>
													<td class='step-details'>Entered webInterface(Agent)</td>
												</tr>
												<tr class='log' status='info'>
													<td class='status info' title='info' alt='info'><i class='material-icons'>info_outline</i></td>
													<td class='timestamp'>9:02:37 PM</td>
													<td class='step-details'>webInterface() :: select query: Select WEB_INTERFACE_ALLOWED from categories where category_name= ?</td>
												</tr>
												<tr class='log' status='info'>
													<td class='status info' title='info' alt='info'><i class='material-icons'>info_outline</i></td>
													<td class='timestamp'>9:02:38 PM</td>
													<td class='step-details'>Database Returns: WEB_INTERFACE_ALLOWED (Y)</td>
												</tr>
												<tr class='log' status='info'>
													<td class='status info' title='info' alt='info'><i class='material-icons'>info_outline</i></td>
													<td class='timestamp'>9:02:38 PM</td>
													<td class='step-details'>Exited webInterface()</td>
												</tr>
												<tr class='log' status='info'>
													<td class='status info' title='info' alt='info'><i class='material-icons'>info_outline</i></td>
													<td class='timestamp'>9:02:38 PM</td>
													<td class='step-details'><span class='label white-text grey'>Entered performEVDRechargeAlphaNumericDenomination(Super Distributor, Agent, 1357, EVD)</span></td>
												</tr>
												<tr class='log' status='info'>
													<td class='status info' title='info' alt='info'><i class='material-icons'>info_outline</i></td>
													<td class='timestamp'>9:02:38 PM</td>
													<td class='step-details'>LoginID found as: AUT_08837</td>
												</tr>
												<tr class='log' status='info'>
													<td class='status info' title='info' alt='info'><i class='material-icons'>info_outline</i></td>
													<td class='timestamp'>9:02:38 PM</td>
													<td class='step-details'>Password found as: com@2468</td>
												</tr>
												<tr class='log' status='info'>
													<td class='status info' title='info' alt='info'><i class='material-icons'>info_outline</i></td>
													<td class='timestamp'>9:02:38 PM</td>
													<td class='step-details'>Username found as: AUTFN7086 AUTLN1035</td>
												</tr>
												<tr class='log' status='info'>
													<td class='status info' title='info' alt='info'><i class='material-icons'>info_outline</i></td>
													<td class='timestamp'>9:02:38 PM</td>
													<td class='step-details'>Trying to select Language</td>
												</tr>
												<tr class='log' status='info'>
													<td class='status info' title='info' alt='info'><i class='material-icons'>info_outline</i></td>
													<td class='timestamp'>9:02:39 PM</td>
													<td class='step-details'>Language selected successfully as: English</td>
												</tr>
												<tr class='log' status='info'>
													<td class='status info' title='info' alt='info'><i class='material-icons'>info_outline</i></td>
													<td class='timestamp'>9:02:39 PM</td>
													<td class='step-details'>Trying to enter Login ID</td>
												</tr>
												<tr class='log' status='info'>
													<td class='status info' title='info' alt='info'><i class='material-icons'>info_outline</i></td>
													<td class='timestamp'>9:02:39 PM</td>
													<td class='step-details'>Login ID entered successfully as: AUT_08837</td>
												</tr>
												<tr class='log' status='info'>
													<td class='status info' title='info' alt='info'><i class='material-icons'>info_outline</i></td>
													<td class='timestamp'>9:02:39 PM</td>
													<td class='step-details'>Trying to enter Password</td>
												</tr>
												<tr class='log' status='info'>
													<td class='status info' title='info' alt='info'><i class='material-icons'>info_outline</i></td>
													<td class='timestamp'>9:02:39 PM</td>
													<td class='step-details'>Password entered successfully as: com@2468</td>
												</tr>
												<tr class='log' status='info'>
													<td class='status info' title='info' alt='info'><i class='material-icons'>info_outline</i></td>
													<td class='timestamp'>9:02:39 PM</td>
													<td class='step-details'>Trying to click Login Button</td>
												</tr>
												<tr class='log' status='info'>
													<td class='status info' title='info' alt='info'><i class='material-icons'>info_outline</i></td>
													<td class='timestamp'>9:02:39 PM</td>
													<td class='step-details'>Login button clicked successfully</td>
												</tr>
												<tr class='log' status='info'>
													<td class='status info' title='info' alt='info'><i class='material-icons'>info_outline</i></td>
													<td class='timestamp'>9:02:39 PM</td>
													<td class='step-details'>Error Message Found on Login Screen:</td>
												</tr>
												<tr class='log' status='info'>
													<td class='status info' title='info' alt='info'><i class='material-icons'>info_outline</i></td>
													<td class='timestamp'>9:02:42 PM</td>
													<td class='step-details'>User clicked Recharged Heading Link.</td>
												</tr>
												<tr class='log' status='fail'>
													<td class='status fail' title='fail' alt='fail'><i class='material-icons'>cancel</i></td>
													<td class='timestamp'>9:03:03 PM</td>
													<td class='step-details'><textarea>org.openqa.selenium.TimeoutException: Expected condition failed: waiting for visibility of [[ChromeDriver: chrome on WINDOWS (4cc23ccfc03147a10f4b61e16dcd55d1)] -> xpath: //nav[@class='sidebar']//div[@class='nested-menu']//a[@id='recharge']] (tried for 20 second(s) with 500 milliseconds interval)
Build info: version: '3.10.0', revision: '176b4a9', time: '2018-03-02T19:03:16.397Z'
System info: host: 'MCKL-20005142', ip: '192.168.1.38', os.name: 'Windows 10', os.arch: 'amd64', os.version: '10.0', java.version: '1.8.0_291'
Driver info: org.openqa.selenium.chrome.ChromeDriver
Capabilities {acceptInsecureCerts: false, browserName: chrome, browserVersion: 102.0.5005.63, chrome: {chromedriverVersion: 102.0.5005.61 (0e59bcc00cc4..., userDataDir: C:\Users\SOURAB~1.AWA\AppDa...}, goog:chromeOptions: {debuggerAddress: localhost:51300}, javascriptEnabled: true, networkConnectionEnabled: false, pageLoadStrategy: normal, platform: WINDOWS, platformName: WINDOWS, proxy: Proxy(), setWindowRect: true, strictFileInteractability: false, timeouts: {implicit: 0, pageLoad: 300000, script: 30000}, unhandledPromptBehavior: dismiss and notify, webauthn:extension:credBlob: true, webauthn:extension:largeBlob: true, webauthn:virtualAuthenticators: true}
Session ID: 4cc23ccfc03147a10f4b61e16dcd55d1
	at org.openqa.selenium.support.ui.WebDriverWait.timeoutException(WebDriverWait.java:82)
	at org.openqa.selenium.support.ui.FluentWait.until(FluentWait.java:272)
	at angular.pageobjects.recharge.Recharges.clickRecharge(Recharges.java:477)
	at angular.feature.EVDRechargeRevamp.performEVDRechargeAlphaNumericDenomination(EVDRechargeRevamp.java:231)
	at angular.testscripts.prereuisitesangular.PreRequisite_EVD_Revamp.A_03_performEVDRechargeAlphaNumericDenomination(PreRequisite_EVD_Revamp.java:99)
	at sun.reflect.NativeMethodAccessorImpl.invoke0(Native Method)
	at sun.reflect.NativeMethodAccessorImpl.invoke(Unknown Source)
	at sun.reflect.DelegatingMethodAccessorImpl.invoke(Unknown Source)
	at java.lang.reflect.Method.invoke(Unknown Source)
	at org.testng.internal.MethodInvocationHelper.invokeMethod(MethodInvocationHelper.java:124)
	at org.testng.internal.Invoker.invokeMethod(Invoker.java:580)
	at org.testng.internal.Invoker.invokeTestMethod(Invoker.java:716)
	at org.testng.internal.Invoker.invokeTestMethods(Invoker.java:988)
	at org.testng.internal.TestMethodWorker.invokeTestMethods(TestMethodWorker.java:125)
	at org.testng.internal.TestMethodWorker.run(TestMethodWorker.java:109)
	at org.testng.TestRunner.privateRun(TestRunner.java:648)
	at org.testng.TestRunner.run(TestRunner.java:505)
	at org.testng.SuiteRunner.runTest(SuiteRunner.java:455)
	at org.testng.SuiteRunner.runSequentially(SuiteRunner.java:450)
	at org.testng.SuiteRunner.privateRun(SuiteRunner.java:415)
	at org.testng.SuiteRunner.run(SuiteRunner.java:364)
	at org.testng.SuiteRunnerWorker.runSuite(SuiteRunnerWorker.java:52)
	at org.testng.SuiteRunnerWorker.run(SuiteRunnerWorker.java:84)
	at org.testng.TestNG.runSuitesSequentially(TestNG.java:1208)
	at org.testng.TestNG.runSuitesLocally(TestNG.java:1137)
	at org.testng.TestNG.runSuites(TestNG.java:1049)
	at org.testng.TestNG.run(TestNG.java:1017)
	at org.testng.remote.AbstractRemoteTestNG.run(AbstractRemoteTestNG.java:115)
	at org.testng.remote.RemoteTestNG.initAndRun(RemoteTestNG.java:251)
	at org.testng.remote.RemoteTestNG.main(RemoteTestNG.java:77)
</textarea></td>
												</tr>
												<tr class='log' status='error'>
													<td class='status error' title='error' alt='error'><i class='material-icons'>error</i></td>
													<td class='timestamp'>9:03:24 PM</td>
													<td class='step-details'>Error while getting SSH Server Instance : com.jcraft.jsch.JSchException: java.net.ConnectException: Connection timed out: connect</td>
												</tr>
												<tr class='log' status='fail'>
													<td class='status fail' title='fail' alt='fail'><i class='material-icons'>cancel</i></td>
													<td class='timestamp'>9:03:24 PM</td>
													<td class='step-details'><a href='null'><b><h6><font color='red'>Catalina Log</font></h6></b></a></td>
												</tr>
										</tbody>
									</table>
										<ul class='screenshots'>
												<li><img data-featherlight='..//Output//Screenshots//Screenshot_1654097604332.jpg' width='10%' src='' data-src='..//Output//Screenshots//Screenshot_1654097604332.jpg'></li>
										</ul>
								</div>
						</div>
				</li>
	</ul>
					</div>
				</li>
			</ul>
		</div>
	</div>
	<!-- subview left -->

	<div class='subview-right left'>
		<div class='view-summary'>
			<h5 class='test-name'></h5>

			<div id='step-filters' class="right">
				<span class="blue-text" status="info" alt="info" title="info"><i class="material-icons">info_outline</i></span>
				<span class="green-text" status="pass" alt="pass" title="pass"><i class="material-icons">check_circle</i></span>
				<span class="red-text" status="fail" alt="fail" title="fail"><i class="material-icons">cancel</i></span>
				<span class="red-text text-darken-4" status="fatal" alt="fatal" title="fatal"><i class="material-icons">cancel</i></span>
				<span class="pink-text text-lighten-1" status="error" alt="error" title="error"><i class="material-icons">error</i></span>
				<span class="orange-text" alt="warning" status="warning" title="warning"><i class="material-icons">warning</i></span>
				<span class="teal-text" status="skip" alt="skip" title="skip"><i class="material-icons">redo</i></span>
				<span status="clear" alt="Clear filters" title="Clear filters"><i class="material-icons">clear</i></span>
			</div>
		</div>
	</div>
	<!-- subview right -->

</div>
<!-- test view -->
<div id='category-view' class='view hide'>

	<section id='controls'>
		<div class='controls grey lighten-4'>
			<!-- search -->
			<div class='chip transparent' alt='Search Tests' title='Search Tests'>
				<a href="#" class='search-div'>
					<i class='material-icons'>search</i> Search
				</a>
				
				<div class='input-field left hide'>
					<input id='search-tests' type='text' class='validate browser-default' placeholder='Search Tests...'>
				</div>
				
			</div>
			<!-- search -->
		</div>
	</section>

	<div class='subview-left left'>
		
		<div class='view-summary'>
			<h5>Categories</h3>
			<ul id='category-collection' class='category-collection'>
				
				<li class='category displayed active'>
					<div class='category-heading'>
						<span class='category-name'>Pre-Requisite</span>
						<span class='category-status right'>
							<span class='label fail'>13</span>
						</span>
					</div>
					<div class='category-content hide'>
						<div class='category-status-counts'>
							
							<span class='label red lighten-1 white-text'>Failed: 13</span>
							
						</div>
					
						<div class='category-tests'>
							<table class='bordered table-results'>
								<thead>
									<tr>
										<th>Timestamp</th>
										<th>TestName</th>
										<th>Status</th>
									</tr>
								</thead>
								<tbody>
									<tr>
										<td>Jun 1, 2022 08:31:34 PM</td>
										<td class='linked' test-id='2'>[Pre-Requisite]EVD Voucher Recharge.To verify Super Distributor is able to perform EVD Recharge.</td>
										<td><span class='test-status fail'>fail</span></td>
									</tr>
									<tr>
										<td>Jun 1, 2022 08:32:23 PM</td>
										<td class='linked' test-id='3'>[Pre-Requisite]EVD Voucher Recharge.To verify Dealer is able to perform EVD Recharge.</td>
										<td><span class='test-status fail'>fail</span></td>
									</tr>
									<tr>
										<td>Jun 1, 2022 08:33:08 PM</td>
										<td class='linked' test-id='4'>[Pre-Requisite]EVD Voucher Recharge.To verify Agent is able to perform EVD Recharge.</td>
										<td><span class='test-status fail'>fail</span></td>
									</tr>
									<tr>
										<td>Jun 1, 2022 08:33:54 PM</td>
										<td class='linked' test-id='5'>[Pre-Requisite]EVD Voucher Recharge.To verify Agent is able to perform EVD Recharge.</td>
										<td><span class='test-status fail'>fail</span></td>
									</tr>
									<tr>
										<td>Jun 1, 2022 08:34:40 PM</td>
										<td class='linked' test-id='6'>[Pre-Requisite]EVD Voucher Recharge.To verify Retailer is able to perform EVD Recharge.</td>
										<td><span class='test-status fail'>fail</span></td>
									</tr>
									<tr>
										<td>Jun 1, 2022 08:35:28 PM</td>
										<td class='linked' test-id='7'>[Pre-Requisite]EVD Voucher Recharge.To verify that Super Distributor is not able to perform EVD Recharge through WEB if subscriber Denomination is blank.</td>
										<td><span class='test-status fail'>fail</span></td>
									</tr>
									<tr>
										<td>Jun 1, 2022 08:36:13 PM</td>
										<td class='linked' test-id='8'>[Pre-Requisite]EVD Voucher Recharge.To verify that Dealer is not able to perform EVD Recharge through WEB if subscriber Denomination is blank.</td>
										<td><span class='test-status fail'>fail</span></td>
									</tr>
									<tr>
										<td>Jun 1, 2022 08:36:59 PM</td>
										<td class='linked' test-id='9'>[Pre-Requisite]EVD Voucher Recharge.To verify that Agent is not able to perform EVD Recharge through WEB if subscriber Denomination is blank.</td>
										<td><span class='test-status fail'>fail</span></td>
									</tr>
									<tr>
										<td>Jun 1, 2022 08:37:44 PM</td>
										<td class='linked' test-id='10'>[Pre-Requisite]EVD Voucher Recharge.To verify that Agent is not able to perform EVD Recharge through WEB if subscriber Denomination is blank.</td>
										<td><span class='test-status fail'>fail</span></td>
									</tr>
									<tr>
										<td>Jun 1, 2022 08:38:29 PM</td>
										<td class='linked' test-id='11'>[Pre-Requisite]EVD Voucher Recharge.To verify that Retailer is not able to perform EVD Recharge through WEB if subscriber Denomination is blank.</td>
										<td><span class='test-status fail'>fail</span></td>
									</tr>
									<tr>
										<td>Jun 1, 2022 09:01:51 PM</td>
										<td class='linked' test-id='12'>[Pre-Requisite]EVD Voucher Recharge.To verify that Super Distributor is not able to perform EVD Recharge through WEB if Denomination is alphanumeric.</td>
										<td><span class='test-status fail'>fail</span></td>
									</tr>
									<tr>
										<td>Jun 1, 2022 09:01:52 PM</td>
										<td class='linked' test-id='13'>[Pre-Requisite]EVD Voucher Recharge.To verify that Dealer is not able to perform EVD Recharge through WEB if Denomination is alphanumeric.</td>
										<td><span class='test-status fail'>fail</span></td>
									</tr>
									<tr>
										<td>Jun 1, 2022 09:02:37 PM</td>
										<td class='linked' test-id='14'>[Pre-Requisite]EVD Voucher Recharge.To verify that Agent is not able to perform EVD Recharge through WEB if Denomination is alphanumeric.</td>
										<td><span class='test-status fail'>fail</span></td>
									</tr>
								</tbody>
							</table>
						</div>
					</div>
				</li>

			</ul>
		</div>
	</div>

	<div class='subview-right left'>
		<div class='view-summary'>
			<h5 class='category-name'></h5>
		</div>
	</div>
</div>
<!-- category view -->
<div id='exception-view' class='view hide'>

    <section id='controls'>
        <div class='controls grey lighten-4'>
            <!-- search -->
            <div class='chip transparent' alt='Search Tests' title='Search Tests'>
                <a href="#" class='search-div'>
                    <i class='material-icons'>search</i> Search
                </a>

                <div class='input-field left hide'>
                    <input id='search-tests' type='text' class='validate browser-default' placeholder='Search Tests...'>
                </div>

            </div>
            <!-- search -->
        </div>
    </section>

    <div class='subview-left left'>

        <div class='view-summary'>
            <h5>Exceptions</h3>
                <ul id='exception-collection' class='exception-collection'>

                        <li class='exception displayed active'>
                            <div class='exception-heading'>
                                <span class='exception-name'>org.openqa.selenium.TimeoutException</span>
                                <span class='exception-count right'><span class='label red lighten-1 white-text'>11</span></span>
                            </div>
                            <div class='exception-content hide'>
                                <div class='exception-tests'>
                                    <table class='bordered table-results'>
                                        <thead>
                                        <tr>
                                            <th>Timestamp</th>
                                            <th>TestName</th>
                                            <th>Status</th>
                                        </tr>
                                        </thead>
                                        <tbody>
                                                    <tr>
                                                        <td>Jun 1, 2022 08:31:34 PM</td>
                                                        <td class='linked' test-id='2'>[Pre-Requisite]EVD Voucher Recharge.To verify Super Distributor is able to perform EVD Recharge.</td>
                                                        <td><pre><textarea>org.openqa.selenium.TimeoutException: Expected condition failed: waiting for visibility of [[ChromeDriver: chrome on WINDOWS (4cc23ccfc03147a10f4b61e16dcd55d1)] -> xpath: //nav[@class='sidebar']//div[@class='nested-menu']//a[@id='recharge']] (tried for 20 second(s) with 500 milliseconds interval)
Build info: version: '3.10.0', revision: '176b4a9', time: '2018-03-02T19:03:16.397Z'
System info: host: 'MCKL-20005142', ip: '192.168.1.38', os.name: 'Windows 10', os.arch: 'amd64', os.version: '10.0', java.version: '1.8.0_291'
Driver info: org.openqa.selenium.chrome.ChromeDriver
Capabilities {acceptInsecureCerts: false, browserName: chrome, browserVersion: 102.0.5005.63, chrome: {chromedriverVersion: 102.0.5005.61 (0e59bcc00cc4..., userDataDir: C:\Users\SOURAB~1.AWA\AppDa...}, goog:chromeOptions: {debuggerAddress: localhost:51300}, javascriptEnabled: true, networkConnectionEnabled: false, pageLoadStrategy: normal, platform: WINDOWS, platformName: WINDOWS, proxy: Proxy(), setWindowRect: true, strictFileInteractability: false, timeouts: {implicit: 0, pageLoad: 300000, script: 30000}, unhandledPromptBehavior: dismiss and notify, webauthn:extension:credBlob: true, webauthn:extension:largeBlob: true, webauthn:virtualAuthenticators: true}
Session ID: 4cc23ccfc03147a10f4b61e16dcd55d1
	at org.openqa.selenium.support.ui.WebDriverWait.timeoutException(WebDriverWait.java:82)
	at org.openqa.selenium.support.ui.FluentWait.until(FluentWait.java:272)
	at angular.pageobjects.recharge.Recharges.clickRecharge(Recharges.java:477)
	at angular.feature.EVDRechargeRevamp.performEVDRecharge(EVDRechargeRevamp.java:114)
	at angular.testscripts.prereuisitesangular.PreRequisite_EVD_Revamp.A_01_Test_EVDRecharge(PreRequisite_EVD_Revamp.java:40)
	at sun.reflect.NativeMethodAccessorImpl.invoke0(Native Method)
	at sun.reflect.NativeMethodAccessorImpl.invoke(Unknown Source)
	at sun.reflect.DelegatingMethodAccessorImpl.invoke(Unknown Source)
	at java.lang.reflect.Method.invoke(Unknown Source)
	at org.testng.internal.MethodInvocationHelper.invokeMethod(MethodInvocationHelper.java:124)
	at org.testng.internal.Invoker.invokeMethod(Invoker.java:580)
	at org.testng.internal.Invoker.invokeTestMethod(Invoker.java:716)
	at org.testng.internal.Invoker.invokeTestMethods(Invoker.java:988)
	at org.testng.internal.TestMethodWorker.invokeTestMethods(TestMethodWorker.java:125)
	at org.testng.internal.TestMethodWorker.run(TestMethodWorker.java:109)
	at org.testng.TestRunner.privateRun(TestRunner.java:648)
	at org.testng.TestRunner.run(TestRunner.java:505)
	at org.testng.SuiteRunner.runTest(SuiteRunner.java:455)
	at org.testng.SuiteRunner.runSequentially(SuiteRunner.java:450)
	at org.testng.SuiteRunner.privateRun(SuiteRunner.java:415)
	at org.testng.SuiteRunner.run(SuiteRunner.java:364)
	at org.testng.SuiteRunnerWorker.runSuite(SuiteRunnerWorker.java:52)
	at org.testng.SuiteRunnerWorker.run(SuiteRunnerWorker.java:84)
	at org.testng.TestNG.runSuitesSequentially(TestNG.java:1208)
	at org.testng.TestNG.runSuitesLocally(TestNG.java:1137)
	at org.testng.TestNG.runSuites(TestNG.java:1049)
	at org.testng.TestNG.run(TestNG.java:1017)
	at org.testng.remote.AbstractRemoteTestNG.run(AbstractRemoteTestNG.java:115)
	at org.testng.remote.RemoteTestNG.initAndRun(RemoteTestNG.java:251)
	at org.testng.remote.RemoteTestNG.main(RemoteTestNG.java:77)
</textarea></pre></td>
                                                    </tr>
                                                    <tr>
                                                        <td>Jun 1, 2022 08:32:23 PM</td>
                                                        <td class='linked' test-id='3'>[Pre-Requisite]EVD Voucher Recharge.To verify Dealer is able to perform EVD Recharge.</td>
                                                        <td><pre><textarea>org.openqa.selenium.TimeoutException: Expected condition failed: waiting for visibility of [[ChromeDriver: chrome on WINDOWS (4cc23ccfc03147a10f4b61e16dcd55d1)] -> xpath: //nav[@class='sidebar']//div[@class='nested-menu']//a[@id='recharge']] (tried for 20 second(s) with 500 milliseconds interval)
Build info: version: '3.10.0', revision: '176b4a9', time: '2018-03-02T19:03:16.397Z'
System info: host: 'MCKL-20005142', ip: '192.168.1.38', os.name: 'Windows 10', os.arch: 'amd64', os.version: '10.0', java.version: '1.8.0_291'
Driver info: org.openqa.selenium.chrome.ChromeDriver
Capabilities {acceptInsecureCerts: false, browserName: chrome, browserVersion: 102.0.5005.63, chrome: {chromedriverVersion: 102.0.5005.61 (0e59bcc00cc4..., userDataDir: C:\Users\SOURAB~1.AWA\AppDa...}, goog:chromeOptions: {debuggerAddress: localhost:51300}, javascriptEnabled: true, networkConnectionEnabled: false, pageLoadStrategy: normal, platform: WINDOWS, platformName: WINDOWS, proxy: Proxy(), setWindowRect: true, strictFileInteractability: false, timeouts: {implicit: 0, pageLoad: 300000, script: 30000}, unhandledPromptBehavior: dismiss and notify, webauthn:extension:credBlob: true, webauthn:extension:largeBlob: true, webauthn:virtualAuthenticators: true}
Session ID: 4cc23ccfc03147a10f4b61e16dcd55d1
	at org.openqa.selenium.support.ui.WebDriverWait.timeoutException(WebDriverWait.java:82)
	at org.openqa.selenium.support.ui.FluentWait.until(FluentWait.java:272)
	at angular.pageobjects.recharge.Recharges.clickRecharge(Recharges.java:477)
	at angular.feature.EVDRechargeRevamp.performEVDRecharge(EVDRechargeRevamp.java:114)
	at angular.testscripts.prereuisitesangular.PreRequisite_EVD_Revamp.A_01_Test_EVDRecharge(PreRequisite_EVD_Revamp.java:40)
	at sun.reflect.NativeMethodAccessorImpl.invoke0(Native Method)
	at sun.reflect.NativeMethodAccessorImpl.invoke(Unknown Source)
	at sun.reflect.DelegatingMethodAccessorImpl.invoke(Unknown Source)
	at java.lang.reflect.Method.invoke(Unknown Source)
	at org.testng.internal.MethodInvocationHelper.invokeMethod(MethodInvocationHelper.java:124)
	at org.testng.internal.Invoker.invokeMethod(Invoker.java:580)
	at org.testng.internal.Invoker.invokeTestMethod(Invoker.java:716)
	at org.testng.internal.Invoker.invokeTestMethods(Invoker.java:988)
	at org.testng.internal.TestMethodWorker.invokeTestMethods(TestMethodWorker.java:125)
	at org.testng.internal.TestMethodWorker.run(TestMethodWorker.java:109)
	at org.testng.TestRunner.privateRun(TestRunner.java:648)
	at org.testng.TestRunner.run(TestRunner.java:505)
	at org.testng.SuiteRunner.runTest(SuiteRunner.java:455)
	at org.testng.SuiteRunner.runSequentially(SuiteRunner.java:450)
	at org.testng.SuiteRunner.privateRun(SuiteRunner.java:415)
	at org.testng.SuiteRunner.run(SuiteRunner.java:364)
	at org.testng.SuiteRunnerWorker.runSuite(SuiteRunnerWorker.java:52)
	at org.testng.SuiteRunnerWorker.run(SuiteRunnerWorker.java:84)
	at org.testng.TestNG.runSuitesSequentially(TestNG.java:1208)
	at org.testng.TestNG.runSuitesLocally(TestNG.java:1137)
	at org.testng.TestNG.runSuites(TestNG.java:1049)
	at org.testng.TestNG.run(TestNG.java:1017)
	at org.testng.remote.AbstractRemoteTestNG.run(AbstractRemoteTestNG.java:115)
	at org.testng.remote.RemoteTestNG.initAndRun(RemoteTestNG.java:251)
	at org.testng.remote.RemoteTestNG.main(RemoteTestNG.java:77)
</textarea></pre></td>
                                                    </tr>
                                                    <tr>
                                                        <td>Jun 1, 2022 08:33:08 PM</td>
                                                        <td class='linked' test-id='4'>[Pre-Requisite]EVD Voucher Recharge.To verify Agent is able to perform EVD Recharge.</td>
                                                        <td><pre><textarea>org.openqa.selenium.TimeoutException: Expected condition failed: waiting for visibility of [[ChromeDriver: chrome on WINDOWS (4cc23ccfc03147a10f4b61e16dcd55d1)] -> xpath: //nav[@class='sidebar']//div[@class='nested-menu']//a[@id='recharge']] (tried for 20 second(s) with 500 milliseconds interval)
Build info: version: '3.10.0', revision: '176b4a9', time: '2018-03-02T19:03:16.397Z'
System info: host: 'MCKL-20005142', ip: '192.168.1.38', os.name: 'Windows 10', os.arch: 'amd64', os.version: '10.0', java.version: '1.8.0_291'
Driver info: org.openqa.selenium.chrome.ChromeDriver
Capabilities {acceptInsecureCerts: false, browserName: chrome, browserVersion: 102.0.5005.63, chrome: {chromedriverVersion: 102.0.5005.61 (0e59bcc00cc4..., userDataDir: C:\Users\SOURAB~1.AWA\AppDa...}, goog:chromeOptions: {debuggerAddress: localhost:51300}, javascriptEnabled: true, networkConnectionEnabled: false, pageLoadStrategy: normal, platform: WINDOWS, platformName: WINDOWS, proxy: Proxy(), setWindowRect: true, strictFileInteractability: false, timeouts: {implicit: 0, pageLoad: 300000, script: 30000}, unhandledPromptBehavior: dismiss and notify, webauthn:extension:credBlob: true, webauthn:extension:largeBlob: true, webauthn:virtualAuthenticators: true}
Session ID: 4cc23ccfc03147a10f4b61e16dcd55d1
	at org.openqa.selenium.support.ui.WebDriverWait.timeoutException(WebDriverWait.java:82)
	at org.openqa.selenium.support.ui.FluentWait.until(FluentWait.java:272)
	at angular.pageobjects.recharge.Recharges.clickRecharge(Recharges.java:477)
	at angular.feature.EVDRechargeRevamp.performEVDRecharge(EVDRechargeRevamp.java:114)
	at angular.testscripts.prereuisitesangular.PreRequisite_EVD_Revamp.A_01_Test_EVDRecharge(PreRequisite_EVD_Revamp.java:40)
	at sun.reflect.NativeMethodAccessorImpl.invoke0(Native Method)
	at sun.reflect.NativeMethodAccessorImpl.invoke(Unknown Source)
	at sun.reflect.DelegatingMethodAccessorImpl.invoke(Unknown Source)
	at java.lang.reflect.Method.invoke(Unknown Source)
	at org.testng.internal.MethodInvocationHelper.invokeMethod(MethodInvocationHelper.java:124)
	at org.testng.internal.Invoker.invokeMethod(Invoker.java:580)
	at org.testng.internal.Invoker.invokeTestMethod(Invoker.java:716)
	at org.testng.internal.Invoker.invokeTestMethods(Invoker.java:988)
	at org.testng.internal.TestMethodWorker.invokeTestMethods(TestMethodWorker.java:125)
	at org.testng.internal.TestMethodWorker.run(TestMethodWorker.java:109)
	at org.testng.TestRunner.privateRun(TestRunner.java:648)
	at org.testng.TestRunner.run(TestRunner.java:505)
	at org.testng.SuiteRunner.runTest(SuiteRunner.java:455)
	at org.testng.SuiteRunner.runSequentially(SuiteRunner.java:450)
	at org.testng.SuiteRunner.privateRun(SuiteRunner.java:415)
	at org.testng.SuiteRunner.run(SuiteRunner.java:364)
	at org.testng.SuiteRunnerWorker.runSuite(SuiteRunnerWorker.java:52)
	at org.testng.SuiteRunnerWorker.run(SuiteRunnerWorker.java:84)
	at org.testng.TestNG.runSuitesSequentially(TestNG.java:1208)
	at org.testng.TestNG.runSuitesLocally(TestNG.java:1137)
	at org.testng.TestNG.runSuites(TestNG.java:1049)
	at org.testng.TestNG.run(TestNG.java:1017)
	at org.testng.remote.AbstractRemoteTestNG.run(AbstractRemoteTestNG.java:115)
	at org.testng.remote.RemoteTestNG.initAndRun(RemoteTestNG.java:251)
	at org.testng.remote.RemoteTestNG.main(RemoteTestNG.java:77)
</textarea></pre></td>
                                                    </tr>
                                                    <tr>
                                                        <td>Jun 1, 2022 08:33:54 PM</td>
                                                        <td class='linked' test-id='5'>[Pre-Requisite]EVD Voucher Recharge.To verify Agent is able to perform EVD Recharge.</td>
                                                        <td><pre><textarea>org.openqa.selenium.TimeoutException: Expected condition failed: waiting for visibility of [[ChromeDriver: chrome on WINDOWS (4cc23ccfc03147a10f4b61e16dcd55d1)] -> xpath: //nav[@class='sidebar']//div[@class='nested-menu']//a[@id='recharge']] (tried for 20 second(s) with 500 milliseconds interval)
Build info: version: '3.10.0', revision: '176b4a9', time: '2018-03-02T19:03:16.397Z'
System info: host: 'MCKL-20005142', ip: '192.168.1.38', os.name: 'Windows 10', os.arch: 'amd64', os.version: '10.0', java.version: '1.8.0_291'
Driver info: org.openqa.selenium.chrome.ChromeDriver
Capabilities {acceptInsecureCerts: false, browserName: chrome, browserVersion: 102.0.5005.63, chrome: {chromedriverVersion: 102.0.5005.61 (0e59bcc00cc4..., userDataDir: C:\Users\SOURAB~1.AWA\AppDa...}, goog:chromeOptions: {debuggerAddress: localhost:51300}, javascriptEnabled: true, networkConnectionEnabled: false, pageLoadStrategy: normal, platform: WINDOWS, platformName: WINDOWS, proxy: Proxy(), setWindowRect: true, strictFileInteractability: false, timeouts: {implicit: 0, pageLoad: 300000, script: 30000}, unhandledPromptBehavior: dismiss and notify, webauthn:extension:credBlob: true, webauthn:extension:largeBlob: true, webauthn:virtualAuthenticators: true}
Session ID: 4cc23ccfc03147a10f4b61e16dcd55d1
	at org.openqa.selenium.support.ui.WebDriverWait.timeoutException(WebDriverWait.java:82)
	at org.openqa.selenium.support.ui.FluentWait.until(FluentWait.java:272)
	at angular.pageobjects.recharge.Recharges.clickRecharge(Recharges.java:477)
	at angular.feature.EVDRechargeRevamp.performEVDRecharge(EVDRechargeRevamp.java:114)
	at angular.testscripts.prereuisitesangular.PreRequisite_EVD_Revamp.A_01_Test_EVDRecharge(PreRequisite_EVD_Revamp.java:40)
	at sun.reflect.NativeMethodAccessorImpl.invoke0(Native Method)
	at sun.reflect.NativeMethodAccessorImpl.invoke(Unknown Source)
	at sun.reflect.DelegatingMethodAccessorImpl.invoke(Unknown Source)
	at java.lang.reflect.Method.invoke(Unknown Source)
	at org.testng.internal.MethodInvocationHelper.invokeMethod(MethodInvocationHelper.java:124)
	at org.testng.internal.Invoker.invokeMethod(Invoker.java:580)
	at org.testng.internal.Invoker.invokeTestMethod(Invoker.java:716)
	at org.testng.internal.Invoker.invokeTestMethods(Invoker.java:988)
	at org.testng.internal.TestMethodWorker.invokeTestMethods(TestMethodWorker.java:125)
	at org.testng.internal.TestMethodWorker.run(TestMethodWorker.java:109)
	at org.testng.TestRunner.privateRun(TestRunner.java:648)
	at org.testng.TestRunner.run(TestRunner.java:505)
	at org.testng.SuiteRunner.runTest(SuiteRunner.java:455)
	at org.testng.SuiteRunner.runSequentially(SuiteRunner.java:450)
	at org.testng.SuiteRunner.privateRun(SuiteRunner.java:415)
	at org.testng.SuiteRunner.run(SuiteRunner.java:364)
	at org.testng.SuiteRunnerWorker.runSuite(SuiteRunnerWorker.java:52)
	at org.testng.SuiteRunnerWorker.run(SuiteRunnerWorker.java:84)
	at org.testng.TestNG.runSuitesSequentially(TestNG.java:1208)
	at org.testng.TestNG.runSuitesLocally(TestNG.java:1137)
	at org.testng.TestNG.runSuites(TestNG.java:1049)
	at org.testng.TestNG.run(TestNG.java:1017)
	at org.testng.remote.AbstractRemoteTestNG.run(AbstractRemoteTestNG.java:115)
	at org.testng.remote.RemoteTestNG.initAndRun(RemoteTestNG.java:251)
	at org.testng.remote.RemoteTestNG.main(RemoteTestNG.java:77)
</textarea></pre></td>
                                                    </tr>
                                                    <tr>
                                                        <td>Jun 1, 2022 08:34:40 PM</td>
                                                        <td class='linked' test-id='6'>[Pre-Requisite]EVD Voucher Recharge.To verify Retailer is able to perform EVD Recharge.</td>
                                                        <td><pre><textarea>org.openqa.selenium.TimeoutException: Expected condition failed: waiting for visibility of [[ChromeDriver: chrome on WINDOWS (4cc23ccfc03147a10f4b61e16dcd55d1)] -> xpath: //nav[@class='sidebar']//div[@class='nested-menu']//a[@id='recharge']] (tried for 20 second(s) with 500 milliseconds interval)
Build info: version: '3.10.0', revision: '176b4a9', time: '2018-03-02T19:03:16.397Z'
System info: host: 'MCKL-20005142', ip: '192.168.1.38', os.name: 'Windows 10', os.arch: 'amd64', os.version: '10.0', java.version: '1.8.0_291'
Driver info: org.openqa.selenium.chrome.ChromeDriver
Capabilities {acceptInsecureCerts: false, browserName: chrome, browserVersion: 102.0.5005.63, chrome: {chromedriverVersion: 102.0.5005.61 (0e59bcc00cc4..., userDataDir: C:\Users\SOURAB~1.AWA\AppDa...}, goog:chromeOptions: {debuggerAddress: localhost:51300}, javascriptEnabled: true, networkConnectionEnabled: false, pageLoadStrategy: normal, platform: WINDOWS, platformName: WINDOWS, proxy: Proxy(), setWindowRect: true, strictFileInteractability: false, timeouts: {implicit: 0, pageLoad: 300000, script: 30000}, unhandledPromptBehavior: dismiss and notify, webauthn:extension:credBlob: true, webauthn:extension:largeBlob: true, webauthn:virtualAuthenticators: true}
Session ID: 4cc23ccfc03147a10f4b61e16dcd55d1
	at org.openqa.selenium.support.ui.WebDriverWait.timeoutException(WebDriverWait.java:82)
	at org.openqa.selenium.support.ui.FluentWait.until(FluentWait.java:272)
	at angular.pageobjects.recharge.Recharges.clickRecharge(Recharges.java:477)
	at angular.feature.EVDRechargeRevamp.performEVDRecharge(EVDRechargeRevamp.java:114)
	at angular.testscripts.prereuisitesangular.PreRequisite_EVD_Revamp.A_01_Test_EVDRecharge(PreRequisite_EVD_Revamp.java:40)
	at sun.reflect.NativeMethodAccessorImpl.invoke0(Native Method)
	at sun.reflect.NativeMethodAccessorImpl.invoke(Unknown Source)
	at sun.reflect.DelegatingMethodAccessorImpl.invoke(Unknown Source)
	at java.lang.reflect.Method.invoke(Unknown Source)
	at org.testng.internal.MethodInvocationHelper.invokeMethod(MethodInvocationHelper.java:124)
	at org.testng.internal.Invoker.invokeMethod(Invoker.java:580)
	at org.testng.internal.Invoker.invokeTestMethod(Invoker.java:716)
	at org.testng.internal.Invoker.invokeTestMethods(Invoker.java:988)
	at org.testng.internal.TestMethodWorker.invokeTestMethods(TestMethodWorker.java:125)
	at org.testng.internal.TestMethodWorker.run(TestMethodWorker.java:109)
	at org.testng.TestRunner.privateRun(TestRunner.java:648)
	at org.testng.TestRunner.run(TestRunner.java:505)
	at org.testng.SuiteRunner.runTest(SuiteRunner.java:455)
	at org.testng.SuiteRunner.runSequentially(SuiteRunner.java:450)
	at org.testng.SuiteRunner.privateRun(SuiteRunner.java:415)
	at org.testng.SuiteRunner.run(SuiteRunner.java:364)
	at org.testng.SuiteRunnerWorker.runSuite(SuiteRunnerWorker.java:52)
	at org.testng.SuiteRunnerWorker.run(SuiteRunnerWorker.java:84)
	at org.testng.TestNG.runSuitesSequentially(TestNG.java:1208)
	at org.testng.TestNG.runSuitesLocally(TestNG.java:1137)
	at org.testng.TestNG.runSuites(TestNG.java:1049)
	at org.testng.TestNG.run(TestNG.java:1017)
	at org.testng.remote.AbstractRemoteTestNG.run(AbstractRemoteTestNG.java:115)
	at org.testng.remote.RemoteTestNG.initAndRun(RemoteTestNG.java:251)
	at org.testng.remote.RemoteTestNG.main(RemoteTestNG.java:77)
</textarea></pre></td>
                                                    </tr>
                                                    <tr>
                                                        <td>Jun 1, 2022 08:35:28 PM</td>
                                                        <td class='linked' test-id='7'>[Pre-Requisite]EVD Voucher Recharge.To verify that Super Distributor is not able to perform EVD Recharge through WEB if subscriber Denomination is blank.</td>
                                                        <td><pre><textarea>org.openqa.selenium.TimeoutException: Expected condition failed: waiting for visibility of [[ChromeDriver: chrome on WINDOWS (4cc23ccfc03147a10f4b61e16dcd55d1)] -> xpath: //nav[@class='sidebar']//div[@class='nested-menu']//a[@id='recharge']] (tried for 20 second(s) with 500 milliseconds interval)
Build info: version: '3.10.0', revision: '176b4a9', time: '2018-03-02T19:03:16.397Z'
System info: host: 'MCKL-20005142', ip: '192.168.1.38', os.name: 'Windows 10', os.arch: 'amd64', os.version: '10.0', java.version: '1.8.0_291'
Driver info: org.openqa.selenium.chrome.ChromeDriver
Capabilities {acceptInsecureCerts: false, browserName: chrome, browserVersion: 102.0.5005.63, chrome: {chromedriverVersion: 102.0.5005.61 (0e59bcc00cc4..., userDataDir: C:\Users\SOURAB~1.AWA\AppDa...}, goog:chromeOptions: {debuggerAddress: localhost:51300}, javascriptEnabled: true, networkConnectionEnabled: false, pageLoadStrategy: normal, platform: WINDOWS, platformName: WINDOWS, proxy: Proxy(), setWindowRect: true, strictFileInteractability: false, timeouts: {implicit: 0, pageLoad: 300000, script: 30000}, unhandledPromptBehavior: dismiss and notify, webauthn:extension:credBlob: true, webauthn:extension:largeBlob: true, webauthn:virtualAuthenticators: true}
Session ID: 4cc23ccfc03147a10f4b61e16dcd55d1
	at org.openqa.selenium.support.ui.WebDriverWait.timeoutException(WebDriverWait.java:82)
	at org.openqa.selenium.support.ui.FluentWait.until(FluentWait.java:272)
	at angular.pageobjects.recharge.Recharges.clickRecharge(Recharges.java:477)
	at angular.feature.EVDRechargeRevamp.performEVDRechargeBlankDenomination(EVDRechargeRevamp.java:186)
	at angular.testscripts.prereuisitesangular.PreRequisite_EVD_Revamp.A_02_performEVDRechargeBlankDenomination(PreRequisite_EVD_Revamp.java:74)
	at sun.reflect.NativeMethodAccessorImpl.invoke0(Native Method)
	at sun.reflect.NativeMethodAccessorImpl.invoke(Unknown Source)
	at sun.reflect.DelegatingMethodAccessorImpl.invoke(Unknown Source)
	at java.lang.reflect.Method.invoke(Unknown Source)
	at org.testng.internal.MethodInvocationHelper.invokeMethod(MethodInvocationHelper.java:124)
	at org.testng.internal.Invoker.invokeMethod(Invoker.java:580)
	at org.testng.internal.Invoker.invokeTestMethod(Invoker.java:716)
	at org.testng.internal.Invoker.invokeTestMethods(Invoker.java:988)
	at org.testng.internal.TestMethodWorker.invokeTestMethods(TestMethodWorker.java:125)
	at org.testng.internal.TestMethodWorker.run(TestMethodWorker.java:109)
	at org.testng.TestRunner.privateRun(TestRunner.java:648)
	at org.testng.TestRunner.run(TestRunner.java:505)
	at org.testng.SuiteRunner.runTest(SuiteRunner.java:455)
	at org.testng.SuiteRunner.runSequentially(SuiteRunner.java:450)
	at org.testng.SuiteRunner.privateRun(SuiteRunner.java:415)
	at org.testng.SuiteRunner.run(SuiteRunner.java:364)
	at org.testng.SuiteRunnerWorker.runSuite(SuiteRunnerWorker.java:52)
	at org.testng.SuiteRunnerWorker.run(SuiteRunnerWorker.java:84)
	at org.testng.TestNG.runSuitesSequentially(TestNG.java:1208)
	at org.testng.TestNG.runSuitesLocally(TestNG.java:1137)
	at org.testng.TestNG.runSuites(TestNG.java:1049)
	at org.testng.TestNG.run(TestNG.java:1017)
	at org.testng.remote.AbstractRemoteTestNG.run(AbstractRemoteTestNG.java:115)
	at org.testng.remote.RemoteTestNG.initAndRun(RemoteTestNG.java:251)
	at org.testng.remote.RemoteTestNG.main(RemoteTestNG.java:77)
</textarea></pre></td>
                                                    </tr>
                                                    <tr>
                                                        <td>Jun 1, 2022 08:36:13 PM</td>
                                                        <td class='linked' test-id='8'>[Pre-Requisite]EVD Voucher Recharge.To verify that Dealer is not able to perform EVD Recharge through WEB if subscriber Denomination is blank.</td>
                                                        <td><pre><textarea>org.openqa.selenium.TimeoutException: Expected condition failed: waiting for visibility of [[ChromeDriver: chrome on WINDOWS (4cc23ccfc03147a10f4b61e16dcd55d1)] -> xpath: //nav[@class='sidebar']//div[@class='nested-menu']//a[@id='recharge']] (tried for 20 second(s) with 500 milliseconds interval)
Build info: version: '3.10.0', revision: '176b4a9', time: '2018-03-02T19:03:16.397Z'
System info: host: 'MCKL-20005142', ip: '192.168.1.38', os.name: 'Windows 10', os.arch: 'amd64', os.version: '10.0', java.version: '1.8.0_291'
Driver info: org.openqa.selenium.chrome.ChromeDriver
Capabilities {acceptInsecureCerts: false, browserName: chrome, browserVersion: 102.0.5005.63, chrome: {chromedriverVersion: 102.0.5005.61 (0e59bcc00cc4..., userDataDir: C:\Users\SOURAB~1.AWA\AppDa...}, goog:chromeOptions: {debuggerAddress: localhost:51300}, javascriptEnabled: true, networkConnectionEnabled: false, pageLoadStrategy: normal, platform: WINDOWS, platformName: WINDOWS, proxy: Proxy(), setWindowRect: true, strictFileInteractability: false, timeouts: {implicit: 0, pageLoad: 300000, script: 30000}, unhandledPromptBehavior: dismiss and notify, webauthn:extension:credBlob: true, webauthn:extension:largeBlob: true, webauthn:virtualAuthenticators: true}
Session ID: 4cc23ccfc03147a10f4b61e16dcd55d1
	at org.openqa.selenium.support.ui.WebDriverWait.timeoutException(WebDriverWait.java:82)
	at org.openqa.selenium.support.ui.FluentWait.until(FluentWait.java:272)
	at angular.pageobjects.recharge.Recharges.clickRecharge(Recharges.java:477)
	at angular.feature.EVDRechargeRevamp.performEVDRechargeBlankDenomination(EVDRechargeRevamp.java:186)
	at angular.testscripts.prereuisitesangular.PreRequisite_EVD_Revamp.A_02_performEVDRechargeBlankDenomination(PreRequisite_EVD_Revamp.java:74)
	at sun.reflect.NativeMethodAccessorImpl.invoke0(Native Method)
	at sun.reflect.NativeMethodAccessorImpl.invoke(Unknown Source)
	at sun.reflect.DelegatingMethodAccessorImpl.invoke(Unknown Source)
	at java.lang.reflect.Method.invoke(Unknown Source)
	at org.testng.internal.MethodInvocationHelper.invokeMethod(MethodInvocationHelper.java:124)
	at org.testng.internal.Invoker.invokeMethod(Invoker.java:580)
	at org.testng.internal.Invoker.invokeTestMethod(Invoker.java:716)
	at org.testng.internal.Invoker.invokeTestMethods(Invoker.java:988)
	at org.testng.internal.TestMethodWorker.invokeTestMethods(TestMethodWorker.java:125)
	at org.testng.internal.TestMethodWorker.run(TestMethodWorker.java:109)
	at org.testng.TestRunner.privateRun(TestRunner.java:648)
	at org.testng.TestRunner.run(TestRunner.java:505)
	at org.testng.SuiteRunner.runTest(SuiteRunner.java:455)
	at org.testng.SuiteRunner.runSequentially(SuiteRunner.java:450)
	at org.testng.SuiteRunner.privateRun(SuiteRunner.java:415)
	at org.testng.SuiteRunner.run(SuiteRunner.java:364)
	at org.testng.SuiteRunnerWorker.runSuite(SuiteRunnerWorker.java:52)
	at org.testng.SuiteRunnerWorker.run(SuiteRunnerWorker.java:84)
	at org.testng.TestNG.runSuitesSequentially(TestNG.java:1208)
	at org.testng.TestNG.runSuitesLocally(TestNG.java:1137)
	at org.testng.TestNG.runSuites(TestNG.java:1049)
	at org.testng.TestNG.run(TestNG.java:1017)
	at org.testng.remote.AbstractRemoteTestNG.run(AbstractRemoteTestNG.java:115)
	at org.testng.remote.RemoteTestNG.initAndRun(RemoteTestNG.java:251)
	at org.testng.remote.RemoteTestNG.main(RemoteTestNG.java:77)
</textarea></pre></td>
                                                    </tr>
                                                    <tr>
                                                        <td>Jun 1, 2022 08:36:59 PM</td>
                                                        <td class='linked' test-id='9'>[Pre-Requisite]EVD Voucher Recharge.To verify that Agent is not able to perform EVD Recharge through WEB if subscriber Denomination is blank.</td>
                                                        <td><pre><textarea>org.openqa.selenium.TimeoutException: Expected condition failed: waiting for visibility of [[ChromeDriver: chrome on WINDOWS (4cc23ccfc03147a10f4b61e16dcd55d1)] -> xpath: //nav[@class='sidebar']//div[@class='nested-menu']//a[@id='recharge']] (tried for 20 second(s) with 500 milliseconds interval)
Build info: version: '3.10.0', revision: '176b4a9', time: '2018-03-02T19:03:16.397Z'
System info: host: 'MCKL-20005142', ip: '192.168.1.38', os.name: 'Windows 10', os.arch: 'amd64', os.version: '10.0', java.version: '1.8.0_291'
Driver info: org.openqa.selenium.chrome.ChromeDriver
Capabilities {acceptInsecureCerts: false, browserName: chrome, browserVersion: 102.0.5005.63, chrome: {chromedriverVersion: 102.0.5005.61 (0e59bcc00cc4..., userDataDir: C:\Users\SOURAB~1.AWA\AppDa...}, goog:chromeOptions: {debuggerAddress: localhost:51300}, javascriptEnabled: true, networkConnectionEnabled: false, pageLoadStrategy: normal, platform: WINDOWS, platformName: WINDOWS, proxy: Proxy(), setWindowRect: true, strictFileInteractability: false, timeouts: {implicit: 0, pageLoad: 300000, script: 30000}, unhandledPromptBehavior: dismiss and notify, webauthn:extension:credBlob: true, webauthn:extension:largeBlob: true, webauthn:virtualAuthenticators: true}
Session ID: 4cc23ccfc03147a10f4b61e16dcd55d1
	at org.openqa.selenium.support.ui.WebDriverWait.timeoutException(WebDriverWait.java:82)
	at org.openqa.selenium.support.ui.FluentWait.until(FluentWait.java:272)
	at angular.pageobjects.recharge.Recharges.clickRecharge(Recharges.java:477)
	at angular.feature.EVDRechargeRevamp.performEVDRechargeBlankDenomination(EVDRechargeRevamp.java:186)
	at angular.testscripts.prereuisitesangular.PreRequisite_EVD_Revamp.A_02_performEVDRechargeBlankDenomination(PreRequisite_EVD_Revamp.java:74)
	at sun.reflect.NativeMethodAccessorImpl.invoke0(Native Method)
	at sun.reflect.NativeMethodAccessorImpl.invoke(Unknown Source)
	at sun.reflect.DelegatingMethodAccessorImpl.invoke(Unknown Source)
	at java.lang.reflect.Method.invoke(Unknown Source)
	at org.testng.internal.MethodInvocationHelper.invokeMethod(MethodInvocationHelper.java:124)
	at org.testng.internal.Invoker.invokeMethod(Invoker.java:580)
	at org.testng.internal.Invoker.invokeTestMethod(Invoker.java:716)
	at org.testng.internal.Invoker.invokeTestMethods(Invoker.java:988)
	at org.testng.internal.TestMethodWorker.invokeTestMethods(TestMethodWorker.java:125)
	at org.testng.internal.TestMethodWorker.run(TestMethodWorker.java:109)
	at org.testng.TestRunner.privateRun(TestRunner.java:648)
	at org.testng.TestRunner.run(TestRunner.java:505)
	at org.testng.SuiteRunner.runTest(SuiteRunner.java:455)
	at org.testng.SuiteRunner.runSequentially(SuiteRunner.java:450)
	at org.testng.SuiteRunner.privateRun(SuiteRunner.java:415)
	at org.testng.SuiteRunner.run(SuiteRunner.java:364)
	at org.testng.SuiteRunnerWorker.runSuite(SuiteRunnerWorker.java:52)
	at org.testng.SuiteRunnerWorker.run(SuiteRunnerWorker.java:84)
	at org.testng.TestNG.runSuitesSequentially(TestNG.java:1208)
	at org.testng.TestNG.runSuitesLocally(TestNG.java:1137)
	at org.testng.TestNG.runSuites(TestNG.java:1049)
	at org.testng.TestNG.run(TestNG.java:1017)
	at org.testng.remote.AbstractRemoteTestNG.run(AbstractRemoteTestNG.java:115)
	at org.testng.remote.RemoteTestNG.initAndRun(RemoteTestNG.java:251)
	at org.testng.remote.RemoteTestNG.main(RemoteTestNG.java:77)
</textarea></pre></td>
                                                    </tr>
                                                    <tr>
                                                        <td>Jun 1, 2022 08:37:44 PM</td>
                                                        <td class='linked' test-id='10'>[Pre-Requisite]EVD Voucher Recharge.To verify that Agent is not able to perform EVD Recharge through WEB if subscriber Denomination is blank.</td>
                                                        <td><pre><textarea>org.openqa.selenium.TimeoutException: Expected condition failed: waiting for visibility of [[ChromeDriver: chrome on WINDOWS (4cc23ccfc03147a10f4b61e16dcd55d1)] -> xpath: //nav[@class='sidebar']//div[@class='nested-menu']//a[@id='recharge']] (tried for 20 second(s) with 500 milliseconds interval)
Build info: version: '3.10.0', revision: '176b4a9', time: '2018-03-02T19:03:16.397Z'
System info: host: 'MCKL-20005142', ip: '192.168.1.38', os.name: 'Windows 10', os.arch: 'amd64', os.version: '10.0', java.version: '1.8.0_291'
Driver info: org.openqa.selenium.chrome.ChromeDriver
Capabilities {acceptInsecureCerts: false, browserName: chrome, browserVersion: 102.0.5005.63, chrome: {chromedriverVersion: 102.0.5005.61 (0e59bcc00cc4..., userDataDir: C:\Users\SOURAB~1.AWA\AppDa...}, goog:chromeOptions: {debuggerAddress: localhost:51300}, javascriptEnabled: true, networkConnectionEnabled: false, pageLoadStrategy: normal, platform: WINDOWS, platformName: WINDOWS, proxy: Proxy(), setWindowRect: true, strictFileInteractability: false, timeouts: {implicit: 0, pageLoad: 300000, script: 30000}, unhandledPromptBehavior: dismiss and notify, webauthn:extension:credBlob: true, webauthn:extension:largeBlob: true, webauthn:virtualAuthenticators: true}
Session ID: 4cc23ccfc03147a10f4b61e16dcd55d1
	at org.openqa.selenium.support.ui.WebDriverWait.timeoutException(WebDriverWait.java:82)
	at org.openqa.selenium.support.ui.FluentWait.until(FluentWait.java:272)
	at angular.pageobjects.recharge.Recharges.clickRecharge(Recharges.java:477)
	at angular.feature.EVDRechargeRevamp.performEVDRechargeBlankDenomination(EVDRechargeRevamp.java:186)
	at angular.testscripts.prereuisitesangular.PreRequisite_EVD_Revamp.A_02_performEVDRechargeBlankDenomination(PreRequisite_EVD_Revamp.java:74)
	at sun.reflect.NativeMethodAccessorImpl.invoke0(Native Method)
	at sun.reflect.NativeMethodAccessorImpl.invoke(Unknown Source)
	at sun.reflect.DelegatingMethodAccessorImpl.invoke(Unknown Source)
	at java.lang.reflect.Method.invoke(Unknown Source)
	at org.testng.internal.MethodInvocationHelper.invokeMethod(MethodInvocationHelper.java:124)
	at org.testng.internal.Invoker.invokeMethod(Invoker.java:580)
	at org.testng.internal.Invoker.invokeTestMethod(Invoker.java:716)
	at org.testng.internal.Invoker.invokeTestMethods(Invoker.java:988)
	at org.testng.internal.TestMethodWorker.invokeTestMethods(TestMethodWorker.java:125)
	at org.testng.internal.TestMethodWorker.run(TestMethodWorker.java:109)
	at org.testng.TestRunner.privateRun(TestRunner.java:648)
	at org.testng.TestRunner.run(TestRunner.java:505)
	at org.testng.SuiteRunner.runTest(SuiteRunner.java:455)
	at org.testng.SuiteRunner.runSequentially(SuiteRunner.java:450)
	at org.testng.SuiteRunner.privateRun(SuiteRunner.java:415)
	at org.testng.SuiteRunner.run(SuiteRunner.java:364)
	at org.testng.SuiteRunnerWorker.runSuite(SuiteRunnerWorker.java:52)
	at org.testng.SuiteRunnerWorker.run(SuiteRunnerWorker.java:84)
	at org.testng.TestNG.runSuitesSequentially(TestNG.java:1208)
	at org.testng.TestNG.runSuitesLocally(TestNG.java:1137)
	at org.testng.TestNG.runSuites(TestNG.java:1049)
	at org.testng.TestNG.run(TestNG.java:1017)
	at org.testng.remote.AbstractRemoteTestNG.run(AbstractRemoteTestNG.java:115)
	at org.testng.remote.RemoteTestNG.initAndRun(RemoteTestNG.java:251)
	at org.testng.remote.RemoteTestNG.main(RemoteTestNG.java:77)
</textarea></pre></td>
                                                    </tr>
                                                    <tr>
                                                        <td>Jun 1, 2022 08:38:29 PM</td>
                                                        <td class='linked' test-id='11'>[Pre-Requisite]EVD Voucher Recharge.To verify that Retailer is not able to perform EVD Recharge through WEB if subscriber Denomination is blank.</td>
                                                        <td><pre><textarea>org.openqa.selenium.TimeoutException: Expected condition failed: waiting for visibility of [[ChromeDriver: chrome on WINDOWS (4cc23ccfc03147a10f4b61e16dcd55d1)] -> xpath: //nav[@class='sidebar']//div[@class='nested-menu']//a[@id='recharge']] (tried for 20 second(s) with 500 milliseconds interval)
Build info: version: '3.10.0', revision: '176b4a9', time: '2018-03-02T19:03:16.397Z'
System info: host: 'MCKL-20005142', ip: '192.168.1.38', os.name: 'Windows 10', os.arch: 'amd64', os.version: '10.0', java.version: '1.8.0_291'
Driver info: org.openqa.selenium.chrome.ChromeDriver
Capabilities {acceptInsecureCerts: false, browserName: chrome, browserVersion: 102.0.5005.63, chrome: {chromedriverVersion: 102.0.5005.61 (0e59bcc00cc4..., userDataDir: C:\Users\SOURAB~1.AWA\AppDa...}, goog:chromeOptions: {debuggerAddress: localhost:51300}, javascriptEnabled: true, networkConnectionEnabled: false, pageLoadStrategy: normal, platform: WINDOWS, platformName: WINDOWS, proxy: Proxy(), setWindowRect: true, strictFileInteractability: false, timeouts: {implicit: 0, pageLoad: 300000, script: 30000}, unhandledPromptBehavior: dismiss and notify, webauthn:extension:credBlob: true, webauthn:extension:largeBlob: true, webauthn:virtualAuthenticators: true}
Session ID: 4cc23ccfc03147a10f4b61e16dcd55d1
	at org.openqa.selenium.support.ui.WebDriverWait.timeoutException(WebDriverWait.java:82)
	at org.openqa.selenium.support.ui.FluentWait.until(FluentWait.java:272)
	at angular.pageobjects.recharge.Recharges.clickRecharge(Recharges.java:477)
	at angular.feature.EVDRechargeRevamp.performEVDRechargeBlankDenomination(EVDRechargeRevamp.java:186)
	at angular.testscripts.prereuisitesangular.PreRequisite_EVD_Revamp.A_02_performEVDRechargeBlankDenomination(PreRequisite_EVD_Revamp.java:74)
	at sun.reflect.NativeMethodAccessorImpl.invoke0(Native Method)
	at sun.reflect.NativeMethodAccessorImpl.invoke(Unknown Source)
	at sun.reflect.DelegatingMethodAccessorImpl.invoke(Unknown Source)
	at java.lang.reflect.Method.invoke(Unknown Source)
	at org.testng.internal.MethodInvocationHelper.invokeMethod(MethodInvocationHelper.java:124)
	at org.testng.internal.Invoker.invokeMethod(Invoker.java:580)
	at org.testng.internal.Invoker.invokeTestMethod(Invoker.java:716)
	at org.testng.internal.Invoker.invokeTestMethods(Invoker.java:988)
	at org.testng.internal.TestMethodWorker.invokeTestMethods(TestMethodWorker.java:125)
	at org.testng.internal.TestMethodWorker.run(TestMethodWorker.java:109)
	at org.testng.TestRunner.privateRun(TestRunner.java:648)
	at org.testng.TestRunner.run(TestRunner.java:505)
	at org.testng.SuiteRunner.runTest(SuiteRunner.java:455)
	at org.testng.SuiteRunner.runSequentially(SuiteRunner.java:450)
	at org.testng.SuiteRunner.privateRun(SuiteRunner.java:415)
	at org.testng.SuiteRunner.run(SuiteRunner.java:364)
	at org.testng.SuiteRunnerWorker.runSuite(SuiteRunnerWorker.java:52)
	at org.testng.SuiteRunnerWorker.run(SuiteRunnerWorker.java:84)
	at org.testng.TestNG.runSuitesSequentially(TestNG.java:1208)
	at org.testng.TestNG.runSuitesLocally(TestNG.java:1137)
	at org.testng.TestNG.runSuites(TestNG.java:1049)
	at org.testng.TestNG.run(TestNG.java:1017)
	at org.testng.remote.AbstractRemoteTestNG.run(AbstractRemoteTestNG.java:115)
	at org.testng.remote.RemoteTestNG.initAndRun(RemoteTestNG.java:251)
	at org.testng.remote.RemoteTestNG.main(RemoteTestNG.java:77)
</textarea></pre></td>
                                                    </tr>
                                                    <tr>
                                                        <td>Jun 1, 2022 09:02:37 PM</td>
                                                        <td class='linked' test-id='14'>[Pre-Requisite]EVD Voucher Recharge.To verify that Agent is not able to perform EVD Recharge through WEB if Denomination is alphanumeric.</td>
                                                        <td><pre><textarea>org.openqa.selenium.TimeoutException: Expected condition failed: waiting for visibility of [[ChromeDriver: chrome on WINDOWS (4cc23ccfc03147a10f4b61e16dcd55d1)] -> xpath: //nav[@class='sidebar']//div[@class='nested-menu']//a[@id='recharge']] (tried for 20 second(s) with 500 milliseconds interval)
Build info: version: '3.10.0', revision: '176b4a9', time: '2018-03-02T19:03:16.397Z'
System info: host: 'MCKL-20005142', ip: '192.168.1.38', os.name: 'Windows 10', os.arch: 'amd64', os.version: '10.0', java.version: '1.8.0_291'
Driver info: org.openqa.selenium.chrome.ChromeDriver
Capabilities {acceptInsecureCerts: false, browserName: chrome, browserVersion: 102.0.5005.63, chrome: {chromedriverVersion: 102.0.5005.61 (0e59bcc00cc4..., userDataDir: C:\Users\SOURAB~1.AWA\AppDa...}, goog:chromeOptions: {debuggerAddress: localhost:51300}, javascriptEnabled: true, networkConnectionEnabled: false, pageLoadStrategy: normal, platform: WINDOWS, platformName: WINDOWS, proxy: Proxy(), setWindowRect: true, strictFileInteractability: false, timeouts: {implicit: 0, pageLoad: 300000, script: 30000}, unhandledPromptBehavior: dismiss and notify, webauthn:extension:credBlob: true, webauthn:extension:largeBlob: true, webauthn:virtualAuthenticators: true}
Session ID: 4cc23ccfc03147a10f4b61e16dcd55d1
	at org.openqa.selenium.support.ui.WebDriverWait.timeoutException(WebDriverWait.java:82)
	at org.openqa.selenium.support.ui.FluentWait.until(FluentWait.java:272)
	at angular.pageobjects.recharge.Recharges.clickRecharge(Recharges.java:477)
	at angular.feature.EVDRechargeRevamp.performEVDRechargeAlphaNumericDenomination(EVDRechargeRevamp.java:231)
	at angular.testscripts.prereuisitesangular.PreRequisite_EVD_Revamp.A_03_performEVDRechargeAlphaNumericDenomination(PreRequisite_EVD_Revamp.java:99)
	at sun.reflect.NativeMethodAccessorImpl.invoke0(Native Method)
	at sun.reflect.NativeMethodAccessorImpl.invoke(Unknown Source)
	at sun.reflect.DelegatingMethodAccessorImpl.invoke(Unknown Source)
	at java.lang.reflect.Method.invoke(Unknown Source)
	at org.testng.internal.MethodInvocationHelper.invokeMethod(MethodInvocationHelper.java:124)
	at org.testng.internal.Invoker.invokeMethod(Invoker.java:580)
	at org.testng.internal.Invoker.invokeTestMethod(Invoker.java:716)
	at org.testng.internal.Invoker.invokeTestMethods(Invoker.java:988)
	at org.testng.internal.TestMethodWorker.invokeTestMethods(TestMethodWorker.java:125)
	at org.testng.internal.TestMethodWorker.run(TestMethodWorker.java:109)
	at org.testng.TestRunner.privateRun(TestRunner.java:648)
	at org.testng.TestRunner.run(TestRunner.java:505)
	at org.testng.SuiteRunner.runTest(SuiteRunner.java:455)
	at org.testng.SuiteRunner.runSequentially(SuiteRunner.java:450)
	at org.testng.SuiteRunner.privateRun(SuiteRunner.java:415)
	at org.testng.SuiteRunner.run(SuiteRunner.java:364)
	at org.testng.SuiteRunnerWorker.runSuite(SuiteRunnerWorker.java:52)
	at org.testng.SuiteRunnerWorker.run(SuiteRunnerWorker.java:84)
	at org.testng.TestNG.runSuitesSequentially(TestNG.java:1208)
	at org.testng.TestNG.runSuitesLocally(TestNG.java:1137)
	at org.testng.TestNG.runSuites(TestNG.java:1049)
	at org.testng.TestNG.run(TestNG.java:1017)
	at org.testng.remote.AbstractRemoteTestNG.run(AbstractRemoteTestNG.java:115)
	at org.testng.remote.RemoteTestNG.initAndRun(RemoteTestNG.java:251)
	at org.testng.remote.RemoteTestNG.main(RemoteTestNG.java:77)
</textarea></pre></td>
                                                    </tr>
                                        </tbody>
                                    </table>
                                </div>
                            </div>
                        </li>
                        <li class='exception displayed active'>
                            <div class='exception-heading'>
                                <span class='exception-name'>java.lang.NullPointerException</span>
                                <span class='exception-count right'><span class='label red lighten-1 white-text'>2</span></span>
                            </div>
                            <div class='exception-content hide'>
                                <div class='exception-tests'>
                                    <table class='bordered table-results'>
                                        <thead>
                                        <tr>
                                            <th>Timestamp</th>
                                            <th>TestName</th>
                                            <th>Status</th>
                                        </tr>
                                        </thead>
                                        <tbody>
                                                    <tr>
                                                        <td>Jun 1, 2022 09:01:51 PM</td>
                                                        <td class='linked' test-id='12'>[Pre-Requisite]EVD Voucher Recharge.To verify that Super Distributor is not able to perform EVD Recharge through WEB if Denomination is alphanumeric.</td>
                                                        <td><pre><pre>java.lang.NullPointerException
	at angular.testscripts.prereuisitesangular.PreRequisite_EVD_Revamp.A_03_performEVDRechargeAlphaNumericDenomination(PreRequisite_EVD_Revamp.java:98)
	at sun.reflect.NativeMethodAccessorImpl.invoke0(Native Method)
	at sun.reflect.NativeMethodAccessorImpl.invoke(Unknown Source)
	at sun.reflect.DelegatingMethodAccessorImpl.invoke(Unknown Source)
	at java.lang.reflect.Method.invoke(Unknown Source)
	at org.testng.internal.MethodInvocationHelper.invokeMethod(MethodInvocationHelper.java:124)
	at org.testng.internal.Invoker.invokeMethod(Invoker.java:580)
	at org.testng.internal.Invoker.invokeTestMethod(Invoker.java:716)
	at org.testng.internal.Invoker.invokeTestMethods(Invoker.java:988)
	at org.testng.internal.TestMethodWorker.invokeTestMethods(TestMethodWorker.java:125)
	at org.testng.internal.TestMethodWorker.run(TestMethodWorker.java:109)
	at org.testng.TestRunner.privateRun(TestRunner.java:648)
	at org.testng.TestRunner.run(TestRunner.java:505)
	at org.testng.SuiteRunner.runTest(SuiteRunner.java:455)
	at org.testng.SuiteRunner.runSequentially(SuiteRunner.java:450)
	at org.testng.SuiteRunner.privateRun(SuiteRunner.java:415)
	at org.testng.SuiteRunner.run(SuiteRunner.java:364)
	at org.testng.SuiteRunnerWorker.runSuite(SuiteRunnerWorker.java:52)
	at org.testng.SuiteRunnerWorker.run(SuiteRunnerWorker.java:84)
	at org.testng.TestNG.runSuitesSequentially(TestNG.java:1208)
	at org.testng.TestNG.runSuitesLocally(TestNG.java:1137)
	at org.testng.TestNG.runSuites(TestNG.java:1049)
	at org.testng.TestNG.run(TestNG.java:1017)
	at org.testng.remote.AbstractRemoteTestNG.run(AbstractRemoteTestNG.java:115)
	at org.testng.remote.RemoteTestNG.initAndRun(RemoteTestNG.java:251)
	at org.testng.remote.RemoteTestNG.main(RemoteTestNG.java:77)
</pre></pre></td>
                                                    </tr>
                                                    <tr>
                                                        <td>Jun 1, 2022 09:01:52 PM</td>
                                                        <td class='linked' test-id='13'>[Pre-Requisite]EVD Voucher Recharge.To verify that Dealer is not able to perform EVD Recharge through WEB if Denomination is alphanumeric.</td>
                                                        <td><pre><pre>java.lang.NullPointerException
	at angular.testscripts.prereuisitesangular.PreRequisite_EVD_Revamp.A_03_performEVDRechargeAlphaNumericDenomination(PreRequisite_EVD_Revamp.java:98)
	at sun.reflect.NativeMethodAccessorImpl.invoke0(Native Method)
	at sun.reflect.NativeMethodAccessorImpl.invoke(Unknown Source)
	at sun.reflect.DelegatingMethodAccessorImpl.invoke(Unknown Source)
	at java.lang.reflect.Method.invoke(Unknown Source)
	at org.testng.internal.MethodInvocationHelper.invokeMethod(MethodInvocationHelper.java:124)
	at org.testng.internal.Invoker.invokeMethod(Invoker.java:580)
	at org.testng.internal.Invoker.invokeTestMethod(Invoker.java:716)
	at org.testng.internal.Invoker.invokeTestMethods(Invoker.java:988)
	at org.testng.internal.TestMethodWorker.invokeTestMethods(TestMethodWorker.java:125)
	at org.testng.internal.TestMethodWorker.run(TestMethodWorker.java:109)
	at org.testng.TestRunner.privateRun(TestRunner.java:648)
	at org.testng.TestRunner.run(TestRunner.java:505)
	at org.testng.SuiteRunner.runTest(SuiteRunner.java:455)
	at org.testng.SuiteRunner.runSequentially(SuiteRunner.java:450)
	at org.testng.SuiteRunner.privateRun(SuiteRunner.java:415)
	at org.testng.SuiteRunner.run(SuiteRunner.java:364)
	at org.testng.SuiteRunnerWorker.runSuite(SuiteRunnerWorker.java:52)
	at org.testng.SuiteRunnerWorker.run(SuiteRunnerWorker.java:84)
	at org.testng.TestNG.runSuitesSequentially(TestNG.java:1208)
	at org.testng.TestNG.runSuitesLocally(TestNG.java:1137)
	at org.testng.TestNG.runSuites(TestNG.java:1049)
	at org.testng.TestNG.run(TestNG.java:1017)
	at org.testng.remote.AbstractRemoteTestNG.run(AbstractRemoteTestNG.java:115)
	at org.testng.remote.RemoteTestNG.initAndRun(RemoteTestNG.java:251)
	at org.testng.remote.RemoteTestNG.main(RemoteTestNG.java:77)
</pre></pre></td>
                                                    </tr>
                                        </tbody>
                                    </table>
                                </div>
                            </div>
                        </li>
                </ul>
        </div>
    </div>

    <div class='subview-right left'>
        <div class='view-summary'>
            <h5 class='exception-name'></h5>
        </div>
    </div>
</div>
<!-- exception view -->
<div id='dashboard-view' class='view hide'>
	<div class='card-panel transparent np-v'>
		<h5>Dashboard</h5>

		<div class='row'>
			<div class='col s2'>
				<div class='card-panel r'>
					Tests
					<div class='panel-lead'>13</div>
				</div>
			</div>
			<div class='col s2'>
				<div class='card-panel r'>
					Steps
					<div class='panel-lead'>260</div>
				</div>
			</div>
			<div class='col s2'>
				<div class='card-panel r'>
					Start
					<div class='panel-lead'>Jun 1, 2022 08:31:12 PM</div>
				</div>
			</div>
			<div class='col s2'>
				<div class='card-panel r'>
			 		End
			 		<div class='panel-lead'>Jun 1, 2022 09:03:24 PM</div>
				</div>
			</div>
			<div class='col s2'>
				<div class='card-panel r'>
					Time Taken
					<div class='panel-lead'>1,931,852ms</div>
				</div>
			</div>
			<div class='col s4'>
				<div class='card-panel environment'>
					<span class='right label cyan white-text'>Environment</span><p>&nbsp;</p>
					
					<table>
						<tr>
							<th>Name</th>
							<th>Value</th>
						</tr>
							<tr>
								<td>Host Name</td>
								<td>http://172.30.38.232:9747/pretups-ui/</td>
							</tr>
							<tr>
								<td>Client</td>
								<td>RoadMap</td>
							</tr>
							<tr>
								<td>Application Version</td>
								<td>7.19.0</td>
							</tr>
					</table>
				</div>
			</div>
			<div class='col s4'>
				<div class='card-panel'>
					<span class='right label cyan white-text'>Categories</span><p>&nbsp;</p>
					
					<table>
						<tr>
							<th>Name</th>
							<th>Passed</th>
							<th>Failed</th>
							<th>Others</th>
						</tr>
						<tr>
							<td>Pre-Requisite</td>
							<td>0</td>
							<td>13</td>
							<td>0</td>
						</tr>
					</table>
				</div>
			</div>
		</div>
	</div>
</div>
<!-- dashboard view -->
<!-- testrunner-logs view -->
		</div>
		<!-- container -->

		<script>
			var statusGroup = {
				passParent: 0,
				failParent: 13,
				fatalParent: 0,
				errorParent: 0,
				warningParent: 0,
				skipParent: 0,
				exceptionsParent: 13,
				
				passChild: 0,
				failChild: 26,
				fatalChild: 0,
				errorChild: 13,
				warningChild: 0,
				skipChild: 0,
				infoChild: 221,
				exceptionsChild: 41,
				
				passGrandChild: 0,
				failGrandChild: 0,
				fatalGrandChild: 0,
				errorGrandChild: 0,
				warningGrandChild: 0,
				skipGrandChild: 0,
				infoGrandChild: 0,
				exceptionsGrandChild: 0,
			};
		</script>
		
			<script src='https://cdn.rawgit.com/anshooarora/extentreports-java/29d2d3ec024c953e6341cb3e19e31b1035a8f556/dist/js/extent.js' type='text/javascript'></script>
		
		<script type='text/javascript'>
			$(document).ready(function() {
				$('#test-view-charts').addClass('hide');
			});
		</script>
		
	</body>
	
</html>
