
<!DOCTYPE html>
<html>


<head>
	<meta charset='utf-8' /> 
	<meta name='description' content='' />
	<meta name='robots' content='noodp, noydir' />
	<meta name='viewport' content='width=device-width, initial-scale=1' />
	<meta id="timeStampFormat" name="timeStampFormat" content='MMM d, yyyy hh:mm:ss a'/>
	
	<link href='https://fonts.googleapis.com/css?family=Source+Sans+Pro:400,600' rel='stylesheet' type='text/css'>
	<link href="https://fonts.googleapis.com/icon?family=Material+Icons" rel="stylesheet">

		<link href='https://cdn.rawgit.com/anshooarora/extentreports-java/0ef94479b1fc7c18041d6bbf1a8cfbfa321edc0a/dist/css/extent.css' type='text/css' rel='stylesheet' />
	
	<title>[PreTUPS]RoadMap_7.19.0 Automation Report</title>

</head>

	<body class='extent standard default hide-overflow '>
		<div id='theme-selector' alt='Click to toggle theme. To enable by default, use theme configuration.' title='Click to toggle theme. To enable by default, use theme configuration.'>
			<span><i class='material-icons'>desktop_windows</i></span>
		</div>

<nav>
	<div class="nav-wrapper">
		<a href="#!" class="brand-logo blue darken-3">Extent</a>

		<!-- slideout menu -->
		<ul id='slide-out' class='side-nav fixed hide-on-med-and-down'>
			<li class='waves-effect active'><a href='#!' view='test-view' onclick="configureView(0);chartsView('test');"><i class='material-icons'>dashboard</i></a></li>
						<li class='waves-effect'><a href='#!' view='category-view' onclick="configureView(1)"><i class='material-icons'>label_outline</i></a></li>
			<li class='waves-effect'><a href='#!' view='exception-view' onclick="configureView(2)"><i class='material-icons'>bug_report</i></a></li>
			<li class='waves-effect'><a href='#!' onclick="configureView(-1);chartsView('dashboard');" view='dashboard-view'><i class='material-icons'>track_changes</i></i></a></li>
		</ul>

		<!-- report name -->
		<span class='report-name'>[PreTUPS]RoadMap_7.19.0 Automation Report</span>
		
		<!-- report headline -->
		<span class='report-headline'></span>

		<!-- nav-right -->
		<ul id='nav-mobile' class='right hide-on-med-and-down nav-right'>
			<li>
                <a href='#!'>
                    <span class='label suite-start-time blue darken-3'>Aug 11, 2023 04:23:57 PM</span>
				</a>
			</li>
			<li>
                <a href='#!'>
                    <span class='label blue darken-3'>v3.0.5</span>
				</a>
			</li>
		</ul>
	</div>
</nav>

		<!-- container -->
		<div class='container'>

<div id='test-view' class='view'>
				
	<section id='controls'>
		<div class='controls grey lighten-4'>
			<!-- test toggle -->
			<div class='chip transparent'>
				<a class='dropdown-button tests-toggle' data-activates='tests-toggle' data-constrainwidth='true' data-beloworigin='true' data-hover='true' href='#'>
					<i class='material-icons'>warning</i> Status
				</a>
				<ul id='tests-toggle' class='dropdown-content'>
											<li status='pass'><a href='#!'>Pass <i class='material-icons green-text'>check_circle</i></a></li>
						<li status='fail'><a href='#!'>Fail <i class='material-icons red-text'>cancel</i></a></li>
					<li class='divider'></li>
					<li status='clear' clear='true'><a href='#!'>Clear Filters <i class='material-icons'>clear</i></a></li>
				</ul>
			</div>
			<!-- test toggle -->

			<!-- category toggle -->
			<div class='chip transparent'>
				<a class='dropdown-button category-toggle' data-activates='category-toggle' data-constrainwidth='false' data-beloworigin='true' data-hover='true' href='#'>
					<i class='material-icons'>local_offer</i> Category
				</a>
				<ul id='category-toggle' class='dropdown-content'>
					<li><a href='#'>Pre-Requisite</a></li>
					<li class='divider'></li>
					<li class='clear'><a href='#!' clear='true'>Clear Filters</a></li>
				</ul>
			</div>
			<!-- category toggle -->

			<!-- clear filters -->
			<div class='chip transparent hide'>
				<a class='' id='clear-filters' alt='Clear Filters' title='Clear Filters'>
					<i class='material-icons'>close</i> Clear
				</a>
			</div>
			<!-- clear filters -->

			<!-- enable dashboard -->
			<div id='toggle-test-view-charts' class='chip transparent'>
				<a class='' id='enable-dashboard' alt='Enable Dashboard' title='Enable Dashboard'>
					<i class='material-icons'>track_changes</i> Dashboard
				</a>
			</div>
			<!-- enable dashboard -->

			<!-- search -->
			<div class='chip transparent' alt='Search Tests' title='Search Tests'>
				<a href="#" class='search-div'>
					<i class='material-icons'>search</i> Search
				</a>

				<div class='input-field left hide'>
					<input id='search-tests' type='text' class='validate browser-default' placeholder='Search Tests...'>
				</div>
				
			</div>
			<!-- search -->
		</div>
	</section>


<div id='test-view-charts' class='subview-full'>
	<div id='charts-row' class='row nm-v nm-h'>
		<div class='col s12 m6 l6 np-h'>
			<div class='card-panel nm-v'>
				<div class='left panel-name'>Tests</div>
				<div class='chart-box'>
					<canvas id='parent-analysis' width='100' height='80'></canvas>
				</div>
				<div class='block text-small'>
					<span class='tooltipped' data-position='top' data-tooltip='0%'><span class='strong'>0</span> test(s) passed</span>
				</div>
				<div class='block text-small'>
					<span class='strong tooltipped' data-position='top' data-tooltip='100%'>2</span> test(s) failed, <span class='strong tooltipped' data-position='top' data-tooltip='0%'>0</span> others
				</div>
			</div>
		</div>
		
		<div class='col s12 m6 l6 np-h'>
			<div class='card-panel nm-v'>
				<div class='left panel-name'>Steps</div>
				<div class='chart-box'>
					<canvas id='child-analysis' width='100' height='80'></canvas>
				</div>
				<div class='block text-small'>
					<span class='tooltipped' data-position='top' data-tooltip='0%'><span class='strong'>0</span> step(s) passed</span>
				</div>
				<div class='block text-small'>
					<span class='strong tooltipped' data-position='top' data-tooltip='7.407%'>4</span> step(s) failed, <span class='strong tooltipped' data-position='top' data-tooltip='92.593%'>50</span> others
				</div>
			</div>
		</div>
		
	</div>
</div>

	<div class='subview-left left'>
		
		<div class='view-summary'>
			<h5>Tests</h5>
			<ul id='test-collection' class='test-collection'>
				
				
				<li class='test displayed active has-leaf fail' status='fail' bdd='false' test-id='1'>
					<div class='test-heading'>
						<span class='test-name'>[Pre-Requisite]BATCH MODIFY C2S CARD GROUP</span>
						<span class='test-time'>Aug 11, 2023 04:24:42 PM</span>
						<span class='test-status right fail'>fail</span>
					</div>
					<div class='test-content hide'>
<div class='test-time-info'>
	<span class='label start-time'>Aug 11, 2023 04:24:42 PM</span>
	<span class='label end-time'>Aug 11, 2023 04:29:57 PM</span>
	<span class='label time-taken grey lighten-1 white-text'>0h 5m 15s+238ms</span>
</div>
	<ul class='collapsible node-list' data-collapsible='accordion'>
		
				<li class='node level-1 leaf fail' status='fail' test-id='2'>
					<div class='collapsible-header'>
						<div class='node-name'>PreTUPSBatchModifyC2SCardGroup01:  Verify that Network Admin is able to modify C2S card group sets in bulk</div>						
						<span class='node-time'>Aug 11, 2023 04:24:42 PM</span>
						<span class='node-duration'>0h 3m 31s+206ms</span>
						<span class='test-status right fail'>fail</span>
					</div>
						<div class='collapsible-body'>
									<div class='category-list right'>
											<span class='category label white-text'>Pre-Requisite</span>
									</div>
								<div class='node-steps'>
									<table class='bordered table-results'>
										<thead>
											<tr>
												<th>Status</th>
												<th>Timestamp</th>
												<th>Details</th>
											</tr>
										</thead>
										<tbody>
												<tr class='log' status='info'>
													<td class='status info' title='info' alt='info'><i class='material-icons'>info_outline</i></td>
													<td class='timestamp'>4:24:43 PM</td>
													<td class='step-details'>Trying to select Language</td>
												</tr>
												<tr class='log' status='info'>
													<td class='status info' title='info' alt='info'><i class='material-icons'>info_outline</i></td>
													<td class='timestamp'>4:24:43 PM</td>
													<td class='step-details'>Language selected successfully as: English</td>
												</tr>
												<tr class='log' status='info'>
													<td class='status info' title='info' alt='info'><i class='material-icons'>info_outline</i></td>
													<td class='timestamp'>4:24:43 PM</td>
													<td class='step-details'>Trying to enter Login ID</td>
												</tr>
												<tr class='log' status='info'>
													<td class='status info' title='info' alt='info'><i class='material-icons'>info_outline</i></td>
													<td class='timestamp'>4:24:43 PM</td>
													<td class='step-details'>Login ID entered successfully as: btnadm</td>
												</tr>
												<tr class='log' status='info'>
													<td class='status info' title='info' alt='info'><i class='material-icons'>info_outline</i></td>
													<td class='timestamp'>4:24:43 PM</td>
													<td class='step-details'>Trying to enter Password</td>
												</tr>
												<tr class='log' status='info'>
													<td class='status info' title='info' alt='info'><i class='material-icons'>info_outline</i></td>
													<td class='timestamp'>4:24:44 PM</td>
													<td class='step-details'>Password entered successfully as: Com@1111</td>
												</tr>
												<tr class='log' status='info'>
													<td class='status info' title='info' alt='info'><i class='material-icons'>info_outline</i></td>
													<td class='timestamp'>4:24:44 PM</td>
													<td class='step-details'>Trying to click Login Button</td>
												</tr>
												<tr class='log' status='info'>
													<td class='status info' title='info' alt='info'><i class='material-icons'>info_outline</i></td>
													<td class='timestamp'>4:24:44 PM</td>
													<td class='step-details'>Login button clicked successfully</td>
												</tr>
												<tr class='log' status='info'>
													<td class='status info' title='info' alt='info'><i class='material-icons'>info_outline</i></td>
													<td class='timestamp'>4:24:44 PM</td>
													<td class='step-details'>Error Message Found on Login Screen:</td>
												</tr>
												<tr class='log' status='info'>
													<td class='status info' title='info' alt='info'><i class='material-icons'>info_outline</i></td>
													<td class='timestamp'>4:26:42 PM</td>
													<td class='step-details'>Trying to click on eTopUp tab</td>
												</tr>
												<tr class='log' status='info'>
													<td class='status info' title='info' alt='info'><i class='material-icons'>info_outline</i></td>
													<td class='timestamp'>4:26:52 PM</td>
													<td class='step-details'>Checking visibility of eTopUp Tab</td>
												</tr>
												<tr class='log' status='info'>
													<td class='status info' title='info' alt='info'><i class='material-icons'>info_outline</i></td>
													<td class='timestamp'>4:26:53 PM</td>
													<td class='step-details'>eTopUp tab is visible</td>
												</tr>
												<tr class='log' status='info'>
													<td class='status info' title='info' alt='info'><i class='material-icons'>info_outline</i></td>
													<td class='timestamp'>4:26:53 PM</td>
													<td class='step-details'>Clicked on eTopUp tab</td>
												</tr>
												<tr class='log' status='info'>
													<td class='status info' title='info' alt='info'><i class='material-icons'>info_outline</i></td>
													<td class='timestamp'>4:26:53 PM</td>
													<td class='step-details'>Checking visibility of CardGroupLink</td>
												</tr>
												<tr class='log' status='info'>
													<td class='status info' title='info' alt='info'><i class='material-icons'>info_outline</i></td>
													<td class='timestamp'>4:26:53 PM</td>
													<td class='step-details'>CardGroupLink link is vsisble</td>
												</tr>
												<tr class='log' status='info'>
													<td class='status info' title='info' alt='info'><i class='material-icons'>info_outline</i></td>
													<td class='timestamp'>4:26:53 PM</td>
													<td class='step-details'>Clicked on Card Group</td>
												</tr>
												<tr class='log' status='info'>
													<td class='status info' title='info' alt='info'><i class='material-icons'>info_outline</i></td>
													<td class='timestamp'>4:27:09 PM</td>
													<td class='step-details'>Trying to click on ChannelToSubscriber Link</td>
												</tr>
												<tr class='log' status='info'>
													<td class='status info' title='info' alt='info'><i class='material-icons'>info_outline</i></td>
													<td class='timestamp'>4:27:10 PM</td>
													<td class='step-details'>Clicked on ChannelToSubscriber Link</td>
												</tr>
												<tr class='log' status='info'>
													<td class='status info' title='info' alt='info'><i class='material-icons'>info_outline</i></td>
													<td class='timestamp'>4:27:12 PM</td>
													<td class='step-details'>Checking visibility of BulkOperation Button</td>
												</tr>
												<tr class='log' status='info'>
													<td class='status info' title='info' alt='info'><i class='material-icons'>info_outline</i></td>
													<td class='timestamp'>4:27:22 PM</td>
													<td class='step-details'>BulkOperation Button is vsisble</td>
												</tr>
												<tr class='log' status='info'>
													<td class='status info' title='info' alt='info'><i class='material-icons'>info_outline</i></td>
													<td class='timestamp'>4:27:53 PM</td>
													<td class='step-details'>Trying to click on Bulk Operation button</td>
												</tr>
												<tr class='log' status='info'>
													<td class='status info' title='info' alt='info'><i class='material-icons'>info_outline</i></td>
													<td class='timestamp'>4:27:53 PM</td>
													<td class='step-details'>Clicked on Bulk Operation button</td>
												</tr>
												<tr class='log' status='info'>
													<td class='status info' title='info' alt='info'><i class='material-icons'>info_outline</i></td>
													<td class='timestamp'>4:27:59 PM</td>
													<td class='step-details'>Trying to select Service Type</td>
												</tr>
												<tr class='log' status='fail'>
													<td class='status fail' title='fail' alt='fail'><i class='material-icons'>cancel</i></td>
													<td class='timestamp'>4:28:11 PM</td>
													<td class='step-details'><textarea>org.openqa.selenium.ElementClickInterceptedException: element click intercepted: Element <ng-select _ngcontent-nyd-c22="" class="form-control ng-select ng-select-single ng-untouched ng-pristine ng-invalid" bindlabel="name" formcontrolname="serviceType" id="serviceType" role="listbox" ng-reflect-klass="form-control" ng-reflect-ng-class="[object Object]" ng-reflect-bind-label="name" ng-reflect-placeholder="Select" ng-reflect-dropdown-position="bottom" ng-reflect-searchable="false" ng-reflect-clearable="false" ng-reflect-name="serviceType">...</ng-select> is not clickable at point (384, 259). Other element would receive the click: <div _ngcontent-nyd-c3="" class="overlay ng-tns-c3-14 ng-trigger ng-trigger-fadeIn ng-star-inserted ng-animating" style="background-color: rgba(0, 0, 0, 0.5); z-index: 99999; position: fixed;">...</div>
  (Session info: chrome=115.0.5790.111)
Build info: version: '3.10.0', revision: '176b4a9', time: '2018-03-02T19:03:16.397Z'
System info: host: 'MCKL-20005142', ip: '192.168.0.109', os.name: 'Windows 10', os.arch: 'amd64', os.version: '10.0', java.version: '1.8.0_291'
Driver info: org.openqa.selenium.chrome.ChromeDriver
Capabilities {acceptInsecureCerts: false, browserName: chrome, browserVersion: 115.0.5790.111, chrome: {chromedriverVersion: 114.0.5735.90 (386bc09e8f4f..., userDataDir: C:\Users\SOURAB~1.AWA\AppDa...}, goog:chromeOptions: {debuggerAddress: localhost:51843}, javascriptEnabled: true, networkConnectionEnabled: false, pageLoadStrategy: normal, platform: WINDOWS, platformName: WINDOWS, proxy: Proxy(), setWindowRect: true, strictFileInteractability: false, timeouts: {implicit: 0, pageLoad: 300000, script: 30000}, unhandledPromptBehavior: dismiss and notify, webauthn:extension:credBlob: true, webauthn:extension:largeBlob: true, webauthn:extension:minPinLength: true, webauthn:extension:prf: true, webauthn:virtualAuthenticators: true}
Session ID: 59ac772a3e45f3621c8922ce861f1f4c
	at sun.reflect.NativeConstructorAccessorImpl.newInstance0(Native Method)
	at sun.reflect.NativeConstructorAccessorImpl.newInstance(Unknown Source)
	at sun.reflect.DelegatingConstructorAccessorImpl.newInstance(Unknown Source)
	at java.lang.reflect.Constructor.newInstance(Unknown Source)
	at org.openqa.selenium.remote.http.W3CHttpResponseCodec.createException(W3CHttpResponseCodec.java:187)
	at org.openqa.selenium.remote.http.W3CHttpResponseCodec.decode(W3CHttpResponseCodec.java:122)
	at org.openqa.selenium.remote.http.W3CHttpResponseCodec.decode(W3CHttpResponseCodec.java:49)
	at org.openqa.selenium.remote.HttpCommandExecutor.execute(HttpCommandExecutor.java:160)
	at org.openqa.selenium.remote.service.DriverCommandExecutor.execute(DriverCommandExecutor.java:83)
	at org.openqa.selenium.remote.RemoteWebDriver.execute(RemoteWebDriver.java:601)
	at org.openqa.selenium.remote.RemoteWebElement.execute(RemoteWebElement.java:279)
	at org.openqa.selenium.remote.RemoteWebElement.click(RemoteWebElement.java:83)
	at sun.reflect.NativeMethodAccessorImpl.invoke0(Native Method)
	at sun.reflect.NativeMethodAccessorImpl.invoke(Unknown Source)
	at sun.reflect.DelegatingMethodAccessorImpl.invoke(Unknown Source)
	at java.lang.reflect.Method.invoke(Unknown Source)
	at org.openqa.selenium.support.pagefactory.internal.LocatingElementHandler.invoke(LocatingElementHandler.java:51)
	at com.sun.proxy.$Proxy17.click(Unknown Source)
	at angular.pageobjects.CardGroup.BulkModifyC2SCG.selectingServiceType(BulkModifyC2SCG.java:209)
	at angular.feature.CardGroup.BulkModifyC2SCG_Feature.BatchModifyC2SCardGroup_SuccessCase(BulkModifyC2SCG_Feature.java:105)
	at angular.testscripts.prereuisitesangular.CardGroup.BatchModifyC2SCardGroup_TestScript.A_01_Test_Batch_modify_C2S_cardgroup(BatchModifyC2SCardGroup_TestScript.java:37)
	at sun.reflect.NativeMethodAccessorImpl.invoke0(Native Method)
	at sun.reflect.NativeMethodAccessorImpl.invoke(Unknown Source)
	at sun.reflect.DelegatingMethodAccessorImpl.invoke(Unknown Source)
	at java.lang.reflect.Method.invoke(Unknown Source)
	at org.testng.internal.MethodInvocationHelper.invokeMethod(MethodInvocationHelper.java:86)
	at org.testng.internal.Invoker.invokeMethod(Invoker.java:645)
	at org.testng.internal.Invoker.invokeTestMethod(Invoker.java:822)
	at org.testng.internal.Invoker.invokeTestMethods(Invoker.java:1130)
	at org.testng.internal.TestMethodWorker.invokeTestMethods(TestMethodWorker.java:129)
	at org.testng.internal.TestMethodWorker.run(TestMethodWorker.java:112)
	at org.testng.TestRunner.privateRun(TestRunner.java:782)
	at org.testng.TestRunner.run(TestRunner.java:632)
	at org.testng.SuiteRunner.runTest(SuiteRunner.java:366)
	at org.testng.SuiteRunner.runSequentially(SuiteRunner.java:361)
	at org.testng.SuiteRunner.privateRun(SuiteRunner.java:319)
	at org.testng.SuiteRunner.run(SuiteRunner.java:268)
	at org.testng.SuiteRunnerWorker.runSuite(SuiteRunnerWorker.java:52)
	at org.testng.SuiteRunnerWorker.run(SuiteRunnerWorker.java:86)
	at org.testng.TestNG.runSuitesSequentially(TestNG.java:1244)
	at org.testng.TestNG.runSuitesLocally(TestNG.java:1169)
	at org.testng.TestNG.run(TestNG.java:1064)
	at org.testng.remote.RemoteTestNG.run(RemoteTestNG.java:113)
	at org.testng.remote.RemoteTestNG.initAndRun(RemoteTestNG.java:206)
	at org.testng.remote.RemoteTestNG.main(RemoteTestNG.java:177)
</textarea></td>
												</tr>
												<tr class='log' status='fail'>
													<td class='status fail' title='fail' alt='fail'><i class='material-icons'>cancel</i></td>
													<td class='timestamp'>4:28:12 PM</td>
													<td class='step-details'><a href='.//CatalinaLogs//CatalinaLog_1691751491601.log'><b><h6><font color='red'>Catalina Log</font></h6></b></a></td>
												</tr>
												<tr class='log' status='info'>
													<td class='status info' title='info' alt='info'><i class='material-icons'>info_outline</i></td>
													<td class='timestamp'>4:28:13 PM</td>
													<td class='step-details'>DataNetwork Admin</td>
												</tr>
												<tr class='log' status='info'>
													<td class='status info' title='info' alt='info'><i class='material-icons'>info_outline</i></td>
													<td class='timestamp'>4:28:13 PM</td>
													<td class='step-details'>Databtnadm</td>
												</tr>
												<tr class='log' status='info'>
													<td class='status info' title='info' alt='info'><i class='material-icons'>info_outline</i></td>
													<td class='timestamp'>4:28:13 PM</td>
													<td class='step-details'>DataCom@1111</td>
												</tr>
												<tr class='log' status='info'>
													<td class='status info' title='info' alt='info'><i class='material-icons'>info_outline</i></td>
													<td class='timestamp'>4:28:13 PM</td>
													<td class='step-details'>Value of k0</td>
												</tr>
										</tbody>
									</table>
										<ul class='screenshots'>
												<li><img data-featherlight='..//Output//Screenshots//Screenshot_1691751492605.jpg' width='10%' src='' data-src='..//Output//Screenshots//Screenshot_1691751492605.jpg'></li>
										</ul>
								</div>
						</div>
				</li>
				<li class='node level-1 leaf fail' status='fail' test-id='3'>
					<div class='collapsible-header'>
						<div class='node-name'>PreTUPSBatchModifyC2SCardGroup02:  Verify that Network Admin is able to verify the error messages for input fields</div>						
						<span class='node-time'>Aug 11, 2023 04:28:13 PM</span>
						<span class='node-duration'>0h 1m 44s+0ms</span>
						<span class='test-status right fail'>fail</span>
					</div>
						<div class='collapsible-body'>
									<div class='category-list right'>
											<span class='category label white-text'>Pre-Requisite</span>
									</div>
								<div class='node-steps'>
									<table class='bordered table-results'>
										<thead>
											<tr>
												<th>Status</th>
												<th>Timestamp</th>
												<th>Details</th>
											</tr>
										</thead>
										<tbody>
												<tr class='log' status='info'>
													<td class='status info' title='info' alt='info'><i class='material-icons'>info_outline</i></td>
													<td class='timestamp'>4:28:14 PM</td>
													<td class='step-details'>Trying to select Language</td>
												</tr>
												<tr class='log' status='info'>
													<td class='status info' title='info' alt='info'><i class='material-icons'>info_outline</i></td>
													<td class='timestamp'>4:28:14 PM</td>
													<td class='step-details'>Language selected successfully as: English</td>
												</tr>
												<tr class='log' status='info'>
													<td class='status info' title='info' alt='info'><i class='material-icons'>info_outline</i></td>
													<td class='timestamp'>4:28:14 PM</td>
													<td class='step-details'>Trying to enter Login ID</td>
												</tr>
												<tr class='log' status='info'>
													<td class='status info' title='info' alt='info'><i class='material-icons'>info_outline</i></td>
													<td class='timestamp'>4:28:14 PM</td>
													<td class='step-details'>Login ID entered successfully as: btnadm</td>
												</tr>
												<tr class='log' status='info'>
													<td class='status info' title='info' alt='info'><i class='material-icons'>info_outline</i></td>
													<td class='timestamp'>4:28:14 PM</td>
													<td class='step-details'>Trying to enter Password</td>
												</tr>
												<tr class='log' status='info'>
													<td class='status info' title='info' alt='info'><i class='material-icons'>info_outline</i></td>
													<td class='timestamp'>4:28:15 PM</td>
													<td class='step-details'>Password entered successfully as: Com@1111</td>
												</tr>
												<tr class='log' status='info'>
													<td class='status info' title='info' alt='info'><i class='material-icons'>info_outline</i></td>
													<td class='timestamp'>4:28:15 PM</td>
													<td class='step-details'>Trying to click Login Button</td>
												</tr>
												<tr class='log' status='info'>
													<td class='status info' title='info' alt='info'><i class='material-icons'>info_outline</i></td>
													<td class='timestamp'>4:28:15 PM</td>
													<td class='step-details'>Login button clicked successfully</td>
												</tr>
												<tr class='log' status='info'>
													<td class='status info' title='info' alt='info'><i class='material-icons'>info_outline</i></td>
													<td class='timestamp'>4:28:15 PM</td>
													<td class='step-details'>Error Message Found on Login Screen:</td>
												</tr>
												<tr class='log' status='info'>
													<td class='status info' title='info' alt='info'><i class='material-icons'>info_outline</i></td>
													<td class='timestamp'>4:28:46 PM</td>
													<td class='step-details'>Trying to click on eTopUp tab</td>
												</tr>
												<tr class='log' status='info'>
													<td class='status info' title='info' alt='info'><i class='material-icons'>info_outline</i></td>
													<td class='timestamp'>4:28:56 PM</td>
													<td class='step-details'>Checking visibility of eTopUp Tab</td>
												</tr>
												<tr class='log' status='info'>
													<td class='status info' title='info' alt='info'><i class='material-icons'>info_outline</i></td>
													<td class='timestamp'>4:28:57 PM</td>
													<td class='step-details'>eTopUp tab is visible</td>
												</tr>
												<tr class='log' status='info'>
													<td class='status info' title='info' alt='info'><i class='material-icons'>info_outline</i></td>
													<td class='timestamp'>4:28:57 PM</td>
													<td class='step-details'>Clicked on eTopUp tab</td>
												</tr>
												<tr class='log' status='info'>
													<td class='status info' title='info' alt='info'><i class='material-icons'>info_outline</i></td>
													<td class='timestamp'>4:28:57 PM</td>
													<td class='step-details'>Checking visibility of CardGroupLink</td>
												</tr>
												<tr class='log' status='info'>
													<td class='status info' title='info' alt='info'><i class='material-icons'>info_outline</i></td>
													<td class='timestamp'>4:28:58 PM</td>
													<td class='step-details'>CardGroupLink link is vsisble</td>
												</tr>
												<tr class='log' status='info'>
													<td class='status info' title='info' alt='info'><i class='material-icons'>info_outline</i></td>
													<td class='timestamp'>4:28:58 PM</td>
													<td class='step-details'>Clicked on Card Group</td>
												</tr>
												<tr class='log' status='info'>
													<td class='status info' title='info' alt='info'><i class='material-icons'>info_outline</i></td>
													<td class='timestamp'>4:29:06 PM</td>
													<td class='step-details'>Trying to click on ChannelToSubscriber Link</td>
												</tr>
												<tr class='log' status='info'>
													<td class='status info' title='info' alt='info'><i class='material-icons'>info_outline</i></td>
													<td class='timestamp'>4:29:06 PM</td>
													<td class='step-details'>Clicked on ChannelToSubscriber Link</td>
												</tr>
												<tr class='log' status='info'>
													<td class='status info' title='info' alt='info'><i class='material-icons'>info_outline</i></td>
													<td class='timestamp'>4:29:13 PM</td>
													<td class='step-details'>Checking visibility of BulkOperation Button</td>
												</tr>
												<tr class='log' status='info'>
													<td class='status info' title='info' alt='info'><i class='material-icons'>info_outline</i></td>
													<td class='timestamp'>4:29:13 PM</td>
													<td class='step-details'>BulkOperation Button is vsisble</td>
												</tr>
												<tr class='log' status='info'>
													<td class='status info' title='info' alt='info'><i class='material-icons'>info_outline</i></td>
													<td class='timestamp'>4:29:15 PM</td>
													<td class='step-details'>Trying to click on Bulk Operation button</td>
												</tr>
												<tr class='log' status='info'>
													<td class='status info' title='info' alt='info'><i class='material-icons'>info_outline</i></td>
													<td class='timestamp'>4:29:15 PM</td>
													<td class='step-details'>Clicked on Bulk Operation button</td>
												</tr>
												<tr class='log' status='info'>
													<td class='status info' title='info' alt='info'><i class='material-icons'>info_outline</i></td>
													<td class='timestamp'>4:29:22 PM</td>
													<td class='step-details'>Trying to click on Submit Button</td>
												</tr>
												<tr class='log' status='fail'>
													<td class='status fail' title='fail' alt='fail'><i class='material-icons'>cancel</i></td>
													<td class='timestamp'>4:29:56 PM</td>
													<td class='step-details'><textarea>org.openqa.selenium.ElementClickInterceptedException: element click intercepted: Element <span class="mat-button-wrapper">...</span> is not clickable at point (1200, 550). Other element would receive the click: <div _ngcontent-agr-c3="" class="overlay ng-tns-c3-14 ng-trigger ng-trigger-fadeIn ng-star-inserted ng-animating" style="background-color: rgba(0, 0, 0, 0.5); z-index: 99999; position: fixed;">...</div>
  (Session info: chrome=115.0.5790.111)
Build info: version: '3.10.0', revision: '176b4a9', time: '2018-03-02T19:03:16.397Z'
System info: host: 'MCKL-20005142', ip: '192.168.0.109', os.name: 'Windows 10', os.arch: 'amd64', os.version: '10.0', java.version: '1.8.0_291'
Driver info: org.openqa.selenium.chrome.ChromeDriver
Capabilities {acceptInsecureCerts: false, browserName: chrome, browserVersion: 115.0.5790.111, chrome: {chromedriverVersion: 114.0.5735.90 (386bc09e8f4f..., userDataDir: C:\Users\SOURAB~1.AWA\AppDa...}, goog:chromeOptions: {debuggerAddress: localhost:51843}, javascriptEnabled: true, networkConnectionEnabled: false, pageLoadStrategy: normal, platform: WINDOWS, platformName: WINDOWS, proxy: Proxy(), setWindowRect: true, strictFileInteractability: false, timeouts: {implicit: 0, pageLoad: 300000, script: 30000}, unhandledPromptBehavior: dismiss and notify, webauthn:extension:credBlob: true, webauthn:extension:largeBlob: true, webauthn:extension:minPinLength: true, webauthn:extension:prf: true, webauthn:virtualAuthenticators: true}
Session ID: 59ac772a3e45f3621c8922ce861f1f4c
	at sun.reflect.NativeConstructorAccessorImpl.newInstance0(Native Method)
	at sun.reflect.NativeConstructorAccessorImpl.newInstance(Unknown Source)
	at sun.reflect.DelegatingConstructorAccessorImpl.newInstance(Unknown Source)
	at java.lang.reflect.Constructor.newInstance(Unknown Source)
	at org.openqa.selenium.remote.http.W3CHttpResponseCodec.createException(W3CHttpResponseCodec.java:187)
	at org.openqa.selenium.remote.http.W3CHttpResponseCodec.decode(W3CHttpResponseCodec.java:122)
	at org.openqa.selenium.remote.http.W3CHttpResponseCodec.decode(W3CHttpResponseCodec.java:49)
	at org.openqa.selenium.remote.HttpCommandExecutor.execute(HttpCommandExecutor.java:160)
	at org.openqa.selenium.remote.service.DriverCommandExecutor.execute(DriverCommandExecutor.java:83)
	at org.openqa.selenium.remote.RemoteWebDriver.execute(RemoteWebDriver.java:601)
	at org.openqa.selenium.remote.RemoteWebElement.execute(RemoteWebElement.java:279)
	at org.openqa.selenium.remote.RemoteWebElement.click(RemoteWebElement.java:83)
	at sun.reflect.NativeMethodAccessorImpl.invoke0(Native Method)
	at sun.reflect.NativeMethodAccessorImpl.invoke(Unknown Source)
	at sun.reflect.DelegatingMethodAccessorImpl.invoke(Unknown Source)
	at java.lang.reflect.Method.invoke(Unknown Source)
	at org.openqa.selenium.support.pagefactory.internal.LocatingElementHandler.invoke(LocatingElementHandler.java:51)
	at com.sun.proxy.$Proxy17.click(Unknown Source)
	at angular.pageobjects.CardGroup.BulkModifyC2SCG.clickOnSubmitButton(BulkModifyC2SCG.java:257)
	at angular.feature.CardGroup.BulkModifyC2SCG_Feature.Error_messages_field_validations(BulkModifyC2SCG_Feature.java:124)
	at angular.testscripts.prereuisitesangular.CardGroup.BatchModifyC2SCardGroup_TestScript.A_02_Test_Batch_modify_C2S_cardgroup_Field_validations(BatchModifyC2SCardGroup_TestScript.java:53)
	at sun.reflect.NativeMethodAccessorImpl.invoke0(Native Method)
	at sun.reflect.NativeMethodAccessorImpl.invoke(Unknown Source)
	at sun.reflect.DelegatingMethodAccessorImpl.invoke(Unknown Source)
	at java.lang.reflect.Method.invoke(Unknown Source)
	at org.testng.internal.MethodInvocationHelper.invokeMethod(MethodInvocationHelper.java:86)
	at org.testng.internal.Invoker.invokeMethod(Invoker.java:645)
	at org.testng.internal.Invoker.invokeTestMethod(Invoker.java:822)
	at org.testng.internal.Invoker.invokeTestMethods(Invoker.java:1130)
	at org.testng.internal.TestMethodWorker.invokeTestMethods(TestMethodWorker.java:129)
	at org.testng.internal.TestMethodWorker.run(TestMethodWorker.java:112)
	at org.testng.TestRunner.privateRun(TestRunner.java:782)
	at org.testng.TestRunner.run(TestRunner.java:632)
	at org.testng.SuiteRunner.runTest(SuiteRunner.java:366)
	at org.testng.SuiteRunner.runSequentially(SuiteRunner.java:361)
	at org.testng.SuiteRunner.privateRun(SuiteRunner.java:319)
	at org.testng.SuiteRunner.run(SuiteRunner.java:268)
	at org.testng.SuiteRunnerWorker.runSuite(SuiteRunnerWorker.java:52)
	at org.testng.SuiteRunnerWorker.run(SuiteRunnerWorker.java:86)
	at org.testng.TestNG.runSuitesSequentially(TestNG.java:1244)
	at org.testng.TestNG.runSuitesLocally(TestNG.java:1169)
	at org.testng.TestNG.run(TestNG.java:1064)
	at org.testng.remote.RemoteTestNG.run(RemoteTestNG.java:113)
	at org.testng.remote.RemoteTestNG.initAndRun(RemoteTestNG.java:206)
	at org.testng.remote.RemoteTestNG.main(RemoteTestNG.java:177)
</textarea></td>
												</tr>
												<tr class='log' status='fail'>
													<td class='status fail' title='fail' alt='fail'><i class='material-icons'>cancel</i></td>
													<td class='timestamp'>4:29:57 PM</td>
													<td class='step-details'><a href='.//CatalinaLogs//CatalinaLog_1691751596957.log'><b><h6><font color='red'>Catalina Log</font></h6></b></a></td>
												</tr>
										</tbody>
									</table>
										<ul class='screenshots'>
												<li><img data-featherlight='..//Output//Screenshots//Screenshot_1691751598838.jpg' width='10%' src='' data-src='..//Output//Screenshots//Screenshot_1691751598838.jpg'></li>
										</ul>
								</div>
						</div>
				</li>
	</ul>
					</div>
				</li>
			</ul>
		</div>
	</div>
	<!-- subview left -->

	<div class='subview-right left'>
		<div class='view-summary'>
			<h5 class='test-name'></h5>

			<div id='step-filters' class="right">
				<span class="blue-text" status="info" alt="info" title="info"><i class="material-icons">info_outline</i></span>
				<span class="green-text" status="pass" alt="pass" title="pass"><i class="material-icons">check_circle</i></span>
				<span class="red-text" status="fail" alt="fail" title="fail"><i class="material-icons">cancel</i></span>
				<span class="red-text text-darken-4" status="fatal" alt="fatal" title="fatal"><i class="material-icons">cancel</i></span>
				<span class="pink-text text-lighten-1" status="error" alt="error" title="error"><i class="material-icons">error</i></span>
				<span class="orange-text" alt="warning" status="warning" title="warning"><i class="material-icons">warning</i></span>
				<span class="teal-text" status="skip" alt="skip" title="skip"><i class="material-icons">redo</i></span>
				<span status="clear" alt="Clear filters" title="Clear filters"><i class="material-icons">clear</i></span>
			</div>
		</div>
	</div>
	<!-- subview right -->

</div>
<!-- test view -->
<div id='category-view' class='view hide'>

	<section id='controls'>
		<div class='controls grey lighten-4'>
			<!-- search -->
			<div class='chip transparent' alt='Search Tests' title='Search Tests'>
				<a href="#" class='search-div'>
					<i class='material-icons'>search</i> Search
				</a>
				
				<div class='input-field left hide'>
					<input id='search-tests' type='text' class='validate browser-default' placeholder='Search Tests...'>
				</div>
				
			</div>
			<!-- search -->
		</div>
	</section>

	<div class='subview-left left'>
		
		<div class='view-summary'>
			<h5>Categories</h3>
			<ul id='category-collection' class='category-collection'>
				
				<li class='category displayed active'>
					<div class='category-heading'>
						<span class='category-name'>Pre-Requisite</span>
						<span class='category-status right'>
							<span class='label fail'>2</span>
						</span>
					</div>
					<div class='category-content hide'>
						<div class='category-status-counts'>
							
							<span class='label red lighten-1 white-text'>Failed: 2</span>
							
						</div>
					
						<div class='category-tests'>
							<table class='bordered table-results'>
								<thead>
									<tr>
										<th>Timestamp</th>
										<th>TestName</th>
										<th>Status</th>
									</tr>
								</thead>
								<tbody>
									<tr>
										<td>Aug 11, 2023 04:24:42 PM</td>
										<td class='linked' test-id='2'>[Pre-Requisite]BATCH MODIFY C2S CARD GROUP.PreTUPSBatchModifyC2SCardGroup01:  Verify that Network Admin is able to modify C2S card group sets in bulk</td>
										<td><span class='test-status fail'>fail</span></td>
									</tr>
									<tr>
										<td>Aug 11, 2023 04:28:13 PM</td>
										<td class='linked' test-id='3'>[Pre-Requisite]BATCH MODIFY C2S CARD GROUP.PreTUPSBatchModifyC2SCardGroup02:  Verify that Network Admin is able to verify the error messages for input fields</td>
										<td><span class='test-status fail'>fail</span></td>
									</tr>
								</tbody>
							</table>
						</div>
					</div>
				</li>

			</ul>
		</div>
	</div>

	<div class='subview-right left'>
		<div class='view-summary'>
			<h5 class='category-name'></h5>
		</div>
	</div>
</div>
<!-- category view -->
<div id='exception-view' class='view hide'>

    <section id='controls'>
        <div class='controls grey lighten-4'>
            <!-- search -->
            <div class='chip transparent' alt='Search Tests' title='Search Tests'>
                <a href="#" class='search-div'>
                    <i class='material-icons'>search</i> Search
                </a>

                <div class='input-field left hide'>
                    <input id='search-tests' type='text' class='validate browser-default' placeholder='Search Tests...'>
                </div>

            </div>
            <!-- search -->
        </div>
    </section>

    <div class='subview-left left'>

        <div class='view-summary'>
            <h5>Exceptions</h3>
                <ul id='exception-collection' class='exception-collection'>

                        <li class='exception displayed active'>
                            <div class='exception-heading'>
                                <span class='exception-name'>org.openqa.selenium.ElementClickInterceptedException</span>
                                <span class='exception-count right'><span class='label red lighten-1 white-text'>2</span></span>
                            </div>
                            <div class='exception-content hide'>
                                <div class='exception-tests'>
                                    <table class='bordered table-results'>
                                        <thead>
                                        <tr>
                                            <th>Timestamp</th>
                                            <th>TestName</th>
                                            <th>Status</th>
                                        </tr>
                                        </thead>
                                        <tbody>
                                                    <tr>
                                                        <td>Aug 11, 2023 04:24:42 PM</td>
                                                        <td class='linked' test-id='2'>[Pre-Requisite]BATCH MODIFY C2S CARD GROUP.PreTUPSBatchModifyC2SCardGroup01:  Verify that Network Admin is able to modify C2S card group sets in bulk</td>
                                                        <td><pre><textarea>org.openqa.selenium.ElementClickInterceptedException: element click intercepted: Element <ng-select _ngcontent-nyd-c22="" class="form-control ng-select ng-select-single ng-untouched ng-pristine ng-invalid" bindlabel="name" formcontrolname="serviceType" id="serviceType" role="listbox" ng-reflect-klass="form-control" ng-reflect-ng-class="[object Object]" ng-reflect-bind-label="name" ng-reflect-placeholder="Select" ng-reflect-dropdown-position="bottom" ng-reflect-searchable="false" ng-reflect-clearable="false" ng-reflect-name="serviceType">...</ng-select> is not clickable at point (384, 259). Other element would receive the click: <div _ngcontent-nyd-c3="" class="overlay ng-tns-c3-14 ng-trigger ng-trigger-fadeIn ng-star-inserted ng-animating" style="background-color: rgba(0, 0, 0, 0.5); z-index: 99999; position: fixed;">...</div>
  (Session info: chrome=115.0.5790.111)
Build info: version: '3.10.0', revision: '176b4a9', time: '2018-03-02T19:03:16.397Z'
System info: host: 'MCKL-20005142', ip: '192.168.0.109', os.name: 'Windows 10', os.arch: 'amd64', os.version: '10.0', java.version: '1.8.0_291'
Driver info: org.openqa.selenium.chrome.ChromeDriver
Capabilities {acceptInsecureCerts: false, browserName: chrome, browserVersion: 115.0.5790.111, chrome: {chromedriverVersion: 114.0.5735.90 (386bc09e8f4f..., userDataDir: C:\Users\SOURAB~1.AWA\AppDa...}, goog:chromeOptions: {debuggerAddress: localhost:51843}, javascriptEnabled: true, networkConnectionEnabled: false, pageLoadStrategy: normal, platform: WINDOWS, platformName: WINDOWS, proxy: Proxy(), setWindowRect: true, strictFileInteractability: false, timeouts: {implicit: 0, pageLoad: 300000, script: 30000}, unhandledPromptBehavior: dismiss and notify, webauthn:extension:credBlob: true, webauthn:extension:largeBlob: true, webauthn:extension:minPinLength: true, webauthn:extension:prf: true, webauthn:virtualAuthenticators: true}
Session ID: 59ac772a3e45f3621c8922ce861f1f4c
	at sun.reflect.NativeConstructorAccessorImpl.newInstance0(Native Method)
	at sun.reflect.NativeConstructorAccessorImpl.newInstance(Unknown Source)
	at sun.reflect.DelegatingConstructorAccessorImpl.newInstance(Unknown Source)
	at java.lang.reflect.Constructor.newInstance(Unknown Source)
	at org.openqa.selenium.remote.http.W3CHttpResponseCodec.createException(W3CHttpResponseCodec.java:187)
	at org.openqa.selenium.remote.http.W3CHttpResponseCodec.decode(W3CHttpResponseCodec.java:122)
	at org.openqa.selenium.remote.http.W3CHttpResponseCodec.decode(W3CHttpResponseCodec.java:49)
	at org.openqa.selenium.remote.HttpCommandExecutor.execute(HttpCommandExecutor.java:160)
	at org.openqa.selenium.remote.service.DriverCommandExecutor.execute(DriverCommandExecutor.java:83)
	at org.openqa.selenium.remote.RemoteWebDriver.execute(RemoteWebDriver.java:601)
	at org.openqa.selenium.remote.RemoteWebElement.execute(RemoteWebElement.java:279)
	at org.openqa.selenium.remote.RemoteWebElement.click(RemoteWebElement.java:83)
	at sun.reflect.NativeMethodAccessorImpl.invoke0(Native Method)
	at sun.reflect.NativeMethodAccessorImpl.invoke(Unknown Source)
	at sun.reflect.DelegatingMethodAccessorImpl.invoke(Unknown Source)
	at java.lang.reflect.Method.invoke(Unknown Source)
	at org.openqa.selenium.support.pagefactory.internal.LocatingElementHandler.invoke(LocatingElementHandler.java:51)
	at com.sun.proxy.$Proxy17.click(Unknown Source)
	at angular.pageobjects.CardGroup.BulkModifyC2SCG.selectingServiceType(BulkModifyC2SCG.java:209)
	at angular.feature.CardGroup.BulkModifyC2SCG_Feature.BatchModifyC2SCardGroup_SuccessCase(BulkModifyC2SCG_Feature.java:105)
	at angular.testscripts.prereuisitesangular.CardGroup.BatchModifyC2SCardGroup_TestScript.A_01_Test_Batch_modify_C2S_cardgroup(BatchModifyC2SCardGroup_TestScript.java:37)
	at sun.reflect.NativeMethodAccessorImpl.invoke0(Native Method)
	at sun.reflect.NativeMethodAccessorImpl.invoke(Unknown Source)
	at sun.reflect.DelegatingMethodAccessorImpl.invoke(Unknown Source)
	at java.lang.reflect.Method.invoke(Unknown Source)
	at org.testng.internal.MethodInvocationHelper.invokeMethod(MethodInvocationHelper.java:86)
	at org.testng.internal.Invoker.invokeMethod(Invoker.java:645)
	at org.testng.internal.Invoker.invokeTestMethod(Invoker.java:822)
	at org.testng.internal.Invoker.invokeTestMethods(Invoker.java:1130)
	at org.testng.internal.TestMethodWorker.invokeTestMethods(TestMethodWorker.java:129)
	at org.testng.internal.TestMethodWorker.run(TestMethodWorker.java:112)
	at org.testng.TestRunner.privateRun(TestRunner.java:782)
	at org.testng.TestRunner.run(TestRunner.java:632)
	at org.testng.SuiteRunner.runTest(SuiteRunner.java:366)
	at org.testng.SuiteRunner.runSequentially(SuiteRunner.java:361)
	at org.testng.SuiteRunner.privateRun(SuiteRunner.java:319)
	at org.testng.SuiteRunner.run(SuiteRunner.java:268)
	at org.testng.SuiteRunnerWorker.runSuite(SuiteRunnerWorker.java:52)
	at org.testng.SuiteRunnerWorker.run(SuiteRunnerWorker.java:86)
	at org.testng.TestNG.runSuitesSequentially(TestNG.java:1244)
	at org.testng.TestNG.runSuitesLocally(TestNG.java:1169)
	at org.testng.TestNG.run(TestNG.java:1064)
	at org.testng.remote.RemoteTestNG.run(RemoteTestNG.java:113)
	at org.testng.remote.RemoteTestNG.initAndRun(RemoteTestNG.java:206)
	at org.testng.remote.RemoteTestNG.main(RemoteTestNG.java:177)
</textarea></pre></td>
                                                    </tr>
                                                    <tr>
                                                        <td>Aug 11, 2023 04:28:13 PM</td>
                                                        <td class='linked' test-id='3'>[Pre-Requisite]BATCH MODIFY C2S CARD GROUP.PreTUPSBatchModifyC2SCardGroup02:  Verify that Network Admin is able to verify the error messages for input fields</td>
                                                        <td><pre><textarea>org.openqa.selenium.ElementClickInterceptedException: element click intercepted: Element <span class="mat-button-wrapper">...</span> is not clickable at point (1200, 550). Other element would receive the click: <div _ngcontent-agr-c3="" class="overlay ng-tns-c3-14 ng-trigger ng-trigger-fadeIn ng-star-inserted ng-animating" style="background-color: rgba(0, 0, 0, 0.5); z-index: 99999; position: fixed;">...</div>
  (Session info: chrome=115.0.5790.111)
Build info: version: '3.10.0', revision: '176b4a9', time: '2018-03-02T19:03:16.397Z'
System info: host: 'MCKL-20005142', ip: '192.168.0.109', os.name: 'Windows 10', os.arch: 'amd64', os.version: '10.0', java.version: '1.8.0_291'
Driver info: org.openqa.selenium.chrome.ChromeDriver
Capabilities {acceptInsecureCerts: false, browserName: chrome, browserVersion: 115.0.5790.111, chrome: {chromedriverVersion: 114.0.5735.90 (386bc09e8f4f..., userDataDir: C:\Users\SOURAB~1.AWA\AppDa...}, goog:chromeOptions: {debuggerAddress: localhost:51843}, javascriptEnabled: true, networkConnectionEnabled: false, pageLoadStrategy: normal, platform: WINDOWS, platformName: WINDOWS, proxy: Proxy(), setWindowRect: true, strictFileInteractability: false, timeouts: {implicit: 0, pageLoad: 300000, script: 30000}, unhandledPromptBehavior: dismiss and notify, webauthn:extension:credBlob: true, webauthn:extension:largeBlob: true, webauthn:extension:minPinLength: true, webauthn:extension:prf: true, webauthn:virtualAuthenticators: true}
Session ID: 59ac772a3e45f3621c8922ce861f1f4c
	at sun.reflect.NativeConstructorAccessorImpl.newInstance0(Native Method)
	at sun.reflect.NativeConstructorAccessorImpl.newInstance(Unknown Source)
	at sun.reflect.DelegatingConstructorAccessorImpl.newInstance(Unknown Source)
	at java.lang.reflect.Constructor.newInstance(Unknown Source)
	at org.openqa.selenium.remote.http.W3CHttpResponseCodec.createException(W3CHttpResponseCodec.java:187)
	at org.openqa.selenium.remote.http.W3CHttpResponseCodec.decode(W3CHttpResponseCodec.java:122)
	at org.openqa.selenium.remote.http.W3CHttpResponseCodec.decode(W3CHttpResponseCodec.java:49)
	at org.openqa.selenium.remote.HttpCommandExecutor.execute(HttpCommandExecutor.java:160)
	at org.openqa.selenium.remote.service.DriverCommandExecutor.execute(DriverCommandExecutor.java:83)
	at org.openqa.selenium.remote.RemoteWebDriver.execute(RemoteWebDriver.java:601)
	at org.openqa.selenium.remote.RemoteWebElement.execute(RemoteWebElement.java:279)
	at org.openqa.selenium.remote.RemoteWebElement.click(RemoteWebElement.java:83)
	at sun.reflect.NativeMethodAccessorImpl.invoke0(Native Method)
	at sun.reflect.NativeMethodAccessorImpl.invoke(Unknown Source)
	at sun.reflect.DelegatingMethodAccessorImpl.invoke(Unknown Source)
	at java.lang.reflect.Method.invoke(Unknown Source)
	at org.openqa.selenium.support.pagefactory.internal.LocatingElementHandler.invoke(LocatingElementHandler.java:51)
	at com.sun.proxy.$Proxy17.click(Unknown Source)
	at angular.pageobjects.CardGroup.BulkModifyC2SCG.clickOnSubmitButton(BulkModifyC2SCG.java:257)
	at angular.feature.CardGroup.BulkModifyC2SCG_Feature.Error_messages_field_validations(BulkModifyC2SCG_Feature.java:124)
	at angular.testscripts.prereuisitesangular.CardGroup.BatchModifyC2SCardGroup_TestScript.A_02_Test_Batch_modify_C2S_cardgroup_Field_validations(BatchModifyC2SCardGroup_TestScript.java:53)
	at sun.reflect.NativeMethodAccessorImpl.invoke0(Native Method)
	at sun.reflect.NativeMethodAccessorImpl.invoke(Unknown Source)
	at sun.reflect.DelegatingMethodAccessorImpl.invoke(Unknown Source)
	at java.lang.reflect.Method.invoke(Unknown Source)
	at org.testng.internal.MethodInvocationHelper.invokeMethod(MethodInvocationHelper.java:86)
	at org.testng.internal.Invoker.invokeMethod(Invoker.java:645)
	at org.testng.internal.Invoker.invokeTestMethod(Invoker.java:822)
	at org.testng.internal.Invoker.invokeTestMethods(Invoker.java:1130)
	at org.testng.internal.TestMethodWorker.invokeTestMethods(TestMethodWorker.java:129)
	at org.testng.internal.TestMethodWorker.run(TestMethodWorker.java:112)
	at org.testng.TestRunner.privateRun(TestRunner.java:782)
	at org.testng.TestRunner.run(TestRunner.java:632)
	at org.testng.SuiteRunner.runTest(SuiteRunner.java:366)
	at org.testng.SuiteRunner.runSequentially(SuiteRunner.java:361)
	at org.testng.SuiteRunner.privateRun(SuiteRunner.java:319)
	at org.testng.SuiteRunner.run(SuiteRunner.java:268)
	at org.testng.SuiteRunnerWorker.runSuite(SuiteRunnerWorker.java:52)
	at org.testng.SuiteRunnerWorker.run(SuiteRunnerWorker.java:86)
	at org.testng.TestNG.runSuitesSequentially(TestNG.java:1244)
	at org.testng.TestNG.runSuitesLocally(TestNG.java:1169)
	at org.testng.TestNG.run(TestNG.java:1064)
	at org.testng.remote.RemoteTestNG.run(RemoteTestNG.java:113)
	at org.testng.remote.RemoteTestNG.initAndRun(RemoteTestNG.java:206)
	at org.testng.remote.RemoteTestNG.main(RemoteTestNG.java:177)
</textarea></pre></td>
                                                    </tr>
                                        </tbody>
                                    </table>
                                </div>
                            </div>
                        </li>
                </ul>
        </div>
    </div>

    <div class='subview-right left'>
        <div class='view-summary'>
            <h5 class='exception-name'></h5>
        </div>
    </div>
</div>
<!-- exception view -->
<div id='dashboard-view' class='view hide'>
	<div class='card-panel transparent np-v'>
		<h5>Dashboard</h5>

		<div class='row'>
			<div class='col s2'>
				<div class='card-panel r'>
					Tests
					<div class='panel-lead'>2</div>
				</div>
			</div>
			<div class='col s2'>
				<div class='card-panel r'>
					Steps
					<div class='panel-lead'>54</div>
				</div>
			</div>
			<div class='col s2'>
				<div class='card-panel r'>
					Start
					<div class='panel-lead'>Aug 11, 2023 04:23:57 PM</div>
				</div>
			</div>
			<div class='col s2'>
				<div class='card-panel r'>
			 		End
			 		<div class='panel-lead'>Aug 11, 2023 04:29:59 PM</div>
				</div>
			</div>
			<div class='col s2'>
				<div class='card-panel r'>
					Time Taken
					<div class='panel-lead'>362,165ms</div>
				</div>
			</div>
			<div class='col s4'>
				<div class='card-panel environment'>
					<span class='right label cyan white-text'>Environment</span><p>&nbsp;</p>
					
					<table>
						<tr>
							<th>Name</th>
							<th>Value</th>
						</tr>
							<tr>
								<td>Host Name</td>
								<td>http://172.30.38.232:9747/pretups-ui/</td>
							</tr>
							<tr>
								<td>Client</td>
								<td>RoadMap</td>
							</tr>
							<tr>
								<td>Application Version</td>
								<td>7.19.0</td>
							</tr>
					</table>
				</div>
			</div>
			<div class='col s4'>
				<div class='card-panel'>
					<span class='right label cyan white-text'>Categories</span><p>&nbsp;</p>
					
					<table>
						<tr>
							<th>Name</th>
							<th>Passed</th>
							<th>Failed</th>
							<th>Others</th>
						</tr>
						<tr>
							<td>Pre-Requisite</td>
							<td>0</td>
							<td>2</td>
							<td>0</td>
						</tr>
					</table>
				</div>
			</div>
		</div>
	</div>
</div>
<!-- dashboard view -->
<!-- testrunner-logs view -->
		</div>
		<!-- container -->

		<script>
			var statusGroup = {
				passParent: 0,
				failParent: 2,
				fatalParent: 0,
				errorParent: 0,
				warningParent: 0,
				skipParent: 0,
				exceptionsParent: 2,
				
				passChild: 0,
				failChild: 4,
				fatalChild: 0,
				errorChild: 0,
				warningChild: 0,
				skipChild: 0,
				infoChild: 50,
				exceptionsChild: 4,
				
				passGrandChild: 0,
				failGrandChild: 0,
				fatalGrandChild: 0,
				errorGrandChild: 0,
				warningGrandChild: 0,
				skipGrandChild: 0,
				infoGrandChild: 0,
				exceptionsGrandChild: 0,
			};
		</script>
		
			<script src='https://cdn.rawgit.com/anshooarora/extentreports-java/29d2d3ec024c953e6341cb3e19e31b1035a8f556/dist/js/extent.js' type='text/javascript'></script>
		
		<script type='text/javascript'>
			$(document).ready(function() {
				$('#test-view-charts').addClass('hide');
			});
		</script>
		
	</body>
	
</html>
