
<!DOCTYPE html>
<html>


<head>
	<meta charset='utf-8' /> 
	<meta name='description' content='' />
	<meta name='robots' content='noodp, noydir' />
	<meta name='viewport' content='width=device-width, initial-scale=1' />
	<meta id="timeStampFormat" name="timeStampFormat" content='MMM d, yyyy hh:mm:ss a'/>
	
	<link href='https://fonts.googleapis.com/css?family=Source+Sans+Pro:400,600' rel='stylesheet' type='text/css'>
	<link href="https://fonts.googleapis.com/icon?family=Material+Icons" rel="stylesheet">

		<link href='https://cdn.rawgit.com/anshooarora/extentreports-java/0ef94479b1fc7c18041d6bbf1a8cfbfa321edc0a/dist/css/extent.css' type='text/css' rel='stylesheet' />
	
	<title>[PreTUPS]RoadMap_7.19.0 Automation Report</title>

</head>

	<body class='extent standard default hide-overflow '>
		<div id='theme-selector' alt='Click to toggle theme. To enable by default, use theme configuration.' title='Click to toggle theme. To enable by default, use theme configuration.'>
			<span><i class='material-icons'>desktop_windows</i></span>
		</div>

<nav>
	<div class="nav-wrapper">
		<a href="#!" class="brand-logo blue darken-3">Extent</a>

		<!-- slideout menu -->
		<ul id='slide-out' class='side-nav fixed hide-on-med-and-down'>
			<li class='waves-effect active'><a href='#!' view='test-view' onclick="configureView(0);chartsView('test');"><i class='material-icons'>dashboard</i></a></li>
						<li class='waves-effect'><a href='#!' view='category-view' onclick="configureView(1)"><i class='material-icons'>label_outline</i></a></li>
			<li class='waves-effect'><a href='#!' view='exception-view' onclick="configureView(2)"><i class='material-icons'>bug_report</i></a></li>
			<li class='waves-effect'><a href='#!' onclick="configureView(-1);chartsView('dashboard');" view='dashboard-view'><i class='material-icons'>track_changes</i></i></a></li>
		</ul>

		<!-- report name -->
		<span class='report-name'>[PreTUPS]RoadMap_7.19.0 Automation Report</span>
		
		<!-- report headline -->
		<span class='report-headline'></span>

		<!-- nav-right -->
		<ul id='nav-mobile' class='right hide-on-med-and-down nav-right'>
			<li>
                <a href='#!'>
                    <span class='label suite-start-time blue darken-3'>Apr 27, 2023 07:14:55 PM</span>
				</a>
			</li>
			<li>
                <a href='#!'>
                    <span class='label blue darken-3'>v3.0.5</span>
				</a>
			</li>
		</ul>
	</div>
</nav>

		<!-- container -->
		<div class='container'>

<div id='test-view' class='view'>
				
	<section id='controls'>
		<div class='controls grey lighten-4'>
			<!-- test toggle -->
			<div class='chip transparent'>
				<a class='dropdown-button tests-toggle' data-activates='tests-toggle' data-constrainwidth='true' data-beloworigin='true' data-hover='true' href='#'>
					<i class='material-icons'>warning</i> Status
				</a>
				<ul id='tests-toggle' class='dropdown-content'>
											<li status='pass'><a href='#!'>Pass <i class='material-icons green-text'>check_circle</i></a></li>
						<li status='fail'><a href='#!'>Fail <i class='material-icons red-text'>cancel</i></a></li>
					<li class='divider'></li>
					<li status='clear' clear='true'><a href='#!'>Clear Filters <i class='material-icons'>clear</i></a></li>
				</ul>
			</div>
			<!-- test toggle -->

			<!-- category toggle -->
			<div class='chip transparent'>
				<a class='dropdown-button category-toggle' data-activates='category-toggle' data-constrainwidth='false' data-beloworigin='true' data-hover='true' href='#'>
					<i class='material-icons'>local_offer</i> Category
				</a>
				<ul id='category-toggle' class='dropdown-content'>
					<li><a href='#'>REST</a></li>
					<li class='divider'></li>
					<li class='clear'><a href='#!' clear='true'>Clear Filters</a></li>
				</ul>
			</div>
			<!-- category toggle -->

			<!-- clear filters -->
			<div class='chip transparent hide'>
				<a class='' id='clear-filters' alt='Clear Filters' title='Clear Filters'>
					<i class='material-icons'>close</i> Clear
				</a>
			</div>
			<!-- clear filters -->

			<!-- enable dashboard -->
			<div id='toggle-test-view-charts' class='chip transparent'>
				<a class='' id='enable-dashboard' alt='Enable Dashboard' title='Enable Dashboard'>
					<i class='material-icons'>track_changes</i> Dashboard
				</a>
			</div>
			<!-- enable dashboard -->

			<!-- search -->
			<div class='chip transparent' alt='Search Tests' title='Search Tests'>
				<a href="#" class='search-div'>
					<i class='material-icons'>search</i> Search
				</a>

				<div class='input-field left hide'>
					<input id='search-tests' type='text' class='validate browser-default' placeholder='Search Tests...'>
				</div>
				
			</div>
			<!-- search -->
		</div>
	</section>


<div id='test-view-charts' class='subview-full'>
	<div id='charts-row' class='row nm-v nm-h'>
		<div class='col s12 m6 l6 np-h'>
			<div class='card-panel nm-v'>
				<div class='left panel-name'>Tests</div>
				<div class='chart-box'>
					<canvas id='parent-analysis' width='100' height='80'></canvas>
				</div>
				<div class='block text-small'>
					<span class='tooltipped' data-position='top' data-tooltip='33.333%'><span class='strong'>4</span> test(s) passed</span>
				</div>
				<div class='block text-small'>
					<span class='strong tooltipped' data-position='top' data-tooltip='66.667%'>8</span> test(s) failed, <span class='strong tooltipped' data-position='top' data-tooltip='0%'>0</span> others
				</div>
			</div>
		</div>
		
		<div class='col s12 m6 l6 np-h'>
			<div class='card-panel nm-v'>
				<div class='left panel-name'>Steps</div>
				<div class='chart-box'>
					<canvas id='child-analysis' width='100' height='80'></canvas>
				</div>
				<div class='block text-small'>
					<span class='tooltipped' data-position='top' data-tooltip='0%'><span class='strong'>0</span> step(s) passed</span>
				</div>
				<div class='block text-small'>
					<span class='strong tooltipped' data-position='top' data-tooltip='29.63%'>16</span> step(s) failed, <span class='strong tooltipped' data-position='top' data-tooltip='70.37%'>38</span> others
				</div>
			</div>
		</div>
		
	</div>
</div>

	<div class='subview-left left'>
		
		<div class='view-summary'>
			<h5>Tests</h5>
			<ul id='test-collection' class='test-collection'>
				
				
				<li class='test displayed active has-leaf fail' status='fail' bdd='false' test-id='1'>
					<div class='test-heading'>
						<span class='test-name'>[REST]C2CSTOCKWITHDRAW</span>
						<span class='test-time'>Apr 27, 2023 07:15:17 PM</span>
						<span class='test-status right fail'>fail</span>
					</div>
					<div class='test-content hide'>
<div class='test-time-info'>
	<span class='label start-time'>Apr 27, 2023 07:15:17 PM</span>
	<span class='label end-time'>Apr 27, 2023 07:16:01 PM</span>
	<span class='label time-taken grey lighten-1 white-text'>0h 0m 43s+409ms</span>
</div>
	<ul class='collapsible node-list' data-collapsible='accordion'>
		
				<li class='node level-1 leaf fail' status='fail' test-id='2'>
					<div class='collapsible-header'>
						<div class='node-name'>OAUTHETICATION1: To check if OAuthentication API is working successfully for user Super Distributor.</div>						
						<span class='node-time'>Apr 27, 2023 07:15:17 PM</span>
						<span class='node-duration'>0h 0m 5s+648ms</span>
						<span class='test-status right fail'>fail</span>
					</div>
						<div class='collapsible-body'>
									<div class='category-list right'>
											<span class='category label white-text'>REST</span>
									</div>
								<div class='node-steps'>
									<table class='bordered table-results'>
										<thead>
											<tr>
												<th>Status</th>
												<th>Timestamp</th>
												<th>Details</th>
											</tr>
										</thead>
										<tbody>
												<tr class='log' status='info'>
													<td class='status info' title='info' alt='info'><i class='material-icons'>info_outline</i></td>
													<td class='timestamp'>7:15:20 PM</td>
													<td class='step-details'>API URL: http://172.30.38.232:6789/pretups/rstapi/v1/generateTokenAPI</td>
												</tr>
												<tr class='log' status='info'>
													<td class='status info' title='info' alt='info'><i class='material-icons'>info_outline</i></td>
													<td class='timestamp'>7:15:21 PM</td>
													<td class='step-details'>{"token":null,"refreshToken":null,"status":401,"messageCode":"5005","message":"Details of user qa_adam_dist not found","errorMap":null}</td>
												</tr>
												<tr class='log' status='fail'>
													<td class='status fail' title='fail' alt='fail'><i class='material-icons'>cancel</i></td>
													<td class='timestamp'>7:15:22 PM</td>
													<td class='step-details'><pre>java.lang.AssertionError: expected [200] but found [401]
	at org.testng.Assert.fail(Assert.java:94)
	at org.testng.Assert.failNotEquals(Assert.java:513)
	at org.testng.Assert.assertEqualsImpl(Assert.java:135)
	at org.testng.Assert.assertEquals(Assert.java:116)
	at org.testng.Assert.assertEquals(Assert.java:284)
	at org.testng.Assert.assertEquals(Assert.java:294)
	at restassuredapi.test.C2CStockWithdraw.BeforeMethod(C2CStockWithdraw.java:207)
	at restassuredapi.test.C2CStockWithdraw.A_01_Test_success(C2CStockWithdraw.java:366)
	at sun.reflect.NativeMethodAccessorImpl.invoke0(Native Method)
	at sun.reflect.NativeMethodAccessorImpl.invoke(Unknown Source)
	at sun.reflect.DelegatingMethodAccessorImpl.invoke(Unknown Source)
	at java.lang.reflect.Method.invoke(Unknown Source)
	at org.testng.internal.MethodInvocationHelper.invokeMethod(MethodInvocationHelper.java:86)
	at org.testng.internal.Invoker.invokeMethod(Invoker.java:645)
	at org.testng.internal.Invoker.invokeTestMethod(Invoker.java:822)
	at org.testng.internal.Invoker.invokeTestMethods(Invoker.java:1130)
	at org.testng.internal.TestMethodWorker.invokeTestMethods(TestMethodWorker.java:129)
	at org.testng.internal.TestMethodWorker.run(TestMethodWorker.java:112)
	at org.testng.TestRunner.privateRun(TestRunner.java:782)
	at org.testng.TestRunner.run(TestRunner.java:632)
	at org.testng.SuiteRunner.runTest(SuiteRunner.java:366)
	at org.testng.SuiteRunner.runSequentially(SuiteRunner.java:361)
	at org.testng.SuiteRunner.privateRun(SuiteRunner.java:319)
	at org.testng.SuiteRunner.run(SuiteRunner.java:268)
	at org.testng.SuiteRunnerWorker.runSuite(SuiteRunnerWorker.java:52)
	at org.testng.SuiteRunnerWorker.run(SuiteRunnerWorker.java:86)
	at org.testng.TestNG.runSuitesSequentially(TestNG.java:1244)
	at org.testng.TestNG.runSuitesLocally(TestNG.java:1169)
	at org.testng.TestNG.run(TestNG.java:1064)
	at org.testng.remote.RemoteTestNG.run(RemoteTestNG.java:113)
	at org.testng.remote.RemoteTestNG.initAndRun(RemoteTestNG.java:206)
	at org.testng.remote.RemoteTestNG.main(RemoteTestNG.java:177)
</pre></td>
												</tr>
												<tr class='log' status='fail'>
													<td class='status fail' title='fail' alt='fail'><i class='material-icons'>cancel</i></td>
													<td class='timestamp'>7:15:23 PM</td>
													<td class='step-details'><a href='.//CatalinaLogs//CatalinaLog_1682603122227.log'><b><h6><font color='red'>Catalina Log</font></h6></b></a></td>
												</tr>
										</tbody>
									</table>
										<ul class='screenshots'>
												<li><img data-featherlight='..//Output//Screenshots//Screenshot_1682603126234.jpg' width='10%' src='' data-src='..//Output//Screenshots//Screenshot_1682603126234.jpg'></li>
										</ul>
								</div>
						</div>
				</li>
				<li class='node level-1 leaf fail' status='fail' test-id='3'>
					<div class='collapsible-header'>
						<div class='node-name'>OAUTHETICATION1: To check if OAuthentication API is working successfully for user Super Distributor.</div>						
						<span class='node-time'>Apr 27, 2023 07:15:27 PM</span>
						<span class='node-duration'>0h 0m 0s+654ms</span>
						<span class='test-status right fail'>fail</span>
					</div>
						<div class='collapsible-body'>
									<div class='category-list right'>
											<span class='category label white-text'>REST</span>
									</div>
								<div class='node-steps'>
									<table class='bordered table-results'>
										<thead>
											<tr>
												<th>Status</th>
												<th>Timestamp</th>
												<th>Details</th>
											</tr>
										</thead>
										<tbody>
												<tr class='log' status='info'>
													<td class='status info' title='info' alt='info'><i class='material-icons'>info_outline</i></td>
													<td class='timestamp'>7:15:27 PM</td>
													<td class='step-details'>API URL: http://172.30.38.232:6789/pretups/rstapi/v1/generateTokenAPI</td>
												</tr>
												<tr class='log' status='info'>
													<td class='status info' title='info' alt='info'><i class='material-icons'>info_outline</i></td>
													<td class='timestamp'>7:15:27 PM</td>
													<td class='step-details'>{"token":null,"refreshToken":null,"status":401,"messageCode":"5005","message":"Details of user qa_adam_dist not found","errorMap":null}</td>
												</tr>
												<tr class='log' status='fail'>
													<td class='status fail' title='fail' alt='fail'><i class='material-icons'>cancel</i></td>
													<td class='timestamp'>7:15:27 PM</td>
													<td class='step-details'><pre>java.lang.AssertionError: expected [200] but found [401]
	at org.testng.Assert.fail(Assert.java:94)
	at org.testng.Assert.failNotEquals(Assert.java:513)
	at org.testng.Assert.assertEqualsImpl(Assert.java:135)
	at org.testng.Assert.assertEquals(Assert.java:116)
	at org.testng.Assert.assertEquals(Assert.java:284)
	at org.testng.Assert.assertEquals(Assert.java:294)
	at restassuredapi.test.C2CStockWithdraw.BeforeMethod(C2CStockWithdraw.java:207)
	at restassuredapi.test.C2CStockWithdraw.A_01_Test_success(C2CStockWithdraw.java:366)
	at sun.reflect.NativeMethodAccessorImpl.invoke0(Native Method)
	at sun.reflect.NativeMethodAccessorImpl.invoke(Unknown Source)
	at sun.reflect.DelegatingMethodAccessorImpl.invoke(Unknown Source)
	at java.lang.reflect.Method.invoke(Unknown Source)
	at org.testng.internal.MethodInvocationHelper.invokeMethod(MethodInvocationHelper.java:86)
	at org.testng.internal.Invoker.invokeMethod(Invoker.java:645)
	at org.testng.internal.Invoker.invokeTestMethod(Invoker.java:822)
	at org.testng.internal.Invoker.invokeTestMethods(Invoker.java:1130)
	at org.testng.internal.TestMethodWorker.invokeTestMethods(TestMethodWorker.java:129)
	at org.testng.internal.TestMethodWorker.run(TestMethodWorker.java:112)
	at org.testng.TestRunner.privateRun(TestRunner.java:782)
	at org.testng.TestRunner.run(TestRunner.java:632)
	at org.testng.SuiteRunner.runTest(SuiteRunner.java:366)
	at org.testng.SuiteRunner.runSequentially(SuiteRunner.java:361)
	at org.testng.SuiteRunner.privateRun(SuiteRunner.java:319)
	at org.testng.SuiteRunner.run(SuiteRunner.java:268)
	at org.testng.SuiteRunnerWorker.runSuite(SuiteRunnerWorker.java:52)
	at org.testng.SuiteRunnerWorker.run(SuiteRunnerWorker.java:86)
	at org.testng.TestNG.runSuitesSequentially(TestNG.java:1244)
	at org.testng.TestNG.runSuitesLocally(TestNG.java:1169)
	at org.testng.TestNG.run(TestNG.java:1064)
	at org.testng.remote.RemoteTestNG.run(RemoteTestNG.java:113)
	at org.testng.remote.RemoteTestNG.initAndRun(RemoteTestNG.java:206)
	at org.testng.remote.RemoteTestNG.main(RemoteTestNG.java:177)
</pre></td>
												</tr>
												<tr class='log' status='fail'>
													<td class='status fail' title='fail' alt='fail'><i class='material-icons'>cancel</i></td>
													<td class='timestamp'>7:15:27 PM</td>
													<td class='step-details'><a href='.//CatalinaLogs//CatalinaLog_1682603127499.log'><b><h6><font color='red'>Catalina Log</font></h6></b></a></td>
												</tr>
										</tbody>
									</table>
										<ul class='screenshots'>
												<li><img data-featherlight='..//Output//Screenshots//Screenshot_1682603130304.jpg' width='10%' src='' data-src='..//Output//Screenshots//Screenshot_1682603130304.jpg'></li>
										</ul>
								</div>
						</div>
				</li>
				<li class='node level-1 leaf fail' status='fail' test-id='4'>
					<div class='collapsible-header'>
						<div class='node-name'>OAUTHETICATION1: To check if OAuthentication API is working successfully for user Super Distributor.</div>						
						<span class='node-time'>Apr 27, 2023 07:15:30 PM</span>
						<span class='node-duration'>0h 0m 1s+127ms</span>
						<span class='test-status right fail'>fail</span>
					</div>
						<div class='collapsible-body'>
									<div class='category-list right'>
											<span class='category label white-text'>REST</span>
									</div>
								<div class='node-steps'>
									<table class='bordered table-results'>
										<thead>
											<tr>
												<th>Status</th>
												<th>Timestamp</th>
												<th>Details</th>
											</tr>
										</thead>
										<tbody>
												<tr class='log' status='info'>
													<td class='status info' title='info' alt='info'><i class='material-icons'>info_outline</i></td>
													<td class='timestamp'>7:15:30 PM</td>
													<td class='step-details'>API URL: http://172.30.38.232:6789/pretups/rstapi/v1/generateTokenAPI</td>
												</tr>
												<tr class='log' status='info'>
													<td class='status info' title='info' alt='info'><i class='material-icons'>info_outline</i></td>
													<td class='timestamp'>7:15:30 PM</td>
													<td class='step-details'>{"token":null,"refreshToken":null,"status":401,"messageCode":"5005","message":"Details of user qa_adam_dist not found","errorMap":null}</td>
												</tr>
												<tr class='log' status='fail'>
													<td class='status fail' title='fail' alt='fail'><i class='material-icons'>cancel</i></td>
													<td class='timestamp'>7:15:30 PM</td>
													<td class='step-details'><pre>java.lang.AssertionError: expected [200] but found [401]
	at org.testng.Assert.fail(Assert.java:94)
	at org.testng.Assert.failNotEquals(Assert.java:513)
	at org.testng.Assert.assertEqualsImpl(Assert.java:135)
	at org.testng.Assert.assertEquals(Assert.java:116)
	at org.testng.Assert.assertEquals(Assert.java:284)
	at org.testng.Assert.assertEquals(Assert.java:294)
	at restassuredapi.test.C2CStockWithdraw.BeforeMethod(C2CStockWithdraw.java:207)
	at restassuredapi.test.C2CStockWithdraw.A_01_Test_success(C2CStockWithdraw.java:366)
	at sun.reflect.NativeMethodAccessorImpl.invoke0(Native Method)
	at sun.reflect.NativeMethodAccessorImpl.invoke(Unknown Source)
	at sun.reflect.DelegatingMethodAccessorImpl.invoke(Unknown Source)
	at java.lang.reflect.Method.invoke(Unknown Source)
	at org.testng.internal.MethodInvocationHelper.invokeMethod(MethodInvocationHelper.java:86)
	at org.testng.internal.Invoker.invokeMethod(Invoker.java:645)
	at org.testng.internal.Invoker.invokeTestMethod(Invoker.java:822)
	at org.testng.internal.Invoker.invokeTestMethods(Invoker.java:1130)
	at org.testng.internal.TestMethodWorker.invokeTestMethods(TestMethodWorker.java:129)
	at org.testng.internal.TestMethodWorker.run(TestMethodWorker.java:112)
	at org.testng.TestRunner.privateRun(TestRunner.java:782)
	at org.testng.TestRunner.run(TestRunner.java:632)
	at org.testng.SuiteRunner.runTest(SuiteRunner.java:366)
	at org.testng.SuiteRunner.runSequentially(SuiteRunner.java:361)
	at org.testng.SuiteRunner.privateRun(SuiteRunner.java:319)
	at org.testng.SuiteRunner.run(SuiteRunner.java:268)
	at org.testng.SuiteRunnerWorker.runSuite(SuiteRunnerWorker.java:52)
	at org.testng.SuiteRunnerWorker.run(SuiteRunnerWorker.java:86)
	at org.testng.TestNG.runSuitesSequentially(TestNG.java:1244)
	at org.testng.TestNG.runSuitesLocally(TestNG.java:1169)
	at org.testng.TestNG.run(TestNG.java:1064)
	at org.testng.remote.RemoteTestNG.run(RemoteTestNG.java:113)
	at org.testng.remote.RemoteTestNG.initAndRun(RemoteTestNG.java:206)
	at org.testng.remote.RemoteTestNG.main(RemoteTestNG.java:177)
</pre></td>
												</tr>
												<tr class='log' status='fail'>
													<td class='status fail' title='fail' alt='fail'><i class='material-icons'>cancel</i></td>
													<td class='timestamp'>7:15:31 PM</td>
													<td class='step-details'><a href='.//CatalinaLogs//CatalinaLog_1682603131054.log'><b><h6><font color='red'>Catalina Log</font></h6></b></a></td>
												</tr>
										</tbody>
									</table>
										<ul class='screenshots'>
												<li><img data-featherlight='..//Output//Screenshots//Screenshot_1682603133949.jpg' width='10%' src='' data-src='..//Output//Screenshots//Screenshot_1682603133949.jpg'></li>
										</ul>
								</div>
						</div>
				</li>
				<li class='node level-1 leaf fail' status='fail' test-id='5'>
					<div class='collapsible-header'>
						<div class='node-name'>OAUTHETICATION1: To check if OAuthentication API is working successfully for user Super Distributor.</div>						
						<span class='node-time'>Apr 27, 2023 07:15:34 PM</span>
						<span class='node-duration'>0h 0m 0s+652ms</span>
						<span class='test-status right fail'>fail</span>
					</div>
						<div class='collapsible-body'>
									<div class='category-list right'>
											<span class='category label white-text'>REST</span>
									</div>
								<div class='node-steps'>
									<table class='bordered table-results'>
										<thead>
											<tr>
												<th>Status</th>
												<th>Timestamp</th>
												<th>Details</th>
											</tr>
										</thead>
										<tbody>
												<tr class='log' status='info'>
													<td class='status info' title='info' alt='info'><i class='material-icons'>info_outline</i></td>
													<td class='timestamp'>7:15:34 PM</td>
													<td class='step-details'>API URL: http://172.30.38.232:6789/pretups/rstapi/v1/generateTokenAPI</td>
												</tr>
												<tr class='log' status='info'>
													<td class='status info' title='info' alt='info'><i class='material-icons'>info_outline</i></td>
													<td class='timestamp'>7:15:34 PM</td>
													<td class='step-details'>{"token":null,"refreshToken":null,"status":401,"messageCode":"5005","message":"Details of user qa_adam_dist not found","errorMap":null}</td>
												</tr>
												<tr class='log' status='fail'>
													<td class='status fail' title='fail' alt='fail'><i class='material-icons'>cancel</i></td>
													<td class='timestamp'>7:15:34 PM</td>
													<td class='step-details'><pre>java.lang.AssertionError: expected [200] but found [401]
	at org.testng.Assert.fail(Assert.java:94)
	at org.testng.Assert.failNotEquals(Assert.java:513)
	at org.testng.Assert.assertEqualsImpl(Assert.java:135)
	at org.testng.Assert.assertEquals(Assert.java:116)
	at org.testng.Assert.assertEquals(Assert.java:284)
	at org.testng.Assert.assertEquals(Assert.java:294)
	at restassuredapi.test.C2CStockWithdraw.BeforeMethod(C2CStockWithdraw.java:207)
	at restassuredapi.test.C2CStockWithdraw.A_01_Test_success(C2CStockWithdraw.java:366)
	at sun.reflect.NativeMethodAccessorImpl.invoke0(Native Method)
	at sun.reflect.NativeMethodAccessorImpl.invoke(Unknown Source)
	at sun.reflect.DelegatingMethodAccessorImpl.invoke(Unknown Source)
	at java.lang.reflect.Method.invoke(Unknown Source)
	at org.testng.internal.MethodInvocationHelper.invokeMethod(MethodInvocationHelper.java:86)
	at org.testng.internal.Invoker.invokeMethod(Invoker.java:645)
	at org.testng.internal.Invoker.invokeTestMethod(Invoker.java:822)
	at org.testng.internal.Invoker.invokeTestMethods(Invoker.java:1130)
	at org.testng.internal.TestMethodWorker.invokeTestMethods(TestMethodWorker.java:129)
	at org.testng.internal.TestMethodWorker.run(TestMethodWorker.java:112)
	at org.testng.TestRunner.privateRun(TestRunner.java:782)
	at org.testng.TestRunner.run(TestRunner.java:632)
	at org.testng.SuiteRunner.runTest(SuiteRunner.java:366)
	at org.testng.SuiteRunner.runSequentially(SuiteRunner.java:361)
	at org.testng.SuiteRunner.privateRun(SuiteRunner.java:319)
	at org.testng.SuiteRunner.run(SuiteRunner.java:268)
	at org.testng.SuiteRunnerWorker.runSuite(SuiteRunnerWorker.java:52)
	at org.testng.SuiteRunnerWorker.run(SuiteRunnerWorker.java:86)
	at org.testng.TestNG.runSuitesSequentially(TestNG.java:1244)
	at org.testng.TestNG.runSuitesLocally(TestNG.java:1169)
	at org.testng.TestNG.run(TestNG.java:1064)
	at org.testng.remote.RemoteTestNG.run(RemoteTestNG.java:113)
	at org.testng.remote.RemoteTestNG.initAndRun(RemoteTestNG.java:206)
	at org.testng.remote.RemoteTestNG.main(RemoteTestNG.java:177)
</pre></td>
												</tr>
												<tr class='log' status='fail'>
													<td class='status fail' title='fail' alt='fail'><i class='material-icons'>cancel</i></td>
													<td class='timestamp'>7:15:34 PM</td>
													<td class='step-details'><a href='.//CatalinaLogs//CatalinaLog_1682603134467.log'><b><h6><font color='red'>Catalina Log</font></h6></b></a></td>
												</tr>
										</tbody>
									</table>
										<ul class='screenshots'>
												<li><img data-featherlight='..//Output//Screenshots//Screenshot_1682603137260.jpg' width='10%' src='' data-src='..//Output//Screenshots//Screenshot_1682603137260.jpg'></li>
										</ul>
								</div>
						</div>
				</li>
				<li class='node level-1 leaf pass' status='pass' test-id='6'>
					<div class='collapsible-header'>
						<div class='node-name'>OAUTHETICATION1: To check if OAuthentication API is working successfully for user Dealer.</div>						
						<span class='node-time'>Apr 27, 2023 07:15:37 PM</span>
						<span class='node-duration'>0h 0m 2s+843ms</span>
						<span class='test-status right pass'>pass</span>
					</div>
						<div class='collapsible-body'>
									<div class='category-list right'>
											<span class='category label white-text'>REST</span>
									</div>
								<div class='node-steps'>
									<table class='bordered table-results'>
										<thead>
											<tr>
												<th>Status</th>
												<th>Timestamp</th>
												<th>Details</th>
											</tr>
										</thead>
										<tbody>
												<tr class='log' status='info'>
													<td class='status info' title='info' alt='info'><i class='material-icons'>info_outline</i></td>
													<td class='timestamp'>7:15:37 PM</td>
													<td class='step-details'>API URL: http://172.30.38.232:6789/pretups/rstapi/v1/generateTokenAPI</td>
												</tr>
												<tr class='log' status='info'>
													<td class='status info' title='info' alt='info'><i class='material-icons'>info_outline</i></td>
													<td class='timestamp'>7:15:37 PM</td>
													<td class='step-details'>{"token":"f7ebdf1d78e7da6a7681ea64c4b06b5fb3e1804c290bdfe003766c5ad41d4d53.a8b11d52631cc28893d4c460acf6826e0f5aac38502103cfd684a52063780f51eaedf3e29757865f48003f7ff27f3b5e1a5cdad9f76476796bcac0db25013b7a765c436c61c6f6611503d565db41d85f01e598b480fd22786d4b660468acb9f1688060cdd42f32e5224ecc3121311bdaf72ccaa34cc6d1113cd8b5f1779daa9df6bb8a7bd076a27a92bd295f6aa94b155d14b7c82cf1572754dd7c313148b7960b797d4f1358e0f341856a519dce8572954085d5ebd6c73b9f6e1da9d1951abbcd732f18822587ec2123c5d3b0d2587b90c9a9407e60f16dddc46e0101b767f2556b28a018a63d175eef0fc926fa2bc5faaf0333be8ce4526578f1fd06b15336aaea90a3b331b23c06b63ba94bfc1ea5c548e3d60a8d2d69b442b09038238fd4.208387f609db6fada01af1bda7bd27ce0f1a6d55a2ad129475147aeabdf7451d","refreshToken":"f7ebdf1d78e7da6a7681ea64c4b06b5fb3e1804c290bdfe003766c5ad41d4d53.a8b11d52631cc28893d4c460acf6826e0f5aac38502103cfd684a52063780f51eaedf3e29757865f48003f7ff27f3b5e1a5cdad9f76476796bcac0db25013b7a765c436c61c6f6611503d565db41d85f01e598b480fd22786d4b660468acb9f1688060cdd42f32e5224ecc3121311bdaf72ccaa34cc6d1113cd8b5f1779daa9df6bb8a7bd076a27a92bd295f6aa94b155d14b7c82cf1572754dd7c313148b7960b797d4f1358e0f341856a519dce8572954085d5ebd6c73be00696504b65a874b79e0f0265c8bf2b11067bdaebf6baccbfb7b1395da11150691bd3de60de5b2dd6b1a7d0d6a3db974a4530a33bf1264017fdac2607e712b5e3ef111cbc35a22d039116645d6a82cf35367041e58661c1dda291805d8d2ff90dda6474015571ba.f7ae6a112fdf1f01723182428dd6cfea465ba10fa705e7059e45d3ae6c95a4f3","status":200,"messageCode":"9020","message":"Success","errorMap":null}</td>
												</tr>
												<tr class='log' status='info'>
													<td class='status info' title='info' alt='info'><i class='material-icons'>info_outline</i></td>
													<td class='timestamp'>7:15:37 PM</td>
													<td class='step-details'><pre><b>Expected: </b>200<br><b>Found: </b>200</pre></td>
												</tr>
												<tr class='log' status='info'>
													<td class='status info' title='info' alt='info'><i class='material-icons'>info_outline</i></td>
													<td class='timestamp'>7:15:37 PM</td>
													<td class='step-details'><span class='label white-text green'>Message Validation Success</span></td>
												</tr>
												<tr class='log' status='info'>
													<td class='status info' title='info' alt='info'><i class='material-icons'>info_outline</i></td>
													<td class='timestamp'>7:15:40 PM</td>
													<td class='step-details'><img data-featherlight='..//Output//Screenshots//Screenshot_1682603140261.jpg' width='10%' src='' data-src='..//Output//Screenshots//Screenshot_1682603140261.jpg'></td>
												</tr>
										</tbody>
									</table>
								</div>
						</div>
				</li>
				<li class='node level-1 leaf fail' status='fail' test-id='7'>
					<div class='collapsible-header'>
						<div class='node-name'>RESTC2CST1: To check if C2C_STOCK_TRANSFER - API  is working successfully from Dealer to Agent.</div>						
						<span class='node-time'>Apr 27, 2023 07:15:40 PM</span>
						<span class='node-duration'>0h 0m 1s+744ms</span>
						<span class='test-status right fail'>fail</span>
					</div>
						<div class='collapsible-body'>
									<div class='category-list right'>
											<span class='category label white-text'>REST</span>
									</div>
								<div class='node-steps'>
									<table class='bordered table-results'>
										<thead>
											<tr>
												<th>Status</th>
												<th>Timestamp</th>
												<th>Details</th>
											</tr>
										</thead>
										<tbody>
												<tr class='log' status='info'>
													<td class='status info' title='info' alt='info'><i class='material-icons'>info_outline</i></td>
													<td class='timestamp'>7:15:40 PM</td>
													<td class='step-details'>Entered :: getUserBalance()</td>
												</tr>
												<tr class='log' status='info'>
													<td class='status info' title='info' alt='info'><i class='material-icons'>info_outline</i></td>
													<td class='timestamp'>7:15:40 PM</td>
													<td class='step-details'>Entered :: getUserBalance()</td>
												</tr>
												<tr class='log' status='info'>
													<td class='status info' title='info' alt='info'><i class='material-icons'>info_outline</i></td>
													<td class='timestamp'>7:15:40 PM</td>
													<td class='step-details'>API URL: http://172.30.38.232:6789/pretups/rstapi/v1/c2cReceiver/c2ctrf</td>
												</tr>
												<tr class='log' status='info'>
													<td class='status info' title='info' alt='info'><i class='material-icons'>info_outline</i></td>
													<td class='timestamp'>7:15:41 PM</td>
													<td class='step-details'>{"statusCode":200,"status":true,"dataObject":{"type":"C2CTRF","date":"27/04/2023","txnstatus":"206","extrefnum":"","message":"Transaction is not successful","txnid":"","errorcode":"Transaction is not successful"}}</td>
												</tr>
												<tr class='log' status='fail'>
													<td class='status fail' title='fail' alt='fail'><i class='material-icons'>cancel</i></td>
													<td class='timestamp'>7:15:41 PM</td>
													<td class='step-details'><textarea>java.lang.AssertionError: 1 expectation failed.
Expected status code <200> but was <400>.

	at sun.reflect.NativeConstructorAccessorImpl.newInstance0(Native Method)
	at sun.reflect.NativeConstructorAccessorImpl.newInstance(Unknown Source)
	at sun.reflect.DelegatingConstructorAccessorImpl.newInstance(Unknown Source)
	at java.lang.reflect.Constructor.newInstance(Unknown Source)
	at org.codehaus.groovy.reflection.CachedConstructor.invoke(CachedConstructor.java:83)
	at org.codehaus.groovy.reflection.CachedConstructor.doConstructorInvoke(CachedConstructor.java:77)
	at org.codehaus.groovy.runtime.callsite.ConstructorSite$ConstructorSiteNoUnwrap.callConstructor(ConstructorSite.java:84)
	at org.codehaus.groovy.runtime.callsite.CallSiteArray.defaultCallConstructor(CallSiteArray.java:60)
	at org.codehaus.groovy.runtime.callsite.AbstractCallSite.callConstructor(AbstractCallSite.java:235)
	at org.codehaus.groovy.runtime.callsite.AbstractCallSite.callConstructor(AbstractCallSite.java:247)
	at io.restassured.internal.ResponseSpecificationImpl$HamcrestAssertionClosure.validate(ResponseSpecificationImpl.groovy:471)
	at io.restassured.internal.ResponseSpecificationImpl$HamcrestAssertionClosure$validate$1.call(Unknown Source)
	at io.restassured.internal.ResponseSpecificationImpl.validate(ResponseSpecificationImpl.groovy:88)
	at io.restassured.internal.ValidatableResponseOptionsImpl.specification(ValidatableResponseOptionsImpl.java:311)
	at io.restassured.internal.ValidatableResponseOptionsImpl.spec(ValidatableResponseOptionsImpl.java:292)
	at restassuredapi.api.c2cstock.C2CStockTransferAPI.validateResponse(C2CStockTransferAPI.java:59)
	at restassuredapi.api.BaseAPI.perform(BaseAPI.java:88)
	at restassuredapi.test.C2CStockWithdraw.A_01_Test_success(C2CStockWithdraw.java:382)
	at sun.reflect.NativeMethodAccessorImpl.invoke0(Native Method)
	at sun.reflect.NativeMethodAccessorImpl.invoke(Unknown Source)
	at sun.reflect.DelegatingMethodAccessorImpl.invoke(Unknown Source)
	at java.lang.reflect.Method.invoke(Unknown Source)
	at org.testng.internal.MethodInvocationHelper.invokeMethod(MethodInvocationHelper.java:86)
	at org.testng.internal.Invoker.invokeMethod(Invoker.java:645)
	at org.testng.internal.Invoker.invokeTestMethod(Invoker.java:822)
	at org.testng.internal.Invoker.invokeTestMethods(Invoker.java:1130)
	at org.testng.internal.TestMethodWorker.invokeTestMethods(TestMethodWorker.java:129)
	at org.testng.internal.TestMethodWorker.run(TestMethodWorker.java:112)
	at org.testng.TestRunner.privateRun(TestRunner.java:782)
	at org.testng.TestRunner.run(TestRunner.java:632)
	at org.testng.SuiteRunner.runTest(SuiteRunner.java:366)
	at org.testng.SuiteRunner.runSequentially(SuiteRunner.java:361)
	at org.testng.SuiteRunner.privateRun(SuiteRunner.java:319)
	at org.testng.SuiteRunner.run(SuiteRunner.java:268)
	at org.testng.SuiteRunnerWorker.runSuite(SuiteRunnerWorker.java:52)
	at org.testng.SuiteRunnerWorker.run(SuiteRunnerWorker.java:86)
	at org.testng.TestNG.runSuitesSequentially(TestNG.java:1244)
	at org.testng.TestNG.runSuitesLocally(TestNG.java:1169)
	at org.testng.TestNG.run(TestNG.java:1064)
	at org.testng.remote.RemoteTestNG.run(RemoteTestNG.java:113)
	at org.testng.remote.RemoteTestNG.initAndRun(RemoteTestNG.java:206)
	at org.testng.remote.RemoteTestNG.main(RemoteTestNG.java:177)
</textarea></td>
												</tr>
												<tr class='log' status='fail'>
													<td class='status fail' title='fail' alt='fail'><i class='material-icons'>cancel</i></td>
													<td class='timestamp'>7:15:42 PM</td>
													<td class='step-details'><a href='.//CatalinaLogs//CatalinaLog_1682603141508.log'><b><h6><font color='red'>Catalina Log</font></h6></b></a></td>
												</tr>
										</tbody>
									</table>
										<ul class='screenshots'>
												<li><img data-featherlight='..//Output//Screenshots//Screenshot_1682603144638.jpg' width='10%' src='' data-src='..//Output//Screenshots//Screenshot_1682603144638.jpg'></li>
										</ul>
								</div>
						</div>
				</li>
				<li class='node level-1 leaf pass' status='pass' test-id='8'>
					<div class='collapsible-header'>
						<div class='node-name'>OAUTHETICATION1: To check if OAuthentication API is working successfully for user Dealer.</div>						
						<span class='node-time'>Apr 27, 2023 07:15:44 PM</span>
						<span class='node-duration'>0h 0m 2s+890ms</span>
						<span class='test-status right pass'>pass</span>
					</div>
						<div class='collapsible-body'>
									<div class='category-list right'>
											<span class='category label white-text'>REST</span>
									</div>
								<div class='node-steps'>
									<table class='bordered table-results'>
										<thead>
											<tr>
												<th>Status</th>
												<th>Timestamp</th>
												<th>Details</th>
											</tr>
										</thead>
										<tbody>
												<tr class='log' status='info'>
													<td class='status info' title='info' alt='info'><i class='material-icons'>info_outline</i></td>
													<td class='timestamp'>7:15:44 PM</td>
													<td class='step-details'>API URL: http://172.30.38.232:6789/pretups/rstapi/v1/generateTokenAPI</td>
												</tr>
												<tr class='log' status='info'>
													<td class='status info' title='info' alt='info'><i class='material-icons'>info_outline</i></td>
													<td class='timestamp'>7:15:45 PM</td>
													<td class='step-details'>{"token":"f7ebdf1d78e7da6a7681ea64c4b06b5fb3e1804c290bdfe003766c5ad41d4d53.a8b11d52631cc28893d4c460acf6826e0f5aac38502103cfd684a52063780f51eaedf3e29757865f48003f7ff27f3b5e1a5cdad9f76476796bcac0db25013b7a765c436c61c6f6611503d565db41d85fd33bd186cde0673bed894287dabfac7f29a9360d42a87d32b0280db7dc11a64f46cc35c11f508893cf6d7c3a98a512da8169acb99efa9f8bc9af02c6e8285987b34013c17b6b90c976b87b978d3e8920c27601ce3fa25fbf6324c694f6c499e2faa4152a38e09d4e04c3c91236cdd218d09f936d122e0011cff8d0f6511a30219569aad968be384b67e54a4754ca81dd842a09c9f76452b764db346397a692e450c1201a1157c156b94dcfe4fa723383e7e143d649012aa270f6d5517bb0d54efb24b2fbdc954bc237ad1634497d1960.a1ac4af09fceb873dcf9ca7245841614182f5b1d006801253535d69846a9486d","refreshToken":"f7ebdf1d78e7da6a7681ea64c4b06b5fb3e1804c290bdfe003766c5ad41d4d53.a8b11d52631cc28893d4c460acf6826e0f5aac38502103cfd684a52063780f51eaedf3e29757865f48003f7ff27f3b5e1a5cdad9f76476796bcac0db25013b7a765c436c61c6f6611503d565db41d85fd33bd186cde0673bed894287dabfac7f29a9360d42a87d32b0280db7dc11a64f46cc35c11f508893cf6d7c3a98a512da8169acb99efa9f8bc9af02c6e8285987b34013c17b6b90c976b87b978d3e8920c27601ce3fa25fbf6324c694f6c499e2faa4152a38e09d4e1f87f8b5c7f023856247f76cf0a1e7163480062b0fa997798156ab93e539a03216473b6d4b78003b23ed3e6f9ca2bddf55183a54acb9e79b4091845f5253c46bff6ed4e41264b86756e64bf9eee4687c7e5856aa217c17a8d272a66c461eed95a5f761f157d26ad6.f2eb2676045328769b95b79c0704b77ec7b50868d8ba0b5cc0aea66dea74a149","status":200,"messageCode":"9020","message":"Success","errorMap":null}</td>
												</tr>
												<tr class='log' status='info'>
													<td class='status info' title='info' alt='info'><i class='material-icons'>info_outline</i></td>
													<td class='timestamp'>7:15:45 PM</td>
													<td class='step-details'><pre><b>Expected: </b>200<br><b>Found: </b>200</pre></td>
												</tr>
												<tr class='log' status='info'>
													<td class='status info' title='info' alt='info'><i class='material-icons'>info_outline</i></td>
													<td class='timestamp'>7:15:45 PM</td>
													<td class='step-details'><span class='label white-text green'>Message Validation Success</span></td>
												</tr>
												<tr class='log' status='info'>
													<td class='status info' title='info' alt='info'><i class='material-icons'>info_outline</i></td>
													<td class='timestamp'>7:15:47 PM</td>
													<td class='step-details'><img data-featherlight='..//Output//Screenshots//Screenshot_1682603147714.jpg' width='10%' src='' data-src='..//Output//Screenshots//Screenshot_1682603147714.jpg'></td>
												</tr>
										</tbody>
									</table>
								</div>
						</div>
				</li>
				<li class='node level-1 leaf fail' status='fail' test-id='9'>
					<div class='collapsible-header'>
						<div class='node-name'>RESTC2CST1: To check if C2C_STOCK_TRANSFER - API  is working successfully from Dealer to Agent.</div>						
						<span class='node-time'>Apr 27, 2023 07:15:47 PM</span>
						<span class='node-duration'>0h 0m 0s+887ms</span>
						<span class='test-status right fail'>fail</span>
					</div>
						<div class='collapsible-body'>
									<div class='category-list right'>
											<span class='category label white-text'>REST</span>
									</div>
								<div class='node-steps'>
									<table class='bordered table-results'>
										<thead>
											<tr>
												<th>Status</th>
												<th>Timestamp</th>
												<th>Details</th>
											</tr>
										</thead>
										<tbody>
												<tr class='log' status='info'>
													<td class='status info' title='info' alt='info'><i class='material-icons'>info_outline</i></td>
													<td class='timestamp'>7:15:47 PM</td>
													<td class='step-details'>Entered :: getUserBalance()</td>
												</tr>
												<tr class='log' status='info'>
													<td class='status info' title='info' alt='info'><i class='material-icons'>info_outline</i></td>
													<td class='timestamp'>7:15:48 PM</td>
													<td class='step-details'>Error while fetching balance</td>
												</tr>
												<tr class='log' status='debug'>
													<td class='status debug' title='debug' alt='debug'><i class='material-icons'>low_priority</i></td>
													<td class='timestamp'>7:15:48 PM</td>
													<td class='step-details'><pre>org.postgresql.util.PSQLException: ERROR: more than one row returned by a subquery used as an expression
	at org.postgresql.core.v3.QueryExecutorImpl.receiveErrorResponse(QueryExecutorImpl.java:2440)
	at org.postgresql.core.v3.QueryExecutorImpl.processResults(QueryExecutorImpl.java:2183)
	at org.postgresql.core.v3.QueryExecutorImpl.execute(QueryExecutorImpl.java:308)
	at org.postgresql.jdbc.PgStatement.executeInternal(PgStatement.java:441)
	at org.postgresql.jdbc.PgStatement.execute(PgStatement.java:365)
	at org.postgresql.jdbc.PgStatement.executeWithFlags(PgStatement.java:307)
	at org.postgresql.jdbc.PgStatement.executeCachedSql(PgStatement.java:293)
	at org.postgresql.jdbc.PgStatement.executeWithFlags(PgStatement.java:270)
	at org.postgresql.jdbc.PgStatement.executeQuery(PgStatement.java:224)
	at com.mchange.v2.c3p0.impl.NewProxyStatement.executeQuery(NewProxyStatement.java:327)
	at com.dbrepository.PostGreSQLRepository.getUserBalance(PostGreSQLRepository.java:3795)
	at restassuredapi.test.C2CStockWithdraw.setupData(C2CStockWithdraw.java:238)
	at restassuredapi.test.C2CStockWithdraw.A_01_Test_success(C2CStockWithdraw.java:374)
	at sun.reflect.NativeMethodAccessorImpl.invoke0(Native Method)
	at sun.reflect.NativeMethodAccessorImpl.invoke(Unknown Source)
	at sun.reflect.DelegatingMethodAccessorImpl.invoke(Unknown Source)
	at java.lang.reflect.Method.invoke(Unknown Source)
	at org.testng.internal.MethodInvocationHelper.invokeMethod(MethodInvocationHelper.java:86)
	at org.testng.internal.Invoker.invokeMethod(Invoker.java:645)
	at org.testng.internal.Invoker.invokeTestMethod(Invoker.java:822)
	at org.testng.internal.Invoker.invokeTestMethods(Invoker.java:1130)
	at org.testng.internal.TestMethodWorker.invokeTestMethods(TestMethodWorker.java:129)
	at org.testng.internal.TestMethodWorker.run(TestMethodWorker.java:112)
	at org.testng.TestRunner.privateRun(TestRunner.java:782)
	at org.testng.TestRunner.run(TestRunner.java:632)
	at org.testng.SuiteRunner.runTest(SuiteRunner.java:366)
	at org.testng.SuiteRunner.runSequentially(SuiteRunner.java:361)
	at org.testng.SuiteRunner.privateRun(SuiteRunner.java:319)
	at org.testng.SuiteRunner.run(SuiteRunner.java:268)
	at org.testng.SuiteRunnerWorker.runSuite(SuiteRunnerWorker.java:52)
	at org.testng.SuiteRunnerWorker.run(SuiteRunnerWorker.java:86)
	at org.testng.TestNG.runSuitesSequentially(TestNG.java:1244)
	at org.testng.TestNG.runSuitesLocally(TestNG.java:1169)
	at org.testng.TestNG.run(TestNG.java:1064)
	at org.testng.remote.RemoteTestNG.run(RemoteTestNG.java:113)
	at org.testng.remote.RemoteTestNG.initAndRun(RemoteTestNG.java:206)
	at org.testng.remote.RemoteTestNG.main(RemoteTestNG.java:177)
</pre></td>
												</tr>
												<tr class='log' status='fail'>
													<td class='status fail' title='fail' alt='fail'><i class='material-icons'>cancel</i></td>
													<td class='timestamp'>7:15:48 PM</td>
													<td class='step-details'><pre>java.lang.NullPointerException
	at sun.misc.FloatingDecimal.readJavaFormatString(Unknown Source)
	at sun.misc.FloatingDecimal.parseDouble(Unknown Source)
	at java.lang.Double.parseDouble(Unknown Source)
	at restassuredapi.test.C2CStockWithdraw.setupData(C2CStockWithdraw.java:239)
	at restassuredapi.test.C2CStockWithdraw.A_01_Test_success(C2CStockWithdraw.java:374)
	at sun.reflect.NativeMethodAccessorImpl.invoke0(Native Method)
	at sun.reflect.NativeMethodAccessorImpl.invoke(Unknown Source)
	at sun.reflect.DelegatingMethodAccessorImpl.invoke(Unknown Source)
	at java.lang.reflect.Method.invoke(Unknown Source)
	at org.testng.internal.MethodInvocationHelper.invokeMethod(MethodInvocationHelper.java:86)
	at org.testng.internal.Invoker.invokeMethod(Invoker.java:645)
	at org.testng.internal.Invoker.invokeTestMethod(Invoker.java:822)
	at org.testng.internal.Invoker.invokeTestMethods(Invoker.java:1130)
	at org.testng.internal.TestMethodWorker.invokeTestMethods(TestMethodWorker.java:129)
	at org.testng.internal.TestMethodWorker.run(TestMethodWorker.java:112)
	at org.testng.TestRunner.privateRun(TestRunner.java:782)
	at org.testng.TestRunner.run(TestRunner.java:632)
	at org.testng.SuiteRunner.runTest(SuiteRunner.java:366)
	at org.testng.SuiteRunner.runSequentially(SuiteRunner.java:361)
	at org.testng.SuiteRunner.privateRun(SuiteRunner.java:319)
	at org.testng.SuiteRunner.run(SuiteRunner.java:268)
	at org.testng.SuiteRunnerWorker.runSuite(SuiteRunnerWorker.java:52)
	at org.testng.SuiteRunnerWorker.run(SuiteRunnerWorker.java:86)
	at org.testng.TestNG.runSuitesSequentially(TestNG.java:1244)
	at org.testng.TestNG.runSuitesLocally(TestNG.java:1169)
	at org.testng.TestNG.run(TestNG.java:1064)
	at org.testng.remote.RemoteTestNG.run(RemoteTestNG.java:113)
	at org.testng.remote.RemoteTestNG.initAndRun(RemoteTestNG.java:206)
	at org.testng.remote.RemoteTestNG.main(RemoteTestNG.java:177)
</pre></td>
												</tr>
												<tr class='log' status='fail'>
													<td class='status fail' title='fail' alt='fail'><i class='material-icons'>cancel</i></td>
													<td class='timestamp'>7:15:48 PM</td>
													<td class='step-details'><a href='.//CatalinaLogs//CatalinaLog_1682603148117.log'><b><h6><font color='red'>Catalina Log</font></h6></b></a></td>
												</tr>
										</tbody>
									</table>
										<ul class='screenshots'>
												<li><img data-featherlight='..//Output//Screenshots//Screenshot_1682603151212.jpg' width='10%' src='' data-src='..//Output//Screenshots//Screenshot_1682603151212.jpg'></li>
										</ul>
								</div>
						</div>
				</li>
				<li class='node level-1 leaf pass' status='pass' test-id='10'>
					<div class='collapsible-header'>
						<div class='node-name'>OAUTHETICATION1: To check if OAuthentication API is working successfully for user Dealer.</div>						
						<span class='node-time'>Apr 27, 2023 07:15:51 PM</span>
						<span class='node-duration'>0h 0m 2s+873ms</span>
						<span class='test-status right pass'>pass</span>
					</div>
						<div class='collapsible-body'>
									<div class='category-list right'>
											<span class='category label white-text'>REST</span>
									</div>
								<div class='node-steps'>
									<table class='bordered table-results'>
										<thead>
											<tr>
												<th>Status</th>
												<th>Timestamp</th>
												<th>Details</th>
											</tr>
										</thead>
										<tbody>
												<tr class='log' status='info'>
													<td class='status info' title='info' alt='info'><i class='material-icons'>info_outline</i></td>
													<td class='timestamp'>7:15:51 PM</td>
													<td class='step-details'>API URL: http://172.30.38.232:6789/pretups/rstapi/v1/generateTokenAPI</td>
												</tr>
												<tr class='log' status='info'>
													<td class='status info' title='info' alt='info'><i class='material-icons'>info_outline</i></td>
													<td class='timestamp'>7:15:51 PM</td>
													<td class='step-details'>{"token":"f7ebdf1d78e7da6a7681ea64c4b06b5fb3e1804c290bdfe003766c5ad41d4d53.a8b11d52631cc28893d4c460acf6826e0f5aac38502103cfd684a52063780f51eaedf3e29757865f48003f7ff27f3b5e1a5cdad9f76476796bcac0db25013b7a765c436c61c6f6611503d565db41d85f1c71e714cf14c2eea0835a06e5af8bd5004d95f65bd1933fbaacce4dcc669d1ce493bd4be5610d3572177e1b065dbe77a583e8729ffd8ed559022feaffec7e58699107f7b35d29a320f37161443a0b1b5116aafa00243b86493255dbb439b49907ae2a161544568aee9b61b9ae95efe73c4529410545dbb41b4293012ba4c2c7a50d756cbe65a3cd93110b8e4e3fba3b750197f88bd552e960fa05e7b8e9e0cde16dd2f24186fffd2cda20fe3f79f81db086f644e17898acbc91287ae874833e7b17c95d450fb5ab6d0bbc1526eb5d4f.92fac0354a431345905e9d471914e4f98e7635a874037992dc6b34b411a6a3eb","refreshToken":"f7ebdf1d78e7da6a7681ea64c4b06b5fb3e1804c290bdfe003766c5ad41d4d53.a8b11d52631cc28893d4c460acf6826e0f5aac38502103cfd684a52063780f51eaedf3e29757865f48003f7ff27f3b5e1a5cdad9f76476796bcac0db25013b7a765c436c61c6f6611503d565db41d85f1c71e714cf14c2eea0835a06e5af8bd5004d95f65bd1933fbaacce4dcc669d1ce493bd4be5610d3572177e1b065dbe77a583e8729ffd8ed559022feaffec7e58699107f7b35d29a320f37161443a0b1b5116aafa00243b86493255dbb439b49907ae2a161544568ab9344982483278ef1249bdb548c6796abf75e945a2d7f7896fa1bb75ce60675e789804489544afe920f3b51318a9bcd1190a91e2a8b33af6057beaaccd7b8416eca5c591ef444d390e939a7b1f66219c5323500ed6bd0492e213836de1317f221040ea653766025a.18fabde701cd7ce3246bfc7cecc889597ebe434b4c91052c034f1b09edf2bfa6","status":200,"messageCode":"9020","message":"Success","errorMap":null}</td>
												</tr>
												<tr class='log' status='info'>
													<td class='status info' title='info' alt='info'><i class='material-icons'>info_outline</i></td>
													<td class='timestamp'>7:15:51 PM</td>
													<td class='step-details'><pre><b>Expected: </b>200<br><b>Found: </b>200</pre></td>
												</tr>
												<tr class='log' status='info'>
													<td class='status info' title='info' alt='info'><i class='material-icons'>info_outline</i></td>
													<td class='timestamp'>7:15:51 PM</td>
													<td class='step-details'><span class='label white-text green'>Message Validation Success</span></td>
												</tr>
												<tr class='log' status='info'>
													<td class='status info' title='info' alt='info'><i class='material-icons'>info_outline</i></td>
													<td class='timestamp'>7:15:54 PM</td>
													<td class='step-details'><img data-featherlight='..//Output//Screenshots//Screenshot_1682603154259.jpg' width='10%' src='' data-src='..//Output//Screenshots//Screenshot_1682603154259.jpg'></td>
												</tr>
										</tbody>
									</table>
								</div>
						</div>
				</li>
				<li class='node level-1 leaf fail' status='fail' test-id='11'>
					<div class='collapsible-header'>
						<div class='node-name'>RESTC2CST1: To check if C2C_STOCK_TRANSFER - API  is working successfully from Dealer to Retailer.</div>						
						<span class='node-time'>Apr 27, 2023 07:15:54 PM</span>
						<span class='node-duration'>0h 0m 0s+772ms</span>
						<span class='test-status right fail'>fail</span>
					</div>
						<div class='collapsible-body'>
									<div class='category-list right'>
											<span class='category label white-text'>REST</span>
									</div>
								<div class='node-steps'>
									<table class='bordered table-results'>
										<thead>
											<tr>
												<th>Status</th>
												<th>Timestamp</th>
												<th>Details</th>
											</tr>
										</thead>
										<tbody>
												<tr class='log' status='info'>
													<td class='status info' title='info' alt='info'><i class='material-icons'>info_outline</i></td>
													<td class='timestamp'>7:15:54 PM</td>
													<td class='step-details'>Entered :: getUserBalance()</td>
												</tr>
												<tr class='log' status='info'>
													<td class='status info' title='info' alt='info'><i class='material-icons'>info_outline</i></td>
													<td class='timestamp'>7:15:54 PM</td>
													<td class='step-details'>Error while fetching balance</td>
												</tr>
												<tr class='log' status='debug'>
													<td class='status debug' title='debug' alt='debug'><i class='material-icons'>low_priority</i></td>
													<td class='timestamp'>7:15:54 PM</td>
													<td class='step-details'><pre>org.postgresql.util.PSQLException: ERROR: more than one row returned by a subquery used as an expression
	at org.postgresql.core.v3.QueryExecutorImpl.receiveErrorResponse(QueryExecutorImpl.java:2440)
	at org.postgresql.core.v3.QueryExecutorImpl.processResults(QueryExecutorImpl.java:2183)
	at org.postgresql.core.v3.QueryExecutorImpl.execute(QueryExecutorImpl.java:308)
	at org.postgresql.jdbc.PgStatement.executeInternal(PgStatement.java:441)
	at org.postgresql.jdbc.PgStatement.execute(PgStatement.java:365)
	at org.postgresql.jdbc.PgStatement.executeWithFlags(PgStatement.java:307)
	at org.postgresql.jdbc.PgStatement.executeCachedSql(PgStatement.java:293)
	at org.postgresql.jdbc.PgStatement.executeWithFlags(PgStatement.java:270)
	at org.postgresql.jdbc.PgStatement.executeQuery(PgStatement.java:224)
	at com.mchange.v2.c3p0.impl.NewProxyStatement.executeQuery(NewProxyStatement.java:327)
	at com.dbrepository.PostGreSQLRepository.getUserBalance(PostGreSQLRepository.java:3795)
	at restassuredapi.test.C2CStockWithdraw.setupData(C2CStockWithdraw.java:238)
	at restassuredapi.test.C2CStockWithdraw.A_01_Test_success(C2CStockWithdraw.java:374)
	at sun.reflect.NativeMethodAccessorImpl.invoke0(Native Method)
	at sun.reflect.NativeMethodAccessorImpl.invoke(Unknown Source)
	at sun.reflect.DelegatingMethodAccessorImpl.invoke(Unknown Source)
	at java.lang.reflect.Method.invoke(Unknown Source)
	at org.testng.internal.MethodInvocationHelper.invokeMethod(MethodInvocationHelper.java:86)
	at org.testng.internal.Invoker.invokeMethod(Invoker.java:645)
	at org.testng.internal.Invoker.invokeTestMethod(Invoker.java:822)
	at org.testng.internal.Invoker.invokeTestMethods(Invoker.java:1130)
	at org.testng.internal.TestMethodWorker.invokeTestMethods(TestMethodWorker.java:129)
	at org.testng.internal.TestMethodWorker.run(TestMethodWorker.java:112)
	at org.testng.TestRunner.privateRun(TestRunner.java:782)
	at org.testng.TestRunner.run(TestRunner.java:632)
	at org.testng.SuiteRunner.runTest(SuiteRunner.java:366)
	at org.testng.SuiteRunner.runSequentially(SuiteRunner.java:361)
	at org.testng.SuiteRunner.privateRun(SuiteRunner.java:319)
	at org.testng.SuiteRunner.run(SuiteRunner.java:268)
	at org.testng.SuiteRunnerWorker.runSuite(SuiteRunnerWorker.java:52)
	at org.testng.SuiteRunnerWorker.run(SuiteRunnerWorker.java:86)
	at org.testng.TestNG.runSuitesSequentially(TestNG.java:1244)
	at org.testng.TestNG.runSuitesLocally(TestNG.java:1169)
	at org.testng.TestNG.run(TestNG.java:1064)
	at org.testng.remote.RemoteTestNG.run(RemoteTestNG.java:113)
	at org.testng.remote.RemoteTestNG.initAndRun(RemoteTestNG.java:206)
	at org.testng.remote.RemoteTestNG.main(RemoteTestNG.java:177)
</pre></td>
												</tr>
												<tr class='log' status='fail'>
													<td class='status fail' title='fail' alt='fail'><i class='material-icons'>cancel</i></td>
													<td class='timestamp'>7:15:54 PM</td>
													<td class='step-details'><pre>java.lang.NullPointerException
	at sun.misc.FloatingDecimal.readJavaFormatString(Unknown Source)
	at sun.misc.FloatingDecimal.parseDouble(Unknown Source)
	at java.lang.Double.parseDouble(Unknown Source)
	at restassuredapi.test.C2CStockWithdraw.setupData(C2CStockWithdraw.java:239)
	at restassuredapi.test.C2CStockWithdraw.A_01_Test_success(C2CStockWithdraw.java:374)
	at sun.reflect.NativeMethodAccessorImpl.invoke0(Native Method)
	at sun.reflect.NativeMethodAccessorImpl.invoke(Unknown Source)
	at sun.reflect.DelegatingMethodAccessorImpl.invoke(Unknown Source)
	at java.lang.reflect.Method.invoke(Unknown Source)
	at org.testng.internal.MethodInvocationHelper.invokeMethod(MethodInvocationHelper.java:86)
	at org.testng.internal.Invoker.invokeMethod(Invoker.java:645)
	at org.testng.internal.Invoker.invokeTestMethod(Invoker.java:822)
	at org.testng.internal.Invoker.invokeTestMethods(Invoker.java:1130)
	at org.testng.internal.TestMethodWorker.invokeTestMethods(TestMethodWorker.java:129)
	at org.testng.internal.TestMethodWorker.run(TestMethodWorker.java:112)
	at org.testng.TestRunner.privateRun(TestRunner.java:782)
	at org.testng.TestRunner.run(TestRunner.java:632)
	at org.testng.SuiteRunner.runTest(SuiteRunner.java:366)
	at org.testng.SuiteRunner.runSequentially(SuiteRunner.java:361)
	at org.testng.SuiteRunner.privateRun(SuiteRunner.java:319)
	at org.testng.SuiteRunner.run(SuiteRunner.java:268)
	at org.testng.SuiteRunnerWorker.runSuite(SuiteRunnerWorker.java:52)
	at org.testng.SuiteRunnerWorker.run(SuiteRunnerWorker.java:86)
	at org.testng.TestNG.runSuitesSequentially(TestNG.java:1244)
	at org.testng.TestNG.runSuitesLocally(TestNG.java:1169)
	at org.testng.TestNG.run(TestNG.java:1064)
	at org.testng.remote.RemoteTestNG.run(RemoteTestNG.java:113)
	at org.testng.remote.RemoteTestNG.initAndRun(RemoteTestNG.java:206)
	at org.testng.remote.RemoteTestNG.main(RemoteTestNG.java:177)
</pre></td>
												</tr>
												<tr class='log' status='fail'>
													<td class='status fail' title='fail' alt='fail'><i class='material-icons'>cancel</i></td>
													<td class='timestamp'>7:15:55 PM</td>
													<td class='step-details'><a href='.//CatalinaLogs//CatalinaLog_1682603154596.log'><b><h6><font color='red'>Catalina Log</font></h6></b></a></td>
												</tr>
										</tbody>
									</table>
										<ul class='screenshots'>
												<li><img data-featherlight='..//Output//Screenshots//Screenshot_1682603157656.jpg' width='10%' src='' data-src='..//Output//Screenshots//Screenshot_1682603157656.jpg'></li>
										</ul>
								</div>
						</div>
				</li>
				<li class='node level-1 leaf pass' status='pass' test-id='12'>
					<div class='collapsible-header'>
						<div class='node-name'>OAUTHETICATION1: To check if OAuthentication API is working successfully for user Agent.</div>						
						<span class='node-time'>Apr 27, 2023 07:15:57 PM</span>
						<span class='node-duration'>0h 0m 2s+675ms</span>
						<span class='test-status right pass'>pass</span>
					</div>
						<div class='collapsible-body'>
									<div class='category-list right'>
											<span class='category label white-text'>REST</span>
									</div>
								<div class='node-steps'>
									<table class='bordered table-results'>
										<thead>
											<tr>
												<th>Status</th>
												<th>Timestamp</th>
												<th>Details</th>
											</tr>
										</thead>
										<tbody>
												<tr class='log' status='info'>
													<td class='status info' title='info' alt='info'><i class='material-icons'>info_outline</i></td>
													<td class='timestamp'>7:15:57 PM</td>
													<td class='step-details'>API URL: http://172.30.38.232:6789/pretups/rstapi/v1/generateTokenAPI</td>
												</tr>
												<tr class='log' status='info'>
													<td class='status info' title='info' alt='info'><i class='material-icons'>info_outline</i></td>
													<td class='timestamp'>7:15:58 PM</td>
													<td class='step-details'>{"token":"f7ebdf1d78e7da6a7681ea64c4b06b5fb3e1804c290bdfe003766c5ad41d4d53.a8b11d52631cc28870fcac9daa7767ab4767bc0355e3c3abc5bc9ecb94f96818c863e256388ed6ea5d74a9cc8c72526c76e6244980a779b83f8ee985189dc8e46a07179df7d925da88a3db71259ccfca646be0d4304544686a91f91a18d30b07d9cb5489ff502bcc1ba6c62f9c4a912f22f17881231e56750f72c06d10b422e2c2fbf26376e885a5f0c7ae45d505a47addf3a0c9c6b352719b9e9d35b15d402e15b13af4428160d4ac7e91335a4bc55e83950568209b8bac21283854563347f305f43a74d23efc9c051a3cbebeb6762cd2bf1b15ac143194945b2b544749bdcecd3d6911c28f7627298f21733a16a0e5381ac76d45b9ba912c034149015f7245f8da78738b3e895df1a170381f5d229d130211ca8efe74738c2d1406e8e453d4.1c220363ccb0c34c035df0fca6467125e49d7e3a6d9d8e578595bdcd52886984","refreshToken":"f7ebdf1d78e7da6a7681ea64c4b06b5fb3e1804c290bdfe003766c5ad41d4d53.a8b11d52631cc28870fcac9daa7767ab4767bc0355e3c3abc5bc9ecb94f96818c863e256388ed6ea5d74a9cc8c72526c76e6244980a779b83f8ee985189dc8e46a07179df7d925da88a3db71259ccfca646be0d4304544686a91f91a18d30b07d9cb5489ff502bcc1ba6c62f9c4a912f22f17881231e56750f72c06d10b422e2c2fbf26376e885a5f0c7ae45d505a47addf3a0c9c6b352719b9e9d35b15d402e15b13af4428160d4ac7e91335a4bc55e83950568209b8bace123d1777e865475d1e53eeaf0b75df6345b9c07c2a30910e4dc6fd9a484cee7fa05a7787070c42dc4d16ae315e0181e5d9693247798cfa2b9132c399222650a27173b2639e291eef6b0a1c12e39662a2193d6242525cafa585e34355bc183656027db2e1902c9bf.aa2e56020e2fc7e3abebce4162a2732287b5b5928e0fec1fa55b297c092825f3","status":200,"messageCode":"9020","message":"Success","errorMap":null}</td>
												</tr>
												<tr class='log' status='info'>
													<td class='status info' title='info' alt='info'><i class='material-icons'>info_outline</i></td>
													<td class='timestamp'>7:15:58 PM</td>
													<td class='step-details'><pre><b>Expected: </b>200<br><b>Found: </b>200</pre></td>
												</tr>
												<tr class='log' status='info'>
													<td class='status info' title='info' alt='info'><i class='material-icons'>info_outline</i></td>
													<td class='timestamp'>7:15:58 PM</td>
													<td class='step-details'><span class='label white-text green'>Message Validation Success</span></td>
												</tr>
												<tr class='log' status='info'>
													<td class='status info' title='info' alt='info'><i class='material-icons'>info_outline</i></td>
													<td class='timestamp'>7:16:00 PM</td>
													<td class='step-details'><img data-featherlight='..//Output//Screenshots//Screenshot_1682603160519.jpg' width='10%' src='' data-src='..//Output//Screenshots//Screenshot_1682603160519.jpg'></td>
												</tr>
										</tbody>
									</table>
								</div>
						</div>
				</li>
				<li class='node level-1 leaf fail' status='fail' test-id='13'>
					<div class='collapsible-header'>
						<div class='node-name'>RESTC2CST1: To check if C2C_STOCK_TRANSFER - API  is working successfully from Agent to Retailer.</div>						
						<span class='node-time'>Apr 27, 2023 07:16:00 PM</span>
						<span class='node-duration'>0h 0m 0s+719ms</span>
						<span class='test-status right fail'>fail</span>
					</div>
						<div class='collapsible-body'>
									<div class='category-list right'>
											<span class='category label white-text'>REST</span>
									</div>
								<div class='node-steps'>
									<table class='bordered table-results'>
										<thead>
											<tr>
												<th>Status</th>
												<th>Timestamp</th>
												<th>Details</th>
											</tr>
										</thead>
										<tbody>
												<tr class='log' status='info'>
													<td class='status info' title='info' alt='info'><i class='material-icons'>info_outline</i></td>
													<td class='timestamp'>7:16:00 PM</td>
													<td class='step-details'>Entered :: getUserBalance()</td>
												</tr>
												<tr class='log' status='info'>
													<td class='status info' title='info' alt='info'><i class='material-icons'>info_outline</i></td>
													<td class='timestamp'>7:16:00 PM</td>
													<td class='step-details'>Error while fetching balance</td>
												</tr>
												<tr class='log' status='debug'>
													<td class='status debug' title='debug' alt='debug'><i class='material-icons'>low_priority</i></td>
													<td class='timestamp'>7:16:00 PM</td>
													<td class='step-details'><pre>org.postgresql.util.PSQLException: ERROR: more than one row returned by a subquery used as an expression
	at org.postgresql.core.v3.QueryExecutorImpl.receiveErrorResponse(QueryExecutorImpl.java:2440)
	at org.postgresql.core.v3.QueryExecutorImpl.processResults(QueryExecutorImpl.java:2183)
	at org.postgresql.core.v3.QueryExecutorImpl.execute(QueryExecutorImpl.java:308)
	at org.postgresql.jdbc.PgStatement.executeInternal(PgStatement.java:441)
	at org.postgresql.jdbc.PgStatement.execute(PgStatement.java:365)
	at org.postgresql.jdbc.PgStatement.executeWithFlags(PgStatement.java:307)
	at org.postgresql.jdbc.PgStatement.executeCachedSql(PgStatement.java:293)
	at org.postgresql.jdbc.PgStatement.executeWithFlags(PgStatement.java:270)
	at org.postgresql.jdbc.PgStatement.executeQuery(PgStatement.java:224)
	at com.mchange.v2.c3p0.impl.NewProxyStatement.executeQuery(NewProxyStatement.java:327)
	at com.dbrepository.PostGreSQLRepository.getUserBalance(PostGreSQLRepository.java:3795)
	at restassuredapi.test.C2CStockWithdraw.setupData(C2CStockWithdraw.java:238)
	at restassuredapi.test.C2CStockWithdraw.A_01_Test_success(C2CStockWithdraw.java:374)
	at sun.reflect.NativeMethodAccessorImpl.invoke0(Native Method)
	at sun.reflect.NativeMethodAccessorImpl.invoke(Unknown Source)
	at sun.reflect.DelegatingMethodAccessorImpl.invoke(Unknown Source)
	at java.lang.reflect.Method.invoke(Unknown Source)
	at org.testng.internal.MethodInvocationHelper.invokeMethod(MethodInvocationHelper.java:86)
	at org.testng.internal.Invoker.invokeMethod(Invoker.java:645)
	at org.testng.internal.Invoker.invokeTestMethod(Invoker.java:822)
	at org.testng.internal.Invoker.invokeTestMethods(Invoker.java:1130)
	at org.testng.internal.TestMethodWorker.invokeTestMethods(TestMethodWorker.java:129)
	at org.testng.internal.TestMethodWorker.run(TestMethodWorker.java:112)
	at org.testng.TestRunner.privateRun(TestRunner.java:782)
	at org.testng.TestRunner.run(TestRunner.java:632)
	at org.testng.SuiteRunner.runTest(SuiteRunner.java:366)
	at org.testng.SuiteRunner.runSequentially(SuiteRunner.java:361)
	at org.testng.SuiteRunner.privateRun(SuiteRunner.java:319)
	at org.testng.SuiteRunner.run(SuiteRunner.java:268)
	at org.testng.SuiteRunnerWorker.runSuite(SuiteRunnerWorker.java:52)
	at org.testng.SuiteRunnerWorker.run(SuiteRunnerWorker.java:86)
	at org.testng.TestNG.runSuitesSequentially(TestNG.java:1244)
	at org.testng.TestNG.runSuitesLocally(TestNG.java:1169)
	at org.testng.TestNG.run(TestNG.java:1064)
	at org.testng.remote.RemoteTestNG.run(RemoteTestNG.java:113)
	at org.testng.remote.RemoteTestNG.initAndRun(RemoteTestNG.java:206)
	at org.testng.remote.RemoteTestNG.main(RemoteTestNG.java:177)
</pre></td>
												</tr>
												<tr class='log' status='fail'>
													<td class='status fail' title='fail' alt='fail'><i class='material-icons'>cancel</i></td>
													<td class='timestamp'>7:16:00 PM</td>
													<td class='step-details'><pre>java.lang.NullPointerException
	at sun.misc.FloatingDecimal.readJavaFormatString(Unknown Source)
	at sun.misc.FloatingDecimal.parseDouble(Unknown Source)
	at java.lang.Double.parseDouble(Unknown Source)
	at restassuredapi.test.C2CStockWithdraw.setupData(C2CStockWithdraw.java:239)
	at restassuredapi.test.C2CStockWithdraw.A_01_Test_success(C2CStockWithdraw.java:374)
	at sun.reflect.NativeMethodAccessorImpl.invoke0(Native Method)
	at sun.reflect.NativeMethodAccessorImpl.invoke(Unknown Source)
	at sun.reflect.DelegatingMethodAccessorImpl.invoke(Unknown Source)
	at java.lang.reflect.Method.invoke(Unknown Source)
	at org.testng.internal.MethodInvocationHelper.invokeMethod(MethodInvocationHelper.java:86)
	at org.testng.internal.Invoker.invokeMethod(Invoker.java:645)
	at org.testng.internal.Invoker.invokeTestMethod(Invoker.java:822)
	at org.testng.internal.Invoker.invokeTestMethods(Invoker.java:1130)
	at org.testng.internal.TestMethodWorker.invokeTestMethods(TestMethodWorker.java:129)
	at org.testng.internal.TestMethodWorker.run(TestMethodWorker.java:112)
	at org.testng.TestRunner.privateRun(TestRunner.java:782)
	at org.testng.TestRunner.run(TestRunner.java:632)
	at org.testng.SuiteRunner.runTest(SuiteRunner.java:366)
	at org.testng.SuiteRunner.runSequentially(SuiteRunner.java:361)
	at org.testng.SuiteRunner.privateRun(SuiteRunner.java:319)
	at org.testng.SuiteRunner.run(SuiteRunner.java:268)
	at org.testng.SuiteRunnerWorker.runSuite(SuiteRunnerWorker.java:52)
	at org.testng.SuiteRunnerWorker.run(SuiteRunnerWorker.java:86)
	at org.testng.TestNG.runSuitesSequentially(TestNG.java:1244)
	at org.testng.TestNG.runSuitesLocally(TestNG.java:1169)
	at org.testng.TestNG.run(TestNG.java:1064)
	at org.testng.remote.RemoteTestNG.run(RemoteTestNG.java:113)
	at org.testng.remote.RemoteTestNG.initAndRun(RemoteTestNG.java:206)
	at org.testng.remote.RemoteTestNG.main(RemoteTestNG.java:177)
</pre></td>
												</tr>
												<tr class='log' status='fail'>
													<td class='status fail' title='fail' alt='fail'><i class='material-icons'>cancel</i></td>
													<td class='timestamp'>7:16:01 PM</td>
													<td class='step-details'><a href='.//CatalinaLogs//CatalinaLog_1682603160799.log'><b><h6><font color='red'>Catalina Log</font></h6></b></a></td>
												</tr>
										</tbody>
									</table>
										<ul class='screenshots'>
												<li><img data-featherlight='..//Output//Screenshots//Screenshot_1682603163667.jpg' width='10%' src='' data-src='..//Output//Screenshots//Screenshot_1682603163667.jpg'></li>
										</ul>
								</div>
						</div>
				</li>
	</ul>
					</div>
				</li>
			</ul>
		</div>
	</div>
	<!-- subview left -->

	<div class='subview-right left'>
		<div class='view-summary'>
			<h5 class='test-name'></h5>

			<div id='step-filters' class="right">
				<span class="blue-text" status="info" alt="info" title="info"><i class="material-icons">info_outline</i></span>
				<span class="green-text" status="pass" alt="pass" title="pass"><i class="material-icons">check_circle</i></span>
				<span class="red-text" status="fail" alt="fail" title="fail"><i class="material-icons">cancel</i></span>
				<span class="red-text text-darken-4" status="fatal" alt="fatal" title="fatal"><i class="material-icons">cancel</i></span>
				<span class="pink-text text-lighten-1" status="error" alt="error" title="error"><i class="material-icons">error</i></span>
				<span class="orange-text" alt="warning" status="warning" title="warning"><i class="material-icons">warning</i></span>
				<span class="teal-text" status="skip" alt="skip" title="skip"><i class="material-icons">redo</i></span>
				<span status="clear" alt="Clear filters" title="Clear filters"><i class="material-icons">clear</i></span>
			</div>
		</div>
	</div>
	<!-- subview right -->

</div>
<!-- test view -->
<div id='category-view' class='view hide'>

	<section id='controls'>
		<div class='controls grey lighten-4'>
			<!-- search -->
			<div class='chip transparent' alt='Search Tests' title='Search Tests'>
				<a href="#" class='search-div'>
					<i class='material-icons'>search</i> Search
				</a>
				
				<div class='input-field left hide'>
					<input id='search-tests' type='text' class='validate browser-default' placeholder='Search Tests...'>
				</div>
				
			</div>
			<!-- search -->
		</div>
	</section>

	<div class='subview-left left'>
		
		<div class='view-summary'>
			<h5>Categories</h3>
			<ul id='category-collection' class='category-collection'>
				
				<li class='category displayed active'>
					<div class='category-heading'>
						<span class='category-name'>REST</span>
						<span class='category-status right'>
							<span class='label pass'>4</span>
							<span class='label fail'>8</span>
						</span>
					</div>
					<div class='category-content hide'>
						<div class='category-status-counts'>
							<span class='label green accent-4 white-text'>Passed: 4</span>
							<span class='label red lighten-1 white-text'>Failed: 8</span>
							
						</div>
					
						<div class='category-tests'>
							<table class='bordered table-results'>
								<thead>
									<tr>
										<th>Timestamp</th>
										<th>TestName</th>
										<th>Status</th>
									</tr>
								</thead>
								<tbody>
									<tr>
										<td>Apr 27, 2023 07:15:17 PM</td>
										<td class='linked' test-id='2'>[REST]C2CSTOCKWITHDRAW.OAUTHETICATION1: To check if OAuthentication API is working successfully for user Super Distributor.</td>
										<td><span class='test-status fail'>fail</span></td>
									</tr>
									<tr>
										<td>Apr 27, 2023 07:15:27 PM</td>
										<td class='linked' test-id='3'>[REST]C2CSTOCKWITHDRAW.OAUTHETICATION1: To check if OAuthentication API is working successfully for user Super Distributor.</td>
										<td><span class='test-status fail'>fail</span></td>
									</tr>
									<tr>
										<td>Apr 27, 2023 07:15:30 PM</td>
										<td class='linked' test-id='4'>[REST]C2CSTOCKWITHDRAW.OAUTHETICATION1: To check if OAuthentication API is working successfully for user Super Distributor.</td>
										<td><span class='test-status fail'>fail</span></td>
									</tr>
									<tr>
										<td>Apr 27, 2023 07:15:34 PM</td>
										<td class='linked' test-id='5'>[REST]C2CSTOCKWITHDRAW.OAUTHETICATION1: To check if OAuthentication API is working successfully for user Super Distributor.</td>
										<td><span class='test-status fail'>fail</span></td>
									</tr>
									<tr>
										<td>Apr 27, 2023 07:15:37 PM</td>
										<td class='linked' test-id='6'>[REST]C2CSTOCKWITHDRAW.OAUTHETICATION1: To check if OAuthentication API is working successfully for user Dealer.</td>
										<td><span class='test-status pass'>pass</span></td>
									</tr>
									<tr>
										<td>Apr 27, 2023 07:15:40 PM</td>
										<td class='linked' test-id='7'>[REST]C2CSTOCKWITHDRAW.RESTC2CST1: To check if C2C_STOCK_TRANSFER - API  is working successfully from Dealer to Agent.</td>
										<td><span class='test-status fail'>fail</span></td>
									</tr>
									<tr>
										<td>Apr 27, 2023 07:15:44 PM</td>
										<td class='linked' test-id='8'>[REST]C2CSTOCKWITHDRAW.OAUTHETICATION1: To check if OAuthentication API is working successfully for user Dealer.</td>
										<td><span class='test-status pass'>pass</span></td>
									</tr>
									<tr>
										<td>Apr 27, 2023 07:15:47 PM</td>
										<td class='linked' test-id='9'>[REST]C2CSTOCKWITHDRAW.RESTC2CST1: To check if C2C_STOCK_TRANSFER - API  is working successfully from Dealer to Agent.</td>
										<td><span class='test-status fail'>fail</span></td>
									</tr>
									<tr>
										<td>Apr 27, 2023 07:15:51 PM</td>
										<td class='linked' test-id='10'>[REST]C2CSTOCKWITHDRAW.OAUTHETICATION1: To check if OAuthentication API is working successfully for user Dealer.</td>
										<td><span class='test-status pass'>pass</span></td>
									</tr>
									<tr>
										<td>Apr 27, 2023 07:15:54 PM</td>
										<td class='linked' test-id='11'>[REST]C2CSTOCKWITHDRAW.RESTC2CST1: To check if C2C_STOCK_TRANSFER - API  is working successfully from Dealer to Retailer.</td>
										<td><span class='test-status fail'>fail</span></td>
									</tr>
									<tr>
										<td>Apr 27, 2023 07:15:57 PM</td>
										<td class='linked' test-id='12'>[REST]C2CSTOCKWITHDRAW.OAUTHETICATION1: To check if OAuthentication API is working successfully for user Agent.</td>
										<td><span class='test-status pass'>pass</span></td>
									</tr>
									<tr>
										<td>Apr 27, 2023 07:16:00 PM</td>
										<td class='linked' test-id='13'>[REST]C2CSTOCKWITHDRAW.RESTC2CST1: To check if C2C_STOCK_TRANSFER - API  is working successfully from Agent to Retailer.</td>
										<td><span class='test-status fail'>fail</span></td>
									</tr>
								</tbody>
							</table>
						</div>
					</div>
				</li>

			</ul>
		</div>
	</div>

	<div class='subview-right left'>
		<div class='view-summary'>
			<h5 class='category-name'></h5>
		</div>
	</div>
</div>
<!-- category view -->
<div id='exception-view' class='view hide'>

    <section id='controls'>
        <div class='controls grey lighten-4'>
            <!-- search -->
            <div class='chip transparent' alt='Search Tests' title='Search Tests'>
                <a href="#" class='search-div'>
                    <i class='material-icons'>search</i> Search
                </a>

                <div class='input-field left hide'>
                    <input id='search-tests' type='text' class='validate browser-default' placeholder='Search Tests...'>
                </div>

            </div>
            <!-- search -->
        </div>
    </section>

    <div class='subview-left left'>

        <div class='view-summary'>
            <h5>Exceptions</h3>
                <ul id='exception-collection' class='exception-collection'>

                        <li class='exception displayed active'>
                            <div class='exception-heading'>
                                <span class='exception-name'>java.lang.AssertionError</span>
                                <span class='exception-count right'><span class='label red lighten-1 white-text'>5</span></span>
                            </div>
                            <div class='exception-content hide'>
                                <div class='exception-tests'>
                                    <table class='bordered table-results'>
                                        <thead>
                                        <tr>
                                            <th>Timestamp</th>
                                            <th>TestName</th>
                                            <th>Status</th>
                                        </tr>
                                        </thead>
                                        <tbody>
                                                    <tr>
                                                        <td>Apr 27, 2023 07:15:17 PM</td>
                                                        <td class='linked' test-id='2'>[REST]C2CSTOCKWITHDRAW.OAUTHETICATION1: To check if OAuthentication API is working successfully for user Super Distributor.</td>
                                                        <td><pre><pre>java.lang.AssertionError: expected [200] but found [401]
	at org.testng.Assert.fail(Assert.java:94)
	at org.testng.Assert.failNotEquals(Assert.java:513)
	at org.testng.Assert.assertEqualsImpl(Assert.java:135)
	at org.testng.Assert.assertEquals(Assert.java:116)
	at org.testng.Assert.assertEquals(Assert.java:284)
	at org.testng.Assert.assertEquals(Assert.java:294)
	at restassuredapi.test.C2CStockWithdraw.BeforeMethod(C2CStockWithdraw.java:207)
	at restassuredapi.test.C2CStockWithdraw.A_01_Test_success(C2CStockWithdraw.java:366)
	at sun.reflect.NativeMethodAccessorImpl.invoke0(Native Method)
	at sun.reflect.NativeMethodAccessorImpl.invoke(Unknown Source)
	at sun.reflect.DelegatingMethodAccessorImpl.invoke(Unknown Source)
	at java.lang.reflect.Method.invoke(Unknown Source)
	at org.testng.internal.MethodInvocationHelper.invokeMethod(MethodInvocationHelper.java:86)
	at org.testng.internal.Invoker.invokeMethod(Invoker.java:645)
	at org.testng.internal.Invoker.invokeTestMethod(Invoker.java:822)
	at org.testng.internal.Invoker.invokeTestMethods(Invoker.java:1130)
	at org.testng.internal.TestMethodWorker.invokeTestMethods(TestMethodWorker.java:129)
	at org.testng.internal.TestMethodWorker.run(TestMethodWorker.java:112)
	at org.testng.TestRunner.privateRun(TestRunner.java:782)
	at org.testng.TestRunner.run(TestRunner.java:632)
	at org.testng.SuiteRunner.runTest(SuiteRunner.java:366)
	at org.testng.SuiteRunner.runSequentially(SuiteRunner.java:361)
	at org.testng.SuiteRunner.privateRun(SuiteRunner.java:319)
	at org.testng.SuiteRunner.run(SuiteRunner.java:268)
	at org.testng.SuiteRunnerWorker.runSuite(SuiteRunnerWorker.java:52)
	at org.testng.SuiteRunnerWorker.run(SuiteRunnerWorker.java:86)
	at org.testng.TestNG.runSuitesSequentially(TestNG.java:1244)
	at org.testng.TestNG.runSuitesLocally(TestNG.java:1169)
	at org.testng.TestNG.run(TestNG.java:1064)
	at org.testng.remote.RemoteTestNG.run(RemoteTestNG.java:113)
	at org.testng.remote.RemoteTestNG.initAndRun(RemoteTestNG.java:206)
	at org.testng.remote.RemoteTestNG.main(RemoteTestNG.java:177)
</pre></pre></td>
                                                    </tr>
                                                    <tr>
                                                        <td>Apr 27, 2023 07:15:27 PM</td>
                                                        <td class='linked' test-id='3'>[REST]C2CSTOCKWITHDRAW.OAUTHETICATION1: To check if OAuthentication API is working successfully for user Super Distributor.</td>
                                                        <td><pre><pre>java.lang.AssertionError: expected [200] but found [401]
	at org.testng.Assert.fail(Assert.java:94)
	at org.testng.Assert.failNotEquals(Assert.java:513)
	at org.testng.Assert.assertEqualsImpl(Assert.java:135)
	at org.testng.Assert.assertEquals(Assert.java:116)
	at org.testng.Assert.assertEquals(Assert.java:284)
	at org.testng.Assert.assertEquals(Assert.java:294)
	at restassuredapi.test.C2CStockWithdraw.BeforeMethod(C2CStockWithdraw.java:207)
	at restassuredapi.test.C2CStockWithdraw.A_01_Test_success(C2CStockWithdraw.java:366)
	at sun.reflect.NativeMethodAccessorImpl.invoke0(Native Method)
	at sun.reflect.NativeMethodAccessorImpl.invoke(Unknown Source)
	at sun.reflect.DelegatingMethodAccessorImpl.invoke(Unknown Source)
	at java.lang.reflect.Method.invoke(Unknown Source)
	at org.testng.internal.MethodInvocationHelper.invokeMethod(MethodInvocationHelper.java:86)
	at org.testng.internal.Invoker.invokeMethod(Invoker.java:645)
	at org.testng.internal.Invoker.invokeTestMethod(Invoker.java:822)
	at org.testng.internal.Invoker.invokeTestMethods(Invoker.java:1130)
	at org.testng.internal.TestMethodWorker.invokeTestMethods(TestMethodWorker.java:129)
	at org.testng.internal.TestMethodWorker.run(TestMethodWorker.java:112)
	at org.testng.TestRunner.privateRun(TestRunner.java:782)
	at org.testng.TestRunner.run(TestRunner.java:632)
	at org.testng.SuiteRunner.runTest(SuiteRunner.java:366)
	at org.testng.SuiteRunner.runSequentially(SuiteRunner.java:361)
	at org.testng.SuiteRunner.privateRun(SuiteRunner.java:319)
	at org.testng.SuiteRunner.run(SuiteRunner.java:268)
	at org.testng.SuiteRunnerWorker.runSuite(SuiteRunnerWorker.java:52)
	at org.testng.SuiteRunnerWorker.run(SuiteRunnerWorker.java:86)
	at org.testng.TestNG.runSuitesSequentially(TestNG.java:1244)
	at org.testng.TestNG.runSuitesLocally(TestNG.java:1169)
	at org.testng.TestNG.run(TestNG.java:1064)
	at org.testng.remote.RemoteTestNG.run(RemoteTestNG.java:113)
	at org.testng.remote.RemoteTestNG.initAndRun(RemoteTestNG.java:206)
	at org.testng.remote.RemoteTestNG.main(RemoteTestNG.java:177)
</pre></pre></td>
                                                    </tr>
                                                    <tr>
                                                        <td>Apr 27, 2023 07:15:30 PM</td>
                                                        <td class='linked' test-id='4'>[REST]C2CSTOCKWITHDRAW.OAUTHETICATION1: To check if OAuthentication API is working successfully for user Super Distributor.</td>
                                                        <td><pre><pre>java.lang.AssertionError: expected [200] but found [401]
	at org.testng.Assert.fail(Assert.java:94)
	at org.testng.Assert.failNotEquals(Assert.java:513)
	at org.testng.Assert.assertEqualsImpl(Assert.java:135)
	at org.testng.Assert.assertEquals(Assert.java:116)
	at org.testng.Assert.assertEquals(Assert.java:284)
	at org.testng.Assert.assertEquals(Assert.java:294)
	at restassuredapi.test.C2CStockWithdraw.BeforeMethod(C2CStockWithdraw.java:207)
	at restassuredapi.test.C2CStockWithdraw.A_01_Test_success(C2CStockWithdraw.java:366)
	at sun.reflect.NativeMethodAccessorImpl.invoke0(Native Method)
	at sun.reflect.NativeMethodAccessorImpl.invoke(Unknown Source)
	at sun.reflect.DelegatingMethodAccessorImpl.invoke(Unknown Source)
	at java.lang.reflect.Method.invoke(Unknown Source)
	at org.testng.internal.MethodInvocationHelper.invokeMethod(MethodInvocationHelper.java:86)
	at org.testng.internal.Invoker.invokeMethod(Invoker.java:645)
	at org.testng.internal.Invoker.invokeTestMethod(Invoker.java:822)
	at org.testng.internal.Invoker.invokeTestMethods(Invoker.java:1130)
	at org.testng.internal.TestMethodWorker.invokeTestMethods(TestMethodWorker.java:129)
	at org.testng.internal.TestMethodWorker.run(TestMethodWorker.java:112)
	at org.testng.TestRunner.privateRun(TestRunner.java:782)
	at org.testng.TestRunner.run(TestRunner.java:632)
	at org.testng.SuiteRunner.runTest(SuiteRunner.java:366)
	at org.testng.SuiteRunner.runSequentially(SuiteRunner.java:361)
	at org.testng.SuiteRunner.privateRun(SuiteRunner.java:319)
	at org.testng.SuiteRunner.run(SuiteRunner.java:268)
	at org.testng.SuiteRunnerWorker.runSuite(SuiteRunnerWorker.java:52)
	at org.testng.SuiteRunnerWorker.run(SuiteRunnerWorker.java:86)
	at org.testng.TestNG.runSuitesSequentially(TestNG.java:1244)
	at org.testng.TestNG.runSuitesLocally(TestNG.java:1169)
	at org.testng.TestNG.run(TestNG.java:1064)
	at org.testng.remote.RemoteTestNG.run(RemoteTestNG.java:113)
	at org.testng.remote.RemoteTestNG.initAndRun(RemoteTestNG.java:206)
	at org.testng.remote.RemoteTestNG.main(RemoteTestNG.java:177)
</pre></pre></td>
                                                    </tr>
                                                    <tr>
                                                        <td>Apr 27, 2023 07:15:34 PM</td>
                                                        <td class='linked' test-id='5'>[REST]C2CSTOCKWITHDRAW.OAUTHETICATION1: To check if OAuthentication API is working successfully for user Super Distributor.</td>
                                                        <td><pre><pre>java.lang.AssertionError: expected [200] but found [401]
	at org.testng.Assert.fail(Assert.java:94)
	at org.testng.Assert.failNotEquals(Assert.java:513)
	at org.testng.Assert.assertEqualsImpl(Assert.java:135)
	at org.testng.Assert.assertEquals(Assert.java:116)
	at org.testng.Assert.assertEquals(Assert.java:284)
	at org.testng.Assert.assertEquals(Assert.java:294)
	at restassuredapi.test.C2CStockWithdraw.BeforeMethod(C2CStockWithdraw.java:207)
	at restassuredapi.test.C2CStockWithdraw.A_01_Test_success(C2CStockWithdraw.java:366)
	at sun.reflect.NativeMethodAccessorImpl.invoke0(Native Method)
	at sun.reflect.NativeMethodAccessorImpl.invoke(Unknown Source)
	at sun.reflect.DelegatingMethodAccessorImpl.invoke(Unknown Source)
	at java.lang.reflect.Method.invoke(Unknown Source)
	at org.testng.internal.MethodInvocationHelper.invokeMethod(MethodInvocationHelper.java:86)
	at org.testng.internal.Invoker.invokeMethod(Invoker.java:645)
	at org.testng.internal.Invoker.invokeTestMethod(Invoker.java:822)
	at org.testng.internal.Invoker.invokeTestMethods(Invoker.java:1130)
	at org.testng.internal.TestMethodWorker.invokeTestMethods(TestMethodWorker.java:129)
	at org.testng.internal.TestMethodWorker.run(TestMethodWorker.java:112)
	at org.testng.TestRunner.privateRun(TestRunner.java:782)
	at org.testng.TestRunner.run(TestRunner.java:632)
	at org.testng.SuiteRunner.runTest(SuiteRunner.java:366)
	at org.testng.SuiteRunner.runSequentially(SuiteRunner.java:361)
	at org.testng.SuiteRunner.privateRun(SuiteRunner.java:319)
	at org.testng.SuiteRunner.run(SuiteRunner.java:268)
	at org.testng.SuiteRunnerWorker.runSuite(SuiteRunnerWorker.java:52)
	at org.testng.SuiteRunnerWorker.run(SuiteRunnerWorker.java:86)
	at org.testng.TestNG.runSuitesSequentially(TestNG.java:1244)
	at org.testng.TestNG.runSuitesLocally(TestNG.java:1169)
	at org.testng.TestNG.run(TestNG.java:1064)
	at org.testng.remote.RemoteTestNG.run(RemoteTestNG.java:113)
	at org.testng.remote.RemoteTestNG.initAndRun(RemoteTestNG.java:206)
	at org.testng.remote.RemoteTestNG.main(RemoteTestNG.java:177)
</pre></pre></td>
                                                    </tr>
                                                    <tr>
                                                        <td>Apr 27, 2023 07:15:40 PM</td>
                                                        <td class='linked' test-id='7'>[REST]C2CSTOCKWITHDRAW.RESTC2CST1: To check if C2C_STOCK_TRANSFER - API  is working successfully from Dealer to Agent.</td>
                                                        <td><pre><textarea>java.lang.AssertionError: 1 expectation failed.
Expected status code <200> but was <400>.

	at sun.reflect.NativeConstructorAccessorImpl.newInstance0(Native Method)
	at sun.reflect.NativeConstructorAccessorImpl.newInstance(Unknown Source)
	at sun.reflect.DelegatingConstructorAccessorImpl.newInstance(Unknown Source)
	at java.lang.reflect.Constructor.newInstance(Unknown Source)
	at org.codehaus.groovy.reflection.CachedConstructor.invoke(CachedConstructor.java:83)
	at org.codehaus.groovy.reflection.CachedConstructor.doConstructorInvoke(CachedConstructor.java:77)
	at org.codehaus.groovy.runtime.callsite.ConstructorSite$ConstructorSiteNoUnwrap.callConstructor(ConstructorSite.java:84)
	at org.codehaus.groovy.runtime.callsite.CallSiteArray.defaultCallConstructor(CallSiteArray.java:60)
	at org.codehaus.groovy.runtime.callsite.AbstractCallSite.callConstructor(AbstractCallSite.java:235)
	at org.codehaus.groovy.runtime.callsite.AbstractCallSite.callConstructor(AbstractCallSite.java:247)
	at io.restassured.internal.ResponseSpecificationImpl$HamcrestAssertionClosure.validate(ResponseSpecificationImpl.groovy:471)
	at io.restassured.internal.ResponseSpecificationImpl$HamcrestAssertionClosure$validate$1.call(Unknown Source)
	at io.restassured.internal.ResponseSpecificationImpl.validate(ResponseSpecificationImpl.groovy:88)
	at io.restassured.internal.ValidatableResponseOptionsImpl.specification(ValidatableResponseOptionsImpl.java:311)
	at io.restassured.internal.ValidatableResponseOptionsImpl.spec(ValidatableResponseOptionsImpl.java:292)
	at restassuredapi.api.c2cstock.C2CStockTransferAPI.validateResponse(C2CStockTransferAPI.java:59)
	at restassuredapi.api.BaseAPI.perform(BaseAPI.java:88)
	at restassuredapi.test.C2CStockWithdraw.A_01_Test_success(C2CStockWithdraw.java:382)
	at sun.reflect.NativeMethodAccessorImpl.invoke0(Native Method)
	at sun.reflect.NativeMethodAccessorImpl.invoke(Unknown Source)
	at sun.reflect.DelegatingMethodAccessorImpl.invoke(Unknown Source)
	at java.lang.reflect.Method.invoke(Unknown Source)
	at org.testng.internal.MethodInvocationHelper.invokeMethod(MethodInvocationHelper.java:86)
	at org.testng.internal.Invoker.invokeMethod(Invoker.java:645)
	at org.testng.internal.Invoker.invokeTestMethod(Invoker.java:822)
	at org.testng.internal.Invoker.invokeTestMethods(Invoker.java:1130)
	at org.testng.internal.TestMethodWorker.invokeTestMethods(TestMethodWorker.java:129)
	at org.testng.internal.TestMethodWorker.run(TestMethodWorker.java:112)
	at org.testng.TestRunner.privateRun(TestRunner.java:782)
	at org.testng.TestRunner.run(TestRunner.java:632)
	at org.testng.SuiteRunner.runTest(SuiteRunner.java:366)
	at org.testng.SuiteRunner.runSequentially(SuiteRunner.java:361)
	at org.testng.SuiteRunner.privateRun(SuiteRunner.java:319)
	at org.testng.SuiteRunner.run(SuiteRunner.java:268)
	at org.testng.SuiteRunnerWorker.runSuite(SuiteRunnerWorker.java:52)
	at org.testng.SuiteRunnerWorker.run(SuiteRunnerWorker.java:86)
	at org.testng.TestNG.runSuitesSequentially(TestNG.java:1244)
	at org.testng.TestNG.runSuitesLocally(TestNG.java:1169)
	at org.testng.TestNG.run(TestNG.java:1064)
	at org.testng.remote.RemoteTestNG.run(RemoteTestNG.java:113)
	at org.testng.remote.RemoteTestNG.initAndRun(RemoteTestNG.java:206)
	at org.testng.remote.RemoteTestNG.main(RemoteTestNG.java:177)
</textarea></pre></td>
                                                    </tr>
                                        </tbody>
                                    </table>
                                </div>
                            </div>
                        </li>
                        <li class='exception displayed active'>
                            <div class='exception-heading'>
                                <span class='exception-name'>java.lang.NullPointerException</span>
                                <span class='exception-count right'><span class='label red lighten-1 white-text'>3</span></span>
                            </div>
                            <div class='exception-content hide'>
                                <div class='exception-tests'>
                                    <table class='bordered table-results'>
                                        <thead>
                                        <tr>
                                            <th>Timestamp</th>
                                            <th>TestName</th>
                                            <th>Status</th>
                                        </tr>
                                        </thead>
                                        <tbody>
                                                    <tr>
                                                        <td>Apr 27, 2023 07:15:47 PM</td>
                                                        <td class='linked' test-id='9'>[REST]C2CSTOCKWITHDRAW.RESTC2CST1: To check if C2C_STOCK_TRANSFER - API  is working successfully from Dealer to Agent.</td>
                                                        <td><pre><pre>java.lang.NullPointerException
	at sun.misc.FloatingDecimal.readJavaFormatString(Unknown Source)
	at sun.misc.FloatingDecimal.parseDouble(Unknown Source)
	at java.lang.Double.parseDouble(Unknown Source)
	at restassuredapi.test.C2CStockWithdraw.setupData(C2CStockWithdraw.java:239)
	at restassuredapi.test.C2CStockWithdraw.A_01_Test_success(C2CStockWithdraw.java:374)
	at sun.reflect.NativeMethodAccessorImpl.invoke0(Native Method)
	at sun.reflect.NativeMethodAccessorImpl.invoke(Unknown Source)
	at sun.reflect.DelegatingMethodAccessorImpl.invoke(Unknown Source)
	at java.lang.reflect.Method.invoke(Unknown Source)
	at org.testng.internal.MethodInvocationHelper.invokeMethod(MethodInvocationHelper.java:86)
	at org.testng.internal.Invoker.invokeMethod(Invoker.java:645)
	at org.testng.internal.Invoker.invokeTestMethod(Invoker.java:822)
	at org.testng.internal.Invoker.invokeTestMethods(Invoker.java:1130)
	at org.testng.internal.TestMethodWorker.invokeTestMethods(TestMethodWorker.java:129)
	at org.testng.internal.TestMethodWorker.run(TestMethodWorker.java:112)
	at org.testng.TestRunner.privateRun(TestRunner.java:782)
	at org.testng.TestRunner.run(TestRunner.java:632)
	at org.testng.SuiteRunner.runTest(SuiteRunner.java:366)
	at org.testng.SuiteRunner.runSequentially(SuiteRunner.java:361)
	at org.testng.SuiteRunner.privateRun(SuiteRunner.java:319)
	at org.testng.SuiteRunner.run(SuiteRunner.java:268)
	at org.testng.SuiteRunnerWorker.runSuite(SuiteRunnerWorker.java:52)
	at org.testng.SuiteRunnerWorker.run(SuiteRunnerWorker.java:86)
	at org.testng.TestNG.runSuitesSequentially(TestNG.java:1244)
	at org.testng.TestNG.runSuitesLocally(TestNG.java:1169)
	at org.testng.TestNG.run(TestNG.java:1064)
	at org.testng.remote.RemoteTestNG.run(RemoteTestNG.java:113)
	at org.testng.remote.RemoteTestNG.initAndRun(RemoteTestNG.java:206)
	at org.testng.remote.RemoteTestNG.main(RemoteTestNG.java:177)
</pre></pre></td>
                                                    </tr>
                                                    <tr>
                                                        <td>Apr 27, 2023 07:15:54 PM</td>
                                                        <td class='linked' test-id='11'>[REST]C2CSTOCKWITHDRAW.RESTC2CST1: To check if C2C_STOCK_TRANSFER - API  is working successfully from Dealer to Retailer.</td>
                                                        <td><pre><pre>java.lang.NullPointerException
	at sun.misc.FloatingDecimal.readJavaFormatString(Unknown Source)
	at sun.misc.FloatingDecimal.parseDouble(Unknown Source)
	at java.lang.Double.parseDouble(Unknown Source)
	at restassuredapi.test.C2CStockWithdraw.setupData(C2CStockWithdraw.java:239)
	at restassuredapi.test.C2CStockWithdraw.A_01_Test_success(C2CStockWithdraw.java:374)
	at sun.reflect.NativeMethodAccessorImpl.invoke0(Native Method)
	at sun.reflect.NativeMethodAccessorImpl.invoke(Unknown Source)
	at sun.reflect.DelegatingMethodAccessorImpl.invoke(Unknown Source)
	at java.lang.reflect.Method.invoke(Unknown Source)
	at org.testng.internal.MethodInvocationHelper.invokeMethod(MethodInvocationHelper.java:86)
	at org.testng.internal.Invoker.invokeMethod(Invoker.java:645)
	at org.testng.internal.Invoker.invokeTestMethod(Invoker.java:822)
	at org.testng.internal.Invoker.invokeTestMethods(Invoker.java:1130)
	at org.testng.internal.TestMethodWorker.invokeTestMethods(TestMethodWorker.java:129)
	at org.testng.internal.TestMethodWorker.run(TestMethodWorker.java:112)
	at org.testng.TestRunner.privateRun(TestRunner.java:782)
	at org.testng.TestRunner.run(TestRunner.java:632)
	at org.testng.SuiteRunner.runTest(SuiteRunner.java:366)
	at org.testng.SuiteRunner.runSequentially(SuiteRunner.java:361)
	at org.testng.SuiteRunner.privateRun(SuiteRunner.java:319)
	at org.testng.SuiteRunner.run(SuiteRunner.java:268)
	at org.testng.SuiteRunnerWorker.runSuite(SuiteRunnerWorker.java:52)
	at org.testng.SuiteRunnerWorker.run(SuiteRunnerWorker.java:86)
	at org.testng.TestNG.runSuitesSequentially(TestNG.java:1244)
	at org.testng.TestNG.runSuitesLocally(TestNG.java:1169)
	at org.testng.TestNG.run(TestNG.java:1064)
	at org.testng.remote.RemoteTestNG.run(RemoteTestNG.java:113)
	at org.testng.remote.RemoteTestNG.initAndRun(RemoteTestNG.java:206)
	at org.testng.remote.RemoteTestNG.main(RemoteTestNG.java:177)
</pre></pre></td>
                                                    </tr>
                                                    <tr>
                                                        <td>Apr 27, 2023 07:16:00 PM</td>
                                                        <td class='linked' test-id='13'>[REST]C2CSTOCKWITHDRAW.RESTC2CST1: To check if C2C_STOCK_TRANSFER - API  is working successfully from Agent to Retailer.</td>
                                                        <td><pre><pre>java.lang.NullPointerException
	at sun.misc.FloatingDecimal.readJavaFormatString(Unknown Source)
	at sun.misc.FloatingDecimal.parseDouble(Unknown Source)
	at java.lang.Double.parseDouble(Unknown Source)
	at restassuredapi.test.C2CStockWithdraw.setupData(C2CStockWithdraw.java:239)
	at restassuredapi.test.C2CStockWithdraw.A_01_Test_success(C2CStockWithdraw.java:374)
	at sun.reflect.NativeMethodAccessorImpl.invoke0(Native Method)
	at sun.reflect.NativeMethodAccessorImpl.invoke(Unknown Source)
	at sun.reflect.DelegatingMethodAccessorImpl.invoke(Unknown Source)
	at java.lang.reflect.Method.invoke(Unknown Source)
	at org.testng.internal.MethodInvocationHelper.invokeMethod(MethodInvocationHelper.java:86)
	at org.testng.internal.Invoker.invokeMethod(Invoker.java:645)
	at org.testng.internal.Invoker.invokeTestMethod(Invoker.java:822)
	at org.testng.internal.Invoker.invokeTestMethods(Invoker.java:1130)
	at org.testng.internal.TestMethodWorker.invokeTestMethods(TestMethodWorker.java:129)
	at org.testng.internal.TestMethodWorker.run(TestMethodWorker.java:112)
	at org.testng.TestRunner.privateRun(TestRunner.java:782)
	at org.testng.TestRunner.run(TestRunner.java:632)
	at org.testng.SuiteRunner.runTest(SuiteRunner.java:366)
	at org.testng.SuiteRunner.runSequentially(SuiteRunner.java:361)
	at org.testng.SuiteRunner.privateRun(SuiteRunner.java:319)
	at org.testng.SuiteRunner.run(SuiteRunner.java:268)
	at org.testng.SuiteRunnerWorker.runSuite(SuiteRunnerWorker.java:52)
	at org.testng.SuiteRunnerWorker.run(SuiteRunnerWorker.java:86)
	at org.testng.TestNG.runSuitesSequentially(TestNG.java:1244)
	at org.testng.TestNG.runSuitesLocally(TestNG.java:1169)
	at org.testng.TestNG.run(TestNG.java:1064)
	at org.testng.remote.RemoteTestNG.run(RemoteTestNG.java:113)
	at org.testng.remote.RemoteTestNG.initAndRun(RemoteTestNG.java:206)
	at org.testng.remote.RemoteTestNG.main(RemoteTestNG.java:177)
</pre></pre></td>
                                                    </tr>
                                        </tbody>
                                    </table>
                                </div>
                            </div>
                        </li>
                </ul>
        </div>
    </div>

    <div class='subview-right left'>
        <div class='view-summary'>
            <h5 class='exception-name'></h5>
        </div>
    </div>
</div>
<!-- exception view -->
<div id='dashboard-view' class='view hide'>
	<div class='card-panel transparent np-v'>
		<h5>Dashboard</h5>

		<div class='row'>
			<div class='col s2'>
				<div class='card-panel r'>
					Tests
					<div class='panel-lead'>12</div>
				</div>
			</div>
			<div class='col s2'>
				<div class='card-panel r'>
					Steps
					<div class='panel-lead'>54</div>
				</div>
			</div>
			<div class='col s2'>
				<div class='card-panel r'>
					Start
					<div class='panel-lead'>Apr 27, 2023 07:14:55 PM</div>
				</div>
			</div>
			<div class='col s2'>
				<div class='card-panel r'>
			 		End
			 		<div class='panel-lead'>Apr 27, 2023 07:16:03 PM</div>
				</div>
			</div>
			<div class='col s2'>
				<div class='card-panel r'>
					Time Taken
					<div class='panel-lead'>68,293ms</div>
				</div>
			</div>
			<div class='col s4'>
				<div class='card-panel environment'>
					<span class='right label cyan white-text'>Environment</span><p>&nbsp;</p>
					
					<table>
						<tr>
							<th>Name</th>
							<th>Value</th>
						</tr>
							<tr>
								<td>Host Name</td>
								<td>http://172.30.38.232:9747/pretups-ui/</td>
							</tr>
							<tr>
								<td>Client</td>
								<td>RoadMap</td>
							</tr>
							<tr>
								<td>Application Version</td>
								<td>7.19.0</td>
							</tr>
					</table>
				</div>
			</div>
			<div class='col s4'>
				<div class='card-panel'>
					<span class='right label cyan white-text'>Categories</span><p>&nbsp;</p>
					
					<table>
						<tr>
							<th>Name</th>
							<th>Passed</th>
							<th>Failed</th>
							<th>Others</th>
						</tr>
						<tr>
							<td>REST</td>
							<td>4</td>
							<td>8</td>
							<td>0</td>
						</tr>
					</table>
				</div>
			</div>
		</div>
	</div>
</div>
<!-- dashboard view -->
<!-- testrunner-logs view -->
		</div>
		<!-- container -->

		<script>
			var statusGroup = {
				passParent: 4,
				failParent: 8,
				fatalParent: 0,
				errorParent: 0,
				warningParent: 0,
				skipParent: 0,
				exceptionsParent: 8,
				
				passChild: 0,
				failChild: 16,
				fatalChild: 0,
				errorChild: 0,
				warningChild: 0,
				skipChild: 0,
				infoChild: 38,
				exceptionsChild: 19,
				
				passGrandChild: 0,
				failGrandChild: 0,
				fatalGrandChild: 0,
				errorGrandChild: 0,
				warningGrandChild: 0,
				skipGrandChild: 0,
				infoGrandChild: 0,
				exceptionsGrandChild: 0,
			};
		</script>
		
			<script src='https://cdn.rawgit.com/anshooarora/extentreports-java/29d2d3ec024c953e6341cb3e19e31b1035a8f556/dist/js/extent.js' type='text/javascript'></script>
		
		<script type='text/javascript'>
			$(document).ready(function() {
				$('#test-view-charts').addClass('hide');
			});
		</script>
		
	</body>
	
</html>
