2022-07-08 15:23:25,880 [main] INFO com.classes.BaseTest - Loading all methods from -masterVO class
2022-07-08 15:23:25,883 [main] INFO com.utils._masterVO - Loading Properties file from: .//src//test//resources//sysconfig//Constant.properties
2022-07-08 15:23:25,887 [main] INFO com.utils._masterVO - Properties File Loaded successfully
2022-07-08 15:23:25,888 [main] INFO com.utils._masterVO - Loading Master Sheet from: src//test//resources//config//DataProvider.xlsx
2022-07-08 15:23:26,420 [main] INFO com.utils._masterVO - Master Sheet Loaded successfully
2022-07-08 15:23:26,424 [main] INFO com.utils._masterVO - Loading Client Library for Client Versioning from: .//src//test//resources//sysconfig//ClientLib.properties
2022-07-08 15:23:26,436 [main] INFO com.utils._masterVO - Client Library Loaded successfully
2022-07-08 15:23:27,018 [main] INFO com.utils._masterVO - Loading test case file file from: .//src//test//resources//sysconfig//testCaseFile.properties
2022-07-08 15:23:27,040 [main] INFO com.utils._masterVO - Test cases file Loaded successfully
2022-07-08 15:23:27,042 [main] INFO com.utils._masterVO - Loading Web Cases Master file from: .//src//test//resources//config//testCaseFile.properties
2022-07-08 15:23:27,059 [main] INFO com.utils._masterVO - Gateway Cases Master File Loaded successfully
2022-07-08 15:23:27,091 [main] INFO com.dbrepository.DBHandler - Entered Access Handler :: Oracle
2022-07-08 15:23:27,094 [main] INFO com.commons.CacheController - New Cache DAO Loaded :: UPDATECACHE_VER = 1
2022-07-08 15:23:27,095 [main] INFO com.dbrepository.OracleRepository - Entered getNetworkName(NG)
2022-07-08 15:23:27,115 [MLog-Init-Reporter] INFO com.mchange.v2.log.MLog - MLog clients using log4j logging.
2022-07-08 15:23:27,176 [main] INFO com.mchange.v2.c3p0.C3P0Registry - Initializing c3p0-0.9.5.2 [built 08-December-2015 22:06:04 -0800; debug? true; trace: 10]
2022-07-08 15:23:27,258 [main] INFO com.mchange.v2.c3p0.impl.AbstractPoolBackedDataSource - Initializing c3p0 pool... com.mchange.v2.c3p0.ComboPooledDataSource [ acquireIncrement -> 5, acquireRetryAttempts -> 30, acquireRetryDelay -> 1000, autoCommitOnClose -> false, automaticTestTable -> null, breakAfterAcquireFailure -> false, checkoutTimeout -> 0, connectionCustomizerClassName -> null, connectionTesterClassName -> com.mchange.v2.c3p0.impl.DefaultConnectionTester, contextClassLoaderSource -> caller, dataSourceName -> 1hge148ap1pdsfhhn7zpx|25bfcafd, debugUnreturnedConnectionStackTraces -> false, description -> null, driverClass -> oracle.jdbc.driver.OracleDriver, extensions -> {}, factoryClassLocation -> null, forceIgnoreUnresolvedTransactions -> false, forceSynchronousCheckins -> false, forceUseNamedDriverClass -> false, identityToken -> 1hge148ap1pdsfhhn7zpx|25bfcafd, idleConnectionTestPeriod -> 0, initialPoolSize -> 10, jdbcUrl -> jdbc:oracle:thin:@172.30.38.232:1526:test, maxAdministrativeTaskTime -> 0, maxConnectionAge -> 0, maxIdleTime -> 0, maxIdleTimeExcessConnections -> 0, maxPoolSize -> 20, maxStatements -> 0, maxStatementsPerConnection -> 0, minPoolSize -> 10, numHelperThreads -> 3, preferredTestQuery -> null, privilegeSpawnedThreads -> false, properties -> {user=******, password=******}, propertyCycle -> 0, statementCacheNumDeferredCloseThreads -> 0, testConnectionOnCheckin -> false, testConnectionOnCheckout -> false, unreturnedConnectionTimeout -> 0, userOverrides -> {}, usesTraditionalReflectiveProxies -> false ]
2022-07-08 15:23:28,772 [main] INFO com.dbrepository.OracleRepository - getNetworkName() :: select query: Select network_name from networks where network_code = ?
2022-07-08 15:23:28,916 [main] INFO com.dbrepository.OracleRepository - Database Returns: Network Name (Network GGN)
2022-07-08 15:23:28,917 [main] INFO com.dbrepository.OracleRepository - Exiting getNetworkName()
2022-07-08 15:23:28,917 [main] INFO com.dbrepository.OracleRepository - Entered getSystemPreference(AMOUNT_MULT_FACTOR)
2022-07-08 15:23:28,919 [main] INFO com.dbrepository.DBConnectionPool - Active Size:1 Cache Size:2
2022-07-08 15:23:28,920 [main] INFO com.dbrepository.OracleRepository - getSystemPreference() :: select query: select DEFAULT_VALUE from system_preferences where PREFERENCE_CODE = ?
2022-07-08 15:23:29,015 [main] INFO com.dbrepository.OracleRepository - Database Returns: DEFAULT_VALUE (100)
2022-07-08 15:23:29,017 [main] INFO com.dbrepository.OracleRepository - Exiting getSystemPreference()
2022-07-08 15:23:29,021 [main] INFO com.dbrepository.OracleRepository - Entered getSystemPreference(MSISDN_PREFIX_LENGTH)
2022-07-08 15:23:29,022 [main] INFO com.dbrepository.DBConnectionPool - Active Size:2 Cache Size:1
2022-07-08 15:23:29,024 [main] INFO com.dbrepository.OracleRepository - getSystemPreference() :: select query: select DEFAULT_VALUE from system_preferences where PREFERENCE_CODE = ?
2022-07-08 15:23:29,122 [main] INFO com.dbrepository.OracleRepository - Database Returns: DEFAULT_VALUE (2)
2022-07-08 15:23:29,125 [main] INFO com.dbrepository.OracleRepository - Exiting getSystemPreference()
2022-07-08 15:23:29,127 [main] INFO com.dbrepository.OracleRepository - Entered getSystemPreference(MAX_MSISDN_LENGTH)
2022-07-08 15:23:29,129 [main] INFO com.dbrepository.DBConnectionPool - Active Size:3 Cache Size:0
2022-07-08 15:23:29,664 [main] INFO com.dbrepository.OracleRepository - getSystemPreference() :: select query: select DEFAULT_VALUE from system_preferences where PREFERENCE_CODE = ?
2022-07-08 15:23:29,755 [main] INFO com.dbrepository.OracleRepository - Database Returns: DEFAULT_VALUE (15)
2022-07-08 15:23:29,757 [main] INFO com.dbrepository.OracleRepository - Exiting getSystemPreference()
2022-07-08 15:23:29,758 [main] INFO com.dbrepository.OracleRepository - Entered getSystemPreference(USER_PRODUCT_MULTIPLE_WALLET)
2022-07-08 15:23:29,759 [main] INFO com.dbrepository.DBConnectionPool - Active Size:4 Cache Size:2
2022-07-08 15:23:29,761 [main] INFO com.dbrepository.OracleRepository - getSystemPreference() :: select query: select DEFAULT_VALUE from system_preferences where PREFERENCE_CODE = ?
2022-07-08 15:23:29,852 [main] INFO com.dbrepository.OracleRepository - Database Returns: DEFAULT_VALUE (false)
2022-07-08 15:23:29,855 [main] INFO com.dbrepository.OracleRepository - Exiting getSystemPreference()
2022-07-08 15:23:29,857 [main] INFO com.dbrepository.OracleRepository - Entered getSystemPreference(EXTERNAL_DATE_FORMAT)
2022-07-08 15:23:29,859 [main] INFO com.dbrepository.DBConnectionPool - Active Size:5 Cache Size:1
2022-07-08 15:23:29,862 [main] INFO com.dbrepository.OracleRepository - getSystemPreference() :: select query: select DEFAULT_VALUE from system_preferences where PREFERENCE_CODE = ?
2022-07-08 15:23:29,955 [main] INFO com.dbrepository.OracleRepository - Database Returns: DEFAULT_VALUE (dd/MM/yy)
2022-07-08 15:23:29,955 [main] INFO com.dbrepository.OracleRepository - Exiting getSystemPreference()
2022-07-08 15:23:29,956 [main] INFO com.dbrepository.OracleRepository - Entered getSystemPreference(DATE_FORMAT_CAL_JAVA)
2022-07-08 15:23:29,957 [main] INFO com.dbrepository.DBConnectionPool - Active Size:6 Cache Size:0
2022-07-08 15:23:30,562 [main] INFO com.dbrepository.OracleRepository - getSystemPreference() :: select query: select DEFAULT_VALUE from system_preferences where PREFERENCE_CODE = ?
2022-07-08 15:23:30,649 [main] INFO com.dbrepository.OracleRepository - Database Returns: DEFAULT_VALUE (dd/MM/yy)
2022-07-08 15:23:30,650 [main] INFO com.dbrepository.OracleRepository - Exiting getSystemPreference()
2022-07-08 15:23:30,651 [main] INFO com.dbrepository.OracleRepository - Entered getSystemPreference(OTH_COM_CHNL)
2022-07-08 15:23:30,652 [main] INFO com.dbrepository.DBConnectionPool - Active Size:0 Cache Size:9
2022-07-08 15:23:30,653 [main] INFO com.dbrepository.OracleRepository - getSystemPreference() :: select query: select DEFAULT_VALUE from system_preferences where PREFERENCE_CODE = ?
2022-07-08 15:23:30,743 [main] INFO com.dbrepository.OracleRepository - Database Returns: DEFAULT_VALUE (false)
2022-07-08 15:23:30,746 [main] INFO com.dbrepository.OracleRepository - Exiting getSystemPreference()
2022-07-08 15:23:30,749 [main] INFO com.dbrepository.OracleRepository - Entered getSystemPreference(DW_ALLOWED_GATEWAYS)
2022-07-08 15:23:30,752 [main] INFO com.dbrepository.DBConnectionPool - Active Size:0 Cache Size:9
2022-07-08 15:23:30,755 [main] INFO com.dbrepository.OracleRepository - getSystemPreference() :: select query: select DEFAULT_VALUE from system_preferences where PREFERENCE_CODE = ?
2022-07-08 15:23:30,842 [main] INFO com.dbrepository.OracleRepository - Database Returns: DEFAULT_VALUE (EXTGW,DWEXTGW)
2022-07-08 15:23:30,843 [main] INFO com.dbrepository.OracleRepository - Exiting getSystemPreference()
2022-07-08 15:23:30,844 [main] INFO com.dbrepository.OracleRepository - Entered getSystemPreference(DEFAULT_LANGUAGE)
2022-07-08 15:23:30,847 [main] INFO com.dbrepository.DBConnectionPool - Active Size:0 Cache Size:9
2022-07-08 15:23:30,848 [main] INFO com.dbrepository.OracleRepository - getSystemPreference() :: select query: select DEFAULT_VALUE from system_preferences where PREFERENCE_CODE = ?
2022-07-08 15:23:30,935 [main] INFO com.dbrepository.OracleRepository - Database Returns: DEFAULT_VALUE (en)
2022-07-08 15:23:30,938 [main] INFO com.dbrepository.OracleRepository - Exiting getSystemPreference()
2022-07-08 15:23:30,940 [main] INFO com.dbrepository.OracleRepository - Entered getSystemPreference(DEFAULT_COUNTRY)
2022-07-08 15:23:30,942 [main] INFO com.dbrepository.DBConnectionPool - Active Size:0 Cache Size:9
2022-07-08 15:23:30,944 [main] INFO com.dbrepository.OracleRepository - getSystemPreference() :: select query: select DEFAULT_VALUE from system_preferences where PREFERENCE_CODE = ?
2022-07-08 15:23:31,031 [main] INFO com.dbrepository.OracleRepository - Database Returns: DEFAULT_VALUE (US)
2022-07-08 15:23:31,034 [main] INFO com.dbrepository.OracleRepository - Exiting getSystemPreference()
2022-07-08 15:23:31,035 [main] INFO com.utils._masterVO - Display Locale set to: en_US
2022-07-08 15:23:52,071 [main] ERROR com.sshmanager.SSHService - Error while getting SSH Server Instance : com.jcraft.jsch.JSchException: java.net.ConnectException: Connection timed out: connect
2022-07-08 15:23:52,094 [main] INFO com.utils._masterVO - Loading Messages Resource properties File from: .//src//test//resources//sysconfig//English-2.properties
2022-07-08 15:23:52,126 [main] INFO com.utils._masterVO - Messages Resource Properties file Loaded successfully
2022-07-08 15:23:52,128 [main] INFO com.utils._masterVO - Loading Messages Resource properties File from: .//src//test//resources//sysconfig//C2S_English-2.properties
2022-07-08 15:23:52,139 [main] INFO com.utils._masterVO - Messages Resource Properties file Loaded successfully
2022-07-08 15:23:52,140 [main] INFO com.dbrepository.OracleRepository - Entered getGatewayDetails('EXTGW','USSD','SMSC')
2022-07-08 15:23:52,141 [main] INFO com.dbrepository.DBConnectionPool - Active Size:0 Cache Size:10
2022-07-08 15:23:52,142 [main] INFO com.dbrepository.OracleRepository - getGatewayDetails() :: select query: SELECT rmg.gateway_code, mg.gateway_type, rmg.login_id, rmg.PASSWORD, rmg.content_type, rmg.service_port, mg.req_password_plain FROM message_gateway mg, req_message_gateway rmg WHERE mg.gateway_code = rmg.gateway_code AND rmg.gateway_code IN ('EXTGW','USSD','SMSC')
2022-07-08 15:23:52,526 [main] INFO com.dbrepository.OracleRepository - Database Returns: [[Ljava.lang.Object;@34645867[{{EXTGW,EXTGW,pretups,0971500a350af5c3d1c0b12221a0558c,XML,190,Y},{SMSC,SMSC,pretups,0971500a350af5c3d1c0b12221a0558c,PLAIN,190,Y},{USSD,USSD,pretups,0971500a350af5c3d1c0b12221a0558c,XML,190,Y}}]
2022-07-08 15:23:52,528 [main] INFO com.dbrepository.OracleRepository - Exiting getGatewayDetails()
2022-07-08 15:23:52,533 [main] INFO com.utils._APIUtil - Entered getAPIServices(EXTGW)
2022-07-08 15:23:52,542 [main] INFO com.utils._APIUtil - Exiting getAPIServices([])
2022-07-08 15:23:52,543 [main] INFO com.utils._masterVO - Loading Gateway Cases Master file from: .//src//test//resources//config//GatewayMaster.xlsx
2022-07-08 15:23:52,671 [main] INFO com.utils.ExcelUtility - java.lang.NullPointerException
	at com.utils.ExcelUtility.getCellData(ExcelUtility.java:311)
	at com.utils._masterVO.loadGatewayCases(_masterVO.java:115)
	at com.utils._masterVO.loadExternalServices(_masterVO.java:448)
	at com.utils._masterVO.loadVO(_masterVO.java:81)
	at com.classes.BaseTest.setupReporter(BaseTest.java:99)
	at sun.reflect.NativeMethodAccessorImpl.invoke0(Native Method)
	at sun.reflect.NativeMethodAccessorImpl.invoke(Unknown Source)
	at sun.reflect.DelegatingMethodAccessorImpl.invoke(Unknown Source)
	at java.lang.reflect.Method.invoke(Unknown Source)
	at org.testng.internal.MethodInvocationHelper.invokeMethod(MethodInvocationHelper.java:124)
	at org.testng.internal.MethodInvocationHelper.invokeMethodConsideringTimeout(MethodInvocationHelper.java:59)
	at org.testng.internal.Invoker.invokeConfigurationMethod(Invoker.java:455)
	at org.testng.internal.Invoker.invokeConfigurations(Invoker.java:222)
	at org.testng.internal.Invoker.invokeConfigurations(Invoker.java:142)
	at org.testng.SuiteRunner.privateRun(SuiteRunner.java:401)
	at org.testng.SuiteRunner.run(SuiteRunner.java:364)
	at org.testng.SuiteRunnerWorker.runSuite(SuiteRunnerWorker.java:52)
	at org.testng.SuiteRunnerWorker.run(SuiteRunnerWorker.java:84)
	at org.testng.TestNG.runSuitesSequentially(TestNG.java:1208)
	at org.testng.TestNG.runSuitesLocally(TestNG.java:1137)
	at org.testng.TestNG.runSuites(TestNG.java:1049)
	at org.testng.TestNG.run(TestNG.java:1017)
	at org.testng.remote.AbstractRemoteTestNG.run(AbstractRemoteTestNG.java:115)
	at org.testng.remote.RemoteTestNG.initAndRun(RemoteTestNG.java:251)
	at org.testng.remote.RemoteTestNG.main(RemoteTestNG.java:77)

2022-07-08 15:23:52,675 [main] INFO com.utils.ExcelUtility - java.lang.NullPointerException
	at com.utils.ExcelUtility.getCellData(ExcelUtility.java:311)
	at com.utils._masterVO.loadGatewayCases(_masterVO.java:115)
	at com.utils._masterVO.loadExternalServices(_masterVO.java:448)
	at com.utils._masterVO.loadVO(_masterVO.java:81)
	at com.classes.BaseTest.setupReporter(BaseTest.java:99)
	at sun.reflect.NativeMethodAccessorImpl.invoke0(Native Method)
	at sun.reflect.NativeMethodAccessorImpl.invoke(Unknown Source)
	at sun.reflect.DelegatingMethodAccessorImpl.invoke(Unknown Source)
	at java.lang.reflect.Method.invoke(Unknown Source)
	at org.testng.internal.MethodInvocationHelper.invokeMethod(MethodInvocationHelper.java:124)
	at org.testng.internal.MethodInvocationHelper.invokeMethodConsideringTimeout(MethodInvocationHelper.java:59)
	at org.testng.internal.Invoker.invokeConfigurationMethod(Invoker.java:455)
	at org.testng.internal.Invoker.invokeConfigurations(Invoker.java:222)
	at org.testng.internal.Invoker.invokeConfigurations(Invoker.java:142)
	at org.testng.SuiteRunner.privateRun(SuiteRunner.java:401)
	at org.testng.SuiteRunner.run(SuiteRunner.java:364)
	at org.testng.SuiteRunnerWorker.runSuite(SuiteRunnerWorker.java:52)
	at org.testng.SuiteRunnerWorker.run(SuiteRunnerWorker.java:84)
	at org.testng.TestNG.runSuitesSequentially(TestNG.java:1208)
	at org.testng.TestNG.runSuitesLocally(TestNG.java:1137)
	at org.testng.TestNG.runSuites(TestNG.java:1049)
	at org.testng.TestNG.run(TestNG.java:1017)
	at org.testng.remote.AbstractRemoteTestNG.run(AbstractRemoteTestNG.java:115)
	at org.testng.remote.RemoteTestNG.initAndRun(RemoteTestNG.java:251)
	at org.testng.remote.RemoteTestNG.main(RemoteTestNG.java:77)

2022-07-08 15:23:52,678 [main] INFO com.utils.ExcelUtility - java.lang.NullPointerException
	at com.utils.ExcelUtility.getCellData(ExcelUtility.java:311)
	at com.utils._masterVO.loadGatewayCases(_masterVO.java:115)
	at com.utils._masterVO.loadExternalServices(_masterVO.java:448)
	at com.utils._masterVO.loadVO(_masterVO.java:81)
	at com.classes.BaseTest.setupReporter(BaseTest.java:99)
	at sun.reflect.NativeMethodAccessorImpl.invoke0(Native Method)
	at sun.reflect.NativeMethodAccessorImpl.invoke(Unknown Source)
	at sun.reflect.DelegatingMethodAccessorImpl.invoke(Unknown Source)
	at java.lang.reflect.Method.invoke(Unknown Source)
	at org.testng.internal.MethodInvocationHelper.invokeMethod(MethodInvocationHelper.java:124)
	at org.testng.internal.MethodInvocationHelper.invokeMethodConsideringTimeout(MethodInvocationHelper.java:59)
	at org.testng.internal.Invoker.invokeConfigurationMethod(Invoker.java:455)
	at org.testng.internal.Invoker.invokeConfigurations(Invoker.java:222)
	at org.testng.internal.Invoker.invokeConfigurations(Invoker.java:142)
	at org.testng.SuiteRunner.privateRun(SuiteRunner.java:401)
	at org.testng.SuiteRunner.run(SuiteRunner.java:364)
	at org.testng.SuiteRunnerWorker.runSuite(SuiteRunnerWorker.java:52)
	at org.testng.SuiteRunnerWorker.run(SuiteRunnerWorker.java:84)
	at org.testng.TestNG.runSuitesSequentially(TestNG.java:1208)
	at org.testng.TestNG.runSuitesLocally(TestNG.java:1137)
	at org.testng.TestNG.runSuites(TestNG.java:1049)
	at org.testng.TestNG.run(TestNG.java:1017)
	at org.testng.remote.AbstractRemoteTestNG.run(AbstractRemoteTestNG.java:115)
	at org.testng.remote.RemoteTestNG.initAndRun(RemoteTestNG.java:251)
	at org.testng.remote.RemoteTestNG.main(RemoteTestNG.java:77)

2022-07-08 15:23:52,694 [main] INFO com.utils.ExcelUtility - java.lang.NullPointerException
	at com.utils.ExcelUtility.getCellData(ExcelUtility.java:311)
	at com.utils._masterVO.loadGatewayCases(_masterVO.java:115)
	at com.utils._masterVO.loadExternalServices(_masterVO.java:448)
	at com.utils._masterVO.loadVO(_masterVO.java:81)
	at com.classes.BaseTest.setupReporter(BaseTest.java:99)
	at sun.reflect.NativeMethodAccessorImpl.invoke0(Native Method)
	at sun.reflect.NativeMethodAccessorImpl.invoke(Unknown Source)
	at sun.reflect.DelegatingMethodAccessorImpl.invoke(Unknown Source)
	at java.lang.reflect.Method.invoke(Unknown Source)
	at org.testng.internal.MethodInvocationHelper.invokeMethod(MethodInvocationHelper.java:124)
	at org.testng.internal.MethodInvocationHelper.invokeMethodConsideringTimeout(MethodInvocationHelper.java:59)
	at org.testng.internal.Invoker.invokeConfigurationMethod(Invoker.java:455)
	at org.testng.internal.Invoker.invokeConfigurations(Invoker.java:222)
	at org.testng.internal.Invoker.invokeConfigurations(Invoker.java:142)
	at org.testng.SuiteRunner.privateRun(SuiteRunner.java:401)
	at org.testng.SuiteRunner.run(SuiteRunner.java:364)
	at org.testng.SuiteRunnerWorker.runSuite(SuiteRunnerWorker.java:52)
	at org.testng.SuiteRunnerWorker.run(SuiteRunnerWorker.java:84)
	at org.testng.TestNG.runSuitesSequentially(TestNG.java:1208)
	at org.testng.TestNG.runSuitesLocally(TestNG.java:1137)
	at org.testng.TestNG.runSuites(TestNG.java:1049)
	at org.testng.TestNG.run(TestNG.java:1017)
	at org.testng.remote.AbstractRemoteTestNG.run(AbstractRemoteTestNG.java:115)
	at org.testng.remote.RemoteTestNG.initAndRun(RemoteTestNG.java:251)
	at org.testng.remote.RemoteTestNG.main(RemoteTestNG.java:77)

2022-07-08 15:23:52,725 [main] INFO com.utils.ExcelUtility - java.lang.NullPointerException
	at com.utils.ExcelUtility.getCellData(ExcelUtility.java:311)
	at com.utils._masterVO.loadGatewayCases(_masterVO.java:115)
	at com.utils._masterVO.loadExternalServices(_masterVO.java:448)
	at com.utils._masterVO.loadVO(_masterVO.java:81)
	at com.classes.BaseTest.setupReporter(BaseTest.java:99)
	at sun.reflect.NativeMethodAccessorImpl.invoke0(Native Method)
	at sun.reflect.NativeMethodAccessorImpl.invoke(Unknown Source)
	at sun.reflect.DelegatingMethodAccessorImpl.invoke(Unknown Source)
	at java.lang.reflect.Method.invoke(Unknown Source)
	at org.testng.internal.MethodInvocationHelper.invokeMethod(MethodInvocationHelper.java:124)
	at org.testng.internal.MethodInvocationHelper.invokeMethodConsideringTimeout(MethodInvocationHelper.java:59)
	at org.testng.internal.Invoker.invokeConfigurationMethod(Invoker.java:455)
	at org.testng.internal.Invoker.invokeConfigurations(Invoker.java:222)
	at org.testng.internal.Invoker.invokeConfigurations(Invoker.java:142)
	at org.testng.SuiteRunner.privateRun(SuiteRunner.java:401)
	at org.testng.SuiteRunner.run(SuiteRunner.java:364)
	at org.testng.SuiteRunnerWorker.runSuite(SuiteRunnerWorker.java:52)
	at org.testng.SuiteRunnerWorker.run(SuiteRunnerWorker.java:84)
	at org.testng.TestNG.runSuitesSequentially(TestNG.java:1208)
	at org.testng.TestNG.runSuitesLocally(TestNG.java:1137)
	at org.testng.TestNG.runSuites(TestNG.java:1049)
	at org.testng.TestNG.run(TestNG.java:1017)
	at org.testng.remote.AbstractRemoteTestNG.run(AbstractRemoteTestNG.java:115)
	at org.testng.remote.RemoteTestNG.initAndRun(RemoteTestNG.java:251)
	at org.testng.remote.RemoteTestNG.main(RemoteTestNG.java:77)

2022-07-08 15:23:52,743 [main] INFO com.utils.ExcelUtility - java.lang.NullPointerException
	at com.utils.ExcelUtility.getCellData(ExcelUtility.java:311)
	at com.utils._masterVO.loadGatewayCases(_masterVO.java:115)
	at com.utils._masterVO.loadExternalServices(_masterVO.java:448)
	at com.utils._masterVO.loadVO(_masterVO.java:81)
	at com.classes.BaseTest.setupReporter(BaseTest.java:99)
	at sun.reflect.NativeMethodAccessorImpl.invoke0(Native Method)
	at sun.reflect.NativeMethodAccessorImpl.invoke(Unknown Source)
	at sun.reflect.DelegatingMethodAccessorImpl.invoke(Unknown Source)
	at java.lang.reflect.Method.invoke(Unknown Source)
	at org.testng.internal.MethodInvocationHelper.invokeMethod(MethodInvocationHelper.java:124)
	at org.testng.internal.MethodInvocationHelper.invokeMethodConsideringTimeout(MethodInvocationHelper.java:59)
	at org.testng.internal.Invoker.invokeConfigurationMethod(Invoker.java:455)
	at org.testng.internal.Invoker.invokeConfigurations(Invoker.java:222)
	at org.testng.internal.Invoker.invokeConfigurations(Invoker.java:142)
	at org.testng.SuiteRunner.privateRun(SuiteRunner.java:401)
	at org.testng.SuiteRunner.run(SuiteRunner.java:364)
	at org.testng.SuiteRunnerWorker.runSuite(SuiteRunnerWorker.java:52)
	at org.testng.SuiteRunnerWorker.run(SuiteRunnerWorker.java:84)
	at org.testng.TestNG.runSuitesSequentially(TestNG.java:1208)
	at org.testng.TestNG.runSuitesLocally(TestNG.java:1137)
	at org.testng.TestNG.runSuites(TestNG.java:1049)
	at org.testng.TestNG.run(TestNG.java:1017)
	at org.testng.remote.AbstractRemoteTestNG.run(AbstractRemoteTestNG.java:115)
	at org.testng.remote.RemoteTestNG.initAndRun(RemoteTestNG.java:251)
	at org.testng.remote.RemoteTestNG.main(RemoteTestNG.java:77)

2022-07-08 15:23:52,744 [main] INFO com.utils.ExcelUtility - java.lang.NullPointerException
	at com.utils.ExcelUtility.getCellData(ExcelUtility.java:311)
	at com.utils._masterVO.loadGatewayCases(_masterVO.java:115)
	at com.utils._masterVO.loadExternalServices(_masterVO.java:448)
	at com.utils._masterVO.loadVO(_masterVO.java:81)
	at com.classes.BaseTest.setupReporter(BaseTest.java:99)
	at sun.reflect.NativeMethodAccessorImpl.invoke0(Native Method)
	at sun.reflect.NativeMethodAccessorImpl.invoke(Unknown Source)
	at sun.reflect.DelegatingMethodAccessorImpl.invoke(Unknown Source)
	at java.lang.reflect.Method.invoke(Unknown Source)
	at org.testng.internal.MethodInvocationHelper.invokeMethod(MethodInvocationHelper.java:124)
	at org.testng.internal.MethodInvocationHelper.invokeMethodConsideringTimeout(MethodInvocationHelper.java:59)
	at org.testng.internal.Invoker.invokeConfigurationMethod(Invoker.java:455)
	at org.testng.internal.Invoker.invokeConfigurations(Invoker.java:222)
	at org.testng.internal.Invoker.invokeConfigurations(Invoker.java:142)
	at org.testng.SuiteRunner.privateRun(SuiteRunner.java:401)
	at org.testng.SuiteRunner.run(SuiteRunner.java:364)
	at org.testng.SuiteRunnerWorker.runSuite(SuiteRunnerWorker.java:52)
	at org.testng.SuiteRunnerWorker.run(SuiteRunnerWorker.java:84)
	at org.testng.TestNG.runSuitesSequentially(TestNG.java:1208)
	at org.testng.TestNG.runSuitesLocally(TestNG.java:1137)
	at org.testng.TestNG.runSuites(TestNG.java:1049)
	at org.testng.TestNG.run(TestNG.java:1017)
	at org.testng.remote.AbstractRemoteTestNG.run(AbstractRemoteTestNG.java:115)
	at org.testng.remote.RemoteTestNG.initAndRun(RemoteTestNG.java:251)
	at org.testng.remote.RemoteTestNG.main(RemoteTestNG.java:77)

2022-07-08 15:23:52,751 [main] INFO com.utils.ExcelUtility - java.lang.NullPointerException
	at com.utils.ExcelUtility.getCellData(ExcelUtility.java:311)
	at com.utils._masterVO.loadGatewayCases(_masterVO.java:115)
	at com.utils._masterVO.loadExternalServices(_masterVO.java:448)
	at com.utils._masterVO.loadVO(_masterVO.java:81)
	at com.classes.BaseTest.setupReporter(BaseTest.java:99)
	at sun.reflect.NativeMethodAccessorImpl.invoke0(Native Method)
	at sun.reflect.NativeMethodAccessorImpl.invoke(Unknown Source)
	at sun.reflect.DelegatingMethodAccessorImpl.invoke(Unknown Source)
	at java.lang.reflect.Method.invoke(Unknown Source)
	at org.testng.internal.MethodInvocationHelper.invokeMethod(MethodInvocationHelper.java:124)
	at org.testng.internal.MethodInvocationHelper.invokeMethodConsideringTimeout(MethodInvocationHelper.java:59)
	at org.testng.internal.Invoker.invokeConfigurationMethod(Invoker.java:455)
	at org.testng.internal.Invoker.invokeConfigurations(Invoker.java:222)
	at org.testng.internal.Invoker.invokeConfigurations(Invoker.java:142)
	at org.testng.SuiteRunner.privateRun(SuiteRunner.java:401)
	at org.testng.SuiteRunner.run(SuiteRunner.java:364)
	at org.testng.SuiteRunnerWorker.runSuite(SuiteRunnerWorker.java:52)
	at org.testng.SuiteRunnerWorker.run(SuiteRunnerWorker.java:84)
	at org.testng.TestNG.runSuitesSequentially(TestNG.java:1208)
	at org.testng.TestNG.runSuitesLocally(TestNG.java:1137)
	at org.testng.TestNG.runSuites(TestNG.java:1049)
	at org.testng.TestNG.run(TestNG.java:1017)
	at org.testng.remote.AbstractRemoteTestNG.run(AbstractRemoteTestNG.java:115)
	at org.testng.remote.RemoteTestNG.initAndRun(RemoteTestNG.java:251)
	at org.testng.remote.RemoteTestNG.main(RemoteTestNG.java:77)

2022-07-08 15:23:52,752 [main] INFO com.utils.ExcelUtility - java.lang.NullPointerException
	at com.utils.ExcelUtility.getCellData(ExcelUtility.java:311)
	at com.utils._masterVO.loadGatewayCases(_masterVO.java:115)
	at com.utils._masterVO.loadExternalServices(_masterVO.java:448)
	at com.utils._masterVO.loadVO(_masterVO.java:81)
	at com.classes.BaseTest.setupReporter(BaseTest.java:99)
	at sun.reflect.NativeMethodAccessorImpl.invoke0(Native Method)
	at sun.reflect.NativeMethodAccessorImpl.invoke(Unknown Source)
	at sun.reflect.DelegatingMethodAccessorImpl.invoke(Unknown Source)
	at java.lang.reflect.Method.invoke(Unknown Source)
	at org.testng.internal.MethodInvocationHelper.invokeMethod(MethodInvocationHelper.java:124)
	at org.testng.internal.MethodInvocationHelper.invokeMethodConsideringTimeout(MethodInvocationHelper.java:59)
	at org.testng.internal.Invoker.invokeConfigurationMethod(Invoker.java:455)
	at org.testng.internal.Invoker.invokeConfigurations(Invoker.java:222)
	at org.testng.internal.Invoker.invokeConfigurations(Invoker.java:142)
	at org.testng.SuiteRunner.privateRun(SuiteRunner.java:401)
	at org.testng.SuiteRunner.run(SuiteRunner.java:364)
	at org.testng.SuiteRunnerWorker.runSuite(SuiteRunnerWorker.java:52)
	at org.testng.SuiteRunnerWorker.run(SuiteRunnerWorker.java:84)
	at org.testng.TestNG.runSuitesSequentially(TestNG.java:1208)
	at org.testng.TestNG.runSuitesLocally(TestNG.java:1137)
	at org.testng.TestNG.runSuites(TestNG.java:1049)
	at org.testng.TestNG.run(TestNG.java:1017)
	at org.testng.remote.AbstractRemoteTestNG.run(AbstractRemoteTestNG.java:115)
	at org.testng.remote.RemoteTestNG.initAndRun(RemoteTestNG.java:251)
	at org.testng.remote.RemoteTestNG.main(RemoteTestNG.java:77)

2022-07-08 15:23:52,754 [main] INFO com.utils.ExcelUtility - java.lang.NullPointerException
	at com.utils.ExcelUtility.getCellData(ExcelUtility.java:311)
	at com.utils._masterVO.loadGatewayCases(_masterVO.java:115)
	at com.utils._masterVO.loadExternalServices(_masterVO.java:448)
	at com.utils._masterVO.loadVO(_masterVO.java:81)
	at com.classes.BaseTest.setupReporter(BaseTest.java:99)
	at sun.reflect.NativeMethodAccessorImpl.invoke0(Native Method)
	at sun.reflect.NativeMethodAccessorImpl.invoke(Unknown Source)
	at sun.reflect.DelegatingMethodAccessorImpl.invoke(Unknown Source)
	at java.lang.reflect.Method.invoke(Unknown Source)
	at org.testng.internal.MethodInvocationHelper.invokeMethod(MethodInvocationHelper.java:124)
	at org.testng.internal.MethodInvocationHelper.invokeMethodConsideringTimeout(MethodInvocationHelper.java:59)
	at org.testng.internal.Invoker.invokeConfigurationMethod(Invoker.java:455)
	at org.testng.internal.Invoker.invokeConfigurations(Invoker.java:222)
	at org.testng.internal.Invoker.invokeConfigurations(Invoker.java:142)
	at org.testng.SuiteRunner.privateRun(SuiteRunner.java:401)
	at org.testng.SuiteRunner.run(SuiteRunner.java:364)
	at org.testng.SuiteRunnerWorker.runSuite(SuiteRunnerWorker.java:52)
	at org.testng.SuiteRunnerWorker.run(SuiteRunnerWorker.java:84)
	at org.testng.TestNG.runSuitesSequentially(TestNG.java:1208)
	at org.testng.TestNG.runSuitesLocally(TestNG.java:1137)
	at org.testng.TestNG.runSuites(TestNG.java:1049)
	at org.testng.TestNG.run(TestNG.java:1017)
	at org.testng.remote.AbstractRemoteTestNG.run(AbstractRemoteTestNG.java:115)
	at org.testng.remote.RemoteTestNG.initAndRun(RemoteTestNG.java:251)
	at org.testng.remote.RemoteTestNG.main(RemoteTestNG.java:77)

2022-07-08 15:23:52,754 [main] INFO com.utils.ExcelUtility - java.lang.NullPointerException
	at com.utils.ExcelUtility.getCellData(ExcelUtility.java:311)
	at com.utils._masterVO.loadGatewayCases(_masterVO.java:115)
	at com.utils._masterVO.loadExternalServices(_masterVO.java:448)
	at com.utils._masterVO.loadVO(_masterVO.java:81)
	at com.classes.BaseTest.setupReporter(BaseTest.java:99)
	at sun.reflect.NativeMethodAccessorImpl.invoke0(Native Method)
	at sun.reflect.NativeMethodAccessorImpl.invoke(Unknown Source)
	at sun.reflect.DelegatingMethodAccessorImpl.invoke(Unknown Source)
	at java.lang.reflect.Method.invoke(Unknown Source)
	at org.testng.internal.MethodInvocationHelper.invokeMethod(MethodInvocationHelper.java:124)
	at org.testng.internal.MethodInvocationHelper.invokeMethodConsideringTimeout(MethodInvocationHelper.java:59)
	at org.testng.internal.Invoker.invokeConfigurationMethod(Invoker.java:455)
	at org.testng.internal.Invoker.invokeConfigurations(Invoker.java:222)
	at org.testng.internal.Invoker.invokeConfigurations(Invoker.java:142)
	at org.testng.SuiteRunner.privateRun(SuiteRunner.java:401)
	at org.testng.SuiteRunner.run(SuiteRunner.java:364)
	at org.testng.SuiteRunnerWorker.runSuite(SuiteRunnerWorker.java:52)
	at org.testng.SuiteRunnerWorker.run(SuiteRunnerWorker.java:84)
	at org.testng.TestNG.runSuitesSequentially(TestNG.java:1208)
	at org.testng.TestNG.runSuitesLocally(TestNG.java:1137)
	at org.testng.TestNG.runSuites(TestNG.java:1049)
	at org.testng.TestNG.run(TestNG.java:1017)
	at org.testng.remote.AbstractRemoteTestNG.run(AbstractRemoteTestNG.java:115)
	at org.testng.remote.RemoteTestNG.initAndRun(RemoteTestNG.java:251)
	at org.testng.remote.RemoteTestNG.main(RemoteTestNG.java:77)

2022-07-08 15:23:52,756 [main] INFO com.utils.ExcelUtility - java.lang.NullPointerException
	at com.utils.ExcelUtility.getCellData(ExcelUtility.java:311)
	at com.utils._masterVO.loadGatewayCases(_masterVO.java:115)
	at com.utils._masterVO.loadExternalServices(_masterVO.java:448)
	at com.utils._masterVO.loadVO(_masterVO.java:81)
	at com.classes.BaseTest.setupReporter(BaseTest.java:99)
	at sun.reflect.NativeMethodAccessorImpl.invoke0(Native Method)
	at sun.reflect.NativeMethodAccessorImpl.invoke(Unknown Source)
	at sun.reflect.DelegatingMethodAccessorImpl.invoke(Unknown Source)
	at java.lang.reflect.Method.invoke(Unknown Source)
	at org.testng.internal.MethodInvocationHelper.invokeMethod(MethodInvocationHelper.java:124)
	at org.testng.internal.MethodInvocationHelper.invokeMethodConsideringTimeout(MethodInvocationHelper.java:59)
	at org.testng.internal.Invoker.invokeConfigurationMethod(Invoker.java:455)
	at org.testng.internal.Invoker.invokeConfigurations(Invoker.java:222)
	at org.testng.internal.Invoker.invokeConfigurations(Invoker.java:142)
	at org.testng.SuiteRunner.privateRun(SuiteRunner.java:401)
	at org.testng.SuiteRunner.run(SuiteRunner.java:364)
	at org.testng.SuiteRunnerWorker.runSuite(SuiteRunnerWorker.java:52)
	at org.testng.SuiteRunnerWorker.run(SuiteRunnerWorker.java:84)
	at org.testng.TestNG.runSuitesSequentially(TestNG.java:1208)
	at org.testng.TestNG.runSuitesLocally(TestNG.java:1137)
	at org.testng.TestNG.runSuites(TestNG.java:1049)
	at org.testng.TestNG.run(TestNG.java:1017)
	at org.testng.remote.AbstractRemoteTestNG.run(AbstractRemoteTestNG.java:115)
	at org.testng.remote.RemoteTestNG.initAndRun(RemoteTestNG.java:251)
	at org.testng.remote.RemoteTestNG.main(RemoteTestNG.java:77)

2022-07-08 15:23:52,757 [main] INFO com.utils.ExcelUtility - java.lang.NullPointerException
	at com.utils.ExcelUtility.getCellData(ExcelUtility.java:311)
	at com.utils._masterVO.loadGatewayCases(_masterVO.java:115)
	at com.utils._masterVO.loadExternalServices(_masterVO.java:448)
	at com.utils._masterVO.loadVO(_masterVO.java:81)
	at com.classes.BaseTest.setupReporter(BaseTest.java:99)
	at sun.reflect.NativeMethodAccessorImpl.invoke0(Native Method)
	at sun.reflect.NativeMethodAccessorImpl.invoke(Unknown Source)
	at sun.reflect.DelegatingMethodAccessorImpl.invoke(Unknown Source)
	at java.lang.reflect.Method.invoke(Unknown Source)
	at org.testng.internal.MethodInvocationHelper.invokeMethod(MethodInvocationHelper.java:124)
	at org.testng.internal.MethodInvocationHelper.invokeMethodConsideringTimeout(MethodInvocationHelper.java:59)
	at org.testng.internal.Invoker.invokeConfigurationMethod(Invoker.java:455)
	at org.testng.internal.Invoker.invokeConfigurations(Invoker.java:222)
	at org.testng.internal.Invoker.invokeConfigurations(Invoker.java:142)
	at org.testng.SuiteRunner.privateRun(SuiteRunner.java:401)
	at org.testng.SuiteRunner.run(SuiteRunner.java:364)
	at org.testng.SuiteRunnerWorker.runSuite(SuiteRunnerWorker.java:52)
	at org.testng.SuiteRunnerWorker.run(SuiteRunnerWorker.java:84)
	at org.testng.TestNG.runSuitesSequentially(TestNG.java:1208)
	at org.testng.TestNG.runSuitesLocally(TestNG.java:1137)
	at org.testng.TestNG.runSuites(TestNG.java:1049)
	at org.testng.TestNG.run(TestNG.java:1017)
	at org.testng.remote.AbstractRemoteTestNG.run(AbstractRemoteTestNG.java:115)
	at org.testng.remote.RemoteTestNG.initAndRun(RemoteTestNG.java:251)
	at org.testng.remote.RemoteTestNG.main(RemoteTestNG.java:77)

2022-07-08 15:23:52,757 [main] INFO com.utils.ExcelUtility - java.lang.NullPointerException
	at com.utils.ExcelUtility.getCellData(ExcelUtility.java:311)
	at com.utils._masterVO.loadGatewayCases(_masterVO.java:115)
	at com.utils._masterVO.loadExternalServices(_masterVO.java:448)
	at com.utils._masterVO.loadVO(_masterVO.java:81)
	at com.classes.BaseTest.setupReporter(BaseTest.java:99)
	at sun.reflect.NativeMethodAccessorImpl.invoke0(Native Method)
	at sun.reflect.NativeMethodAccessorImpl.invoke(Unknown Source)
	at sun.reflect.DelegatingMethodAccessorImpl.invoke(Unknown Source)
	at java.lang.reflect.Method.invoke(Unknown Source)
	at org.testng.internal.MethodInvocationHelper.invokeMethod(MethodInvocationHelper.java:124)
	at org.testng.internal.MethodInvocationHelper.invokeMethodConsideringTimeout(MethodInvocationHelper.java:59)
	at org.testng.internal.Invoker.invokeConfigurationMethod(Invoker.java:455)
	at org.testng.internal.Invoker.invokeConfigurations(Invoker.java:222)
	at org.testng.internal.Invoker.invokeConfigurations(Invoker.java:142)
	at org.testng.SuiteRunner.privateRun(SuiteRunner.java:401)
	at org.testng.SuiteRunner.run(SuiteRunner.java:364)
	at org.testng.SuiteRunnerWorker.runSuite(SuiteRunnerWorker.java:52)
	at org.testng.SuiteRunnerWorker.run(SuiteRunnerWorker.java:84)
	at org.testng.TestNG.runSuitesSequentially(TestNG.java:1208)
	at org.testng.TestNG.runSuitesLocally(TestNG.java:1137)
	at org.testng.TestNG.runSuites(TestNG.java:1049)
	at org.testng.TestNG.run(TestNG.java:1017)
	at org.testng.remote.AbstractRemoteTestNG.run(AbstractRemoteTestNG.java:115)
	at org.testng.remote.RemoteTestNG.initAndRun(RemoteTestNG.java:251)
	at org.testng.remote.RemoteTestNG.main(RemoteTestNG.java:77)

2022-07-08 15:23:52,757 [main] INFO com.utils.ExcelUtility - java.lang.NullPointerException
	at com.utils.ExcelUtility.getCellData(ExcelUtility.java:311)
	at com.utils._masterVO.loadGatewayCases(_masterVO.java:115)
	at com.utils._masterVO.loadExternalServices(_masterVO.java:448)
	at com.utils._masterVO.loadVO(_masterVO.java:81)
	at com.classes.BaseTest.setupReporter(BaseTest.java:99)
	at sun.reflect.NativeMethodAccessorImpl.invoke0(Native Method)
	at sun.reflect.NativeMethodAccessorImpl.invoke(Unknown Source)
	at sun.reflect.DelegatingMethodAccessorImpl.invoke(Unknown Source)
	at java.lang.reflect.Method.invoke(Unknown Source)
	at org.testng.internal.MethodInvocationHelper.invokeMethod(MethodInvocationHelper.java:124)
	at org.testng.internal.MethodInvocationHelper.invokeMethodConsideringTimeout(MethodInvocationHelper.java:59)
	at org.testng.internal.Invoker.invokeConfigurationMethod(Invoker.java:455)
	at org.testng.internal.Invoker.invokeConfigurations(Invoker.java:222)
	at org.testng.internal.Invoker.invokeConfigurations(Invoker.java:142)
	at org.testng.SuiteRunner.privateRun(SuiteRunner.java:401)
	at org.testng.SuiteRunner.run(SuiteRunner.java:364)
	at org.testng.SuiteRunnerWorker.runSuite(SuiteRunnerWorker.java:52)
	at org.testng.SuiteRunnerWorker.run(SuiteRunnerWorker.java:84)
	at org.testng.TestNG.runSuitesSequentially(TestNG.java:1208)
	at org.testng.TestNG.runSuitesLocally(TestNG.java:1137)
	at org.testng.TestNG.runSuites(TestNG.java:1049)
	at org.testng.TestNG.run(TestNG.java:1017)
	at org.testng.remote.AbstractRemoteTestNG.run(AbstractRemoteTestNG.java:115)
	at org.testng.remote.RemoteTestNG.initAndRun(RemoteTestNG.java:251)
	at org.testng.remote.RemoteTestNG.main(RemoteTestNG.java:77)

2022-07-08 15:23:52,788 [main] INFO com.utils.ExcelUtility - java.lang.NullPointerException
	at com.utils.ExcelUtility.getCellData(ExcelUtility.java:311)
	at com.utils._masterVO.loadGatewayCases(_masterVO.java:115)
	at com.utils._masterVO.loadExternalServices(_masterVO.java:448)
	at com.utils._masterVO.loadVO(_masterVO.java:81)
	at com.classes.BaseTest.setupReporter(BaseTest.java:99)
	at sun.reflect.NativeMethodAccessorImpl.invoke0(Native Method)
	at sun.reflect.NativeMethodAccessorImpl.invoke(Unknown Source)
	at sun.reflect.DelegatingMethodAccessorImpl.invoke(Unknown Source)
	at java.lang.reflect.Method.invoke(Unknown Source)
	at org.testng.internal.MethodInvocationHelper.invokeMethod(MethodInvocationHelper.java:124)
	at org.testng.internal.MethodInvocationHelper.invokeMethodConsideringTimeout(MethodInvocationHelper.java:59)
	at org.testng.internal.Invoker.invokeConfigurationMethod(Invoker.java:455)
	at org.testng.internal.Invoker.invokeConfigurations(Invoker.java:222)
	at org.testng.internal.Invoker.invokeConfigurations(Invoker.java:142)
	at org.testng.SuiteRunner.privateRun(SuiteRunner.java:401)
	at org.testng.SuiteRunner.run(SuiteRunner.java:364)
	at org.testng.SuiteRunnerWorker.runSuite(SuiteRunnerWorker.java:52)
	at org.testng.SuiteRunnerWorker.run(SuiteRunnerWorker.java:84)
	at org.testng.TestNG.runSuitesSequentially(TestNG.java:1208)
	at org.testng.TestNG.runSuitesLocally(TestNG.java:1137)
	at org.testng.TestNG.runSuites(TestNG.java:1049)
	at org.testng.TestNG.run(TestNG.java:1017)
	at org.testng.remote.AbstractRemoteTestNG.run(AbstractRemoteTestNG.java:115)
	at org.testng.remote.RemoteTestNG.initAndRun(RemoteTestNG.java:251)
	at org.testng.remote.RemoteTestNG.main(RemoteTestNG.java:77)

2022-07-08 15:23:52,788 [main] INFO com.utils.ExcelUtility - java.lang.NullPointerException
	at com.utils.ExcelUtility.getCellData(ExcelUtility.java:311)
	at com.utils._masterVO.loadGatewayCases(_masterVO.java:115)
	at com.utils._masterVO.loadExternalServices(_masterVO.java:448)
	at com.utils._masterVO.loadVO(_masterVO.java:81)
	at com.classes.BaseTest.setupReporter(BaseTest.java:99)
	at sun.reflect.NativeMethodAccessorImpl.invoke0(Native Method)
	at sun.reflect.NativeMethodAccessorImpl.invoke(Unknown Source)
	at sun.reflect.DelegatingMethodAccessorImpl.invoke(Unknown Source)
	at java.lang.reflect.Method.invoke(Unknown Source)
	at org.testng.internal.MethodInvocationHelper.invokeMethod(MethodInvocationHelper.java:124)
	at org.testng.internal.MethodInvocationHelper.invokeMethodConsideringTimeout(MethodInvocationHelper.java:59)
	at org.testng.internal.Invoker.invokeConfigurationMethod(Invoker.java:455)
	at org.testng.internal.Invoker.invokeConfigurations(Invoker.java:222)
	at org.testng.internal.Invoker.invokeConfigurations(Invoker.java:142)
	at org.testng.SuiteRunner.privateRun(SuiteRunner.java:401)
	at org.testng.SuiteRunner.run(SuiteRunner.java:364)
	at org.testng.SuiteRunnerWorker.runSuite(SuiteRunnerWorker.java:52)
	at org.testng.SuiteRunnerWorker.run(SuiteRunnerWorker.java:84)
	at org.testng.TestNG.runSuitesSequentially(TestNG.java:1208)
	at org.testng.TestNG.runSuitesLocally(TestNG.java:1137)
	at org.testng.TestNG.runSuites(TestNG.java:1049)
	at org.testng.TestNG.run(TestNG.java:1017)
	at org.testng.remote.AbstractRemoteTestNG.run(AbstractRemoteTestNG.java:115)
	at org.testng.remote.RemoteTestNG.initAndRun(RemoteTestNG.java:251)
	at org.testng.remote.RemoteTestNG.main(RemoteTestNG.java:77)

2022-07-08 15:23:52,792 [main] INFO com.utils.ExcelUtility - java.lang.NullPointerException
	at com.utils.ExcelUtility.getCellData(ExcelUtility.java:311)
	at com.utils._masterVO.loadGatewayCases(_masterVO.java:115)
	at com.utils._masterVO.loadExternalServices(_masterVO.java:448)
	at com.utils._masterVO.loadVO(_masterVO.java:81)
	at com.classes.BaseTest.setupReporter(BaseTest.java:99)
	at sun.reflect.NativeMethodAccessorImpl.invoke0(Native Method)
	at sun.reflect.NativeMethodAccessorImpl.invoke(Unknown Source)
	at sun.reflect.DelegatingMethodAccessorImpl.invoke(Unknown Source)
	at java.lang.reflect.Method.invoke(Unknown Source)
	at org.testng.internal.MethodInvocationHelper.invokeMethod(MethodInvocationHelper.java:124)
	at org.testng.internal.MethodInvocationHelper.invokeMethodConsideringTimeout(MethodInvocationHelper.java:59)
	at org.testng.internal.Invoker.invokeConfigurationMethod(Invoker.java:455)
	at org.testng.internal.Invoker.invokeConfigurations(Invoker.java:222)
	at org.testng.internal.Invoker.invokeConfigurations(Invoker.java:142)
	at org.testng.SuiteRunner.privateRun(SuiteRunner.java:401)
	at org.testng.SuiteRunner.run(SuiteRunner.java:364)
	at org.testng.SuiteRunnerWorker.runSuite(SuiteRunnerWorker.java:52)
	at org.testng.SuiteRunnerWorker.run(SuiteRunnerWorker.java:84)
	at org.testng.TestNG.runSuitesSequentially(TestNG.java:1208)
	at org.testng.TestNG.runSuitesLocally(TestNG.java:1137)
	at org.testng.TestNG.runSuites(TestNG.java:1049)
	at org.testng.TestNG.run(TestNG.java:1017)
	at org.testng.remote.AbstractRemoteTestNG.run(AbstractRemoteTestNG.java:115)
	at org.testng.remote.RemoteTestNG.initAndRun(RemoteTestNG.java:251)
	at org.testng.remote.RemoteTestNG.main(RemoteTestNG.java:77)

2022-07-08 15:23:52,793 [main] INFO com.utils.ExcelUtility - java.lang.NullPointerException
	at com.utils.ExcelUtility.getCellData(ExcelUtility.java:311)
	at com.utils._masterVO.loadGatewayCases(_masterVO.java:115)
	at com.utils._masterVO.loadExternalServices(_masterVO.java:448)
	at com.utils._masterVO.loadVO(_masterVO.java:81)
	at com.classes.BaseTest.setupReporter(BaseTest.java:99)
	at sun.reflect.NativeMethodAccessorImpl.invoke0(Native Method)
	at sun.reflect.NativeMethodAccessorImpl.invoke(Unknown Source)
	at sun.reflect.DelegatingMethodAccessorImpl.invoke(Unknown Source)
	at java.lang.reflect.Method.invoke(Unknown Source)
	at org.testng.internal.MethodInvocationHelper.invokeMethod(MethodInvocationHelper.java:124)
	at org.testng.internal.MethodInvocationHelper.invokeMethodConsideringTimeout(MethodInvocationHelper.java:59)
	at org.testng.internal.Invoker.invokeConfigurationMethod(Invoker.java:455)
	at org.testng.internal.Invoker.invokeConfigurations(Invoker.java:222)
	at org.testng.internal.Invoker.invokeConfigurations(Invoker.java:142)
	at org.testng.SuiteRunner.privateRun(SuiteRunner.java:401)
	at org.testng.SuiteRunner.run(SuiteRunner.java:364)
	at org.testng.SuiteRunnerWorker.runSuite(SuiteRunnerWorker.java:52)
	at org.testng.SuiteRunnerWorker.run(SuiteRunnerWorker.java:84)
	at org.testng.TestNG.runSuitesSequentially(TestNG.java:1208)
	at org.testng.TestNG.runSuitesLocally(TestNG.java:1137)
	at org.testng.TestNG.runSuites(TestNG.java:1049)
	at org.testng.TestNG.run(TestNG.java:1017)
	at org.testng.remote.AbstractRemoteTestNG.run(AbstractRemoteTestNG.java:115)
	at org.testng.remote.RemoteTestNG.initAndRun(RemoteTestNG.java:251)
	at org.testng.remote.RemoteTestNG.main(RemoteTestNG.java:77)

2022-07-08 15:23:52,793 [main] INFO com.utils.ExcelUtility - java.lang.NullPointerException
	at com.utils.ExcelUtility.getCellData(ExcelUtility.java:311)
	at com.utils._masterVO.loadGatewayCases(_masterVO.java:115)
	at com.utils._masterVO.loadExternalServices(_masterVO.java:448)
	at com.utils._masterVO.loadVO(_masterVO.java:81)
	at com.classes.BaseTest.setupReporter(BaseTest.java:99)
	at sun.reflect.NativeMethodAccessorImpl.invoke0(Native Method)
	at sun.reflect.NativeMethodAccessorImpl.invoke(Unknown Source)
	at sun.reflect.DelegatingMethodAccessorImpl.invoke(Unknown Source)
	at java.lang.reflect.Method.invoke(Unknown Source)
	at org.testng.internal.MethodInvocationHelper.invokeMethod(MethodInvocationHelper.java:124)
	at org.testng.internal.MethodInvocationHelper.invokeMethodConsideringTimeout(MethodInvocationHelper.java:59)
	at org.testng.internal.Invoker.invokeConfigurationMethod(Invoker.java:455)
	at org.testng.internal.Invoker.invokeConfigurations(Invoker.java:222)
	at org.testng.internal.Invoker.invokeConfigurations(Invoker.java:142)
	at org.testng.SuiteRunner.privateRun(SuiteRunner.java:401)
	at org.testng.SuiteRunner.run(SuiteRunner.java:364)
	at org.testng.SuiteRunnerWorker.runSuite(SuiteRunnerWorker.java:52)
	at org.testng.SuiteRunnerWorker.run(SuiteRunnerWorker.java:84)
	at org.testng.TestNG.runSuitesSequentially(TestNG.java:1208)
	at org.testng.TestNG.runSuitesLocally(TestNG.java:1137)
	at org.testng.TestNG.runSuites(TestNG.java:1049)
	at org.testng.TestNG.run(TestNG.java:1017)
	at org.testng.remote.AbstractRemoteTestNG.run(AbstractRemoteTestNG.java:115)
	at org.testng.remote.RemoteTestNG.initAndRun(RemoteTestNG.java:251)
	at org.testng.remote.RemoteTestNG.main(RemoteTestNG.java:77)

2022-07-08 15:23:52,794 [main] INFO com.utils.ExcelUtility - java.lang.NullPointerException
	at com.utils.ExcelUtility.getCellData(ExcelUtility.java:311)
	at com.utils._masterVO.loadGatewayCases(_masterVO.java:115)
	at com.utils._masterVO.loadExternalServices(_masterVO.java:448)
	at com.utils._masterVO.loadVO(_masterVO.java:81)
	at com.classes.BaseTest.setupReporter(BaseTest.java:99)
	at sun.reflect.NativeMethodAccessorImpl.invoke0(Native Method)
	at sun.reflect.NativeMethodAccessorImpl.invoke(Unknown Source)
	at sun.reflect.DelegatingMethodAccessorImpl.invoke(Unknown Source)
	at java.lang.reflect.Method.invoke(Unknown Source)
	at org.testng.internal.MethodInvocationHelper.invokeMethod(MethodInvocationHelper.java:124)
	at org.testng.internal.MethodInvocationHelper.invokeMethodConsideringTimeout(MethodInvocationHelper.java:59)
	at org.testng.internal.Invoker.invokeConfigurationMethod(Invoker.java:455)
	at org.testng.internal.Invoker.invokeConfigurations(Invoker.java:222)
	at org.testng.internal.Invoker.invokeConfigurations(Invoker.java:142)
	at org.testng.SuiteRunner.privateRun(SuiteRunner.java:401)
	at org.testng.SuiteRunner.run(SuiteRunner.java:364)
	at org.testng.SuiteRunnerWorker.runSuite(SuiteRunnerWorker.java:52)
	at org.testng.SuiteRunnerWorker.run(SuiteRunnerWorker.java:84)
	at org.testng.TestNG.runSuitesSequentially(TestNG.java:1208)
	at org.testng.TestNG.runSuitesLocally(TestNG.java:1137)
	at org.testng.TestNG.runSuites(TestNG.java:1049)
	at org.testng.TestNG.run(TestNG.java:1017)
	at org.testng.remote.AbstractRemoteTestNG.run(AbstractRemoteTestNG.java:115)
	at org.testng.remote.RemoteTestNG.initAndRun(RemoteTestNG.java:251)
	at org.testng.remote.RemoteTestNG.main(RemoteTestNG.java:77)

2022-07-08 15:23:52,805 [main] INFO com.utils.ExcelUtility - java.lang.NullPointerException
	at com.utils.ExcelUtility.getCellData(ExcelUtility.java:311)
	at com.utils._masterVO.loadGatewayCases(_masterVO.java:115)
	at com.utils._masterVO.loadExternalServices(_masterVO.java:448)
	at com.utils._masterVO.loadVO(_masterVO.java:81)
	at com.classes.BaseTest.setupReporter(BaseTest.java:99)
	at sun.reflect.NativeMethodAccessorImpl.invoke0(Native Method)
	at sun.reflect.NativeMethodAccessorImpl.invoke(Unknown Source)
	at sun.reflect.DelegatingMethodAccessorImpl.invoke(Unknown Source)
	at java.lang.reflect.Method.invoke(Unknown Source)
	at org.testng.internal.MethodInvocationHelper.invokeMethod(MethodInvocationHelper.java:124)
	at org.testng.internal.MethodInvocationHelper.invokeMethodConsideringTimeout(MethodInvocationHelper.java:59)
	at org.testng.internal.Invoker.invokeConfigurationMethod(Invoker.java:455)
	at org.testng.internal.Invoker.invokeConfigurations(Invoker.java:222)
	at org.testng.internal.Invoker.invokeConfigurations(Invoker.java:142)
	at org.testng.SuiteRunner.privateRun(SuiteRunner.java:401)
	at org.testng.SuiteRunner.run(SuiteRunner.java:364)
	at org.testng.SuiteRunnerWorker.runSuite(SuiteRunnerWorker.java:52)
	at org.testng.SuiteRunnerWorker.run(SuiteRunnerWorker.java:84)
	at org.testng.TestNG.runSuitesSequentially(TestNG.java:1208)
	at org.testng.TestNG.runSuitesLocally(TestNG.java:1137)
	at org.testng.TestNG.runSuites(TestNG.java:1049)
	at org.testng.TestNG.run(TestNG.java:1017)
	at org.testng.remote.AbstractRemoteTestNG.run(AbstractRemoteTestNG.java:115)
	at org.testng.remote.RemoteTestNG.initAndRun(RemoteTestNG.java:251)
	at org.testng.remote.RemoteTestNG.main(RemoteTestNG.java:77)

2022-07-08 15:23:52,807 [main] INFO com.utils.ExcelUtility - java.lang.NullPointerException
	at com.utils.ExcelUtility.getCellData(ExcelUtility.java:311)
	at com.utils._masterVO.loadGatewayCases(_masterVO.java:115)
	at com.utils._masterVO.loadExternalServices(_masterVO.java:448)
	at com.utils._masterVO.loadVO(_masterVO.java:81)
	at com.classes.BaseTest.setupReporter(BaseTest.java:99)
	at sun.reflect.NativeMethodAccessorImpl.invoke0(Native Method)
	at sun.reflect.NativeMethodAccessorImpl.invoke(Unknown Source)
	at sun.reflect.DelegatingMethodAccessorImpl.invoke(Unknown Source)
	at java.lang.reflect.Method.invoke(Unknown Source)
	at org.testng.internal.MethodInvocationHelper.invokeMethod(MethodInvocationHelper.java:124)
	at org.testng.internal.MethodInvocationHelper.invokeMethodConsideringTimeout(MethodInvocationHelper.java:59)
	at org.testng.internal.Invoker.invokeConfigurationMethod(Invoker.java:455)
	at org.testng.internal.Invoker.invokeConfigurations(Invoker.java:222)
	at org.testng.internal.Invoker.invokeConfigurations(Invoker.java:142)
	at org.testng.SuiteRunner.privateRun(SuiteRunner.java:401)
	at org.testng.SuiteRunner.run(SuiteRunner.java:364)
	at org.testng.SuiteRunnerWorker.runSuite(SuiteRunnerWorker.java:52)
	at org.testng.SuiteRunnerWorker.run(SuiteRunnerWorker.java:84)
	at org.testng.TestNG.runSuitesSequentially(TestNG.java:1208)
	at org.testng.TestNG.runSuitesLocally(TestNG.java:1137)
	at org.testng.TestNG.runSuites(TestNG.java:1049)
	at org.testng.TestNG.run(TestNG.java:1017)
	at org.testng.remote.AbstractRemoteTestNG.run(AbstractRemoteTestNG.java:115)
	at org.testng.remote.RemoteTestNG.initAndRun(RemoteTestNG.java:251)
	at org.testng.remote.RemoteTestNG.main(RemoteTestNG.java:77)

2022-07-08 15:23:52,808 [main] INFO com.utils.ExcelUtility - java.lang.NullPointerException
	at com.utils.ExcelUtility.getCellData(ExcelUtility.java:311)
	at com.utils._masterVO.loadGatewayCases(_masterVO.java:115)
	at com.utils._masterVO.loadExternalServices(_masterVO.java:448)
	at com.utils._masterVO.loadVO(_masterVO.java:81)
	at com.classes.BaseTest.setupReporter(BaseTest.java:99)
	at sun.reflect.NativeMethodAccessorImpl.invoke0(Native Method)
	at sun.reflect.NativeMethodAccessorImpl.invoke(Unknown Source)
	at sun.reflect.DelegatingMethodAccessorImpl.invoke(Unknown Source)
	at java.lang.reflect.Method.invoke(Unknown Source)
	at org.testng.internal.MethodInvocationHelper.invokeMethod(MethodInvocationHelper.java:124)
	at org.testng.internal.MethodInvocationHelper.invokeMethodConsideringTimeout(MethodInvocationHelper.java:59)
	at org.testng.internal.Invoker.invokeConfigurationMethod(Invoker.java:455)
	at org.testng.internal.Invoker.invokeConfigurations(Invoker.java:222)
	at org.testng.internal.Invoker.invokeConfigurations(Invoker.java:142)
	at org.testng.SuiteRunner.privateRun(SuiteRunner.java:401)
	at org.testng.SuiteRunner.run(SuiteRunner.java:364)
	at org.testng.SuiteRunnerWorker.runSuite(SuiteRunnerWorker.java:52)
	at org.testng.SuiteRunnerWorker.run(SuiteRunnerWorker.java:84)
	at org.testng.TestNG.runSuitesSequentially(TestNG.java:1208)
	at org.testng.TestNG.runSuitesLocally(TestNG.java:1137)
	at org.testng.TestNG.runSuites(TestNG.java:1049)
	at org.testng.TestNG.run(TestNG.java:1017)
	at org.testng.remote.AbstractRemoteTestNG.run(AbstractRemoteTestNG.java:115)
	at org.testng.remote.RemoteTestNG.initAndRun(RemoteTestNG.java:251)
	at org.testng.remote.RemoteTestNG.main(RemoteTestNG.java:77)

2022-07-08 15:23:52,808 [main] INFO com.utils.ExcelUtility - java.lang.NullPointerException
	at com.utils.ExcelUtility.getCellData(ExcelUtility.java:311)
	at com.utils._masterVO.loadGatewayCases(_masterVO.java:115)
	at com.utils._masterVO.loadExternalServices(_masterVO.java:448)
	at com.utils._masterVO.loadVO(_masterVO.java:81)
	at com.classes.BaseTest.setupReporter(BaseTest.java:99)
	at sun.reflect.NativeMethodAccessorImpl.invoke0(Native Method)
	at sun.reflect.NativeMethodAccessorImpl.invoke(Unknown Source)
	at sun.reflect.DelegatingMethodAccessorImpl.invoke(Unknown Source)
	at java.lang.reflect.Method.invoke(Unknown Source)
	at org.testng.internal.MethodInvocationHelper.invokeMethod(MethodInvocationHelper.java:124)
	at org.testng.internal.MethodInvocationHelper.invokeMethodConsideringTimeout(MethodInvocationHelper.java:59)
	at org.testng.internal.Invoker.invokeConfigurationMethod(Invoker.java:455)
	at org.testng.internal.Invoker.invokeConfigurations(Invoker.java:222)
	at org.testng.internal.Invoker.invokeConfigurations(Invoker.java:142)
	at org.testng.SuiteRunner.privateRun(SuiteRunner.java:401)
	at org.testng.SuiteRunner.run(SuiteRunner.java:364)
	at org.testng.SuiteRunnerWorker.runSuite(SuiteRunnerWorker.java:52)
	at org.testng.SuiteRunnerWorker.run(SuiteRunnerWorker.java:84)
	at org.testng.TestNG.runSuitesSequentially(TestNG.java:1208)
	at org.testng.TestNG.runSuitesLocally(TestNG.java:1137)
	at org.testng.TestNG.runSuites(TestNG.java:1049)
	at org.testng.TestNG.run(TestNG.java:1017)
	at org.testng.remote.AbstractRemoteTestNG.run(AbstractRemoteTestNG.java:115)
	at org.testng.remote.RemoteTestNG.initAndRun(RemoteTestNG.java:251)
	at org.testng.remote.RemoteTestNG.main(RemoteTestNG.java:77)

2022-07-08 15:23:52,809 [main] INFO com.utils.ExcelUtility - java.lang.NullPointerException
	at com.utils.ExcelUtility.getCellData(ExcelUtility.java:311)
	at com.utils._masterVO.loadGatewayCases(_masterVO.java:115)
	at com.utils._masterVO.loadExternalServices(_masterVO.java:448)
	at com.utils._masterVO.loadVO(_masterVO.java:81)
	at com.classes.BaseTest.setupReporter(BaseTest.java:99)
	at sun.reflect.NativeMethodAccessorImpl.invoke0(Native Method)
	at sun.reflect.NativeMethodAccessorImpl.invoke(Unknown Source)
	at sun.reflect.DelegatingMethodAccessorImpl.invoke(Unknown Source)
	at java.lang.reflect.Method.invoke(Unknown Source)
	at org.testng.internal.MethodInvocationHelper.invokeMethod(MethodInvocationHelper.java:124)
	at org.testng.internal.MethodInvocationHelper.invokeMethodConsideringTimeout(MethodInvocationHelper.java:59)
	at org.testng.internal.Invoker.invokeConfigurationMethod(Invoker.java:455)
	at org.testng.internal.Invoker.invokeConfigurations(Invoker.java:222)
	at org.testng.internal.Invoker.invokeConfigurations(Invoker.java:142)
	at org.testng.SuiteRunner.privateRun(SuiteRunner.java:401)
	at org.testng.SuiteRunner.run(SuiteRunner.java:364)
	at org.testng.SuiteRunnerWorker.runSuite(SuiteRunnerWorker.java:52)
	at org.testng.SuiteRunnerWorker.run(SuiteRunnerWorker.java:84)
	at org.testng.TestNG.runSuitesSequentially(TestNG.java:1208)
	at org.testng.TestNG.runSuitesLocally(TestNG.java:1137)
	at org.testng.TestNG.runSuites(TestNG.java:1049)
	at org.testng.TestNG.run(TestNG.java:1017)
	at org.testng.remote.AbstractRemoteTestNG.run(AbstractRemoteTestNG.java:115)
	at org.testng.remote.RemoteTestNG.initAndRun(RemoteTestNG.java:251)
	at org.testng.remote.RemoteTestNG.main(RemoteTestNG.java:77)

2022-07-08 15:23:52,810 [main] INFO com.utils.ExcelUtility - java.lang.NullPointerException
	at com.utils.ExcelUtility.getCellData(ExcelUtility.java:311)
	at com.utils._masterVO.loadGatewayCases(_masterVO.java:115)
	at com.utils._masterVO.loadExternalServices(_masterVO.java:448)
	at com.utils._masterVO.loadVO(_masterVO.java:81)
	at com.classes.BaseTest.setupReporter(BaseTest.java:99)
	at sun.reflect.NativeMethodAccessorImpl.invoke0(Native Method)
	at sun.reflect.NativeMethodAccessorImpl.invoke(Unknown Source)
	at sun.reflect.DelegatingMethodAccessorImpl.invoke(Unknown Source)
	at java.lang.reflect.Method.invoke(Unknown Source)
	at org.testng.internal.MethodInvocationHelper.invokeMethod(MethodInvocationHelper.java:124)
	at org.testng.internal.MethodInvocationHelper.invokeMethodConsideringTimeout(MethodInvocationHelper.java:59)
	at org.testng.internal.Invoker.invokeConfigurationMethod(Invoker.java:455)
	at org.testng.internal.Invoker.invokeConfigurations(Invoker.java:222)
	at org.testng.internal.Invoker.invokeConfigurations(Invoker.java:142)
	at org.testng.SuiteRunner.privateRun(SuiteRunner.java:401)
	at org.testng.SuiteRunner.run(SuiteRunner.java:364)
	at org.testng.SuiteRunnerWorker.runSuite(SuiteRunnerWorker.java:52)
	at org.testng.SuiteRunnerWorker.run(SuiteRunnerWorker.java:84)
	at org.testng.TestNG.runSuitesSequentially(TestNG.java:1208)
	at org.testng.TestNG.runSuitesLocally(TestNG.java:1137)
	at org.testng.TestNG.runSuites(TestNG.java:1049)
	at org.testng.TestNG.run(TestNG.java:1017)
	at org.testng.remote.AbstractRemoteTestNG.run(AbstractRemoteTestNG.java:115)
	at org.testng.remote.RemoteTestNG.initAndRun(RemoteTestNG.java:251)
	at org.testng.remote.RemoteTestNG.main(RemoteTestNG.java:77)

2022-07-08 15:23:52,810 [main] INFO com.utils.ExcelUtility - java.lang.NullPointerException
	at com.utils.ExcelUtility.getCellData(ExcelUtility.java:311)
	at com.utils._masterVO.loadGatewayCases(_masterVO.java:115)
	at com.utils._masterVO.loadExternalServices(_masterVO.java:448)
	at com.utils._masterVO.loadVO(_masterVO.java:81)
	at com.classes.BaseTest.setupReporter(BaseTest.java:99)
	at sun.reflect.NativeMethodAccessorImpl.invoke0(Native Method)
	at sun.reflect.NativeMethodAccessorImpl.invoke(Unknown Source)
	at sun.reflect.DelegatingMethodAccessorImpl.invoke(Unknown Source)
	at java.lang.reflect.Method.invoke(Unknown Source)
	at org.testng.internal.MethodInvocationHelper.invokeMethod(MethodInvocationHelper.java:124)
	at org.testng.internal.MethodInvocationHelper.invokeMethodConsideringTimeout(MethodInvocationHelper.java:59)
	at org.testng.internal.Invoker.invokeConfigurationMethod(Invoker.java:455)
	at org.testng.internal.Invoker.invokeConfigurations(Invoker.java:222)
	at org.testng.internal.Invoker.invokeConfigurations(Invoker.java:142)
	at org.testng.SuiteRunner.privateRun(SuiteRunner.java:401)
	at org.testng.SuiteRunner.run(SuiteRunner.java:364)
	at org.testng.SuiteRunnerWorker.runSuite(SuiteRunnerWorker.java:52)
	at org.testng.SuiteRunnerWorker.run(SuiteRunnerWorker.java:84)
	at org.testng.TestNG.runSuitesSequentially(TestNG.java:1208)
	at org.testng.TestNG.runSuitesLocally(TestNG.java:1137)
	at org.testng.TestNG.runSuites(TestNG.java:1049)
	at org.testng.TestNG.run(TestNG.java:1017)
	at org.testng.remote.AbstractRemoteTestNG.run(AbstractRemoteTestNG.java:115)
	at org.testng.remote.RemoteTestNG.initAndRun(RemoteTestNG.java:251)
	at org.testng.remote.RemoteTestNG.main(RemoteTestNG.java:77)

2022-07-08 15:23:52,810 [main] INFO com.utils.ExcelUtility - java.lang.NullPointerException
	at com.utils.ExcelUtility.getCellData(ExcelUtility.java:311)
	at com.utils._masterVO.loadGatewayCases(_masterVO.java:115)
	at com.utils._masterVO.loadExternalServices(_masterVO.java:448)
	at com.utils._masterVO.loadVO(_masterVO.java:81)
	at com.classes.BaseTest.setupReporter(BaseTest.java:99)
	at sun.reflect.NativeMethodAccessorImpl.invoke0(Native Method)
	at sun.reflect.NativeMethodAccessorImpl.invoke(Unknown Source)
	at sun.reflect.DelegatingMethodAccessorImpl.invoke(Unknown Source)
	at java.lang.reflect.Method.invoke(Unknown Source)
	at org.testng.internal.MethodInvocationHelper.invokeMethod(MethodInvocationHelper.java:124)
	at org.testng.internal.MethodInvocationHelper.invokeMethodConsideringTimeout(MethodInvocationHelper.java:59)
	at org.testng.internal.Invoker.invokeConfigurationMethod(Invoker.java:455)
	at org.testng.internal.Invoker.invokeConfigurations(Invoker.java:222)
	at org.testng.internal.Invoker.invokeConfigurations(Invoker.java:142)
	at org.testng.SuiteRunner.privateRun(SuiteRunner.java:401)
	at org.testng.SuiteRunner.run(SuiteRunner.java:364)
	at org.testng.SuiteRunnerWorker.runSuite(SuiteRunnerWorker.java:52)
	at org.testng.SuiteRunnerWorker.run(SuiteRunnerWorker.java:84)
	at org.testng.TestNG.runSuitesSequentially(TestNG.java:1208)
	at org.testng.TestNG.runSuitesLocally(TestNG.java:1137)
	at org.testng.TestNG.runSuites(TestNG.java:1049)
	at org.testng.TestNG.run(TestNG.java:1017)
	at org.testng.remote.AbstractRemoteTestNG.run(AbstractRemoteTestNG.java:115)
	at org.testng.remote.RemoteTestNG.initAndRun(RemoteTestNG.java:251)
	at org.testng.remote.RemoteTestNG.main(RemoteTestNG.java:77)

2022-07-08 15:23:52,811 [main] INFO com.utils.ExcelUtility - java.lang.NullPointerException
	at com.utils.ExcelUtility.getCellData(ExcelUtility.java:311)
	at com.utils._masterVO.loadGatewayCases(_masterVO.java:115)
	at com.utils._masterVO.loadExternalServices(_masterVO.java:448)
	at com.utils._masterVO.loadVO(_masterVO.java:81)
	at com.classes.BaseTest.setupReporter(BaseTest.java:99)
	at sun.reflect.NativeMethodAccessorImpl.invoke0(Native Method)
	at sun.reflect.NativeMethodAccessorImpl.invoke(Unknown Source)
	at sun.reflect.DelegatingMethodAccessorImpl.invoke(Unknown Source)
	at java.lang.reflect.Method.invoke(Unknown Source)
	at org.testng.internal.MethodInvocationHelper.invokeMethod(MethodInvocationHelper.java:124)
	at org.testng.internal.MethodInvocationHelper.invokeMethodConsideringTimeout(MethodInvocationHelper.java:59)
	at org.testng.internal.Invoker.invokeConfigurationMethod(Invoker.java:455)
	at org.testng.internal.Invoker.invokeConfigurations(Invoker.java:222)
	at org.testng.internal.Invoker.invokeConfigurations(Invoker.java:142)
	at org.testng.SuiteRunner.privateRun(SuiteRunner.java:401)
	at org.testng.SuiteRunner.run(SuiteRunner.java:364)
	at org.testng.SuiteRunnerWorker.runSuite(SuiteRunnerWorker.java:52)
	at org.testng.SuiteRunnerWorker.run(SuiteRunnerWorker.java:84)
	at org.testng.TestNG.runSuitesSequentially(TestNG.java:1208)
	at org.testng.TestNG.runSuitesLocally(TestNG.java:1137)
	at org.testng.TestNG.runSuites(TestNG.java:1049)
	at org.testng.TestNG.run(TestNG.java:1017)
	at org.testng.remote.AbstractRemoteTestNG.run(AbstractRemoteTestNG.java:115)
	at org.testng.remote.RemoteTestNG.initAndRun(RemoteTestNG.java:251)
	at org.testng.remote.RemoteTestNG.main(RemoteTestNG.java:77)

2022-07-08 15:23:52,811 [main] INFO com.utils.ExcelUtility - java.lang.NullPointerException
	at com.utils.ExcelUtility.getCellData(ExcelUtility.java:311)
	at com.utils._masterVO.loadGatewayCases(_masterVO.java:115)
	at com.utils._masterVO.loadExternalServices(_masterVO.java:448)
	at com.utils._masterVO.loadVO(_masterVO.java:81)
	at com.classes.BaseTest.setupReporter(BaseTest.java:99)
	at sun.reflect.NativeMethodAccessorImpl.invoke0(Native Method)
	at sun.reflect.NativeMethodAccessorImpl.invoke(Unknown Source)
	at sun.reflect.DelegatingMethodAccessorImpl.invoke(Unknown Source)
	at java.lang.reflect.Method.invoke(Unknown Source)
	at org.testng.internal.MethodInvocationHelper.invokeMethod(MethodInvocationHelper.java:124)
	at org.testng.internal.MethodInvocationHelper.invokeMethodConsideringTimeout(MethodInvocationHelper.java:59)
	at org.testng.internal.Invoker.invokeConfigurationMethod(Invoker.java:455)
	at org.testng.internal.Invoker.invokeConfigurations(Invoker.java:222)
	at org.testng.internal.Invoker.invokeConfigurations(Invoker.java:142)
	at org.testng.SuiteRunner.privateRun(SuiteRunner.java:401)
	at org.testng.SuiteRunner.run(SuiteRunner.java:364)
	at org.testng.SuiteRunnerWorker.runSuite(SuiteRunnerWorker.java:52)
	at org.testng.SuiteRunnerWorker.run(SuiteRunnerWorker.java:84)
	at org.testng.TestNG.runSuitesSequentially(TestNG.java:1208)
	at org.testng.TestNG.runSuitesLocally(TestNG.java:1137)
	at org.testng.TestNG.runSuites(TestNG.java:1049)
	at org.testng.TestNG.run(TestNG.java:1017)
	at org.testng.remote.AbstractRemoteTestNG.run(AbstractRemoteTestNG.java:115)
	at org.testng.remote.RemoteTestNG.initAndRun(RemoteTestNG.java:251)
	at org.testng.remote.RemoteTestNG.main(RemoteTestNG.java:77)

2022-07-08 15:23:52,811 [main] INFO com.utils.ExcelUtility - java.lang.NullPointerException
	at com.utils.ExcelUtility.getCellData(ExcelUtility.java:311)
	at com.utils._masterVO.loadGatewayCases(_masterVO.java:115)
	at com.utils._masterVO.loadExternalServices(_masterVO.java:448)
	at com.utils._masterVO.loadVO(_masterVO.java:81)
	at com.classes.BaseTest.setupReporter(BaseTest.java:99)
	at sun.reflect.NativeMethodAccessorImpl.invoke0(Native Method)
	at sun.reflect.NativeMethodAccessorImpl.invoke(Unknown Source)
	at sun.reflect.DelegatingMethodAccessorImpl.invoke(Unknown Source)
	at java.lang.reflect.Method.invoke(Unknown Source)
	at org.testng.internal.MethodInvocationHelper.invokeMethod(MethodInvocationHelper.java:124)
	at org.testng.internal.MethodInvocationHelper.invokeMethodConsideringTimeout(MethodInvocationHelper.java:59)
	at org.testng.internal.Invoker.invokeConfigurationMethod(Invoker.java:455)
	at org.testng.internal.Invoker.invokeConfigurations(Invoker.java:222)
	at org.testng.internal.Invoker.invokeConfigurations(Invoker.java:142)
	at org.testng.SuiteRunner.privateRun(SuiteRunner.java:401)
	at org.testng.SuiteRunner.run(SuiteRunner.java:364)
	at org.testng.SuiteRunnerWorker.runSuite(SuiteRunnerWorker.java:52)
	at org.testng.SuiteRunnerWorker.run(SuiteRunnerWorker.java:84)
	at org.testng.TestNG.runSuitesSequentially(TestNG.java:1208)
	at org.testng.TestNG.runSuitesLocally(TestNG.java:1137)
	at org.testng.TestNG.runSuites(TestNG.java:1049)
	at org.testng.TestNG.run(TestNG.java:1017)
	at org.testng.remote.AbstractRemoteTestNG.run(AbstractRemoteTestNG.java:115)
	at org.testng.remote.RemoteTestNG.initAndRun(RemoteTestNG.java:251)
	at org.testng.remote.RemoteTestNG.main(RemoteTestNG.java:77)

2022-07-08 15:23:52,812 [main] INFO com.utils.ExcelUtility - java.lang.NullPointerException
	at com.utils.ExcelUtility.getCellData(ExcelUtility.java:311)
	at com.utils._masterVO.loadGatewayCases(_masterVO.java:115)
	at com.utils._masterVO.loadExternalServices(_masterVO.java:448)
	at com.utils._masterVO.loadVO(_masterVO.java:81)
	at com.classes.BaseTest.setupReporter(BaseTest.java:99)
	at sun.reflect.NativeMethodAccessorImpl.invoke0(Native Method)
	at sun.reflect.NativeMethodAccessorImpl.invoke(Unknown Source)
	at sun.reflect.DelegatingMethodAccessorImpl.invoke(Unknown Source)
	at java.lang.reflect.Method.invoke(Unknown Source)
	at org.testng.internal.MethodInvocationHelper.invokeMethod(MethodInvocationHelper.java:124)
	at org.testng.internal.MethodInvocationHelper.invokeMethodConsideringTimeout(MethodInvocationHelper.java:59)
	at org.testng.internal.Invoker.invokeConfigurationMethod(Invoker.java:455)
	at org.testng.internal.Invoker.invokeConfigurations(Invoker.java:222)
	at org.testng.internal.Invoker.invokeConfigurations(Invoker.java:142)
	at org.testng.SuiteRunner.privateRun(SuiteRunner.java:401)
	at org.testng.SuiteRunner.run(SuiteRunner.java:364)
	at org.testng.SuiteRunnerWorker.runSuite(SuiteRunnerWorker.java:52)
	at org.testng.SuiteRunnerWorker.run(SuiteRunnerWorker.java:84)
	at org.testng.TestNG.runSuitesSequentially(TestNG.java:1208)
	at org.testng.TestNG.runSuitesLocally(TestNG.java:1137)
	at org.testng.TestNG.runSuites(TestNG.java:1049)
	at org.testng.TestNG.run(TestNG.java:1017)
	at org.testng.remote.AbstractRemoteTestNG.run(AbstractRemoteTestNG.java:115)
	at org.testng.remote.RemoteTestNG.initAndRun(RemoteTestNG.java:251)
	at org.testng.remote.RemoteTestNG.main(RemoteTestNG.java:77)

2022-07-08 15:23:52,812 [main] INFO com.utils.ExcelUtility - java.lang.NullPointerException
	at com.utils.ExcelUtility.getCellData(ExcelUtility.java:311)
	at com.utils._masterVO.loadGatewayCases(_masterVO.java:115)
	at com.utils._masterVO.loadExternalServices(_masterVO.java:448)
	at com.utils._masterVO.loadVO(_masterVO.java:81)
	at com.classes.BaseTest.setupReporter(BaseTest.java:99)
	at sun.reflect.NativeMethodAccessorImpl.invoke0(Native Method)
	at sun.reflect.NativeMethodAccessorImpl.invoke(Unknown Source)
	at sun.reflect.DelegatingMethodAccessorImpl.invoke(Unknown Source)
	at java.lang.reflect.Method.invoke(Unknown Source)
	at org.testng.internal.MethodInvocationHelper.invokeMethod(MethodInvocationHelper.java:124)
	at org.testng.internal.MethodInvocationHelper.invokeMethodConsideringTimeout(MethodInvocationHelper.java:59)
	at org.testng.internal.Invoker.invokeConfigurationMethod(Invoker.java:455)
	at org.testng.internal.Invoker.invokeConfigurations(Invoker.java:222)
	at org.testng.internal.Invoker.invokeConfigurations(Invoker.java:142)
	at org.testng.SuiteRunner.privateRun(SuiteRunner.java:401)
	at org.testng.SuiteRunner.run(SuiteRunner.java:364)
	at org.testng.SuiteRunnerWorker.runSuite(SuiteRunnerWorker.java:52)
	at org.testng.SuiteRunnerWorker.run(SuiteRunnerWorker.java:84)
	at org.testng.TestNG.runSuitesSequentially(TestNG.java:1208)
	at org.testng.TestNG.runSuitesLocally(TestNG.java:1137)
	at org.testng.TestNG.runSuites(TestNG.java:1049)
	at org.testng.TestNG.run(TestNG.java:1017)
	at org.testng.remote.AbstractRemoteTestNG.run(AbstractRemoteTestNG.java:115)
	at org.testng.remote.RemoteTestNG.initAndRun(RemoteTestNG.java:251)
	at org.testng.remote.RemoteTestNG.main(RemoteTestNG.java:77)

2022-07-08 15:23:52,814 [main] INFO com.utils.ExcelUtility - java.lang.NullPointerException
	at com.utils.ExcelUtility.getCellData(ExcelUtility.java:311)
	at com.utils._masterVO.loadGatewayCases(_masterVO.java:115)
	at com.utils._masterVO.loadExternalServices(_masterVO.java:448)
	at com.utils._masterVO.loadVO(_masterVO.java:81)
	at com.classes.BaseTest.setupReporter(BaseTest.java:99)
	at sun.reflect.NativeMethodAccessorImpl.invoke0(Native Method)
	at sun.reflect.NativeMethodAccessorImpl.invoke(Unknown Source)
	at sun.reflect.DelegatingMethodAccessorImpl.invoke(Unknown Source)
	at java.lang.reflect.Method.invoke(Unknown Source)
	at org.testng.internal.MethodInvocationHelper.invokeMethod(MethodInvocationHelper.java:124)
	at org.testng.internal.MethodInvocationHelper.invokeMethodConsideringTimeout(MethodInvocationHelper.java:59)
	at org.testng.internal.Invoker.invokeConfigurationMethod(Invoker.java:455)
	at org.testng.internal.Invoker.invokeConfigurations(Invoker.java:222)
	at org.testng.internal.Invoker.invokeConfigurations(Invoker.java:142)
	at org.testng.SuiteRunner.privateRun(SuiteRunner.java:401)
	at org.testng.SuiteRunner.run(SuiteRunner.java:364)
	at org.testng.SuiteRunnerWorker.runSuite(SuiteRunnerWorker.java:52)
	at org.testng.SuiteRunnerWorker.run(SuiteRunnerWorker.java:84)
	at org.testng.TestNG.runSuitesSequentially(TestNG.java:1208)
	at org.testng.TestNG.runSuitesLocally(TestNG.java:1137)
	at org.testng.TestNG.runSuites(TestNG.java:1049)
	at org.testng.TestNG.run(TestNG.java:1017)
	at org.testng.remote.AbstractRemoteTestNG.run(AbstractRemoteTestNG.java:115)
	at org.testng.remote.RemoteTestNG.initAndRun(RemoteTestNG.java:251)
	at org.testng.remote.RemoteTestNG.main(RemoteTestNG.java:77)

2022-07-08 15:23:52,814 [main] INFO com.utils.ExcelUtility - java.lang.NullPointerException
	at com.utils.ExcelUtility.getCellData(ExcelUtility.java:311)
	at com.utils._masterVO.loadGatewayCases(_masterVO.java:115)
	at com.utils._masterVO.loadExternalServices(_masterVO.java:448)
	at com.utils._masterVO.loadVO(_masterVO.java:81)
	at com.classes.BaseTest.setupReporter(BaseTest.java:99)
	at sun.reflect.NativeMethodAccessorImpl.invoke0(Native Method)
	at sun.reflect.NativeMethodAccessorImpl.invoke(Unknown Source)
	at sun.reflect.DelegatingMethodAccessorImpl.invoke(Unknown Source)
	at java.lang.reflect.Method.invoke(Unknown Source)
	at org.testng.internal.MethodInvocationHelper.invokeMethod(MethodInvocationHelper.java:124)
	at org.testng.internal.MethodInvocationHelper.invokeMethodConsideringTimeout(MethodInvocationHelper.java:59)
	at org.testng.internal.Invoker.invokeConfigurationMethod(Invoker.java:455)
	at org.testng.internal.Invoker.invokeConfigurations(Invoker.java:222)
	at org.testng.internal.Invoker.invokeConfigurations(Invoker.java:142)
	at org.testng.SuiteRunner.privateRun(SuiteRunner.java:401)
	at org.testng.SuiteRunner.run(SuiteRunner.java:364)
	at org.testng.SuiteRunnerWorker.runSuite(SuiteRunnerWorker.java:52)
	at org.testng.SuiteRunnerWorker.run(SuiteRunnerWorker.java:84)
	at org.testng.TestNG.runSuitesSequentially(TestNG.java:1208)
	at org.testng.TestNG.runSuitesLocally(TestNG.java:1137)
	at org.testng.TestNG.runSuites(TestNG.java:1049)
	at org.testng.TestNG.run(TestNG.java:1017)
	at org.testng.remote.AbstractRemoteTestNG.run(AbstractRemoteTestNG.java:115)
	at org.testng.remote.RemoteTestNG.initAndRun(RemoteTestNG.java:251)
	at org.testng.remote.RemoteTestNG.main(RemoteTestNG.java:77)

2022-07-08 15:23:52,814 [main] INFO com.utils.ExcelUtility - java.lang.NullPointerException
	at com.utils.ExcelUtility.getCellData(ExcelUtility.java:311)
	at com.utils._masterVO.loadGatewayCases(_masterVO.java:115)
	at com.utils._masterVO.loadExternalServices(_masterVO.java:448)
	at com.utils._masterVO.loadVO(_masterVO.java:81)
	at com.classes.BaseTest.setupReporter(BaseTest.java:99)
	at sun.reflect.NativeMethodAccessorImpl.invoke0(Native Method)
	at sun.reflect.NativeMethodAccessorImpl.invoke(Unknown Source)
	at sun.reflect.DelegatingMethodAccessorImpl.invoke(Unknown Source)
	at java.lang.reflect.Method.invoke(Unknown Source)
	at org.testng.internal.MethodInvocationHelper.invokeMethod(MethodInvocationHelper.java:124)
	at org.testng.internal.MethodInvocationHelper.invokeMethodConsideringTimeout(MethodInvocationHelper.java:59)
	at org.testng.internal.Invoker.invokeConfigurationMethod(Invoker.java:455)
	at org.testng.internal.Invoker.invokeConfigurations(Invoker.java:222)
	at org.testng.internal.Invoker.invokeConfigurations(Invoker.java:142)
	at org.testng.SuiteRunner.privateRun(SuiteRunner.java:401)
	at org.testng.SuiteRunner.run(SuiteRunner.java:364)
	at org.testng.SuiteRunnerWorker.runSuite(SuiteRunnerWorker.java:52)
	at org.testng.SuiteRunnerWorker.run(SuiteRunnerWorker.java:84)
	at org.testng.TestNG.runSuitesSequentially(TestNG.java:1208)
	at org.testng.TestNG.runSuitesLocally(TestNG.java:1137)
	at org.testng.TestNG.runSuites(TestNG.java:1049)
	at org.testng.TestNG.run(TestNG.java:1017)
	at org.testng.remote.AbstractRemoteTestNG.run(AbstractRemoteTestNG.java:115)
	at org.testng.remote.RemoteTestNG.initAndRun(RemoteTestNG.java:251)
	at org.testng.remote.RemoteTestNG.main(RemoteTestNG.java:77)

2022-07-08 15:23:52,815 [main] INFO com.utils.ExcelUtility - java.lang.NullPointerException
	at com.utils.ExcelUtility.getCellData(ExcelUtility.java:311)
	at com.utils._masterVO.loadGatewayCases(_masterVO.java:115)
	at com.utils._masterVO.loadExternalServices(_masterVO.java:448)
	at com.utils._masterVO.loadVO(_masterVO.java:81)
	at com.classes.BaseTest.setupReporter(BaseTest.java:99)
	at sun.reflect.NativeMethodAccessorImpl.invoke0(Native Method)
	at sun.reflect.NativeMethodAccessorImpl.invoke(Unknown Source)
	at sun.reflect.DelegatingMethodAccessorImpl.invoke(Unknown Source)
	at java.lang.reflect.Method.invoke(Unknown Source)
	at org.testng.internal.MethodInvocationHelper.invokeMethod(MethodInvocationHelper.java:124)
	at org.testng.internal.MethodInvocationHelper.invokeMethodConsideringTimeout(MethodInvocationHelper.java:59)
	at org.testng.internal.Invoker.invokeConfigurationMethod(Invoker.java:455)
	at org.testng.internal.Invoker.invokeConfigurations(Invoker.java:222)
	at org.testng.internal.Invoker.invokeConfigurations(Invoker.java:142)
	at org.testng.SuiteRunner.privateRun(SuiteRunner.java:401)
	at org.testng.SuiteRunner.run(SuiteRunner.java:364)
	at org.testng.SuiteRunnerWorker.runSuite(SuiteRunnerWorker.java:52)
	at org.testng.SuiteRunnerWorker.run(SuiteRunnerWorker.java:84)
	at org.testng.TestNG.runSuitesSequentially(TestNG.java:1208)
	at org.testng.TestNG.runSuitesLocally(TestNG.java:1137)
	at org.testng.TestNG.runSuites(TestNG.java:1049)
	at org.testng.TestNG.run(TestNG.java:1017)
	at org.testng.remote.AbstractRemoteTestNG.run(AbstractRemoteTestNG.java:115)
	at org.testng.remote.RemoteTestNG.initAndRun(RemoteTestNG.java:251)
	at org.testng.remote.RemoteTestNG.main(RemoteTestNG.java:77)

2022-07-08 15:23:52,815 [main] INFO com.utils.ExcelUtility - java.lang.NullPointerException
	at com.utils.ExcelUtility.getCellData(ExcelUtility.java:311)
	at com.utils._masterVO.loadGatewayCases(_masterVO.java:115)
	at com.utils._masterVO.loadExternalServices(_masterVO.java:448)
	at com.utils._masterVO.loadVO(_masterVO.java:81)
	at com.classes.BaseTest.setupReporter(BaseTest.java:99)
	at sun.reflect.NativeMethodAccessorImpl.invoke0(Native Method)
	at sun.reflect.NativeMethodAccessorImpl.invoke(Unknown Source)
	at sun.reflect.DelegatingMethodAccessorImpl.invoke(Unknown Source)
	at java.lang.reflect.Method.invoke(Unknown Source)
	at org.testng.internal.MethodInvocationHelper.invokeMethod(MethodInvocationHelper.java:124)
	at org.testng.internal.MethodInvocationHelper.invokeMethodConsideringTimeout(MethodInvocationHelper.java:59)
	at org.testng.internal.Invoker.invokeConfigurationMethod(Invoker.java:455)
	at org.testng.internal.Invoker.invokeConfigurations(Invoker.java:222)
	at org.testng.internal.Invoker.invokeConfigurations(Invoker.java:142)
	at org.testng.SuiteRunner.privateRun(SuiteRunner.java:401)
	at org.testng.SuiteRunner.run(SuiteRunner.java:364)
	at org.testng.SuiteRunnerWorker.runSuite(SuiteRunnerWorker.java:52)
	at org.testng.SuiteRunnerWorker.run(SuiteRunnerWorker.java:84)
	at org.testng.TestNG.runSuitesSequentially(TestNG.java:1208)
	at org.testng.TestNG.runSuitesLocally(TestNG.java:1137)
	at org.testng.TestNG.runSuites(TestNG.java:1049)
	at org.testng.TestNG.run(TestNG.java:1017)
	at org.testng.remote.AbstractRemoteTestNG.run(AbstractRemoteTestNG.java:115)
	at org.testng.remote.RemoteTestNG.initAndRun(RemoteTestNG.java:251)
	at org.testng.remote.RemoteTestNG.main(RemoteTestNG.java:77)

2022-07-08 15:23:52,816 [main] INFO com.utils.ExcelUtility - java.lang.NullPointerException
	at com.utils.ExcelUtility.getCellData(ExcelUtility.java:311)
	at com.utils._masterVO.loadGatewayCases(_masterVO.java:115)
	at com.utils._masterVO.loadExternalServices(_masterVO.java:448)
	at com.utils._masterVO.loadVO(_masterVO.java:81)
	at com.classes.BaseTest.setupReporter(BaseTest.java:99)
	at sun.reflect.NativeMethodAccessorImpl.invoke0(Native Method)
	at sun.reflect.NativeMethodAccessorImpl.invoke(Unknown Source)
	at sun.reflect.DelegatingMethodAccessorImpl.invoke(Unknown Source)
	at java.lang.reflect.Method.invoke(Unknown Source)
	at org.testng.internal.MethodInvocationHelper.invokeMethod(MethodInvocationHelper.java:124)
	at org.testng.internal.MethodInvocationHelper.invokeMethodConsideringTimeout(MethodInvocationHelper.java:59)
	at org.testng.internal.Invoker.invokeConfigurationMethod(Invoker.java:455)
	at org.testng.internal.Invoker.invokeConfigurations(Invoker.java:222)
	at org.testng.internal.Invoker.invokeConfigurations(Invoker.java:142)
	at org.testng.SuiteRunner.privateRun(SuiteRunner.java:401)
	at org.testng.SuiteRunner.run(SuiteRunner.java:364)
	at org.testng.SuiteRunnerWorker.runSuite(SuiteRunnerWorker.java:52)
	at org.testng.SuiteRunnerWorker.run(SuiteRunnerWorker.java:84)
	at org.testng.TestNG.runSuitesSequentially(TestNG.java:1208)
	at org.testng.TestNG.runSuitesLocally(TestNG.java:1137)
	at org.testng.TestNG.runSuites(TestNG.java:1049)
	at org.testng.TestNG.run(TestNG.java:1017)
	at org.testng.remote.AbstractRemoteTestNG.run(AbstractRemoteTestNG.java:115)
	at org.testng.remote.RemoteTestNG.initAndRun(RemoteTestNG.java:251)
	at org.testng.remote.RemoteTestNG.main(RemoteTestNG.java:77)

2022-07-08 15:23:52,816 [main] INFO com.utils.ExcelUtility - java.lang.NullPointerException
	at com.utils.ExcelUtility.getCellData(ExcelUtility.java:311)
	at com.utils._masterVO.loadGatewayCases(_masterVO.java:115)
	at com.utils._masterVO.loadExternalServices(_masterVO.java:448)
	at com.utils._masterVO.loadVO(_masterVO.java:81)
	at com.classes.BaseTest.setupReporter(BaseTest.java:99)
	at sun.reflect.NativeMethodAccessorImpl.invoke0(Native Method)
	at sun.reflect.NativeMethodAccessorImpl.invoke(Unknown Source)
	at sun.reflect.DelegatingMethodAccessorImpl.invoke(Unknown Source)
	at java.lang.reflect.Method.invoke(Unknown Source)
	at org.testng.internal.MethodInvocationHelper.invokeMethod(MethodInvocationHelper.java:124)
	at org.testng.internal.MethodInvocationHelper.invokeMethodConsideringTimeout(MethodInvocationHelper.java:59)
	at org.testng.internal.Invoker.invokeConfigurationMethod(Invoker.java:455)
	at org.testng.internal.Invoker.invokeConfigurations(Invoker.java:222)
	at org.testng.internal.Invoker.invokeConfigurations(Invoker.java:142)
	at org.testng.SuiteRunner.privateRun(SuiteRunner.java:401)
	at org.testng.SuiteRunner.run(SuiteRunner.java:364)
	at org.testng.SuiteRunnerWorker.runSuite(SuiteRunnerWorker.java:52)
	at org.testng.SuiteRunnerWorker.run(SuiteRunnerWorker.java:84)
	at org.testng.TestNG.runSuitesSequentially(TestNG.java:1208)
	at org.testng.TestNG.runSuitesLocally(TestNG.java:1137)
	at org.testng.TestNG.runSuites(TestNG.java:1049)
	at org.testng.TestNG.run(TestNG.java:1017)
	at org.testng.remote.AbstractRemoteTestNG.run(AbstractRemoteTestNG.java:115)
	at org.testng.remote.RemoteTestNG.initAndRun(RemoteTestNG.java:251)
	at org.testng.remote.RemoteTestNG.main(RemoteTestNG.java:77)

2022-07-08 15:23:52,816 [main] INFO com.utils.ExcelUtility - java.lang.NullPointerException
	at com.utils.ExcelUtility.getCellData(ExcelUtility.java:311)
	at com.utils._masterVO.loadGatewayCases(_masterVO.java:115)
	at com.utils._masterVO.loadExternalServices(_masterVO.java:448)
	at com.utils._masterVO.loadVO(_masterVO.java:81)
	at com.classes.BaseTest.setupReporter(BaseTest.java:99)
	at sun.reflect.NativeMethodAccessorImpl.invoke0(Native Method)
	at sun.reflect.NativeMethodAccessorImpl.invoke(Unknown Source)
	at sun.reflect.DelegatingMethodAccessorImpl.invoke(Unknown Source)
	at java.lang.reflect.Method.invoke(Unknown Source)
	at org.testng.internal.MethodInvocationHelper.invokeMethod(MethodInvocationHelper.java:124)
	at org.testng.internal.MethodInvocationHelper.invokeMethodConsideringTimeout(MethodInvocationHelper.java:59)
	at org.testng.internal.Invoker.invokeConfigurationMethod(Invoker.java:455)
	at org.testng.internal.Invoker.invokeConfigurations(Invoker.java:222)
	at org.testng.internal.Invoker.invokeConfigurations(Invoker.java:142)
	at org.testng.SuiteRunner.privateRun(SuiteRunner.java:401)
	at org.testng.SuiteRunner.run(SuiteRunner.java:364)
	at org.testng.SuiteRunnerWorker.runSuite(SuiteRunnerWorker.java:52)
	at org.testng.SuiteRunnerWorker.run(SuiteRunnerWorker.java:84)
	at org.testng.TestNG.runSuitesSequentially(TestNG.java:1208)
	at org.testng.TestNG.runSuitesLocally(TestNG.java:1137)
	at org.testng.TestNG.runSuites(TestNG.java:1049)
	at org.testng.TestNG.run(TestNG.java:1017)
	at org.testng.remote.AbstractRemoteTestNG.run(AbstractRemoteTestNG.java:115)
	at org.testng.remote.RemoteTestNG.initAndRun(RemoteTestNG.java:251)
	at org.testng.remote.RemoteTestNG.main(RemoteTestNG.java:77)

2022-07-08 15:23:52,817 [main] INFO com.utils.ExcelUtility - java.lang.NullPointerException
	at com.utils.ExcelUtility.getCellData(ExcelUtility.java:311)
	at com.utils._masterVO.loadGatewayCases(_masterVO.java:115)
	at com.utils._masterVO.loadExternalServices(_masterVO.java:448)
	at com.utils._masterVO.loadVO(_masterVO.java:81)
	at com.classes.BaseTest.setupReporter(BaseTest.java:99)
	at sun.reflect.NativeMethodAccessorImpl.invoke0(Native Method)
	at sun.reflect.NativeMethodAccessorImpl.invoke(Unknown Source)
	at sun.reflect.DelegatingMethodAccessorImpl.invoke(Unknown Source)
	at java.lang.reflect.Method.invoke(Unknown Source)
	at org.testng.internal.MethodInvocationHelper.invokeMethod(MethodInvocationHelper.java:124)
	at org.testng.internal.MethodInvocationHelper.invokeMethodConsideringTimeout(MethodInvocationHelper.java:59)
	at org.testng.internal.Invoker.invokeConfigurationMethod(Invoker.java:455)
	at org.testng.internal.Invoker.invokeConfigurations(Invoker.java:222)
	at org.testng.internal.Invoker.invokeConfigurations(Invoker.java:142)
	at org.testng.SuiteRunner.privateRun(SuiteRunner.java:401)
	at org.testng.SuiteRunner.run(SuiteRunner.java:364)
	at org.testng.SuiteRunnerWorker.runSuite(SuiteRunnerWorker.java:52)
	at org.testng.SuiteRunnerWorker.run(SuiteRunnerWorker.java:84)
	at org.testng.TestNG.runSuitesSequentially(TestNG.java:1208)
	at org.testng.TestNG.runSuitesLocally(TestNG.java:1137)
	at org.testng.TestNG.runSuites(TestNG.java:1049)
	at org.testng.TestNG.run(TestNG.java:1017)
	at org.testng.remote.AbstractRemoteTestNG.run(AbstractRemoteTestNG.java:115)
	at org.testng.remote.RemoteTestNG.initAndRun(RemoteTestNG.java:251)
	at org.testng.remote.RemoteTestNG.main(RemoteTestNG.java:77)

2022-07-08 15:23:52,817 [main] INFO com.utils.ExcelUtility - java.lang.NullPointerException
	at com.utils.ExcelUtility.getCellData(ExcelUtility.java:311)
	at com.utils._masterVO.loadGatewayCases(_masterVO.java:115)
	at com.utils._masterVO.loadExternalServices(_masterVO.java:448)
	at com.utils._masterVO.loadVO(_masterVO.java:81)
	at com.classes.BaseTest.setupReporter(BaseTest.java:99)
	at sun.reflect.NativeMethodAccessorImpl.invoke0(Native Method)
	at sun.reflect.NativeMethodAccessorImpl.invoke(Unknown Source)
	at sun.reflect.DelegatingMethodAccessorImpl.invoke(Unknown Source)
	at java.lang.reflect.Method.invoke(Unknown Source)
	at org.testng.internal.MethodInvocationHelper.invokeMethod(MethodInvocationHelper.java:124)
	at org.testng.internal.MethodInvocationHelper.invokeMethodConsideringTimeout(MethodInvocationHelper.java:59)
	at org.testng.internal.Invoker.invokeConfigurationMethod(Invoker.java:455)
	at org.testng.internal.Invoker.invokeConfigurations(Invoker.java:222)
	at org.testng.internal.Invoker.invokeConfigurations(Invoker.java:142)
	at org.testng.SuiteRunner.privateRun(SuiteRunner.java:401)
	at org.testng.SuiteRunner.run(SuiteRunner.java:364)
	at org.testng.SuiteRunnerWorker.runSuite(SuiteRunnerWorker.java:52)
	at org.testng.SuiteRunnerWorker.run(SuiteRunnerWorker.java:84)
	at org.testng.TestNG.runSuitesSequentially(TestNG.java:1208)
	at org.testng.TestNG.runSuitesLocally(TestNG.java:1137)
	at org.testng.TestNG.runSuites(TestNG.java:1049)
	at org.testng.TestNG.run(TestNG.java:1017)
	at org.testng.remote.AbstractRemoteTestNG.run(AbstractRemoteTestNG.java:115)
	at org.testng.remote.RemoteTestNG.initAndRun(RemoteTestNG.java:251)
	at org.testng.remote.RemoteTestNG.main(RemoteTestNG.java:77)

2022-07-08 15:23:53,076 [main] INFO com.utils._masterVO - Gateway Cases Master File Loaded successfully
2022-07-08 15:23:53,077 [main] INFO com.utils._APIUtil - Entered getAPIServices(USSD)
2022-07-08 15:23:53,079 [main] INFO com.utils._APIUtil - Exiting getAPIServices([])
2022-07-08 15:23:53,080 [main] INFO com.utils._masterVO - Loading Gateway Cases Master file from: .//src//test//resources//config//GatewayMaster.xlsx
2022-07-08 15:23:53,267 [main] INFO com.utils._masterVO - Gateway Cases Master File Loaded successfully
2022-07-08 15:23:53,269 [main] INFO com.utils._masterVO - Loading Gateway Cases Master file from: .//src//test//resources//config//GatewayMaster.xlsx
2022-07-08 15:23:53,421 [main] INFO com.utils._masterVO - Gateway Cases Master File Loaded successfully
2022-07-08 15:24:14,469 [main] ERROR com.sshmanager.SSHService - Error while getting SSH Server Instance : com.jcraft.jsch.JSchException: java.net.ConnectException: Connection timed out: connect
2022-07-08 15:24:14,493 [main] INFO com.classes.BaseTest - Completed loading all methods from -masterVO class
2022-07-08 15:25:54,494 [main] INFO com.utils.ExcelUtility - java.lang.NullPointerException
	at com.utils.ExcelUtility.getCellData(ExcelUtility.java:311)
	at angular.testscripts.prereuisitesangular.PreRequisite_C2CReturn_Revamp.TestDataFeed1(PreRequisite_C2CReturn_Revamp.java:344)
	at sun.reflect.NativeMethodAccessorImpl.invoke0(Native Method)
	at sun.reflect.NativeMethodAccessorImpl.invoke(Unknown Source)
	at sun.reflect.DelegatingMethodAccessorImpl.invoke(Unknown Source)
	at java.lang.reflect.Method.invoke(Unknown Source)
	at org.testng.internal.MethodInvocationHelper.invokeMethod(MethodInvocationHelper.java:124)
	at org.testng.internal.MethodInvocationHelper.invokeMethod(MethodInvocationHelper.java:74)
	at org.testng.internal.MethodInvocationHelper.invokeMethodNoCheckedException(MethodInvocationHelper.java:45)
	at org.testng.internal.MethodInvocationHelper.invokeDataProvider(MethodInvocationHelper.java:131)
	at org.testng.internal.Parameters.handleParameters(Parameters.java:706)
	at org.testng.internal.ParameterHandler.handleParameters(ParameterHandler.java:49)
	at org.testng.internal.ParameterHandler.createParameters(ParameterHandler.java:37)
	at org.testng.internal.Invoker.invokeTestMethods(Invoker.java:923)
	at org.testng.internal.TestMethodWorker.invokeTestMethods(TestMethodWorker.java:125)
	at org.testng.internal.TestMethodWorker.run(TestMethodWorker.java:109)
	at org.testng.TestRunner.privateRun(TestRunner.java:648)
	at org.testng.TestRunner.run(TestRunner.java:505)
	at org.testng.SuiteRunner.runTest(SuiteRunner.java:455)
	at org.testng.SuiteRunner.runSequentially(SuiteRunner.java:450)
	at org.testng.SuiteRunner.privateRun(SuiteRunner.java:415)
	at org.testng.SuiteRunner.run(SuiteRunner.java:364)
	at org.testng.SuiteRunnerWorker.runSuite(SuiteRunnerWorker.java:52)
	at org.testng.SuiteRunnerWorker.run(SuiteRunnerWorker.java:84)
	at org.testng.TestNG.runSuitesSequentially(TestNG.java:1208)
	at org.testng.TestNG.runSuitesLocally(TestNG.java:1137)
	at org.testng.TestNG.runSuites(TestNG.java:1049)
	at org.testng.TestNG.run(TestNG.java:1017)
	at org.testng.remote.AbstractRemoteTestNG.run(AbstractRemoteTestNG.java:115)
	at org.testng.remote.RemoteTestNG.initAndRun(RemoteTestNG.java:251)
	at org.testng.remote.RemoteTestNG.main(RemoteTestNG.java:77)

2022-07-08 15:25:54,835 [main] INFO com.utils.ExcelUtility - java.lang.NullPointerException
	at com.utils.ExcelUtility.getCellData(ExcelUtility.java:311)
	at angular.testscripts.prereuisitesangular.PreRequisite_C2CReturn_Revamp.TestDataFeed1(PreRequisite_C2CReturn_Revamp.java:344)
	at sun.reflect.NativeMethodAccessorImpl.invoke0(Native Method)
	at sun.reflect.NativeMethodAccessorImpl.invoke(Unknown Source)
	at sun.reflect.DelegatingMethodAccessorImpl.invoke(Unknown Source)
	at java.lang.reflect.Method.invoke(Unknown Source)
	at org.testng.internal.MethodInvocationHelper.invokeMethod(MethodInvocationHelper.java:124)
	at org.testng.internal.MethodInvocationHelper.invokeMethod(MethodInvocationHelper.java:74)
	at org.testng.internal.MethodInvocationHelper.invokeMethodNoCheckedException(MethodInvocationHelper.java:45)
	at org.testng.internal.MethodInvocationHelper.invokeDataProvider(MethodInvocationHelper.java:131)
	at org.testng.internal.Parameters.handleParameters(Parameters.java:706)
	at org.testng.internal.ParameterHandler.handleParameters(ParameterHandler.java:49)
	at org.testng.internal.ParameterHandler.createParameters(ParameterHandler.java:37)
	at org.testng.internal.Invoker.invokeTestMethods(Invoker.java:923)
	at org.testng.internal.TestMethodWorker.invokeTestMethods(TestMethodWorker.java:125)
	at org.testng.internal.TestMethodWorker.run(TestMethodWorker.java:109)
	at org.testng.TestRunner.privateRun(TestRunner.java:648)
	at org.testng.TestRunner.run(TestRunner.java:505)
	at org.testng.SuiteRunner.runTest(SuiteRunner.java:455)
	at org.testng.SuiteRunner.runSequentially(SuiteRunner.java:450)
	at org.testng.SuiteRunner.privateRun(SuiteRunner.java:415)
	at org.testng.SuiteRunner.run(SuiteRunner.java:364)
	at org.testng.SuiteRunnerWorker.runSuite(SuiteRunnerWorker.java:52)
	at org.testng.SuiteRunnerWorker.run(SuiteRunnerWorker.java:84)
	at org.testng.TestNG.runSuitesSequentially(TestNG.java:1208)
	at org.testng.TestNG.runSuitesLocally(TestNG.java:1137)
	at org.testng.TestNG.runSuites(TestNG.java:1049)
	at org.testng.TestNG.run(TestNG.java:1017)
	at org.testng.remote.AbstractRemoteTestNG.run(AbstractRemoteTestNG.java:115)
	at org.testng.remote.RemoteTestNG.initAndRun(RemoteTestNG.java:251)
	at org.testng.remote.RemoteTestNG.main(RemoteTestNG.java:77)

2022-07-08 15:25:54,954 [main] INFO com.utils.ExcelUtility - java.lang.NullPointerException
	at com.utils.ExcelUtility.getCellData(ExcelUtility.java:311)
	at angular.testscripts.prereuisitesangular.PreRequisite_C2CReturn_Revamp.TestDataFeed1(PreRequisite_C2CReturn_Revamp.java:344)
	at sun.reflect.NativeMethodAccessorImpl.invoke0(Native Method)
	at sun.reflect.NativeMethodAccessorImpl.invoke(Unknown Source)
	at sun.reflect.DelegatingMethodAccessorImpl.invoke(Unknown Source)
	at java.lang.reflect.Method.invoke(Unknown Source)
	at org.testng.internal.MethodInvocationHelper.invokeMethod(MethodInvocationHelper.java:124)
	at org.testng.internal.MethodInvocationHelper.invokeMethod(MethodInvocationHelper.java:74)
	at org.testng.internal.MethodInvocationHelper.invokeMethodNoCheckedException(MethodInvocationHelper.java:45)
	at org.testng.internal.MethodInvocationHelper.invokeDataProvider(MethodInvocationHelper.java:131)
	at org.testng.internal.Parameters.handleParameters(Parameters.java:706)
	at org.testng.internal.ParameterHandler.handleParameters(ParameterHandler.java:49)
	at org.testng.internal.ParameterHandler.createParameters(ParameterHandler.java:37)
	at org.testng.internal.Invoker.invokeTestMethods(Invoker.java:923)
	at org.testng.internal.TestMethodWorker.invokeTestMethods(TestMethodWorker.java:125)
	at org.testng.internal.TestMethodWorker.run(TestMethodWorker.java:109)
	at org.testng.TestRunner.privateRun(TestRunner.java:648)
	at org.testng.TestRunner.run(TestRunner.java:505)
	at org.testng.SuiteRunner.runTest(SuiteRunner.java:455)
	at org.testng.SuiteRunner.runSequentially(SuiteRunner.java:450)
	at org.testng.SuiteRunner.privateRun(SuiteRunner.java:415)
	at org.testng.SuiteRunner.run(SuiteRunner.java:364)
	at org.testng.SuiteRunnerWorker.runSuite(SuiteRunnerWorker.java:52)
	at org.testng.SuiteRunnerWorker.run(SuiteRunnerWorker.java:84)
	at org.testng.TestNG.runSuitesSequentially(TestNG.java:1208)
	at org.testng.TestNG.runSuitesLocally(TestNG.java:1137)
	at org.testng.TestNG.runSuites(TestNG.java:1049)
	at org.testng.TestNG.run(TestNG.java:1017)
	at org.testng.remote.AbstractRemoteTestNG.run(AbstractRemoteTestNG.java:115)
	at org.testng.remote.RemoteTestNG.initAndRun(RemoteTestNG.java:251)
	at org.testng.remote.RemoteTestNG.main(RemoteTestNG.java:77)

2022-07-08 15:25:55,184 [main] INFO com.utils.ExcelUtility - java.lang.NullPointerException
	at com.utils.ExcelUtility.getCellData(ExcelUtility.java:311)
	at angular.testscripts.prereuisitesangular.PreRequisite_C2CReturn_Revamp.TestDataFeed1(PreRequisite_C2CReturn_Revamp.java:344)
	at sun.reflect.NativeMethodAccessorImpl.invoke0(Native Method)
	at sun.reflect.NativeMethodAccessorImpl.invoke(Unknown Source)
	at sun.reflect.DelegatingMethodAccessorImpl.invoke(Unknown Source)
	at java.lang.reflect.Method.invoke(Unknown Source)
	at org.testng.internal.MethodInvocationHelper.invokeMethod(MethodInvocationHelper.java:124)
	at org.testng.internal.MethodInvocationHelper.invokeMethod(MethodInvocationHelper.java:74)
	at org.testng.internal.MethodInvocationHelper.invokeMethodNoCheckedException(MethodInvocationHelper.java:45)
	at org.testng.internal.MethodInvocationHelper.invokeDataProvider(MethodInvocationHelper.java:131)
	at org.testng.internal.Parameters.handleParameters(Parameters.java:706)
	at org.testng.internal.ParameterHandler.handleParameters(ParameterHandler.java:49)
	at org.testng.internal.ParameterHandler.createParameters(ParameterHandler.java:37)
	at org.testng.internal.Invoker.invokeTestMethods(Invoker.java:923)
	at org.testng.internal.TestMethodWorker.invokeTestMethods(TestMethodWorker.java:125)
	at org.testng.internal.TestMethodWorker.run(TestMethodWorker.java:109)
	at org.testng.TestRunner.privateRun(TestRunner.java:648)
	at org.testng.TestRunner.run(TestRunner.java:505)
	at org.testng.SuiteRunner.runTest(SuiteRunner.java:455)
	at org.testng.SuiteRunner.runSequentially(SuiteRunner.java:450)
	at org.testng.SuiteRunner.privateRun(SuiteRunner.java:415)
	at org.testng.SuiteRunner.run(SuiteRunner.java:364)
	at org.testng.SuiteRunnerWorker.runSuite(SuiteRunnerWorker.java:52)
	at org.testng.SuiteRunnerWorker.run(SuiteRunnerWorker.java:84)
	at org.testng.TestNG.runSuitesSequentially(TestNG.java:1208)
	at org.testng.TestNG.runSuitesLocally(TestNG.java:1137)
	at org.testng.TestNG.runSuites(TestNG.java:1049)
	at org.testng.TestNG.run(TestNG.java:1017)
	at org.testng.remote.AbstractRemoteTestNG.run(AbstractRemoteTestNG.java:115)
	at org.testng.remote.RemoteTestNG.initAndRun(RemoteTestNG.java:251)
	at org.testng.remote.RemoteTestNG.main(RemoteTestNG.java:77)

2022-07-08 15:25:55,305 [main] INFO com.utils.ExcelUtility - java.lang.NullPointerException
	at com.utils.ExcelUtility.getCellData(ExcelUtility.java:311)
	at angular.testscripts.prereuisitesangular.PreRequisite_C2CReturn_Revamp.TestDataFeed1(PreRequisite_C2CReturn_Revamp.java:344)
	at sun.reflect.NativeMethodAccessorImpl.invoke0(Native Method)
	at sun.reflect.NativeMethodAccessorImpl.invoke(Unknown Source)
	at sun.reflect.DelegatingMethodAccessorImpl.invoke(Unknown Source)
	at java.lang.reflect.Method.invoke(Unknown Source)
	at org.testng.internal.MethodInvocationHelper.invokeMethod(MethodInvocationHelper.java:124)
	at org.testng.internal.MethodInvocationHelper.invokeMethod(MethodInvocationHelper.java:74)
	at org.testng.internal.MethodInvocationHelper.invokeMethodNoCheckedException(MethodInvocationHelper.java:45)
	at org.testng.internal.MethodInvocationHelper.invokeDataProvider(MethodInvocationHelper.java:131)
	at org.testng.internal.Parameters.handleParameters(Parameters.java:706)
	at org.testng.internal.ParameterHandler.handleParameters(ParameterHandler.java:49)
	at org.testng.internal.ParameterHandler.createParameters(ParameterHandler.java:37)
	at org.testng.internal.Invoker.invokeTestMethods(Invoker.java:923)
	at org.testng.internal.TestMethodWorker.invokeTestMethods(TestMethodWorker.java:125)
	at org.testng.internal.TestMethodWorker.run(TestMethodWorker.java:109)
	at org.testng.TestRunner.privateRun(TestRunner.java:648)
	at org.testng.TestRunner.run(TestRunner.java:505)
	at org.testng.SuiteRunner.runTest(SuiteRunner.java:455)
	at org.testng.SuiteRunner.runSequentially(SuiteRunner.java:450)
	at org.testng.SuiteRunner.privateRun(SuiteRunner.java:415)
	at org.testng.SuiteRunner.run(SuiteRunner.java:364)
	at org.testng.SuiteRunnerWorker.runSuite(SuiteRunnerWorker.java:52)
	at org.testng.SuiteRunnerWorker.run(SuiteRunnerWorker.java:84)
	at org.testng.TestNG.runSuitesSequentially(TestNG.java:1208)
	at org.testng.TestNG.runSuitesLocally(TestNG.java:1137)
	at org.testng.TestNG.runSuites(TestNG.java:1049)
	at org.testng.TestNG.run(TestNG.java:1017)
	at org.testng.remote.AbstractRemoteTestNG.run(AbstractRemoteTestNG.java:115)
	at org.testng.remote.RemoteTestNG.initAndRun(RemoteTestNG.java:251)
	at org.testng.remote.RemoteTestNG.main(RemoteTestNG.java:77)

2022-07-08 15:25:55,415 [main] INFO com.utils.ExcelUtility - java.lang.NullPointerException
	at com.utils.ExcelUtility.getCellData(ExcelUtility.java:311)
	at angular.testscripts.prereuisitesangular.PreRequisite_C2CReturn_Revamp.TestDataFeed1(PreRequisite_C2CReturn_Revamp.java:344)
	at sun.reflect.NativeMethodAccessorImpl.invoke0(Native Method)
	at sun.reflect.NativeMethodAccessorImpl.invoke(Unknown Source)
	at sun.reflect.DelegatingMethodAccessorImpl.invoke(Unknown Source)
	at java.lang.reflect.Method.invoke(Unknown Source)
	at org.testng.internal.MethodInvocationHelper.invokeMethod(MethodInvocationHelper.java:124)
	at org.testng.internal.MethodInvocationHelper.invokeMethod(MethodInvocationHelper.java:74)
	at org.testng.internal.MethodInvocationHelper.invokeMethodNoCheckedException(MethodInvocationHelper.java:45)
	at org.testng.internal.MethodInvocationHelper.invokeDataProvider(MethodInvocationHelper.java:131)
	at org.testng.internal.Parameters.handleParameters(Parameters.java:706)
	at org.testng.internal.ParameterHandler.handleParameters(ParameterHandler.java:49)
	at org.testng.internal.ParameterHandler.createParameters(ParameterHandler.java:37)
	at org.testng.internal.Invoker.invokeTestMethods(Invoker.java:923)
	at org.testng.internal.TestMethodWorker.invokeTestMethods(TestMethodWorker.java:125)
	at org.testng.internal.TestMethodWorker.run(TestMethodWorker.java:109)
	at org.testng.TestRunner.privateRun(TestRunner.java:648)
	at org.testng.TestRunner.run(TestRunner.java:505)
	at org.testng.SuiteRunner.runTest(SuiteRunner.java:455)
	at org.testng.SuiteRunner.runSequentially(SuiteRunner.java:450)
	at org.testng.SuiteRunner.privateRun(SuiteRunner.java:415)
	at org.testng.SuiteRunner.run(SuiteRunner.java:364)
	at org.testng.SuiteRunnerWorker.runSuite(SuiteRunnerWorker.java:52)
	at org.testng.SuiteRunnerWorker.run(SuiteRunnerWorker.java:84)
	at org.testng.TestNG.runSuitesSequentially(TestNG.java:1208)
	at org.testng.TestNG.runSuitesLocally(TestNG.java:1137)
	at org.testng.TestNG.runSuites(TestNG.java:1049)
	at org.testng.TestNG.run(TestNG.java:1017)
	at org.testng.remote.AbstractRemoteTestNG.run(AbstractRemoteTestNG.java:115)
	at org.testng.remote.RemoteTestNG.initAndRun(RemoteTestNG.java:251)
	at org.testng.remote.RemoteTestNG.main(RemoteTestNG.java:77)

2022-07-08 15:25:55,974 [main] INFO com.dbrepository.OracleRepository - Entered getSystemPreference(TRF_RULE_USER_LEVEL_ALLOW)
2022-07-08 15:25:55,999 [main] INFO com.dbrepository.DBConnectionPool - Active Size:0 Cache Size:10
2022-07-08 15:25:56,003 [main] INFO com.dbrepository.OracleRepository - getSystemPreference() :: select query: select DEFAULT_VALUE from system_preferences where PREFERENCE_CODE = ?
2022-07-08 15:25:56,385 [main] INFO com.dbrepository.OracleRepository - Database Returns: DEFAULT_VALUE (true)
2022-07-08 15:25:56,388 [main] INFO com.dbrepository.OracleRepository - Exiting getSystemPreference()
2022-07-08 15:25:56,423 [main] INFO angular.testscripts.prereuisitesangular.PreRequisite_C2CReturn_Revamp - ------------------ Test Case Execution Started For A_01_Test_C2CReturnMobileBuyerType -------------------
2022-07-08 15:25:56,424 [main] INFO angular.testscripts.prereuisitesangular.PreRequisite_C2CReturn_Revamp - Entered A_01_Test_C2CReturnMobileBuyerType(Retailer, Agent, 8905169743, 2468, Distributor, Dealer, SA, 4)
2022-07-08 15:25:56,433 [main] INFO com.dbrepository.OracleRepository - Entered getPreference(AG, NG, MAX_APPROVAL_LEVEL_C2C_TRANSFER)
2022-07-08 15:25:56,448 [main] INFO com.dbrepository.DBConnectionPool - Active Size:0 Cache Size:10
2022-07-08 15:25:56,590 [main] INFO com.dbrepository.OracleRepository - Service Class Preference Not Found
2022-07-08 15:25:56,593 [main] INFO com.dbrepository.OracleRepository - Trying to get Preference value from Control Preferences
2022-07-08 15:25:57,044 [main] INFO com.dbrepository.OracleRepository - Query Repository Returns: DEFAULT_VALUE (0)
2022-07-08 15:25:57,150 [main] INFO com.utils.CommonUtils - Category Code for Retailer: RET
2022-07-08 15:25:57,224 [main] INFO com.dbrepository.OracleRepository - Entered webInterface(Retailer)
2022-07-08 15:25:57,226 [main] INFO com.dbrepository.DBConnectionPool - Active Size:0 Cache Size:10
2022-07-08 15:25:57,229 [main] INFO com.dbrepository.OracleRepository - webInterface() :: select query: Select WEB_INTERFACE_ALLOWED from categories where category_name= ?
2022-07-08 15:25:57,461 [main] INFO com.dbrepository.OracleRepository - Database Returns: WEB_INTERFACE_ALLOWED (Y)
2022-07-08 15:25:57,465 [main] INFO com.dbrepository.OracleRepository - Exited webInterface()
2022-07-08 15:25:57,546 [main] INFO angular.feature.C2CBuyRevamp - Entered performC2CBuyMobileBuyerType(Retailer, Agent, 8905169743, 2468)
2022-07-08 15:25:57,674 [main] INFO angular.classes.LoginRevamp - Login ID Found as: sourabhretailer
2022-07-08 15:25:57,678 [main] INFO angular.classes.LoginRevamp - Password Found as: Com@2468
2022-07-08 15:25:57,681 [main] INFO angular.feature.C2CBuyRevamp - LOGINID : sourabhretailer
2022-07-08 15:25:57,745 [main] INFO angular.classes.LoginRevamp - LoginID found as: sourabhretailer
2022-07-08 15:25:57,749 [main] INFO angular.classes.LoginRevamp - Password found as: Com@2468
2022-07-08 15:25:57,752 [main] INFO angular.classes.LoginRevamp - Username found as: userretnew
2022-07-08 15:25:58,833 [main] INFO angular.pageobjects.loginpages.LoginPageRevamp - Trying to select Language
2022-07-08 15:26:09,153 [main] INFO angular.pageobjects.loginpages.LoginPageRevamp - <b>Language Selector Not Found:</b>
2022-07-08 15:26:09,178 [main] INFO angular.pageobjects.loginpages.LoginPageRevamp - Trying to enter Login ID
2022-07-08 15:26:09,407 [main] INFO angular.pageobjects.loginpages.LoginPageRevamp - Login ID entered successfully as: sourabhretailer
2022-07-08 15:26:09,412 [main] INFO angular.pageobjects.loginpages.LoginPageRevamp - Trying to enter Password
2022-07-08 15:26:09,622 [main] INFO angular.pageobjects.loginpages.LoginPageRevamp - Password entered successfully as: Com@2468
2022-07-08 15:26:09,626 [main] INFO angular.pageobjects.loginpages.LoginPageRevamp - Trying to click Login Button
2022-07-08 15:26:09,767 [main] INFO angular.pageobjects.loginpages.LoginPageRevamp - Login button clicked successfully
2022-07-08 15:26:09,837 [main] INFO angular.pageobjects.loginpages.LoginPageRevamp - Error Message Found on Login Screen: 
2022-07-08 15:26:20,657 [main] INFO angular.pageobjects.c2ctransfer.C2CTransfers - Trying clicking on C2C Heading
2022-07-08 15:26:20,799 [main] INFO angular.pageobjects.c2ctransfer.C2CTransfers - User clicked C2C Heading Link.
2022-07-08 15:26:20,803 [main] INFO angular.feature.C2CBuyRevamp - C2C Heading and Transaction Heading is clicked
2022-07-08 15:26:20,808 [main] INFO angular.pageobjects.c2ctransfer.C2CTransfers - Trying clicking on C2C Single Operation Heading
2022-07-08 15:26:33,187 [main] INFO angular.pageobjects.c2ctransfer.C2CTransfers - User clicked C2C Single Operation Heading.
2022-07-08 15:26:33,213 [main] INFO angular.pageobjects.c2ctransfer.C2CTransfers - Trying clicking on C2C Buy Heading
2022-07-08 15:26:33,411 [main] INFO angular.pageobjects.c2ctransfer.C2CTransfers - User clicked C2C Buy Heading.
2022-07-08 15:26:33,414 [main] INFO angular.pageobjects.c2ctransfer.C2CTransfers - Trying clicking on Etopup
2022-07-08 15:26:33,583 [main] INFO angular.pageobjects.c2ctransfer.C2CTransfers - Clicked Etopup.
2022-07-08 15:26:33,587 [main] INFO angular.pageobjects.c2ctransfer.C2CTransfers - Trying to select C2C Buyer Type
2022-07-08 15:26:33,861 [main] INFO angular.pageobjects.c2ctransfer.C2CTransfers - C2C Buyer Type selected : 
2022-07-08 15:26:33,863 [main] INFO angular.pageobjects.c2ctransfer.C2CTransfers - Entering C2C MSISDN
2022-07-08 15:26:34,034 [main] INFO angular.pageobjects.c2ctransfer.C2CTransfers - Entered C2C MSISDN : 8905169743
2022-07-08 15:26:44,037 [main] INFO angular.pageobjects.c2ctransfer.C2CTransfers - Trying clicking on PROCEED button on C2C
2022-07-08 15:26:46,184 [main] INFO angular.pageobjects.c2ctransfer.C2CTransfers - Clicked PROCEED button on C2C.
2022-07-08 15:26:46,208 [main] INFO angular.pageobjects.c2ctransfer.C2CTransfers - Trying to initiate C2C Topups
2022-07-08 15:26:46,411 [main] INFO angular.pageobjects.c2ctransfer.C2CTransfers - rowCount of c2c topups available on screen : 2
2022-07-08 15:26:46,416 [main] INFO angular.pageobjects.c2ctransfer.C2CTransfers - sheetProductCode : eTopUP
2022-07-08 15:26:46,498 [main] INFO angular.pageobjects.c2ctransfer.C2CTransfers - quantity : 3
2022-07-08 15:26:46,502 [main] INFO angular.pageobjects.c2ctransfer.C2CTransfers - String.valueOf(quantity) SEND KEYS : 3
2022-07-08 15:26:46,506 [main] INFO angular.pageobjects.c2ctransfer.C2CTransfers - sheetProductCode : PeTopUP
2022-07-08 15:26:46,511 [main] INFO angular.pageobjects.c2ctransfer.C2CTransfers - Entered Quantities: 
2022-07-08 15:26:46,669 [main] INFO angular.pageobjects.c2ctransfer.C2CTransfers - Entered Reference Number
2022-07-08 15:26:46,889 [main] INFO angular.pageobjects.c2ctransfer.C2CTransfers - User entered Remarks
2022-07-08 15:26:46,892 [main] INFO angular.pageobjects.c2ctransfer.C2CTransfers - Trying to select Payment mode : Cash
2022-07-08 15:26:47,224 [main] INFO angular.pageobjects.c2ctransfer.C2CTransfers - Selected Payment Mode : Cash
2022-07-08 15:26:47,227 [main] INFO angular.pageobjects.c2ctransfer.C2CTransfers - Trying to select Payment Instrument Number
2022-07-08 15:26:47,388 [main] INFO angular.pageobjects.c2ctransfer.C2CTransfers - User entered PaymentInstNum: 124231
2022-07-08 15:26:47,392 [main] INFO angular.pageobjects.c2ctransfer.C2CTransfers - Trying to select Date
2022-07-08 15:26:47,397 [main] INFO angular.pageobjects.c2ctransfer.C2CTransfers - Trying to enter Payment Instrument Date
2022-07-08 15:26:47,609 [main] INFO angular.pageobjects.c2ctransfer.C2CTransfers - User entered PaymentInstDate: 08/07/22
2022-07-08 15:26:47,613 [main] INFO angular.pageobjects.c2ctransfer.C2CTransfers - Trying clicking on C2C TRANSFER button
2022-07-08 15:26:47,795 [main] INFO angular.pageobjects.c2ctransfer.C2CTransfers - Clicked C2C Transfer Button
2022-07-08 15:26:48,919 [main] INFO angular.pageobjects.c2ctransfer.C2CTransfers - PIN PopUP is visible.
2022-07-08 15:26:48,921 [main] INFO angular.pageobjects.c2ctransfer.C2CTransfers - Trying to Enter Channel User PIN for C2C
2022-07-08 15:26:49,068 [main] INFO angular.pageobjects.c2ctransfer.C2CTransfers - User entered PIN: 2468
2022-07-08 15:26:49,072 [main] INFO angular.pageobjects.c2ctransfer.C2CTransfers - Trying clicking on C2C TRANSFER button
2022-07-08 15:26:49,222 [main] INFO angular.pageobjects.c2ctransfer.C2CTransfers - Clicked C2C Transfer Button
2022-07-08 15:26:50,352 [main] INFO angular.pageobjects.c2ctransfer.C2CTransfers - PIN PopUP is visible.
2022-07-08 15:26:50,355 [main] INFO angular.pageobjects.c2ctransfer.C2CTransfers - Fetching C2C Buy Request Initiated Message
2022-07-08 15:26:50,445 [main] INFO angular.pageobjects.c2ctransfer.C2CTransfers - C2C Transfer Buy Initiated Message : Stock Purchase Request Initiated
2022-07-08 15:26:50,447 [main] INFO angular.pageobjects.c2ctransfer.C2CTransfers - Trying to get C2C Topups Done
2022-07-08 15:26:50,596 [main] INFO angular.pageobjects.c2ctransfer.C2CTransfers - C2C [[ChromeDriver: chrome on WINDOWS (c8fb2683dc90bd8c154f3d3c9c3275d1)] -> xpath: (//label[@class='labelposPrd'])[1]] : [[ChromeDriver: chrome on WINDOWS (c8fb2683dc90bd8c154f3d3c9c3275d1)] -> xpath: (//label[@class='labelposPrd'])[1]/following-sibling::label]
2022-07-08 15:26:50,600 [main] INFO angular.pageobjects.c2ctransfer.C2CTransfers -  C2C TOPUPS Done and Info Printed Above
2022-07-08 15:26:55,613 [main] INFO angular.pageobjects.c2ctransfer.C2CTransfers - Fetching C2C Purchase Transaction ID
2022-07-08 15:26:55,699 [main] INFO angular.pageobjects.c2ctransfer.C2CTransfers - C2C Purchase Transaction ID : CT220708.1518.100001
2022-07-08 15:27:16,743 [main] ERROR com.sshmanager.SSHService - Error while getting SSH Server Instance : com.jcraft.jsch.JSchException: java.net.ConnectException: Connection timed out: connect
2022-07-08 15:27:16,950 [main] INFO angular.pageobjects.c2ctransfer.C2CTransfers - Trying to Click DONE button after C2C Purchase initiated
2022-07-08 15:27:17,123 [main] INFO angular.pageobjects.c2ctransfer.C2CTransfers - Clicked Done for Initiated C2C
2022-07-08 15:27:17,126 [main] INFO angular.feature.C2CBuyRevamp - Exiting performC2CBuyMobileBuyerType
2022-07-08 15:27:17,130 [main] INFO angular.testscripts.prereuisitesangular.PreRequisite_C2CReturn_Revamp - C2C vocuher transfer Approval is perform at c2c transfer itself
2022-07-08 15:27:17,135 [main] INFO angular.feature.C2CBuyRevamp - Entered performC2CReturnMobileBuyerType(Retailer, Agent, 8905169743, 2468)
2022-07-08 15:27:17,231 [main] INFO angular.classes.LoginRevamp - Login ID Found as: sourabhretailer
2022-07-08 15:27:17,235 [main] INFO angular.classes.LoginRevamp - Password Found as: Com@2468
2022-07-08 15:27:17,239 [main] INFO angular.feature.C2CBuyRevamp - LOGINID : sourabhretailer
2022-07-08 15:27:17,297 [main] INFO angular.classes.LoginRevamp - LoginID found as: sourabhretailer
2022-07-08 15:27:17,301 [main] INFO angular.classes.LoginRevamp - Password found as: Com@2468
2022-07-08 15:27:17,305 [main] INFO angular.classes.LoginRevamp - Username found as: userretnew
2022-07-08 15:27:17,649 [main] INFO angular.pageobjects.loginpages.LoginPageRevamp - Trying to select Language
2022-07-08 15:27:27,962 [main] INFO angular.pageobjects.loginpages.LoginPageRevamp - <b>Language Selector Not Found:</b>
2022-07-08 15:27:27,965 [main] INFO angular.pageobjects.loginpages.LoginPageRevamp - Trying to enter Login ID
2022-07-08 15:27:28,173 [main] INFO angular.pageobjects.loginpages.LoginPageRevamp - Login ID entered successfully as: sourabhretailer
2022-07-08 15:27:28,177 [main] INFO angular.pageobjects.loginpages.LoginPageRevamp - Trying to enter Password
2022-07-08 15:27:28,379 [main] INFO angular.pageobjects.loginpages.LoginPageRevamp - Password entered successfully as: Com@2468
2022-07-08 15:27:28,382 [main] INFO angular.pageobjects.loginpages.LoginPageRevamp - Trying to click Login Button
2022-07-08 15:27:28,514 [main] INFO angular.pageobjects.loginpages.LoginPageRevamp - Login button clicked successfully
2022-07-08 15:27:28,580 [main] INFO angular.pageobjects.loginpages.LoginPageRevamp - Error Message Found on Login Screen: 
2022-07-08 15:27:37,184 [main] INFO angular.pageobjects.c2ctransfer.C2CTransfers - Trying clicking on C2C Heading
2022-07-08 15:27:37,310 [main] INFO angular.pageobjects.c2ctransfer.C2CTransfers - User clicked C2C Heading Link.
2022-07-08 15:27:37,316 [main] INFO angular.pageobjects.c2ctransfer.C2CTransfers - Trying clicking on C2C Transaction Heading
2022-07-08 15:27:37,491 [main] INFO angular.pageobjects.c2ctransfer.C2CTransfers - User clicked C2C Transaction Heading Link.
2022-07-08 15:27:37,495 [main] INFO angular.feature.C2CBuyRevamp - C2C Heading and Transaction Heading is clicked
2022-07-08 15:27:37,499 [main] INFO angular.pageobjects.c2ctransfer.C2CTransfers - Trying clicking on C2C Return Heading
2022-07-08 15:27:37,655 [main] INFO angular.pageobjects.c2ctransfer.C2CTransfers - User clicked C2C Return Heading.
2022-07-08 15:27:37,659 [main] INFO angular.pageobjects.c2ctransfer.C2CTransfers - Trying to select C2C Buyer Type
2022-07-08 15:27:37,901 [main] INFO angular.pageobjects.c2ctransfer.C2CTransfers - C2C Buyer Type selected : 
2022-07-08 15:27:37,905 [main] INFO angular.pageobjects.c2ctransfer.C2CTransfers - Entering C2C MSISDN
2022-07-08 15:27:38,090 [main] INFO angular.pageobjects.c2ctransfer.C2CTransfers - Entered C2C MSISDN : 8905169743
2022-07-08 15:27:48,107 [main] INFO angular.pageobjects.c2ctransfer.C2CTransfers - Trying clicking on PROCEED button on C2C
2022-07-08 15:27:50,276 [main] INFO angular.pageobjects.c2ctransfer.C2CTransfers - Clicked PROCEED button on C2C.
2022-07-08 15:27:50,299 [main] INFO angular.pageobjects.c2ctransfer.C2CTransfers - Trying to initiate C2C Topups
2022-07-08 15:27:50,441 [main] INFO angular.pageobjects.c2ctransfer.C2CTransfers - rowCount of c2c topups available on screen : 2
2022-07-08 15:27:50,444 [main] INFO angular.pageobjects.c2ctransfer.C2CTransfers - sheetProductCode : eTopUP
2022-07-08 15:27:50,448 [main] INFO angular.pageobjects.c2ctransfer.C2CTransfers - sheetProductCode : PeTopUP
2022-07-08 15:27:50,452 [main] INFO angular.pageobjects.c2ctransfer.C2CTransfers - Entered Quantities: 
2022-07-08 15:27:50,652 [main] INFO angular.pageobjects.c2ctransfer.C2CTransfers - User entered Remarks
2022-07-08 15:27:50,656 [main] INFO angular.pageobjects.c2ctransfer.C2CTransfers - Trying clicking on C2C Return button
2022-07-08 15:27:50,755 [main] INFO angular.pageobjects.c2ctransfer.C2CTransfers - Clicked C2C Return Button
2022-07-08 15:28:11,010 [main] INFO angular.pageobjects.c2ctransfer.C2CTransfers - PIN Popup is not visible.
2022-07-08 15:28:32,060 [main] ERROR com.sshmanager.SSHService - Error while getting SSH Server Instance : com.jcraft.jsch.JSchException: java.net.ConnectException: Connection timed out: connect
2022-07-08 15:28:32,372 [main] INFO angular.feature.C2CBuyRevamp - Exiting performC2CReturnMobileBuyerType
2022-07-08 15:28:32,376 [main] INFO angular.testscripts.prereuisitesangular.PreRequisite_C2CReturn_Revamp -  -----------------  Test Case Execution completed for A_01_Test_C2CReturnMobileBuyerType -----------------
2022-07-08 15:28:32,778 [main] INFO angular.testscripts.prereuisitesangular.PreRequisite_C2CReturn_Revamp - ------------------ Test Case Execution Started For A_01_Test_C2CReturnMobileBuyerType -------------------
2022-07-08 15:28:32,778 [main] INFO angular.testscripts.prereuisitesangular.PreRequisite_C2CReturn_Revamp - Entered A_01_Test_C2CReturnMobileBuyerType(Agent, Super Distributor, 8964109634, 2468, Distributor, Root, AR, 1)
2022-07-08 15:28:32,781 [main] INFO com.dbrepository.OracleRepository - Entered getPreference(DIST, NG, MAX_APPROVAL_LEVEL_C2C_TRANSFER)
2022-07-08 15:28:32,783 [main] INFO com.dbrepository.DBConnectionPool - Active Size:0 Cache Size:10
2022-07-08 15:28:32,879 [main] INFO com.dbrepository.OracleRepository - Service Class Preference Not Found
2022-07-08 15:28:32,881 [main] INFO com.dbrepository.OracleRepository - Trying to get Preference value from Control Preferences
2022-07-08 15:28:32,973 [main] INFO com.dbrepository.OracleRepository - Query Repository Returns: DEFAULT_VALUE (3)
2022-07-08 15:28:33,019 [main] INFO com.utils.CommonUtils - Category Code for Agent: AG
2022-07-08 15:28:33,040 [main] INFO com.dbrepository.OracleRepository - Entered webInterface(Agent)
2022-07-08 15:28:33,041 [main] INFO com.dbrepository.DBConnectionPool - Active Size:0 Cache Size:10
2022-07-08 15:28:33,042 [main] INFO com.dbrepository.OracleRepository - webInterface() :: select query: Select WEB_INTERFACE_ALLOWED from categories where category_name= ?
2022-07-08 15:28:33,129 [main] INFO com.dbrepository.OracleRepository - Database Returns: WEB_INTERFACE_ALLOWED (Y)
2022-07-08 15:28:33,131 [main] INFO com.dbrepository.OracleRepository - Exited webInterface()
2022-07-08 15:28:33,135 [main] INFO angular.feature.C2CBuyRevamp - Entered performC2CBuyMobileBuyerType(Agent, Super Distributor, 8964109634, 2468)
2022-07-08 15:28:33,183 [main] INFO angular.classes.LoginRevamp - Login ID Found as: agusernew
2022-07-08 15:28:33,184 [main] INFO angular.classes.LoginRevamp - Password Found as: Com@2468
2022-07-08 15:28:33,185 [main] INFO angular.feature.C2CBuyRevamp - LOGINID : agusernew
2022-07-08 15:28:33,202 [main] INFO angular.classes.LoginRevamp - LoginID found as: agusernew
2022-07-08 15:28:33,203 [main] INFO angular.classes.LoginRevamp - Password found as: Com@2468
2022-07-08 15:28:33,204 [main] INFO angular.classes.LoginRevamp - Username found as: agentuser
2022-07-08 15:28:33,700 [main] INFO angular.pageobjects.loginpages.LoginPageRevamp - Trying to select Language
2022-07-08 15:28:43,922 [main] INFO angular.pageobjects.loginpages.LoginPageRevamp - <b>Language Selector Not Found:</b>
2022-07-08 15:28:43,952 [main] INFO angular.pageobjects.loginpages.LoginPageRevamp - Trying to enter Login ID
2022-07-08 15:28:44,114 [main] INFO angular.pageobjects.loginpages.LoginPageRevamp - Login ID entered successfully as: agusernew
2022-07-08 15:28:44,116 [main] INFO angular.pageobjects.loginpages.LoginPageRevamp - Trying to enter Password
2022-07-08 15:28:44,289 [main] INFO angular.pageobjects.loginpages.LoginPageRevamp - Password entered successfully as: Com@2468
2022-07-08 15:28:44,290 [main] INFO angular.pageobjects.loginpages.LoginPageRevamp - Trying to click Login Button
2022-07-08 15:28:44,377 [main] INFO angular.pageobjects.loginpages.LoginPageRevamp - Login button clicked successfully
2022-07-08 15:28:44,425 [main] INFO angular.pageobjects.loginpages.LoginPageRevamp - Error Message Found on Login Screen: 
2022-07-08 15:28:52,447 [main] INFO angular.pageobjects.c2ctransfer.C2CTransfers - Trying clicking on C2C Heading
2022-07-08 15:28:52,540 [main] INFO angular.pageobjects.c2ctransfer.C2CTransfers - User clicked C2C Heading Link.
2022-07-08 15:28:52,543 [main] INFO angular.feature.C2CBuyRevamp - C2C Heading and Transaction Heading is clicked
2022-07-08 15:28:52,545 [main] INFO angular.pageobjects.c2ctransfer.C2CTransfers - Trying clicking on C2C Single Operation Heading
2022-07-08 15:28:52,715 [main] INFO angular.pageobjects.c2ctransfer.C2CTransfers - User clicked C2C Single Operation Heading.
2022-07-08 15:28:52,716 [main] INFO angular.pageobjects.c2ctransfer.C2CTransfers - Trying clicking on C2C Buy Heading
2022-07-08 15:28:52,860 [main] INFO angular.pageobjects.c2ctransfer.C2CTransfers - User clicked C2C Buy Heading.
2022-07-08 15:28:52,861 [main] INFO angular.pageobjects.c2ctransfer.C2CTransfers - Trying clicking on Etopup
2022-07-08 15:28:52,979 [main] INFO angular.pageobjects.c2ctransfer.C2CTransfers - Clicked Etopup.
2022-07-08 15:28:52,980 [main] INFO angular.pageobjects.c2ctransfer.C2CTransfers - Trying to select C2C Buyer Type
2022-07-08 15:28:53,167 [main] INFO angular.pageobjects.c2ctransfer.C2CTransfers - C2C Buyer Type selected : 
2022-07-08 15:28:53,168 [main] INFO angular.pageobjects.c2ctransfer.C2CTransfers - Entering C2C MSISDN
2022-07-08 15:28:53,281 [main] INFO angular.pageobjects.c2ctransfer.C2CTransfers - Entered C2C MSISDN : 8964109634
2022-07-08 15:29:03,286 [main] INFO angular.pageobjects.c2ctransfer.C2CTransfers - Trying clicking on PROCEED button on C2C
2022-07-08 15:29:05,424 [main] INFO angular.pageobjects.c2ctransfer.C2CTransfers - Clicked PROCEED button on C2C.
2022-07-08 15:29:05,450 [main] INFO angular.pageobjects.c2ctransfer.C2CTransfers - Trying to initiate C2C Topups
2022-07-08 15:29:05,670 [main] INFO angular.pageobjects.c2ctransfer.C2CTransfers - rowCount of c2c topups available on screen : 2
2022-07-08 15:29:05,672 [main] INFO angular.pageobjects.c2ctransfer.C2CTransfers - sheetProductCode : eTopUP
2022-07-08 15:29:05,675 [main] INFO angular.pageobjects.c2ctransfer.C2CTransfers - sheetProductCode : PeTopUP
2022-07-08 15:29:05,748 [main] INFO angular.pageobjects.c2ctransfer.C2CTransfers - quantity : 2
2022-07-08 15:29:05,751 [main] INFO angular.pageobjects.c2ctransfer.C2CTransfers - String.valueOf(quantity) SEND KEYS : 2
2022-07-08 15:29:05,900 [main] INFO angular.pageobjects.c2ctransfer.C2CTransfers - rowCount of c2c topups available on screen : 2
2022-07-08 15:29:05,903 [main] INFO angular.pageobjects.c2ctransfer.C2CTransfers - sheetProductCode : eTopUP
2022-07-08 15:29:05,963 [main] INFO angular.pageobjects.c2ctransfer.C2CTransfers - quantity : 1
2022-07-08 15:29:05,967 [main] INFO angular.pageobjects.c2ctransfer.C2CTransfers - String.valueOf(quantity) SEND KEYS : 1
2022-07-08 15:29:05,971 [main] INFO angular.pageobjects.c2ctransfer.C2CTransfers - sheetProductCode : PeTopUP
2022-07-08 15:29:05,975 [main] INFO angular.pageobjects.c2ctransfer.C2CTransfers - Entered Quantities: 
2022-07-08 15:29:06,143 [main] INFO angular.pageobjects.c2ctransfer.C2CTransfers - Entered Reference Number
2022-07-08 15:29:06,380 [main] INFO angular.pageobjects.c2ctransfer.C2CTransfers - User entered Remarks
2022-07-08 15:29:06,384 [main] INFO angular.pageobjects.c2ctransfer.C2CTransfers - Trying to select Payment mode : Cash
2022-07-08 15:29:06,669 [main] INFO angular.pageobjects.c2ctransfer.C2CTransfers - Selected Payment Mode : Cash
2022-07-08 15:29:06,673 [main] INFO angular.pageobjects.c2ctransfer.C2CTransfers - Trying to select Payment Instrument Number
2022-07-08 15:29:06,815 [main] INFO angular.pageobjects.c2ctransfer.C2CTransfers - User entered PaymentInstNum: 124231
2022-07-08 15:29:06,819 [main] INFO angular.pageobjects.c2ctransfer.C2CTransfers - Trying to select Date
2022-07-08 15:29:06,823 [main] INFO angular.pageobjects.c2ctransfer.C2CTransfers - Trying to enter Payment Instrument Date
2022-07-08 15:29:07,045 [main] INFO angular.pageobjects.c2ctransfer.C2CTransfers - User entered PaymentInstDate: 08/07/22
2022-07-08 15:29:07,050 [main] INFO angular.pageobjects.c2ctransfer.C2CTransfers - Trying clicking on C2C TRANSFER button
2022-07-08 15:29:07,203 [main] INFO angular.pageobjects.c2ctransfer.C2CTransfers - Clicked C2C Transfer Button
2022-07-08 15:29:07,845 [main] INFO angular.pageobjects.c2ctransfer.C2CTransfers - PIN PopUP is visible.
2022-07-08 15:29:07,849 [main] INFO angular.pageobjects.c2ctransfer.C2CTransfers - Trying to Enter Channel User PIN for C2C
2022-07-08 15:29:07,995 [main] INFO angular.pageobjects.c2ctransfer.C2CTransfers - User entered PIN: 2468
2022-07-08 15:29:08,000 [main] INFO angular.pageobjects.c2ctransfer.C2CTransfers - Trying clicking on C2C TRANSFER button
2022-07-08 15:29:08,142 [main] INFO angular.pageobjects.c2ctransfer.C2CTransfers - Clicked C2C Transfer Button
2022-07-08 15:29:09,257 [main] INFO angular.pageobjects.c2ctransfer.C2CTransfers - PIN PopUP is visible.
2022-07-08 15:29:09,261 [main] INFO angular.pageobjects.c2ctransfer.C2CTransfers - Fetching C2C Buy Request Initiated Message
2022-07-08 15:29:09,336 [main] INFO angular.pageobjects.c2ctransfer.C2CTransfers - C2C Transfer Buy Initiated Message : Stock Purchase Request Initiated
2022-07-08 15:29:09,339 [main] INFO angular.pageobjects.c2ctransfer.C2CTransfers - Trying to get C2C Topups Done
2022-07-08 15:29:09,476 [main] INFO angular.pageobjects.c2ctransfer.C2CTransfers - C2C [[ChromeDriver: chrome on WINDOWS (c8fb2683dc90bd8c154f3d3c9c3275d1)] -> xpath: (//label[@class='labelposPrd'])[1]] : [[ChromeDriver: chrome on WINDOWS (c8fb2683dc90bd8c154f3d3c9c3275d1)] -> xpath: (//label[@class='labelposPrd'])[1]/following-sibling::label]
2022-07-08 15:29:09,509 [main] INFO angular.pageobjects.c2ctransfer.C2CTransfers - C2C [[ChromeDriver: chrome on WINDOWS (c8fb2683dc90bd8c154f3d3c9c3275d1)] -> xpath: (//label[@class='labelposPrd'])[2]] : [[ChromeDriver: chrome on WINDOWS (c8fb2683dc90bd8c154f3d3c9c3275d1)] -> xpath: (//label[@class='labelposPrd'])[2]/following-sibling::label]
2022-07-08 15:29:09,512 [main] INFO angular.pageobjects.c2ctransfer.C2CTransfers -  C2C TOPUPS Done and Info Printed Above
2022-07-08 15:29:14,516 [main] INFO angular.pageobjects.c2ctransfer.C2CTransfers - Fetching C2C Purchase Transaction ID
2022-07-08 15:29:14,618 [main] INFO angular.pageobjects.c2ctransfer.C2CTransfers - C2C Purchase Transaction ID : CT220708.1521.100001
2022-07-08 15:29:35,670 [main] ERROR com.sshmanager.SSHService - Error while getting SSH Server Instance : com.jcraft.jsch.JSchException: java.net.ConnectException: Connection timed out: connect
2022-07-08 15:29:35,831 [main] INFO angular.pageobjects.c2ctransfer.C2CTransfers - Trying to Click DONE button after C2C Purchase initiated
2022-07-08 15:29:35,969 [main] INFO angular.pageobjects.c2ctransfer.C2CTransfers - Clicked Done for Initiated C2C
2022-07-08 15:29:35,971 [main] INFO angular.feature.C2CBuyRevamp - Exiting performC2CBuyMobileBuyerType
2022-07-08 15:29:35,977 [main] INFO angular.feature.C2CBuyRevamp - Entered performC2CTransferMobileBuyerType(Super Distributor, Agent, 2468)
2022-07-08 15:29:36,097 [main] INFO angular.classes.LoginRevamp - Login ID Found as: suser
2022-07-08 15:29:36,101 [main] INFO angular.classes.LoginRevamp - Password Found as: Com@2469
2022-07-08 15:29:36,105 [main] INFO angular.feature.C2CBuyRevamp - LOGINID : suser
2022-07-08 15:29:36,182 [main] INFO angular.classes.LoginRevamp - LoginID found as: suser
2022-07-08 15:29:36,187 [main] INFO angular.classes.LoginRevamp - Password found as: Com@2469
2022-07-08 15:29:36,190 [main] INFO angular.classes.LoginRevamp - Username found as:  suser
2022-07-08 15:29:36,566 [main] INFO angular.pageobjects.loginpages.LoginPageRevamp - Trying to select Language
2022-07-08 15:29:46,908 [main] INFO angular.pageobjects.loginpages.LoginPageRevamp - <b>Language Selector Not Found:</b>
2022-07-08 15:29:46,934 [main] INFO angular.pageobjects.loginpages.LoginPageRevamp - Trying to enter Login ID
2022-07-08 15:29:47,132 [main] INFO angular.pageobjects.loginpages.LoginPageRevamp - Login ID entered successfully as: suser
2022-07-08 15:29:47,135 [main] INFO angular.pageobjects.loginpages.LoginPageRevamp - Trying to enter Password
2022-07-08 15:29:47,364 [main] INFO angular.pageobjects.loginpages.LoginPageRevamp - Password entered successfully as: Com@2469
2022-07-08 15:29:47,370 [main] INFO angular.pageobjects.loginpages.LoginPageRevamp - Trying to click Login Button
2022-07-08 15:29:47,521 [main] INFO angular.pageobjects.loginpages.LoginPageRevamp - Login button clicked successfully
2022-07-08 15:29:47,604 [main] INFO angular.pageobjects.loginpages.LoginPageRevamp - Error Message Found on Login Screen: 
2022-07-08 15:29:57,203 [main] INFO angular.pageobjects.c2capproval.C2CApproval - Trying clicking on C2C Heading
2022-07-08 15:29:57,296 [main] INFO angular.pageobjects.c2capproval.C2CApproval - User clicked C2C Heading Link.
2022-07-08 15:29:57,297 [main] INFO angular.pageobjects.c2capproval.C2CApproval - Trying clicking on C2C Approval Level 1 Heading
2022-07-08 15:29:57,469 [main] INFO angular.pageobjects.c2capproval.C2CApproval - User clicked C2C Approval Level 1 Heading Link.
2022-07-08 15:29:57,471 [main] INFO angular.feature.C2CBuyRevamp - C2C Heading and Transaction Heading is clicked
2022-07-08 15:29:57,473 [main] INFO angular.pageobjects.c2capproval.C2CApproval - Waiting for spinner
2022-07-08 15:29:59,136 [main] INFO angular.pageobjects.c2capproval.C2CApproval - Waiting for spinner to stop
2022-07-08 15:30:00,828 [main] INFO angular.pageobjects.c2capproval.C2CApproval - Spinner stopped
2022-07-08 15:30:00,831 [main] INFO angular.pageobjects.c2capproval.C2CApproval - Trying clicking on C2C Single Operation Heading
2022-07-08 15:30:00,936 [main] INFO angular.pageobjects.c2capproval.C2CApproval - User clicked C2C Single Operation Heading.
2022-07-08 15:30:00,940 [main] INFO angular.pageobjects.c2capproval.C2CApproval - Trying clicking on etopUp Heading
2022-07-08 15:30:01,043 [main] INFO angular.pageobjects.c2capproval.C2CApproval - User clicked eTopup Heading Link.
2022-07-08 15:30:01,047 [main] INFO angular.pageobjects.c2capproval.C2CApproval - Trying to enter the TransactionId
2022-07-08 15:30:01,464 [main] INFO angular.pageobjects.c2capproval.C2CApproval - Entered the TransactionId
2022-07-08 15:30:01,467 [main] INFO angular.pageobjects.c2capproval.C2CApproval - Trying to Click the approve button
2022-07-08 15:30:01,617 [main] INFO angular.pageobjects.c2capproval.C2CApproval - User clicked Approve Button	.
2022-07-08 15:30:01,621 [main] INFO angular.pageobjects.c2capproval.C2CApproval - Trying to enter the remarks
2022-07-08 15:30:01,830 [main] INFO angular.pageobjects.c2capproval.C2CApproval - Entered the TransactionId
2022-07-08 15:30:02,840 [main] INFO angular.pageobjects.c2capproval.C2CApproval - Trying to Click the approve button
2022-07-08 15:30:02,935 [main] INFO angular.pageobjects.c2capproval.C2CApproval - User clicked Approve Button	.
2022-07-08 15:30:02,938 [main] INFO angular.pageobjects.c2capproval.C2CApproval - Trying to Click the yes button
2022-07-08 15:30:08,061 [main] INFO angular.pageobjects.c2capproval.C2CApproval - User clicked Yes Button.
2022-07-08 15:30:09,201 [main] INFO angular.pageobjects.c2capproval.C2CApproval - PopUP is visible.
2022-07-08 15:30:09,204 [main] INFO angular.pageobjects.c2capproval.C2CApproval - Trying to get the Success Msg
2022-07-08 15:30:09,285 [main] INFO angular.pageobjects.c2capproval.C2CApproval - Successfully Retrieved Success Msg
2022-07-08 15:30:09,288 [main] INFO com.utils.Assertion - <pre><b>Expected: </b>Transaction Approved<br><b>Found: </b>Transaction Approved</pre>
2022-07-08 15:30:09,484 [main] INFO angular.pageobjects.c2capproval.C2CApproval - Trying to get the TxndID
2022-07-08 15:30:09,530 [main] INFO angular.pageobjects.c2capproval.C2CApproval - Successfully retrieved TxnId
2022-07-08 15:30:30,587 [main] ERROR com.sshmanager.SSHService - Error while getting SSH Server Instance : com.jcraft.jsch.JSchException: java.net.ConnectException: Connection timed out: connect
2022-07-08 15:30:30,612 [main] INFO angular.pageobjects.c2capproval.C2CApproval - Trying to click Done Button
2022-07-08 15:30:30,724 [main] INFO angular.pageobjects.c2capproval.C2CApproval - Done Button successfully clicked
2022-07-08 15:30:30,728 [main] INFO angular.feature.C2CBuyRevamp - Entered performC2CTransferMobileBuyerType(Super Distributor, Agent, 2468)
2022-07-08 15:30:30,885 [main] INFO angular.classes.LoginRevamp - Login ID Found as: suser
2022-07-08 15:30:30,889 [main] INFO angular.classes.LoginRevamp - Password Found as: Com@2469
2022-07-08 15:30:30,894 [main] INFO angular.feature.C2CBuyRevamp - LOGINID : suser
2022-07-08 15:30:30,950 [main] INFO angular.classes.LoginRevamp - LoginID found as: suser
2022-07-08 15:30:30,953 [main] INFO angular.classes.LoginRevamp - Password found as: Com@2469
2022-07-08 15:30:30,956 [main] INFO angular.classes.LoginRevamp - Username found as:  suser
2022-07-08 15:30:31,932 [main] INFO angular.pageobjects.loginpages.LoginPageRevamp - Trying to select Language
2022-07-08 15:30:42,192 [main] INFO angular.pageobjects.loginpages.LoginPageRevamp - <b>Language Selector Not Found:</b>
2022-07-08 15:30:42,218 [main] INFO angular.pageobjects.loginpages.LoginPageRevamp - Trying to enter Login ID
2022-07-08 15:30:42,436 [main] INFO angular.pageobjects.loginpages.LoginPageRevamp - Login ID entered successfully as: suser
2022-07-08 15:30:42,439 [main] INFO angular.pageobjects.loginpages.LoginPageRevamp - Trying to enter Password
2022-07-08 15:30:42,643 [main] INFO angular.pageobjects.loginpages.LoginPageRevamp - Password entered successfully as: Com@2469
2022-07-08 15:30:42,647 [main] INFO angular.pageobjects.loginpages.LoginPageRevamp - Trying to click Login Button
2022-07-08 15:30:42,773 [main] INFO angular.pageobjects.loginpages.LoginPageRevamp - Login button clicked successfully
2022-07-08 15:30:42,834 [main] INFO angular.pageobjects.loginpages.LoginPageRevamp - Error Message Found on Login Screen: 
2022-07-08 15:30:52,994 [main] INFO angular.pageobjects.c2capproval.C2CApproval - Trying clicking on C2C Heading
2022-07-08 15:30:53,134 [main] INFO angular.pageobjects.c2capproval.C2CApproval - User clicked C2C Heading Link.
2022-07-08 15:30:53,137 [main] INFO angular.pageobjects.c2capproval.C2CApproval - Trying clicking on C2C Approval Level 2 Heading
2022-07-08 15:30:53,344 [main] INFO angular.pageobjects.c2capproval.C2CApproval - User clicked C2C Approval Level 2 Heading Link.
2022-07-08 15:30:53,349 [main] INFO angular.feature.C2CBuyRevamp - C2C Heading and Transaction Heading is clicked
2022-07-08 15:30:53,353 [main] INFO angular.pageobjects.c2capproval.C2CApproval - Waiting for spinner
2022-07-08 15:30:53,946 [main] INFO angular.pageobjects.c2capproval.C2CApproval - Waiting for spinner to stop
2022-07-08 15:30:56,178 [main] INFO angular.pageobjects.c2capproval.C2CApproval - Spinner stopped
2022-07-08 15:30:56,205 [main] INFO angular.pageobjects.c2capproval.C2CApproval - Trying clicking on C2C Single Operation Heading
2022-07-08 15:30:56,317 [main] INFO angular.pageobjects.c2capproval.C2CApproval - User clicked C2C Single Operation Heading.
2022-07-08 15:30:56,321 [main] INFO angular.pageobjects.c2capproval.C2CApproval - Trying clicking on etopUp Heading
2022-07-08 15:30:56,427 [main] INFO angular.pageobjects.c2capproval.C2CApproval - User clicked eTopup Heading Link.
2022-07-08 15:30:56,431 [main] INFO angular.pageobjects.c2capproval.C2CApproval - Trying to enter the TransactionId
2022-07-08 15:30:56,893 [main] INFO angular.pageobjects.c2capproval.C2CApproval - Entered the TransactionId
2022-07-08 15:30:56,898 [main] INFO angular.pageobjects.c2capproval.C2CApproval - Trying to Click the approve button
2022-07-08 15:31:17,095 [main] INFO com.classes.BaseTest - org.openqa.selenium.TimeoutException: Expected condition failed: waiting for visibility of element located by By.xpath: (//a[@class='approveClass'])[2] (tried for 20 second(s) with 500 milliseconds interval)
2022-07-08 15:31:38,122 [main] ERROR com.sshmanager.SSHService - Error while getting SSH Server Instance : com.jcraft.jsch.JSchException: java.net.ConnectException: Connection timed out: connect
2022-07-08 15:31:38,458 [main] INFO angular.testscripts.prereuisitesangular.PreRequisite_C2CReturn_Revamp - ------------------ Test Case Execution Started For A_01_Test_C2CReturnMobileBuyerType -------------------
2022-07-08 15:31:38,458 [main] INFO angular.testscripts.prereuisitesangular.PreRequisite_C2CReturn_Revamp - Entered A_01_Test_C2CReturnMobileBuyerType(Agent, Dealer, 9081573214, 2468, Distributor, Super Distributor, SA, 2)
2022-07-08 15:31:38,462 [main] INFO com.dbrepository.OracleRepository - Entered getPreference(SE, NG, MAX_APPROVAL_LEVEL_C2C_TRANSFER)
2022-07-08 15:31:38,466 [main] INFO com.dbrepository.DBConnectionPool - Active Size:0 Cache Size:10
2022-07-08 15:31:38,568 [main] INFO com.dbrepository.OracleRepository - Service Class Preference Not Found
2022-07-08 15:31:38,572 [main] INFO com.dbrepository.OracleRepository - Trying to get Preference value from Control Preferences
2022-07-08 15:31:38,729 [main] INFO com.dbrepository.OracleRepository - Query Repository Returns: DEFAULT_VALUE (3)
2022-07-08 15:31:38,845 [main] INFO com.utils.CommonUtils - Category Code for Agent: AG
2022-07-08 15:31:38,902 [main] INFO com.dbrepository.OracleRepository - Entered webInterface(Agent)
2022-07-08 15:31:38,906 [main] INFO com.dbrepository.DBConnectionPool - Active Size:0 Cache Size:10
2022-07-08 15:31:38,910 [main] INFO com.dbrepository.OracleRepository - webInterface() :: select query: Select WEB_INTERFACE_ALLOWED from categories where category_name= ?
2022-07-08 15:31:39,026 [main] INFO com.dbrepository.OracleRepository - Database Returns: WEB_INTERFACE_ALLOWED (Y)
2022-07-08 15:31:39,030 [main] INFO com.dbrepository.OracleRepository - Exited webInterface()
2022-07-08 15:31:39,036 [main] INFO angular.feature.C2CBuyRevamp - Entered performC2CBuyMobileBuyerType(Agent, Dealer, 9081573214, 2468)
2022-07-08 15:31:39,167 [main] INFO angular.classes.LoginRevamp - Login ID Found as: agusernew
2022-07-08 15:31:39,170 [main] INFO angular.classes.LoginRevamp - Password Found as: Com@2468
2022-07-08 15:31:39,174 [main] INFO angular.feature.C2CBuyRevamp - LOGINID : agusernew
2022-07-08 15:31:39,242 [main] INFO angular.classes.LoginRevamp - LoginID found as: agusernew
2022-07-08 15:31:39,247 [main] INFO angular.classes.LoginRevamp - Password found as: Com@2468
2022-07-08 15:31:39,251 [main] INFO angular.classes.LoginRevamp - Username found as: agentuser
2022-07-08 15:31:39,612 [main] INFO angular.pageobjects.loginpages.LoginPageRevamp - Trying to select Language
2022-07-08 15:31:49,972 [main] INFO angular.pageobjects.loginpages.LoginPageRevamp - <b>Language Selector Not Found:</b>
2022-07-08 15:31:50,001 [main] INFO angular.pageobjects.loginpages.LoginPageRevamp - Trying to enter Login ID
2022-07-08 15:31:50,209 [main] INFO angular.pageobjects.loginpages.LoginPageRevamp - Login ID entered successfully as: agusernew
2022-07-08 15:31:50,213 [main] INFO angular.pageobjects.loginpages.LoginPageRevamp - Trying to enter Password
2022-07-08 15:31:50,431 [main] INFO angular.pageobjects.loginpages.LoginPageRevamp - Password entered successfully as: Com@2468
2022-07-08 15:31:50,435 [main] INFO angular.pageobjects.loginpages.LoginPageRevamp - Trying to click Login Button
2022-07-08 15:31:50,577 [main] INFO angular.pageobjects.loginpages.LoginPageRevamp - Login button clicked successfully
2022-07-08 15:31:50,634 [main] INFO angular.pageobjects.loginpages.LoginPageRevamp - Error Message Found on Login Screen: 
2022-07-08 15:31:59,236 [main] INFO angular.pageobjects.c2ctransfer.C2CTransfers - Trying clicking on C2C Heading
2022-07-08 15:31:59,373 [main] INFO angular.pageobjects.c2ctransfer.C2CTransfers - User clicked C2C Heading Link.
2022-07-08 15:31:59,375 [main] INFO angular.feature.C2CBuyRevamp - C2C Heading and Transaction Heading is clicked
2022-07-08 15:31:59,378 [main] INFO angular.pageobjects.c2ctransfer.C2CTransfers - Trying clicking on C2C Single Operation Heading
2022-07-08 15:31:59,610 [main] INFO angular.pageobjects.c2ctransfer.C2CTransfers - User clicked C2C Single Operation Heading.
2022-07-08 15:31:59,613 [main] INFO angular.pageobjects.c2ctransfer.C2CTransfers - Trying clicking on C2C Buy Heading
2022-07-08 15:31:59,818 [main] INFO angular.pageobjects.c2ctransfer.C2CTransfers - User clicked C2C Buy Heading.
2022-07-08 15:31:59,821 [main] INFO angular.pageobjects.c2ctransfer.C2CTransfers - Trying clicking on Etopup
2022-07-08 15:31:59,951 [main] INFO angular.pageobjects.c2ctransfer.C2CTransfers - Clicked Etopup.
2022-07-08 15:31:59,955 [main] INFO angular.pageobjects.c2ctransfer.C2CTransfers - Trying to select C2C Buyer Type
2022-07-08 15:32:00,197 [main] INFO angular.pageobjects.c2ctransfer.C2CTransfers - C2C Buyer Type selected : 
2022-07-08 15:32:00,201 [main] INFO angular.pageobjects.c2ctransfer.C2CTransfers - Entering C2C MSISDN
2022-07-08 15:32:00,348 [main] INFO angular.pageobjects.c2ctransfer.C2CTransfers - Entered C2C MSISDN : 9081573214
2022-07-08 15:32:10,354 [main] INFO angular.pageobjects.c2ctransfer.C2CTransfers - Trying clicking on PROCEED button on C2C
2022-07-08 15:32:12,494 [main] INFO angular.pageobjects.c2ctransfer.C2CTransfers - Clicked PROCEED button on C2C.
2022-07-08 15:32:12,520 [main] INFO angular.pageobjects.c2ctransfer.C2CTransfers - Trying to initiate C2C Topups
2022-07-08 15:32:12,719 [main] INFO angular.pageobjects.c2ctransfer.C2CTransfers - rowCount of c2c topups available on screen : 2
2022-07-08 15:32:12,724 [main] INFO angular.pageobjects.c2ctransfer.C2CTransfers - sheetProductCode : eTopUP
2022-07-08 15:32:12,728 [main] INFO angular.pageobjects.c2ctransfer.C2CTransfers - sheetProductCode : PeTopUP
2022-07-08 15:32:12,796 [main] INFO angular.pageobjects.c2ctransfer.C2CTransfers - quantity : 2
2022-07-08 15:32:12,799 [main] INFO angular.pageobjects.c2ctransfer.C2CTransfers - String.valueOf(quantity) SEND KEYS : 2
2022-07-08 15:32:12,977 [main] INFO angular.pageobjects.c2ctransfer.C2CTransfers - rowCount of c2c topups available on screen : 2
2022-07-08 15:32:12,981 [main] INFO angular.pageobjects.c2ctransfer.C2CTransfers - sheetProductCode : eTopUP
2022-07-08 15:32:13,069 [main] INFO angular.pageobjects.c2ctransfer.C2CTransfers - quantity : 3
2022-07-08 15:32:13,073 [main] INFO angular.pageobjects.c2ctransfer.C2CTransfers - String.valueOf(quantity) SEND KEYS : 3
2022-07-08 15:32:13,077 [main] INFO angular.pageobjects.c2ctransfer.C2CTransfers - sheetProductCode : PeTopUP
2022-07-08 15:32:13,080 [main] INFO angular.pageobjects.c2ctransfer.C2CTransfers - Entered Quantities: 
2022-07-08 15:32:13,270 [main] INFO angular.pageobjects.c2ctransfer.C2CTransfers - Entered Reference Number
2022-07-08 15:32:13,495 [main] INFO angular.pageobjects.c2ctransfer.C2CTransfers - User entered Remarks
2022-07-08 15:32:13,501 [main] INFO angular.pageobjects.c2ctransfer.C2CTransfers - Trying to select Payment mode : Cash
2022-07-08 15:32:13,822 [main] INFO angular.pageobjects.c2ctransfer.C2CTransfers - Selected Payment Mode : Cash
2022-07-08 15:32:13,826 [main] INFO angular.pageobjects.c2ctransfer.C2CTransfers - Trying to select Payment Instrument Number
2022-07-08 15:32:13,955 [main] INFO angular.pageobjects.c2ctransfer.C2CTransfers - User entered PaymentInstNum: 124231
2022-07-08 15:32:13,958 [main] INFO angular.pageobjects.c2ctransfer.C2CTransfers - Trying to select Date
2022-07-08 15:32:13,962 [main] INFO angular.pageobjects.c2ctransfer.C2CTransfers - Trying to enter Payment Instrument Date
2022-07-08 15:32:14,141 [main] INFO angular.pageobjects.c2ctransfer.C2CTransfers - User entered PaymentInstDate: 08/07/22
2022-07-08 15:32:14,146 [main] INFO angular.pageobjects.c2ctransfer.C2CTransfers - Trying clicking on C2C TRANSFER button
2022-07-08 15:32:14,321 [main] INFO angular.pageobjects.c2ctransfer.C2CTransfers - Clicked C2C Transfer Button
2022-07-08 15:32:14,923 [main] INFO angular.pageobjects.c2ctransfer.C2CTransfers - PIN PopUP is visible.
2022-07-08 15:32:14,927 [main] INFO angular.pageobjects.c2ctransfer.C2CTransfers - Trying to Enter Channel User PIN for C2C
2022-07-08 15:32:15,058 [main] INFO angular.pageobjects.c2ctransfer.C2CTransfers - User entered PIN: 2468
2022-07-08 15:32:15,063 [main] INFO angular.pageobjects.c2ctransfer.C2CTransfers - Trying clicking on C2C TRANSFER button
2022-07-08 15:32:15,204 [main] INFO angular.pageobjects.c2ctransfer.C2CTransfers - Clicked C2C Transfer Button
2022-07-08 15:32:15,810 [main] INFO angular.pageobjects.c2ctransfer.C2CTransfers - PIN PopUP is visible.
2022-07-08 15:32:15,814 [main] INFO angular.pageobjects.c2ctransfer.C2CTransfers - Fetching C2C Buy Request Initiated Message
2022-07-08 15:32:15,888 [main] INFO angular.pageobjects.c2ctransfer.C2CTransfers - C2C Transfer Buy Initiated Message : Stock Purchase Request Initiated
2022-07-08 15:32:15,892 [main] INFO angular.pageobjects.c2ctransfer.C2CTransfers - Trying to get C2C Topups Done
2022-07-08 15:32:16,043 [main] INFO angular.pageobjects.c2ctransfer.C2CTransfers - C2C [[ChromeDriver: chrome on WINDOWS (c8fb2683dc90bd8c154f3d3c9c3275d1)] -> xpath: (//label[@class='labelposPrd'])[1]] : [[ChromeDriver: chrome on WINDOWS (c8fb2683dc90bd8c154f3d3c9c3275d1)] -> xpath: (//label[@class='labelposPrd'])[1]/following-sibling::label]
2022-07-08 15:32:16,077 [main] INFO angular.pageobjects.c2ctransfer.C2CTransfers - C2C [[ChromeDriver: chrome on WINDOWS (c8fb2683dc90bd8c154f3d3c9c3275d1)] -> xpath: (//label[@class='labelposPrd'])[2]] : [[ChromeDriver: chrome on WINDOWS (c8fb2683dc90bd8c154f3d3c9c3275d1)] -> xpath: (//label[@class='labelposPrd'])[2]/following-sibling::label]
2022-07-08 15:32:16,080 [main] INFO angular.pageobjects.c2ctransfer.C2CTransfers -  C2C TOPUPS Done and Info Printed Above
2022-07-08 15:32:21,083 [main] INFO angular.pageobjects.c2ctransfer.C2CTransfers - Fetching C2C Purchase Transaction ID
2022-07-08 15:32:21,154 [main] INFO angular.pageobjects.c2ctransfer.C2CTransfers - C2C Purchase Transaction ID : CT220708.1524.100001
2022-07-08 15:32:42,178 [main] ERROR com.sshmanager.SSHService - Error while getting SSH Server Instance : com.jcraft.jsch.JSchException: java.net.ConnectException: Connection timed out: connect
2022-07-08 15:32:42,340 [main] INFO angular.pageobjects.c2ctransfer.C2CTransfers - Trying to Click DONE button after C2C Purchase initiated
2022-07-08 15:32:42,505 [main] INFO angular.pageobjects.c2ctransfer.C2CTransfers - Clicked Done for Initiated C2C
2022-07-08 15:32:42,508 [main] INFO angular.feature.C2CBuyRevamp - Exiting performC2CBuyMobileBuyerType
2022-07-08 15:32:42,511 [main] INFO angular.feature.C2CBuyRevamp - Entered performC2CTransferMobileBuyerType(Dealer, Agent, 2468)
2022-07-08 15:32:42,621 [main] INFO angular.classes.LoginRevamp - Login ID Found as: newdealusrr
2022-07-08 15:32:42,625 [main] INFO angular.classes.LoginRevamp - Password Found as: Com@2468
2022-07-08 15:32:42,629 [main] INFO angular.feature.C2CBuyRevamp - LOGINID : newdealusrr
2022-07-08 15:32:42,679 [main] INFO angular.classes.LoginRevamp - LoginID found as: newdealusrr
2022-07-08 15:32:42,682 [main] INFO angular.classes.LoginRevamp - Password found as: Com@2468
2022-07-08 15:32:42,685 [main] INFO angular.classes.LoginRevamp - Username found as: dealuser
2022-07-08 15:32:42,995 [main] INFO angular.pageobjects.loginpages.LoginPageRevamp - Trying to select Language
2022-07-08 15:32:53,327 [main] INFO angular.pageobjects.loginpages.LoginPageRevamp - <b>Language Selector Not Found:</b>
2022-07-08 15:32:53,356 [main] INFO angular.pageobjects.loginpages.LoginPageRevamp - Trying to enter Login ID
2022-07-08 15:32:53,577 [main] INFO angular.pageobjects.loginpages.LoginPageRevamp - Login ID entered successfully as: newdealusrr
2022-07-08 15:32:53,582 [main] INFO angular.pageobjects.loginpages.LoginPageRevamp - Trying to enter Password
2022-07-08 15:32:53,805 [main] INFO angular.pageobjects.loginpages.LoginPageRevamp - Password entered successfully as: Com@2468
2022-07-08 15:32:53,809 [main] INFO angular.pageobjects.loginpages.LoginPageRevamp - Trying to click Login Button
2022-07-08 15:32:53,944 [main] INFO angular.pageobjects.loginpages.LoginPageRevamp - Login button clicked successfully
2022-07-08 15:32:54,008 [main] INFO angular.pageobjects.loginpages.LoginPageRevamp - Error Message Found on Login Screen: 
2022-07-08 15:33:04,195 [main] INFO angular.pageobjects.c2capproval.C2CApproval - Trying clicking on C2C Heading
2022-07-08 15:33:04,299 [main] INFO angular.pageobjects.c2capproval.C2CApproval - User clicked C2C Heading Link.
2022-07-08 15:33:04,302 [main] INFO angular.pageobjects.c2capproval.C2CApproval - Trying clicking on C2C Approval Level 1 Heading
2022-07-08 15:33:04,470 [main] INFO angular.pageobjects.c2capproval.C2CApproval - User clicked C2C Approval Level 1 Heading Link.
2022-07-08 15:33:04,473 [main] INFO angular.feature.C2CBuyRevamp - C2C Heading and Transaction Heading is clicked
2022-07-08 15:33:04,476 [main] INFO angular.pageobjects.c2capproval.C2CApproval - Waiting for spinner
2022-07-08 15:33:04,571 [main] INFO angular.pageobjects.c2capproval.C2CApproval - Waiting for spinner to stop
2022-07-08 15:33:06,798 [main] INFO angular.pageobjects.c2capproval.C2CApproval - Spinner stopped
2022-07-08 15:33:06,833 [main] INFO angular.pageobjects.c2capproval.C2CApproval - Trying clicking on C2C Single Operation Heading
2022-07-08 15:33:06,934 [main] INFO angular.pageobjects.c2capproval.C2CApproval - User clicked C2C Single Operation Heading.
2022-07-08 15:33:06,938 [main] INFO angular.pageobjects.c2capproval.C2CApproval - Trying clicking on etopUp Heading
2022-07-08 15:33:07,050 [main] INFO angular.pageobjects.c2capproval.C2CApproval - User clicked eTopup Heading Link.
2022-07-08 15:33:07,055 [main] INFO angular.pageobjects.c2capproval.C2CApproval - Trying to enter the TransactionId
2022-07-08 15:33:07,569 [main] INFO angular.pageobjects.c2capproval.C2CApproval - Entered the TransactionId
2022-07-08 15:33:07,572 [main] INFO angular.pageobjects.c2capproval.C2CApproval - Trying to Click the approve button
2022-07-08 15:33:07,712 [main] INFO angular.pageobjects.c2capproval.C2CApproval - User clicked Approve Button	.
2022-07-08 15:33:07,716 [main] INFO angular.pageobjects.c2capproval.C2CApproval - Trying to enter the remarks
2022-07-08 15:33:07,911 [main] INFO angular.pageobjects.c2capproval.C2CApproval - Entered the TransactionId
2022-07-08 15:33:08,915 [main] INFO angular.pageobjects.c2capproval.C2CApproval - Trying to Click the approve button
2022-07-08 15:33:09,015 [main] INFO angular.pageobjects.c2capproval.C2CApproval - User clicked Approve Button	.
2022-07-08 15:33:09,019 [main] INFO angular.pageobjects.c2capproval.C2CApproval - Trying to Click the yes button
2022-07-08 15:33:34,296 [main] INFO com.classes.BaseTest - org.openqa.selenium.TimeoutException: Expected condition failed: waiting for visibility of element located by By.xpath: //button[@id='confirmApproval1'] (tried for 20 second(s) with 500 milliseconds interval)
2022-07-08 15:33:55,316 [main] ERROR com.sshmanager.SSHService - Error while getting SSH Server Instance : com.jcraft.jsch.JSchException: java.net.ConnectException: Connection timed out: connect
2022-07-08 15:33:55,604 [main] INFO angular.testscripts.prereuisitesangular.PreRequisite_C2CReturn_Revamp - ------------------ Test Case Execution Started For A_01_Test_C2CReturnMobileBuyerType -------------------
2022-07-08 15:33:55,604 [main] INFO angular.testscripts.prereuisitesangular.PreRequisite_C2CReturn_Revamp - Entered A_01_Test_C2CReturnMobileBuyerType(Retailer, Super Distributor, 8964109634, 2468, Distributor, Root, AR, 1)
2022-07-08 15:33:55,608 [main] INFO com.dbrepository.OracleRepository - Entered getPreference(DIST, NG, MAX_APPROVAL_LEVEL_C2C_TRANSFER)
2022-07-08 15:33:55,613 [main] INFO com.dbrepository.DBConnectionPool - Active Size:0 Cache Size:10
2022-07-08 15:33:55,706 [main] INFO com.dbrepository.OracleRepository - Service Class Preference Not Found
2022-07-08 15:33:55,712 [main] INFO com.dbrepository.OracleRepository - Trying to get Preference value from Control Preferences
2022-07-08 15:33:55,800 [main] INFO com.dbrepository.OracleRepository - Query Repository Returns: DEFAULT_VALUE (3)
2022-07-08 15:33:55,885 [main] INFO com.utils.CommonUtils - Category Code for Retailer: RET
2022-07-08 15:33:55,940 [main] INFO com.dbrepository.OracleRepository - Entered webInterface(Retailer)
2022-07-08 15:33:55,944 [main] INFO com.dbrepository.DBConnectionPool - Active Size:0 Cache Size:10
2022-07-08 15:33:55,946 [main] INFO com.dbrepository.OracleRepository - webInterface() :: select query: Select WEB_INTERFACE_ALLOWED from categories where category_name= ?
2022-07-08 15:33:56,036 [main] INFO com.dbrepository.OracleRepository - Database Returns: WEB_INTERFACE_ALLOWED (Y)
2022-07-08 15:33:56,039 [main] INFO com.dbrepository.OracleRepository - Exited webInterface()
2022-07-08 15:33:56,046 [main] INFO angular.feature.C2CBuyRevamp - Entered performC2CBuyMobileBuyerType(Retailer, Super Distributor, 8964109634, 2468)
2022-07-08 15:33:56,160 [main] INFO angular.classes.LoginRevamp - Login ID Found as: sourabhretailer
2022-07-08 15:33:56,164 [main] INFO angular.classes.LoginRevamp - Password Found as: Com@2468
2022-07-08 15:33:56,169 [main] INFO angular.feature.C2CBuyRevamp - LOGINID : sourabhretailer
2022-07-08 15:33:56,236 [main] INFO angular.classes.LoginRevamp - LoginID found as: sourabhretailer
2022-07-08 15:33:56,240 [main] INFO angular.classes.LoginRevamp - Password found as: Com@2468
2022-07-08 15:33:56,243 [main] INFO angular.classes.LoginRevamp - Username found as: userretnew
2022-07-08 15:33:56,590 [main] INFO angular.pageobjects.loginpages.LoginPageRevamp - Trying to select Language
2022-07-08 15:34:06,935 [main] INFO angular.pageobjects.loginpages.LoginPageRevamp - <b>Language Selector Not Found:</b>
2022-07-08 15:34:06,967 [main] INFO angular.pageobjects.loginpages.LoginPageRevamp - Trying to enter Login ID
2022-07-08 15:34:07,190 [main] INFO angular.pageobjects.loginpages.LoginPageRevamp - Login ID entered successfully as: sourabhretailer
2022-07-08 15:34:07,194 [main] INFO angular.pageobjects.loginpages.LoginPageRevamp - Trying to enter Password
2022-07-08 15:34:07,392 [main] INFO angular.pageobjects.loginpages.LoginPageRevamp - Password entered successfully as: Com@2468
2022-07-08 15:34:07,396 [main] INFO angular.pageobjects.loginpages.LoginPageRevamp - Trying to click Login Button
2022-07-08 15:34:07,539 [main] INFO angular.pageobjects.loginpages.LoginPageRevamp - Login button clicked successfully
2022-07-08 15:34:07,599 [main] INFO angular.pageobjects.loginpages.LoginPageRevamp - Error Message Found on Login Screen: 
2022-07-08 15:34:15,679 [main] INFO angular.pageobjects.c2ctransfer.C2CTransfers - Trying clicking on C2C Heading
2022-07-08 15:34:15,805 [main] INFO angular.pageobjects.c2ctransfer.C2CTransfers - User clicked C2C Heading Link.
2022-07-08 15:34:15,810 [main] INFO angular.feature.C2CBuyRevamp - C2C Heading and Transaction Heading is clicked
2022-07-08 15:34:15,812 [main] INFO angular.pageobjects.c2ctransfer.C2CTransfers - Trying clicking on C2C Single Operation Heading
2022-07-08 15:34:16,028 [main] INFO angular.pageobjects.c2ctransfer.C2CTransfers - User clicked C2C Single Operation Heading.
2022-07-08 15:34:16,032 [main] INFO angular.pageobjects.c2ctransfer.C2CTransfers - Trying clicking on C2C Buy Heading
2022-07-08 15:34:16,191 [main] INFO angular.pageobjects.c2ctransfer.C2CTransfers - User clicked C2C Buy Heading.
2022-07-08 15:34:16,194 [main] INFO angular.pageobjects.c2ctransfer.C2CTransfers - Trying clicking on Etopup
2022-07-08 15:34:16,368 [main] INFO angular.pageobjects.c2ctransfer.C2CTransfers - Clicked Etopup.
2022-07-08 15:34:16,372 [main] INFO angular.pageobjects.c2ctransfer.C2CTransfers - Trying to select C2C Buyer Type
2022-07-08 15:34:16,645 [main] INFO angular.pageobjects.c2ctransfer.C2CTransfers - C2C Buyer Type selected : 
2022-07-08 15:34:16,650 [main] INFO angular.pageobjects.c2ctransfer.C2CTransfers - Entering C2C MSISDN
2022-07-08 15:34:16,831 [main] INFO angular.pageobjects.c2ctransfer.C2CTransfers - Entered C2C MSISDN : 8964109634
2022-07-08 15:34:26,833 [main] INFO angular.pageobjects.c2ctransfer.C2CTransfers - Trying clicking on PROCEED button on C2C
2022-07-08 15:34:28,974 [main] INFO angular.pageobjects.c2ctransfer.C2CTransfers - Clicked PROCEED button on C2C.
2022-07-08 15:34:29,000 [main] INFO angular.pageobjects.c2ctransfer.C2CTransfers - Trying to initiate C2C Topups
2022-07-08 15:34:29,191 [main] INFO angular.pageobjects.c2ctransfer.C2CTransfers - rowCount of c2c topups available on screen : 2
2022-07-08 15:34:29,194 [main] INFO angular.pageobjects.c2ctransfer.C2CTransfers - sheetProductCode : eTopUP
2022-07-08 15:34:29,261 [main] INFO angular.pageobjects.c2ctransfer.C2CTransfers - quantity : 1
2022-07-08 15:34:29,266 [main] INFO angular.pageobjects.c2ctransfer.C2CTransfers - String.valueOf(quantity) SEND KEYS : 1
2022-07-08 15:34:29,270 [main] INFO angular.pageobjects.c2ctransfer.C2CTransfers - sheetProductCode : PeTopUP
2022-07-08 15:34:29,273 [main] INFO angular.pageobjects.c2ctransfer.C2CTransfers - Entered Quantities: 
2022-07-08 15:34:29,414 [main] INFO angular.pageobjects.c2ctransfer.C2CTransfers - Entered Reference Number
2022-07-08 15:34:29,626 [main] INFO angular.pageobjects.c2ctransfer.C2CTransfers - User entered Remarks
2022-07-08 15:34:29,630 [main] INFO angular.pageobjects.c2ctransfer.C2CTransfers - Trying to select Payment mode : Cash
2022-07-08 15:34:29,948 [main] INFO angular.pageobjects.c2ctransfer.C2CTransfers - Selected Payment Mode : Cash
2022-07-08 15:34:29,952 [main] INFO angular.pageobjects.c2ctransfer.C2CTransfers - Trying to select Payment Instrument Number
2022-07-08 15:34:30,089 [main] INFO angular.pageobjects.c2ctransfer.C2CTransfers - User entered PaymentInstNum: 124231
2022-07-08 15:34:30,092 [main] INFO angular.pageobjects.c2ctransfer.C2CTransfers - Trying to select Date
2022-07-08 15:34:30,096 [main] INFO angular.pageobjects.c2ctransfer.C2CTransfers - Trying to enter Payment Instrument Date
2022-07-08 15:34:30,277 [main] INFO angular.pageobjects.c2ctransfer.C2CTransfers - User entered PaymentInstDate: 08/07/22
2022-07-08 15:34:30,281 [main] INFO angular.pageobjects.c2ctransfer.C2CTransfers - Trying clicking on C2C TRANSFER button
2022-07-08 15:34:30,425 [main] INFO angular.pageobjects.c2ctransfer.C2CTransfers - Clicked C2C Transfer Button
2022-07-08 15:34:31,568 [main] INFO angular.pageobjects.c2ctransfer.C2CTransfers - PIN PopUP is visible.
2022-07-08 15:34:31,571 [main] INFO angular.pageobjects.c2ctransfer.C2CTransfers - Trying to Enter Channel User PIN for C2C
2022-07-08 15:34:31,691 [main] INFO angular.pageobjects.c2ctransfer.C2CTransfers - User entered PIN: 2468
2022-07-08 15:34:31,695 [main] INFO angular.pageobjects.c2ctransfer.C2CTransfers - Trying clicking on C2C TRANSFER button
2022-07-08 15:34:31,818 [main] INFO angular.pageobjects.c2ctransfer.C2CTransfers - Clicked C2C Transfer Button
2022-07-08 15:34:32,425 [main] INFO angular.pageobjects.c2ctransfer.C2CTransfers - PIN PopUP is visible.
2022-07-08 15:34:32,428 [main] INFO angular.pageobjects.c2ctransfer.C2CTransfers - Fetching C2C Buy Request Initiated Message
2022-07-08 15:34:32,502 [main] INFO angular.pageobjects.c2ctransfer.C2CTransfers - C2C Transfer Buy Initiated Message : Stock Purchase Request Initiated
2022-07-08 15:34:32,507 [main] INFO angular.pageobjects.c2ctransfer.C2CTransfers - Trying to get C2C Topups Done
2022-07-08 15:34:32,645 [main] INFO angular.pageobjects.c2ctransfer.C2CTransfers - C2C [[ChromeDriver: chrome on WINDOWS (c8fb2683dc90bd8c154f3d3c9c3275d1)] -> xpath: (//label[@class='labelposPrd'])[1]] : [[ChromeDriver: chrome on WINDOWS (c8fb2683dc90bd8c154f3d3c9c3275d1)] -> xpath: (//label[@class='labelposPrd'])[1]/following-sibling::label]
2022-07-08 15:34:32,648 [main] INFO angular.pageobjects.c2ctransfer.C2CTransfers -  C2C TOPUPS Done and Info Printed Above
2022-07-08 15:34:37,656 [main] INFO angular.pageobjects.c2ctransfer.C2CTransfers - Fetching C2C Purchase Transaction ID
2022-07-08 15:34:37,726 [main] INFO angular.pageobjects.c2ctransfer.C2CTransfers - C2C Purchase Transaction ID : CT220708.1526.100001
2022-07-08 15:34:58,749 [main] ERROR com.sshmanager.SSHService - Error while getting SSH Server Instance : com.jcraft.jsch.JSchException: java.net.ConnectException: Connection timed out: connect
2022-07-08 15:34:58,907 [main] INFO angular.pageobjects.c2ctransfer.C2CTransfers - Trying to Click DONE button after C2C Purchase initiated
2022-07-08 15:34:59,048 [main] INFO angular.pageobjects.c2ctransfer.C2CTransfers - Clicked Done for Initiated C2C
2022-07-08 15:34:59,052 [main] INFO angular.feature.C2CBuyRevamp - Exiting performC2CBuyMobileBuyerType
2022-07-08 15:34:59,056 [main] INFO angular.feature.C2CBuyRevamp - Entered performC2CTransferMobileBuyerType(Super Distributor, Retailer, 2468)
2022-07-08 15:34:59,172 [main] INFO angular.classes.LoginRevamp - Login ID Found as: suser
2022-07-08 15:34:59,177 [main] INFO angular.classes.LoginRevamp - Password Found as: Com@2469
2022-07-08 15:34:59,181 [main] INFO angular.feature.C2CBuyRevamp - LOGINID : suser
2022-07-08 15:34:59,251 [main] INFO angular.classes.LoginRevamp - LoginID found as: suser
2022-07-08 15:34:59,256 [main] INFO angular.classes.LoginRevamp - Password found as: Com@2469
2022-07-08 15:34:59,261 [main] INFO angular.classes.LoginRevamp - Username found as:  suser
2022-07-08 15:34:59,596 [main] INFO angular.pageobjects.loginpages.LoginPageRevamp - Trying to select Language
2022-07-08 15:35:09,917 [main] INFO angular.pageobjects.loginpages.LoginPageRevamp - <b>Language Selector Not Found:</b>
2022-07-08 15:35:09,944 [main] INFO angular.pageobjects.loginpages.LoginPageRevamp - Trying to enter Login ID
2022-07-08 15:35:10,143 [main] INFO angular.pageobjects.loginpages.LoginPageRevamp - Login ID entered successfully as: suser
2022-07-08 15:35:10,147 [main] INFO angular.pageobjects.loginpages.LoginPageRevamp - Trying to enter Password
2022-07-08 15:35:10,361 [main] INFO angular.pageobjects.loginpages.LoginPageRevamp - Password entered successfully as: Com@2469
2022-07-08 15:35:10,364 [main] INFO angular.pageobjects.loginpages.LoginPageRevamp - Trying to click Login Button
2022-07-08 15:35:10,480 [main] INFO angular.pageobjects.loginpages.LoginPageRevamp - Login button clicked successfully
2022-07-08 15:35:10,528 [main] INFO angular.pageobjects.loginpages.LoginPageRevamp - Error Message Found on Login Screen: 
2022-07-08 15:35:20,140 [main] INFO angular.pageobjects.c2capproval.C2CApproval - Trying clicking on C2C Heading
2022-07-08 15:35:20,300 [main] INFO angular.pageobjects.c2capproval.C2CApproval - User clicked C2C Heading Link.
2022-07-08 15:35:20,304 [main] INFO angular.pageobjects.c2capproval.C2CApproval - Trying clicking on C2C Approval Level 1 Heading
2022-07-08 15:35:20,466 [main] INFO angular.pageobjects.c2capproval.C2CApproval - User clicked C2C Approval Level 1 Heading Link.
2022-07-08 15:35:20,470 [main] INFO angular.feature.C2CBuyRevamp - C2C Heading and Transaction Heading is clicked
2022-07-08 15:35:20,474 [main] INFO angular.pageobjects.c2capproval.C2CApproval - Waiting for spinner
2022-07-08 15:35:21,043 [main] INFO angular.pageobjects.c2capproval.C2CApproval - Waiting for spinner to stop
2022-07-08 15:35:23,255 [main] INFO angular.pageobjects.c2capproval.C2CApproval - Spinner stopped
2022-07-08 15:35:23,281 [main] INFO angular.pageobjects.c2capproval.C2CApproval - Trying clicking on C2C Single Operation Heading
2022-07-08 15:35:23,377 [main] INFO angular.pageobjects.c2capproval.C2CApproval - User clicked C2C Single Operation Heading.
2022-07-08 15:35:23,381 [main] INFO angular.pageobjects.c2capproval.C2CApproval - Trying clicking on etopUp Heading
2022-07-08 15:35:23,467 [main] INFO angular.pageobjects.c2capproval.C2CApproval - User clicked eTopup Heading Link.
2022-07-08 15:35:23,469 [main] INFO angular.pageobjects.c2capproval.C2CApproval - Trying to enter the TransactionId
2022-07-08 15:35:23,860 [main] INFO angular.pageobjects.c2capproval.C2CApproval - Entered the TransactionId
2022-07-08 15:35:23,864 [main] INFO angular.pageobjects.c2capproval.C2CApproval - Trying to Click the approve button
2022-07-08 15:35:24,011 [main] INFO angular.pageobjects.c2capproval.C2CApproval - User clicked Approve Button	.
2022-07-08 15:35:24,015 [main] INFO angular.pageobjects.c2capproval.C2CApproval - Trying to enter the remarks
2022-07-08 15:35:24,209 [main] INFO angular.pageobjects.c2capproval.C2CApproval - Entered the TransactionId
2022-07-08 15:35:25,223 [main] INFO angular.pageobjects.c2capproval.C2CApproval - Trying to Click the approve button
2022-07-08 15:35:25,336 [main] INFO angular.pageobjects.c2capproval.C2CApproval - User clicked Approve Button	.
2022-07-08 15:35:25,339 [main] INFO angular.pageobjects.c2capproval.C2CApproval - Trying to Click the yes button
2022-07-08 15:35:30,442 [main] INFO angular.pageobjects.c2capproval.C2CApproval - User clicked Yes Button.
2022-07-08 15:35:31,582 [main] INFO angular.pageobjects.c2capproval.C2CApproval - PopUP is visible.
2022-07-08 15:35:31,585 [main] INFO angular.pageobjects.c2capproval.C2CApproval - Trying to get the Success Msg
2022-07-08 15:35:31,664 [main] INFO angular.pageobjects.c2capproval.C2CApproval - Successfully Retrieved Success Msg
2022-07-08 15:35:31,668 [main] INFO com.utils.Assertion - <pre><b>Expected: </b>Transaction Approved<br><b>Found: </b>Transaction Approved</pre>
2022-07-08 15:35:31,813 [main] INFO angular.pageobjects.c2capproval.C2CApproval - Trying to get the TxndID
2022-07-08 15:35:31,858 [main] INFO angular.pageobjects.c2capproval.C2CApproval - Successfully retrieved TxnId
2022-07-08 15:35:52,896 [main] ERROR com.sshmanager.SSHService - Error while getting SSH Server Instance : com.jcraft.jsch.JSchException: java.net.ConnectException: Connection timed out: connect
2022-07-08 15:35:52,922 [main] INFO angular.pageobjects.c2capproval.C2CApproval - Trying to click Done Button
2022-07-08 15:35:53,029 [main] INFO angular.pageobjects.c2capproval.C2CApproval - Done Button successfully clicked
2022-07-08 15:35:53,032 [main] INFO angular.feature.C2CBuyRevamp - Entered performC2CTransferMobileBuyerType(Super Distributor, Retailer, 2468)
2022-07-08 15:35:53,143 [main] INFO angular.classes.LoginRevamp - Login ID Found as: suser
2022-07-08 15:35:53,148 [main] INFO angular.classes.LoginRevamp - Password Found as: Com@2469
2022-07-08 15:35:53,151 [main] INFO angular.feature.C2CBuyRevamp - LOGINID : suser
2022-07-08 15:35:53,226 [main] INFO angular.classes.LoginRevamp - LoginID found as: suser
2022-07-08 15:35:53,230 [main] INFO angular.classes.LoginRevamp - Password found as: Com@2469
2022-07-08 15:35:53,233 [main] INFO angular.classes.LoginRevamp - Username found as:  suser
2022-07-08 15:35:54,018 [main] INFO angular.pageobjects.loginpages.LoginPageRevamp - Trying to select Language
2022-07-08 15:36:04,259 [main] INFO angular.pageobjects.loginpages.LoginPageRevamp - <b>Language Selector Not Found:</b>
2022-07-08 15:36:04,291 [main] INFO angular.pageobjects.loginpages.LoginPageRevamp - Trying to enter Login ID
2022-07-08 15:36:04,482 [main] INFO angular.pageobjects.loginpages.LoginPageRevamp - Login ID entered successfully as: suser
2022-07-08 15:36:04,486 [main] INFO angular.pageobjects.loginpages.LoginPageRevamp - Trying to enter Password
2022-07-08 15:36:04,699 [main] INFO angular.pageobjects.loginpages.LoginPageRevamp - Password entered successfully as: Com@2469
2022-07-08 15:36:04,703 [main] INFO angular.pageobjects.loginpages.LoginPageRevamp - Trying to click Login Button
2022-07-08 15:36:04,849 [main] INFO angular.pageobjects.loginpages.LoginPageRevamp - Login button clicked successfully
2022-07-08 15:36:04,901 [main] INFO angular.pageobjects.loginpages.LoginPageRevamp - Error Message Found on Login Screen: 
2022-07-08 15:36:14,016 [main] INFO angular.pageobjects.c2capproval.C2CApproval - Trying clicking on C2C Heading
2022-07-08 15:36:14,120 [main] INFO angular.pageobjects.c2capproval.C2CApproval - User clicked C2C Heading Link.
2022-07-08 15:36:14,123 [main] INFO angular.pageobjects.c2capproval.C2CApproval - Trying clicking on C2C Approval Level 2 Heading
2022-07-08 15:36:14,258 [main] INFO angular.pageobjects.c2capproval.C2CApproval - User clicked C2C Approval Level 2 Heading Link.
2022-07-08 15:36:14,261 [main] INFO angular.feature.C2CBuyRevamp - C2C Heading and Transaction Heading is clicked
2022-07-08 15:36:14,265 [main] INFO angular.pageobjects.c2capproval.C2CApproval - Waiting for spinner
2022-07-08 15:36:14,330 [main] INFO angular.pageobjects.c2capproval.C2CApproval - Waiting for spinner to stop
2022-07-08 15:36:14,928 [main] INFO angular.pageobjects.c2capproval.C2CApproval - Spinner stopped
2022-07-08 15:36:14,932 [main] INFO angular.pageobjects.c2capproval.C2CApproval - Trying clicking on C2C Single Operation Heading
2022-07-08 15:36:35,183 [main] INFO com.classes.BaseTest - org.openqa.selenium.TimeoutException: Expected condition failed: waiting for visibility of element located by By.xpath: //button[@id='toggle-1-button'] (tried for 20 second(s) with 500 milliseconds interval)
2022-07-08 15:36:56,226 [main] ERROR com.sshmanager.SSHService - Error while getting SSH Server Instance : com.jcraft.jsch.JSchException: java.net.ConnectException: Connection timed out: connect
2022-07-08 15:36:56,683 [main] INFO angular.testscripts.prereuisitesangular.PreRequisite_C2CReturn_Revamp - ------------------ Test Case Execution Started For A_01_Test_C2CReturnMobileBuyerType -------------------
2022-07-08 15:36:56,683 [main] INFO angular.testscripts.prereuisitesangular.PreRequisite_C2CReturn_Revamp - Entered A_01_Test_C2CReturnMobileBuyerType(Retailer, Dealer, 9081573214, 2468, Distributor, Super Distributor, SA, 2)
2022-07-08 15:36:56,685 [main] INFO com.dbrepository.OracleRepository - Entered getPreference(SE, NG, MAX_APPROVAL_LEVEL_C2C_TRANSFER)
2022-07-08 15:36:56,686 [main] INFO com.dbrepository.DBConnectionPool - Active Size:0 Cache Size:10
2022-07-08 15:36:56,775 [main] INFO com.dbrepository.OracleRepository - Service Class Preference Not Found
2022-07-08 15:36:56,777 [main] INFO com.dbrepository.OracleRepository - Trying to get Preference value from Control Preferences
2022-07-08 15:36:56,865 [main] INFO com.dbrepository.OracleRepository - Query Repository Returns: DEFAULT_VALUE (3)
2022-07-08 15:36:56,909 [main] INFO com.utils.CommonUtils - Category Code for Retailer: RET
2022-07-08 15:36:56,932 [main] INFO com.dbrepository.OracleRepository - Entered webInterface(Retailer)
2022-07-08 15:36:56,934 [main] INFO com.dbrepository.DBConnectionPool - Active Size:0 Cache Size:10
2022-07-08 15:36:56,936 [main] INFO com.dbrepository.OracleRepository - webInterface() :: select query: Select WEB_INTERFACE_ALLOWED from categories where category_name= ?
2022-07-08 15:36:57,029 [main] INFO com.dbrepository.OracleRepository - Database Returns: WEB_INTERFACE_ALLOWED (Y)
2022-07-08 15:36:57,030 [main] INFO com.dbrepository.OracleRepository - Exited webInterface()
2022-07-08 15:36:57,033 [main] INFO angular.feature.C2CBuyRevamp - Entered performC2CBuyMobileBuyerType(Retailer, Dealer, 9081573214, 2468)
2022-07-08 15:36:57,075 [main] INFO angular.classes.LoginRevamp - Login ID Found as: sourabhretailer
2022-07-08 15:36:57,076 [main] INFO angular.classes.LoginRevamp - Password Found as: Com@2468
2022-07-08 15:36:57,078 [main] INFO angular.feature.C2CBuyRevamp - LOGINID : sourabhretailer
2022-07-08 15:36:57,102 [main] INFO angular.classes.LoginRevamp - LoginID found as: sourabhretailer
2022-07-08 15:36:57,105 [main] INFO angular.classes.LoginRevamp - Password found as: Com@2468
2022-07-08 15:36:57,107 [main] INFO angular.classes.LoginRevamp - Username found as: userretnew
2022-07-08 15:36:57,736 [main] INFO angular.pageobjects.loginpages.LoginPageRevamp - Trying to select Language
2022-07-08 15:37:08,159 [main] INFO angular.pageobjects.loginpages.LoginPageRevamp - <b>Language Selector Not Found:</b>
2022-07-08 15:37:08,183 [main] INFO angular.pageobjects.loginpages.LoginPageRevamp - Trying to enter Login ID
2022-07-08 15:37:08,365 [main] INFO angular.pageobjects.loginpages.LoginPageRevamp - Login ID entered successfully as: sourabhretailer
2022-07-08 15:37:08,366 [main] INFO angular.pageobjects.loginpages.LoginPageRevamp - Trying to enter Password
2022-07-08 15:37:08,508 [main] INFO angular.pageobjects.loginpages.LoginPageRevamp - Password entered successfully as: Com@2468
2022-07-08 15:37:08,510 [main] INFO angular.pageobjects.loginpages.LoginPageRevamp - Trying to click Login Button
2022-07-08 15:37:08,623 [main] INFO angular.pageobjects.loginpages.LoginPageRevamp - Login button clicked successfully
2022-07-08 15:37:08,680 [main] INFO angular.pageobjects.loginpages.LoginPageRevamp - Error Message Found on Login Screen: 
2022-07-08 15:37:17,193 [main] INFO angular.pageobjects.c2ctransfer.C2CTransfers - Trying clicking on C2C Heading
2022-07-08 15:37:17,287 [main] INFO angular.pageobjects.c2ctransfer.C2CTransfers - User clicked C2C Heading Link.
2022-07-08 15:37:17,291 [main] INFO angular.feature.C2CBuyRevamp - C2C Heading and Transaction Heading is clicked
2022-07-08 15:37:17,294 [main] INFO angular.pageobjects.c2ctransfer.C2CTransfers - Trying clicking on C2C Single Operation Heading
2022-07-08 15:37:17,512 [main] INFO angular.pageobjects.c2ctransfer.C2CTransfers - User clicked C2C Single Operation Heading.
2022-07-08 15:37:17,516 [main] INFO angular.pageobjects.c2ctransfer.C2CTransfers - Trying clicking on C2C Buy Heading
2022-07-08 15:37:17,692 [main] INFO angular.pageobjects.c2ctransfer.C2CTransfers - User clicked C2C Buy Heading.
2022-07-08 15:37:17,695 [main] INFO angular.pageobjects.c2ctransfer.C2CTransfers - Trying clicking on Etopup
2022-07-08 15:37:17,846 [main] INFO angular.pageobjects.c2ctransfer.C2CTransfers - Clicked Etopup.
2022-07-08 15:37:17,849 [main] INFO angular.pageobjects.c2ctransfer.C2CTransfers - Trying to select C2C Buyer Type
2022-07-08 15:37:18,110 [main] INFO angular.pageobjects.c2ctransfer.C2CTransfers - C2C Buyer Type selected : 
2022-07-08 15:37:18,114 [main] INFO angular.pageobjects.c2ctransfer.C2CTransfers - Entering C2C MSISDN
2022-07-08 15:37:18,266 [main] INFO angular.pageobjects.c2ctransfer.C2CTransfers - Entered C2C MSISDN : 9081573214
2022-07-08 15:37:28,277 [main] INFO angular.pageobjects.c2ctransfer.C2CTransfers - Trying clicking on PROCEED button on C2C
2022-07-08 15:37:30,416 [main] INFO angular.pageobjects.c2ctransfer.C2CTransfers - Clicked PROCEED button on C2C.
2022-07-08 15:37:30,443 [main] INFO angular.pageobjects.c2ctransfer.C2CTransfers - Trying to initiate C2C Topups
2022-07-08 15:37:30,637 [main] INFO angular.pageobjects.c2ctransfer.C2CTransfers - rowCount of c2c topups available on screen : 2
2022-07-08 15:37:30,641 [main] INFO angular.pageobjects.c2ctransfer.C2CTransfers - sheetProductCode : eTopUP
2022-07-08 15:37:30,702 [main] INFO angular.pageobjects.c2ctransfer.C2CTransfers - quantity : 3
2022-07-08 15:37:30,705 [main] INFO angular.pageobjects.c2ctransfer.C2CTransfers - String.valueOf(quantity) SEND KEYS : 3
2022-07-08 15:37:30,708 [main] INFO angular.pageobjects.c2ctransfer.C2CTransfers - sheetProductCode : PeTopUP
2022-07-08 15:37:30,712 [main] INFO angular.pageobjects.c2ctransfer.C2CTransfers - Entered Quantities: 
2022-07-08 15:37:30,867 [main] INFO angular.pageobjects.c2ctransfer.C2CTransfers - Entered Reference Number
2022-07-08 15:37:31,061 [main] INFO angular.pageobjects.c2ctransfer.C2CTransfers - User entered Remarks
2022-07-08 15:37:31,065 [main] INFO angular.pageobjects.c2ctransfer.C2CTransfers - Trying to select Payment mode : Cash
2022-07-08 15:37:31,311 [main] INFO angular.pageobjects.c2ctransfer.C2CTransfers - Selected Payment Mode : Cash
2022-07-08 15:37:31,315 [main] INFO angular.pageobjects.c2ctransfer.C2CTransfers - Trying to select Payment Instrument Number
2022-07-08 15:37:31,433 [main] INFO angular.pageobjects.c2ctransfer.C2CTransfers - User entered PaymentInstNum: 124231
2022-07-08 15:37:31,436 [main] INFO angular.pageobjects.c2ctransfer.C2CTransfers - Trying to select Date
2022-07-08 15:37:31,441 [main] INFO angular.pageobjects.c2ctransfer.C2CTransfers - Trying to enter Payment Instrument Date
2022-07-08 15:37:31,629 [main] INFO angular.pageobjects.c2ctransfer.C2CTransfers - User entered PaymentInstDate: 08/07/22
2022-07-08 15:37:31,633 [main] INFO angular.pageobjects.c2ctransfer.C2CTransfers - Trying clicking on C2C TRANSFER button
2022-07-08 15:37:31,797 [main] INFO angular.pageobjects.c2ctransfer.C2CTransfers - Clicked C2C Transfer Button
2022-07-08 15:37:32,903 [main] INFO angular.pageobjects.c2ctransfer.C2CTransfers - PIN PopUP is visible.
2022-07-08 15:37:32,904 [main] INFO angular.pageobjects.c2ctransfer.C2CTransfers - Trying to Enter Channel User PIN for C2C
2022-07-08 15:37:33,020 [main] INFO angular.pageobjects.c2ctransfer.C2CTransfers - User entered PIN: 2468
2022-07-08 15:37:33,025 [main] INFO angular.pageobjects.c2ctransfer.C2CTransfers - Trying clicking on C2C TRANSFER button
2022-07-08 15:37:33,182 [main] INFO angular.pageobjects.c2ctransfer.C2CTransfers - Clicked C2C Transfer Button
2022-07-08 15:37:34,356 [main] INFO angular.pageobjects.c2ctransfer.C2CTransfers - PIN PopUP is visible.
2022-07-08 15:37:34,360 [main] INFO angular.pageobjects.c2ctransfer.C2CTransfers - Fetching C2C Buy Request Initiated Message
2022-07-08 15:37:34,443 [main] INFO angular.pageobjects.c2ctransfer.C2CTransfers - C2C Transfer Buy Initiated Message : Stock Purchase Request Initiated
2022-07-08 15:37:34,448 [main] INFO angular.pageobjects.c2ctransfer.C2CTransfers - Trying to get C2C Topups Done
2022-07-08 15:37:34,574 [main] INFO angular.pageobjects.c2ctransfer.C2CTransfers - C2C [[ChromeDriver: chrome on WINDOWS (c8fb2683dc90bd8c154f3d3c9c3275d1)] -> xpath: (//label[@class='labelposPrd'])[1]] : [[ChromeDriver: chrome on WINDOWS (c8fb2683dc90bd8c154f3d3c9c3275d1)] -> xpath: (//label[@class='labelposPrd'])[1]/following-sibling::label]
2022-07-08 15:37:34,578 [main] INFO angular.pageobjects.c2ctransfer.C2CTransfers -  C2C TOPUPS Done and Info Printed Above
2022-07-08 15:37:39,597 [main] INFO angular.pageobjects.c2ctransfer.C2CTransfers - Fetching C2C Purchase Transaction ID
2022-07-08 15:37:39,686 [main] INFO angular.pageobjects.c2ctransfer.C2CTransfers - C2C Purchase Transaction ID : CT220708.1529.100001
2022-07-08 15:38:00,717 [main] ERROR com.sshmanager.SSHService - Error while getting SSH Server Instance : com.jcraft.jsch.JSchException: java.net.ConnectException: Connection timed out: connect
2022-07-08 15:38:01,084 [main] INFO angular.pageobjects.c2ctransfer.C2CTransfers - Trying to Click DONE button after C2C Purchase initiated
2022-07-08 15:38:01,316 [main] INFO angular.pageobjects.c2ctransfer.C2CTransfers - Clicked Done for Initiated C2C
2022-07-08 15:38:01,320 [main] INFO angular.feature.C2CBuyRevamp - Exiting performC2CBuyMobileBuyerType
2022-07-08 15:38:01,325 [main] INFO angular.feature.C2CBuyRevamp - Entered performC2CTransferMobileBuyerType(Dealer, Retailer, 2468)
2022-07-08 15:38:01,449 [main] INFO angular.classes.LoginRevamp - Login ID Found as: newdealusrr
2022-07-08 15:38:01,453 [main] INFO angular.classes.LoginRevamp - Password Found as: Com@2468
2022-07-08 15:38:01,458 [main] INFO angular.feature.C2CBuyRevamp - LOGINID : newdealusrr
2022-07-08 15:38:01,526 [main] INFO angular.classes.LoginRevamp - LoginID found as: newdealusrr
2022-07-08 15:38:01,531 [main] INFO angular.classes.LoginRevamp - Password found as: Com@2468
2022-07-08 15:38:01,535 [main] INFO angular.classes.LoginRevamp - Username found as: dealuser
2022-07-08 15:38:01,928 [main] INFO angular.pageobjects.loginpages.LoginPageRevamp - Trying to select Language
2022-07-08 15:38:12,257 [main] INFO angular.pageobjects.loginpages.LoginPageRevamp - <b>Language Selector Not Found:</b>
2022-07-08 15:38:12,286 [main] INFO angular.pageobjects.loginpages.LoginPageRevamp - Trying to enter Login ID
2022-07-08 15:38:12,561 [main] INFO angular.pageobjects.loginpages.LoginPageRevamp - Login ID entered successfully as: newdealusrr
2022-07-08 15:38:12,565 [main] INFO angular.pageobjects.loginpages.LoginPageRevamp - Trying to enter Password
2022-07-08 15:38:12,832 [main] INFO angular.pageobjects.loginpages.LoginPageRevamp - Password entered successfully as: Com@2468
2022-07-08 15:38:12,836 [main] INFO angular.pageobjects.loginpages.LoginPageRevamp - Trying to click Login Button
2022-07-08 15:38:12,994 [main] INFO angular.pageobjects.loginpages.LoginPageRevamp - Login button clicked successfully
2022-07-08 15:38:13,071 [main] INFO angular.pageobjects.loginpages.LoginPageRevamp - Error Message Found on Login Screen: 
2022-07-08 15:38:21,230 [main] INFO angular.pageobjects.c2capproval.C2CApproval - Trying clicking on C2C Heading
2022-07-08 15:38:21,350 [main] INFO angular.pageobjects.c2capproval.C2CApproval - User clicked C2C Heading Link.
2022-07-08 15:38:21,354 [main] INFO angular.pageobjects.c2capproval.C2CApproval - Trying clicking on C2C Approval Level 1 Heading
2022-07-08 15:38:21,524 [main] INFO angular.pageobjects.c2capproval.C2CApproval - User clicked C2C Approval Level 1 Heading Link.
2022-07-08 15:38:21,528 [main] INFO angular.feature.C2CBuyRevamp - C2C Heading and Transaction Heading is clicked
2022-07-08 15:38:21,531 [main] INFO angular.pageobjects.c2capproval.C2CApproval - Waiting for spinner
2022-07-08 15:38:21,609 [main] INFO angular.pageobjects.c2capproval.C2CApproval - Waiting for spinner to stop
2022-07-08 15:38:24,484 [main] INFO angular.pageobjects.c2capproval.C2CApproval - Spinner stopped
2022-07-08 15:38:24,511 [main] INFO angular.pageobjects.c2capproval.C2CApproval - Trying clicking on C2C Single Operation Heading
2022-07-08 15:38:24,603 [main] INFO angular.pageobjects.c2capproval.C2CApproval - User clicked C2C Single Operation Heading.
2022-07-08 15:38:24,607 [main] INFO angular.pageobjects.c2capproval.C2CApproval - Trying clicking on etopUp Heading
2022-07-08 15:38:24,727 [main] INFO angular.pageobjects.c2capproval.C2CApproval - User clicked eTopup Heading Link.
2022-07-08 15:38:24,731 [main] INFO angular.pageobjects.c2capproval.C2CApproval - Trying to enter the TransactionId
2022-07-08 15:38:25,180 [main] INFO angular.pageobjects.c2capproval.C2CApproval - Entered the TransactionId
2022-07-08 15:38:25,184 [main] INFO angular.pageobjects.c2capproval.C2CApproval - Trying to Click the approve button
2022-07-08 15:38:25,339 [main] INFO angular.pageobjects.c2capproval.C2CApproval - User clicked Approve Button	.
2022-07-08 15:38:25,343 [main] INFO angular.pageobjects.c2capproval.C2CApproval - Trying to enter the remarks
2022-07-08 15:38:25,551 [main] INFO angular.pageobjects.c2capproval.C2CApproval - Entered the TransactionId
2022-07-08 15:38:26,563 [main] INFO angular.pageobjects.c2capproval.C2CApproval - Trying to Click the approve button
2022-07-08 15:38:26,683 [main] INFO angular.pageobjects.c2capproval.C2CApproval - User clicked Approve Button	.
2022-07-08 15:38:26,686 [main] INFO angular.pageobjects.c2capproval.C2CApproval - Trying to Click the yes button
2022-07-08 15:38:31,815 [main] INFO angular.pageobjects.c2capproval.C2CApproval - User clicked Yes Button.
2022-07-08 15:38:32,936 [main] INFO angular.pageobjects.c2capproval.C2CApproval - PopUP is visible.
2022-07-08 15:38:32,939 [main] INFO angular.pageobjects.c2capproval.C2CApproval - Trying to get the Success Msg
2022-07-08 15:38:33,002 [main] INFO angular.pageobjects.c2capproval.C2CApproval - Successfully Retrieved Success Msg
2022-07-08 15:38:33,005 [main] INFO com.utils.Assertion - <pre><b>Expected: </b>Transaction Approved<br><b>Found: </b>Transaction Approved</pre>
2022-07-08 15:38:33,147 [main] INFO angular.pageobjects.c2capproval.C2CApproval - Trying to get the TxndID
2022-07-08 15:38:33,202 [main] INFO angular.pageobjects.c2capproval.C2CApproval - Successfully retrieved TxnId
2022-07-08 15:38:54,247 [main] ERROR com.sshmanager.SSHService - Error while getting SSH Server Instance : com.jcraft.jsch.JSchException: java.net.ConnectException: Connection timed out: connect
2022-07-08 15:38:54,274 [main] INFO angular.pageobjects.c2capproval.C2CApproval - Trying to click Done Button
2022-07-08 15:38:54,445 [main] INFO angular.pageobjects.c2capproval.C2CApproval - Done Button successfully clicked
2022-07-08 15:38:54,448 [main] INFO angular.feature.C2CBuyRevamp - Entered performC2CTransferMobileBuyerType(Dealer, Retailer, 2468)
2022-07-08 15:38:54,488 [main] INFO angular.classes.LoginRevamp - Login ID Found as: newdealusrr
2022-07-08 15:38:54,492 [main] INFO angular.classes.LoginRevamp - Password Found as: Com@2468
2022-07-08 15:38:54,494 [main] INFO angular.feature.C2CBuyRevamp - LOGINID : newdealusrr
2022-07-08 15:38:54,515 [main] INFO angular.classes.LoginRevamp - LoginID found as: newdealusrr
2022-07-08 15:38:54,517 [main] INFO angular.classes.LoginRevamp - Password found as: Com@2468
2022-07-08 15:38:54,519 [main] INFO angular.classes.LoginRevamp - Username found as: dealuser
2022-07-08 15:38:54,837 [main] INFO angular.pageobjects.loginpages.LoginPageRevamp - Trying to select Language
2022-07-08 15:39:05,151 [main] INFO angular.pageobjects.loginpages.LoginPageRevamp - <b>Language Selector Not Found:</b>
2022-07-08 15:39:05,177 [main] INFO angular.pageobjects.loginpages.LoginPageRevamp - Trying to enter Login ID
2022-07-08 15:39:05,429 [main] INFO angular.pageobjects.loginpages.LoginPageRevamp - Login ID entered successfully as: newdealusrr
2022-07-08 15:39:05,431 [main] INFO angular.pageobjects.loginpages.LoginPageRevamp - Trying to enter Password
2022-07-08 15:39:05,648 [main] INFO angular.pageobjects.loginpages.LoginPageRevamp - Password entered successfully as: Com@2468
2022-07-08 15:39:05,649 [main] INFO angular.pageobjects.loginpages.LoginPageRevamp - Trying to click Login Button
2022-07-08 15:39:05,797 [main] INFO angular.pageobjects.loginpages.LoginPageRevamp - Login button clicked successfully
2022-07-08 15:39:05,871 [main] INFO angular.pageobjects.loginpages.LoginPageRevamp - Error Message Found on Login Screen: 
2022-07-08 15:39:14,007 [main] INFO angular.pageobjects.c2capproval.C2CApproval - Trying clicking on C2C Heading
2022-07-08 15:39:14,108 [main] INFO angular.pageobjects.c2capproval.C2CApproval - User clicked C2C Heading Link.
2022-07-08 15:39:14,111 [main] INFO angular.pageobjects.c2capproval.C2CApproval - Trying clicking on C2C Approval Level 2 Heading
2022-07-08 15:39:14,265 [main] INFO angular.pageobjects.c2capproval.C2CApproval - User clicked C2C Approval Level 2 Heading Link.
2022-07-08 15:39:14,267 [main] INFO angular.feature.C2CBuyRevamp - C2C Heading and Transaction Heading is clicked
2022-07-08 15:39:14,269 [main] INFO angular.pageobjects.c2capproval.C2CApproval - Waiting for spinner
2022-07-08 15:39:14,345 [main] INFO angular.pageobjects.c2capproval.C2CApproval - Waiting for spinner to stop
2022-07-08 15:39:16,000 [main] INFO angular.pageobjects.c2capproval.C2CApproval - Spinner stopped
2022-07-08 15:39:16,003 [main] INFO angular.pageobjects.c2capproval.C2CApproval - Trying clicking on C2C Single Operation Heading
2022-07-08 15:39:16,073 [main] INFO angular.pageobjects.c2capproval.C2CApproval - User clicked C2C Single Operation Heading.
2022-07-08 15:39:16,074 [main] INFO angular.pageobjects.c2capproval.C2CApproval - Trying clicking on etopUp Heading
2022-07-08 15:39:16,147 [main] INFO angular.pageobjects.c2capproval.C2CApproval - User clicked eTopup Heading Link.
2022-07-08 15:39:16,149 [main] INFO angular.pageobjects.c2capproval.C2CApproval - Trying to enter the TransactionId
2022-07-08 15:39:16,469 [main] INFO angular.pageobjects.c2capproval.C2CApproval - Entered the TransactionId
2022-07-08 15:39:16,471 [main] INFO angular.pageobjects.c2capproval.C2CApproval - Trying to Click the approve button
2022-07-08 15:39:16,587 [main] INFO angular.pageobjects.c2capproval.C2CApproval - User clicked Approve Button	.
2022-07-08 15:39:16,589 [main] INFO angular.pageobjects.c2capproval.C2CApproval - Trying to enter the remarks
2022-07-08 15:39:16,714 [main] INFO angular.pageobjects.c2capproval.C2CApproval - Entered the TransactionId
2022-07-08 15:39:17,730 [main] INFO angular.pageobjects.c2capproval.C2CApproval - Trying to Click the approve button
2022-07-08 15:39:17,816 [main] INFO angular.pageobjects.c2capproval.C2CApproval - User clicked Approve Button	.
2022-07-08 15:39:17,817 [main] INFO angular.pageobjects.c2capproval.C2CApproval - Trying to Click the yes button
2022-07-08 15:39:22,918 [main] INFO angular.pageobjects.c2capproval.C2CApproval - User clicked Yes Button.
2022-07-08 15:39:24,048 [main] INFO angular.pageobjects.c2capproval.C2CApproval - PopUP is visible.
2022-07-08 15:39:24,050 [main] INFO angular.pageobjects.c2capproval.C2CApproval - Trying to get the Success Msg
2022-07-08 15:39:24,135 [main] INFO angular.pageobjects.c2capproval.C2CApproval - Successfully Retrieved Success Msg
2022-07-08 15:39:24,137 [main] INFO com.utils.Assertion - <pre><b>Expected: </b>Transaction Approved<br><b>Found: </b>Transaction Approved</pre>
2022-07-08 15:39:24,431 [main] INFO angular.pageobjects.c2capproval.C2CApproval - Trying to get the TxndID
2022-07-08 15:39:24,512 [main] INFO angular.pageobjects.c2capproval.C2CApproval - Successfully retrieved TxnId
2022-07-08 15:39:45,548 [main] ERROR com.sshmanager.SSHService - Error while getting SSH Server Instance : com.jcraft.jsch.JSchException: java.net.ConnectException: Connection timed out: connect
2022-07-08 15:39:45,575 [main] INFO angular.pageobjects.c2capproval.C2CApproval - Trying to click Done Button
2022-07-08 15:39:45,688 [main] INFO angular.pageobjects.c2capproval.C2CApproval - Done Button successfully clicked
2022-07-08 15:39:45,690 [main] INFO angular.feature.C2CBuyRevamp - Entered performC2CTransferMobileBuyerType(Dealer, Retailer, 2468)
2022-07-08 15:39:45,745 [main] INFO angular.classes.LoginRevamp - Login ID Found as: newdealusrr
2022-07-08 15:39:45,746 [main] INFO angular.classes.LoginRevamp - Password Found as: Com@2468
2022-07-08 15:39:45,749 [main] INFO angular.feature.C2CBuyRevamp - LOGINID : newdealusrr
2022-07-08 15:39:45,777 [main] INFO angular.classes.LoginRevamp - LoginID found as: newdealusrr
2022-07-08 15:39:45,779 [main] INFO angular.classes.LoginRevamp - Password found as: Com@2468
2022-07-08 15:39:45,780 [main] INFO angular.classes.LoginRevamp - Username found as: dealuser
2022-07-08 15:39:46,175 [main] INFO angular.pageobjects.loginpages.LoginPageRevamp - Trying to select Language
2022-07-08 15:39:56,420 [main] INFO angular.pageobjects.loginpages.LoginPageRevamp - <b>Language Selector Not Found:</b>
2022-07-08 15:39:56,446 [main] INFO angular.pageobjects.loginpages.LoginPageRevamp - Trying to enter Login ID
2022-07-08 15:39:56,621 [main] INFO angular.pageobjects.loginpages.LoginPageRevamp - Login ID entered successfully as: newdealusrr
2022-07-08 15:39:56,625 [main] INFO angular.pageobjects.loginpages.LoginPageRevamp - Trying to enter Password
2022-07-08 15:39:56,832 [main] INFO angular.pageobjects.loginpages.LoginPageRevamp - Password entered successfully as: Com@2468
2022-07-08 15:39:56,836 [main] INFO angular.pageobjects.loginpages.LoginPageRevamp - Trying to click Login Button
2022-07-08 15:39:56,944 [main] INFO angular.pageobjects.loginpages.LoginPageRevamp - Login button clicked successfully
2022-07-08 15:39:57,001 [main] INFO angular.pageobjects.loginpages.LoginPageRevamp - Error Message Found on Login Screen: 
2022-07-08 15:40:05,082 [main] INFO angular.pageobjects.c2capproval.C2CApproval - Trying clicking on C2C Heading
2022-07-08 15:40:05,221 [main] INFO angular.pageobjects.c2capproval.C2CApproval - User clicked C2C Heading Link.
2022-07-08 15:40:05,225 [main] INFO angular.pageobjects.c2capproval.C2CApproval - Trying clicking on C2C Approval Level 3 Heading
2022-07-08 15:40:05,415 [main] INFO angular.pageobjects.c2capproval.C2CApproval - User clicked C2C Approval Level 3 Heading Link.
2022-07-08 15:40:05,419 [main] INFO angular.feature.C2CBuyRevamp - C2C Heading and Transaction Heading is clicked
2022-07-08 15:40:05,424 [main] INFO angular.pageobjects.c2capproval.C2CApproval - Waiting for spinner
2022-07-08 15:40:05,487 [main] INFO angular.pageobjects.c2capproval.C2CApproval - Waiting for spinner to stop
2022-07-08 15:40:06,652 [main] INFO angular.pageobjects.c2capproval.C2CApproval - Spinner stopped
2022-07-08 15:40:06,657 [main] INFO angular.pageobjects.c2capproval.C2CApproval - Trying clicking on C2C Single Operation Heading
2022-07-08 15:40:06,743 [main] INFO angular.pageobjects.c2capproval.C2CApproval - User clicked C2C Single Operation Heading.
2022-07-08 15:40:06,747 [main] INFO angular.pageobjects.c2capproval.C2CApproval - Trying clicking on etopUp Heading
2022-07-08 15:40:06,852 [main] INFO angular.pageobjects.c2capproval.C2CApproval - User clicked eTopup Heading Link.
2022-07-08 15:40:06,857 [main] INFO angular.pageobjects.c2capproval.C2CApproval - Trying to enter the TransactionId
2022-07-08 15:40:07,282 [main] INFO angular.pageobjects.c2capproval.C2CApproval - Entered the TransactionId
2022-07-08 15:40:07,286 [main] INFO angular.pageobjects.c2capproval.C2CApproval - Trying to Click the approve button
2022-07-08 15:40:07,444 [main] INFO angular.pageobjects.c2capproval.C2CApproval - User clicked Approve Button	.
2022-07-08 15:40:07,448 [main] INFO angular.pageobjects.c2capproval.C2CApproval - Trying to enter the remarks
2022-07-08 15:40:07,623 [main] INFO angular.pageobjects.c2capproval.C2CApproval - Entered the TransactionId
2022-07-08 15:40:08,638 [main] INFO angular.pageobjects.c2capproval.C2CApproval - Trying to Click the approve button
2022-07-08 15:40:08,750 [main] INFO angular.pageobjects.c2capproval.C2CApproval - User clicked Approve Button	.
2022-07-08 15:40:08,754 [main] INFO angular.pageobjects.c2capproval.C2CApproval - Trying to Click the yes button
2022-07-08 15:40:13,862 [main] INFO angular.pageobjects.c2capproval.C2CApproval - User clicked Yes Button.
2022-07-08 15:40:15,517 [main] INFO angular.pageobjects.c2capproval.C2CApproval - PopUP is visible.
2022-07-08 15:40:15,518 [main] INFO angular.pageobjects.c2capproval.C2CApproval - Trying to get the Success Msg
2022-07-08 15:40:15,560 [main] INFO angular.pageobjects.c2capproval.C2CApproval - Successfully Retrieved Success Msg
2022-07-08 15:40:15,561 [main] INFO com.utils.Assertion - <pre><b>Expected: </b>Transaction Approved<br><b>Found: </b>Transaction Approved</pre>
2022-07-08 15:40:15,692 [main] INFO angular.pageobjects.c2capproval.C2CApproval - Trying to get the TxndID
2022-07-08 15:40:15,752 [main] INFO angular.pageobjects.c2capproval.C2CApproval - Successfully retrieved TxnId
2022-07-08 15:40:36,797 [main] ERROR com.sshmanager.SSHService - Error while getting SSH Server Instance : com.jcraft.jsch.JSchException: java.net.ConnectException: Connection timed out: connect
2022-07-08 15:40:36,836 [main] INFO angular.pageobjects.c2capproval.C2CApproval - Trying to click Done Button
2022-07-08 15:40:37,016 [main] INFO angular.pageobjects.c2capproval.C2CApproval - Done Button successfully clicked
2022-07-08 15:40:37,020 [main] INFO angular.feature.C2CBuyRevamp - Entered performC2CReturnMobileBuyerType(Retailer, Dealer, 9081573214, 2468)
2022-07-08 15:40:37,121 [main] INFO angular.classes.LoginRevamp - Login ID Found as: sourabhretailer
2022-07-08 15:40:37,124 [main] INFO angular.classes.LoginRevamp - Password Found as: Com@2468
2022-07-08 15:40:37,129 [main] INFO angular.feature.C2CBuyRevamp - LOGINID : sourabhretailer
2022-07-08 15:40:37,192 [main] INFO angular.classes.LoginRevamp - LoginID found as: sourabhretailer
2022-07-08 15:40:37,196 [main] INFO angular.classes.LoginRevamp - Password found as: Com@2468
2022-07-08 15:40:37,199 [main] INFO angular.classes.LoginRevamp - Username found as: userretnew
2022-07-08 15:40:37,563 [main] INFO angular.pageobjects.loginpages.LoginPageRevamp - Trying to select Language
2022-07-08 15:40:47,910 [main] INFO angular.pageobjects.loginpages.LoginPageRevamp - <b>Language Selector Not Found:</b>
2022-07-08 15:40:47,937 [main] INFO angular.pageobjects.loginpages.LoginPageRevamp - Trying to enter Login ID
2022-07-08 15:40:48,159 [main] INFO angular.pageobjects.loginpages.LoginPageRevamp - Login ID entered successfully as: sourabhretailer
2022-07-08 15:40:48,164 [main] INFO angular.pageobjects.loginpages.LoginPageRevamp - Trying to enter Password
2022-07-08 15:40:48,371 [main] INFO angular.pageobjects.loginpages.LoginPageRevamp - Password entered successfully as: Com@2468
2022-07-08 15:40:48,373 [main] INFO angular.pageobjects.loginpages.LoginPageRevamp - Trying to click Login Button
2022-07-08 15:40:48,498 [main] INFO angular.pageobjects.loginpages.LoginPageRevamp - Login button clicked successfully
2022-07-08 15:40:48,552 [main] INFO angular.pageobjects.loginpages.LoginPageRevamp - Error Message Found on Login Screen: 
2022-07-08 15:40:57,116 [main] INFO angular.pageobjects.c2ctransfer.C2CTransfers - Trying clicking on C2C Heading
2022-07-08 15:40:57,237 [main] INFO angular.pageobjects.c2ctransfer.C2CTransfers - User clicked C2C Heading Link.
2022-07-08 15:40:57,240 [main] INFO angular.pageobjects.c2ctransfer.C2CTransfers - Trying clicking on C2C Transaction Heading
2022-07-08 15:40:57,434 [main] INFO angular.pageobjects.c2ctransfer.C2CTransfers - User clicked C2C Transaction Heading Link.
2022-07-08 15:40:57,438 [main] INFO angular.feature.C2CBuyRevamp - C2C Heading and Transaction Heading is clicked
2022-07-08 15:40:57,442 [main] INFO angular.pageobjects.c2ctransfer.C2CTransfers - Trying clicking on C2C Return Heading
2022-07-08 15:40:57,608 [main] INFO angular.pageobjects.c2ctransfer.C2CTransfers - User clicked C2C Return Heading.
2022-07-08 15:40:57,613 [main] INFO angular.pageobjects.c2ctransfer.C2CTransfers - Trying to select C2C Buyer Type
2022-07-08 15:40:57,857 [main] INFO angular.pageobjects.c2ctransfer.C2CTransfers - C2C Buyer Type selected : 
2022-07-08 15:40:57,862 [main] INFO angular.pageobjects.c2ctransfer.C2CTransfers - Entering C2C MSISDN
2022-07-08 15:40:58,029 [main] INFO angular.pageobjects.c2ctransfer.C2CTransfers - Entered C2C MSISDN : 9081573214
2022-07-08 15:41:08,036 [main] INFO angular.pageobjects.c2ctransfer.C2CTransfers - Trying clicking on PROCEED button on C2C
2022-07-08 15:41:10,173 [main] INFO angular.pageobjects.c2ctransfer.C2CTransfers - Clicked PROCEED button on C2C.
2022-07-08 15:41:10,198 [main] INFO angular.pageobjects.c2ctransfer.C2CTransfers - Trying to initiate C2C Topups
2022-07-08 15:41:10,345 [main] INFO angular.pageobjects.c2ctransfer.C2CTransfers - rowCount of c2c topups available on screen : 2
2022-07-08 15:41:10,349 [main] INFO angular.pageobjects.c2ctransfer.C2CTransfers - sheetProductCode : eTopUP
2022-07-08 15:41:10,352 [main] INFO angular.pageobjects.c2ctransfer.C2CTransfers - sheetProductCode : PeTopUP
2022-07-08 15:41:10,355 [main] INFO angular.pageobjects.c2ctransfer.C2CTransfers - Entered Quantities: 
2022-07-08 15:41:10,531 [main] INFO angular.pageobjects.c2ctransfer.C2CTransfers - User entered Remarks
2022-07-08 15:41:10,534 [main] INFO angular.pageobjects.c2ctransfer.C2CTransfers - Trying clicking on C2C Return button
2022-07-08 15:41:10,632 [main] INFO angular.pageobjects.c2ctransfer.C2CTransfers - Clicked C2C Return Button
2022-07-08 15:41:30,846 [main] INFO angular.pageobjects.c2ctransfer.C2CTransfers - PIN Popup is not visible.
2022-07-08 15:41:51,911 [main] ERROR com.sshmanager.SSHService - Error while getting SSH Server Instance : com.jcraft.jsch.JSchException: java.net.ConnectException: Connection timed out: connect
2022-07-08 15:41:52,224 [main] INFO angular.feature.C2CBuyRevamp - Exiting performC2CReturnMobileBuyerType
2022-07-08 15:41:52,226 [main] INFO angular.testscripts.prereuisitesangular.PreRequisite_C2CReturn_Revamp -  -----------------  Test Case Execution completed for A_01_Test_C2CReturnMobileBuyerType -----------------
2022-07-08 15:41:52,356 [main] INFO angular.testscripts.prereuisitesangular.PreRequisite_C2CReturn_Revamp - ------------------ Test Case Execution Started For A_01_Test_C2CReturnMobileBuyerType -------------------
2022-07-08 15:41:52,356 [main] INFO angular.testscripts.prereuisitesangular.PreRequisite_C2CReturn_Revamp - Entered A_01_Test_C2CReturnMobileBuyerType(Retailer, Agent, 7802617823, 2468, Distributor, Super Distributor, SA, 3)
2022-07-08 15:41:52,358 [main] INFO com.dbrepository.OracleRepository - Entered getPreference(AG, NG, MAX_APPROVAL_LEVEL_C2C_TRANSFER)
2022-07-08 15:41:52,359 [main] INFO com.dbrepository.DBConnectionPool - Active Size:0 Cache Size:10
2022-07-08 15:41:52,450 [main] INFO com.dbrepository.OracleRepository - Service Class Preference Not Found
2022-07-08 15:41:52,452 [main] INFO com.dbrepository.OracleRepository - Trying to get Preference value from Control Preferences
2022-07-08 15:41:52,538 [main] INFO com.dbrepository.OracleRepository - Query Repository Returns: DEFAULT_VALUE (0)
2022-07-08 15:41:52,574 [main] INFO com.utils.CommonUtils - Category Code for Retailer: RET
2022-07-08 15:41:52,606 [main] INFO com.dbrepository.OracleRepository - Entered webInterface(Retailer)
2022-07-08 15:41:52,608 [main] INFO com.dbrepository.DBConnectionPool - Active Size:0 Cache Size:10
2022-07-08 15:41:52,609 [main] INFO com.dbrepository.OracleRepository - webInterface() :: select query: Select WEB_INTERFACE_ALLOWED from categories where category_name= ?
2022-07-08 15:41:52,698 [main] INFO com.dbrepository.OracleRepository - Database Returns: WEB_INTERFACE_ALLOWED (Y)
2022-07-08 15:41:52,700 [main] INFO com.dbrepository.OracleRepository - Exited webInterface()
2022-07-08 15:41:52,702 [main] INFO angular.feature.C2CBuyRevamp - Entered performC2CBuyMobileBuyerType(Retailer, Agent, 7802617823, 2468)
2022-07-08 15:41:52,745 [main] INFO angular.classes.LoginRevamp - Login ID Found as: sourabhretailer
2022-07-08 15:41:52,747 [main] INFO angular.classes.LoginRevamp - Password Found as: Com@2468
2022-07-08 15:41:52,749 [main] INFO angular.feature.C2CBuyRevamp - LOGINID : sourabhretailer
2022-07-08 15:41:52,773 [main] INFO angular.classes.LoginRevamp - LoginID found as: sourabhretailer
2022-07-08 15:41:52,775 [main] INFO angular.classes.LoginRevamp - Password found as: Com@2468
2022-07-08 15:41:52,777 [main] INFO angular.classes.LoginRevamp - Username found as: userretnew
2022-07-08 15:41:53,598 [main] INFO angular.pageobjects.loginpages.LoginPageRevamp - Trying to select Language
2022-07-08 15:42:03,954 [main] INFO angular.pageobjects.loginpages.LoginPageRevamp - <b>Language Selector Not Found:</b>
2022-07-08 15:42:03,979 [main] INFO angular.pageobjects.loginpages.LoginPageRevamp - Trying to enter Login ID
2022-07-08 15:42:04,253 [main] INFO angular.pageobjects.loginpages.LoginPageRevamp - Login ID entered successfully as: sourabhretailer
2022-07-08 15:42:04,255 [main] INFO angular.pageobjects.loginpages.LoginPageRevamp - Trying to enter Password
2022-07-08 15:42:04,521 [main] INFO angular.pageobjects.loginpages.LoginPageRevamp - Password entered successfully as: Com@2468
2022-07-08 15:42:04,523 [main] INFO angular.pageobjects.loginpages.LoginPageRevamp - Trying to click Login Button
2022-07-08 15:42:04,663 [main] INFO angular.pageobjects.loginpages.LoginPageRevamp - Login button clicked successfully
2022-07-08 15:42:04,733 [main] INFO angular.pageobjects.loginpages.LoginPageRevamp - Error Message Found on Login Screen: 
