2022-06-22 09:28:31,473 [main] INFO com.classes.BaseTest - Loading all methods from -masterVO class
2022-06-22 09:28:31,478 [main] INFO com.utils._masterVO - Loading Properties file from: .//src//test//resources//sysconfig//Constant.properties
2022-06-22 09:28:31,483 [main] INFO com.utils._masterVO - Properties File Loaded successfully
2022-06-22 09:28:31,486 [main] INFO com.utils._masterVO - Loading Master Sheet from: src//test//resources//config//DataProvider.xlsx
2022-06-22 09:28:32,281 [main] INFO com.utils._masterVO - Master Sheet Loaded successfully
2022-06-22 09:28:32,283 [main] INFO com.utils._masterVO - Loading Client Library for Client Versioning from: .//src//test//resources//sysconfig//ClientLib.properties
2022-06-22 09:28:32,288 [main] INFO com.utils._masterVO - Client Library Loaded successfully
2022-06-22 09:28:33,103 [main] INFO com.utils._masterVO - Loading test case file file from: .//src//test//resources//sysconfig//testCaseFile.properties
2022-06-22 09:28:33,132 [main] INFO com.utils._masterVO - Test cases file Loaded successfully
2022-06-22 09:28:33,135 [main] INFO com.utils._masterVO - Loading Web Cases Master file from: .//src//test//resources//config//testCaseFile.properties
2022-06-22 09:28:33,163 [main] INFO com.utils._masterVO - Gateway Cases Master File Loaded successfully
2022-06-22 09:28:33,206 [main] INFO com.dbrepository.DBHandler - Entered Access Handler :: Oracle
2022-06-22 09:28:33,212 [main] INFO com.commons.CacheController - New Cache DAO Loaded :: UPDATECACHE_VER = 1
2022-06-22 09:28:33,214 [main] INFO com.dbrepository.OracleRepository - Entered getNetworkName(NG)
2022-06-22 09:28:33,264 [MLog-Init-Reporter] INFO com.mchange.v2.log.MLog - MLog clients using log4j logging.
2022-06-22 09:28:33,467 [main] INFO com.mchange.v2.c3p0.C3P0Registry - Initializing c3p0-0.9.5.2 [built 08-December-2015 22:06:04 -0800; debug? true; trace: 10]
2022-06-22 09:28:33,591 [main] INFO com.mchange.v2.c3p0.impl.AbstractPoolBackedDataSource - Initializing c3p0 pool... com.mchange.v2.c3p0.ComboPooledDataSource [ acquireIncrement -> 5, acquireRetryAttempts -> 30, acquireRetryDelay -> 1000, autoCommitOnClose -> false, automaticTestTable -> null, breakAfterAcquireFailure -> false, checkoutTimeout -> 0, connectionCustomizerClassName -> null, connectionTesterClassName -> com.mchange.v2.c3p0.impl.DefaultConnectionTester, contextClassLoaderSource -> caller, dataSourceName -> 1hge148ap1262eed8p064b|4c2bb6e0, debugUnreturnedConnectionStackTraces -> false, description -> null, driverClass -> oracle.jdbc.driver.OracleDriver, extensions -> {}, factoryClassLocation -> null, forceIgnoreUnresolvedTransactions -> false, forceSynchronousCheckins -> false, forceUseNamedDriverClass -> false, identityToken -> 1hge148ap1262eed8p064b|4c2bb6e0, idleConnectionTestPeriod -> 0, initialPoolSize -> 10, jdbcUrl -> jdbc:oracle:thin:@172.30.38.232:1526:test, maxAdministrativeTaskTime -> 0, maxConnectionAge -> 0, maxIdleTime -> 0, maxIdleTimeExcessConnections -> 0, maxPoolSize -> 20, maxStatements -> 0, maxStatementsPerConnection -> 0, minPoolSize -> 10, numHelperThreads -> 3, preferredTestQuery -> null, privilegeSpawnedThreads -> false, properties -> {user=******, password=******}, propertyCycle -> 0, statementCacheNumDeferredCloseThreads -> 0, testConnectionOnCheckin -> false, testConnectionOnCheckout -> false, unreturnedConnectionTimeout -> 0, userOverrides -> {}, usesTraditionalReflectiveProxies -> false ]
2022-06-22 09:28:35,906 [main] INFO com.dbrepository.OracleRepository - getNetworkName() :: select query: Select network_name from networks where network_code = ?
2022-06-22 09:28:36,119 [main] INFO com.dbrepository.OracleRepository - Database Returns: Network Name (Network GGN)
2022-06-22 09:28:36,121 [main] INFO com.dbrepository.OracleRepository - Exiting getNetworkName()
2022-06-22 09:28:36,121 [main] INFO com.dbrepository.OracleRepository - Entered getSystemPreference(AMOUNT_MULT_FACTOR)
2022-06-22 09:28:36,122 [main] INFO com.dbrepository.DBConnectionPool - Active Size:1 Cache Size:2
2022-06-22 09:28:36,125 [main] INFO com.dbrepository.OracleRepository - getSystemPreference() :: select query: select DEFAULT_VALUE from system_preferences where PREFERENCE_CODE = ?
2022-06-22 09:28:36,255 [main] INFO com.dbrepository.OracleRepository - Database Returns: DEFAULT_VALUE (100)
2022-06-22 09:28:36,258 [main] INFO com.dbrepository.OracleRepository - Exiting getSystemPreference()
2022-06-22 09:28:36,272 [main] INFO com.dbrepository.OracleRepository - Entered getSystemPreference(MSISDN_PREFIX_LENGTH)
2022-06-22 09:28:36,274 [main] INFO com.dbrepository.DBConnectionPool - Active Size:2 Cache Size:1
2022-06-22 09:28:36,276 [main] INFO com.dbrepository.OracleRepository - getSystemPreference() :: select query: select DEFAULT_VALUE from system_preferences where PREFERENCE_CODE = ?
2022-06-22 09:28:36,402 [main] INFO com.dbrepository.OracleRepository - Database Returns: DEFAULT_VALUE (2)
2022-06-22 09:28:36,403 [main] INFO com.dbrepository.OracleRepository - Exiting getSystemPreference()
2022-06-22 09:28:36,404 [main] INFO com.dbrepository.OracleRepository - Entered getSystemPreference(MAX_MSISDN_LENGTH)
2022-06-22 09:28:36,406 [main] INFO com.dbrepository.DBConnectionPool - Active Size:3 Cache Size:0
2022-06-22 09:28:37,403 [main] INFO com.dbrepository.OracleRepository - getSystemPreference() :: select query: select DEFAULT_VALUE from system_preferences where PREFERENCE_CODE = ?
2022-06-22 09:28:37,539 [main] INFO com.dbrepository.OracleRepository - Database Returns: DEFAULT_VALUE (15)
2022-06-22 09:28:37,542 [main] INFO com.dbrepository.OracleRepository - Exiting getSystemPreference()
2022-06-22 09:28:37,544 [main] INFO com.dbrepository.OracleRepository - Entered getSystemPreference(USER_PRODUCT_MULTIPLE_WALLET)
2022-06-22 09:28:37,546 [main] INFO com.dbrepository.DBConnectionPool - Active Size:4 Cache Size:2
2022-06-22 09:28:37,547 [main] INFO com.dbrepository.OracleRepository - getSystemPreference() :: select query: select DEFAULT_VALUE from system_preferences where PREFERENCE_CODE = ?
2022-06-22 09:28:37,687 [main] INFO com.dbrepository.OracleRepository - Database Returns: DEFAULT_VALUE (false)
2022-06-22 09:28:37,689 [main] INFO com.dbrepository.OracleRepository - Exiting getSystemPreference()
2022-06-22 09:28:37,691 [main] INFO com.dbrepository.OracleRepository - Entered getSystemPreference(EXTERNAL_DATE_FORMAT)
2022-06-22 09:28:37,694 [main] INFO com.dbrepository.DBConnectionPool - Active Size:5 Cache Size:1
2022-06-22 09:28:37,697 [main] INFO com.dbrepository.OracleRepository - getSystemPreference() :: select query: select DEFAULT_VALUE from system_preferences where PREFERENCE_CODE = ?
2022-06-22 09:28:37,832 [main] INFO com.dbrepository.OracleRepository - Database Returns: DEFAULT_VALUE (dd/MM/yy)
2022-06-22 09:28:37,834 [main] INFO com.dbrepository.OracleRepository - Exiting getSystemPreference()
2022-06-22 09:28:37,836 [main] INFO com.dbrepository.OracleRepository - Entered getSystemPreference(DATE_FORMAT_CAL_JAVA)
2022-06-22 09:28:37,837 [main] INFO com.dbrepository.DBConnectionPool - Active Size:6 Cache Size:0
2022-06-22 09:28:38,639 [main] INFO com.dbrepository.OracleRepository - getSystemPreference() :: select query: select DEFAULT_VALUE from system_preferences where PREFERENCE_CODE = ?
2022-06-22 09:28:38,767 [main] INFO com.dbrepository.OracleRepository - Database Returns: DEFAULT_VALUE (dd/MM/yy)
2022-06-22 09:28:38,769 [main] INFO com.dbrepository.OracleRepository - Exiting getSystemPreference()
2022-06-22 09:28:38,770 [main] INFO com.dbrepository.OracleRepository - Entered getSystemPreference(OTH_COM_CHNL)
2022-06-22 09:28:38,772 [main] INFO com.dbrepository.DBConnectionPool - Active Size:0 Cache Size:9
2022-06-22 09:28:38,773 [main] INFO com.dbrepository.OracleRepository - getSystemPreference() :: select query: select DEFAULT_VALUE from system_preferences where PREFERENCE_CODE = ?
2022-06-22 09:28:38,941 [main] INFO com.dbrepository.OracleRepository - Database Returns: DEFAULT_VALUE (false)
2022-06-22 09:28:38,943 [main] INFO com.dbrepository.OracleRepository - Exiting getSystemPreference()
2022-06-22 09:28:38,945 [main] INFO com.dbrepository.OracleRepository - Entered getSystemPreference(DW_ALLOWED_GATEWAYS)
2022-06-22 09:28:38,947 [main] INFO com.dbrepository.DBConnectionPool - Active Size:0 Cache Size:9
2022-06-22 09:28:38,948 [main] INFO com.dbrepository.OracleRepository - getSystemPreference() :: select query: select DEFAULT_VALUE from system_preferences where PREFERENCE_CODE = ?
2022-06-22 09:28:39,145 [main] INFO com.dbrepository.OracleRepository - Database Returns: DEFAULT_VALUE (EXTGW,DWEXTGW)
2022-06-22 09:28:39,147 [main] INFO com.dbrepository.OracleRepository - Exiting getSystemPreference()
2022-06-22 09:28:39,149 [main] INFO com.dbrepository.OracleRepository - Entered getSystemPreference(DEFAULT_LANGUAGE)
2022-06-22 09:28:39,150 [main] INFO com.dbrepository.DBConnectionPool - Active Size:0 Cache Size:9
2022-06-22 09:28:39,151 [main] INFO com.dbrepository.OracleRepository - getSystemPreference() :: select query: select DEFAULT_VALUE from system_preferences where PREFERENCE_CODE = ?
2022-06-22 09:28:39,275 [main] INFO com.dbrepository.OracleRepository - Database Returns: DEFAULT_VALUE (en)
2022-06-22 09:28:39,277 [main] INFO com.dbrepository.OracleRepository - Exiting getSystemPreference()
2022-06-22 09:28:39,280 [main] INFO com.dbrepository.OracleRepository - Entered getSystemPreference(DEFAULT_COUNTRY)
2022-06-22 09:28:39,281 [main] INFO com.dbrepository.DBConnectionPool - Active Size:0 Cache Size:9
2022-06-22 09:28:39,282 [main] INFO com.dbrepository.OracleRepository - getSystemPreference() :: select query: select DEFAULT_VALUE from system_preferences where PREFERENCE_CODE = ?
2022-06-22 09:28:39,453 [main] INFO com.dbrepository.OracleRepository - Database Returns: DEFAULT_VALUE (US)
2022-06-22 09:28:39,456 [main] INFO com.dbrepository.OracleRepository - Exiting getSystemPreference()
2022-06-22 09:28:39,458 [main] INFO com.utils._masterVO - Display Locale set to: en_US
2022-06-22 09:29:00,546 [main] ERROR com.sshmanager.SSHService - Error while getting SSH Server Instance : com.jcraft.jsch.JSchException: java.net.ConnectException: Connection timed out: connect
2022-06-22 09:29:00,571 [main] INFO com.utils._masterVO - Loading Messages Resource properties File from: .//src//test//resources//sysconfig//English-2.properties
2022-06-22 09:29:00,620 [main] INFO com.utils._masterVO - Messages Resource Properties file Loaded successfully
2022-06-22 09:29:00,621 [main] INFO com.utils._masterVO - Loading Messages Resource properties File from: .//src//test//resources//sysconfig//C2S_English-2.properties
2022-06-22 09:29:00,632 [main] INFO com.utils._masterVO - Messages Resource Properties file Loaded successfully
2022-06-22 09:29:00,633 [main] INFO com.dbrepository.OracleRepository - Entered getGatewayDetails('EXTGW','USSD','SMSC')
2022-06-22 09:29:00,635 [main] INFO com.dbrepository.DBConnectionPool - Active Size:0 Cache Size:10
2022-06-22 09:29:00,636 [main] INFO com.dbrepository.OracleRepository - getGatewayDetails() :: select query: SELECT rmg.gateway_code, mg.gateway_type, rmg.login_id, rmg.PASSWORD, rmg.content_type, rmg.service_port, mg.req_password_plain FROM message_gateway mg, req_message_gateway rmg WHERE mg.gateway_code = rmg.gateway_code AND rmg.gateway_code IN ('EXTGW','USSD','SMSC')
2022-06-22 09:29:00,872 [main] INFO com.dbrepository.OracleRepository - Database Returns: [[Ljava.lang.Object;@674bd420[{{EXTGW,EXTGW,pretups,0971500a350af5c3d1c0b12221a0558c,XML,190,Y},{SMSC,SMSC,pretups,0971500a350af5c3d1c0b12221a0558c,PLAIN,190,Y},{USSD,USSD,pretups,0971500a350af5c3d1c0b12221a0558c,XML,190,Y}}]
2022-06-22 09:29:00,874 [main] INFO com.dbrepository.OracleRepository - Exiting getGatewayDetails()
2022-06-22 09:29:00,878 [main] INFO com.utils._APIUtil - Entered getAPIServices(EXTGW)
2022-06-22 09:29:00,890 [main] INFO com.utils._APIUtil - Exiting getAPIServices([])
2022-06-22 09:29:00,894 [main] INFO com.utils._masterVO - Loading Gateway Cases Master file from: .//src//test//resources//config//GatewayMaster.xlsx
2022-06-22 09:29:01,065 [main] INFO com.utils.ExcelUtility - java.lang.NullPointerException
	at com.utils.ExcelUtility.getCellData(ExcelUtility.java:311)
	at com.utils._masterVO.loadGatewayCases(_masterVO.java:115)
	at com.utils._masterVO.loadExternalServices(_masterVO.java:448)
	at com.utils._masterVO.loadVO(_masterVO.java:81)
	at com.classes.BaseTest.setupReporter(BaseTest.java:85)
	at sun.reflect.NativeMethodAccessorImpl.invoke0(Native Method)
	at sun.reflect.NativeMethodAccessorImpl.invoke(Unknown Source)
	at sun.reflect.DelegatingMethodAccessorImpl.invoke(Unknown Source)
	at java.lang.reflect.Method.invoke(Unknown Source)
	at org.testng.internal.MethodInvocationHelper.invokeMethod(MethodInvocationHelper.java:124)
	at org.testng.internal.MethodInvocationHelper.invokeMethodConsideringTimeout(MethodInvocationHelper.java:59)
	at org.testng.internal.Invoker.invokeConfigurationMethod(Invoker.java:455)
	at org.testng.internal.Invoker.invokeConfigurations(Invoker.java:222)
	at org.testng.internal.Invoker.invokeConfigurations(Invoker.java:142)
	at org.testng.SuiteRunner.privateRun(SuiteRunner.java:401)
	at org.testng.SuiteRunner.run(SuiteRunner.java:364)
	at org.testng.SuiteRunnerWorker.runSuite(SuiteRunnerWorker.java:52)
	at org.testng.SuiteRunnerWorker.run(SuiteRunnerWorker.java:84)
	at org.testng.TestNG.runSuitesSequentially(TestNG.java:1208)
	at org.testng.TestNG.runSuitesLocally(TestNG.java:1137)
	at org.testng.TestNG.runSuites(TestNG.java:1049)
	at org.testng.TestNG.run(TestNG.java:1017)
	at org.testng.remote.AbstractRemoteTestNG.run(AbstractRemoteTestNG.java:115)
	at org.testng.remote.RemoteTestNG.initAndRun(RemoteTestNG.java:251)
	at org.testng.remote.RemoteTestNG.main(RemoteTestNG.java:77)

2022-06-22 09:29:01,071 [main] INFO com.utils.ExcelUtility - java.lang.NullPointerException
	at com.utils.ExcelUtility.getCellData(ExcelUtility.java:311)
	at com.utils._masterVO.loadGatewayCases(_masterVO.java:115)
	at com.utils._masterVO.loadExternalServices(_masterVO.java:448)
	at com.utils._masterVO.loadVO(_masterVO.java:81)
	at com.classes.BaseTest.setupReporter(BaseTest.java:85)
	at sun.reflect.NativeMethodAccessorImpl.invoke0(Native Method)
	at sun.reflect.NativeMethodAccessorImpl.invoke(Unknown Source)
	at sun.reflect.DelegatingMethodAccessorImpl.invoke(Unknown Source)
	at java.lang.reflect.Method.invoke(Unknown Source)
	at org.testng.internal.MethodInvocationHelper.invokeMethod(MethodInvocationHelper.java:124)
	at org.testng.internal.MethodInvocationHelper.invokeMethodConsideringTimeout(MethodInvocationHelper.java:59)
	at org.testng.internal.Invoker.invokeConfigurationMethod(Invoker.java:455)
	at org.testng.internal.Invoker.invokeConfigurations(Invoker.java:222)
	at org.testng.internal.Invoker.invokeConfigurations(Invoker.java:142)
	at org.testng.SuiteRunner.privateRun(SuiteRunner.java:401)
	at org.testng.SuiteRunner.run(SuiteRunner.java:364)
	at org.testng.SuiteRunnerWorker.runSuite(SuiteRunnerWorker.java:52)
	at org.testng.SuiteRunnerWorker.run(SuiteRunnerWorker.java:84)
	at org.testng.TestNG.runSuitesSequentially(TestNG.java:1208)
	at org.testng.TestNG.runSuitesLocally(TestNG.java:1137)
	at org.testng.TestNG.runSuites(TestNG.java:1049)
	at org.testng.TestNG.run(TestNG.java:1017)
	at org.testng.remote.AbstractRemoteTestNG.run(AbstractRemoteTestNG.java:115)
	at org.testng.remote.RemoteTestNG.initAndRun(RemoteTestNG.java:251)
	at org.testng.remote.RemoteTestNG.main(RemoteTestNG.java:77)

2022-06-22 09:29:01,073 [main] INFO com.utils.ExcelUtility - java.lang.NullPointerException
	at com.utils.ExcelUtility.getCellData(ExcelUtility.java:311)
	at com.utils._masterVO.loadGatewayCases(_masterVO.java:115)
	at com.utils._masterVO.loadExternalServices(_masterVO.java:448)
	at com.utils._masterVO.loadVO(_masterVO.java:81)
	at com.classes.BaseTest.setupReporter(BaseTest.java:85)
	at sun.reflect.NativeMethodAccessorImpl.invoke0(Native Method)
	at sun.reflect.NativeMethodAccessorImpl.invoke(Unknown Source)
	at sun.reflect.DelegatingMethodAccessorImpl.invoke(Unknown Source)
	at java.lang.reflect.Method.invoke(Unknown Source)
	at org.testng.internal.MethodInvocationHelper.invokeMethod(MethodInvocationHelper.java:124)
	at org.testng.internal.MethodInvocationHelper.invokeMethodConsideringTimeout(MethodInvocationHelper.java:59)
	at org.testng.internal.Invoker.invokeConfigurationMethod(Invoker.java:455)
	at org.testng.internal.Invoker.invokeConfigurations(Invoker.java:222)
	at org.testng.internal.Invoker.invokeConfigurations(Invoker.java:142)
	at org.testng.SuiteRunner.privateRun(SuiteRunner.java:401)
	at org.testng.SuiteRunner.run(SuiteRunner.java:364)
	at org.testng.SuiteRunnerWorker.runSuite(SuiteRunnerWorker.java:52)
	at org.testng.SuiteRunnerWorker.run(SuiteRunnerWorker.java:84)
	at org.testng.TestNG.runSuitesSequentially(TestNG.java:1208)
	at org.testng.TestNG.runSuitesLocally(TestNG.java:1137)
	at org.testng.TestNG.runSuites(TestNG.java:1049)
	at org.testng.TestNG.run(TestNG.java:1017)
	at org.testng.remote.AbstractRemoteTestNG.run(AbstractRemoteTestNG.java:115)
	at org.testng.remote.RemoteTestNG.initAndRun(RemoteTestNG.java:251)
	at org.testng.remote.RemoteTestNG.main(RemoteTestNG.java:77)

2022-06-22 09:29:01,086 [main] INFO com.utils.ExcelUtility - java.lang.NullPointerException
	at com.utils.ExcelUtility.getCellData(ExcelUtility.java:311)
	at com.utils._masterVO.loadGatewayCases(_masterVO.java:115)
	at com.utils._masterVO.loadExternalServices(_masterVO.java:448)
	at com.utils._masterVO.loadVO(_masterVO.java:81)
	at com.classes.BaseTest.setupReporter(BaseTest.java:85)
	at sun.reflect.NativeMethodAccessorImpl.invoke0(Native Method)
	at sun.reflect.NativeMethodAccessorImpl.invoke(Unknown Source)
	at sun.reflect.DelegatingMethodAccessorImpl.invoke(Unknown Source)
	at java.lang.reflect.Method.invoke(Unknown Source)
	at org.testng.internal.MethodInvocationHelper.invokeMethod(MethodInvocationHelper.java:124)
	at org.testng.internal.MethodInvocationHelper.invokeMethodConsideringTimeout(MethodInvocationHelper.java:59)
	at org.testng.internal.Invoker.invokeConfigurationMethod(Invoker.java:455)
	at org.testng.internal.Invoker.invokeConfigurations(Invoker.java:222)
	at org.testng.internal.Invoker.invokeConfigurations(Invoker.java:142)
	at org.testng.SuiteRunner.privateRun(SuiteRunner.java:401)
	at org.testng.SuiteRunner.run(SuiteRunner.java:364)
	at org.testng.SuiteRunnerWorker.runSuite(SuiteRunnerWorker.java:52)
	at org.testng.SuiteRunnerWorker.run(SuiteRunnerWorker.java:84)
	at org.testng.TestNG.runSuitesSequentially(TestNG.java:1208)
	at org.testng.TestNG.runSuitesLocally(TestNG.java:1137)
	at org.testng.TestNG.runSuites(TestNG.java:1049)
	at org.testng.TestNG.run(TestNG.java:1017)
	at org.testng.remote.AbstractRemoteTestNG.run(AbstractRemoteTestNG.java:115)
	at org.testng.remote.RemoteTestNG.initAndRun(RemoteTestNG.java:251)
	at org.testng.remote.RemoteTestNG.main(RemoteTestNG.java:77)

2022-06-22 09:29:01,115 [main] INFO com.utils.ExcelUtility - java.lang.NullPointerException
	at com.utils.ExcelUtility.getCellData(ExcelUtility.java:311)
	at com.utils._masterVO.loadGatewayCases(_masterVO.java:115)
	at com.utils._masterVO.loadExternalServices(_masterVO.java:448)
	at com.utils._masterVO.loadVO(_masterVO.java:81)
	at com.classes.BaseTest.setupReporter(BaseTest.java:85)
	at sun.reflect.NativeMethodAccessorImpl.invoke0(Native Method)
	at sun.reflect.NativeMethodAccessorImpl.invoke(Unknown Source)
	at sun.reflect.DelegatingMethodAccessorImpl.invoke(Unknown Source)
	at java.lang.reflect.Method.invoke(Unknown Source)
	at org.testng.internal.MethodInvocationHelper.invokeMethod(MethodInvocationHelper.java:124)
	at org.testng.internal.MethodInvocationHelper.invokeMethodConsideringTimeout(MethodInvocationHelper.java:59)
	at org.testng.internal.Invoker.invokeConfigurationMethod(Invoker.java:455)
	at org.testng.internal.Invoker.invokeConfigurations(Invoker.java:222)
	at org.testng.internal.Invoker.invokeConfigurations(Invoker.java:142)
	at org.testng.SuiteRunner.privateRun(SuiteRunner.java:401)
	at org.testng.SuiteRunner.run(SuiteRunner.java:364)
	at org.testng.SuiteRunnerWorker.runSuite(SuiteRunnerWorker.java:52)
	at org.testng.SuiteRunnerWorker.run(SuiteRunnerWorker.java:84)
	at org.testng.TestNG.runSuitesSequentially(TestNG.java:1208)
	at org.testng.TestNG.runSuitesLocally(TestNG.java:1137)
	at org.testng.TestNG.runSuites(TestNG.java:1049)
	at org.testng.TestNG.run(TestNG.java:1017)
	at org.testng.remote.AbstractRemoteTestNG.run(AbstractRemoteTestNG.java:115)
	at org.testng.remote.RemoteTestNG.initAndRun(RemoteTestNG.java:251)
	at org.testng.remote.RemoteTestNG.main(RemoteTestNG.java:77)

2022-06-22 09:29:01,131 [main] INFO com.utils.ExcelUtility - java.lang.NullPointerException
	at com.utils.ExcelUtility.getCellData(ExcelUtility.java:311)
	at com.utils._masterVO.loadGatewayCases(_masterVO.java:115)
	at com.utils._masterVO.loadExternalServices(_masterVO.java:448)
	at com.utils._masterVO.loadVO(_masterVO.java:81)
	at com.classes.BaseTest.setupReporter(BaseTest.java:85)
	at sun.reflect.NativeMethodAccessorImpl.invoke0(Native Method)
	at sun.reflect.NativeMethodAccessorImpl.invoke(Unknown Source)
	at sun.reflect.DelegatingMethodAccessorImpl.invoke(Unknown Source)
	at java.lang.reflect.Method.invoke(Unknown Source)
	at org.testng.internal.MethodInvocationHelper.invokeMethod(MethodInvocationHelper.java:124)
	at org.testng.internal.MethodInvocationHelper.invokeMethodConsideringTimeout(MethodInvocationHelper.java:59)
	at org.testng.internal.Invoker.invokeConfigurationMethod(Invoker.java:455)
	at org.testng.internal.Invoker.invokeConfigurations(Invoker.java:222)
	at org.testng.internal.Invoker.invokeConfigurations(Invoker.java:142)
	at org.testng.SuiteRunner.privateRun(SuiteRunner.java:401)
	at org.testng.SuiteRunner.run(SuiteRunner.java:364)
	at org.testng.SuiteRunnerWorker.runSuite(SuiteRunnerWorker.java:52)
	at org.testng.SuiteRunnerWorker.run(SuiteRunnerWorker.java:84)
	at org.testng.TestNG.runSuitesSequentially(TestNG.java:1208)
	at org.testng.TestNG.runSuitesLocally(TestNG.java:1137)
	at org.testng.TestNG.runSuites(TestNG.java:1049)
	at org.testng.TestNG.run(TestNG.java:1017)
	at org.testng.remote.AbstractRemoteTestNG.run(AbstractRemoteTestNG.java:115)
	at org.testng.remote.RemoteTestNG.initAndRun(RemoteTestNG.java:251)
	at org.testng.remote.RemoteTestNG.main(RemoteTestNG.java:77)

2022-06-22 09:29:01,133 [main] INFO com.utils.ExcelUtility - java.lang.NullPointerException
	at com.utils.ExcelUtility.getCellData(ExcelUtility.java:311)
	at com.utils._masterVO.loadGatewayCases(_masterVO.java:115)
	at com.utils._masterVO.loadExternalServices(_masterVO.java:448)
	at com.utils._masterVO.loadVO(_masterVO.java:81)
	at com.classes.BaseTest.setupReporter(BaseTest.java:85)
	at sun.reflect.NativeMethodAccessorImpl.invoke0(Native Method)
	at sun.reflect.NativeMethodAccessorImpl.invoke(Unknown Source)
	at sun.reflect.DelegatingMethodAccessorImpl.invoke(Unknown Source)
	at java.lang.reflect.Method.invoke(Unknown Source)
	at org.testng.internal.MethodInvocationHelper.invokeMethod(MethodInvocationHelper.java:124)
	at org.testng.internal.MethodInvocationHelper.invokeMethodConsideringTimeout(MethodInvocationHelper.java:59)
	at org.testng.internal.Invoker.invokeConfigurationMethod(Invoker.java:455)
	at org.testng.internal.Invoker.invokeConfigurations(Invoker.java:222)
	at org.testng.internal.Invoker.invokeConfigurations(Invoker.java:142)
	at org.testng.SuiteRunner.privateRun(SuiteRunner.java:401)
	at org.testng.SuiteRunner.run(SuiteRunner.java:364)
	at org.testng.SuiteRunnerWorker.runSuite(SuiteRunnerWorker.java:52)
	at org.testng.SuiteRunnerWorker.run(SuiteRunnerWorker.java:84)
	at org.testng.TestNG.runSuitesSequentially(TestNG.java:1208)
	at org.testng.TestNG.runSuitesLocally(TestNG.java:1137)
	at org.testng.TestNG.runSuites(TestNG.java:1049)
	at org.testng.TestNG.run(TestNG.java:1017)
	at org.testng.remote.AbstractRemoteTestNG.run(AbstractRemoteTestNG.java:115)
	at org.testng.remote.RemoteTestNG.initAndRun(RemoteTestNG.java:251)
	at org.testng.remote.RemoteTestNG.main(RemoteTestNG.java:77)

2022-06-22 09:29:01,143 [main] INFO com.utils.ExcelUtility - java.lang.NullPointerException
	at com.utils.ExcelUtility.getCellData(ExcelUtility.java:311)
	at com.utils._masterVO.loadGatewayCases(_masterVO.java:115)
	at com.utils._masterVO.loadExternalServices(_masterVO.java:448)
	at com.utils._masterVO.loadVO(_masterVO.java:81)
	at com.classes.BaseTest.setupReporter(BaseTest.java:85)
	at sun.reflect.NativeMethodAccessorImpl.invoke0(Native Method)
	at sun.reflect.NativeMethodAccessorImpl.invoke(Unknown Source)
	at sun.reflect.DelegatingMethodAccessorImpl.invoke(Unknown Source)
	at java.lang.reflect.Method.invoke(Unknown Source)
	at org.testng.internal.MethodInvocationHelper.invokeMethod(MethodInvocationHelper.java:124)
	at org.testng.internal.MethodInvocationHelper.invokeMethodConsideringTimeout(MethodInvocationHelper.java:59)
	at org.testng.internal.Invoker.invokeConfigurationMethod(Invoker.java:455)
	at org.testng.internal.Invoker.invokeConfigurations(Invoker.java:222)
	at org.testng.internal.Invoker.invokeConfigurations(Invoker.java:142)
	at org.testng.SuiteRunner.privateRun(SuiteRunner.java:401)
	at org.testng.SuiteRunner.run(SuiteRunner.java:364)
	at org.testng.SuiteRunnerWorker.runSuite(SuiteRunnerWorker.java:52)
	at org.testng.SuiteRunnerWorker.run(SuiteRunnerWorker.java:84)
	at org.testng.TestNG.runSuitesSequentially(TestNG.java:1208)
	at org.testng.TestNG.runSuitesLocally(TestNG.java:1137)
	at org.testng.TestNG.runSuites(TestNG.java:1049)
	at org.testng.TestNG.run(TestNG.java:1017)
	at org.testng.remote.AbstractRemoteTestNG.run(AbstractRemoteTestNG.java:115)
	at org.testng.remote.RemoteTestNG.initAndRun(RemoteTestNG.java:251)
	at org.testng.remote.RemoteTestNG.main(RemoteTestNG.java:77)

2022-06-22 09:29:01,144 [main] INFO com.utils.ExcelUtility - java.lang.NullPointerException
	at com.utils.ExcelUtility.getCellData(ExcelUtility.java:311)
	at com.utils._masterVO.loadGatewayCases(_masterVO.java:115)
	at com.utils._masterVO.loadExternalServices(_masterVO.java:448)
	at com.utils._masterVO.loadVO(_masterVO.java:81)
	at com.classes.BaseTest.setupReporter(BaseTest.java:85)
	at sun.reflect.NativeMethodAccessorImpl.invoke0(Native Method)
	at sun.reflect.NativeMethodAccessorImpl.invoke(Unknown Source)
	at sun.reflect.DelegatingMethodAccessorImpl.invoke(Unknown Source)
	at java.lang.reflect.Method.invoke(Unknown Source)
	at org.testng.internal.MethodInvocationHelper.invokeMethod(MethodInvocationHelper.java:124)
	at org.testng.internal.MethodInvocationHelper.invokeMethodConsideringTimeout(MethodInvocationHelper.java:59)
	at org.testng.internal.Invoker.invokeConfigurationMethod(Invoker.java:455)
	at org.testng.internal.Invoker.invokeConfigurations(Invoker.java:222)
	at org.testng.internal.Invoker.invokeConfigurations(Invoker.java:142)
	at org.testng.SuiteRunner.privateRun(SuiteRunner.java:401)
	at org.testng.SuiteRunner.run(SuiteRunner.java:364)
	at org.testng.SuiteRunnerWorker.runSuite(SuiteRunnerWorker.java:52)
	at org.testng.SuiteRunnerWorker.run(SuiteRunnerWorker.java:84)
	at org.testng.TestNG.runSuitesSequentially(TestNG.java:1208)
	at org.testng.TestNG.runSuitesLocally(TestNG.java:1137)
	at org.testng.TestNG.runSuites(TestNG.java:1049)
	at org.testng.TestNG.run(TestNG.java:1017)
	at org.testng.remote.AbstractRemoteTestNG.run(AbstractRemoteTestNG.java:115)
	at org.testng.remote.RemoteTestNG.initAndRun(RemoteTestNG.java:251)
	at org.testng.remote.RemoteTestNG.main(RemoteTestNG.java:77)

2022-06-22 09:29:01,144 [main] INFO com.utils.ExcelUtility - java.lang.NullPointerException
	at com.utils.ExcelUtility.getCellData(ExcelUtility.java:311)
	at com.utils._masterVO.loadGatewayCases(_masterVO.java:115)
	at com.utils._masterVO.loadExternalServices(_masterVO.java:448)
	at com.utils._masterVO.loadVO(_masterVO.java:81)
	at com.classes.BaseTest.setupReporter(BaseTest.java:85)
	at sun.reflect.NativeMethodAccessorImpl.invoke0(Native Method)
	at sun.reflect.NativeMethodAccessorImpl.invoke(Unknown Source)
	at sun.reflect.DelegatingMethodAccessorImpl.invoke(Unknown Source)
	at java.lang.reflect.Method.invoke(Unknown Source)
	at org.testng.internal.MethodInvocationHelper.invokeMethod(MethodInvocationHelper.java:124)
	at org.testng.internal.MethodInvocationHelper.invokeMethodConsideringTimeout(MethodInvocationHelper.java:59)
	at org.testng.internal.Invoker.invokeConfigurationMethod(Invoker.java:455)
	at org.testng.internal.Invoker.invokeConfigurations(Invoker.java:222)
	at org.testng.internal.Invoker.invokeConfigurations(Invoker.java:142)
	at org.testng.SuiteRunner.privateRun(SuiteRunner.java:401)
	at org.testng.SuiteRunner.run(SuiteRunner.java:364)
	at org.testng.SuiteRunnerWorker.runSuite(SuiteRunnerWorker.java:52)
	at org.testng.SuiteRunnerWorker.run(SuiteRunnerWorker.java:84)
	at org.testng.TestNG.runSuitesSequentially(TestNG.java:1208)
	at org.testng.TestNG.runSuitesLocally(TestNG.java:1137)
	at org.testng.TestNG.runSuites(TestNG.java:1049)
	at org.testng.TestNG.run(TestNG.java:1017)
	at org.testng.remote.AbstractRemoteTestNG.run(AbstractRemoteTestNG.java:115)
	at org.testng.remote.RemoteTestNG.initAndRun(RemoteTestNG.java:251)
	at org.testng.remote.RemoteTestNG.main(RemoteTestNG.java:77)

2022-06-22 09:29:01,145 [main] INFO com.utils.ExcelUtility - java.lang.NullPointerException
	at com.utils.ExcelUtility.getCellData(ExcelUtility.java:311)
	at com.utils._masterVO.loadGatewayCases(_masterVO.java:115)
	at com.utils._masterVO.loadExternalServices(_masterVO.java:448)
	at com.utils._masterVO.loadVO(_masterVO.java:81)
	at com.classes.BaseTest.setupReporter(BaseTest.java:85)
	at sun.reflect.NativeMethodAccessorImpl.invoke0(Native Method)
	at sun.reflect.NativeMethodAccessorImpl.invoke(Unknown Source)
	at sun.reflect.DelegatingMethodAccessorImpl.invoke(Unknown Source)
	at java.lang.reflect.Method.invoke(Unknown Source)
	at org.testng.internal.MethodInvocationHelper.invokeMethod(MethodInvocationHelper.java:124)
	at org.testng.internal.MethodInvocationHelper.invokeMethodConsideringTimeout(MethodInvocationHelper.java:59)
	at org.testng.internal.Invoker.invokeConfigurationMethod(Invoker.java:455)
	at org.testng.internal.Invoker.invokeConfigurations(Invoker.java:222)
	at org.testng.internal.Invoker.invokeConfigurations(Invoker.java:142)
	at org.testng.SuiteRunner.privateRun(SuiteRunner.java:401)
	at org.testng.SuiteRunner.run(SuiteRunner.java:364)
	at org.testng.SuiteRunnerWorker.runSuite(SuiteRunnerWorker.java:52)
	at org.testng.SuiteRunnerWorker.run(SuiteRunnerWorker.java:84)
	at org.testng.TestNG.runSuitesSequentially(TestNG.java:1208)
	at org.testng.TestNG.runSuitesLocally(TestNG.java:1137)
	at org.testng.TestNG.runSuites(TestNG.java:1049)
	at org.testng.TestNG.run(TestNG.java:1017)
	at org.testng.remote.AbstractRemoteTestNG.run(AbstractRemoteTestNG.java:115)
	at org.testng.remote.RemoteTestNG.initAndRun(RemoteTestNG.java:251)
	at org.testng.remote.RemoteTestNG.main(RemoteTestNG.java:77)

2022-06-22 09:29:01,147 [main] INFO com.utils.ExcelUtility - java.lang.NullPointerException
	at com.utils.ExcelUtility.getCellData(ExcelUtility.java:311)
	at com.utils._masterVO.loadGatewayCases(_masterVO.java:115)
	at com.utils._masterVO.loadExternalServices(_masterVO.java:448)
	at com.utils._masterVO.loadVO(_masterVO.java:81)
	at com.classes.BaseTest.setupReporter(BaseTest.java:85)
	at sun.reflect.NativeMethodAccessorImpl.invoke0(Native Method)
	at sun.reflect.NativeMethodAccessorImpl.invoke(Unknown Source)
	at sun.reflect.DelegatingMethodAccessorImpl.invoke(Unknown Source)
	at java.lang.reflect.Method.invoke(Unknown Source)
	at org.testng.internal.MethodInvocationHelper.invokeMethod(MethodInvocationHelper.java:124)
	at org.testng.internal.MethodInvocationHelper.invokeMethodConsideringTimeout(MethodInvocationHelper.java:59)
	at org.testng.internal.Invoker.invokeConfigurationMethod(Invoker.java:455)
	at org.testng.internal.Invoker.invokeConfigurations(Invoker.java:222)
	at org.testng.internal.Invoker.invokeConfigurations(Invoker.java:142)
	at org.testng.SuiteRunner.privateRun(SuiteRunner.java:401)
	at org.testng.SuiteRunner.run(SuiteRunner.java:364)
	at org.testng.SuiteRunnerWorker.runSuite(SuiteRunnerWorker.java:52)
	at org.testng.SuiteRunnerWorker.run(SuiteRunnerWorker.java:84)
	at org.testng.TestNG.runSuitesSequentially(TestNG.java:1208)
	at org.testng.TestNG.runSuitesLocally(TestNG.java:1137)
	at org.testng.TestNG.runSuites(TestNG.java:1049)
	at org.testng.TestNG.run(TestNG.java:1017)
	at org.testng.remote.AbstractRemoteTestNG.run(AbstractRemoteTestNG.java:115)
	at org.testng.remote.RemoteTestNG.initAndRun(RemoteTestNG.java:251)
	at org.testng.remote.RemoteTestNG.main(RemoteTestNG.java:77)

2022-06-22 09:29:01,148 [main] INFO com.utils.ExcelUtility - java.lang.NullPointerException
	at com.utils.ExcelUtility.getCellData(ExcelUtility.java:311)
	at com.utils._masterVO.loadGatewayCases(_masterVO.java:115)
	at com.utils._masterVO.loadExternalServices(_masterVO.java:448)
	at com.utils._masterVO.loadVO(_masterVO.java:81)
	at com.classes.BaseTest.setupReporter(BaseTest.java:85)
	at sun.reflect.NativeMethodAccessorImpl.invoke0(Native Method)
	at sun.reflect.NativeMethodAccessorImpl.invoke(Unknown Source)
	at sun.reflect.DelegatingMethodAccessorImpl.invoke(Unknown Source)
	at java.lang.reflect.Method.invoke(Unknown Source)
	at org.testng.internal.MethodInvocationHelper.invokeMethod(MethodInvocationHelper.java:124)
	at org.testng.internal.MethodInvocationHelper.invokeMethodConsideringTimeout(MethodInvocationHelper.java:59)
	at org.testng.internal.Invoker.invokeConfigurationMethod(Invoker.java:455)
	at org.testng.internal.Invoker.invokeConfigurations(Invoker.java:222)
	at org.testng.internal.Invoker.invokeConfigurations(Invoker.java:142)
	at org.testng.SuiteRunner.privateRun(SuiteRunner.java:401)
	at org.testng.SuiteRunner.run(SuiteRunner.java:364)
	at org.testng.SuiteRunnerWorker.runSuite(SuiteRunnerWorker.java:52)
	at org.testng.SuiteRunnerWorker.run(SuiteRunnerWorker.java:84)
	at org.testng.TestNG.runSuitesSequentially(TestNG.java:1208)
	at org.testng.TestNG.runSuitesLocally(TestNG.java:1137)
	at org.testng.TestNG.runSuites(TestNG.java:1049)
	at org.testng.TestNG.run(TestNG.java:1017)
	at org.testng.remote.AbstractRemoteTestNG.run(AbstractRemoteTestNG.java:115)
	at org.testng.remote.RemoteTestNG.initAndRun(RemoteTestNG.java:251)
	at org.testng.remote.RemoteTestNG.main(RemoteTestNG.java:77)

2022-06-22 09:29:01,150 [main] INFO com.utils.ExcelUtility - java.lang.NullPointerException
	at com.utils.ExcelUtility.getCellData(ExcelUtility.java:311)
	at com.utils._masterVO.loadGatewayCases(_masterVO.java:115)
	at com.utils._masterVO.loadExternalServices(_masterVO.java:448)
	at com.utils._masterVO.loadVO(_masterVO.java:81)
	at com.classes.BaseTest.setupReporter(BaseTest.java:85)
	at sun.reflect.NativeMethodAccessorImpl.invoke0(Native Method)
	at sun.reflect.NativeMethodAccessorImpl.invoke(Unknown Source)
	at sun.reflect.DelegatingMethodAccessorImpl.invoke(Unknown Source)
	at java.lang.reflect.Method.invoke(Unknown Source)
	at org.testng.internal.MethodInvocationHelper.invokeMethod(MethodInvocationHelper.java:124)
	at org.testng.internal.MethodInvocationHelper.invokeMethodConsideringTimeout(MethodInvocationHelper.java:59)
	at org.testng.internal.Invoker.invokeConfigurationMethod(Invoker.java:455)
	at org.testng.internal.Invoker.invokeConfigurations(Invoker.java:222)
	at org.testng.internal.Invoker.invokeConfigurations(Invoker.java:142)
	at org.testng.SuiteRunner.privateRun(SuiteRunner.java:401)
	at org.testng.SuiteRunner.run(SuiteRunner.java:364)
	at org.testng.SuiteRunnerWorker.runSuite(SuiteRunnerWorker.java:52)
	at org.testng.SuiteRunnerWorker.run(SuiteRunnerWorker.java:84)
	at org.testng.TestNG.runSuitesSequentially(TestNG.java:1208)
	at org.testng.TestNG.runSuitesLocally(TestNG.java:1137)
	at org.testng.TestNG.runSuites(TestNG.java:1049)
	at org.testng.TestNG.run(TestNG.java:1017)
	at org.testng.remote.AbstractRemoteTestNG.run(AbstractRemoteTestNG.java:115)
	at org.testng.remote.RemoteTestNG.initAndRun(RemoteTestNG.java:251)
	at org.testng.remote.RemoteTestNG.main(RemoteTestNG.java:77)

2022-06-22 09:29:01,150 [main] INFO com.utils.ExcelUtility - java.lang.NullPointerException
	at com.utils.ExcelUtility.getCellData(ExcelUtility.java:311)
	at com.utils._masterVO.loadGatewayCases(_masterVO.java:115)
	at com.utils._masterVO.loadExternalServices(_masterVO.java:448)
	at com.utils._masterVO.loadVO(_masterVO.java:81)
	at com.classes.BaseTest.setupReporter(BaseTest.java:85)
	at sun.reflect.NativeMethodAccessorImpl.invoke0(Native Method)
	at sun.reflect.NativeMethodAccessorImpl.invoke(Unknown Source)
	at sun.reflect.DelegatingMethodAccessorImpl.invoke(Unknown Source)
	at java.lang.reflect.Method.invoke(Unknown Source)
	at org.testng.internal.MethodInvocationHelper.invokeMethod(MethodInvocationHelper.java:124)
	at org.testng.internal.MethodInvocationHelper.invokeMethodConsideringTimeout(MethodInvocationHelper.java:59)
	at org.testng.internal.Invoker.invokeConfigurationMethod(Invoker.java:455)
	at org.testng.internal.Invoker.invokeConfigurations(Invoker.java:222)
	at org.testng.internal.Invoker.invokeConfigurations(Invoker.java:142)
	at org.testng.SuiteRunner.privateRun(SuiteRunner.java:401)
	at org.testng.SuiteRunner.run(SuiteRunner.java:364)
	at org.testng.SuiteRunnerWorker.runSuite(SuiteRunnerWorker.java:52)
	at org.testng.SuiteRunnerWorker.run(SuiteRunnerWorker.java:84)
	at org.testng.TestNG.runSuitesSequentially(TestNG.java:1208)
	at org.testng.TestNG.runSuitesLocally(TestNG.java:1137)
	at org.testng.TestNG.runSuites(TestNG.java:1049)
	at org.testng.TestNG.run(TestNG.java:1017)
	at org.testng.remote.AbstractRemoteTestNG.run(AbstractRemoteTestNG.java:115)
	at org.testng.remote.RemoteTestNG.initAndRun(RemoteTestNG.java:251)
	at org.testng.remote.RemoteTestNG.main(RemoteTestNG.java:77)

2022-06-22 09:29:01,175 [main] INFO com.utils.ExcelUtility - java.lang.NullPointerException
	at com.utils.ExcelUtility.getCellData(ExcelUtility.java:311)
	at com.utils._masterVO.loadGatewayCases(_masterVO.java:115)
	at com.utils._masterVO.loadExternalServices(_masterVO.java:448)
	at com.utils._masterVO.loadVO(_masterVO.java:81)
	at com.classes.BaseTest.setupReporter(BaseTest.java:85)
	at sun.reflect.NativeMethodAccessorImpl.invoke0(Native Method)
	at sun.reflect.NativeMethodAccessorImpl.invoke(Unknown Source)
	at sun.reflect.DelegatingMethodAccessorImpl.invoke(Unknown Source)
	at java.lang.reflect.Method.invoke(Unknown Source)
	at org.testng.internal.MethodInvocationHelper.invokeMethod(MethodInvocationHelper.java:124)
	at org.testng.internal.MethodInvocationHelper.invokeMethodConsideringTimeout(MethodInvocationHelper.java:59)
	at org.testng.internal.Invoker.invokeConfigurationMethod(Invoker.java:455)
	at org.testng.internal.Invoker.invokeConfigurations(Invoker.java:222)
	at org.testng.internal.Invoker.invokeConfigurations(Invoker.java:142)
	at org.testng.SuiteRunner.privateRun(SuiteRunner.java:401)
	at org.testng.SuiteRunner.run(SuiteRunner.java:364)
	at org.testng.SuiteRunnerWorker.runSuite(SuiteRunnerWorker.java:52)
	at org.testng.SuiteRunnerWorker.run(SuiteRunnerWorker.java:84)
	at org.testng.TestNG.runSuitesSequentially(TestNG.java:1208)
	at org.testng.TestNG.runSuitesLocally(TestNG.java:1137)
	at org.testng.TestNG.runSuites(TestNG.java:1049)
	at org.testng.TestNG.run(TestNG.java:1017)
	at org.testng.remote.AbstractRemoteTestNG.run(AbstractRemoteTestNG.java:115)
	at org.testng.remote.RemoteTestNG.initAndRun(RemoteTestNG.java:251)
	at org.testng.remote.RemoteTestNG.main(RemoteTestNG.java:77)

2022-06-22 09:29:01,176 [main] INFO com.utils.ExcelUtility - java.lang.NullPointerException
	at com.utils.ExcelUtility.getCellData(ExcelUtility.java:311)
	at com.utils._masterVO.loadGatewayCases(_masterVO.java:115)
	at com.utils._masterVO.loadExternalServices(_masterVO.java:448)
	at com.utils._masterVO.loadVO(_masterVO.java:81)
	at com.classes.BaseTest.setupReporter(BaseTest.java:85)
	at sun.reflect.NativeMethodAccessorImpl.invoke0(Native Method)
	at sun.reflect.NativeMethodAccessorImpl.invoke(Unknown Source)
	at sun.reflect.DelegatingMethodAccessorImpl.invoke(Unknown Source)
	at java.lang.reflect.Method.invoke(Unknown Source)
	at org.testng.internal.MethodInvocationHelper.invokeMethod(MethodInvocationHelper.java:124)
	at org.testng.internal.MethodInvocationHelper.invokeMethodConsideringTimeout(MethodInvocationHelper.java:59)
	at org.testng.internal.Invoker.invokeConfigurationMethod(Invoker.java:455)
	at org.testng.internal.Invoker.invokeConfigurations(Invoker.java:222)
	at org.testng.internal.Invoker.invokeConfigurations(Invoker.java:142)
	at org.testng.SuiteRunner.privateRun(SuiteRunner.java:401)
	at org.testng.SuiteRunner.run(SuiteRunner.java:364)
	at org.testng.SuiteRunnerWorker.runSuite(SuiteRunnerWorker.java:52)
	at org.testng.SuiteRunnerWorker.run(SuiteRunnerWorker.java:84)
	at org.testng.TestNG.runSuitesSequentially(TestNG.java:1208)
	at org.testng.TestNG.runSuitesLocally(TestNG.java:1137)
	at org.testng.TestNG.runSuites(TestNG.java:1049)
	at org.testng.TestNG.run(TestNG.java:1017)
	at org.testng.remote.AbstractRemoteTestNG.run(AbstractRemoteTestNG.java:115)
	at org.testng.remote.RemoteTestNG.initAndRun(RemoteTestNG.java:251)
	at org.testng.remote.RemoteTestNG.main(RemoteTestNG.java:77)

2022-06-22 09:29:01,180 [main] INFO com.utils.ExcelUtility - java.lang.NullPointerException
	at com.utils.ExcelUtility.getCellData(ExcelUtility.java:311)
	at com.utils._masterVO.loadGatewayCases(_masterVO.java:115)
	at com.utils._masterVO.loadExternalServices(_masterVO.java:448)
	at com.utils._masterVO.loadVO(_masterVO.java:81)
	at com.classes.BaseTest.setupReporter(BaseTest.java:85)
	at sun.reflect.NativeMethodAccessorImpl.invoke0(Native Method)
	at sun.reflect.NativeMethodAccessorImpl.invoke(Unknown Source)
	at sun.reflect.DelegatingMethodAccessorImpl.invoke(Unknown Source)
	at java.lang.reflect.Method.invoke(Unknown Source)
	at org.testng.internal.MethodInvocationHelper.invokeMethod(MethodInvocationHelper.java:124)
	at org.testng.internal.MethodInvocationHelper.invokeMethodConsideringTimeout(MethodInvocationHelper.java:59)
	at org.testng.internal.Invoker.invokeConfigurationMethod(Invoker.java:455)
	at org.testng.internal.Invoker.invokeConfigurations(Invoker.java:222)
	at org.testng.internal.Invoker.invokeConfigurations(Invoker.java:142)
	at org.testng.SuiteRunner.privateRun(SuiteRunner.java:401)
	at org.testng.SuiteRunner.run(SuiteRunner.java:364)
	at org.testng.SuiteRunnerWorker.runSuite(SuiteRunnerWorker.java:52)
	at org.testng.SuiteRunnerWorker.run(SuiteRunnerWorker.java:84)
	at org.testng.TestNG.runSuitesSequentially(TestNG.java:1208)
	at org.testng.TestNG.runSuitesLocally(TestNG.java:1137)
	at org.testng.TestNG.runSuites(TestNG.java:1049)
	at org.testng.TestNG.run(TestNG.java:1017)
	at org.testng.remote.AbstractRemoteTestNG.run(AbstractRemoteTestNG.java:115)
	at org.testng.remote.RemoteTestNG.initAndRun(RemoteTestNG.java:251)
	at org.testng.remote.RemoteTestNG.main(RemoteTestNG.java:77)

2022-06-22 09:29:01,181 [main] INFO com.utils.ExcelUtility - java.lang.NullPointerException
	at com.utils.ExcelUtility.getCellData(ExcelUtility.java:311)
	at com.utils._masterVO.loadGatewayCases(_masterVO.java:115)
	at com.utils._masterVO.loadExternalServices(_masterVO.java:448)
	at com.utils._masterVO.loadVO(_masterVO.java:81)
	at com.classes.BaseTest.setupReporter(BaseTest.java:85)
	at sun.reflect.NativeMethodAccessorImpl.invoke0(Native Method)
	at sun.reflect.NativeMethodAccessorImpl.invoke(Unknown Source)
	at sun.reflect.DelegatingMethodAccessorImpl.invoke(Unknown Source)
	at java.lang.reflect.Method.invoke(Unknown Source)
	at org.testng.internal.MethodInvocationHelper.invokeMethod(MethodInvocationHelper.java:124)
	at org.testng.internal.MethodInvocationHelper.invokeMethodConsideringTimeout(MethodInvocationHelper.java:59)
	at org.testng.internal.Invoker.invokeConfigurationMethod(Invoker.java:455)
	at org.testng.internal.Invoker.invokeConfigurations(Invoker.java:222)
	at org.testng.internal.Invoker.invokeConfigurations(Invoker.java:142)
	at org.testng.SuiteRunner.privateRun(SuiteRunner.java:401)
	at org.testng.SuiteRunner.run(SuiteRunner.java:364)
	at org.testng.SuiteRunnerWorker.runSuite(SuiteRunnerWorker.java:52)
	at org.testng.SuiteRunnerWorker.run(SuiteRunnerWorker.java:84)
	at org.testng.TestNG.runSuitesSequentially(TestNG.java:1208)
	at org.testng.TestNG.runSuitesLocally(TestNG.java:1137)
	at org.testng.TestNG.runSuites(TestNG.java:1049)
	at org.testng.TestNG.run(TestNG.java:1017)
	at org.testng.remote.AbstractRemoteTestNG.run(AbstractRemoteTestNG.java:115)
	at org.testng.remote.RemoteTestNG.initAndRun(RemoteTestNG.java:251)
	at org.testng.remote.RemoteTestNG.main(RemoteTestNG.java:77)

2022-06-22 09:29:01,182 [main] INFO com.utils.ExcelUtility - java.lang.NullPointerException
	at com.utils.ExcelUtility.getCellData(ExcelUtility.java:311)
	at com.utils._masterVO.loadGatewayCases(_masterVO.java:115)
	at com.utils._masterVO.loadExternalServices(_masterVO.java:448)
	at com.utils._masterVO.loadVO(_masterVO.java:81)
	at com.classes.BaseTest.setupReporter(BaseTest.java:85)
	at sun.reflect.NativeMethodAccessorImpl.invoke0(Native Method)
	at sun.reflect.NativeMethodAccessorImpl.invoke(Unknown Source)
	at sun.reflect.DelegatingMethodAccessorImpl.invoke(Unknown Source)
	at java.lang.reflect.Method.invoke(Unknown Source)
	at org.testng.internal.MethodInvocationHelper.invokeMethod(MethodInvocationHelper.java:124)
	at org.testng.internal.MethodInvocationHelper.invokeMethodConsideringTimeout(MethodInvocationHelper.java:59)
	at org.testng.internal.Invoker.invokeConfigurationMethod(Invoker.java:455)
	at org.testng.internal.Invoker.invokeConfigurations(Invoker.java:222)
	at org.testng.internal.Invoker.invokeConfigurations(Invoker.java:142)
	at org.testng.SuiteRunner.privateRun(SuiteRunner.java:401)
	at org.testng.SuiteRunner.run(SuiteRunner.java:364)
	at org.testng.SuiteRunnerWorker.runSuite(SuiteRunnerWorker.java:52)
	at org.testng.SuiteRunnerWorker.run(SuiteRunnerWorker.java:84)
	at org.testng.TestNG.runSuitesSequentially(TestNG.java:1208)
	at org.testng.TestNG.runSuitesLocally(TestNG.java:1137)
	at org.testng.TestNG.runSuites(TestNG.java:1049)
	at org.testng.TestNG.run(TestNG.java:1017)
	at org.testng.remote.AbstractRemoteTestNG.run(AbstractRemoteTestNG.java:115)
	at org.testng.remote.RemoteTestNG.initAndRun(RemoteTestNG.java:251)
	at org.testng.remote.RemoteTestNG.main(RemoteTestNG.java:77)

2022-06-22 09:29:01,183 [main] INFO com.utils.ExcelUtility - java.lang.NullPointerException
	at com.utils.ExcelUtility.getCellData(ExcelUtility.java:311)
	at com.utils._masterVO.loadGatewayCases(_masterVO.java:115)
	at com.utils._masterVO.loadExternalServices(_masterVO.java:448)
	at com.utils._masterVO.loadVO(_masterVO.java:81)
	at com.classes.BaseTest.setupReporter(BaseTest.java:85)
	at sun.reflect.NativeMethodAccessorImpl.invoke0(Native Method)
	at sun.reflect.NativeMethodAccessorImpl.invoke(Unknown Source)
	at sun.reflect.DelegatingMethodAccessorImpl.invoke(Unknown Source)
	at java.lang.reflect.Method.invoke(Unknown Source)
	at org.testng.internal.MethodInvocationHelper.invokeMethod(MethodInvocationHelper.java:124)
	at org.testng.internal.MethodInvocationHelper.invokeMethodConsideringTimeout(MethodInvocationHelper.java:59)
	at org.testng.internal.Invoker.invokeConfigurationMethod(Invoker.java:455)
	at org.testng.internal.Invoker.invokeConfigurations(Invoker.java:222)
	at org.testng.internal.Invoker.invokeConfigurations(Invoker.java:142)
	at org.testng.SuiteRunner.privateRun(SuiteRunner.java:401)
	at org.testng.SuiteRunner.run(SuiteRunner.java:364)
	at org.testng.SuiteRunnerWorker.runSuite(SuiteRunnerWorker.java:52)
	at org.testng.SuiteRunnerWorker.run(SuiteRunnerWorker.java:84)
	at org.testng.TestNG.runSuitesSequentially(TestNG.java:1208)
	at org.testng.TestNG.runSuitesLocally(TestNG.java:1137)
	at org.testng.TestNG.runSuites(TestNG.java:1049)
	at org.testng.TestNG.run(TestNG.java:1017)
	at org.testng.remote.AbstractRemoteTestNG.run(AbstractRemoteTestNG.java:115)
	at org.testng.remote.RemoteTestNG.initAndRun(RemoteTestNG.java:251)
	at org.testng.remote.RemoteTestNG.main(RemoteTestNG.java:77)

2022-06-22 09:29:01,183 [main] INFO com.utils.ExcelUtility - java.lang.NullPointerException
	at com.utils.ExcelUtility.getCellData(ExcelUtility.java:311)
	at com.utils._masterVO.loadGatewayCases(_masterVO.java:115)
	at com.utils._masterVO.loadExternalServices(_masterVO.java:448)
	at com.utils._masterVO.loadVO(_masterVO.java:81)
	at com.classes.BaseTest.setupReporter(BaseTest.java:85)
	at sun.reflect.NativeMethodAccessorImpl.invoke0(Native Method)
	at sun.reflect.NativeMethodAccessorImpl.invoke(Unknown Source)
	at sun.reflect.DelegatingMethodAccessorImpl.invoke(Unknown Source)
	at java.lang.reflect.Method.invoke(Unknown Source)
	at org.testng.internal.MethodInvocationHelper.invokeMethod(MethodInvocationHelper.java:124)
	at org.testng.internal.MethodInvocationHelper.invokeMethodConsideringTimeout(MethodInvocationHelper.java:59)
	at org.testng.internal.Invoker.invokeConfigurationMethod(Invoker.java:455)
	at org.testng.internal.Invoker.invokeConfigurations(Invoker.java:222)
	at org.testng.internal.Invoker.invokeConfigurations(Invoker.java:142)
	at org.testng.SuiteRunner.privateRun(SuiteRunner.java:401)
	at org.testng.SuiteRunner.run(SuiteRunner.java:364)
	at org.testng.SuiteRunnerWorker.runSuite(SuiteRunnerWorker.java:52)
	at org.testng.SuiteRunnerWorker.run(SuiteRunnerWorker.java:84)
	at org.testng.TestNG.runSuitesSequentially(TestNG.java:1208)
	at org.testng.TestNG.runSuitesLocally(TestNG.java:1137)
	at org.testng.TestNG.runSuites(TestNG.java:1049)
	at org.testng.TestNG.run(TestNG.java:1017)
	at org.testng.remote.AbstractRemoteTestNG.run(AbstractRemoteTestNG.java:115)
	at org.testng.remote.RemoteTestNG.initAndRun(RemoteTestNG.java:251)
	at org.testng.remote.RemoteTestNG.main(RemoteTestNG.java:77)

2022-06-22 09:29:01,184 [main] INFO com.utils.ExcelUtility - java.lang.NullPointerException
	at com.utils.ExcelUtility.getCellData(ExcelUtility.java:311)
	at com.utils._masterVO.loadGatewayCases(_masterVO.java:115)
	at com.utils._masterVO.loadExternalServices(_masterVO.java:448)
	at com.utils._masterVO.loadVO(_masterVO.java:81)
	at com.classes.BaseTest.setupReporter(BaseTest.java:85)
	at sun.reflect.NativeMethodAccessorImpl.invoke0(Native Method)
	at sun.reflect.NativeMethodAccessorImpl.invoke(Unknown Source)
	at sun.reflect.DelegatingMethodAccessorImpl.invoke(Unknown Source)
	at java.lang.reflect.Method.invoke(Unknown Source)
	at org.testng.internal.MethodInvocationHelper.invokeMethod(MethodInvocationHelper.java:124)
	at org.testng.internal.MethodInvocationHelper.invokeMethodConsideringTimeout(MethodInvocationHelper.java:59)
	at org.testng.internal.Invoker.invokeConfigurationMethod(Invoker.java:455)
	at org.testng.internal.Invoker.invokeConfigurations(Invoker.java:222)
	at org.testng.internal.Invoker.invokeConfigurations(Invoker.java:142)
	at org.testng.SuiteRunner.privateRun(SuiteRunner.java:401)
	at org.testng.SuiteRunner.run(SuiteRunner.java:364)
	at org.testng.SuiteRunnerWorker.runSuite(SuiteRunnerWorker.java:52)
	at org.testng.SuiteRunnerWorker.run(SuiteRunnerWorker.java:84)
	at org.testng.TestNG.runSuitesSequentially(TestNG.java:1208)
	at org.testng.TestNG.runSuitesLocally(TestNG.java:1137)
	at org.testng.TestNG.runSuites(TestNG.java:1049)
	at org.testng.TestNG.run(TestNG.java:1017)
	at org.testng.remote.AbstractRemoteTestNG.run(AbstractRemoteTestNG.java:115)
	at org.testng.remote.RemoteTestNG.initAndRun(RemoteTestNG.java:251)
	at org.testng.remote.RemoteTestNG.main(RemoteTestNG.java:77)

2022-06-22 09:29:01,185 [main] INFO com.utils.ExcelUtility - java.lang.NullPointerException
	at com.utils.ExcelUtility.getCellData(ExcelUtility.java:311)
	at com.utils._masterVO.loadGatewayCases(_masterVO.java:115)
	at com.utils._masterVO.loadExternalServices(_masterVO.java:448)
	at com.utils._masterVO.loadVO(_masterVO.java:81)
	at com.classes.BaseTest.setupReporter(BaseTest.java:85)
	at sun.reflect.NativeMethodAccessorImpl.invoke0(Native Method)
	at sun.reflect.NativeMethodAccessorImpl.invoke(Unknown Source)
	at sun.reflect.DelegatingMethodAccessorImpl.invoke(Unknown Source)
	at java.lang.reflect.Method.invoke(Unknown Source)
	at org.testng.internal.MethodInvocationHelper.invokeMethod(MethodInvocationHelper.java:124)
	at org.testng.internal.MethodInvocationHelper.invokeMethodConsideringTimeout(MethodInvocationHelper.java:59)
	at org.testng.internal.Invoker.invokeConfigurationMethod(Invoker.java:455)
	at org.testng.internal.Invoker.invokeConfigurations(Invoker.java:222)
	at org.testng.internal.Invoker.invokeConfigurations(Invoker.java:142)
	at org.testng.SuiteRunner.privateRun(SuiteRunner.java:401)
	at org.testng.SuiteRunner.run(SuiteRunner.java:364)
	at org.testng.SuiteRunnerWorker.runSuite(SuiteRunnerWorker.java:52)
	at org.testng.SuiteRunnerWorker.run(SuiteRunnerWorker.java:84)
	at org.testng.TestNG.runSuitesSequentially(TestNG.java:1208)
	at org.testng.TestNG.runSuitesLocally(TestNG.java:1137)
	at org.testng.TestNG.runSuites(TestNG.java:1049)
	at org.testng.TestNG.run(TestNG.java:1017)
	at org.testng.remote.AbstractRemoteTestNG.run(AbstractRemoteTestNG.java:115)
	at org.testng.remote.RemoteTestNG.initAndRun(RemoteTestNG.java:251)
	at org.testng.remote.RemoteTestNG.main(RemoteTestNG.java:77)

2022-06-22 09:29:01,186 [main] INFO com.utils.ExcelUtility - java.lang.NullPointerException
	at com.utils.ExcelUtility.getCellData(ExcelUtility.java:311)
	at com.utils._masterVO.loadGatewayCases(_masterVO.java:115)
	at com.utils._masterVO.loadExternalServices(_masterVO.java:448)
	at com.utils._masterVO.loadVO(_masterVO.java:81)
	at com.classes.BaseTest.setupReporter(BaseTest.java:85)
	at sun.reflect.NativeMethodAccessorImpl.invoke0(Native Method)
	at sun.reflect.NativeMethodAccessorImpl.invoke(Unknown Source)
	at sun.reflect.DelegatingMethodAccessorImpl.invoke(Unknown Source)
	at java.lang.reflect.Method.invoke(Unknown Source)
	at org.testng.internal.MethodInvocationHelper.invokeMethod(MethodInvocationHelper.java:124)
	at org.testng.internal.MethodInvocationHelper.invokeMethodConsideringTimeout(MethodInvocationHelper.java:59)
	at org.testng.internal.Invoker.invokeConfigurationMethod(Invoker.java:455)
	at org.testng.internal.Invoker.invokeConfigurations(Invoker.java:222)
	at org.testng.internal.Invoker.invokeConfigurations(Invoker.java:142)
	at org.testng.SuiteRunner.privateRun(SuiteRunner.java:401)
	at org.testng.SuiteRunner.run(SuiteRunner.java:364)
	at org.testng.SuiteRunnerWorker.runSuite(SuiteRunnerWorker.java:52)
	at org.testng.SuiteRunnerWorker.run(SuiteRunnerWorker.java:84)
	at org.testng.TestNG.runSuitesSequentially(TestNG.java:1208)
	at org.testng.TestNG.runSuitesLocally(TestNG.java:1137)
	at org.testng.TestNG.runSuites(TestNG.java:1049)
	at org.testng.TestNG.run(TestNG.java:1017)
	at org.testng.remote.AbstractRemoteTestNG.run(AbstractRemoteTestNG.java:115)
	at org.testng.remote.RemoteTestNG.initAndRun(RemoteTestNG.java:251)
	at org.testng.remote.RemoteTestNG.main(RemoteTestNG.java:77)

2022-06-22 09:29:01,187 [main] INFO com.utils.ExcelUtility - java.lang.NullPointerException
	at com.utils.ExcelUtility.getCellData(ExcelUtility.java:311)
	at com.utils._masterVO.loadGatewayCases(_masterVO.java:115)
	at com.utils._masterVO.loadExternalServices(_masterVO.java:448)
	at com.utils._masterVO.loadVO(_masterVO.java:81)
	at com.classes.BaseTest.setupReporter(BaseTest.java:85)
	at sun.reflect.NativeMethodAccessorImpl.invoke0(Native Method)
	at sun.reflect.NativeMethodAccessorImpl.invoke(Unknown Source)
	at sun.reflect.DelegatingMethodAccessorImpl.invoke(Unknown Source)
	at java.lang.reflect.Method.invoke(Unknown Source)
	at org.testng.internal.MethodInvocationHelper.invokeMethod(MethodInvocationHelper.java:124)
	at org.testng.internal.MethodInvocationHelper.invokeMethodConsideringTimeout(MethodInvocationHelper.java:59)
	at org.testng.internal.Invoker.invokeConfigurationMethod(Invoker.java:455)
	at org.testng.internal.Invoker.invokeConfigurations(Invoker.java:222)
	at org.testng.internal.Invoker.invokeConfigurations(Invoker.java:142)
	at org.testng.SuiteRunner.privateRun(SuiteRunner.java:401)
	at org.testng.SuiteRunner.run(SuiteRunner.java:364)
	at org.testng.SuiteRunnerWorker.runSuite(SuiteRunnerWorker.java:52)
	at org.testng.SuiteRunnerWorker.run(SuiteRunnerWorker.java:84)
	at org.testng.TestNG.runSuitesSequentially(TestNG.java:1208)
	at org.testng.TestNG.runSuitesLocally(TestNG.java:1137)
	at org.testng.TestNG.runSuites(TestNG.java:1049)
	at org.testng.TestNG.run(TestNG.java:1017)
	at org.testng.remote.AbstractRemoteTestNG.run(AbstractRemoteTestNG.java:115)
	at org.testng.remote.RemoteTestNG.initAndRun(RemoteTestNG.java:251)
	at org.testng.remote.RemoteTestNG.main(RemoteTestNG.java:77)

2022-06-22 09:29:01,187 [main] INFO com.utils.ExcelUtility - java.lang.NullPointerException
	at com.utils.ExcelUtility.getCellData(ExcelUtility.java:311)
	at com.utils._masterVO.loadGatewayCases(_masterVO.java:115)
	at com.utils._masterVO.loadExternalServices(_masterVO.java:448)
	at com.utils._masterVO.loadVO(_masterVO.java:81)
	at com.classes.BaseTest.setupReporter(BaseTest.java:85)
	at sun.reflect.NativeMethodAccessorImpl.invoke0(Native Method)
	at sun.reflect.NativeMethodAccessorImpl.invoke(Unknown Source)
	at sun.reflect.DelegatingMethodAccessorImpl.invoke(Unknown Source)
	at java.lang.reflect.Method.invoke(Unknown Source)
	at org.testng.internal.MethodInvocationHelper.invokeMethod(MethodInvocationHelper.java:124)
	at org.testng.internal.MethodInvocationHelper.invokeMethodConsideringTimeout(MethodInvocationHelper.java:59)
	at org.testng.internal.Invoker.invokeConfigurationMethod(Invoker.java:455)
	at org.testng.internal.Invoker.invokeConfigurations(Invoker.java:222)
	at org.testng.internal.Invoker.invokeConfigurations(Invoker.java:142)
	at org.testng.SuiteRunner.privateRun(SuiteRunner.java:401)
	at org.testng.SuiteRunner.run(SuiteRunner.java:364)
	at org.testng.SuiteRunnerWorker.runSuite(SuiteRunnerWorker.java:52)
	at org.testng.SuiteRunnerWorker.run(SuiteRunnerWorker.java:84)
	at org.testng.TestNG.runSuitesSequentially(TestNG.java:1208)
	at org.testng.TestNG.runSuitesLocally(TestNG.java:1137)
	at org.testng.TestNG.runSuites(TestNG.java:1049)
	at org.testng.TestNG.run(TestNG.java:1017)
	at org.testng.remote.AbstractRemoteTestNG.run(AbstractRemoteTestNG.java:115)
	at org.testng.remote.RemoteTestNG.initAndRun(RemoteTestNG.java:251)
	at org.testng.remote.RemoteTestNG.main(RemoteTestNG.java:77)

2022-06-22 09:29:01,188 [main] INFO com.utils.ExcelUtility - java.lang.NullPointerException
	at com.utils.ExcelUtility.getCellData(ExcelUtility.java:311)
	at com.utils._masterVO.loadGatewayCases(_masterVO.java:115)
	at com.utils._masterVO.loadExternalServices(_masterVO.java:448)
	at com.utils._masterVO.loadVO(_masterVO.java:81)
	at com.classes.BaseTest.setupReporter(BaseTest.java:85)
	at sun.reflect.NativeMethodAccessorImpl.invoke0(Native Method)
	at sun.reflect.NativeMethodAccessorImpl.invoke(Unknown Source)
	at sun.reflect.DelegatingMethodAccessorImpl.invoke(Unknown Source)
	at java.lang.reflect.Method.invoke(Unknown Source)
	at org.testng.internal.MethodInvocationHelper.invokeMethod(MethodInvocationHelper.java:124)
	at org.testng.internal.MethodInvocationHelper.invokeMethodConsideringTimeout(MethodInvocationHelper.java:59)
	at org.testng.internal.Invoker.invokeConfigurationMethod(Invoker.java:455)
	at org.testng.internal.Invoker.invokeConfigurations(Invoker.java:222)
	at org.testng.internal.Invoker.invokeConfigurations(Invoker.java:142)
	at org.testng.SuiteRunner.privateRun(SuiteRunner.java:401)
	at org.testng.SuiteRunner.run(SuiteRunner.java:364)
	at org.testng.SuiteRunnerWorker.runSuite(SuiteRunnerWorker.java:52)
	at org.testng.SuiteRunnerWorker.run(SuiteRunnerWorker.java:84)
	at org.testng.TestNG.runSuitesSequentially(TestNG.java:1208)
	at org.testng.TestNG.runSuitesLocally(TestNG.java:1137)
	at org.testng.TestNG.runSuites(TestNG.java:1049)
	at org.testng.TestNG.run(TestNG.java:1017)
	at org.testng.remote.AbstractRemoteTestNG.run(AbstractRemoteTestNG.java:115)
	at org.testng.remote.RemoteTestNG.initAndRun(RemoteTestNG.java:251)
	at org.testng.remote.RemoteTestNG.main(RemoteTestNG.java:77)

2022-06-22 09:29:01,188 [main] INFO com.utils.ExcelUtility - java.lang.NullPointerException
	at com.utils.ExcelUtility.getCellData(ExcelUtility.java:311)
	at com.utils._masterVO.loadGatewayCases(_masterVO.java:115)
	at com.utils._masterVO.loadExternalServices(_masterVO.java:448)
	at com.utils._masterVO.loadVO(_masterVO.java:81)
	at com.classes.BaseTest.setupReporter(BaseTest.java:85)
	at sun.reflect.NativeMethodAccessorImpl.invoke0(Native Method)
	at sun.reflect.NativeMethodAccessorImpl.invoke(Unknown Source)
	at sun.reflect.DelegatingMethodAccessorImpl.invoke(Unknown Source)
	at java.lang.reflect.Method.invoke(Unknown Source)
	at org.testng.internal.MethodInvocationHelper.invokeMethod(MethodInvocationHelper.java:124)
	at org.testng.internal.MethodInvocationHelper.invokeMethodConsideringTimeout(MethodInvocationHelper.java:59)
	at org.testng.internal.Invoker.invokeConfigurationMethod(Invoker.java:455)
	at org.testng.internal.Invoker.invokeConfigurations(Invoker.java:222)
	at org.testng.internal.Invoker.invokeConfigurations(Invoker.java:142)
	at org.testng.SuiteRunner.privateRun(SuiteRunner.java:401)
	at org.testng.SuiteRunner.run(SuiteRunner.java:364)
	at org.testng.SuiteRunnerWorker.runSuite(SuiteRunnerWorker.java:52)
	at org.testng.SuiteRunnerWorker.run(SuiteRunnerWorker.java:84)
	at org.testng.TestNG.runSuitesSequentially(TestNG.java:1208)
	at org.testng.TestNG.runSuitesLocally(TestNG.java:1137)
	at org.testng.TestNG.runSuites(TestNG.java:1049)
	at org.testng.TestNG.run(TestNG.java:1017)
	at org.testng.remote.AbstractRemoteTestNG.run(AbstractRemoteTestNG.java:115)
	at org.testng.remote.RemoteTestNG.initAndRun(RemoteTestNG.java:251)
	at org.testng.remote.RemoteTestNG.main(RemoteTestNG.java:77)

2022-06-22 09:29:01,189 [main] INFO com.utils.ExcelUtility - java.lang.NullPointerException
	at com.utils.ExcelUtility.getCellData(ExcelUtility.java:311)
	at com.utils._masterVO.loadGatewayCases(_masterVO.java:115)
	at com.utils._masterVO.loadExternalServices(_masterVO.java:448)
	at com.utils._masterVO.loadVO(_masterVO.java:81)
	at com.classes.BaseTest.setupReporter(BaseTest.java:85)
	at sun.reflect.NativeMethodAccessorImpl.invoke0(Native Method)
	at sun.reflect.NativeMethodAccessorImpl.invoke(Unknown Source)
	at sun.reflect.DelegatingMethodAccessorImpl.invoke(Unknown Source)
	at java.lang.reflect.Method.invoke(Unknown Source)
	at org.testng.internal.MethodInvocationHelper.invokeMethod(MethodInvocationHelper.java:124)
	at org.testng.internal.MethodInvocationHelper.invokeMethodConsideringTimeout(MethodInvocationHelper.java:59)
	at org.testng.internal.Invoker.invokeConfigurationMethod(Invoker.java:455)
	at org.testng.internal.Invoker.invokeConfigurations(Invoker.java:222)
	at org.testng.internal.Invoker.invokeConfigurations(Invoker.java:142)
	at org.testng.SuiteRunner.privateRun(SuiteRunner.java:401)
	at org.testng.SuiteRunner.run(SuiteRunner.java:364)
	at org.testng.SuiteRunnerWorker.runSuite(SuiteRunnerWorker.java:52)
	at org.testng.SuiteRunnerWorker.run(SuiteRunnerWorker.java:84)
	at org.testng.TestNG.runSuitesSequentially(TestNG.java:1208)
	at org.testng.TestNG.runSuitesLocally(TestNG.java:1137)
	at org.testng.TestNG.runSuites(TestNG.java:1049)
	at org.testng.TestNG.run(TestNG.java:1017)
	at org.testng.remote.AbstractRemoteTestNG.run(AbstractRemoteTestNG.java:115)
	at org.testng.remote.RemoteTestNG.initAndRun(RemoteTestNG.java:251)
	at org.testng.remote.RemoteTestNG.main(RemoteTestNG.java:77)

2022-06-22 09:29:01,190 [main] INFO com.utils.ExcelUtility - java.lang.NullPointerException
	at com.utils.ExcelUtility.getCellData(ExcelUtility.java:311)
	at com.utils._masterVO.loadGatewayCases(_masterVO.java:115)
	at com.utils._masterVO.loadExternalServices(_masterVO.java:448)
	at com.utils._masterVO.loadVO(_masterVO.java:81)
	at com.classes.BaseTest.setupReporter(BaseTest.java:85)
	at sun.reflect.NativeMethodAccessorImpl.invoke0(Native Method)
	at sun.reflect.NativeMethodAccessorImpl.invoke(Unknown Source)
	at sun.reflect.DelegatingMethodAccessorImpl.invoke(Unknown Source)
	at java.lang.reflect.Method.invoke(Unknown Source)
	at org.testng.internal.MethodInvocationHelper.invokeMethod(MethodInvocationHelper.java:124)
	at org.testng.internal.MethodInvocationHelper.invokeMethodConsideringTimeout(MethodInvocationHelper.java:59)
	at org.testng.internal.Invoker.invokeConfigurationMethod(Invoker.java:455)
	at org.testng.internal.Invoker.invokeConfigurations(Invoker.java:222)
	at org.testng.internal.Invoker.invokeConfigurations(Invoker.java:142)
	at org.testng.SuiteRunner.privateRun(SuiteRunner.java:401)
	at org.testng.SuiteRunner.run(SuiteRunner.java:364)
	at org.testng.SuiteRunnerWorker.runSuite(SuiteRunnerWorker.java:52)
	at org.testng.SuiteRunnerWorker.run(SuiteRunnerWorker.java:84)
	at org.testng.TestNG.runSuitesSequentially(TestNG.java:1208)
	at org.testng.TestNG.runSuitesLocally(TestNG.java:1137)
	at org.testng.TestNG.runSuites(TestNG.java:1049)
	at org.testng.TestNG.run(TestNG.java:1017)
	at org.testng.remote.AbstractRemoteTestNG.run(AbstractRemoteTestNG.java:115)
	at org.testng.remote.RemoteTestNG.initAndRun(RemoteTestNG.java:251)
	at org.testng.remote.RemoteTestNG.main(RemoteTestNG.java:77)

2022-06-22 09:29:01,190 [main] INFO com.utils.ExcelUtility - java.lang.NullPointerException
	at com.utils.ExcelUtility.getCellData(ExcelUtility.java:311)
	at com.utils._masterVO.loadGatewayCases(_masterVO.java:115)
	at com.utils._masterVO.loadExternalServices(_masterVO.java:448)
	at com.utils._masterVO.loadVO(_masterVO.java:81)
	at com.classes.BaseTest.setupReporter(BaseTest.java:85)
	at sun.reflect.NativeMethodAccessorImpl.invoke0(Native Method)
	at sun.reflect.NativeMethodAccessorImpl.invoke(Unknown Source)
	at sun.reflect.DelegatingMethodAccessorImpl.invoke(Unknown Source)
	at java.lang.reflect.Method.invoke(Unknown Source)
	at org.testng.internal.MethodInvocationHelper.invokeMethod(MethodInvocationHelper.java:124)
	at org.testng.internal.MethodInvocationHelper.invokeMethodConsideringTimeout(MethodInvocationHelper.java:59)
	at org.testng.internal.Invoker.invokeConfigurationMethod(Invoker.java:455)
	at org.testng.internal.Invoker.invokeConfigurations(Invoker.java:222)
	at org.testng.internal.Invoker.invokeConfigurations(Invoker.java:142)
	at org.testng.SuiteRunner.privateRun(SuiteRunner.java:401)
	at org.testng.SuiteRunner.run(SuiteRunner.java:364)
	at org.testng.SuiteRunnerWorker.runSuite(SuiteRunnerWorker.java:52)
	at org.testng.SuiteRunnerWorker.run(SuiteRunnerWorker.java:84)
	at org.testng.TestNG.runSuitesSequentially(TestNG.java:1208)
	at org.testng.TestNG.runSuitesLocally(TestNG.java:1137)
	at org.testng.TestNG.runSuites(TestNG.java:1049)
	at org.testng.TestNG.run(TestNG.java:1017)
	at org.testng.remote.AbstractRemoteTestNG.run(AbstractRemoteTestNG.java:115)
	at org.testng.remote.RemoteTestNG.initAndRun(RemoteTestNG.java:251)
	at org.testng.remote.RemoteTestNG.main(RemoteTestNG.java:77)

2022-06-22 09:29:01,191 [main] INFO com.utils.ExcelUtility - java.lang.NullPointerException
	at com.utils.ExcelUtility.getCellData(ExcelUtility.java:311)
	at com.utils._masterVO.loadGatewayCases(_masterVO.java:115)
	at com.utils._masterVO.loadExternalServices(_masterVO.java:448)
	at com.utils._masterVO.loadVO(_masterVO.java:81)
	at com.classes.BaseTest.setupReporter(BaseTest.java:85)
	at sun.reflect.NativeMethodAccessorImpl.invoke0(Native Method)
	at sun.reflect.NativeMethodAccessorImpl.invoke(Unknown Source)
	at sun.reflect.DelegatingMethodAccessorImpl.invoke(Unknown Source)
	at java.lang.reflect.Method.invoke(Unknown Source)
	at org.testng.internal.MethodInvocationHelper.invokeMethod(MethodInvocationHelper.java:124)
	at org.testng.internal.MethodInvocationHelper.invokeMethodConsideringTimeout(MethodInvocationHelper.java:59)
	at org.testng.internal.Invoker.invokeConfigurationMethod(Invoker.java:455)
	at org.testng.internal.Invoker.invokeConfigurations(Invoker.java:222)
	at org.testng.internal.Invoker.invokeConfigurations(Invoker.java:142)
	at org.testng.SuiteRunner.privateRun(SuiteRunner.java:401)
	at org.testng.SuiteRunner.run(SuiteRunner.java:364)
	at org.testng.SuiteRunnerWorker.runSuite(SuiteRunnerWorker.java:52)
	at org.testng.SuiteRunnerWorker.run(SuiteRunnerWorker.java:84)
	at org.testng.TestNG.runSuitesSequentially(TestNG.java:1208)
	at org.testng.TestNG.runSuitesLocally(TestNG.java:1137)
	at org.testng.TestNG.runSuites(TestNG.java:1049)
	at org.testng.TestNG.run(TestNG.java:1017)
	at org.testng.remote.AbstractRemoteTestNG.run(AbstractRemoteTestNG.java:115)
	at org.testng.remote.RemoteTestNG.initAndRun(RemoteTestNG.java:251)
	at org.testng.remote.RemoteTestNG.main(RemoteTestNG.java:77)

2022-06-22 09:29:01,191 [main] INFO com.utils.ExcelUtility - java.lang.NullPointerException
	at com.utils.ExcelUtility.getCellData(ExcelUtility.java:311)
	at com.utils._masterVO.loadGatewayCases(_masterVO.java:115)
	at com.utils._masterVO.loadExternalServices(_masterVO.java:448)
	at com.utils._masterVO.loadVO(_masterVO.java:81)
	at com.classes.BaseTest.setupReporter(BaseTest.java:85)
	at sun.reflect.NativeMethodAccessorImpl.invoke0(Native Method)
	at sun.reflect.NativeMethodAccessorImpl.invoke(Unknown Source)
	at sun.reflect.DelegatingMethodAccessorImpl.invoke(Unknown Source)
	at java.lang.reflect.Method.invoke(Unknown Source)
	at org.testng.internal.MethodInvocationHelper.invokeMethod(MethodInvocationHelper.java:124)
	at org.testng.internal.MethodInvocationHelper.invokeMethodConsideringTimeout(MethodInvocationHelper.java:59)
	at org.testng.internal.Invoker.invokeConfigurationMethod(Invoker.java:455)
	at org.testng.internal.Invoker.invokeConfigurations(Invoker.java:222)
	at org.testng.internal.Invoker.invokeConfigurations(Invoker.java:142)
	at org.testng.SuiteRunner.privateRun(SuiteRunner.java:401)
	at org.testng.SuiteRunner.run(SuiteRunner.java:364)
	at org.testng.SuiteRunnerWorker.runSuite(SuiteRunnerWorker.java:52)
	at org.testng.SuiteRunnerWorker.run(SuiteRunnerWorker.java:84)
	at org.testng.TestNG.runSuitesSequentially(TestNG.java:1208)
	at org.testng.TestNG.runSuitesLocally(TestNG.java:1137)
	at org.testng.TestNG.runSuites(TestNG.java:1049)
	at org.testng.TestNG.run(TestNG.java:1017)
	at org.testng.remote.AbstractRemoteTestNG.run(AbstractRemoteTestNG.java:115)
	at org.testng.remote.RemoteTestNG.initAndRun(RemoteTestNG.java:251)
	at org.testng.remote.RemoteTestNG.main(RemoteTestNG.java:77)

2022-06-22 09:29:01,193 [main] INFO com.utils.ExcelUtility - java.lang.NullPointerException
	at com.utils.ExcelUtility.getCellData(ExcelUtility.java:311)
	at com.utils._masterVO.loadGatewayCases(_masterVO.java:115)
	at com.utils._masterVO.loadExternalServices(_masterVO.java:448)
	at com.utils._masterVO.loadVO(_masterVO.java:81)
	at com.classes.BaseTest.setupReporter(BaseTest.java:85)
	at sun.reflect.NativeMethodAccessorImpl.invoke0(Native Method)
	at sun.reflect.NativeMethodAccessorImpl.invoke(Unknown Source)
	at sun.reflect.DelegatingMethodAccessorImpl.invoke(Unknown Source)
	at java.lang.reflect.Method.invoke(Unknown Source)
	at org.testng.internal.MethodInvocationHelper.invokeMethod(MethodInvocationHelper.java:124)
	at org.testng.internal.MethodInvocationHelper.invokeMethodConsideringTimeout(MethodInvocationHelper.java:59)
	at org.testng.internal.Invoker.invokeConfigurationMethod(Invoker.java:455)
	at org.testng.internal.Invoker.invokeConfigurations(Invoker.java:222)
	at org.testng.internal.Invoker.invokeConfigurations(Invoker.java:142)
	at org.testng.SuiteRunner.privateRun(SuiteRunner.java:401)
	at org.testng.SuiteRunner.run(SuiteRunner.java:364)
	at org.testng.SuiteRunnerWorker.runSuite(SuiteRunnerWorker.java:52)
	at org.testng.SuiteRunnerWorker.run(SuiteRunnerWorker.java:84)
	at org.testng.TestNG.runSuitesSequentially(TestNG.java:1208)
	at org.testng.TestNG.runSuitesLocally(TestNG.java:1137)
	at org.testng.TestNG.runSuites(TestNG.java:1049)
	at org.testng.TestNG.run(TestNG.java:1017)
	at org.testng.remote.AbstractRemoteTestNG.run(AbstractRemoteTestNG.java:115)
	at org.testng.remote.RemoteTestNG.initAndRun(RemoteTestNG.java:251)
	at org.testng.remote.RemoteTestNG.main(RemoteTestNG.java:77)

2022-06-22 09:29:01,194 [main] INFO com.utils.ExcelUtility - java.lang.NullPointerException
	at com.utils.ExcelUtility.getCellData(ExcelUtility.java:311)
	at com.utils._masterVO.loadGatewayCases(_masterVO.java:115)
	at com.utils._masterVO.loadExternalServices(_masterVO.java:448)
	at com.utils._masterVO.loadVO(_masterVO.java:81)
	at com.classes.BaseTest.setupReporter(BaseTest.java:85)
	at sun.reflect.NativeMethodAccessorImpl.invoke0(Native Method)
	at sun.reflect.NativeMethodAccessorImpl.invoke(Unknown Source)
	at sun.reflect.DelegatingMethodAccessorImpl.invoke(Unknown Source)
	at java.lang.reflect.Method.invoke(Unknown Source)
	at org.testng.internal.MethodInvocationHelper.invokeMethod(MethodInvocationHelper.java:124)
	at org.testng.internal.MethodInvocationHelper.invokeMethodConsideringTimeout(MethodInvocationHelper.java:59)
	at org.testng.internal.Invoker.invokeConfigurationMethod(Invoker.java:455)
	at org.testng.internal.Invoker.invokeConfigurations(Invoker.java:222)
	at org.testng.internal.Invoker.invokeConfigurations(Invoker.java:142)
	at org.testng.SuiteRunner.privateRun(SuiteRunner.java:401)
	at org.testng.SuiteRunner.run(SuiteRunner.java:364)
	at org.testng.SuiteRunnerWorker.runSuite(SuiteRunnerWorker.java:52)
	at org.testng.SuiteRunnerWorker.run(SuiteRunnerWorker.java:84)
	at org.testng.TestNG.runSuitesSequentially(TestNG.java:1208)
	at org.testng.TestNG.runSuitesLocally(TestNG.java:1137)
	at org.testng.TestNG.runSuites(TestNG.java:1049)
	at org.testng.TestNG.run(TestNG.java:1017)
	at org.testng.remote.AbstractRemoteTestNG.run(AbstractRemoteTestNG.java:115)
	at org.testng.remote.RemoteTestNG.initAndRun(RemoteTestNG.java:251)
	at org.testng.remote.RemoteTestNG.main(RemoteTestNG.java:77)

2022-06-22 09:29:01,194 [main] INFO com.utils.ExcelUtility - java.lang.NullPointerException
	at com.utils.ExcelUtility.getCellData(ExcelUtility.java:311)
	at com.utils._masterVO.loadGatewayCases(_masterVO.java:115)
	at com.utils._masterVO.loadExternalServices(_masterVO.java:448)
	at com.utils._masterVO.loadVO(_masterVO.java:81)
	at com.classes.BaseTest.setupReporter(BaseTest.java:85)
	at sun.reflect.NativeMethodAccessorImpl.invoke0(Native Method)
	at sun.reflect.NativeMethodAccessorImpl.invoke(Unknown Source)
	at sun.reflect.DelegatingMethodAccessorImpl.invoke(Unknown Source)
	at java.lang.reflect.Method.invoke(Unknown Source)
	at org.testng.internal.MethodInvocationHelper.invokeMethod(MethodInvocationHelper.java:124)
	at org.testng.internal.MethodInvocationHelper.invokeMethodConsideringTimeout(MethodInvocationHelper.java:59)
	at org.testng.internal.Invoker.invokeConfigurationMethod(Invoker.java:455)
	at org.testng.internal.Invoker.invokeConfigurations(Invoker.java:222)
	at org.testng.internal.Invoker.invokeConfigurations(Invoker.java:142)
	at org.testng.SuiteRunner.privateRun(SuiteRunner.java:401)
	at org.testng.SuiteRunner.run(SuiteRunner.java:364)
	at org.testng.SuiteRunnerWorker.runSuite(SuiteRunnerWorker.java:52)
	at org.testng.SuiteRunnerWorker.run(SuiteRunnerWorker.java:84)
	at org.testng.TestNG.runSuitesSequentially(TestNG.java:1208)
	at org.testng.TestNG.runSuitesLocally(TestNG.java:1137)
	at org.testng.TestNG.runSuites(TestNG.java:1049)
	at org.testng.TestNG.run(TestNG.java:1017)
	at org.testng.remote.AbstractRemoteTestNG.run(AbstractRemoteTestNG.java:115)
	at org.testng.remote.RemoteTestNG.initAndRun(RemoteTestNG.java:251)
	at org.testng.remote.RemoteTestNG.main(RemoteTestNG.java:77)

2022-06-22 09:29:01,194 [main] INFO com.utils.ExcelUtility - java.lang.NullPointerException
	at com.utils.ExcelUtility.getCellData(ExcelUtility.java:311)
	at com.utils._masterVO.loadGatewayCases(_masterVO.java:115)
	at com.utils._masterVO.loadExternalServices(_masterVO.java:448)
	at com.utils._masterVO.loadVO(_masterVO.java:81)
	at com.classes.BaseTest.setupReporter(BaseTest.java:85)
	at sun.reflect.NativeMethodAccessorImpl.invoke0(Native Method)
	at sun.reflect.NativeMethodAccessorImpl.invoke(Unknown Source)
	at sun.reflect.DelegatingMethodAccessorImpl.invoke(Unknown Source)
	at java.lang.reflect.Method.invoke(Unknown Source)
	at org.testng.internal.MethodInvocationHelper.invokeMethod(MethodInvocationHelper.java:124)
	at org.testng.internal.MethodInvocationHelper.invokeMethodConsideringTimeout(MethodInvocationHelper.java:59)
	at org.testng.internal.Invoker.invokeConfigurationMethod(Invoker.java:455)
	at org.testng.internal.Invoker.invokeConfigurations(Invoker.java:222)
	at org.testng.internal.Invoker.invokeConfigurations(Invoker.java:142)
	at org.testng.SuiteRunner.privateRun(SuiteRunner.java:401)
	at org.testng.SuiteRunner.run(SuiteRunner.java:364)
	at org.testng.SuiteRunnerWorker.runSuite(SuiteRunnerWorker.java:52)
	at org.testng.SuiteRunnerWorker.run(SuiteRunnerWorker.java:84)
	at org.testng.TestNG.runSuitesSequentially(TestNG.java:1208)
	at org.testng.TestNG.runSuitesLocally(TestNG.java:1137)
	at org.testng.TestNG.runSuites(TestNG.java:1049)
	at org.testng.TestNG.run(TestNG.java:1017)
	at org.testng.remote.AbstractRemoteTestNG.run(AbstractRemoteTestNG.java:115)
	at org.testng.remote.RemoteTestNG.initAndRun(RemoteTestNG.java:251)
	at org.testng.remote.RemoteTestNG.main(RemoteTestNG.java:77)

2022-06-22 09:29:01,195 [main] INFO com.utils.ExcelUtility - java.lang.NullPointerException
	at com.utils.ExcelUtility.getCellData(ExcelUtility.java:311)
	at com.utils._masterVO.loadGatewayCases(_masterVO.java:115)
	at com.utils._masterVO.loadExternalServices(_masterVO.java:448)
	at com.utils._masterVO.loadVO(_masterVO.java:81)
	at com.classes.BaseTest.setupReporter(BaseTest.java:85)
	at sun.reflect.NativeMethodAccessorImpl.invoke0(Native Method)
	at sun.reflect.NativeMethodAccessorImpl.invoke(Unknown Source)
	at sun.reflect.DelegatingMethodAccessorImpl.invoke(Unknown Source)
	at java.lang.reflect.Method.invoke(Unknown Source)
	at org.testng.internal.MethodInvocationHelper.invokeMethod(MethodInvocationHelper.java:124)
	at org.testng.internal.MethodInvocationHelper.invokeMethodConsideringTimeout(MethodInvocationHelper.java:59)
	at org.testng.internal.Invoker.invokeConfigurationMethod(Invoker.java:455)
	at org.testng.internal.Invoker.invokeConfigurations(Invoker.java:222)
	at org.testng.internal.Invoker.invokeConfigurations(Invoker.java:142)
	at org.testng.SuiteRunner.privateRun(SuiteRunner.java:401)
	at org.testng.SuiteRunner.run(SuiteRunner.java:364)
	at org.testng.SuiteRunnerWorker.runSuite(SuiteRunnerWorker.java:52)
	at org.testng.SuiteRunnerWorker.run(SuiteRunnerWorker.java:84)
	at org.testng.TestNG.runSuitesSequentially(TestNG.java:1208)
	at org.testng.TestNG.runSuitesLocally(TestNG.java:1137)
	at org.testng.TestNG.runSuites(TestNG.java:1049)
	at org.testng.TestNG.run(TestNG.java:1017)
	at org.testng.remote.AbstractRemoteTestNG.run(AbstractRemoteTestNG.java:115)
	at org.testng.remote.RemoteTestNG.initAndRun(RemoteTestNG.java:251)
	at org.testng.remote.RemoteTestNG.main(RemoteTestNG.java:77)

2022-06-22 09:29:01,196 [main] INFO com.utils.ExcelUtility - java.lang.NullPointerException
	at com.utils.ExcelUtility.getCellData(ExcelUtility.java:311)
	at com.utils._masterVO.loadGatewayCases(_masterVO.java:115)
	at com.utils._masterVO.loadExternalServices(_masterVO.java:448)
	at com.utils._masterVO.loadVO(_masterVO.java:81)
	at com.classes.BaseTest.setupReporter(BaseTest.java:85)
	at sun.reflect.NativeMethodAccessorImpl.invoke0(Native Method)
	at sun.reflect.NativeMethodAccessorImpl.invoke(Unknown Source)
	at sun.reflect.DelegatingMethodAccessorImpl.invoke(Unknown Source)
	at java.lang.reflect.Method.invoke(Unknown Source)
	at org.testng.internal.MethodInvocationHelper.invokeMethod(MethodInvocationHelper.java:124)
	at org.testng.internal.MethodInvocationHelper.invokeMethodConsideringTimeout(MethodInvocationHelper.java:59)
	at org.testng.internal.Invoker.invokeConfigurationMethod(Invoker.java:455)
	at org.testng.internal.Invoker.invokeConfigurations(Invoker.java:222)
	at org.testng.internal.Invoker.invokeConfigurations(Invoker.java:142)
	at org.testng.SuiteRunner.privateRun(SuiteRunner.java:401)
	at org.testng.SuiteRunner.run(SuiteRunner.java:364)
	at org.testng.SuiteRunnerWorker.runSuite(SuiteRunnerWorker.java:52)
	at org.testng.SuiteRunnerWorker.run(SuiteRunnerWorker.java:84)
	at org.testng.TestNG.runSuitesSequentially(TestNG.java:1208)
	at org.testng.TestNG.runSuitesLocally(TestNG.java:1137)
	at org.testng.TestNG.runSuites(TestNG.java:1049)
	at org.testng.TestNG.run(TestNG.java:1017)
	at org.testng.remote.AbstractRemoteTestNG.run(AbstractRemoteTestNG.java:115)
	at org.testng.remote.RemoteTestNG.initAndRun(RemoteTestNG.java:251)
	at org.testng.remote.RemoteTestNG.main(RemoteTestNG.java:77)

2022-06-22 09:29:01,196 [main] INFO com.utils.ExcelUtility - java.lang.NullPointerException
	at com.utils.ExcelUtility.getCellData(ExcelUtility.java:311)
	at com.utils._masterVO.loadGatewayCases(_masterVO.java:115)
	at com.utils._masterVO.loadExternalServices(_masterVO.java:448)
	at com.utils._masterVO.loadVO(_masterVO.java:81)
	at com.classes.BaseTest.setupReporter(BaseTest.java:85)
	at sun.reflect.NativeMethodAccessorImpl.invoke0(Native Method)
	at sun.reflect.NativeMethodAccessorImpl.invoke(Unknown Source)
	at sun.reflect.DelegatingMethodAccessorImpl.invoke(Unknown Source)
	at java.lang.reflect.Method.invoke(Unknown Source)
	at org.testng.internal.MethodInvocationHelper.invokeMethod(MethodInvocationHelper.java:124)
	at org.testng.internal.MethodInvocationHelper.invokeMethodConsideringTimeout(MethodInvocationHelper.java:59)
	at org.testng.internal.Invoker.invokeConfigurationMethod(Invoker.java:455)
	at org.testng.internal.Invoker.invokeConfigurations(Invoker.java:222)
	at org.testng.internal.Invoker.invokeConfigurations(Invoker.java:142)
	at org.testng.SuiteRunner.privateRun(SuiteRunner.java:401)
	at org.testng.SuiteRunner.run(SuiteRunner.java:364)
	at org.testng.SuiteRunnerWorker.runSuite(SuiteRunnerWorker.java:52)
	at org.testng.SuiteRunnerWorker.run(SuiteRunnerWorker.java:84)
	at org.testng.TestNG.runSuitesSequentially(TestNG.java:1208)
	at org.testng.TestNG.runSuitesLocally(TestNG.java:1137)
	at org.testng.TestNG.runSuites(TestNG.java:1049)
	at org.testng.TestNG.run(TestNG.java:1017)
	at org.testng.remote.AbstractRemoteTestNG.run(AbstractRemoteTestNG.java:115)
	at org.testng.remote.RemoteTestNG.initAndRun(RemoteTestNG.java:251)
	at org.testng.remote.RemoteTestNG.main(RemoteTestNG.java:77)

2022-06-22 09:29:01,197 [main] INFO com.utils.ExcelUtility - java.lang.NullPointerException
	at com.utils.ExcelUtility.getCellData(ExcelUtility.java:311)
	at com.utils._masterVO.loadGatewayCases(_masterVO.java:115)
	at com.utils._masterVO.loadExternalServices(_masterVO.java:448)
	at com.utils._masterVO.loadVO(_masterVO.java:81)
	at com.classes.BaseTest.setupReporter(BaseTest.java:85)
	at sun.reflect.NativeMethodAccessorImpl.invoke0(Native Method)
	at sun.reflect.NativeMethodAccessorImpl.invoke(Unknown Source)
	at sun.reflect.DelegatingMethodAccessorImpl.invoke(Unknown Source)
	at java.lang.reflect.Method.invoke(Unknown Source)
	at org.testng.internal.MethodInvocationHelper.invokeMethod(MethodInvocationHelper.java:124)
	at org.testng.internal.MethodInvocationHelper.invokeMethodConsideringTimeout(MethodInvocationHelper.java:59)
	at org.testng.internal.Invoker.invokeConfigurationMethod(Invoker.java:455)
	at org.testng.internal.Invoker.invokeConfigurations(Invoker.java:222)
	at org.testng.internal.Invoker.invokeConfigurations(Invoker.java:142)
	at org.testng.SuiteRunner.privateRun(SuiteRunner.java:401)
	at org.testng.SuiteRunner.run(SuiteRunner.java:364)
	at org.testng.SuiteRunnerWorker.runSuite(SuiteRunnerWorker.java:52)
	at org.testng.SuiteRunnerWorker.run(SuiteRunnerWorker.java:84)
	at org.testng.TestNG.runSuitesSequentially(TestNG.java:1208)
	at org.testng.TestNG.runSuitesLocally(TestNG.java:1137)
	at org.testng.TestNG.runSuites(TestNG.java:1049)
	at org.testng.TestNG.run(TestNG.java:1017)
	at org.testng.remote.AbstractRemoteTestNG.run(AbstractRemoteTestNG.java:115)
	at org.testng.remote.RemoteTestNG.initAndRun(RemoteTestNG.java:251)
	at org.testng.remote.RemoteTestNG.main(RemoteTestNG.java:77)

2022-06-22 09:29:01,197 [main] INFO com.utils.ExcelUtility - java.lang.NullPointerException
	at com.utils.ExcelUtility.getCellData(ExcelUtility.java:311)
	at com.utils._masterVO.loadGatewayCases(_masterVO.java:115)
	at com.utils._masterVO.loadExternalServices(_masterVO.java:448)
	at com.utils._masterVO.loadVO(_masterVO.java:81)
	at com.classes.BaseTest.setupReporter(BaseTest.java:85)
	at sun.reflect.NativeMethodAccessorImpl.invoke0(Native Method)
	at sun.reflect.NativeMethodAccessorImpl.invoke(Unknown Source)
	at sun.reflect.DelegatingMethodAccessorImpl.invoke(Unknown Source)
	at java.lang.reflect.Method.invoke(Unknown Source)
	at org.testng.internal.MethodInvocationHelper.invokeMethod(MethodInvocationHelper.java:124)
	at org.testng.internal.MethodInvocationHelper.invokeMethodConsideringTimeout(MethodInvocationHelper.java:59)
	at org.testng.internal.Invoker.invokeConfigurationMethod(Invoker.java:455)
	at org.testng.internal.Invoker.invokeConfigurations(Invoker.java:222)
	at org.testng.internal.Invoker.invokeConfigurations(Invoker.java:142)
	at org.testng.SuiteRunner.privateRun(SuiteRunner.java:401)
	at org.testng.SuiteRunner.run(SuiteRunner.java:364)
	at org.testng.SuiteRunnerWorker.runSuite(SuiteRunnerWorker.java:52)
	at org.testng.SuiteRunnerWorker.run(SuiteRunnerWorker.java:84)
	at org.testng.TestNG.runSuitesSequentially(TestNG.java:1208)
	at org.testng.TestNG.runSuitesLocally(TestNG.java:1137)
	at org.testng.TestNG.runSuites(TestNG.java:1049)
	at org.testng.TestNG.run(TestNG.java:1017)
	at org.testng.remote.AbstractRemoteTestNG.run(AbstractRemoteTestNG.java:115)
	at org.testng.remote.RemoteTestNG.initAndRun(RemoteTestNG.java:251)
	at org.testng.remote.RemoteTestNG.main(RemoteTestNG.java:77)

2022-06-22 09:29:01,197 [main] INFO com.utils.ExcelUtility - java.lang.NullPointerException
	at com.utils.ExcelUtility.getCellData(ExcelUtility.java:311)
	at com.utils._masterVO.loadGatewayCases(_masterVO.java:115)
	at com.utils._masterVO.loadExternalServices(_masterVO.java:448)
	at com.utils._masterVO.loadVO(_masterVO.java:81)
	at com.classes.BaseTest.setupReporter(BaseTest.java:85)
	at sun.reflect.NativeMethodAccessorImpl.invoke0(Native Method)
	at sun.reflect.NativeMethodAccessorImpl.invoke(Unknown Source)
	at sun.reflect.DelegatingMethodAccessorImpl.invoke(Unknown Source)
	at java.lang.reflect.Method.invoke(Unknown Source)
	at org.testng.internal.MethodInvocationHelper.invokeMethod(MethodInvocationHelper.java:124)
	at org.testng.internal.MethodInvocationHelper.invokeMethodConsideringTimeout(MethodInvocationHelper.java:59)
	at org.testng.internal.Invoker.invokeConfigurationMethod(Invoker.java:455)
	at org.testng.internal.Invoker.invokeConfigurations(Invoker.java:222)
	at org.testng.internal.Invoker.invokeConfigurations(Invoker.java:142)
	at org.testng.SuiteRunner.privateRun(SuiteRunner.java:401)
	at org.testng.SuiteRunner.run(SuiteRunner.java:364)
	at org.testng.SuiteRunnerWorker.runSuite(SuiteRunnerWorker.java:52)
	at org.testng.SuiteRunnerWorker.run(SuiteRunnerWorker.java:84)
	at org.testng.TestNG.runSuitesSequentially(TestNG.java:1208)
	at org.testng.TestNG.runSuitesLocally(TestNG.java:1137)
	at org.testng.TestNG.runSuites(TestNG.java:1049)
	at org.testng.TestNG.run(TestNG.java:1017)
	at org.testng.remote.AbstractRemoteTestNG.run(AbstractRemoteTestNG.java:115)
	at org.testng.remote.RemoteTestNG.initAndRun(RemoteTestNG.java:251)
	at org.testng.remote.RemoteTestNG.main(RemoteTestNG.java:77)

2022-06-22 09:29:01,803 [main] INFO com.utils._masterVO - Gateway Cases Master File Loaded successfully
2022-06-22 09:29:01,806 [main] INFO com.utils._APIUtil - Entered getAPIServices(USSD)
2022-06-22 09:29:01,808 [main] INFO com.utils._APIUtil - Exiting getAPIServices([])
2022-06-22 09:29:01,809 [main] INFO com.utils._masterVO - Loading Gateway Cases Master file from: .//src//test//resources//config//GatewayMaster.xlsx
2022-06-22 09:29:01,997 [main] INFO com.utils._masterVO - Gateway Cases Master File Loaded successfully
2022-06-22 09:29:02,000 [main] INFO com.utils._masterVO - Loading Gateway Cases Master file from: .//src//test//resources//config//GatewayMaster.xlsx
2022-06-22 09:29:02,189 [main] INFO com.utils._masterVO - Gateway Cases Master File Loaded successfully
2022-06-22 09:29:23,227 [main] ERROR com.sshmanager.SSHService - Error while getting SSH Server Instance : com.jcraft.jsch.JSchException: java.net.ConnectException: Connection timed out: connect
2022-06-22 09:29:23,254 [main] INFO com.classes.BaseTest - Completed loading all methods from -masterVO class
2022-06-22 09:31:05,679 [main] INFO com.utils.ExcelUtility - java.lang.NullPointerException
	at com.utils.ExcelUtility.getCellData(ExcelUtility.java:311)
	at angular.testscripts.prereuisitesangular.PreRequisite_C2CTransfer_Revamp.TestDataFeed1(PreRequisite_C2CTransfer_Revamp.java:587)
	at sun.reflect.NativeMethodAccessorImpl.invoke0(Native Method)
	at sun.reflect.NativeMethodAccessorImpl.invoke(Unknown Source)
	at sun.reflect.DelegatingMethodAccessorImpl.invoke(Unknown Source)
	at java.lang.reflect.Method.invoke(Unknown Source)
	at org.testng.internal.MethodInvocationHelper.invokeMethod(MethodInvocationHelper.java:124)
	at org.testng.internal.MethodInvocationHelper.invokeMethod(MethodInvocationHelper.java:74)
	at org.testng.internal.MethodInvocationHelper.invokeMethodNoCheckedException(MethodInvocationHelper.java:45)
	at org.testng.internal.MethodInvocationHelper.invokeDataProvider(MethodInvocationHelper.java:131)
	at org.testng.internal.Parameters.handleParameters(Parameters.java:706)
	at org.testng.internal.ParameterHandler.handleParameters(ParameterHandler.java:49)
	at org.testng.internal.ParameterHandler.createParameters(ParameterHandler.java:37)
	at org.testng.internal.Invoker.invokeTestMethods(Invoker.java:923)
	at org.testng.internal.TestMethodWorker.invokeTestMethods(TestMethodWorker.java:125)
	at org.testng.internal.TestMethodWorker.run(TestMethodWorker.java:109)
	at org.testng.TestRunner.privateRun(TestRunner.java:648)
	at org.testng.TestRunner.run(TestRunner.java:505)
	at org.testng.SuiteRunner.runTest(SuiteRunner.java:455)
	at org.testng.SuiteRunner.runSequentially(SuiteRunner.java:450)
	at org.testng.SuiteRunner.privateRun(SuiteRunner.java:415)
	at org.testng.SuiteRunner.run(SuiteRunner.java:364)
	at org.testng.SuiteRunnerWorker.runSuite(SuiteRunnerWorker.java:52)
	at org.testng.SuiteRunnerWorker.run(SuiteRunnerWorker.java:84)
	at org.testng.TestNG.runSuitesSequentially(TestNG.java:1208)
	at org.testng.TestNG.runSuitesLocally(TestNG.java:1137)
	at org.testng.TestNG.runSuites(TestNG.java:1049)
	at org.testng.TestNG.run(TestNG.java:1017)
	at org.testng.remote.AbstractRemoteTestNG.run(AbstractRemoteTestNG.java:115)
	at org.testng.remote.RemoteTestNG.initAndRun(RemoteTestNG.java:251)
	at org.testng.remote.RemoteTestNG.main(RemoteTestNG.java:77)

2022-06-22 09:31:05,844 [main] INFO com.utils.ExcelUtility - java.lang.NullPointerException
	at com.utils.ExcelUtility.getCellData(ExcelUtility.java:311)
	at angular.testscripts.prereuisitesangular.PreRequisite_C2CTransfer_Revamp.TestDataFeed1(PreRequisite_C2CTransfer_Revamp.java:587)
	at sun.reflect.NativeMethodAccessorImpl.invoke0(Native Method)
	at sun.reflect.NativeMethodAccessorImpl.invoke(Unknown Source)
	at sun.reflect.DelegatingMethodAccessorImpl.invoke(Unknown Source)
	at java.lang.reflect.Method.invoke(Unknown Source)
	at org.testng.internal.MethodInvocationHelper.invokeMethod(MethodInvocationHelper.java:124)
	at org.testng.internal.MethodInvocationHelper.invokeMethod(MethodInvocationHelper.java:74)
	at org.testng.internal.MethodInvocationHelper.invokeMethodNoCheckedException(MethodInvocationHelper.java:45)
	at org.testng.internal.MethodInvocationHelper.invokeDataProvider(MethodInvocationHelper.java:131)
	at org.testng.internal.Parameters.handleParameters(Parameters.java:706)
	at org.testng.internal.ParameterHandler.handleParameters(ParameterHandler.java:49)
	at org.testng.internal.ParameterHandler.createParameters(ParameterHandler.java:37)
	at org.testng.internal.Invoker.invokeTestMethods(Invoker.java:923)
	at org.testng.internal.TestMethodWorker.invokeTestMethods(TestMethodWorker.java:125)
	at org.testng.internal.TestMethodWorker.run(TestMethodWorker.java:109)
	at org.testng.TestRunner.privateRun(TestRunner.java:648)
	at org.testng.TestRunner.run(TestRunner.java:505)
	at org.testng.SuiteRunner.runTest(SuiteRunner.java:455)
	at org.testng.SuiteRunner.runSequentially(SuiteRunner.java:450)
	at org.testng.SuiteRunner.privateRun(SuiteRunner.java:415)
	at org.testng.SuiteRunner.run(SuiteRunner.java:364)
	at org.testng.SuiteRunnerWorker.runSuite(SuiteRunnerWorker.java:52)
	at org.testng.SuiteRunnerWorker.run(SuiteRunnerWorker.java:84)
	at org.testng.TestNG.runSuitesSequentially(TestNG.java:1208)
	at org.testng.TestNG.runSuitesLocally(TestNG.java:1137)
	at org.testng.TestNG.runSuites(TestNG.java:1049)
	at org.testng.TestNG.run(TestNG.java:1017)
	at org.testng.remote.AbstractRemoteTestNG.run(AbstractRemoteTestNG.java:115)
	at org.testng.remote.RemoteTestNG.initAndRun(RemoteTestNG.java:251)
	at org.testng.remote.RemoteTestNG.main(RemoteTestNG.java:77)

2022-06-22 09:31:06,042 [main] INFO com.utils.ExcelUtility - java.lang.NullPointerException
	at com.utils.ExcelUtility.getCellData(ExcelUtility.java:311)
	at angular.testscripts.prereuisitesangular.PreRequisite_C2CTransfer_Revamp.TestDataFeed1(PreRequisite_C2CTransfer_Revamp.java:587)
	at sun.reflect.NativeMethodAccessorImpl.invoke0(Native Method)
	at sun.reflect.NativeMethodAccessorImpl.invoke(Unknown Source)
	at sun.reflect.DelegatingMethodAccessorImpl.invoke(Unknown Source)
	at java.lang.reflect.Method.invoke(Unknown Source)
	at org.testng.internal.MethodInvocationHelper.invokeMethod(MethodInvocationHelper.java:124)
	at org.testng.internal.MethodInvocationHelper.invokeMethod(MethodInvocationHelper.java:74)
	at org.testng.internal.MethodInvocationHelper.invokeMethodNoCheckedException(MethodInvocationHelper.java:45)
	at org.testng.internal.MethodInvocationHelper.invokeDataProvider(MethodInvocationHelper.java:131)
	at org.testng.internal.Parameters.handleParameters(Parameters.java:706)
	at org.testng.internal.ParameterHandler.handleParameters(ParameterHandler.java:49)
	at org.testng.internal.ParameterHandler.createParameters(ParameterHandler.java:37)
	at org.testng.internal.Invoker.invokeTestMethods(Invoker.java:923)
	at org.testng.internal.TestMethodWorker.invokeTestMethods(TestMethodWorker.java:125)
	at org.testng.internal.TestMethodWorker.run(TestMethodWorker.java:109)
	at org.testng.TestRunner.privateRun(TestRunner.java:648)
	at org.testng.TestRunner.run(TestRunner.java:505)
	at org.testng.SuiteRunner.runTest(SuiteRunner.java:455)
	at org.testng.SuiteRunner.runSequentially(SuiteRunner.java:450)
	at org.testng.SuiteRunner.privateRun(SuiteRunner.java:415)
	at org.testng.SuiteRunner.run(SuiteRunner.java:364)
	at org.testng.SuiteRunnerWorker.runSuite(SuiteRunnerWorker.java:52)
	at org.testng.SuiteRunnerWorker.run(SuiteRunnerWorker.java:84)
	at org.testng.TestNG.runSuitesSequentially(TestNG.java:1208)
	at org.testng.TestNG.runSuitesLocally(TestNG.java:1137)
	at org.testng.TestNG.runSuites(TestNG.java:1049)
	at org.testng.TestNG.run(TestNG.java:1017)
	at org.testng.remote.AbstractRemoteTestNG.run(AbstractRemoteTestNG.java:115)
	at org.testng.remote.RemoteTestNG.initAndRun(RemoteTestNG.java:251)
	at org.testng.remote.RemoteTestNG.main(RemoteTestNG.java:77)

2022-06-22 09:31:06,386 [main] INFO com.utils.ExcelUtility - java.lang.NullPointerException
	at com.utils.ExcelUtility.getCellData(ExcelUtility.java:311)
	at angular.testscripts.prereuisitesangular.PreRequisite_C2CTransfer_Revamp.TestDataFeed1(PreRequisite_C2CTransfer_Revamp.java:587)
	at sun.reflect.NativeMethodAccessorImpl.invoke0(Native Method)
	at sun.reflect.NativeMethodAccessorImpl.invoke(Unknown Source)
	at sun.reflect.DelegatingMethodAccessorImpl.invoke(Unknown Source)
	at java.lang.reflect.Method.invoke(Unknown Source)
	at org.testng.internal.MethodInvocationHelper.invokeMethod(MethodInvocationHelper.java:124)
	at org.testng.internal.MethodInvocationHelper.invokeMethod(MethodInvocationHelper.java:74)
	at org.testng.internal.MethodInvocationHelper.invokeMethodNoCheckedException(MethodInvocationHelper.java:45)
	at org.testng.internal.MethodInvocationHelper.invokeDataProvider(MethodInvocationHelper.java:131)
	at org.testng.internal.Parameters.handleParameters(Parameters.java:706)
	at org.testng.internal.ParameterHandler.handleParameters(ParameterHandler.java:49)
	at org.testng.internal.ParameterHandler.createParameters(ParameterHandler.java:37)
	at org.testng.internal.Invoker.invokeTestMethods(Invoker.java:923)
	at org.testng.internal.TestMethodWorker.invokeTestMethods(TestMethodWorker.java:125)
	at org.testng.internal.TestMethodWorker.run(TestMethodWorker.java:109)
	at org.testng.TestRunner.privateRun(TestRunner.java:648)
	at org.testng.TestRunner.run(TestRunner.java:505)
	at org.testng.SuiteRunner.runTest(SuiteRunner.java:455)
	at org.testng.SuiteRunner.runSequentially(SuiteRunner.java:450)
	at org.testng.SuiteRunner.privateRun(SuiteRunner.java:415)
	at org.testng.SuiteRunner.run(SuiteRunner.java:364)
	at org.testng.SuiteRunnerWorker.runSuite(SuiteRunnerWorker.java:52)
	at org.testng.SuiteRunnerWorker.run(SuiteRunnerWorker.java:84)
	at org.testng.TestNG.runSuitesSequentially(TestNG.java:1208)
	at org.testng.TestNG.runSuitesLocally(TestNG.java:1137)
	at org.testng.TestNG.runSuites(TestNG.java:1049)
	at org.testng.TestNG.run(TestNG.java:1017)
	at org.testng.remote.AbstractRemoteTestNG.run(AbstractRemoteTestNG.java:115)
	at org.testng.remote.RemoteTestNG.initAndRun(RemoteTestNG.java:251)
	at org.testng.remote.RemoteTestNG.main(RemoteTestNG.java:77)

2022-06-22 09:31:06,551 [main] INFO com.utils.ExcelUtility - java.lang.NullPointerException
	at com.utils.ExcelUtility.getCellData(ExcelUtility.java:311)
	at angular.testscripts.prereuisitesangular.PreRequisite_C2CTransfer_Revamp.TestDataFeed1(PreRequisite_C2CTransfer_Revamp.java:587)
	at sun.reflect.NativeMethodAccessorImpl.invoke0(Native Method)
	at sun.reflect.NativeMethodAccessorImpl.invoke(Unknown Source)
	at sun.reflect.DelegatingMethodAccessorImpl.invoke(Unknown Source)
	at java.lang.reflect.Method.invoke(Unknown Source)
	at org.testng.internal.MethodInvocationHelper.invokeMethod(MethodInvocationHelper.java:124)
	at org.testng.internal.MethodInvocationHelper.invokeMethod(MethodInvocationHelper.java:74)
	at org.testng.internal.MethodInvocationHelper.invokeMethodNoCheckedException(MethodInvocationHelper.java:45)
	at org.testng.internal.MethodInvocationHelper.invokeDataProvider(MethodInvocationHelper.java:131)
	at org.testng.internal.Parameters.handleParameters(Parameters.java:706)
	at org.testng.internal.ParameterHandler.handleParameters(ParameterHandler.java:49)
	at org.testng.internal.ParameterHandler.createParameters(ParameterHandler.java:37)
	at org.testng.internal.Invoker.invokeTestMethods(Invoker.java:923)
	at org.testng.internal.TestMethodWorker.invokeTestMethods(TestMethodWorker.java:125)
	at org.testng.internal.TestMethodWorker.run(TestMethodWorker.java:109)
	at org.testng.TestRunner.privateRun(TestRunner.java:648)
	at org.testng.TestRunner.run(TestRunner.java:505)
	at org.testng.SuiteRunner.runTest(SuiteRunner.java:455)
	at org.testng.SuiteRunner.runSequentially(SuiteRunner.java:450)
	at org.testng.SuiteRunner.privateRun(SuiteRunner.java:415)
	at org.testng.SuiteRunner.run(SuiteRunner.java:364)
	at org.testng.SuiteRunnerWorker.runSuite(SuiteRunnerWorker.java:52)
	at org.testng.SuiteRunnerWorker.run(SuiteRunnerWorker.java:84)
	at org.testng.TestNG.runSuitesSequentially(TestNG.java:1208)
	at org.testng.TestNG.runSuitesLocally(TestNG.java:1137)
	at org.testng.TestNG.runSuites(TestNG.java:1049)
	at org.testng.TestNG.run(TestNG.java:1017)
	at org.testng.remote.AbstractRemoteTestNG.run(AbstractRemoteTestNG.java:115)
	at org.testng.remote.RemoteTestNG.initAndRun(RemoteTestNG.java:251)
	at org.testng.remote.RemoteTestNG.main(RemoteTestNG.java:77)

2022-06-22 09:31:06,885 [main] INFO com.utils.ExcelUtility - java.lang.NullPointerException
	at com.utils.ExcelUtility.getCellData(ExcelUtility.java:311)
	at angular.testscripts.prereuisitesangular.PreRequisite_C2CTransfer_Revamp.TestDataFeed1(PreRequisite_C2CTransfer_Revamp.java:587)
	at sun.reflect.NativeMethodAccessorImpl.invoke0(Native Method)
	at sun.reflect.NativeMethodAccessorImpl.invoke(Unknown Source)
	at sun.reflect.DelegatingMethodAccessorImpl.invoke(Unknown Source)
	at java.lang.reflect.Method.invoke(Unknown Source)
	at org.testng.internal.MethodInvocationHelper.invokeMethod(MethodInvocationHelper.java:124)
	at org.testng.internal.MethodInvocationHelper.invokeMethod(MethodInvocationHelper.java:74)
	at org.testng.internal.MethodInvocationHelper.invokeMethodNoCheckedException(MethodInvocationHelper.java:45)
	at org.testng.internal.MethodInvocationHelper.invokeDataProvider(MethodInvocationHelper.java:131)
	at org.testng.internal.Parameters.handleParameters(Parameters.java:706)
	at org.testng.internal.ParameterHandler.handleParameters(ParameterHandler.java:49)
	at org.testng.internal.ParameterHandler.createParameters(ParameterHandler.java:37)
	at org.testng.internal.Invoker.invokeTestMethods(Invoker.java:923)
	at org.testng.internal.TestMethodWorker.invokeTestMethods(TestMethodWorker.java:125)
	at org.testng.internal.TestMethodWorker.run(TestMethodWorker.java:109)
	at org.testng.TestRunner.privateRun(TestRunner.java:648)
	at org.testng.TestRunner.run(TestRunner.java:505)
	at org.testng.SuiteRunner.runTest(SuiteRunner.java:455)
	at org.testng.SuiteRunner.runSequentially(SuiteRunner.java:450)
	at org.testng.SuiteRunner.privateRun(SuiteRunner.java:415)
	at org.testng.SuiteRunner.run(SuiteRunner.java:364)
	at org.testng.SuiteRunnerWorker.runSuite(SuiteRunnerWorker.java:52)
	at org.testng.SuiteRunnerWorker.run(SuiteRunnerWorker.java:84)
	at org.testng.TestNG.runSuitesSequentially(TestNG.java:1208)
	at org.testng.TestNG.runSuitesLocally(TestNG.java:1137)
	at org.testng.TestNG.runSuites(TestNG.java:1049)
	at org.testng.TestNG.run(TestNG.java:1017)
	at org.testng.remote.AbstractRemoteTestNG.run(AbstractRemoteTestNG.java:115)
	at org.testng.remote.RemoteTestNG.initAndRun(RemoteTestNG.java:251)
	at org.testng.remote.RemoteTestNG.main(RemoteTestNG.java:77)

2022-06-22 09:31:07,876 [main] INFO com.dbrepository.OracleRepository - Entered getSystemPreference(TRF_RULE_USER_LEVEL_ALLOW)
2022-06-22 09:31:07,898 [main] INFO com.dbrepository.DBConnectionPool - Active Size:0 Cache Size:10
2022-06-22 09:31:07,902 [main] INFO com.dbrepository.OracleRepository - getSystemPreference() :: select query: select DEFAULT_VALUE from system_preferences where PREFERENCE_CODE = ?
2022-06-22 09:31:08,114 [main] INFO com.dbrepository.OracleRepository - Database Returns: DEFAULT_VALUE (true)
2022-06-22 09:31:08,118 [main] INFO com.dbrepository.OracleRepository - Exiting getSystemPreference()
2022-06-22 09:31:08,171 [main] INFO angular.testscripts.prereuisitesangular.PreRequisite_C2CTransfer_Revamp - ------------------ Test Case Execution Started For A_01_Test_C2CTransferMobikeBuyerType -------------------
2022-06-22 09:31:08,171 [main] INFO angular.testscripts.prereuisitesangular.PreRequisite_C2CTransfer_Revamp - Entered A_01_Test_C2CTransferMobikeBuyerType(Super Distributor, Dealer, 9081573214, 2468, Distributor, Super Distributor, SA, 2)
2022-06-22 09:31:08,184 [main] INFO com.dbrepository.OracleRepository - Entered getPreference(SE, NG, MAX_APPROVAL_LEVEL_C2C_TRANSFER)
2022-06-22 09:31:08,203 [main] INFO com.dbrepository.DBConnectionPool - Active Size:0 Cache Size:10
2022-06-22 09:31:08,418 [main] INFO com.dbrepository.OracleRepository - Service Class Preference Not Found
2022-06-22 09:31:08,425 [main] INFO com.dbrepository.OracleRepository - Trying to get Preference value from Control Preferences
2022-06-22 09:31:08,620 [main] INFO com.dbrepository.OracleRepository - Query Repository Returns: DEFAULT_VALUE (3)
2022-06-22 09:31:08,776 [main] INFO com.utils.CommonUtils - Category Code for Super Distributor: DIST
2022-06-22 09:31:08,854 [main] INFO com.dbrepository.OracleRepository - Entered webInterface(Super Distributor)
2022-06-22 09:31:08,859 [main] INFO com.dbrepository.DBConnectionPool - Active Size:0 Cache Size:10
2022-06-22 09:31:08,863 [main] INFO com.dbrepository.OracleRepository - webInterface() :: select query: Select WEB_INTERFACE_ALLOWED from categories where category_name= ?
2022-06-22 09:31:08,994 [main] INFO com.dbrepository.OracleRepository - Database Returns: WEB_INTERFACE_ALLOWED (Y)
2022-06-22 09:31:08,999 [main] INFO com.dbrepository.OracleRepository - Exited webInterface()
2022-06-22 09:31:09,132 [main] INFO angular.feature.C2CTransferRevamp - Entered performC2CTransferMobileBuyerType(Super Distributor, Dealer, 9081573214, 2468)
2022-06-22 09:31:09,253 [main] INFO angular.classes.LoginRevamp - Login ID Found as: suser
2022-06-22 09:31:09,257 [main] INFO angular.classes.LoginRevamp - Password Found as: Com@2469
2022-06-22 09:31:09,261 [main] INFO angular.feature.C2CTransferRevamp - LOGINID : suser
2022-06-22 09:31:09,324 [main] INFO angular.classes.LoginRevamp - LoginID found as: suser
2022-06-22 09:31:09,330 [main] INFO angular.classes.LoginRevamp - Password found as: Com@2469
2022-06-22 09:31:09,335 [main] INFO angular.classes.LoginRevamp - Username found as:  suser
2022-06-22 09:31:10,717 [main] INFO angular.pageobjects.loginpages.LoginPageRevamp - Trying to select Language
2022-06-22 09:31:20,959 [main] INFO angular.pageobjects.loginpages.LoginPageRevamp - <b>Language Selector Not Found:</b>
2022-06-22 09:31:20,989 [main] INFO angular.pageobjects.loginpages.LoginPageRevamp - Trying to enter Login ID
2022-06-22 09:31:21,223 [main] INFO angular.pageobjects.loginpages.LoginPageRevamp - Login ID entered successfully as: suser
2022-06-22 09:31:21,228 [main] INFO angular.pageobjects.loginpages.LoginPageRevamp - Trying to enter Password
2022-06-22 09:31:21,473 [main] INFO angular.pageobjects.loginpages.LoginPageRevamp - Password entered successfully as: Com@2469
2022-06-22 09:31:21,478 [main] INFO angular.pageobjects.loginpages.LoginPageRevamp - Trying to click Login Button
2022-06-22 09:31:21,630 [main] INFO angular.pageobjects.loginpages.LoginPageRevamp - Login button clicked successfully
2022-06-22 09:31:21,699 [main] INFO angular.pageobjects.loginpages.LoginPageRevamp - Error Message Found on Login Screen: 
2022-06-22 09:31:32,402 [main] INFO angular.pageobjects.c2ctransfer.C2CTransfers - Trying clicking on C2C Heading
2022-06-22 09:31:32,540 [main] INFO angular.pageobjects.c2ctransfer.C2CTransfers - User clicked C2C Heading Link.
2022-06-22 09:31:32,544 [main] INFO angular.pageobjects.c2ctransfer.C2CTransfers - Trying clicking on C2C Transaction Heading
2022-06-22 09:31:32,656 [main] INFO angular.pageobjects.c2ctransfer.C2CTransfers - User clicked C2C Transaction Heading Link.
2022-06-22 09:31:32,661 [main] INFO angular.feature.C2CTransferRevamp - C2C Heading and Transaction Heading is clicked
2022-06-22 09:31:32,667 [main] INFO angular.pageobjects.c2ctransfer.C2CTransfers - Trying clicking on C2C Single Operation Heading
2022-06-22 09:31:35,521 [main] INFO angular.pageobjects.c2ctransfer.C2CTransfers - User clicked C2C Single Operation Heading.
2022-06-22 09:31:35,547 [main] INFO angular.pageobjects.c2ctransfer.C2CTransfers - Trying clicking on C2C Transfer Heading
2022-06-22 09:31:35,696 [main] INFO angular.pageobjects.c2ctransfer.C2CTransfers - User clicked C2C Transfer Heading.
2022-06-22 09:31:35,700 [main] INFO angular.pageobjects.c2ctransfer.C2CTransfers - Trying clicking on Etopup
2022-06-22 09:31:35,874 [main] INFO angular.pageobjects.c2ctransfer.C2CTransfers - Clicked Etopup.
2022-06-22 09:31:35,879 [main] INFO angular.pageobjects.c2ctransfer.C2CTransfers - Trying to select C2C Buyer Type
2022-06-22 09:31:36,183 [main] INFO angular.pageobjects.c2ctransfer.C2CTransfers - C2C Buyer Type selected : //ng-select[@id='searchBy']//ng-dropdown-panel[contains(@class,'ng-star-inserted')]//span[text()='Mobile Number']
2022-06-22 09:31:36,187 [main] INFO angular.pageobjects.c2ctransfer.C2CTransfers - Entering C2C MSISDN
2022-06-22 09:31:36,365 [main] INFO angular.pageobjects.c2ctransfer.C2CTransfers - Entered C2C MSISDN : 9081573214
2022-06-22 09:31:46,292 [main] INFO angular.pageobjects.c2ctransfer.C2CTransfers - Trying clicking on PROCEED button on C2C
2022-06-22 09:31:51,361 [main] INFO angular.pageobjects.c2ctransfer.C2CTransfers - Clicked PROCEED button on C2C.
2022-06-22 09:31:51,391 [main] INFO angular.pageobjects.c2ctransfer.C2CTransfers - Trying to initiate C2C Topups
2022-06-22 09:31:51,663 [main] INFO angular.pageobjects.c2ctransfer.C2CTransfers - rowCount of c2c topups available on screen : 2
2022-06-22 09:31:51,667 [main] INFO angular.pageobjects.c2ctransfer.C2CTransfers - sheetProductCode : eTopUP
2022-06-22 09:31:51,669 [main] INFO angular.pageobjects.c2ctransfer.C2CTransfers - sheetProductCode : PeTopUP
2022-06-22 09:31:51,772 [main] INFO angular.pageobjects.c2ctransfer.C2CTransfers - quantity : 2
2022-06-22 09:31:51,775 [main] INFO angular.pageobjects.c2ctransfer.C2CTransfers - String.valueOf(quantity) SEND KEYS : 2
2022-06-22 09:31:51,920 [main] INFO angular.pageobjects.c2ctransfer.C2CTransfers - rowCount of c2c topups available on screen : 2
2022-06-22 09:31:51,923 [main] INFO angular.pageobjects.c2ctransfer.C2CTransfers - sheetProductCode : eTopUP
2022-06-22 09:31:51,987 [main] INFO angular.pageobjects.c2ctransfer.C2CTransfers - quantity : 1
2022-06-22 09:31:51,990 [main] INFO angular.pageobjects.c2ctransfer.C2CTransfers - String.valueOf(quantity) SEND KEYS : 1
2022-06-22 09:31:51,992 [main] INFO angular.pageobjects.c2ctransfer.C2CTransfers - sheetProductCode : PeTopUP
2022-06-22 09:31:51,994 [main] INFO angular.pageobjects.c2ctransfer.C2CTransfers - Entered Quantities: 
2022-06-22 09:31:52,107 [main] INFO angular.pageobjects.c2ctransfer.C2CTransfers - Entered Reference Number
2022-06-22 09:31:52,334 [main] INFO angular.pageobjects.c2ctransfer.C2CTransfers - User entered Remarks
2022-06-22 09:31:52,336 [main] INFO angular.pageobjects.c2ctransfer.C2CTransfers - Trying to select Payment mode : Cash
2022-06-22 09:31:55,628 [main] INFO angular.pageobjects.c2ctransfer.C2CTransfers - Selected Payment Mode : Cash
2022-06-22 09:31:55,654 [main] INFO angular.pageobjects.c2ctransfer.C2CTransfers - Trying to select Payment Instrument Number
2022-06-22 09:31:55,778 [main] INFO angular.pageobjects.c2ctransfer.C2CTransfers - User entered PaymentInstNum: 124231
2022-06-22 09:31:55,780 [main] INFO angular.feature.C2CTransferRevamp - Trying to select Date
2022-06-22 09:31:55,782 [main] INFO angular.pageobjects.c2ctransfer.C2CTransfers - Trying to enter Payment Instrument Date
2022-06-22 09:31:55,963 [main] INFO angular.pageobjects.c2ctransfer.C2CTransfers - User entered PaymentInstDate: 22/06/22
2022-06-22 09:31:55,965 [main] INFO angular.pageobjects.c2ctransfer.C2CTransfers - Trying clicking on C2C TRANSFER button
2022-06-22 09:31:56,112 [main] INFO angular.pageobjects.c2ctransfer.C2CTransfers - Clicked C2C Transfer Button
2022-06-22 09:31:57,239 [main] INFO angular.pageobjects.c2ctransfer.C2CTransfers - PIN PopUP is visible.
2022-06-22 09:31:57,241 [main] INFO angular.pageobjects.c2ctransfer.C2CTransfers - Trying to Enter Channel User PIN for C2C
2022-06-22 09:31:57,409 [main] INFO angular.pageobjects.c2ctransfer.C2CTransfers - User entered PIN: 2468
2022-06-22 09:31:57,412 [main] INFO angular.pageobjects.c2ctransfer.C2CTransfers - Trying clicking on C2C TRANSFER button
2022-06-22 09:31:57,550 [main] INFO angular.pageobjects.c2ctransfer.C2CTransfers - Clicked C2C Transfer Button
2022-06-22 09:31:58,705 [main] INFO angular.pageobjects.c2ctransfer.C2CTransfers - PIN PopUP is visible.
2022-06-22 09:31:58,710 [main] INFO angular.pageobjects.c2ctransfer.C2CTransfers - Fetching C2C Transfer Request Initiated Message
2022-06-22 09:31:58,820 [main] INFO angular.pageobjects.c2ctransfer.C2CTransfers - C2C Transfer Request Initiated Message : Transfer Request Initiated
2022-06-22 09:31:58,824 [main] INFO angular.pageobjects.c2ctransfer.C2CTransfers - Trying to get C2C Topups Done
2022-06-22 09:31:59,046 [main] INFO angular.pageobjects.c2ctransfer.C2CTransfers - C2C [[ChromeDriver: chrome on WINDOWS (3ca7f53f4b0a69524ceba0beb4575684)] -> xpath: (//label[@class='labelposPrd'])[1]] : [[ChromeDriver: chrome on WINDOWS (3ca7f53f4b0a69524ceba0beb4575684)] -> xpath: (//label[@class='labelposPrd'])[1]/following-sibling::label]
2022-06-22 09:31:59,090 [main] INFO angular.pageobjects.c2ctransfer.C2CTransfers - C2C [[ChromeDriver: chrome on WINDOWS (3ca7f53f4b0a69524ceba0beb4575684)] -> xpath: (//label[@class='labelposPrd'])[2]] : [[ChromeDriver: chrome on WINDOWS (3ca7f53f4b0a69524ceba0beb4575684)] -> xpath: (//label[@class='labelposPrd'])[2]/following-sibling::label]
2022-06-22 09:31:59,094 [main] INFO angular.pageobjects.c2ctransfer.C2CTransfers -  C2C TOPUPS Done and Info Printed Above
2022-06-22 09:31:59,098 [main] INFO angular.pageobjects.c2ctransfer.C2CTransfers - Fetching C2C Transfer Transaction ID
2022-06-22 09:31:59,204 [main] INFO angular.pageobjects.c2ctransfer.C2CTransfers - C2C Transfer Transaction ID : CT220622.0923.100001
2022-06-22 09:32:20,042 [main] ERROR com.sshmanager.SSHService - Error while getting SSH Server Instance : com.jcraft.jsch.JSchException: java.net.ConnectException: Connection timed out: connect
2022-06-22 09:32:20,068 [main] INFO angular.pageobjects.c2ctransfer.C2CTransfers - Trying to Click DONE button after C2C Transfer initiated
2022-06-22 09:32:20,240 [main] INFO angular.pageobjects.c2ctransfer.C2CTransfers - Clicked Done for Initiated C2C
2022-06-22 09:32:20,243 [main] INFO angular.feature.C2CTransferRevamp - Exiting performC2CTransferMobileBuyerType
2022-06-22 09:32:20,244 [main] INFO angular.feature.C2CTransferRevamp - Entered performC2CTransferMobileBuyerType(Super Distributor, Dealer, 9081573214, 2468)
2022-06-22 09:32:20,283 [main] INFO angular.classes.LoginRevamp - Login ID Found as: suser
2022-06-22 09:32:20,285 [main] INFO angular.classes.LoginRevamp - Password Found as: Com@2469
2022-06-22 09:32:20,286 [main] INFO angular.feature.C2CTransferRevamp - LOGINID : suser
2022-06-22 09:32:20,312 [main] INFO angular.classes.LoginRevamp - LoginID found as: suser
2022-06-22 09:32:20,313 [main] INFO angular.classes.LoginRevamp - Password found as: Com@2469
2022-06-22 09:32:20,315 [main] INFO angular.classes.LoginRevamp - Username found as:  suser
2022-06-22 09:32:20,632 [main] INFO angular.pageobjects.loginpages.LoginPageRevamp - Trying to select Language
2022-06-22 09:32:30,863 [main] INFO angular.pageobjects.loginpages.LoginPageRevamp - <b>Language Selector Not Found:</b>
2022-06-22 09:32:30,889 [main] INFO angular.pageobjects.loginpages.LoginPageRevamp - Trying to enter Login ID
2022-06-22 09:32:31,132 [main] INFO angular.pageobjects.loginpages.LoginPageRevamp - Login ID entered successfully as: suser
2022-06-22 09:32:31,134 [main] INFO angular.pageobjects.loginpages.LoginPageRevamp - Trying to enter Password
2022-06-22 09:32:31,352 [main] INFO angular.pageobjects.loginpages.LoginPageRevamp - Password entered successfully as: Com@2469
2022-06-22 09:32:31,353 [main] INFO angular.pageobjects.loginpages.LoginPageRevamp - Trying to click Login Button
2022-06-22 09:32:31,448 [main] INFO angular.pageobjects.loginpages.LoginPageRevamp - Login button clicked successfully
2022-06-22 09:32:31,492 [main] INFO angular.pageobjects.loginpages.LoginPageRevamp - Error Message Found on Login Screen: 
2022-06-22 09:32:42,102 [main] INFO angular.pageobjects.c2capproval.C2CApproval - Trying clicking on C2C Heading
2022-06-22 09:32:42,214 [main] INFO angular.pageobjects.c2capproval.C2CApproval - User clicked C2C Heading Link.
2022-06-22 09:32:42,216 [main] INFO angular.pageobjects.c2capproval.C2CApproval - Trying clicking on C2C Approval Level 1 Heading
2022-06-22 09:32:42,398 [main] INFO angular.pageobjects.c2capproval.C2CApproval - User clicked C2C Approval Level 1 Heading Link.
2022-06-22 09:32:42,399 [main] INFO angular.feature.C2CTransferRevamp - C2C Heading and Transaction Heading is clicked
2022-06-22 09:32:42,401 [main] INFO angular.pageobjects.c2capproval.C2CApproval - Waiting for spinner
2022-06-22 09:32:43,483 [main] INFO angular.pageobjects.c2capproval.C2CApproval - Waiting for spinner to stop
2022-06-22 09:32:44,593 [main] INFO angular.pageobjects.c2capproval.C2CApproval - Spinner stopped
2022-06-22 09:32:44,595 [main] INFO angular.pageobjects.c2capproval.C2CApproval - Trying clicking on C2C Single Operation Heading
2022-06-22 09:32:44,677 [main] INFO angular.pageobjects.c2capproval.C2CApproval - User clicked C2C Single Operation Heading.
2022-06-22 09:32:44,678 [main] INFO angular.pageobjects.c2capproval.C2CApproval - Trying clicking on etopUp Heading
2022-06-22 09:32:44,759 [main] INFO angular.pageobjects.c2capproval.C2CApproval - User clicked eTopup Heading Link.
2022-06-22 09:32:44,762 [main] INFO angular.pageobjects.c2capproval.C2CApproval - Trying to enter the TransactionId
2022-06-22 09:32:45,251 [main] INFO angular.pageobjects.c2capproval.C2CApproval - Entered the TransactionId
2022-06-22 09:32:45,254 [main] INFO angular.pageobjects.c2capproval.C2CApproval - Trying to Click the approve button
2022-06-22 09:32:45,482 [main] INFO angular.pageobjects.c2capproval.C2CApproval - User clicked Approve Button	.
2022-06-22 09:32:45,484 [main] INFO angular.pageobjects.c2capproval.C2CApproval - Trying to enter the remarks
2022-06-22 09:32:45,685 [main] INFO angular.pageobjects.c2capproval.C2CApproval - Entered the TransactionId
2022-06-22 09:32:47,737 [main] INFO angular.pageobjects.c2capproval.C2CApproval - Trying to Click the approve button
2022-06-22 09:32:47,834 [main] INFO angular.pageobjects.c2capproval.C2CApproval - User clicked Approve Button	.
2022-06-22 09:32:48,842 [main] INFO angular.pageobjects.c2capproval.C2CApproval - Trying to Click the yes button
2022-06-22 09:32:48,939 [main] INFO angular.pageobjects.c2capproval.C2CApproval - User clicked Yes Button.
2022-06-22 09:32:50,045 [main] INFO angular.pageobjects.c2capproval.C2CApproval - PopUP is visible.
2022-06-22 09:32:50,047 [main] INFO angular.pageobjects.c2capproval.C2CApproval - Trying to get the Success Msg
2022-06-22 09:32:50,108 [main] INFO angular.pageobjects.c2capproval.C2CApproval - Successfully Retrieved Success Msg
2022-06-22 09:33:10,942 [main] ERROR com.sshmanager.SSHService - Error while getting SSH Server Instance : com.jcraft.jsch.JSchException: java.net.ConnectException: Connection timed out: connect
2022-06-22 09:33:11,306 [main] INFO angular.feature.C2CTransferRevamp - Entered performC2CTransferMobileBuyerType(Super Distributor, Dealer, 9081573214, 2468)
2022-06-22 09:33:11,447 [main] INFO angular.classes.LoginRevamp - Login ID Found as: suser
2022-06-22 09:33:11,451 [main] INFO angular.classes.LoginRevamp - Password Found as: Com@2469
2022-06-22 09:33:11,455 [main] INFO angular.feature.C2CTransferRevamp - LOGINID : suser
2022-06-22 09:33:11,513 [main] INFO angular.classes.LoginRevamp - LoginID found as: suser
2022-06-22 09:33:11,517 [main] INFO angular.classes.LoginRevamp - Password found as: Com@2469
2022-06-22 09:33:11,521 [main] INFO angular.classes.LoginRevamp - Username found as:  suser
2022-06-22 09:33:12,498 [main] INFO angular.pageobjects.loginpages.LoginPageRevamp - Trying to select Language
2022-06-22 09:33:22,628 [main] INFO angular.pageobjects.loginpages.LoginPageRevamp - <b>Language Selector Not Found:</b>
2022-06-22 09:33:22,655 [main] INFO angular.pageobjects.loginpages.LoginPageRevamp - Trying to enter Login ID
2022-06-22 09:33:22,899 [main] INFO angular.pageobjects.loginpages.LoginPageRevamp - Login ID entered successfully as: suser
2022-06-22 09:33:22,901 [main] INFO angular.pageobjects.loginpages.LoginPageRevamp - Trying to enter Password
2022-06-22 09:33:23,126 [main] INFO angular.pageobjects.loginpages.LoginPageRevamp - Password entered successfully as: Com@2469
2022-06-22 09:33:23,128 [main] INFO angular.pageobjects.loginpages.LoginPageRevamp - Trying to click Login Button
2022-06-22 09:33:23,268 [main] INFO angular.pageobjects.loginpages.LoginPageRevamp - Login button clicked successfully
2022-06-22 09:33:23,339 [main] INFO angular.pageobjects.loginpages.LoginPageRevamp - Error Message Found on Login Screen: 
2022-06-22 09:33:33,470 [main] INFO angular.pageobjects.c2capproval.C2CApproval - Trying clicking on C2C Heading
2022-06-22 09:33:33,622 [main] INFO angular.pageobjects.c2capproval.C2CApproval - User clicked C2C Heading Link.
2022-06-22 09:33:33,624 [main] INFO angular.pageobjects.c2capproval.C2CApproval - Trying clicking on C2C Approval Level 2 Heading
2022-06-22 09:33:33,790 [main] INFO angular.pageobjects.c2capproval.C2CApproval - User clicked C2C Approval Level 2 Heading Link.
2022-06-22 09:33:33,794 [main] INFO angular.feature.C2CTransferRevamp - C2C Heading and Transaction Heading is clicked
2022-06-22 09:33:33,799 [main] INFO angular.pageobjects.c2capproval.C2CApproval - Waiting for spinner
2022-06-22 09:33:33,892 [main] INFO angular.pageobjects.c2capproval.C2CApproval - Waiting for spinner to stop
2022-06-22 09:33:35,565 [main] INFO angular.pageobjects.c2capproval.C2CApproval - Spinner stopped
2022-06-22 09:33:35,570 [main] INFO angular.pageobjects.c2capproval.C2CApproval - Trying clicking on C2C Single Operation Heading
2022-06-22 09:33:35,655 [main] INFO angular.pageobjects.c2capproval.C2CApproval - User clicked C2C Single Operation Heading.
2022-06-22 09:33:35,659 [main] INFO angular.pageobjects.c2capproval.C2CApproval - Trying clicking on etopUp Heading
2022-06-22 09:33:35,750 [main] INFO angular.pageobjects.c2capproval.C2CApproval - User clicked eTopup Heading Link.
2022-06-22 09:33:35,754 [main] INFO angular.pageobjects.c2capproval.C2CApproval - Trying to enter the TransactionId
2022-06-22 09:33:55,860 [main] INFO com.classes.BaseTest - org.openqa.selenium.TimeoutException: Expected condition failed: waiting for visibility of element located by By.xpath: //input[@aria-controls='parentTable'] (tried for 20 second(s) with 500 milliseconds interval)
2022-06-22 09:34:16,720 [main] ERROR com.sshmanager.SSHService - Error while getting SSH Server Instance : com.jcraft.jsch.JSchException: java.net.ConnectException: Connection timed out: connect
2022-06-22 09:34:17,675 [main] INFO angular.testscripts.prereuisitesangular.PreRequisite_C2CTransfer_Revamp - ------------------ Test Case Execution Started For A_01_Test_C2CTransferMobikeBuyerType -------------------
2022-06-22 09:34:17,676 [main] INFO angular.testscripts.prereuisitesangular.PreRequisite_C2CTransfer_Revamp - Entered A_01_Test_C2CTransferMobikeBuyerType(Super Distributor, Agent, 7802617823, 2468, Distributor, Super Distributor, SA, 3)
2022-06-22 09:34:17,681 [main] INFO com.dbrepository.OracleRepository - Entered getPreference(AG, NG, MAX_APPROVAL_LEVEL_C2C_TRANSFER)
2022-06-22 09:34:17,686 [main] INFO com.dbrepository.DBConnectionPool - Active Size:0 Cache Size:10
2022-06-22 09:34:17,927 [main] INFO com.dbrepository.OracleRepository - Service Class Preference Not Found
2022-06-22 09:34:17,931 [main] INFO com.dbrepository.OracleRepository - Trying to get Preference value from Control Preferences
2022-06-22 09:34:18,131 [main] INFO com.dbrepository.OracleRepository - Query Repository Returns: DEFAULT_VALUE (0)
2022-06-22 09:34:18,275 [main] INFO com.utils.CommonUtils - Category Code for Super Distributor: DIST
2022-06-22 09:34:18,345 [main] INFO com.dbrepository.OracleRepository - Entered webInterface(Super Distributor)
2022-06-22 09:34:18,349 [main] INFO com.dbrepository.DBConnectionPool - Active Size:0 Cache Size:10
2022-06-22 09:34:18,354 [main] INFO com.dbrepository.OracleRepository - webInterface() :: select query: Select WEB_INTERFACE_ALLOWED from categories where category_name= ?
2022-06-22 09:34:18,535 [main] INFO com.dbrepository.OracleRepository - Database Returns: WEB_INTERFACE_ALLOWED (Y)
2022-06-22 09:34:18,539 [main] INFO com.dbrepository.OracleRepository - Exited webInterface()
2022-06-22 09:34:18,548 [main] INFO angular.feature.C2CTransferRevamp - Entered performC2CTransferMobileBuyerType(Super Distributor, Agent, 7802617823, 2468)
2022-06-22 09:34:18,701 [main] INFO angular.classes.LoginRevamp - Login ID Found as: suser
2022-06-22 09:34:18,707 [main] INFO angular.classes.LoginRevamp - Password Found as: Com@2469
2022-06-22 09:34:18,711 [main] INFO angular.feature.C2CTransferRevamp - LOGINID : suser
2022-06-22 09:34:18,794 [main] INFO angular.classes.LoginRevamp - LoginID found as: suser
2022-06-22 09:34:18,797 [main] INFO angular.classes.LoginRevamp - Password found as: Com@2469
2022-06-22 09:34:18,801 [main] INFO angular.classes.LoginRevamp - Username found as:  suser
2022-06-22 09:34:19,327 [main] INFO angular.pageobjects.loginpages.LoginPageRevamp - Trying to select Language
2022-06-22 09:34:29,537 [main] INFO angular.pageobjects.loginpages.LoginPageRevamp - <b>Language Selector Not Found:</b>
2022-06-22 09:34:29,564 [main] INFO angular.pageobjects.loginpages.LoginPageRevamp - Trying to enter Login ID
2022-06-22 09:34:29,775 [main] INFO angular.pageobjects.loginpages.LoginPageRevamp - Login ID entered successfully as: suser
2022-06-22 09:34:29,777 [main] INFO angular.pageobjects.loginpages.LoginPageRevamp - Trying to enter Password
2022-06-22 09:34:29,992 [main] INFO angular.pageobjects.loginpages.LoginPageRevamp - Password entered successfully as: Com@2469
2022-06-22 09:34:29,994 [main] INFO angular.pageobjects.loginpages.LoginPageRevamp - Trying to click Login Button
2022-06-22 09:34:30,152 [main] INFO angular.pageobjects.loginpages.LoginPageRevamp - Login button clicked successfully
2022-06-22 09:34:30,210 [main] INFO angular.pageobjects.loginpages.LoginPageRevamp - Error Message Found on Login Screen: 
2022-06-22 09:34:50,363 [main] INFO angular.pageobjects.c2ctransfer.C2CTransfers - Trying clicking on C2C Transaction Heading
2022-06-22 09:35:10,767 [main] INFO com.classes.BaseTest - org.openqa.selenium.TimeoutException: Expected condition failed: waiting for visibility of element located by By.xpath: //a[@id= 'c2ctransaction'] (tried for 20 second(s) with 500 milliseconds interval)
2022-06-22 09:35:31,808 [main] ERROR com.sshmanager.SSHService - Error while getting SSH Server Instance : com.jcraft.jsch.JSchException: java.net.ConnectException: Connection timed out: connect
2022-06-22 09:35:32,251 [main] INFO angular.testscripts.prereuisitesangular.PreRequisite_C2CTransfer_Revamp - ------------------ Test Case Execution Started For A_01_Test_C2CTransferMobikeBuyerType -------------------
2022-06-22 09:35:32,251 [main] INFO angular.testscripts.prereuisitesangular.PreRequisite_C2CTransfer_Revamp - Entered A_01_Test_C2CTransferMobikeBuyerType(Super Distributor, Agent, 8905169743, 2468, Distributor, Dealer, SA, 4)
2022-06-22 09:35:32,254 [main] INFO com.dbrepository.OracleRepository - Entered getPreference(AG, NG, MAX_APPROVAL_LEVEL_C2C_TRANSFER)
2022-06-22 09:35:32,259 [main] INFO com.dbrepository.DBConnectionPool - Active Size:0 Cache Size:10
2022-06-22 09:35:33,613 [main] INFO com.dbrepository.OracleRepository - Service Class Preference Not Found
2022-06-22 09:35:33,618 [main] INFO com.dbrepository.OracleRepository - Trying to get Preference value from Control Preferences
2022-06-22 09:35:33,849 [main] INFO com.dbrepository.OracleRepository - Query Repository Returns: DEFAULT_VALUE (0)
2022-06-22 09:35:34,005 [main] INFO com.utils.CommonUtils - Category Code for Super Distributor: DIST
2022-06-22 09:35:34,077 [main] INFO com.dbrepository.OracleRepository - Entered webInterface(Super Distributor)
2022-06-22 09:35:34,080 [main] INFO com.dbrepository.DBConnectionPool - Active Size:0 Cache Size:10
2022-06-22 09:35:34,084 [main] INFO com.dbrepository.OracleRepository - webInterface() :: select query: Select WEB_INTERFACE_ALLOWED from categories where category_name= ?
2022-06-22 09:35:34,240 [main] INFO com.dbrepository.OracleRepository - Database Returns: WEB_INTERFACE_ALLOWED (Y)
2022-06-22 09:35:34,244 [main] INFO com.dbrepository.OracleRepository - Exited webInterface()
2022-06-22 09:35:34,250 [main] INFO angular.feature.C2CTransferRevamp - Entered performC2CTransferMobileBuyerType(Super Distributor, Agent, 8905169743, 2468)
2022-06-22 09:35:34,378 [main] INFO angular.classes.LoginRevamp - Login ID Found as: suser
2022-06-22 09:35:34,383 [main] INFO angular.classes.LoginRevamp - Password Found as: Com@2469
2022-06-22 09:35:34,387 [main] INFO angular.feature.C2CTransferRevamp - LOGINID : suser
2022-06-22 09:35:34,460 [main] INFO angular.classes.LoginRevamp - LoginID found as: suser
2022-06-22 09:35:34,465 [main] INFO angular.classes.LoginRevamp - Password found as: Com@2469
2022-06-22 09:35:34,469 [main] INFO angular.classes.LoginRevamp - Username found as:  suser
2022-06-22 09:35:35,148 [main] INFO angular.pageobjects.loginpages.LoginPageRevamp - Trying to select Language
2022-06-22 09:35:45,418 [main] INFO angular.pageobjects.loginpages.LoginPageRevamp - <b>Language Selector Not Found:</b>
2022-06-22 09:35:45,445 [main] INFO angular.pageobjects.loginpages.LoginPageRevamp - Trying to enter Login ID
2022-06-22 09:35:45,660 [main] INFO angular.pageobjects.loginpages.LoginPageRevamp - Login ID entered successfully as: suser
2022-06-22 09:35:45,664 [main] INFO angular.pageobjects.loginpages.LoginPageRevamp - Trying to enter Password
2022-06-22 09:35:45,871 [main] INFO angular.pageobjects.loginpages.LoginPageRevamp - Password entered successfully as: Com@2469
2022-06-22 09:35:45,875 [main] INFO angular.pageobjects.loginpages.LoginPageRevamp - Trying to click Login Button
2022-06-22 09:35:46,024 [main] INFO angular.pageobjects.loginpages.LoginPageRevamp - Login button clicked successfully
2022-06-22 09:35:46,079 [main] INFO angular.pageobjects.loginpages.LoginPageRevamp - Error Message Found on Login Screen: 
2022-06-22 09:36:06,332 [main] INFO angular.pageobjects.c2ctransfer.C2CTransfers - Trying clicking on C2C Transaction Heading
2022-06-22 09:36:26,575 [main] INFO com.classes.BaseTest - org.openqa.selenium.TimeoutException: Expected condition failed: waiting for visibility of element located by By.xpath: //a[@id= 'c2ctransaction'] (tried for 20 second(s) with 500 milliseconds interval)
2022-06-22 09:36:47,623 [main] ERROR com.sshmanager.SSHService - Error while getting SSH Server Instance : com.jcraft.jsch.JSchException: java.net.ConnectException: Connection timed out: connect
2022-06-22 09:36:48,851 [main] INFO angular.testscripts.prereuisitesangular.PreRequisite_C2CTransfer_Revamp - ------------------ Test Case Execution Started For A_01_Test_C2CTransferMobikeBuyerType -------------------
2022-06-22 09:36:48,852 [main] INFO angular.testscripts.prereuisitesangular.PreRequisite_C2CTransfer_Revamp - Entered A_01_Test_C2CTransferMobikeBuyerType(Super Distributor, Retailer, 8051782315, 2468, Distributor, Agent, SA, 5)
2022-06-22 09:36:48,856 [main] INFO com.dbrepository.OracleRepository - Entered getPreference(RET, NG, MAX_APPROVAL_LEVEL_C2C_TRANSFER)
2022-06-22 09:36:48,860 [main] INFO com.dbrepository.DBConnectionPool - Active Size:0 Cache Size:10
2022-06-22 09:36:58,823 [main] INFO com.dbrepository.OracleRepository - Service Class Preference Not Found
2022-06-22 09:36:58,849 [main] INFO com.dbrepository.OracleRepository - Trying to get Preference value from Control Preferences
2022-06-22 09:36:59,965 [main] INFO com.dbrepository.OracleRepository - Query Repository Returns: DEFAULT_VALUE (3)
2022-06-22 09:37:00,023 [main] INFO com.utils.CommonUtils - Category Code for Super Distributor: DIST
2022-06-22 09:37:00,047 [main] INFO com.dbrepository.OracleRepository - Entered webInterface(Super Distributor)
2022-06-22 09:37:00,048 [main] INFO com.dbrepository.DBConnectionPool - Active Size:0 Cache Size:10
2022-06-22 09:37:00,051 [main] INFO com.dbrepository.OracleRepository - webInterface() :: select query: Select WEB_INTERFACE_ALLOWED from categories where category_name= ?
2022-06-22 09:37:01,911 [main] INFO com.dbrepository.OracleRepository - Database Returns: WEB_INTERFACE_ALLOWED (Y)
2022-06-22 09:37:01,914 [main] INFO com.dbrepository.OracleRepository - Exited webInterface()
2022-06-22 09:37:01,916 [main] INFO angular.feature.C2CTransferRevamp - Entered performC2CTransferMobileBuyerType(Super Distributor, Retailer, 8051782315, 2468)
2022-06-22 09:37:01,981 [main] INFO angular.classes.LoginRevamp - Login ID Found as: suser
2022-06-22 09:37:01,983 [main] INFO angular.classes.LoginRevamp - Password Found as: Com@2469
2022-06-22 09:37:01,986 [main] INFO angular.feature.C2CTransferRevamp - LOGINID : suser
2022-06-22 09:37:02,022 [main] INFO angular.classes.LoginRevamp - LoginID found as: suser
2022-06-22 09:37:02,025 [main] INFO angular.classes.LoginRevamp - Password found as: Com@2469
2022-06-22 09:37:02,028 [main] INFO angular.classes.LoginRevamp - Username found as:  suser
2022-06-22 09:37:03,549 [main] INFO angular.pageobjects.loginpages.LoginPageRevamp - Trying to select Language
2022-06-22 09:37:13,872 [main] INFO angular.pageobjects.loginpages.LoginPageRevamp - <b>Language Selector Not Found:</b>
2022-06-22 09:37:13,898 [main] INFO angular.pageobjects.loginpages.LoginPageRevamp - Trying to enter Login ID
2022-06-22 09:37:14,155 [main] INFO angular.pageobjects.loginpages.LoginPageRevamp - Login ID entered successfully as: suser
2022-06-22 09:37:14,160 [main] INFO angular.pageobjects.loginpages.LoginPageRevamp - Trying to enter Password
2022-06-22 09:37:14,409 [main] INFO angular.pageobjects.loginpages.LoginPageRevamp - Password entered successfully as: Com@2469
2022-06-22 09:37:14,412 [main] INFO angular.pageobjects.loginpages.LoginPageRevamp - Trying to click Login Button
2022-06-22 09:37:14,587 [main] INFO angular.pageobjects.loginpages.LoginPageRevamp - Login button clicked successfully
2022-06-22 09:37:14,655 [main] INFO angular.pageobjects.loginpages.LoginPageRevamp - Error Message Found on Login Screen: 
2022-06-22 09:37:34,846 [main] INFO angular.pageobjects.c2ctransfer.C2CTransfers - Trying clicking on C2C Transaction Heading
2022-06-22 09:37:55,126 [main] INFO com.classes.BaseTest - org.openqa.selenium.TimeoutException: Expected condition failed: waiting for visibility of element located by By.xpath: //a[@id= 'c2ctransaction'] (tried for 20 second(s) with 500 milliseconds interval)
2022-06-22 09:38:16,192 [main] ERROR com.sshmanager.SSHService - Error while getting SSH Server Instance : com.jcraft.jsch.JSchException: java.net.ConnectException: Connection timed out: connect
2022-06-22 09:38:18,485 [main] INFO angular.testscripts.prereuisitesangular.PreRequisite_C2CTransfer_Revamp - ------------------ Test Case Execution Started For A_01_Test_C2CTransferMobikeBuyerType -------------------
2022-06-22 09:38:18,485 [main] INFO angular.testscripts.prereuisitesangular.PreRequisite_C2CTransfer_Revamp - Entered A_01_Test_C2CTransferMobikeBuyerType(Dealer, Agent, 7802617823, 2468, Distributor, Super Distributor, SA, 3)
2022-06-22 09:38:18,523 [main] INFO com.dbrepository.OracleRepository - Entered getPreference(AG, NG, MAX_APPROVAL_LEVEL_C2C_TRANSFER)
2022-06-22 09:38:18,528 [main] INFO com.dbrepository.DBConnectionPool - Active Size:0 Cache Size:10
2022-06-22 09:38:18,653 [main] INFO com.dbrepository.OracleRepository - Service Class Preference Not Found
2022-06-22 09:38:18,657 [main] INFO com.dbrepository.OracleRepository - Trying to get Preference value from Control Preferences
2022-06-22 09:38:18,777 [main] INFO com.dbrepository.OracleRepository - Query Repository Returns: DEFAULT_VALUE (0)
2022-06-22 09:38:18,912 [main] INFO com.utils.CommonUtils - Category Code for Dealer: SE
2022-06-22 09:38:18,990 [main] INFO com.dbrepository.OracleRepository - Entered webInterface(Dealer)
2022-06-22 09:38:18,994 [main] INFO com.dbrepository.DBConnectionPool - Active Size:0 Cache Size:10
2022-06-22 09:38:18,999 [main] INFO com.dbrepository.OracleRepository - webInterface() :: select query: Select WEB_INTERFACE_ALLOWED from categories where category_name= ?
2022-06-22 09:38:19,128 [main] INFO com.dbrepository.OracleRepository - Database Returns: WEB_INTERFACE_ALLOWED (Y)
2022-06-22 09:38:19,134 [main] INFO com.dbrepository.OracleRepository - Exited webInterface()
2022-06-22 09:38:19,141 [main] INFO angular.feature.C2CTransferRevamp - Entered performC2CTransferMobileBuyerType(Dealer, Agent, 7802617823, 2468)
2022-06-22 09:38:19,276 [main] INFO angular.classes.LoginRevamp - Login ID Found as: newdealusrr
2022-06-22 09:38:19,281 [main] INFO angular.classes.LoginRevamp - Password Found as: Com@2468
2022-06-22 09:38:19,285 [main] INFO angular.feature.C2CTransferRevamp - LOGINID : newdealusrr
2022-06-22 09:38:19,365 [main] INFO angular.classes.LoginRevamp - LoginID found as: newdealusrr
2022-06-22 09:38:19,369 [main] INFO angular.classes.LoginRevamp - Password found as: Com@2468
2022-06-22 09:38:19,374 [main] INFO angular.classes.LoginRevamp - Username found as: dealuser
2022-06-22 09:38:19,911 [main] INFO angular.pageobjects.loginpages.LoginPageRevamp - Trying to select Language
2022-06-22 09:38:30,201 [main] INFO angular.pageobjects.loginpages.LoginPageRevamp - <b>Language Selector Not Found:</b>
2022-06-22 09:38:30,233 [main] INFO angular.pageobjects.loginpages.LoginPageRevamp - Trying to enter Login ID
2022-06-22 09:38:30,523 [main] INFO angular.pageobjects.loginpages.LoginPageRevamp - Login ID entered successfully as: newdealusrr
2022-06-22 09:38:30,529 [main] INFO angular.pageobjects.loginpages.LoginPageRevamp - Trying to enter Password
2022-06-22 09:38:30,785 [main] INFO angular.pageobjects.loginpages.LoginPageRevamp - Password entered successfully as: Com@2468
2022-06-22 09:38:30,789 [main] INFO angular.pageobjects.loginpages.LoginPageRevamp - Trying to click Login Button
2022-06-22 09:38:30,962 [main] INFO angular.pageobjects.loginpages.LoginPageRevamp - Login button clicked successfully
2022-06-22 09:38:31,037 [main] INFO angular.pageobjects.loginpages.LoginPageRevamp - Error Message Found on Login Screen: 
2022-06-22 09:38:51,324 [main] INFO angular.pageobjects.c2ctransfer.C2CTransfers - Trying clicking on C2C Transaction Heading
2022-06-22 09:39:11,593 [main] INFO com.classes.BaseTest - org.openqa.selenium.TimeoutException: Expected condition failed: waiting for visibility of element located by By.xpath: //a[@id= 'c2ctransaction'] (tried for 20 second(s) with 500 milliseconds interval)
2022-06-22 09:39:32,645 [main] ERROR com.sshmanager.SSHService - Error while getting SSH Server Instance : com.jcraft.jsch.JSchException: java.net.ConnectException: Connection timed out: connect
2022-06-22 09:39:34,800 [main] INFO angular.testscripts.prereuisitesangular.PreRequisite_C2CTransfer_Revamp - ------------------ Test Case Execution Started For A_01_Test_C2CTransferMobikeBuyerType -------------------
2022-06-22 09:39:34,800 [main] INFO angular.testscripts.prereuisitesangular.PreRequisite_C2CTransfer_Revamp - Entered A_01_Test_C2CTransferMobikeBuyerType(Dealer, Agent, 8905169743, 2468, Distributor, Dealer, SA, 4)
2022-06-22 09:39:34,832 [main] INFO com.dbrepository.OracleRepository - Entered getPreference(AG, NG, MAX_APPROVAL_LEVEL_C2C_TRANSFER)
2022-06-22 09:39:34,838 [main] INFO com.dbrepository.DBConnectionPool - Active Size:0 Cache Size:10
2022-06-22 09:39:34,962 [main] INFO com.dbrepository.OracleRepository - Service Class Preference Not Found
2022-06-22 09:39:34,966 [main] INFO com.dbrepository.OracleRepository - Trying to get Preference value from Control Preferences
2022-06-22 09:39:35,101 [main] INFO com.dbrepository.OracleRepository - Query Repository Returns: DEFAULT_VALUE (0)
2022-06-22 09:39:35,231 [main] INFO com.utils.CommonUtils - Category Code for Dealer: SE
2022-06-22 09:39:35,296 [main] INFO com.dbrepository.OracleRepository - Entered webInterface(Dealer)
2022-06-22 09:39:35,300 [main] INFO com.dbrepository.DBConnectionPool - Active Size:0 Cache Size:10
2022-06-22 09:39:35,304 [main] INFO com.dbrepository.OracleRepository - webInterface() :: select query: Select WEB_INTERFACE_ALLOWED from categories where category_name= ?
2022-06-22 09:39:35,422 [main] INFO com.dbrepository.OracleRepository - Database Returns: WEB_INTERFACE_ALLOWED (Y)
2022-06-22 09:39:35,426 [main] INFO com.dbrepository.OracleRepository - Exited webInterface()
2022-06-22 09:39:35,430 [main] INFO angular.feature.C2CTransferRevamp - Entered performC2CTransferMobileBuyerType(Dealer, Agent, 8905169743, 2468)
2022-06-22 09:39:35,570 [main] INFO angular.classes.LoginRevamp - Login ID Found as: newdealusrr
2022-06-22 09:39:35,576 [main] INFO angular.classes.LoginRevamp - Password Found as: Com@2468
2022-06-22 09:39:35,580 [main] INFO angular.feature.C2CTransferRevamp - LOGINID : newdealusrr
2022-06-22 09:39:35,640 [main] INFO angular.classes.LoginRevamp - LoginID found as: newdealusrr
2022-06-22 09:39:35,644 [main] INFO angular.classes.LoginRevamp - Password found as: Com@2468
2022-06-22 09:39:35,649 [main] INFO angular.classes.LoginRevamp - Username found as: dealuser
2022-06-22 09:39:36,635 [main] INFO angular.pageobjects.loginpages.LoginPageRevamp - Trying to select Language
2022-06-22 09:39:46,968 [main] INFO angular.pageobjects.loginpages.LoginPageRevamp - <b>Language Selector Not Found:</b>
2022-06-22 09:39:46,998 [main] INFO angular.pageobjects.loginpages.LoginPageRevamp - Trying to enter Login ID
2022-06-22 09:39:47,273 [main] INFO angular.pageobjects.loginpages.LoginPageRevamp - Login ID entered successfully as: newdealusrr
2022-06-22 09:39:47,277 [main] INFO angular.pageobjects.loginpages.LoginPageRevamp - Trying to enter Password
2022-06-22 09:39:47,531 [main] INFO angular.pageobjects.loginpages.LoginPageRevamp - Password entered successfully as: Com@2468
2022-06-22 09:39:47,536 [main] INFO angular.pageobjects.loginpages.LoginPageRevamp - Trying to click Login Button
2022-06-22 09:39:47,710 [main] INFO angular.pageobjects.loginpages.LoginPageRevamp - Login button clicked successfully
2022-06-22 09:39:47,775 [main] INFO angular.pageobjects.loginpages.LoginPageRevamp - Error Message Found on Login Screen: 
2022-06-22 09:40:08,097 [main] INFO angular.pageobjects.c2ctransfer.C2CTransfers - Trying clicking on C2C Transaction Heading
2022-06-22 09:40:28,353 [main] INFO com.classes.BaseTest - org.openqa.selenium.TimeoutException: Expected condition failed: waiting for visibility of element located by By.xpath: //a[@id= 'c2ctransaction'] (tried for 20 second(s) with 500 milliseconds interval)
2022-06-22 09:40:49,403 [main] ERROR com.sshmanager.SSHService - Error while getting SSH Server Instance : com.jcraft.jsch.JSchException: java.net.ConnectException: Connection timed out: connect
2022-06-22 09:40:51,572 [main] INFO angular.testscripts.prereuisitesangular.PreRequisite_C2CTransfer_Revamp - ------------------ Test Case Execution Started For A_01_Test_C2CTransferMobikeBuyerType -------------------
2022-06-22 09:40:51,572 [main] INFO angular.testscripts.prereuisitesangular.PreRequisite_C2CTransfer_Revamp - Entered A_01_Test_C2CTransferMobikeBuyerType(Dealer, Retailer, 8051782315, 2468, Distributor, Agent, SA, 5)
2022-06-22 09:40:51,609 [main] INFO com.dbrepository.OracleRepository - Entered getPreference(RET, NG, MAX_APPROVAL_LEVEL_C2C_TRANSFER)
2022-06-22 09:40:51,613 [main] INFO com.dbrepository.DBConnectionPool - Active Size:0 Cache Size:10
2022-06-22 09:40:51,745 [main] INFO com.dbrepository.OracleRepository - Service Class Preference Not Found
2022-06-22 09:40:51,750 [main] INFO com.dbrepository.OracleRepository - Trying to get Preference value from Control Preferences
2022-06-22 09:40:51,885 [main] INFO com.dbrepository.OracleRepository - Query Repository Returns: DEFAULT_VALUE (3)
2022-06-22 09:40:52,018 [main] INFO com.utils.CommonUtils - Category Code for Dealer: SE
2022-06-22 09:40:52,090 [main] INFO com.dbrepository.OracleRepository - Entered webInterface(Dealer)
2022-06-22 09:40:52,096 [main] INFO com.dbrepository.DBConnectionPool - Active Size:0 Cache Size:10
2022-06-22 09:40:52,101 [main] INFO com.dbrepository.OracleRepository - webInterface() :: select query: Select WEB_INTERFACE_ALLOWED from categories where category_name= ?
2022-06-22 09:40:52,222 [main] INFO com.dbrepository.OracleRepository - Database Returns: WEB_INTERFACE_ALLOWED (Y)
2022-06-22 09:40:52,227 [main] INFO com.dbrepository.OracleRepository - Exited webInterface()
2022-06-22 09:40:52,233 [main] INFO angular.feature.C2CTransferRevamp - Entered performC2CTransferMobileBuyerType(Dealer, Retailer, 8051782315, 2468)
2022-06-22 09:40:52,365 [main] INFO angular.classes.LoginRevamp - Login ID Found as: newdealusrr
2022-06-22 09:40:52,369 [main] INFO angular.classes.LoginRevamp - Password Found as: Com@2468
2022-06-22 09:40:52,373 [main] INFO angular.feature.C2CTransferRevamp - LOGINID : newdealusrr
2022-06-22 09:40:52,445 [main] INFO angular.classes.LoginRevamp - LoginID found as: newdealusrr
2022-06-22 09:40:52,449 [main] INFO angular.classes.LoginRevamp - Password found as: Com@2468
2022-06-22 09:40:52,454 [main] INFO angular.classes.LoginRevamp - Username found as: dealuser
2022-06-22 09:40:53,457 [main] INFO angular.pageobjects.loginpages.LoginPageRevamp - Trying to select Language
2022-06-22 09:41:03,780 [main] INFO angular.pageobjects.loginpages.LoginPageRevamp - <b>Language Selector Not Found:</b>
2022-06-22 09:41:03,813 [main] INFO angular.pageobjects.loginpages.LoginPageRevamp - Trying to enter Login ID
2022-06-22 09:41:04,105 [main] INFO angular.pageobjects.loginpages.LoginPageRevamp - Login ID entered successfully as: newdealusrr
2022-06-22 09:41:04,111 [main] INFO angular.pageobjects.loginpages.LoginPageRevamp - Trying to enter Password
2022-06-22 09:41:04,391 [main] INFO angular.pageobjects.loginpages.LoginPageRevamp - Password entered successfully as: Com@2468
2022-06-22 09:41:04,395 [main] INFO angular.pageobjects.loginpages.LoginPageRevamp - Trying to click Login Button
2022-06-22 09:41:04,562 [main] INFO angular.pageobjects.loginpages.LoginPageRevamp - Login button clicked successfully
2022-06-22 09:41:04,631 [main] INFO angular.pageobjects.loginpages.LoginPageRevamp - Error Message Found on Login Screen: 
2022-06-22 09:41:24,819 [main] INFO angular.pageobjects.c2ctransfer.C2CTransfers - Trying clicking on C2C Transaction Heading
2022-06-22 09:41:45,042 [main] INFO com.classes.BaseTest - org.openqa.selenium.TimeoutException: Expected condition failed: waiting for visibility of element located by By.xpath: //a[@id= 'c2ctransaction'] (tried for 20 second(s) with 500 milliseconds interval)
2022-06-22 09:42:06,088 [main] ERROR com.sshmanager.SSHService - Error while getting SSH Server Instance : com.jcraft.jsch.JSchException: java.net.ConnectException: Connection timed out: connect
2022-06-22 09:42:08,292 [main] INFO angular.testscripts.prereuisitesangular.PreRequisite_C2CTransfer_Revamp - ------------------ Test Case Execution Started For A_01_Test_C2CTransferMobikeBuyerType -------------------
2022-06-22 09:42:08,292 [main] INFO angular.testscripts.prereuisitesangular.PreRequisite_C2CTransfer_Revamp - Entered A_01_Test_C2CTransferMobikeBuyerType(Agent, Retailer, 8051782315, 2468, Distributor, Agent, SA, 5)
2022-06-22 09:42:08,324 [main] INFO com.dbrepository.OracleRepository - Entered getPreference(RET, NG, MAX_APPROVAL_LEVEL_C2C_TRANSFER)
2022-06-22 09:42:08,328 [main] INFO com.dbrepository.DBConnectionPool - Active Size:0 Cache Size:10
2022-06-22 09:42:08,464 [main] INFO com.dbrepository.OracleRepository - Service Class Preference Not Found
2022-06-22 09:42:08,468 [main] INFO com.dbrepository.OracleRepository - Trying to get Preference value from Control Preferences
2022-06-22 09:42:08,595 [main] INFO com.dbrepository.OracleRepository - Query Repository Returns: DEFAULT_VALUE (3)
2022-06-22 09:42:08,712 [main] INFO com.utils.CommonUtils - Category Code for Agent: AG
2022-06-22 09:42:08,777 [main] INFO com.dbrepository.OracleRepository - Entered webInterface(Agent)
2022-06-22 09:42:08,782 [main] INFO com.dbrepository.DBConnectionPool - Active Size:0 Cache Size:10
2022-06-22 09:42:08,786 [main] INFO com.dbrepository.OracleRepository - webInterface() :: select query: Select WEB_INTERFACE_ALLOWED from categories where category_name= ?
2022-06-22 09:42:08,918 [main] INFO com.dbrepository.OracleRepository - Database Returns: WEB_INTERFACE_ALLOWED (Y)
2022-06-22 09:42:08,922 [main] INFO com.dbrepository.OracleRepository - Exited webInterface()
2022-06-22 09:42:08,927 [main] INFO angular.feature.C2CTransferRevamp - Entered performC2CTransferMobileBuyerType(Agent, Retailer, 8051782315, 2468)
2022-06-22 09:42:09,055 [main] INFO angular.classes.LoginRevamp - Login ID Found as: agusernew
2022-06-22 09:42:09,061 [main] INFO angular.classes.LoginRevamp - Password Found as: Com@2468
2022-06-22 09:42:09,065 [main] INFO angular.feature.C2CTransferRevamp - LOGINID : agusernew
2022-06-22 09:42:09,137 [main] INFO angular.classes.LoginRevamp - LoginID found as: agusernew
2022-06-22 09:42:09,141 [main] INFO angular.classes.LoginRevamp - Password found as: Com@2468
2022-06-22 09:42:09,145 [main] INFO angular.classes.LoginRevamp - Username found as: agentuser
2022-06-22 09:42:10,126 [main] INFO angular.pageobjects.loginpages.LoginPageRevamp - Trying to select Language
2022-06-22 09:42:20,396 [main] INFO angular.pageobjects.loginpages.LoginPageRevamp - <b>Language Selector Not Found:</b>
2022-06-22 09:42:20,425 [main] INFO angular.pageobjects.loginpages.LoginPageRevamp - Trying to enter Login ID
2022-06-22 09:42:20,713 [main] INFO angular.pageobjects.loginpages.LoginPageRevamp - Login ID entered successfully as: agusernew
2022-06-22 09:42:20,719 [main] INFO angular.pageobjects.loginpages.LoginPageRevamp - Trying to enter Password
2022-06-22 09:42:20,981 [main] INFO angular.pageobjects.loginpages.LoginPageRevamp - Password entered successfully as: Com@2468
2022-06-22 09:42:20,985 [main] INFO angular.pageobjects.loginpages.LoginPageRevamp - Trying to click Login Button
2022-06-22 09:42:21,176 [main] INFO angular.pageobjects.loginpages.LoginPageRevamp - Login button clicked successfully
2022-06-22 09:42:21,253 [main] INFO angular.pageobjects.loginpages.LoginPageRevamp - Error Message Found on Login Screen: 
2022-06-22 09:42:41,432 [main] INFO angular.pageobjects.c2ctransfer.C2CTransfers - Trying clicking on C2C Transaction Heading
2022-06-22 09:43:01,768 [main] INFO com.classes.BaseTest - org.openqa.selenium.TimeoutException: Expected condition failed: waiting for visibility of element located by By.xpath: //a[@id= 'c2ctransaction'] (tried for 20 second(s) with 500 milliseconds interval)
2022-06-22 09:43:22,813 [main] ERROR com.sshmanager.SSHService - Error while getting SSH Server Instance : com.jcraft.jsch.JSchException: java.net.ConnectException: Connection timed out: connect
2022-06-22 09:43:25,215 [main] INFO com.utils.ExcelUtility - java.lang.NullPointerException
	at com.utils.ExcelUtility.getCellData(ExcelUtility.java:311)
	at angular.testscripts.prereuisitesangular.PreRequisite_C2CTransfer_Revamp.TestDataFeed1(PreRequisite_C2CTransfer_Revamp.java:587)
	at sun.reflect.NativeMethodAccessorImpl.invoke0(Native Method)
	at sun.reflect.NativeMethodAccessorImpl.invoke(Unknown Source)
	at sun.reflect.DelegatingMethodAccessorImpl.invoke(Unknown Source)
	at java.lang.reflect.Method.invoke(Unknown Source)
	at org.testng.internal.MethodInvocationHelper.invokeMethod(MethodInvocationHelper.java:124)
	at org.testng.internal.MethodInvocationHelper.invokeMethod(MethodInvocationHelper.java:74)
	at org.testng.internal.MethodInvocationHelper.invokeMethodNoCheckedException(MethodInvocationHelper.java:45)
	at org.testng.internal.MethodInvocationHelper.invokeDataProvider(MethodInvocationHelper.java:131)
	at org.testng.internal.Parameters.handleParameters(Parameters.java:706)
	at org.testng.internal.ParameterHandler.handleParameters(ParameterHandler.java:49)
	at org.testng.internal.ParameterHandler.createParameters(ParameterHandler.java:37)
	at org.testng.internal.Invoker.invokeTestMethods(Invoker.java:923)
	at org.testng.internal.TestMethodWorker.invokeTestMethods(TestMethodWorker.java:125)
	at org.testng.internal.TestMethodWorker.run(TestMethodWorker.java:109)
	at org.testng.TestRunner.privateRun(TestRunner.java:648)
	at org.testng.TestRunner.run(TestRunner.java:505)
	at org.testng.SuiteRunner.runTest(SuiteRunner.java:455)
	at org.testng.SuiteRunner.runSequentially(SuiteRunner.java:450)
	at org.testng.SuiteRunner.privateRun(SuiteRunner.java:415)
	at org.testng.SuiteRunner.run(SuiteRunner.java:364)
	at org.testng.SuiteRunnerWorker.runSuite(SuiteRunnerWorker.java:52)
	at org.testng.SuiteRunnerWorker.run(SuiteRunnerWorker.java:84)
	at org.testng.TestNG.runSuitesSequentially(TestNG.java:1208)
	at org.testng.TestNG.runSuitesLocally(TestNG.java:1137)
	at org.testng.TestNG.runSuites(TestNG.java:1049)
	at org.testng.TestNG.run(TestNG.java:1017)
	at org.testng.remote.AbstractRemoteTestNG.run(AbstractRemoteTestNG.java:115)
	at org.testng.remote.RemoteTestNG.initAndRun(RemoteTestNG.java:251)
	at org.testng.remote.RemoteTestNG.main(RemoteTestNG.java:77)

2022-06-22 09:43:25,341 [main] INFO com.utils.ExcelUtility - java.lang.NullPointerException
	at com.utils.ExcelUtility.getCellData(ExcelUtility.java:311)
	at angular.testscripts.prereuisitesangular.PreRequisite_C2CTransfer_Revamp.TestDataFeed1(PreRequisite_C2CTransfer_Revamp.java:587)
	at sun.reflect.NativeMethodAccessorImpl.invoke0(Native Method)
	at sun.reflect.NativeMethodAccessorImpl.invoke(Unknown Source)
	at sun.reflect.DelegatingMethodAccessorImpl.invoke(Unknown Source)
	at java.lang.reflect.Method.invoke(Unknown Source)
	at org.testng.internal.MethodInvocationHelper.invokeMethod(MethodInvocationHelper.java:124)
	at org.testng.internal.MethodInvocationHelper.invokeMethod(MethodInvocationHelper.java:74)
	at org.testng.internal.MethodInvocationHelper.invokeMethodNoCheckedException(MethodInvocationHelper.java:45)
	at org.testng.internal.MethodInvocationHelper.invokeDataProvider(MethodInvocationHelper.java:131)
	at org.testng.internal.Parameters.handleParameters(Parameters.java:706)
	at org.testng.internal.ParameterHandler.handleParameters(ParameterHandler.java:49)
	at org.testng.internal.ParameterHandler.createParameters(ParameterHandler.java:37)
	at org.testng.internal.Invoker.invokeTestMethods(Invoker.java:923)
	at org.testng.internal.TestMethodWorker.invokeTestMethods(TestMethodWorker.java:125)
	at org.testng.internal.TestMethodWorker.run(TestMethodWorker.java:109)
	at org.testng.TestRunner.privateRun(TestRunner.java:648)
	at org.testng.TestRunner.run(TestRunner.java:505)
	at org.testng.SuiteRunner.runTest(SuiteRunner.java:455)
	at org.testng.SuiteRunner.runSequentially(SuiteRunner.java:450)
	at org.testng.SuiteRunner.privateRun(SuiteRunner.java:415)
	at org.testng.SuiteRunner.run(SuiteRunner.java:364)
	at org.testng.SuiteRunnerWorker.runSuite(SuiteRunnerWorker.java:52)
	at org.testng.SuiteRunnerWorker.run(SuiteRunnerWorker.java:84)
	at org.testng.TestNG.runSuitesSequentially(TestNG.java:1208)
	at org.testng.TestNG.runSuitesLocally(TestNG.java:1137)
	at org.testng.TestNG.runSuites(TestNG.java:1049)
	at org.testng.TestNG.run(TestNG.java:1017)
	at org.testng.remote.AbstractRemoteTestNG.run(AbstractRemoteTestNG.java:115)
	at org.testng.remote.RemoteTestNG.initAndRun(RemoteTestNG.java:251)
	at org.testng.remote.RemoteTestNG.main(RemoteTestNG.java:77)

2022-06-22 09:43:25,473 [main] INFO com.utils.ExcelUtility - java.lang.NullPointerException
	at com.utils.ExcelUtility.getCellData(ExcelUtility.java:311)
	at angular.testscripts.prereuisitesangular.PreRequisite_C2CTransfer_Revamp.TestDataFeed1(PreRequisite_C2CTransfer_Revamp.java:587)
	at sun.reflect.NativeMethodAccessorImpl.invoke0(Native Method)
	at sun.reflect.NativeMethodAccessorImpl.invoke(Unknown Source)
	at sun.reflect.DelegatingMethodAccessorImpl.invoke(Unknown Source)
	at java.lang.reflect.Method.invoke(Unknown Source)
	at org.testng.internal.MethodInvocationHelper.invokeMethod(MethodInvocationHelper.java:124)
	at org.testng.internal.MethodInvocationHelper.invokeMethod(MethodInvocationHelper.java:74)
	at org.testng.internal.MethodInvocationHelper.invokeMethodNoCheckedException(MethodInvocationHelper.java:45)
	at org.testng.internal.MethodInvocationHelper.invokeDataProvider(MethodInvocationHelper.java:131)
	at org.testng.internal.Parameters.handleParameters(Parameters.java:706)
	at org.testng.internal.ParameterHandler.handleParameters(ParameterHandler.java:49)
	at org.testng.internal.ParameterHandler.createParameters(ParameterHandler.java:37)
	at org.testng.internal.Invoker.invokeTestMethods(Invoker.java:923)
	at org.testng.internal.TestMethodWorker.invokeTestMethods(TestMethodWorker.java:125)
	at org.testng.internal.TestMethodWorker.run(TestMethodWorker.java:109)
	at org.testng.TestRunner.privateRun(TestRunner.java:648)
	at org.testng.TestRunner.run(TestRunner.java:505)
	at org.testng.SuiteRunner.runTest(SuiteRunner.java:455)
	at org.testng.SuiteRunner.runSequentially(SuiteRunner.java:450)
	at org.testng.SuiteRunner.privateRun(SuiteRunner.java:415)
	at org.testng.SuiteRunner.run(SuiteRunner.java:364)
	at org.testng.SuiteRunnerWorker.runSuite(SuiteRunnerWorker.java:52)
	at org.testng.SuiteRunnerWorker.run(SuiteRunnerWorker.java:84)
	at org.testng.TestNG.runSuitesSequentially(TestNG.java:1208)
	at org.testng.TestNG.runSuitesLocally(TestNG.java:1137)
	at org.testng.TestNG.runSuites(TestNG.java:1049)
	at org.testng.TestNG.run(TestNG.java:1017)
	at org.testng.remote.AbstractRemoteTestNG.run(AbstractRemoteTestNG.java:115)
	at org.testng.remote.RemoteTestNG.initAndRun(RemoteTestNG.java:251)
	at org.testng.remote.RemoteTestNG.main(RemoteTestNG.java:77)

2022-06-22 09:43:25,736 [main] INFO com.utils.ExcelUtility - java.lang.NullPointerException
	at com.utils.ExcelUtility.getCellData(ExcelUtility.java:311)
	at angular.testscripts.prereuisitesangular.PreRequisite_C2CTransfer_Revamp.TestDataFeed1(PreRequisite_C2CTransfer_Revamp.java:587)
	at sun.reflect.NativeMethodAccessorImpl.invoke0(Native Method)
	at sun.reflect.NativeMethodAccessorImpl.invoke(Unknown Source)
	at sun.reflect.DelegatingMethodAccessorImpl.invoke(Unknown Source)
	at java.lang.reflect.Method.invoke(Unknown Source)
	at org.testng.internal.MethodInvocationHelper.invokeMethod(MethodInvocationHelper.java:124)
	at org.testng.internal.MethodInvocationHelper.invokeMethod(MethodInvocationHelper.java:74)
	at org.testng.internal.MethodInvocationHelper.invokeMethodNoCheckedException(MethodInvocationHelper.java:45)
	at org.testng.internal.MethodInvocationHelper.invokeDataProvider(MethodInvocationHelper.java:131)
	at org.testng.internal.Parameters.handleParameters(Parameters.java:706)
	at org.testng.internal.ParameterHandler.handleParameters(ParameterHandler.java:49)
	at org.testng.internal.ParameterHandler.createParameters(ParameterHandler.java:37)
	at org.testng.internal.Invoker.invokeTestMethods(Invoker.java:923)
	at org.testng.internal.TestMethodWorker.invokeTestMethods(TestMethodWorker.java:125)
	at org.testng.internal.TestMethodWorker.run(TestMethodWorker.java:109)
	at org.testng.TestRunner.privateRun(TestRunner.java:648)
	at org.testng.TestRunner.run(TestRunner.java:505)
	at org.testng.SuiteRunner.runTest(SuiteRunner.java:455)
	at org.testng.SuiteRunner.runSequentially(SuiteRunner.java:450)
	at org.testng.SuiteRunner.privateRun(SuiteRunner.java:415)
	at org.testng.SuiteRunner.run(SuiteRunner.java:364)
	at org.testng.SuiteRunnerWorker.runSuite(SuiteRunnerWorker.java:52)
	at org.testng.SuiteRunnerWorker.run(SuiteRunnerWorker.java:84)
	at org.testng.TestNG.runSuitesSequentially(TestNG.java:1208)
	at org.testng.TestNG.runSuitesLocally(TestNG.java:1137)
	at org.testng.TestNG.runSuites(TestNG.java:1049)
	at org.testng.TestNG.run(TestNG.java:1017)
	at org.testng.remote.AbstractRemoteTestNG.run(AbstractRemoteTestNG.java:115)
	at org.testng.remote.RemoteTestNG.initAndRun(RemoteTestNG.java:251)
	at org.testng.remote.RemoteTestNG.main(RemoteTestNG.java:77)

2022-06-22 09:43:25,873 [main] INFO com.utils.ExcelUtility - java.lang.NullPointerException
	at com.utils.ExcelUtility.getCellData(ExcelUtility.java:311)
	at angular.testscripts.prereuisitesangular.PreRequisite_C2CTransfer_Revamp.TestDataFeed1(PreRequisite_C2CTransfer_Revamp.java:587)
	at sun.reflect.NativeMethodAccessorImpl.invoke0(Native Method)
	at sun.reflect.NativeMethodAccessorImpl.invoke(Unknown Source)
	at sun.reflect.DelegatingMethodAccessorImpl.invoke(Unknown Source)
	at java.lang.reflect.Method.invoke(Unknown Source)
	at org.testng.internal.MethodInvocationHelper.invokeMethod(MethodInvocationHelper.java:124)
	at org.testng.internal.MethodInvocationHelper.invokeMethod(MethodInvocationHelper.java:74)
	at org.testng.internal.MethodInvocationHelper.invokeMethodNoCheckedException(MethodInvocationHelper.java:45)
	at org.testng.internal.MethodInvocationHelper.invokeDataProvider(MethodInvocationHelper.java:131)
	at org.testng.internal.Parameters.handleParameters(Parameters.java:706)
	at org.testng.internal.ParameterHandler.handleParameters(ParameterHandler.java:49)
	at org.testng.internal.ParameterHandler.createParameters(ParameterHandler.java:37)
	at org.testng.internal.Invoker.invokeTestMethods(Invoker.java:923)
	at org.testng.internal.TestMethodWorker.invokeTestMethods(TestMethodWorker.java:125)
	at org.testng.internal.TestMethodWorker.run(TestMethodWorker.java:109)
	at org.testng.TestRunner.privateRun(TestRunner.java:648)
	at org.testng.TestRunner.run(TestRunner.java:505)
	at org.testng.SuiteRunner.runTest(SuiteRunner.java:455)
	at org.testng.SuiteRunner.runSequentially(SuiteRunner.java:450)
	at org.testng.SuiteRunner.privateRun(SuiteRunner.java:415)
	at org.testng.SuiteRunner.run(SuiteRunner.java:364)
	at org.testng.SuiteRunnerWorker.runSuite(SuiteRunnerWorker.java:52)
	at org.testng.SuiteRunnerWorker.run(SuiteRunnerWorker.java:84)
	at org.testng.TestNG.runSuitesSequentially(TestNG.java:1208)
	at org.testng.TestNG.runSuitesLocally(TestNG.java:1137)
	at org.testng.TestNG.runSuites(TestNG.java:1049)
	at org.testng.TestNG.run(TestNG.java:1017)
	at org.testng.remote.AbstractRemoteTestNG.run(AbstractRemoteTestNG.java:115)
	at org.testng.remote.RemoteTestNG.initAndRun(RemoteTestNG.java:251)
	at org.testng.remote.RemoteTestNG.main(RemoteTestNG.java:77)

2022-06-22 09:43:26,160 [main] INFO com.utils.ExcelUtility - java.lang.NullPointerException
	at com.utils.ExcelUtility.getCellData(ExcelUtility.java:311)
	at angular.testscripts.prereuisitesangular.PreRequisite_C2CTransfer_Revamp.TestDataFeed1(PreRequisite_C2CTransfer_Revamp.java:587)
	at sun.reflect.NativeMethodAccessorImpl.invoke0(Native Method)
	at sun.reflect.NativeMethodAccessorImpl.invoke(Unknown Source)
	at sun.reflect.DelegatingMethodAccessorImpl.invoke(Unknown Source)
	at java.lang.reflect.Method.invoke(Unknown Source)
	at org.testng.internal.MethodInvocationHelper.invokeMethod(MethodInvocationHelper.java:124)
	at org.testng.internal.MethodInvocationHelper.invokeMethod(MethodInvocationHelper.java:74)
	at org.testng.internal.MethodInvocationHelper.invokeMethodNoCheckedException(MethodInvocationHelper.java:45)
	at org.testng.internal.MethodInvocationHelper.invokeDataProvider(MethodInvocationHelper.java:131)
	at org.testng.internal.Parameters.handleParameters(Parameters.java:706)
	at org.testng.internal.ParameterHandler.handleParameters(ParameterHandler.java:49)
	at org.testng.internal.ParameterHandler.createParameters(ParameterHandler.java:37)
	at org.testng.internal.Invoker.invokeTestMethods(Invoker.java:923)
	at org.testng.internal.TestMethodWorker.invokeTestMethods(TestMethodWorker.java:125)
	at org.testng.internal.TestMethodWorker.run(TestMethodWorker.java:109)
	at org.testng.TestRunner.privateRun(TestRunner.java:648)
	at org.testng.TestRunner.run(TestRunner.java:505)
	at org.testng.SuiteRunner.runTest(SuiteRunner.java:455)
	at org.testng.SuiteRunner.runSequentially(SuiteRunner.java:450)
	at org.testng.SuiteRunner.privateRun(SuiteRunner.java:415)
	at org.testng.SuiteRunner.run(SuiteRunner.java:364)
	at org.testng.SuiteRunnerWorker.runSuite(SuiteRunnerWorker.java:52)
	at org.testng.SuiteRunnerWorker.run(SuiteRunnerWorker.java:84)
	at org.testng.TestNG.runSuitesSequentially(TestNG.java:1208)
	at org.testng.TestNG.runSuitesLocally(TestNG.java:1137)
	at org.testng.TestNG.runSuites(TestNG.java:1049)
	at org.testng.TestNG.run(TestNG.java:1017)
	at org.testng.remote.AbstractRemoteTestNG.run(AbstractRemoteTestNG.java:115)
	at org.testng.remote.RemoteTestNG.initAndRun(RemoteTestNG.java:251)
	at org.testng.remote.RemoteTestNG.main(RemoteTestNG.java:77)

2022-06-22 09:43:26,929 [main] INFO com.dbrepository.OracleRepository - Entered getSystemPreference(TRF_RULE_USER_LEVEL_ALLOW)
2022-06-22 09:43:26,966 [main] INFO com.dbrepository.DBConnectionPool - Active Size:0 Cache Size:10
2022-06-22 09:43:26,970 [main] INFO com.dbrepository.OracleRepository - getSystemPreference() :: select query: select DEFAULT_VALUE from system_preferences where PREFERENCE_CODE = ?
2022-06-22 09:43:27,094 [main] INFO com.dbrepository.OracleRepository - Database Returns: DEFAULT_VALUE (true)
2022-06-22 09:43:27,098 [main] INFO com.dbrepository.OracleRepository - Exiting getSystemPreference()
2022-06-22 09:43:27,106 [main] INFO angular.testscripts.prereuisitesangular.PreRequisite_C2CTransfer_Revamp - ------------------ Test Case Execution Started For A_02_Test_C2CTransferLoginBuyerType -------------------
2022-06-22 09:43:27,106 [main] INFO angular.testscripts.prereuisitesangular.PreRequisite_C2CTransfer_Revamp - Entered A_02_Test_C2CTransferLoginBuyerType(Super Distributor, Dealer, 9081573214, 2468, Distributor, Super Distributor, SA, 2)
2022-06-22 09:43:27,111 [main] INFO com.dbrepository.OracleRepository - Entered getPreference(SE, NG, MAX_APPROVAL_LEVEL_C2C_TRANSFER)
2022-06-22 09:43:27,117 [main] INFO com.dbrepository.DBConnectionPool - Active Size:0 Cache Size:10
2022-06-22 09:43:27,239 [main] INFO com.dbrepository.OracleRepository - Service Class Preference Not Found
2022-06-22 09:43:27,242 [main] INFO com.dbrepository.OracleRepository - Trying to get Preference value from Control Preferences
2022-06-22 09:43:27,383 [main] INFO com.dbrepository.OracleRepository - Query Repository Returns: DEFAULT_VALUE (3)
2022-06-22 09:43:27,493 [main] INFO com.utils.CommonUtils - Category Code for Super Distributor: DIST
2022-06-22 09:43:27,556 [main] INFO com.dbrepository.OracleRepository - Entered webInterface(Super Distributor)
2022-06-22 09:43:27,559 [main] INFO com.dbrepository.DBConnectionPool - Active Size:0 Cache Size:10
2022-06-22 09:43:27,563 [main] INFO com.dbrepository.OracleRepository - webInterface() :: select query: Select WEB_INTERFACE_ALLOWED from categories where category_name= ?
2022-06-22 09:43:27,685 [main] INFO com.dbrepository.OracleRepository - Database Returns: WEB_INTERFACE_ALLOWED (Y)
2022-06-22 09:43:27,688 [main] INFO com.dbrepository.OracleRepository - Exited webInterface()
2022-06-22 09:43:27,694 [main] INFO angular.feature.C2CTransferRevamp - Entered performC2CTransfer(Super Distributor, Dealer, 9081573214, 2468)
2022-06-22 09:43:27,811 [main] INFO angular.classes.LoginRevamp - Login ID Found as: suser
2022-06-22 09:43:27,816 [main] INFO angular.classes.LoginRevamp - Password Found as: Com@2469
2022-06-22 09:43:27,820 [main] INFO angular.feature.C2CTransferRevamp - LOGINID : suser
2022-06-22 09:43:27,884 [main] INFO angular.classes.LoginRevamp - LoginID found as: suser
2022-06-22 09:43:27,888 [main] INFO angular.classes.LoginRevamp - Password found as: Com@2469
2022-06-22 09:43:27,893 [main] INFO angular.classes.LoginRevamp - Username found as:  suser
2022-06-22 09:43:28,888 [main] INFO angular.pageobjects.loginpages.LoginPageRevamp - Trying to select Language
2022-06-22 09:43:39,197 [main] INFO angular.pageobjects.loginpages.LoginPageRevamp - <b>Language Selector Not Found:</b>
2022-06-22 09:43:39,230 [main] INFO angular.pageobjects.loginpages.LoginPageRevamp - Trying to enter Login ID
2022-06-22 09:43:39,498 [main] INFO angular.pageobjects.loginpages.LoginPageRevamp - Login ID entered successfully as: suser
2022-06-22 09:43:39,503 [main] INFO angular.pageobjects.loginpages.LoginPageRevamp - Trying to enter Password
2022-06-22 09:43:39,761 [main] INFO angular.pageobjects.loginpages.LoginPageRevamp - Password entered successfully as: Com@2469
2022-06-22 09:43:39,766 [main] INFO angular.pageobjects.loginpages.LoginPageRevamp - Trying to click Login Button
2022-06-22 09:43:39,948 [main] INFO angular.pageobjects.loginpages.LoginPageRevamp - Login button clicked successfully
2022-06-22 09:43:40,019 [main] INFO angular.pageobjects.loginpages.LoginPageRevamp - Error Message Found on Login Screen: 
2022-06-22 09:44:00,296 [main] INFO angular.pageobjects.c2ctransfer.C2CTransfers - Trying clicking on C2C Transaction Heading
2022-06-22 09:44:20,583 [main] INFO com.classes.BaseTest - org.openqa.selenium.TimeoutException: Expected condition failed: waiting for visibility of element located by By.xpath: //a[@id= 'c2ctransaction'] (tried for 20 second(s) with 500 milliseconds interval)
2022-06-22 09:44:41,598 [main] ERROR com.sshmanager.SSHService - Error while getting SSH Server Instance : com.jcraft.jsch.JSchException: java.net.ConnectException: Connection timed out: connect
2022-06-22 09:44:43,791 [main] INFO angular.testscripts.prereuisitesangular.PreRequisite_C2CTransfer_Revamp - ------------------ Test Case Execution Started For A_02_Test_C2CTransferLoginBuyerType -------------------
2022-06-22 09:44:43,791 [main] INFO angular.testscripts.prereuisitesangular.PreRequisite_C2CTransfer_Revamp - Entered A_02_Test_C2CTransferLoginBuyerType(Super Distributor, Agent, 7802617823, 2468, Distributor, Super Distributor, SA, 3)
2022-06-22 09:44:43,820 [main] INFO com.dbrepository.OracleRepository - Entered getPreference(AG, NG, MAX_APPROVAL_LEVEL_C2C_TRANSFER)
2022-06-22 09:44:43,824 [main] INFO com.dbrepository.DBConnectionPool - Active Size:0 Cache Size:10
2022-06-22 09:44:43,989 [main] INFO com.dbrepository.OracleRepository - Service Class Preference Not Found
2022-06-22 09:44:43,993 [main] INFO com.dbrepository.OracleRepository - Trying to get Preference value from Control Preferences
2022-06-22 09:44:44,169 [main] INFO com.dbrepository.OracleRepository - Query Repository Returns: DEFAULT_VALUE (0)
2022-06-22 09:44:44,297 [main] INFO com.utils.CommonUtils - Category Code for Super Distributor: DIST
2022-06-22 09:44:44,358 [main] INFO com.dbrepository.OracleRepository - Entered webInterface(Super Distributor)
2022-06-22 09:44:44,362 [main] INFO com.dbrepository.DBConnectionPool - Active Size:0 Cache Size:10
2022-06-22 09:44:44,365 [main] INFO com.dbrepository.OracleRepository - webInterface() :: select query: Select WEB_INTERFACE_ALLOWED from categories where category_name= ?
2022-06-22 09:44:44,535 [main] INFO com.dbrepository.OracleRepository - Database Returns: WEB_INTERFACE_ALLOWED (Y)
2022-06-22 09:44:44,540 [main] INFO com.dbrepository.OracleRepository - Exited webInterface()
2022-06-22 09:44:44,545 [main] INFO angular.feature.C2CTransferRevamp - Entered performC2CTransfer(Super Distributor, Agent, 7802617823, 2468)
2022-06-22 09:44:44,672 [main] INFO angular.classes.LoginRevamp - Login ID Found as: suser
2022-06-22 09:44:44,676 [main] INFO angular.classes.LoginRevamp - Password Found as: Com@2469
2022-06-22 09:44:44,681 [main] INFO angular.feature.C2CTransferRevamp - LOGINID : suser
2022-06-22 09:44:44,758 [main] INFO angular.classes.LoginRevamp - LoginID found as: suser
2022-06-22 09:44:44,764 [main] INFO angular.classes.LoginRevamp - Password found as: Com@2469
2022-06-22 09:44:44,769 [main] INFO angular.classes.LoginRevamp - Username found as:  suser
2022-06-22 09:44:45,817 [main] INFO angular.pageobjects.loginpages.LoginPageRevamp - Trying to select Language
2022-06-22 09:44:56,096 [main] INFO angular.pageobjects.loginpages.LoginPageRevamp - <b>Language Selector Not Found:</b>
2022-06-22 09:44:56,127 [main] INFO angular.pageobjects.loginpages.LoginPageRevamp - Trying to enter Login ID
2022-06-22 09:44:56,403 [main] INFO angular.pageobjects.loginpages.LoginPageRevamp - Login ID entered successfully as: suser
2022-06-22 09:44:56,407 [main] INFO angular.pageobjects.loginpages.LoginPageRevamp - Trying to enter Password
2022-06-22 09:44:56,658 [main] INFO angular.pageobjects.loginpages.LoginPageRevamp - Password entered successfully as: Com@2469
2022-06-22 09:44:56,662 [main] INFO angular.pageobjects.loginpages.LoginPageRevamp - Trying to click Login Button
2022-06-22 09:44:56,842 [main] INFO angular.pageobjects.loginpages.LoginPageRevamp - Login button clicked successfully
2022-06-22 09:44:56,916 [main] INFO angular.pageobjects.loginpages.LoginPageRevamp - Error Message Found on Login Screen: 
2022-06-22 09:45:17,219 [main] INFO angular.pageobjects.c2ctransfer.C2CTransfers - Trying clicking on C2C Transaction Heading
2022-06-22 09:45:37,455 [main] INFO com.classes.BaseTest - org.openqa.selenium.TimeoutException: Expected condition failed: waiting for visibility of element located by By.xpath: //a[@id= 'c2ctransaction'] (tried for 20 second(s) with 500 milliseconds interval)
2022-06-22 09:45:58,483 [main] ERROR com.sshmanager.SSHService - Error while getting SSH Server Instance : com.jcraft.jsch.JSchException: java.net.ConnectException: Connection timed out: connect
2022-06-22 09:46:00,658 [main] INFO angular.testscripts.prereuisitesangular.PreRequisite_C2CTransfer_Revamp - ------------------ Test Case Execution Started For A_02_Test_C2CTransferLoginBuyerType -------------------
2022-06-22 09:46:00,658 [main] INFO angular.testscripts.prereuisitesangular.PreRequisite_C2CTransfer_Revamp - Entered A_02_Test_C2CTransferLoginBuyerType(Super Distributor, Agent, 8905169743, 2468, Distributor, Dealer, SA, 4)
2022-06-22 09:46:00,699 [main] INFO com.dbrepository.OracleRepository - Entered getPreference(AG, NG, MAX_APPROVAL_LEVEL_C2C_TRANSFER)
2022-06-22 09:46:00,704 [main] INFO com.dbrepository.DBConnectionPool - Active Size:0 Cache Size:10
2022-06-22 09:46:00,839 [main] INFO com.dbrepository.OracleRepository - Service Class Preference Not Found
2022-06-22 09:46:00,843 [main] INFO com.dbrepository.OracleRepository - Trying to get Preference value from Control Preferences
2022-06-22 09:46:00,960 [main] INFO com.dbrepository.OracleRepository - Query Repository Returns: DEFAULT_VALUE (0)
2022-06-22 09:46:01,090 [main] INFO com.utils.CommonUtils - Category Code for Super Distributor: DIST
2022-06-22 09:46:01,165 [main] INFO com.dbrepository.OracleRepository - Entered webInterface(Super Distributor)
2022-06-22 09:46:01,171 [main] INFO com.dbrepository.DBConnectionPool - Active Size:0 Cache Size:10
2022-06-22 09:46:01,175 [main] INFO com.dbrepository.OracleRepository - webInterface() :: select query: Select WEB_INTERFACE_ALLOWED from categories where category_name= ?
2022-06-22 09:46:01,294 [main] INFO com.dbrepository.OracleRepository - Database Returns: WEB_INTERFACE_ALLOWED (Y)
2022-06-22 09:46:01,298 [main] INFO com.dbrepository.OracleRepository - Exited webInterface()
2022-06-22 09:46:01,304 [main] INFO angular.feature.C2CTransferRevamp - Entered performC2CTransfer(Super Distributor, Agent, 8905169743, 2468)
2022-06-22 09:46:01,418 [main] INFO angular.classes.LoginRevamp - Login ID Found as: suser
2022-06-22 09:46:01,424 [main] INFO angular.classes.LoginRevamp - Password Found as: Com@2469
2022-06-22 09:46:01,428 [main] INFO angular.feature.C2CTransferRevamp - LOGINID : suser
2022-06-22 09:46:01,493 [main] INFO angular.classes.LoginRevamp - LoginID found as: suser
2022-06-22 09:46:01,497 [main] INFO angular.classes.LoginRevamp - Password found as: Com@2469
2022-06-22 09:46:01,502 [main] INFO angular.classes.LoginRevamp - Username found as:  suser
2022-06-22 09:46:02,655 [main] INFO angular.pageobjects.loginpages.LoginPageRevamp - Trying to select Language
2022-06-22 09:46:12,880 [main] INFO angular.pageobjects.loginpages.LoginPageRevamp - <b>Language Selector Not Found:</b>
2022-06-22 09:46:12,912 [main] INFO angular.pageobjects.loginpages.LoginPageRevamp - Trying to enter Login ID
2022-06-22 09:46:13,188 [main] INFO angular.pageobjects.loginpages.LoginPageRevamp - Login ID entered successfully as: suser
2022-06-22 09:46:13,193 [main] INFO angular.pageobjects.loginpages.LoginPageRevamp - Trying to enter Password
2022-06-22 09:46:13,457 [main] INFO angular.pageobjects.loginpages.LoginPageRevamp - Password entered successfully as: Com@2469
2022-06-22 09:46:13,461 [main] INFO angular.pageobjects.loginpages.LoginPageRevamp - Trying to click Login Button
2022-06-22 09:46:13,642 [main] INFO angular.pageobjects.loginpages.LoginPageRevamp - Login button clicked successfully
2022-06-22 09:46:13,712 [main] INFO angular.pageobjects.loginpages.LoginPageRevamp - Error Message Found on Login Screen: 
2022-06-22 09:46:33,883 [main] INFO angular.pageobjects.c2ctransfer.C2CTransfers - Trying clicking on C2C Transaction Heading
2022-06-22 09:46:54,097 [main] INFO com.classes.BaseTest - org.openqa.selenium.TimeoutException: Expected condition failed: waiting for visibility of element located by By.xpath: //a[@id= 'c2ctransaction'] (tried for 20 second(s) with 500 milliseconds interval)
2022-06-22 09:47:15,121 [main] ERROR com.sshmanager.SSHService - Error while getting SSH Server Instance : com.jcraft.jsch.JSchException: java.net.ConnectException: Connection timed out: connect
2022-06-22 09:47:17,298 [main] INFO angular.testscripts.prereuisitesangular.PreRequisite_C2CTransfer_Revamp - ------------------ Test Case Execution Started For A_02_Test_C2CTransferLoginBuyerType -------------------
2022-06-22 09:47:17,298 [main] INFO angular.testscripts.prereuisitesangular.PreRequisite_C2CTransfer_Revamp - Entered A_02_Test_C2CTransferLoginBuyerType(Super Distributor, Retailer, 8051782315, 2468, Distributor, Agent, SA, 5)
2022-06-22 09:47:17,328 [main] INFO com.dbrepository.OracleRepository - Entered getPreference(RET, NG, MAX_APPROVAL_LEVEL_C2C_TRANSFER)
2022-06-22 09:47:17,332 [main] INFO com.dbrepository.DBConnectionPool - Active Size:0 Cache Size:10
2022-06-22 09:47:17,462 [main] INFO com.dbrepository.OracleRepository - Service Class Preference Not Found
2022-06-22 09:47:17,467 [main] INFO com.dbrepository.OracleRepository - Trying to get Preference value from Control Preferences
2022-06-22 09:47:17,590 [main] INFO com.dbrepository.OracleRepository - Query Repository Returns: DEFAULT_VALUE (3)
2022-06-22 09:47:17,724 [main] INFO com.utils.CommonUtils - Category Code for Super Distributor: DIST
2022-06-22 09:47:17,777 [main] INFO com.dbrepository.OracleRepository - Entered webInterface(Super Distributor)
2022-06-22 09:47:17,783 [main] INFO com.dbrepository.DBConnectionPool - Active Size:0 Cache Size:10
2022-06-22 09:47:17,787 [main] INFO com.dbrepository.OracleRepository - webInterface() :: select query: Select WEB_INTERFACE_ALLOWED from categories where category_name= ?
2022-06-22 09:47:17,916 [main] INFO com.dbrepository.OracleRepository - Database Returns: WEB_INTERFACE_ALLOWED (Y)
2022-06-22 09:47:17,921 [main] INFO com.dbrepository.OracleRepository - Exited webInterface()
2022-06-22 09:47:17,926 [main] INFO angular.feature.C2CTransferRevamp - Entered performC2CTransfer(Super Distributor, Retailer, 8051782315, 2468)
2022-06-22 09:47:18,056 [main] INFO angular.classes.LoginRevamp - Login ID Found as: suser
2022-06-22 09:47:18,062 [main] INFO angular.classes.LoginRevamp - Password Found as: Com@2469
2022-06-22 09:47:18,066 [main] INFO angular.feature.C2CTransferRevamp - LOGINID : suser
2022-06-22 09:47:18,134 [main] INFO angular.classes.LoginRevamp - LoginID found as: suser
2022-06-22 09:47:18,139 [main] INFO angular.classes.LoginRevamp - Password found as: Com@2469
2022-06-22 09:47:18,143 [main] INFO angular.classes.LoginRevamp - Username found as:  suser
2022-06-22 09:47:19,136 [main] INFO angular.pageobjects.loginpages.LoginPageRevamp - Trying to select Language
2022-06-22 09:47:29,407 [main] INFO angular.pageobjects.loginpages.LoginPageRevamp - <b>Language Selector Not Found:</b>
2022-06-22 09:47:29,434 [main] INFO angular.pageobjects.loginpages.LoginPageRevamp - Trying to enter Login ID
2022-06-22 09:47:29,690 [main] INFO angular.pageobjects.loginpages.LoginPageRevamp - Login ID entered successfully as: suser
2022-06-22 09:47:29,695 [main] INFO angular.pageobjects.loginpages.LoginPageRevamp - Trying to enter Password
2022-06-22 09:47:29,948 [main] INFO angular.pageobjects.loginpages.LoginPageRevamp - Password entered successfully as: Com@2469
2022-06-22 09:47:29,952 [main] INFO angular.pageobjects.loginpages.LoginPageRevamp - Trying to click Login Button
2022-06-22 09:47:30,140 [main] INFO angular.pageobjects.loginpages.LoginPageRevamp - Login button clicked successfully
2022-06-22 09:47:30,215 [main] INFO angular.pageobjects.loginpages.LoginPageRevamp - Error Message Found on Login Screen: 
2022-06-22 09:47:50,431 [main] INFO angular.pageobjects.c2ctransfer.C2CTransfers - Trying clicking on C2C Transaction Heading
2022-06-22 09:48:10,650 [main] INFO com.classes.BaseTest - org.openqa.selenium.TimeoutException: Expected condition failed: waiting for visibility of element located by By.xpath: //a[@id= 'c2ctransaction'] (tried for 20 second(s) with 500 milliseconds interval)
2022-06-22 09:48:31,694 [main] ERROR com.sshmanager.SSHService - Error while getting SSH Server Instance : com.jcraft.jsch.JSchException: java.net.ConnectException: Connection timed out: connect
2022-06-22 09:48:33,874 [main] INFO angular.testscripts.prereuisitesangular.PreRequisite_C2CTransfer_Revamp - ------------------ Test Case Execution Started For A_02_Test_C2CTransferLoginBuyerType -------------------
2022-06-22 09:48:33,874 [main] INFO angular.testscripts.prereuisitesangular.PreRequisite_C2CTransfer_Revamp - Entered A_02_Test_C2CTransferLoginBuyerType(Dealer, Agent, 7802617823, 2468, Distributor, Super Distributor, SA, 3)
2022-06-22 09:48:33,913 [main] INFO com.dbrepository.OracleRepository - Entered getPreference(AG, NG, MAX_APPROVAL_LEVEL_C2C_TRANSFER)
2022-06-22 09:48:33,917 [main] INFO com.dbrepository.DBConnectionPool - Active Size:0 Cache Size:10
2022-06-22 09:48:34,043 [main] INFO com.dbrepository.OracleRepository - Service Class Preference Not Found
2022-06-22 09:48:34,048 [main] INFO com.dbrepository.OracleRepository - Trying to get Preference value from Control Preferences
2022-06-22 09:48:34,180 [main] INFO com.dbrepository.OracleRepository - Query Repository Returns: DEFAULT_VALUE (0)
2022-06-22 09:48:34,310 [main] INFO com.utils.CommonUtils - Category Code for Dealer: SE
2022-06-22 09:48:34,369 [main] INFO com.dbrepository.OracleRepository - Entered webInterface(Dealer)
2022-06-22 09:48:34,374 [main] INFO com.dbrepository.DBConnectionPool - Active Size:0 Cache Size:10
2022-06-22 09:48:34,379 [main] INFO com.dbrepository.OracleRepository - webInterface() :: select query: Select WEB_INTERFACE_ALLOWED from categories where category_name= ?
2022-06-22 09:48:34,508 [main] INFO com.dbrepository.OracleRepository - Database Returns: WEB_INTERFACE_ALLOWED (Y)
2022-06-22 09:48:34,513 [main] INFO com.dbrepository.OracleRepository - Exited webInterface()
2022-06-22 09:48:34,518 [main] INFO angular.feature.C2CTransferRevamp - Entered performC2CTransfer(Dealer, Agent, 7802617823, 2468)
2022-06-22 09:48:34,654 [main] INFO angular.classes.LoginRevamp - Login ID Found as: newdealusrr
2022-06-22 09:48:34,660 [main] INFO angular.classes.LoginRevamp - Password Found as: Com@2468
2022-06-22 09:48:34,664 [main] INFO angular.feature.C2CTransferRevamp - LOGINID : newdealusrr
2022-06-22 09:48:34,731 [main] INFO angular.classes.LoginRevamp - LoginID found as: newdealusrr
2022-06-22 09:48:34,736 [main] INFO angular.classes.LoginRevamp - Password found as: Com@2468
2022-06-22 09:48:34,741 [main] INFO angular.classes.LoginRevamp - Username found as: dealuser
2022-06-22 09:48:35,589 [main] INFO angular.pageobjects.loginpages.LoginPageRevamp - Trying to select Language
2022-06-22 09:48:45,855 [main] INFO angular.pageobjects.loginpages.LoginPageRevamp - <b>Language Selector Not Found:</b>
2022-06-22 09:48:45,879 [main] INFO angular.pageobjects.loginpages.LoginPageRevamp - Trying to enter Login ID
2022-06-22 09:48:46,149 [main] INFO angular.pageobjects.loginpages.LoginPageRevamp - Login ID entered successfully as: newdealusrr
2022-06-22 09:48:46,154 [main] INFO angular.pageobjects.loginpages.LoginPageRevamp - Trying to enter Password
2022-06-22 09:48:46,419 [main] INFO angular.pageobjects.loginpages.LoginPageRevamp - Password entered successfully as: Com@2468
2022-06-22 09:48:46,424 [main] INFO angular.pageobjects.loginpages.LoginPageRevamp - Trying to click Login Button
2022-06-22 09:48:46,593 [main] INFO angular.pageobjects.loginpages.LoginPageRevamp - Login button clicked successfully
2022-06-22 09:48:46,657 [main] INFO angular.pageobjects.loginpages.LoginPageRevamp - Error Message Found on Login Screen: 
2022-06-22 09:49:06,833 [main] INFO angular.pageobjects.c2ctransfer.C2CTransfers - Trying clicking on C2C Transaction Heading
2022-06-22 09:49:27,088 [main] INFO com.classes.BaseTest - org.openqa.selenium.TimeoutException: Expected condition failed: waiting for visibility of element located by By.xpath: //a[@id= 'c2ctransaction'] (tried for 20 second(s) with 500 milliseconds interval)
2022-06-22 09:49:48,122 [main] ERROR com.sshmanager.SSHService - Error while getting SSH Server Instance : com.jcraft.jsch.JSchException: java.net.ConnectException: Connection timed out: connect
2022-06-22 09:49:50,105 [main] INFO angular.testscripts.prereuisitesangular.PreRequisite_C2CTransfer_Revamp - ------------------ Test Case Execution Started For A_02_Test_C2CTransferLoginBuyerType -------------------
2022-06-22 09:49:50,105 [main] INFO angular.testscripts.prereuisitesangular.PreRequisite_C2CTransfer_Revamp - Entered A_02_Test_C2CTransferLoginBuyerType(Dealer, Agent, 8905169743, 2468, Distributor, Dealer, SA, 4)
2022-06-22 09:49:50,107 [main] INFO com.dbrepository.OracleRepository - Entered getPreference(AG, NG, MAX_APPROVAL_LEVEL_C2C_TRANSFER)
2022-06-22 09:49:50,109 [main] INFO com.dbrepository.DBConnectionPool - Active Size:0 Cache Size:10
2022-06-22 09:49:50,343 [main] INFO com.dbrepository.OracleRepository - Service Class Preference Not Found
2022-06-22 09:49:50,347 [main] INFO com.dbrepository.OracleRepository - Trying to get Preference value from Control Preferences
2022-06-22 09:49:50,545 [main] INFO com.dbrepository.OracleRepository - Query Repository Returns: DEFAULT_VALUE (0)
2022-06-22 09:49:50,586 [main] INFO com.utils.CommonUtils - Category Code for Dealer: SE
2022-06-22 09:49:50,609 [main] INFO com.dbrepository.OracleRepository - Entered webInterface(Dealer)
2022-06-22 09:49:50,611 [main] INFO com.dbrepository.DBConnectionPool - Active Size:0 Cache Size:10
2022-06-22 09:49:50,612 [main] INFO com.dbrepository.OracleRepository - webInterface() :: select query: Select WEB_INTERFACE_ALLOWED from categories where category_name= ?
2022-06-22 09:49:50,734 [main] INFO com.dbrepository.OracleRepository - Database Returns: WEB_INTERFACE_ALLOWED (Y)
2022-06-22 09:49:50,736 [main] INFO com.dbrepository.OracleRepository - Exited webInterface()
2022-06-22 09:49:50,738 [main] INFO angular.feature.C2CTransferRevamp - Entered performC2CTransfer(Dealer, Agent, 8905169743, 2468)
2022-06-22 09:49:50,783 [main] INFO angular.classes.LoginRevamp - Login ID Found as: newdealusrr
2022-06-22 09:49:50,786 [main] INFO angular.classes.LoginRevamp - Password Found as: Com@2468
2022-06-22 09:49:50,788 [main] INFO angular.feature.C2CTransferRevamp - LOGINID : newdealusrr
2022-06-22 09:49:50,823 [main] INFO angular.classes.LoginRevamp - LoginID found as: newdealusrr
2022-06-22 09:49:50,825 [main] INFO angular.classes.LoginRevamp - Password found as: Com@2468
2022-06-22 09:49:50,828 [main] INFO angular.classes.LoginRevamp - Username found as: dealuser
2022-06-22 09:49:51,799 [main] INFO angular.pageobjects.loginpages.LoginPageRevamp - Trying to select Language
