2022-04-29 12:34:08,017 [main] INFO com.classes.BaseTest - Loading all methods from -masterVO class
2022-04-29 12:34:08,024 [main] INFO com.utils._masterVO - Loading Properties file from: .//src//test//resources//sysconfig//Constant.properties
2022-04-29 12:34:08,029 [main] INFO com.utils._masterVO - Properties File Loaded successfully
2022-04-29 12:34:08,030 [main] INFO com.utils._masterVO - Loading Master Sheet from: src//test//resources//config//DataProvider.xlsx
2022-04-29 12:34:08,897 [main] INFO com.utils._masterVO - Master Sheet Loaded successfully
2022-04-29 12:34:08,899 [main] INFO com.utils._masterVO - Loading Client Library for Client Versioning from: .//src//test//resources//sysconfig//ClientLib.properties
2022-04-29 12:34:08,912 [main] INFO com.utils._masterVO - Client Library Loaded successfully
2022-04-29 12:34:09,222 [main] INFO com.utils._masterVO - loadGeoDomains Map returns ::ZO - AUTbKlI - AUToKa1C
2022-04-29 12:34:09,366 [main] INFO com.utils._masterVO - loadGeoDomains Map returns ::AR - AUT7dba - AUT63dCN
2022-04-29 12:34:09,520 [main] INFO com.utils._masterVO - loadGeoDomains Map returns ::SA - AUTO2Fm - AUTNelnh
2022-04-29 12:34:10,128 [main] INFO com.utils._masterVO - Loading test case file file from: .//src//test//resources//sysconfig//testCaseFile.properties
2022-04-29 12:34:10,149 [main] INFO com.utils._masterVO - Test cases file Loaded successfully
2022-04-29 12:34:10,151 [main] INFO com.utils._masterVO - Loading Web Cases Master file from: .//src//test//resources//config//testCaseFile.properties
2022-04-29 12:34:10,174 [main] INFO com.utils._masterVO - Gateway Cases Master File Loaded successfully
2022-04-29 12:34:10,217 [main] INFO com.dbrepository.DBHandler - Entered Access Handler :: PostGreSQL
2022-04-29 12:34:10,224 [main] INFO com.commons.CacheController - New Cache DAO Loaded :: UPDATECACHE_VER = 1
2022-04-29 12:34:10,275 [MLog-Init-Reporter] INFO com.mchange.v2.log.MLog - MLog clients using log4j logging.
2022-04-29 12:34:10,388 [main] INFO com.mchange.v2.c3p0.C3P0Registry - Initializing c3p0-0.9.5.2 [built 08-December-2015 22:06:04 -0800; debug? true; trace: 10]
2022-04-29 12:34:10,479 [main] INFO com.mchange.v2.c3p0.impl.AbstractPoolBackedDataSource - Initializing c3p0 pool... com.mchange.v2.c3p0.ComboPooledDataSource [ acquireIncrement -> 5, acquireRetryAttempts -> 30, acquireRetryDelay -> 1000, autoCommitOnClose -> false, automaticTestTable -> null, breakAfterAcquireFailure -> false, checkoutTimeout -> 0, connectionCustomizerClassName -> null, connectionTesterClassName -> com.mchange.v2.c3p0.impl.DefaultConnectionTester, contextClassLoaderSource -> caller, dataSourceName -> 1hge148aow815qkalgajt|4167d97b, debugUnreturnedConnectionStackTraces -> false, description -> null, driverClass -> org.postgresql.Driver, extensions -> {}, factoryClassLocation -> null, forceIgnoreUnresolvedTransactions -> false, forceSynchronousCheckins -> false, forceUseNamedDriverClass -> false, identityToken -> 1hge148aow815qkalgajt|4167d97b, idleConnectionTestPeriod -> 0, initialPoolSize -> 10, jdbcUrl -> jdbc:postgresql://172.30.38.120:5432/pretups_trunk, maxAdministrativeTaskTime -> 0, maxConnectionAge -> 0, maxIdleTime -> 0, maxIdleTimeExcessConnections -> 0, maxPoolSize -> 20, maxStatements -> 0, maxStatementsPerConnection -> 0, minPoolSize -> 10, numHelperThreads -> 3, preferredTestQuery -> null, privilegeSpawnedThreads -> false, properties -> {user=******, password=******}, propertyCycle -> 0, statementCacheNumDeferredCloseThreads -> 0, testConnectionOnCheckin -> false, testConnectionOnCheckout -> false, unreturnedConnectionTimeout -> 0, userOverrides -> {}, usesTraditionalReflectiveProxies -> false ]
2022-04-29 12:34:11,239 [main] INFO com.dbrepository.PostGreSQLRepository - Entered :: getNetworkName()
2022-04-29 12:34:11,329 [main] INFO com.dbrepository.PostGreSQLRepository - Query Repository Returns: Network Name (Network GGN)
2022-04-29 12:34:11,331 [main] INFO com.dbrepository.PostGreSQLRepository - Entered :: getSystemPreference(AMOUNT_MULT_FACTOR)
2022-04-29 12:34:11,338 [main] INFO com.dbrepository.DBConnectionPool - Active Size:1 Cache Size:2
2022-04-29 12:34:11,426 [main] INFO com.dbrepository.PostGreSQLRepository - Query Repository Returns: DEFAULT_VALUE (100)
2022-04-29 12:34:11,429 [main] INFO com.dbrepository.PostGreSQLRepository - Entered :: getSystemPreference(MSISDN_PREFIX_LENGTH)
2022-04-29 12:34:11,430 [main] INFO com.dbrepository.DBConnectionPool - Active Size:2 Cache Size:1
2022-04-29 12:34:11,511 [main] INFO com.dbrepository.PostGreSQLRepository - Query Repository Returns: DEFAULT_VALUE (2)
2022-04-29 12:34:11,513 [main] INFO com.dbrepository.PostGreSQLRepository - Entered :: getSystemPreference(MAX_MSISDN_LENGTH)
2022-04-29 12:34:11,514 [main] INFO com.dbrepository.DBConnectionPool - Active Size:3 Cache Size:0
2022-04-29 12:34:11,698 [main] INFO com.dbrepository.PostGreSQLRepository - Query Repository Returns: DEFAULT_VALUE (15)
2022-04-29 12:34:11,699 [main] INFO com.dbrepository.PostGreSQLRepository - Entered :: getSystemPreference(USER_PRODUCT_MULTIPLE_WALLET)
2022-04-29 12:34:11,700 [main] INFO com.dbrepository.DBConnectionPool - Active Size:4 Cache Size:1
2022-04-29 12:34:12,068 [main] INFO com.dbrepository.PostGreSQLRepository - Query Repository Returns: DEFAULT_VALUE (false)
2022-04-29 12:34:12,070 [main] INFO com.dbrepository.PostGreSQLRepository - Entered :: getSystemPreference(EXTERNAL_DATE_FORMAT)
2022-04-29 12:34:12,071 [main] INFO com.dbrepository.DBConnectionPool - Active Size:0 Cache Size:8
2022-04-29 12:34:12,154 [main] INFO com.dbrepository.PostGreSQLRepository - Query Repository Returns: DEFAULT_VALUE (yyyy/MM/dd)
2022-04-29 12:34:12,155 [main] INFO com.dbrepository.PostGreSQLRepository - Entered :: getSystemPreference(DATE_FORMAT_CAL_JAVA)
2022-04-29 12:34:12,158 [main] INFO com.dbrepository.DBConnectionPool - Active Size:0 Cache Size:8
2022-04-29 12:34:12,239 [main] INFO com.dbrepository.PostGreSQLRepository - Query Repository Returns: DEFAULT_VALUE (yyyy/MM/dd)
2022-04-29 12:34:12,240 [main] INFO com.dbrepository.PostGreSQLRepository - Entered :: getSystemPreference(OTH_COM_CHNL)
2022-04-29 12:34:12,241 [main] INFO com.dbrepository.DBConnectionPool - Active Size:0 Cache Size:8
2022-04-29 12:34:12,320 [main] INFO com.dbrepository.PostGreSQLRepository - Query Repository Returns: DEFAULT_VALUE (false)
2022-04-29 12:34:12,322 [main] INFO com.dbrepository.PostGreSQLRepository - Entered :: getSystemPreference(DW_ALLOWED_GATEWAYS)
2022-04-29 12:34:12,323 [main] INFO com.dbrepository.DBConnectionPool - Active Size:0 Cache Size:9
2022-04-29 12:34:12,404 [main] INFO com.dbrepository.PostGreSQLRepository - Query Repository Returns: DEFAULT_VALUE (null)
2022-04-29 12:34:12,405 [main] INFO com.dbrepository.PostGreSQLRepository - Entered :: getSystemPreference(DEFAULT_LANGUAGE)
2022-04-29 12:34:12,407 [main] INFO com.dbrepository.DBConnectionPool - Active Size:0 Cache Size:9
2022-04-29 12:34:12,487 [main] INFO com.dbrepository.PostGreSQLRepository - Query Repository Returns: DEFAULT_VALUE (en)
2022-04-29 12:34:12,489 [main] INFO com.dbrepository.PostGreSQLRepository - Entered :: getSystemPreference(DEFAULT_COUNTRY)
2022-04-29 12:34:12,490 [main] INFO com.dbrepository.DBConnectionPool - Active Size:0 Cache Size:10
2022-04-29 12:34:12,569 [main] INFO com.dbrepository.PostGreSQLRepository - Query Repository Returns: DEFAULT_VALUE (US)
2022-04-29 12:34:12,571 [main] INFO com.utils._masterVO - Display Locale set to: en_US
2022-04-29 12:34:33,614 [main] ERROR com.sshmanager.SSHService - Error while getting SSH Server Instance : com.jcraft.jsch.JSchException: java.net.ConnectException: Connection timed out: connect
2022-04-29 12:34:33,636 [main] INFO com.utils._masterVO - Loading Messages Resource properties File from: .//src//test//resources//sysconfig//English.properties
2022-04-29 12:34:33,677 [main] INFO com.utils._masterVO - Messages Resource Properties file Loaded successfully
2022-04-29 12:34:33,678 [main] INFO com.utils._masterVO - Loading Messages Resource properties File from: .//src//test//resources//sysconfig//C2S_English.properties
2022-04-29 12:34:33,693 [main] INFO com.utils._masterVO - Messages Resource Properties file Loaded successfully
2022-04-29 12:34:33,694 [main] INFO com.dbrepository.PostGreSQLRepository - Entered getGatewayDetails('EXTGW','USSD','SMSC')
2022-04-29 12:34:33,696 [main] INFO com.dbrepository.DBConnectionPool - Active Size:0 Cache Size:10
2022-04-29 12:34:33,705 [main] INFO com.dbrepository.PostGreSQLRepository - getGatewayDetails() :: select query: SELECT rmg.gateway_code, mg.gateway_type, rmg.login_id, rmg.PASSWORD, rmg.content_type, rmg.service_port, mg.req_password_plain FROM message_gateway mg, req_message_gateway rmg WHERE mg.gateway_code = rmg.gateway_code AND rmg.gateway_code IN ('EXTGW','USSD','SMSC')
2022-04-29 12:34:33,793 [main] INFO com.dbrepository.PostGreSQLRepository - Database Returns: [[Ljava.lang.Object;@29ca3d04[{{EXTGW,EXTGW,pretups,0971500a350af5c3d1c0b12221a0558c,XML,190,Y},{USSD,USSD,pretups,0971500a350af5c3d1c0b12221a0558c,XML,190,Y},{SMSC,SMSC,pretups,0971500a350af5c3d1c0b12221a0558c,PLAIN,190,Y}}]
2022-04-29 12:34:33,795 [main] INFO com.dbrepository.PostGreSQLRepository - Exiting getGatewayDetails()
2022-04-29 12:34:33,799 [main] INFO com.utils._APIUtil - Entered getAPIServices(EXTGW)
2022-04-29 12:34:33,811 [main] INFO com.utils._APIUtil - Exiting getAPIServices([])
2022-04-29 12:34:33,814 [main] INFO com.utils._masterVO - Loading Gateway Cases Master file from: .//src//test//resources//config//GatewayMaster.xlsx
2022-04-29 12:34:33,972 [main] INFO com.utils.ExcelUtility - java.lang.NullPointerException
	at com.utils.ExcelUtility.getCellData(ExcelUtility.java:311)
	at com.utils._masterVO.loadGatewayCases(_masterVO.java:115)
	at com.utils._masterVO.loadExternalServices(_masterVO.java:448)
	at com.utils._masterVO.loadVO(_masterVO.java:81)
	at com.classes.BaseTest.setupReporter(BaseTest.java:85)
	at sun.reflect.NativeMethodAccessorImpl.invoke0(Native Method)
	at sun.reflect.NativeMethodAccessorImpl.invoke(Unknown Source)
	at sun.reflect.DelegatingMethodAccessorImpl.invoke(Unknown Source)
	at java.lang.reflect.Method.invoke(Unknown Source)
	at org.testng.internal.MethodInvocationHelper.invokeMethod(MethodInvocationHelper.java:124)
	at org.testng.internal.MethodInvocationHelper.invokeMethodConsideringTimeout(MethodInvocationHelper.java:59)
	at org.testng.internal.Invoker.invokeConfigurationMethod(Invoker.java:455)
	at org.testng.internal.Invoker.invokeConfigurations(Invoker.java:222)
	at org.testng.internal.Invoker.invokeConfigurations(Invoker.java:142)
	at org.testng.SuiteRunner.privateRun(SuiteRunner.java:401)
	at org.testng.SuiteRunner.run(SuiteRunner.java:364)
	at org.testng.SuiteRunnerWorker.runSuite(SuiteRunnerWorker.java:52)
	at org.testng.SuiteRunnerWorker.run(SuiteRunnerWorker.java:84)
	at org.testng.TestNG.runSuitesSequentially(TestNG.java:1208)
	at org.testng.TestNG.runSuitesLocally(TestNG.java:1137)
	at org.testng.TestNG.runSuites(TestNG.java:1049)
	at org.testng.TestNG.run(TestNG.java:1017)
	at org.testng.remote.AbstractRemoteTestNG.run(AbstractRemoteTestNG.java:115)
	at org.testng.remote.RemoteTestNG.initAndRun(RemoteTestNG.java:251)
	at org.testng.remote.RemoteTestNG.main(RemoteTestNG.java:77)

2022-04-29 12:34:33,977 [main] INFO com.utils.ExcelUtility - java.lang.NullPointerException
	at com.utils.ExcelUtility.getCellData(ExcelUtility.java:311)
	at com.utils._masterVO.loadGatewayCases(_masterVO.java:115)
	at com.utils._masterVO.loadExternalServices(_masterVO.java:448)
	at com.utils._masterVO.loadVO(_masterVO.java:81)
	at com.classes.BaseTest.setupReporter(BaseTest.java:85)
	at sun.reflect.NativeMethodAccessorImpl.invoke0(Native Method)
	at sun.reflect.NativeMethodAccessorImpl.invoke(Unknown Source)
	at sun.reflect.DelegatingMethodAccessorImpl.invoke(Unknown Source)
	at java.lang.reflect.Method.invoke(Unknown Source)
	at org.testng.internal.MethodInvocationHelper.invokeMethod(MethodInvocationHelper.java:124)
	at org.testng.internal.MethodInvocationHelper.invokeMethodConsideringTimeout(MethodInvocationHelper.java:59)
	at org.testng.internal.Invoker.invokeConfigurationMethod(Invoker.java:455)
	at org.testng.internal.Invoker.invokeConfigurations(Invoker.java:222)
	at org.testng.internal.Invoker.invokeConfigurations(Invoker.java:142)
	at org.testng.SuiteRunner.privateRun(SuiteRunner.java:401)
	at org.testng.SuiteRunner.run(SuiteRunner.java:364)
	at org.testng.SuiteRunnerWorker.runSuite(SuiteRunnerWorker.java:52)
	at org.testng.SuiteRunnerWorker.run(SuiteRunnerWorker.java:84)
	at org.testng.TestNG.runSuitesSequentially(TestNG.java:1208)
	at org.testng.TestNG.runSuitesLocally(TestNG.java:1137)
	at org.testng.TestNG.runSuites(TestNG.java:1049)
	at org.testng.TestNG.run(TestNG.java:1017)
	at org.testng.remote.AbstractRemoteTestNG.run(AbstractRemoteTestNG.java:115)
	at org.testng.remote.RemoteTestNG.initAndRun(RemoteTestNG.java:251)
	at org.testng.remote.RemoteTestNG.main(RemoteTestNG.java:77)

2022-04-29 12:34:33,979 [main] INFO com.utils.ExcelUtility - java.lang.NullPointerException
	at com.utils.ExcelUtility.getCellData(ExcelUtility.java:311)
	at com.utils._masterVO.loadGatewayCases(_masterVO.java:115)
	at com.utils._masterVO.loadExternalServices(_masterVO.java:448)
	at com.utils._masterVO.loadVO(_masterVO.java:81)
	at com.classes.BaseTest.setupReporter(BaseTest.java:85)
	at sun.reflect.NativeMethodAccessorImpl.invoke0(Native Method)
	at sun.reflect.NativeMethodAccessorImpl.invoke(Unknown Source)
	at sun.reflect.DelegatingMethodAccessorImpl.invoke(Unknown Source)
	at java.lang.reflect.Method.invoke(Unknown Source)
	at org.testng.internal.MethodInvocationHelper.invokeMethod(MethodInvocationHelper.java:124)
	at org.testng.internal.MethodInvocationHelper.invokeMethodConsideringTimeout(MethodInvocationHelper.java:59)
	at org.testng.internal.Invoker.invokeConfigurationMethod(Invoker.java:455)
	at org.testng.internal.Invoker.invokeConfigurations(Invoker.java:222)
	at org.testng.internal.Invoker.invokeConfigurations(Invoker.java:142)
	at org.testng.SuiteRunner.privateRun(SuiteRunner.java:401)
	at org.testng.SuiteRunner.run(SuiteRunner.java:364)
	at org.testng.SuiteRunnerWorker.runSuite(SuiteRunnerWorker.java:52)
	at org.testng.SuiteRunnerWorker.run(SuiteRunnerWorker.java:84)
	at org.testng.TestNG.runSuitesSequentially(TestNG.java:1208)
	at org.testng.TestNG.runSuitesLocally(TestNG.java:1137)
	at org.testng.TestNG.runSuites(TestNG.java:1049)
	at org.testng.TestNG.run(TestNG.java:1017)
	at org.testng.remote.AbstractRemoteTestNG.run(AbstractRemoteTestNG.java:115)
	at org.testng.remote.RemoteTestNG.initAndRun(RemoteTestNG.java:251)
	at org.testng.remote.RemoteTestNG.main(RemoteTestNG.java:77)

2022-04-29 12:34:33,993 [main] INFO com.utils.ExcelUtility - java.lang.NullPointerException
	at com.utils.ExcelUtility.getCellData(ExcelUtility.java:311)
	at com.utils._masterVO.loadGatewayCases(_masterVO.java:115)
	at com.utils._masterVO.loadExternalServices(_masterVO.java:448)
	at com.utils._masterVO.loadVO(_masterVO.java:81)
	at com.classes.BaseTest.setupReporter(BaseTest.java:85)
	at sun.reflect.NativeMethodAccessorImpl.invoke0(Native Method)
	at sun.reflect.NativeMethodAccessorImpl.invoke(Unknown Source)
	at sun.reflect.DelegatingMethodAccessorImpl.invoke(Unknown Source)
	at java.lang.reflect.Method.invoke(Unknown Source)
	at org.testng.internal.MethodInvocationHelper.invokeMethod(MethodInvocationHelper.java:124)
	at org.testng.internal.MethodInvocationHelper.invokeMethodConsideringTimeout(MethodInvocationHelper.java:59)
	at org.testng.internal.Invoker.invokeConfigurationMethod(Invoker.java:455)
	at org.testng.internal.Invoker.invokeConfigurations(Invoker.java:222)
	at org.testng.internal.Invoker.invokeConfigurations(Invoker.java:142)
	at org.testng.SuiteRunner.privateRun(SuiteRunner.java:401)
	at org.testng.SuiteRunner.run(SuiteRunner.java:364)
	at org.testng.SuiteRunnerWorker.runSuite(SuiteRunnerWorker.java:52)
	at org.testng.SuiteRunnerWorker.run(SuiteRunnerWorker.java:84)
	at org.testng.TestNG.runSuitesSequentially(TestNG.java:1208)
	at org.testng.TestNG.runSuitesLocally(TestNG.java:1137)
	at org.testng.TestNG.runSuites(TestNG.java:1049)
	at org.testng.TestNG.run(TestNG.java:1017)
	at org.testng.remote.AbstractRemoteTestNG.run(AbstractRemoteTestNG.java:115)
	at org.testng.remote.RemoteTestNG.initAndRun(RemoteTestNG.java:251)
	at org.testng.remote.RemoteTestNG.main(RemoteTestNG.java:77)

2022-04-29 12:34:34,020 [main] INFO com.utils.ExcelUtility - java.lang.NullPointerException
	at com.utils.ExcelUtility.getCellData(ExcelUtility.java:311)
	at com.utils._masterVO.loadGatewayCases(_masterVO.java:115)
	at com.utils._masterVO.loadExternalServices(_masterVO.java:448)
	at com.utils._masterVO.loadVO(_masterVO.java:81)
	at com.classes.BaseTest.setupReporter(BaseTest.java:85)
	at sun.reflect.NativeMethodAccessorImpl.invoke0(Native Method)
	at sun.reflect.NativeMethodAccessorImpl.invoke(Unknown Source)
	at sun.reflect.DelegatingMethodAccessorImpl.invoke(Unknown Source)
	at java.lang.reflect.Method.invoke(Unknown Source)
	at org.testng.internal.MethodInvocationHelper.invokeMethod(MethodInvocationHelper.java:124)
	at org.testng.internal.MethodInvocationHelper.invokeMethodConsideringTimeout(MethodInvocationHelper.java:59)
	at org.testng.internal.Invoker.invokeConfigurationMethod(Invoker.java:455)
	at org.testng.internal.Invoker.invokeConfigurations(Invoker.java:222)
	at org.testng.internal.Invoker.invokeConfigurations(Invoker.java:142)
	at org.testng.SuiteRunner.privateRun(SuiteRunner.java:401)
	at org.testng.SuiteRunner.run(SuiteRunner.java:364)
	at org.testng.SuiteRunnerWorker.runSuite(SuiteRunnerWorker.java:52)
	at org.testng.SuiteRunnerWorker.run(SuiteRunnerWorker.java:84)
	at org.testng.TestNG.runSuitesSequentially(TestNG.java:1208)
	at org.testng.TestNG.runSuitesLocally(TestNG.java:1137)
	at org.testng.TestNG.runSuites(TestNG.java:1049)
	at org.testng.TestNG.run(TestNG.java:1017)
	at org.testng.remote.AbstractRemoteTestNG.run(AbstractRemoteTestNG.java:115)
	at org.testng.remote.RemoteTestNG.initAndRun(RemoteTestNG.java:251)
	at org.testng.remote.RemoteTestNG.main(RemoteTestNG.java:77)

2022-04-29 12:34:34,044 [main] INFO com.utils.ExcelUtility - java.lang.NullPointerException
	at com.utils.ExcelUtility.getCellData(ExcelUtility.java:311)
	at com.utils._masterVO.loadGatewayCases(_masterVO.java:115)
	at com.utils._masterVO.loadExternalServices(_masterVO.java:448)
	at com.utils._masterVO.loadVO(_masterVO.java:81)
	at com.classes.BaseTest.setupReporter(BaseTest.java:85)
	at sun.reflect.NativeMethodAccessorImpl.invoke0(Native Method)
	at sun.reflect.NativeMethodAccessorImpl.invoke(Unknown Source)
	at sun.reflect.DelegatingMethodAccessorImpl.invoke(Unknown Source)
	at java.lang.reflect.Method.invoke(Unknown Source)
	at org.testng.internal.MethodInvocationHelper.invokeMethod(MethodInvocationHelper.java:124)
	at org.testng.internal.MethodInvocationHelper.invokeMethodConsideringTimeout(MethodInvocationHelper.java:59)
	at org.testng.internal.Invoker.invokeConfigurationMethod(Invoker.java:455)
	at org.testng.internal.Invoker.invokeConfigurations(Invoker.java:222)
	at org.testng.internal.Invoker.invokeConfigurations(Invoker.java:142)
	at org.testng.SuiteRunner.privateRun(SuiteRunner.java:401)
	at org.testng.SuiteRunner.run(SuiteRunner.java:364)
	at org.testng.SuiteRunnerWorker.runSuite(SuiteRunnerWorker.java:52)
	at org.testng.SuiteRunnerWorker.run(SuiteRunnerWorker.java:84)
	at org.testng.TestNG.runSuitesSequentially(TestNG.java:1208)
	at org.testng.TestNG.runSuitesLocally(TestNG.java:1137)
	at org.testng.TestNG.runSuites(TestNG.java:1049)
	at org.testng.TestNG.run(TestNG.java:1017)
	at org.testng.remote.AbstractRemoteTestNG.run(AbstractRemoteTestNG.java:115)
	at org.testng.remote.RemoteTestNG.initAndRun(RemoteTestNG.java:251)
	at org.testng.remote.RemoteTestNG.main(RemoteTestNG.java:77)

2022-04-29 12:34:34,044 [main] INFO com.utils.ExcelUtility - java.lang.NullPointerException
	at com.utils.ExcelUtility.getCellData(ExcelUtility.java:311)
	at com.utils._masterVO.loadGatewayCases(_masterVO.java:115)
	at com.utils._masterVO.loadExternalServices(_masterVO.java:448)
	at com.utils._masterVO.loadVO(_masterVO.java:81)
	at com.classes.BaseTest.setupReporter(BaseTest.java:85)
	at sun.reflect.NativeMethodAccessorImpl.invoke0(Native Method)
	at sun.reflect.NativeMethodAccessorImpl.invoke(Unknown Source)
	at sun.reflect.DelegatingMethodAccessorImpl.invoke(Unknown Source)
	at java.lang.reflect.Method.invoke(Unknown Source)
	at org.testng.internal.MethodInvocationHelper.invokeMethod(MethodInvocationHelper.java:124)
	at org.testng.internal.MethodInvocationHelper.invokeMethodConsideringTimeout(MethodInvocationHelper.java:59)
	at org.testng.internal.Invoker.invokeConfigurationMethod(Invoker.java:455)
	at org.testng.internal.Invoker.invokeConfigurations(Invoker.java:222)
	at org.testng.internal.Invoker.invokeConfigurations(Invoker.java:142)
	at org.testng.SuiteRunner.privateRun(SuiteRunner.java:401)
	at org.testng.SuiteRunner.run(SuiteRunner.java:364)
	at org.testng.SuiteRunnerWorker.runSuite(SuiteRunnerWorker.java:52)
	at org.testng.SuiteRunnerWorker.run(SuiteRunnerWorker.java:84)
	at org.testng.TestNG.runSuitesSequentially(TestNG.java:1208)
	at org.testng.TestNG.runSuitesLocally(TestNG.java:1137)
	at org.testng.TestNG.runSuites(TestNG.java:1049)
	at org.testng.TestNG.run(TestNG.java:1017)
	at org.testng.remote.AbstractRemoteTestNG.run(AbstractRemoteTestNG.java:115)
	at org.testng.remote.RemoteTestNG.initAndRun(RemoteTestNG.java:251)
	at org.testng.remote.RemoteTestNG.main(RemoteTestNG.java:77)

2022-04-29 12:34:34,055 [main] INFO com.utils.ExcelUtility - java.lang.NullPointerException
	at com.utils.ExcelUtility.getCellData(ExcelUtility.java:311)
	at com.utils._masterVO.loadGatewayCases(_masterVO.java:115)
	at com.utils._masterVO.loadExternalServices(_masterVO.java:448)
	at com.utils._masterVO.loadVO(_masterVO.java:81)
	at com.classes.BaseTest.setupReporter(BaseTest.java:85)
	at sun.reflect.NativeMethodAccessorImpl.invoke0(Native Method)
	at sun.reflect.NativeMethodAccessorImpl.invoke(Unknown Source)
	at sun.reflect.DelegatingMethodAccessorImpl.invoke(Unknown Source)
	at java.lang.reflect.Method.invoke(Unknown Source)
	at org.testng.internal.MethodInvocationHelper.invokeMethod(MethodInvocationHelper.java:124)
	at org.testng.internal.MethodInvocationHelper.invokeMethodConsideringTimeout(MethodInvocationHelper.java:59)
	at org.testng.internal.Invoker.invokeConfigurationMethod(Invoker.java:455)
	at org.testng.internal.Invoker.invokeConfigurations(Invoker.java:222)
	at org.testng.internal.Invoker.invokeConfigurations(Invoker.java:142)
	at org.testng.SuiteRunner.privateRun(SuiteRunner.java:401)
	at org.testng.SuiteRunner.run(SuiteRunner.java:364)
	at org.testng.SuiteRunnerWorker.runSuite(SuiteRunnerWorker.java:52)
	at org.testng.SuiteRunnerWorker.run(SuiteRunnerWorker.java:84)
	at org.testng.TestNG.runSuitesSequentially(TestNG.java:1208)
	at org.testng.TestNG.runSuitesLocally(TestNG.java:1137)
	at org.testng.TestNG.runSuites(TestNG.java:1049)
	at org.testng.TestNG.run(TestNG.java:1017)
	at org.testng.remote.AbstractRemoteTestNG.run(AbstractRemoteTestNG.java:115)
	at org.testng.remote.RemoteTestNG.initAndRun(RemoteTestNG.java:251)
	at org.testng.remote.RemoteTestNG.main(RemoteTestNG.java:77)

2022-04-29 12:34:34,056 [main] INFO com.utils.ExcelUtility - java.lang.NullPointerException
	at com.utils.ExcelUtility.getCellData(ExcelUtility.java:311)
	at com.utils._masterVO.loadGatewayCases(_masterVO.java:115)
	at com.utils._masterVO.loadExternalServices(_masterVO.java:448)
	at com.utils._masterVO.loadVO(_masterVO.java:81)
	at com.classes.BaseTest.setupReporter(BaseTest.java:85)
	at sun.reflect.NativeMethodAccessorImpl.invoke0(Native Method)
	at sun.reflect.NativeMethodAccessorImpl.invoke(Unknown Source)
	at sun.reflect.DelegatingMethodAccessorImpl.invoke(Unknown Source)
	at java.lang.reflect.Method.invoke(Unknown Source)
	at org.testng.internal.MethodInvocationHelper.invokeMethod(MethodInvocationHelper.java:124)
	at org.testng.internal.MethodInvocationHelper.invokeMethodConsideringTimeout(MethodInvocationHelper.java:59)
	at org.testng.internal.Invoker.invokeConfigurationMethod(Invoker.java:455)
	at org.testng.internal.Invoker.invokeConfigurations(Invoker.java:222)
	at org.testng.internal.Invoker.invokeConfigurations(Invoker.java:142)
	at org.testng.SuiteRunner.privateRun(SuiteRunner.java:401)
	at org.testng.SuiteRunner.run(SuiteRunner.java:364)
	at org.testng.SuiteRunnerWorker.runSuite(SuiteRunnerWorker.java:52)
	at org.testng.SuiteRunnerWorker.run(SuiteRunnerWorker.java:84)
	at org.testng.TestNG.runSuitesSequentially(TestNG.java:1208)
	at org.testng.TestNG.runSuitesLocally(TestNG.java:1137)
	at org.testng.TestNG.runSuites(TestNG.java:1049)
	at org.testng.TestNG.run(TestNG.java:1017)
	at org.testng.remote.AbstractRemoteTestNG.run(AbstractRemoteTestNG.java:115)
	at org.testng.remote.RemoteTestNG.initAndRun(RemoteTestNG.java:251)
	at org.testng.remote.RemoteTestNG.main(RemoteTestNG.java:77)

2022-04-29 12:34:34,056 [main] INFO com.utils.ExcelUtility - java.lang.NullPointerException
	at com.utils.ExcelUtility.getCellData(ExcelUtility.java:311)
	at com.utils._masterVO.loadGatewayCases(_masterVO.java:115)
	at com.utils._masterVO.loadExternalServices(_masterVO.java:448)
	at com.utils._masterVO.loadVO(_masterVO.java:81)
	at com.classes.BaseTest.setupReporter(BaseTest.java:85)
	at sun.reflect.NativeMethodAccessorImpl.invoke0(Native Method)
	at sun.reflect.NativeMethodAccessorImpl.invoke(Unknown Source)
	at sun.reflect.DelegatingMethodAccessorImpl.invoke(Unknown Source)
	at java.lang.reflect.Method.invoke(Unknown Source)
	at org.testng.internal.MethodInvocationHelper.invokeMethod(MethodInvocationHelper.java:124)
	at org.testng.internal.MethodInvocationHelper.invokeMethodConsideringTimeout(MethodInvocationHelper.java:59)
	at org.testng.internal.Invoker.invokeConfigurationMethod(Invoker.java:455)
	at org.testng.internal.Invoker.invokeConfigurations(Invoker.java:222)
	at org.testng.internal.Invoker.invokeConfigurations(Invoker.java:142)
	at org.testng.SuiteRunner.privateRun(SuiteRunner.java:401)
	at org.testng.SuiteRunner.run(SuiteRunner.java:364)
	at org.testng.SuiteRunnerWorker.runSuite(SuiteRunnerWorker.java:52)
	at org.testng.SuiteRunnerWorker.run(SuiteRunnerWorker.java:84)
	at org.testng.TestNG.runSuitesSequentially(TestNG.java:1208)
	at org.testng.TestNG.runSuitesLocally(TestNG.java:1137)
	at org.testng.TestNG.runSuites(TestNG.java:1049)
	at org.testng.TestNG.run(TestNG.java:1017)
	at org.testng.remote.AbstractRemoteTestNG.run(AbstractRemoteTestNG.java:115)
	at org.testng.remote.RemoteTestNG.initAndRun(RemoteTestNG.java:251)
	at org.testng.remote.RemoteTestNG.main(RemoteTestNG.java:77)

2022-04-29 12:34:34,057 [main] INFO com.utils.ExcelUtility - java.lang.NullPointerException
	at com.utils.ExcelUtility.getCellData(ExcelUtility.java:311)
	at com.utils._masterVO.loadGatewayCases(_masterVO.java:115)
	at com.utils._masterVO.loadExternalServices(_masterVO.java:448)
	at com.utils._masterVO.loadVO(_masterVO.java:81)
	at com.classes.BaseTest.setupReporter(BaseTest.java:85)
	at sun.reflect.NativeMethodAccessorImpl.invoke0(Native Method)
	at sun.reflect.NativeMethodAccessorImpl.invoke(Unknown Source)
	at sun.reflect.DelegatingMethodAccessorImpl.invoke(Unknown Source)
	at java.lang.reflect.Method.invoke(Unknown Source)
	at org.testng.internal.MethodInvocationHelper.invokeMethod(MethodInvocationHelper.java:124)
	at org.testng.internal.MethodInvocationHelper.invokeMethodConsideringTimeout(MethodInvocationHelper.java:59)
	at org.testng.internal.Invoker.invokeConfigurationMethod(Invoker.java:455)
	at org.testng.internal.Invoker.invokeConfigurations(Invoker.java:222)
	at org.testng.internal.Invoker.invokeConfigurations(Invoker.java:142)
	at org.testng.SuiteRunner.privateRun(SuiteRunner.java:401)
	at org.testng.SuiteRunner.run(SuiteRunner.java:364)
	at org.testng.SuiteRunnerWorker.runSuite(SuiteRunnerWorker.java:52)
	at org.testng.SuiteRunnerWorker.run(SuiteRunnerWorker.java:84)
	at org.testng.TestNG.runSuitesSequentially(TestNG.java:1208)
	at org.testng.TestNG.runSuitesLocally(TestNG.java:1137)
	at org.testng.TestNG.runSuites(TestNG.java:1049)
	at org.testng.TestNG.run(TestNG.java:1017)
	at org.testng.remote.AbstractRemoteTestNG.run(AbstractRemoteTestNG.java:115)
	at org.testng.remote.RemoteTestNG.initAndRun(RemoteTestNG.java:251)
	at org.testng.remote.RemoteTestNG.main(RemoteTestNG.java:77)

2022-04-29 12:34:34,059 [main] INFO com.utils.ExcelUtility - java.lang.NullPointerException
	at com.utils.ExcelUtility.getCellData(ExcelUtility.java:311)
	at com.utils._masterVO.loadGatewayCases(_masterVO.java:115)
	at com.utils._masterVO.loadExternalServices(_masterVO.java:448)
	at com.utils._masterVO.loadVO(_masterVO.java:81)
	at com.classes.BaseTest.setupReporter(BaseTest.java:85)
	at sun.reflect.NativeMethodAccessorImpl.invoke0(Native Method)
	at sun.reflect.NativeMethodAccessorImpl.invoke(Unknown Source)
	at sun.reflect.DelegatingMethodAccessorImpl.invoke(Unknown Source)
	at java.lang.reflect.Method.invoke(Unknown Source)
	at org.testng.internal.MethodInvocationHelper.invokeMethod(MethodInvocationHelper.java:124)
	at org.testng.internal.MethodInvocationHelper.invokeMethodConsideringTimeout(MethodInvocationHelper.java:59)
	at org.testng.internal.Invoker.invokeConfigurationMethod(Invoker.java:455)
	at org.testng.internal.Invoker.invokeConfigurations(Invoker.java:222)
	at org.testng.internal.Invoker.invokeConfigurations(Invoker.java:142)
	at org.testng.SuiteRunner.privateRun(SuiteRunner.java:401)
	at org.testng.SuiteRunner.run(SuiteRunner.java:364)
	at org.testng.SuiteRunnerWorker.runSuite(SuiteRunnerWorker.java:52)
	at org.testng.SuiteRunnerWorker.run(SuiteRunnerWorker.java:84)
	at org.testng.TestNG.runSuitesSequentially(TestNG.java:1208)
	at org.testng.TestNG.runSuitesLocally(TestNG.java:1137)
	at org.testng.TestNG.runSuites(TestNG.java:1049)
	at org.testng.TestNG.run(TestNG.java:1017)
	at org.testng.remote.AbstractRemoteTestNG.run(AbstractRemoteTestNG.java:115)
	at org.testng.remote.RemoteTestNG.initAndRun(RemoteTestNG.java:251)
	at org.testng.remote.RemoteTestNG.main(RemoteTestNG.java:77)

2022-04-29 12:34:34,060 [main] INFO com.utils.ExcelUtility - java.lang.NullPointerException
	at com.utils.ExcelUtility.getCellData(ExcelUtility.java:311)
	at com.utils._masterVO.loadGatewayCases(_masterVO.java:115)
	at com.utils._masterVO.loadExternalServices(_masterVO.java:448)
	at com.utils._masterVO.loadVO(_masterVO.java:81)
	at com.classes.BaseTest.setupReporter(BaseTest.java:85)
	at sun.reflect.NativeMethodAccessorImpl.invoke0(Native Method)
	at sun.reflect.NativeMethodAccessorImpl.invoke(Unknown Source)
	at sun.reflect.DelegatingMethodAccessorImpl.invoke(Unknown Source)
	at java.lang.reflect.Method.invoke(Unknown Source)
	at org.testng.internal.MethodInvocationHelper.invokeMethod(MethodInvocationHelper.java:124)
	at org.testng.internal.MethodInvocationHelper.invokeMethodConsideringTimeout(MethodInvocationHelper.java:59)
	at org.testng.internal.Invoker.invokeConfigurationMethod(Invoker.java:455)
	at org.testng.internal.Invoker.invokeConfigurations(Invoker.java:222)
	at org.testng.internal.Invoker.invokeConfigurations(Invoker.java:142)
	at org.testng.SuiteRunner.privateRun(SuiteRunner.java:401)
	at org.testng.SuiteRunner.run(SuiteRunner.java:364)
	at org.testng.SuiteRunnerWorker.runSuite(SuiteRunnerWorker.java:52)
	at org.testng.SuiteRunnerWorker.run(SuiteRunnerWorker.java:84)
	at org.testng.TestNG.runSuitesSequentially(TestNG.java:1208)
	at org.testng.TestNG.runSuitesLocally(TestNG.java:1137)
	at org.testng.TestNG.runSuites(TestNG.java:1049)
	at org.testng.TestNG.run(TestNG.java:1017)
	at org.testng.remote.AbstractRemoteTestNG.run(AbstractRemoteTestNG.java:115)
	at org.testng.remote.RemoteTestNG.initAndRun(RemoteTestNG.java:251)
	at org.testng.remote.RemoteTestNG.main(RemoteTestNG.java:77)

2022-04-29 12:34:34,061 [main] INFO com.utils.ExcelUtility - java.lang.NullPointerException
	at com.utils.ExcelUtility.getCellData(ExcelUtility.java:311)
	at com.utils._masterVO.loadGatewayCases(_masterVO.java:115)
	at com.utils._masterVO.loadExternalServices(_masterVO.java:448)
	at com.utils._masterVO.loadVO(_masterVO.java:81)
	at com.classes.BaseTest.setupReporter(BaseTest.java:85)
	at sun.reflect.NativeMethodAccessorImpl.invoke0(Native Method)
	at sun.reflect.NativeMethodAccessorImpl.invoke(Unknown Source)
	at sun.reflect.DelegatingMethodAccessorImpl.invoke(Unknown Source)
	at java.lang.reflect.Method.invoke(Unknown Source)
	at org.testng.internal.MethodInvocationHelper.invokeMethod(MethodInvocationHelper.java:124)
	at org.testng.internal.MethodInvocationHelper.invokeMethodConsideringTimeout(MethodInvocationHelper.java:59)
	at org.testng.internal.Invoker.invokeConfigurationMethod(Invoker.java:455)
	at org.testng.internal.Invoker.invokeConfigurations(Invoker.java:222)
	at org.testng.internal.Invoker.invokeConfigurations(Invoker.java:142)
	at org.testng.SuiteRunner.privateRun(SuiteRunner.java:401)
	at org.testng.SuiteRunner.run(SuiteRunner.java:364)
	at org.testng.SuiteRunnerWorker.runSuite(SuiteRunnerWorker.java:52)
	at org.testng.SuiteRunnerWorker.run(SuiteRunnerWorker.java:84)
	at org.testng.TestNG.runSuitesSequentially(TestNG.java:1208)
	at org.testng.TestNG.runSuitesLocally(TestNG.java:1137)
	at org.testng.TestNG.runSuites(TestNG.java:1049)
	at org.testng.TestNG.run(TestNG.java:1017)
	at org.testng.remote.AbstractRemoteTestNG.run(AbstractRemoteTestNG.java:115)
	at org.testng.remote.RemoteTestNG.initAndRun(RemoteTestNG.java:251)
	at org.testng.remote.RemoteTestNG.main(RemoteTestNG.java:77)

2022-04-29 12:34:34,062 [main] INFO com.utils.ExcelUtility - java.lang.NullPointerException
	at com.utils.ExcelUtility.getCellData(ExcelUtility.java:311)
	at com.utils._masterVO.loadGatewayCases(_masterVO.java:115)
	at com.utils._masterVO.loadExternalServices(_masterVO.java:448)
	at com.utils._masterVO.loadVO(_masterVO.java:81)
	at com.classes.BaseTest.setupReporter(BaseTest.java:85)
	at sun.reflect.NativeMethodAccessorImpl.invoke0(Native Method)
	at sun.reflect.NativeMethodAccessorImpl.invoke(Unknown Source)
	at sun.reflect.DelegatingMethodAccessorImpl.invoke(Unknown Source)
	at java.lang.reflect.Method.invoke(Unknown Source)
	at org.testng.internal.MethodInvocationHelper.invokeMethod(MethodInvocationHelper.java:124)
	at org.testng.internal.MethodInvocationHelper.invokeMethodConsideringTimeout(MethodInvocationHelper.java:59)
	at org.testng.internal.Invoker.invokeConfigurationMethod(Invoker.java:455)
	at org.testng.internal.Invoker.invokeConfigurations(Invoker.java:222)
	at org.testng.internal.Invoker.invokeConfigurations(Invoker.java:142)
	at org.testng.SuiteRunner.privateRun(SuiteRunner.java:401)
	at org.testng.SuiteRunner.run(SuiteRunner.java:364)
	at org.testng.SuiteRunnerWorker.runSuite(SuiteRunnerWorker.java:52)
	at org.testng.SuiteRunnerWorker.run(SuiteRunnerWorker.java:84)
	at org.testng.TestNG.runSuitesSequentially(TestNG.java:1208)
	at org.testng.TestNG.runSuitesLocally(TestNG.java:1137)
	at org.testng.TestNG.runSuites(TestNG.java:1049)
	at org.testng.TestNG.run(TestNG.java:1017)
	at org.testng.remote.AbstractRemoteTestNG.run(AbstractRemoteTestNG.java:115)
	at org.testng.remote.RemoteTestNG.initAndRun(RemoteTestNG.java:251)
	at org.testng.remote.RemoteTestNG.main(RemoteTestNG.java:77)

2022-04-29 12:34:34,091 [main] INFO com.utils.ExcelUtility - java.lang.NullPointerException
	at com.utils.ExcelUtility.getCellData(ExcelUtility.java:311)
	at com.utils._masterVO.loadGatewayCases(_masterVO.java:115)
	at com.utils._masterVO.loadExternalServices(_masterVO.java:448)
	at com.utils._masterVO.loadVO(_masterVO.java:81)
	at com.classes.BaseTest.setupReporter(BaseTest.java:85)
	at sun.reflect.NativeMethodAccessorImpl.invoke0(Native Method)
	at sun.reflect.NativeMethodAccessorImpl.invoke(Unknown Source)
	at sun.reflect.DelegatingMethodAccessorImpl.invoke(Unknown Source)
	at java.lang.reflect.Method.invoke(Unknown Source)
	at org.testng.internal.MethodInvocationHelper.invokeMethod(MethodInvocationHelper.java:124)
	at org.testng.internal.MethodInvocationHelper.invokeMethodConsideringTimeout(MethodInvocationHelper.java:59)
	at org.testng.internal.Invoker.invokeConfigurationMethod(Invoker.java:455)
	at org.testng.internal.Invoker.invokeConfigurations(Invoker.java:222)
	at org.testng.internal.Invoker.invokeConfigurations(Invoker.java:142)
	at org.testng.SuiteRunner.privateRun(SuiteRunner.java:401)
	at org.testng.SuiteRunner.run(SuiteRunner.java:364)
	at org.testng.SuiteRunnerWorker.runSuite(SuiteRunnerWorker.java:52)
	at org.testng.SuiteRunnerWorker.run(SuiteRunnerWorker.java:84)
	at org.testng.TestNG.runSuitesSequentially(TestNG.java:1208)
	at org.testng.TestNG.runSuitesLocally(TestNG.java:1137)
	at org.testng.TestNG.runSuites(TestNG.java:1049)
	at org.testng.TestNG.run(TestNG.java:1017)
	at org.testng.remote.AbstractRemoteTestNG.run(AbstractRemoteTestNG.java:115)
	at org.testng.remote.RemoteTestNG.initAndRun(RemoteTestNG.java:251)
	at org.testng.remote.RemoteTestNG.main(RemoteTestNG.java:77)

2022-04-29 12:34:34,092 [main] INFO com.utils.ExcelUtility - java.lang.NullPointerException
	at com.utils.ExcelUtility.getCellData(ExcelUtility.java:311)
	at com.utils._masterVO.loadGatewayCases(_masterVO.java:115)
	at com.utils._masterVO.loadExternalServices(_masterVO.java:448)
	at com.utils._masterVO.loadVO(_masterVO.java:81)
	at com.classes.BaseTest.setupReporter(BaseTest.java:85)
	at sun.reflect.NativeMethodAccessorImpl.invoke0(Native Method)
	at sun.reflect.NativeMethodAccessorImpl.invoke(Unknown Source)
	at sun.reflect.DelegatingMethodAccessorImpl.invoke(Unknown Source)
	at java.lang.reflect.Method.invoke(Unknown Source)
	at org.testng.internal.MethodInvocationHelper.invokeMethod(MethodInvocationHelper.java:124)
	at org.testng.internal.MethodInvocationHelper.invokeMethodConsideringTimeout(MethodInvocationHelper.java:59)
	at org.testng.internal.Invoker.invokeConfigurationMethod(Invoker.java:455)
	at org.testng.internal.Invoker.invokeConfigurations(Invoker.java:222)
	at org.testng.internal.Invoker.invokeConfigurations(Invoker.java:142)
	at org.testng.SuiteRunner.privateRun(SuiteRunner.java:401)
	at org.testng.SuiteRunner.run(SuiteRunner.java:364)
	at org.testng.SuiteRunnerWorker.runSuite(SuiteRunnerWorker.java:52)
	at org.testng.SuiteRunnerWorker.run(SuiteRunnerWorker.java:84)
	at org.testng.TestNG.runSuitesSequentially(TestNG.java:1208)
	at org.testng.TestNG.runSuitesLocally(TestNG.java:1137)
	at org.testng.TestNG.runSuites(TestNG.java:1049)
	at org.testng.TestNG.run(TestNG.java:1017)
	at org.testng.remote.AbstractRemoteTestNG.run(AbstractRemoteTestNG.java:115)
	at org.testng.remote.RemoteTestNG.initAndRun(RemoteTestNG.java:251)
	at org.testng.remote.RemoteTestNG.main(RemoteTestNG.java:77)

2022-04-29 12:34:34,096 [main] INFO com.utils.ExcelUtility - java.lang.NullPointerException
	at com.utils.ExcelUtility.getCellData(ExcelUtility.java:311)
	at com.utils._masterVO.loadGatewayCases(_masterVO.java:115)
	at com.utils._masterVO.loadExternalServices(_masterVO.java:448)
	at com.utils._masterVO.loadVO(_masterVO.java:81)
	at com.classes.BaseTest.setupReporter(BaseTest.java:85)
	at sun.reflect.NativeMethodAccessorImpl.invoke0(Native Method)
	at sun.reflect.NativeMethodAccessorImpl.invoke(Unknown Source)
	at sun.reflect.DelegatingMethodAccessorImpl.invoke(Unknown Source)
	at java.lang.reflect.Method.invoke(Unknown Source)
	at org.testng.internal.MethodInvocationHelper.invokeMethod(MethodInvocationHelper.java:124)
	at org.testng.internal.MethodInvocationHelper.invokeMethodConsideringTimeout(MethodInvocationHelper.java:59)
	at org.testng.internal.Invoker.invokeConfigurationMethod(Invoker.java:455)
	at org.testng.internal.Invoker.invokeConfigurations(Invoker.java:222)
	at org.testng.internal.Invoker.invokeConfigurations(Invoker.java:142)
	at org.testng.SuiteRunner.privateRun(SuiteRunner.java:401)
	at org.testng.SuiteRunner.run(SuiteRunner.java:364)
	at org.testng.SuiteRunnerWorker.runSuite(SuiteRunnerWorker.java:52)
	at org.testng.SuiteRunnerWorker.run(SuiteRunnerWorker.java:84)
	at org.testng.TestNG.runSuitesSequentially(TestNG.java:1208)
	at org.testng.TestNG.runSuitesLocally(TestNG.java:1137)
	at org.testng.TestNG.runSuites(TestNG.java:1049)
	at org.testng.TestNG.run(TestNG.java:1017)
	at org.testng.remote.AbstractRemoteTestNG.run(AbstractRemoteTestNG.java:115)
	at org.testng.remote.RemoteTestNG.initAndRun(RemoteTestNG.java:251)
	at org.testng.remote.RemoteTestNG.main(RemoteTestNG.java:77)

2022-04-29 12:34:34,097 [main] INFO com.utils.ExcelUtility - java.lang.NullPointerException
	at com.utils.ExcelUtility.getCellData(ExcelUtility.java:311)
	at com.utils._masterVO.loadGatewayCases(_masterVO.java:115)
	at com.utils._masterVO.loadExternalServices(_masterVO.java:448)
	at com.utils._masterVO.loadVO(_masterVO.java:81)
	at com.classes.BaseTest.setupReporter(BaseTest.java:85)
	at sun.reflect.NativeMethodAccessorImpl.invoke0(Native Method)
	at sun.reflect.NativeMethodAccessorImpl.invoke(Unknown Source)
	at sun.reflect.DelegatingMethodAccessorImpl.invoke(Unknown Source)
	at java.lang.reflect.Method.invoke(Unknown Source)
	at org.testng.internal.MethodInvocationHelper.invokeMethod(MethodInvocationHelper.java:124)
	at org.testng.internal.MethodInvocationHelper.invokeMethodConsideringTimeout(MethodInvocationHelper.java:59)
	at org.testng.internal.Invoker.invokeConfigurationMethod(Invoker.java:455)
	at org.testng.internal.Invoker.invokeConfigurations(Invoker.java:222)
	at org.testng.internal.Invoker.invokeConfigurations(Invoker.java:142)
	at org.testng.SuiteRunner.privateRun(SuiteRunner.java:401)
	at org.testng.SuiteRunner.run(SuiteRunner.java:364)
	at org.testng.SuiteRunnerWorker.runSuite(SuiteRunnerWorker.java:52)
	at org.testng.SuiteRunnerWorker.run(SuiteRunnerWorker.java:84)
	at org.testng.TestNG.runSuitesSequentially(TestNG.java:1208)
	at org.testng.TestNG.runSuitesLocally(TestNG.java:1137)
	at org.testng.TestNG.runSuites(TestNG.java:1049)
	at org.testng.TestNG.run(TestNG.java:1017)
	at org.testng.remote.AbstractRemoteTestNG.run(AbstractRemoteTestNG.java:115)
	at org.testng.remote.RemoteTestNG.initAndRun(RemoteTestNG.java:251)
	at org.testng.remote.RemoteTestNG.main(RemoteTestNG.java:77)

2022-04-29 12:34:34,098 [main] INFO com.utils.ExcelUtility - java.lang.NullPointerException
	at com.utils.ExcelUtility.getCellData(ExcelUtility.java:311)
	at com.utils._masterVO.loadGatewayCases(_masterVO.java:115)
	at com.utils._masterVO.loadExternalServices(_masterVO.java:448)
	at com.utils._masterVO.loadVO(_masterVO.java:81)
	at com.classes.BaseTest.setupReporter(BaseTest.java:85)
	at sun.reflect.NativeMethodAccessorImpl.invoke0(Native Method)
	at sun.reflect.NativeMethodAccessorImpl.invoke(Unknown Source)
	at sun.reflect.DelegatingMethodAccessorImpl.invoke(Unknown Source)
	at java.lang.reflect.Method.invoke(Unknown Source)
	at org.testng.internal.MethodInvocationHelper.invokeMethod(MethodInvocationHelper.java:124)
	at org.testng.internal.MethodInvocationHelper.invokeMethodConsideringTimeout(MethodInvocationHelper.java:59)
	at org.testng.internal.Invoker.invokeConfigurationMethod(Invoker.java:455)
	at org.testng.internal.Invoker.invokeConfigurations(Invoker.java:222)
	at org.testng.internal.Invoker.invokeConfigurations(Invoker.java:142)
	at org.testng.SuiteRunner.privateRun(SuiteRunner.java:401)
	at org.testng.SuiteRunner.run(SuiteRunner.java:364)
	at org.testng.SuiteRunnerWorker.runSuite(SuiteRunnerWorker.java:52)
	at org.testng.SuiteRunnerWorker.run(SuiteRunnerWorker.java:84)
	at org.testng.TestNG.runSuitesSequentially(TestNG.java:1208)
	at org.testng.TestNG.runSuitesLocally(TestNG.java:1137)
	at org.testng.TestNG.runSuites(TestNG.java:1049)
	at org.testng.TestNG.run(TestNG.java:1017)
	at org.testng.remote.AbstractRemoteTestNG.run(AbstractRemoteTestNG.java:115)
	at org.testng.remote.RemoteTestNG.initAndRun(RemoteTestNG.java:251)
	at org.testng.remote.RemoteTestNG.main(RemoteTestNG.java:77)

2022-04-29 12:34:34,098 [main] INFO com.utils.ExcelUtility - java.lang.NullPointerException
	at com.utils.ExcelUtility.getCellData(ExcelUtility.java:311)
	at com.utils._masterVO.loadGatewayCases(_masterVO.java:115)
	at com.utils._masterVO.loadExternalServices(_masterVO.java:448)
	at com.utils._masterVO.loadVO(_masterVO.java:81)
	at com.classes.BaseTest.setupReporter(BaseTest.java:85)
	at sun.reflect.NativeMethodAccessorImpl.invoke0(Native Method)
	at sun.reflect.NativeMethodAccessorImpl.invoke(Unknown Source)
	at sun.reflect.DelegatingMethodAccessorImpl.invoke(Unknown Source)
	at java.lang.reflect.Method.invoke(Unknown Source)
	at org.testng.internal.MethodInvocationHelper.invokeMethod(MethodInvocationHelper.java:124)
	at org.testng.internal.MethodInvocationHelper.invokeMethodConsideringTimeout(MethodInvocationHelper.java:59)
	at org.testng.internal.Invoker.invokeConfigurationMethod(Invoker.java:455)
	at org.testng.internal.Invoker.invokeConfigurations(Invoker.java:222)
	at org.testng.internal.Invoker.invokeConfigurations(Invoker.java:142)
	at org.testng.SuiteRunner.privateRun(SuiteRunner.java:401)
	at org.testng.SuiteRunner.run(SuiteRunner.java:364)
	at org.testng.SuiteRunnerWorker.runSuite(SuiteRunnerWorker.java:52)
	at org.testng.SuiteRunnerWorker.run(SuiteRunnerWorker.java:84)
	at org.testng.TestNG.runSuitesSequentially(TestNG.java:1208)
	at org.testng.TestNG.runSuitesLocally(TestNG.java:1137)
	at org.testng.TestNG.runSuites(TestNG.java:1049)
	at org.testng.TestNG.run(TestNG.java:1017)
	at org.testng.remote.AbstractRemoteTestNG.run(AbstractRemoteTestNG.java:115)
	at org.testng.remote.RemoteTestNG.initAndRun(RemoteTestNG.java:251)
	at org.testng.remote.RemoteTestNG.main(RemoteTestNG.java:77)

2022-04-29 12:34:34,098 [main] INFO com.utils.ExcelUtility - java.lang.NullPointerException
	at com.utils.ExcelUtility.getCellData(ExcelUtility.java:311)
	at com.utils._masterVO.loadGatewayCases(_masterVO.java:115)
	at com.utils._masterVO.loadExternalServices(_masterVO.java:448)
	at com.utils._masterVO.loadVO(_masterVO.java:81)
	at com.classes.BaseTest.setupReporter(BaseTest.java:85)
	at sun.reflect.NativeMethodAccessorImpl.invoke0(Native Method)
	at sun.reflect.NativeMethodAccessorImpl.invoke(Unknown Source)
	at sun.reflect.DelegatingMethodAccessorImpl.invoke(Unknown Source)
	at java.lang.reflect.Method.invoke(Unknown Source)
	at org.testng.internal.MethodInvocationHelper.invokeMethod(MethodInvocationHelper.java:124)
	at org.testng.internal.MethodInvocationHelper.invokeMethodConsideringTimeout(MethodInvocationHelper.java:59)
	at org.testng.internal.Invoker.invokeConfigurationMethod(Invoker.java:455)
	at org.testng.internal.Invoker.invokeConfigurations(Invoker.java:222)
	at org.testng.internal.Invoker.invokeConfigurations(Invoker.java:142)
	at org.testng.SuiteRunner.privateRun(SuiteRunner.java:401)
	at org.testng.SuiteRunner.run(SuiteRunner.java:364)
	at org.testng.SuiteRunnerWorker.runSuite(SuiteRunnerWorker.java:52)
	at org.testng.SuiteRunnerWorker.run(SuiteRunnerWorker.java:84)
	at org.testng.TestNG.runSuitesSequentially(TestNG.java:1208)
	at org.testng.TestNG.runSuitesLocally(TestNG.java:1137)
	at org.testng.TestNG.runSuites(TestNG.java:1049)
	at org.testng.TestNG.run(TestNG.java:1017)
	at org.testng.remote.AbstractRemoteTestNG.run(AbstractRemoteTestNG.java:115)
	at org.testng.remote.RemoteTestNG.initAndRun(RemoteTestNG.java:251)
	at org.testng.remote.RemoteTestNG.main(RemoteTestNG.java:77)

2022-04-29 12:34:34,099 [main] INFO com.utils.ExcelUtility - java.lang.NullPointerException
	at com.utils.ExcelUtility.getCellData(ExcelUtility.java:311)
	at com.utils._masterVO.loadGatewayCases(_masterVO.java:115)
	at com.utils._masterVO.loadExternalServices(_masterVO.java:448)
	at com.utils._masterVO.loadVO(_masterVO.java:81)
	at com.classes.BaseTest.setupReporter(BaseTest.java:85)
	at sun.reflect.NativeMethodAccessorImpl.invoke0(Native Method)
	at sun.reflect.NativeMethodAccessorImpl.invoke(Unknown Source)
	at sun.reflect.DelegatingMethodAccessorImpl.invoke(Unknown Source)
	at java.lang.reflect.Method.invoke(Unknown Source)
	at org.testng.internal.MethodInvocationHelper.invokeMethod(MethodInvocationHelper.java:124)
	at org.testng.internal.MethodInvocationHelper.invokeMethodConsideringTimeout(MethodInvocationHelper.java:59)
	at org.testng.internal.Invoker.invokeConfigurationMethod(Invoker.java:455)
	at org.testng.internal.Invoker.invokeConfigurations(Invoker.java:222)
	at org.testng.internal.Invoker.invokeConfigurations(Invoker.java:142)
	at org.testng.SuiteRunner.privateRun(SuiteRunner.java:401)
	at org.testng.SuiteRunner.run(SuiteRunner.java:364)
	at org.testng.SuiteRunnerWorker.runSuite(SuiteRunnerWorker.java:52)
	at org.testng.SuiteRunnerWorker.run(SuiteRunnerWorker.java:84)
	at org.testng.TestNG.runSuitesSequentially(TestNG.java:1208)
	at org.testng.TestNG.runSuitesLocally(TestNG.java:1137)
	at org.testng.TestNG.runSuites(TestNG.java:1049)
	at org.testng.TestNG.run(TestNG.java:1017)
	at org.testng.remote.AbstractRemoteTestNG.run(AbstractRemoteTestNG.java:115)
	at org.testng.remote.RemoteTestNG.initAndRun(RemoteTestNG.java:251)
	at org.testng.remote.RemoteTestNG.main(RemoteTestNG.java:77)

2022-04-29 12:34:34,100 [main] INFO com.utils.ExcelUtility - java.lang.NullPointerException
	at com.utils.ExcelUtility.getCellData(ExcelUtility.java:311)
	at com.utils._masterVO.loadGatewayCases(_masterVO.java:115)
	at com.utils._masterVO.loadExternalServices(_masterVO.java:448)
	at com.utils._masterVO.loadVO(_masterVO.java:81)
	at com.classes.BaseTest.setupReporter(BaseTest.java:85)
	at sun.reflect.NativeMethodAccessorImpl.invoke0(Native Method)
	at sun.reflect.NativeMethodAccessorImpl.invoke(Unknown Source)
	at sun.reflect.DelegatingMethodAccessorImpl.invoke(Unknown Source)
	at java.lang.reflect.Method.invoke(Unknown Source)
	at org.testng.internal.MethodInvocationHelper.invokeMethod(MethodInvocationHelper.java:124)
	at org.testng.internal.MethodInvocationHelper.invokeMethodConsideringTimeout(MethodInvocationHelper.java:59)
	at org.testng.internal.Invoker.invokeConfigurationMethod(Invoker.java:455)
	at org.testng.internal.Invoker.invokeConfigurations(Invoker.java:222)
	at org.testng.internal.Invoker.invokeConfigurations(Invoker.java:142)
	at org.testng.SuiteRunner.privateRun(SuiteRunner.java:401)
	at org.testng.SuiteRunner.run(SuiteRunner.java:364)
	at org.testng.SuiteRunnerWorker.runSuite(SuiteRunnerWorker.java:52)
	at org.testng.SuiteRunnerWorker.run(SuiteRunnerWorker.java:84)
	at org.testng.TestNG.runSuitesSequentially(TestNG.java:1208)
	at org.testng.TestNG.runSuitesLocally(TestNG.java:1137)
	at org.testng.TestNG.runSuites(TestNG.java:1049)
	at org.testng.TestNG.run(TestNG.java:1017)
	at org.testng.remote.AbstractRemoteTestNG.run(AbstractRemoteTestNG.java:115)
	at org.testng.remote.RemoteTestNG.initAndRun(RemoteTestNG.java:251)
	at org.testng.remote.RemoteTestNG.main(RemoteTestNG.java:77)

2022-04-29 12:34:34,101 [main] INFO com.utils.ExcelUtility - java.lang.NullPointerException
	at com.utils.ExcelUtility.getCellData(ExcelUtility.java:311)
	at com.utils._masterVO.loadGatewayCases(_masterVO.java:115)
	at com.utils._masterVO.loadExternalServices(_masterVO.java:448)
	at com.utils._masterVO.loadVO(_masterVO.java:81)
	at com.classes.BaseTest.setupReporter(BaseTest.java:85)
	at sun.reflect.NativeMethodAccessorImpl.invoke0(Native Method)
	at sun.reflect.NativeMethodAccessorImpl.invoke(Unknown Source)
	at sun.reflect.DelegatingMethodAccessorImpl.invoke(Unknown Source)
	at java.lang.reflect.Method.invoke(Unknown Source)
	at org.testng.internal.MethodInvocationHelper.invokeMethod(MethodInvocationHelper.java:124)
	at org.testng.internal.MethodInvocationHelper.invokeMethodConsideringTimeout(MethodInvocationHelper.java:59)
	at org.testng.internal.Invoker.invokeConfigurationMethod(Invoker.java:455)
	at org.testng.internal.Invoker.invokeConfigurations(Invoker.java:222)
	at org.testng.internal.Invoker.invokeConfigurations(Invoker.java:142)
	at org.testng.SuiteRunner.privateRun(SuiteRunner.java:401)
	at org.testng.SuiteRunner.run(SuiteRunner.java:364)
	at org.testng.SuiteRunnerWorker.runSuite(SuiteRunnerWorker.java:52)
	at org.testng.SuiteRunnerWorker.run(SuiteRunnerWorker.java:84)
	at org.testng.TestNG.runSuitesSequentially(TestNG.java:1208)
	at org.testng.TestNG.runSuitesLocally(TestNG.java:1137)
	at org.testng.TestNG.runSuites(TestNG.java:1049)
	at org.testng.TestNG.run(TestNG.java:1017)
	at org.testng.remote.AbstractRemoteTestNG.run(AbstractRemoteTestNG.java:115)
	at org.testng.remote.RemoteTestNG.initAndRun(RemoteTestNG.java:251)
	at org.testng.remote.RemoteTestNG.main(RemoteTestNG.java:77)

2022-04-29 12:34:34,102 [main] INFO com.utils.ExcelUtility - java.lang.NullPointerException
	at com.utils.ExcelUtility.getCellData(ExcelUtility.java:311)
	at com.utils._masterVO.loadGatewayCases(_masterVO.java:115)
	at com.utils._masterVO.loadExternalServices(_masterVO.java:448)
	at com.utils._masterVO.loadVO(_masterVO.java:81)
	at com.classes.BaseTest.setupReporter(BaseTest.java:85)
	at sun.reflect.NativeMethodAccessorImpl.invoke0(Native Method)
	at sun.reflect.NativeMethodAccessorImpl.invoke(Unknown Source)
	at sun.reflect.DelegatingMethodAccessorImpl.invoke(Unknown Source)
	at java.lang.reflect.Method.invoke(Unknown Source)
	at org.testng.internal.MethodInvocationHelper.invokeMethod(MethodInvocationHelper.java:124)
	at org.testng.internal.MethodInvocationHelper.invokeMethodConsideringTimeout(MethodInvocationHelper.java:59)
	at org.testng.internal.Invoker.invokeConfigurationMethod(Invoker.java:455)
	at org.testng.internal.Invoker.invokeConfigurations(Invoker.java:222)
	at org.testng.internal.Invoker.invokeConfigurations(Invoker.java:142)
	at org.testng.SuiteRunner.privateRun(SuiteRunner.java:401)
	at org.testng.SuiteRunner.run(SuiteRunner.java:364)
	at org.testng.SuiteRunnerWorker.runSuite(SuiteRunnerWorker.java:52)
	at org.testng.SuiteRunnerWorker.run(SuiteRunnerWorker.java:84)
	at org.testng.TestNG.runSuitesSequentially(TestNG.java:1208)
	at org.testng.TestNG.runSuitesLocally(TestNG.java:1137)
	at org.testng.TestNG.runSuites(TestNG.java:1049)
	at org.testng.TestNG.run(TestNG.java:1017)
	at org.testng.remote.AbstractRemoteTestNG.run(AbstractRemoteTestNG.java:115)
	at org.testng.remote.RemoteTestNG.initAndRun(RemoteTestNG.java:251)
	at org.testng.remote.RemoteTestNG.main(RemoteTestNG.java:77)

2022-04-29 12:34:34,102 [main] INFO com.utils.ExcelUtility - java.lang.NullPointerException
	at com.utils.ExcelUtility.getCellData(ExcelUtility.java:311)
	at com.utils._masterVO.loadGatewayCases(_masterVO.java:115)
	at com.utils._masterVO.loadExternalServices(_masterVO.java:448)
	at com.utils._masterVO.loadVO(_masterVO.java:81)
	at com.classes.BaseTest.setupReporter(BaseTest.java:85)
	at sun.reflect.NativeMethodAccessorImpl.invoke0(Native Method)
	at sun.reflect.NativeMethodAccessorImpl.invoke(Unknown Source)
	at sun.reflect.DelegatingMethodAccessorImpl.invoke(Unknown Source)
	at java.lang.reflect.Method.invoke(Unknown Source)
	at org.testng.internal.MethodInvocationHelper.invokeMethod(MethodInvocationHelper.java:124)
	at org.testng.internal.MethodInvocationHelper.invokeMethodConsideringTimeout(MethodInvocationHelper.java:59)
	at org.testng.internal.Invoker.invokeConfigurationMethod(Invoker.java:455)
	at org.testng.internal.Invoker.invokeConfigurations(Invoker.java:222)
	at org.testng.internal.Invoker.invokeConfigurations(Invoker.java:142)
	at org.testng.SuiteRunner.privateRun(SuiteRunner.java:401)
	at org.testng.SuiteRunner.run(SuiteRunner.java:364)
	at org.testng.SuiteRunnerWorker.runSuite(SuiteRunnerWorker.java:52)
	at org.testng.SuiteRunnerWorker.run(SuiteRunnerWorker.java:84)
	at org.testng.TestNG.runSuitesSequentially(TestNG.java:1208)
	at org.testng.TestNG.runSuitesLocally(TestNG.java:1137)
	at org.testng.TestNG.runSuites(TestNG.java:1049)
	at org.testng.TestNG.run(TestNG.java:1017)
	at org.testng.remote.AbstractRemoteTestNG.run(AbstractRemoteTestNG.java:115)
	at org.testng.remote.RemoteTestNG.initAndRun(RemoteTestNG.java:251)
	at org.testng.remote.RemoteTestNG.main(RemoteTestNG.java:77)

2022-04-29 12:34:34,103 [main] INFO com.utils.ExcelUtility - java.lang.NullPointerException
	at com.utils.ExcelUtility.getCellData(ExcelUtility.java:311)
	at com.utils._masterVO.loadGatewayCases(_masterVO.java:115)
	at com.utils._masterVO.loadExternalServices(_masterVO.java:448)
	at com.utils._masterVO.loadVO(_masterVO.java:81)
	at com.classes.BaseTest.setupReporter(BaseTest.java:85)
	at sun.reflect.NativeMethodAccessorImpl.invoke0(Native Method)
	at sun.reflect.NativeMethodAccessorImpl.invoke(Unknown Source)
	at sun.reflect.DelegatingMethodAccessorImpl.invoke(Unknown Source)
	at java.lang.reflect.Method.invoke(Unknown Source)
	at org.testng.internal.MethodInvocationHelper.invokeMethod(MethodInvocationHelper.java:124)
	at org.testng.internal.MethodInvocationHelper.invokeMethodConsideringTimeout(MethodInvocationHelper.java:59)
	at org.testng.internal.Invoker.invokeConfigurationMethod(Invoker.java:455)
	at org.testng.internal.Invoker.invokeConfigurations(Invoker.java:222)
	at org.testng.internal.Invoker.invokeConfigurations(Invoker.java:142)
	at org.testng.SuiteRunner.privateRun(SuiteRunner.java:401)
	at org.testng.SuiteRunner.run(SuiteRunner.java:364)
	at org.testng.SuiteRunnerWorker.runSuite(SuiteRunnerWorker.java:52)
	at org.testng.SuiteRunnerWorker.run(SuiteRunnerWorker.java:84)
	at org.testng.TestNG.runSuitesSequentially(TestNG.java:1208)
	at org.testng.TestNG.runSuitesLocally(TestNG.java:1137)
	at org.testng.TestNG.runSuites(TestNG.java:1049)
	at org.testng.TestNG.run(TestNG.java:1017)
	at org.testng.remote.AbstractRemoteTestNG.run(AbstractRemoteTestNG.java:115)
	at org.testng.remote.RemoteTestNG.initAndRun(RemoteTestNG.java:251)
	at org.testng.remote.RemoteTestNG.main(RemoteTestNG.java:77)

2022-04-29 12:34:34,103 [main] INFO com.utils.ExcelUtility - java.lang.NullPointerException
	at com.utils.ExcelUtility.getCellData(ExcelUtility.java:311)
	at com.utils._masterVO.loadGatewayCases(_masterVO.java:115)
	at com.utils._masterVO.loadExternalServices(_masterVO.java:448)
	at com.utils._masterVO.loadVO(_masterVO.java:81)
	at com.classes.BaseTest.setupReporter(BaseTest.java:85)
	at sun.reflect.NativeMethodAccessorImpl.invoke0(Native Method)
	at sun.reflect.NativeMethodAccessorImpl.invoke(Unknown Source)
	at sun.reflect.DelegatingMethodAccessorImpl.invoke(Unknown Source)
	at java.lang.reflect.Method.invoke(Unknown Source)
	at org.testng.internal.MethodInvocationHelper.invokeMethod(MethodInvocationHelper.java:124)
	at org.testng.internal.MethodInvocationHelper.invokeMethodConsideringTimeout(MethodInvocationHelper.java:59)
	at org.testng.internal.Invoker.invokeConfigurationMethod(Invoker.java:455)
	at org.testng.internal.Invoker.invokeConfigurations(Invoker.java:222)
	at org.testng.internal.Invoker.invokeConfigurations(Invoker.java:142)
	at org.testng.SuiteRunner.privateRun(SuiteRunner.java:401)
	at org.testng.SuiteRunner.run(SuiteRunner.java:364)
	at org.testng.SuiteRunnerWorker.runSuite(SuiteRunnerWorker.java:52)
	at org.testng.SuiteRunnerWorker.run(SuiteRunnerWorker.java:84)
	at org.testng.TestNG.runSuitesSequentially(TestNG.java:1208)
	at org.testng.TestNG.runSuitesLocally(TestNG.java:1137)
	at org.testng.TestNG.runSuites(TestNG.java:1049)
	at org.testng.TestNG.run(TestNG.java:1017)
	at org.testng.remote.AbstractRemoteTestNG.run(AbstractRemoteTestNG.java:115)
	at org.testng.remote.RemoteTestNG.initAndRun(RemoteTestNG.java:251)
	at org.testng.remote.RemoteTestNG.main(RemoteTestNG.java:77)

2022-04-29 12:34:34,104 [main] INFO com.utils.ExcelUtility - java.lang.NullPointerException
	at com.utils.ExcelUtility.getCellData(ExcelUtility.java:311)
	at com.utils._masterVO.loadGatewayCases(_masterVO.java:115)
	at com.utils._masterVO.loadExternalServices(_masterVO.java:448)
	at com.utils._masterVO.loadVO(_masterVO.java:81)
	at com.classes.BaseTest.setupReporter(BaseTest.java:85)
	at sun.reflect.NativeMethodAccessorImpl.invoke0(Native Method)
	at sun.reflect.NativeMethodAccessorImpl.invoke(Unknown Source)
	at sun.reflect.DelegatingMethodAccessorImpl.invoke(Unknown Source)
	at java.lang.reflect.Method.invoke(Unknown Source)
	at org.testng.internal.MethodInvocationHelper.invokeMethod(MethodInvocationHelper.java:124)
	at org.testng.internal.MethodInvocationHelper.invokeMethodConsideringTimeout(MethodInvocationHelper.java:59)
	at org.testng.internal.Invoker.invokeConfigurationMethod(Invoker.java:455)
	at org.testng.internal.Invoker.invokeConfigurations(Invoker.java:222)
	at org.testng.internal.Invoker.invokeConfigurations(Invoker.java:142)
	at org.testng.SuiteRunner.privateRun(SuiteRunner.java:401)
	at org.testng.SuiteRunner.run(SuiteRunner.java:364)
	at org.testng.SuiteRunnerWorker.runSuite(SuiteRunnerWorker.java:52)
	at org.testng.SuiteRunnerWorker.run(SuiteRunnerWorker.java:84)
	at org.testng.TestNG.runSuitesSequentially(TestNG.java:1208)
	at org.testng.TestNG.runSuitesLocally(TestNG.java:1137)
	at org.testng.TestNG.runSuites(TestNG.java:1049)
	at org.testng.TestNG.run(TestNG.java:1017)
	at org.testng.remote.AbstractRemoteTestNG.run(AbstractRemoteTestNG.java:115)
	at org.testng.remote.RemoteTestNG.initAndRun(RemoteTestNG.java:251)
	at org.testng.remote.RemoteTestNG.main(RemoteTestNG.java:77)

2022-04-29 12:34:34,104 [main] INFO com.utils.ExcelUtility - java.lang.NullPointerException
	at com.utils.ExcelUtility.getCellData(ExcelUtility.java:311)
	at com.utils._masterVO.loadGatewayCases(_masterVO.java:115)
	at com.utils._masterVO.loadExternalServices(_masterVO.java:448)
	at com.utils._masterVO.loadVO(_masterVO.java:81)
	at com.classes.BaseTest.setupReporter(BaseTest.java:85)
	at sun.reflect.NativeMethodAccessorImpl.invoke0(Native Method)
	at sun.reflect.NativeMethodAccessorImpl.invoke(Unknown Source)
	at sun.reflect.DelegatingMethodAccessorImpl.invoke(Unknown Source)
	at java.lang.reflect.Method.invoke(Unknown Source)
	at org.testng.internal.MethodInvocationHelper.invokeMethod(MethodInvocationHelper.java:124)
	at org.testng.internal.MethodInvocationHelper.invokeMethodConsideringTimeout(MethodInvocationHelper.java:59)
	at org.testng.internal.Invoker.invokeConfigurationMethod(Invoker.java:455)
	at org.testng.internal.Invoker.invokeConfigurations(Invoker.java:222)
	at org.testng.internal.Invoker.invokeConfigurations(Invoker.java:142)
	at org.testng.SuiteRunner.privateRun(SuiteRunner.java:401)
	at org.testng.SuiteRunner.run(SuiteRunner.java:364)
	at org.testng.SuiteRunnerWorker.runSuite(SuiteRunnerWorker.java:52)
	at org.testng.SuiteRunnerWorker.run(SuiteRunnerWorker.java:84)
	at org.testng.TestNG.runSuitesSequentially(TestNG.java:1208)
	at org.testng.TestNG.runSuitesLocally(TestNG.java:1137)
	at org.testng.TestNG.runSuites(TestNG.java:1049)
	at org.testng.TestNG.run(TestNG.java:1017)
	at org.testng.remote.AbstractRemoteTestNG.run(AbstractRemoteTestNG.java:115)
	at org.testng.remote.RemoteTestNG.initAndRun(RemoteTestNG.java:251)
	at org.testng.remote.RemoteTestNG.main(RemoteTestNG.java:77)

2022-04-29 12:34:34,104 [main] INFO com.utils.ExcelUtility - java.lang.NullPointerException
	at com.utils.ExcelUtility.getCellData(ExcelUtility.java:311)
	at com.utils._masterVO.loadGatewayCases(_masterVO.java:115)
	at com.utils._masterVO.loadExternalServices(_masterVO.java:448)
	at com.utils._masterVO.loadVO(_masterVO.java:81)
	at com.classes.BaseTest.setupReporter(BaseTest.java:85)
	at sun.reflect.NativeMethodAccessorImpl.invoke0(Native Method)
	at sun.reflect.NativeMethodAccessorImpl.invoke(Unknown Source)
	at sun.reflect.DelegatingMethodAccessorImpl.invoke(Unknown Source)
	at java.lang.reflect.Method.invoke(Unknown Source)
	at org.testng.internal.MethodInvocationHelper.invokeMethod(MethodInvocationHelper.java:124)
	at org.testng.internal.MethodInvocationHelper.invokeMethodConsideringTimeout(MethodInvocationHelper.java:59)
	at org.testng.internal.Invoker.invokeConfigurationMethod(Invoker.java:455)
	at org.testng.internal.Invoker.invokeConfigurations(Invoker.java:222)
	at org.testng.internal.Invoker.invokeConfigurations(Invoker.java:142)
	at org.testng.SuiteRunner.privateRun(SuiteRunner.java:401)
	at org.testng.SuiteRunner.run(SuiteRunner.java:364)
	at org.testng.SuiteRunnerWorker.runSuite(SuiteRunnerWorker.java:52)
	at org.testng.SuiteRunnerWorker.run(SuiteRunnerWorker.java:84)
	at org.testng.TestNG.runSuitesSequentially(TestNG.java:1208)
	at org.testng.TestNG.runSuitesLocally(TestNG.java:1137)
	at org.testng.TestNG.runSuites(TestNG.java:1049)
	at org.testng.TestNG.run(TestNG.java:1017)
	at org.testng.remote.AbstractRemoteTestNG.run(AbstractRemoteTestNG.java:115)
	at org.testng.remote.RemoteTestNG.initAndRun(RemoteTestNG.java:251)
	at org.testng.remote.RemoteTestNG.main(RemoteTestNG.java:77)

2022-04-29 12:34:34,107 [main] INFO com.utils.ExcelUtility - java.lang.NullPointerException
	at com.utils.ExcelUtility.getCellData(ExcelUtility.java:311)
	at com.utils._masterVO.loadGatewayCases(_masterVO.java:115)
	at com.utils._masterVO.loadExternalServices(_masterVO.java:448)
	at com.utils._masterVO.loadVO(_masterVO.java:81)
	at com.classes.BaseTest.setupReporter(BaseTest.java:85)
	at sun.reflect.NativeMethodAccessorImpl.invoke0(Native Method)
	at sun.reflect.NativeMethodAccessorImpl.invoke(Unknown Source)
	at sun.reflect.DelegatingMethodAccessorImpl.invoke(Unknown Source)
	at java.lang.reflect.Method.invoke(Unknown Source)
	at org.testng.internal.MethodInvocationHelper.invokeMethod(MethodInvocationHelper.java:124)
	at org.testng.internal.MethodInvocationHelper.invokeMethodConsideringTimeout(MethodInvocationHelper.java:59)
	at org.testng.internal.Invoker.invokeConfigurationMethod(Invoker.java:455)
	at org.testng.internal.Invoker.invokeConfigurations(Invoker.java:222)
	at org.testng.internal.Invoker.invokeConfigurations(Invoker.java:142)
	at org.testng.SuiteRunner.privateRun(SuiteRunner.java:401)
	at org.testng.SuiteRunner.run(SuiteRunner.java:364)
	at org.testng.SuiteRunnerWorker.runSuite(SuiteRunnerWorker.java:52)
	at org.testng.SuiteRunnerWorker.run(SuiteRunnerWorker.java:84)
	at org.testng.TestNG.runSuitesSequentially(TestNG.java:1208)
	at org.testng.TestNG.runSuitesLocally(TestNG.java:1137)
	at org.testng.TestNG.runSuites(TestNG.java:1049)
	at org.testng.TestNG.run(TestNG.java:1017)
	at org.testng.remote.AbstractRemoteTestNG.run(AbstractRemoteTestNG.java:115)
	at org.testng.remote.RemoteTestNG.initAndRun(RemoteTestNG.java:251)
	at org.testng.remote.RemoteTestNG.main(RemoteTestNG.java:77)

2022-04-29 12:34:34,107 [main] INFO com.utils.ExcelUtility - java.lang.NullPointerException
	at com.utils.ExcelUtility.getCellData(ExcelUtility.java:311)
	at com.utils._masterVO.loadGatewayCases(_masterVO.java:115)
	at com.utils._masterVO.loadExternalServices(_masterVO.java:448)
	at com.utils._masterVO.loadVO(_masterVO.java:81)
	at com.classes.BaseTest.setupReporter(BaseTest.java:85)
	at sun.reflect.NativeMethodAccessorImpl.invoke0(Native Method)
	at sun.reflect.NativeMethodAccessorImpl.invoke(Unknown Source)
	at sun.reflect.DelegatingMethodAccessorImpl.invoke(Unknown Source)
	at java.lang.reflect.Method.invoke(Unknown Source)
	at org.testng.internal.MethodInvocationHelper.invokeMethod(MethodInvocationHelper.java:124)
	at org.testng.internal.MethodInvocationHelper.invokeMethodConsideringTimeout(MethodInvocationHelper.java:59)
	at org.testng.internal.Invoker.invokeConfigurationMethod(Invoker.java:455)
	at org.testng.internal.Invoker.invokeConfigurations(Invoker.java:222)
	at org.testng.internal.Invoker.invokeConfigurations(Invoker.java:142)
	at org.testng.SuiteRunner.privateRun(SuiteRunner.java:401)
	at org.testng.SuiteRunner.run(SuiteRunner.java:364)
	at org.testng.SuiteRunnerWorker.runSuite(SuiteRunnerWorker.java:52)
	at org.testng.SuiteRunnerWorker.run(SuiteRunnerWorker.java:84)
	at org.testng.TestNG.runSuitesSequentially(TestNG.java:1208)
	at org.testng.TestNG.runSuitesLocally(TestNG.java:1137)
	at org.testng.TestNG.runSuites(TestNG.java:1049)
	at org.testng.TestNG.run(TestNG.java:1017)
	at org.testng.remote.AbstractRemoteTestNG.run(AbstractRemoteTestNG.java:115)
	at org.testng.remote.RemoteTestNG.initAndRun(RemoteTestNG.java:251)
	at org.testng.remote.RemoteTestNG.main(RemoteTestNG.java:77)

2022-04-29 12:34:34,109 [main] INFO com.utils.ExcelUtility - java.lang.NullPointerException
	at com.utils.ExcelUtility.getCellData(ExcelUtility.java:311)
	at com.utils._masterVO.loadGatewayCases(_masterVO.java:115)
	at com.utils._masterVO.loadExternalServices(_masterVO.java:448)
	at com.utils._masterVO.loadVO(_masterVO.java:81)
	at com.classes.BaseTest.setupReporter(BaseTest.java:85)
	at sun.reflect.NativeMethodAccessorImpl.invoke0(Native Method)
	at sun.reflect.NativeMethodAccessorImpl.invoke(Unknown Source)
	at sun.reflect.DelegatingMethodAccessorImpl.invoke(Unknown Source)
	at java.lang.reflect.Method.invoke(Unknown Source)
	at org.testng.internal.MethodInvocationHelper.invokeMethod(MethodInvocationHelper.java:124)
	at org.testng.internal.MethodInvocationHelper.invokeMethodConsideringTimeout(MethodInvocationHelper.java:59)
	at org.testng.internal.Invoker.invokeConfigurationMethod(Invoker.java:455)
	at org.testng.internal.Invoker.invokeConfigurations(Invoker.java:222)
	at org.testng.internal.Invoker.invokeConfigurations(Invoker.java:142)
	at org.testng.SuiteRunner.privateRun(SuiteRunner.java:401)
	at org.testng.SuiteRunner.run(SuiteRunner.java:364)
	at org.testng.SuiteRunnerWorker.runSuite(SuiteRunnerWorker.java:52)
	at org.testng.SuiteRunnerWorker.run(SuiteRunnerWorker.java:84)
	at org.testng.TestNG.runSuitesSequentially(TestNG.java:1208)
	at org.testng.TestNG.runSuitesLocally(TestNG.java:1137)
	at org.testng.TestNG.runSuites(TestNG.java:1049)
	at org.testng.TestNG.run(TestNG.java:1017)
	at org.testng.remote.AbstractRemoteTestNG.run(AbstractRemoteTestNG.java:115)
	at org.testng.remote.RemoteTestNG.initAndRun(RemoteTestNG.java:251)
	at org.testng.remote.RemoteTestNG.main(RemoteTestNG.java:77)

2022-04-29 12:34:34,109 [main] INFO com.utils.ExcelUtility - java.lang.NullPointerException
	at com.utils.ExcelUtility.getCellData(ExcelUtility.java:311)
	at com.utils._masterVO.loadGatewayCases(_masterVO.java:115)
	at com.utils._masterVO.loadExternalServices(_masterVO.java:448)
	at com.utils._masterVO.loadVO(_masterVO.java:81)
	at com.classes.BaseTest.setupReporter(BaseTest.java:85)
	at sun.reflect.NativeMethodAccessorImpl.invoke0(Native Method)
	at sun.reflect.NativeMethodAccessorImpl.invoke(Unknown Source)
	at sun.reflect.DelegatingMethodAccessorImpl.invoke(Unknown Source)
	at java.lang.reflect.Method.invoke(Unknown Source)
	at org.testng.internal.MethodInvocationHelper.invokeMethod(MethodInvocationHelper.java:124)
	at org.testng.internal.MethodInvocationHelper.invokeMethodConsideringTimeout(MethodInvocationHelper.java:59)
	at org.testng.internal.Invoker.invokeConfigurationMethod(Invoker.java:455)
	at org.testng.internal.Invoker.invokeConfigurations(Invoker.java:222)
	at org.testng.internal.Invoker.invokeConfigurations(Invoker.java:142)
	at org.testng.SuiteRunner.privateRun(SuiteRunner.java:401)
	at org.testng.SuiteRunner.run(SuiteRunner.java:364)
	at org.testng.SuiteRunnerWorker.runSuite(SuiteRunnerWorker.java:52)
	at org.testng.SuiteRunnerWorker.run(SuiteRunnerWorker.java:84)
	at org.testng.TestNG.runSuitesSequentially(TestNG.java:1208)
	at org.testng.TestNG.runSuitesLocally(TestNG.java:1137)
	at org.testng.TestNG.runSuites(TestNG.java:1049)
	at org.testng.TestNG.run(TestNG.java:1017)
	at org.testng.remote.AbstractRemoteTestNG.run(AbstractRemoteTestNG.java:115)
	at org.testng.remote.RemoteTestNG.initAndRun(RemoteTestNG.java:251)
	at org.testng.remote.RemoteTestNG.main(RemoteTestNG.java:77)

2022-04-29 12:34:34,110 [main] INFO com.utils.ExcelUtility - java.lang.NullPointerException
	at com.utils.ExcelUtility.getCellData(ExcelUtility.java:311)
	at com.utils._masterVO.loadGatewayCases(_masterVO.java:115)
	at com.utils._masterVO.loadExternalServices(_masterVO.java:448)
	at com.utils._masterVO.loadVO(_masterVO.java:81)
	at com.classes.BaseTest.setupReporter(BaseTest.java:85)
	at sun.reflect.NativeMethodAccessorImpl.invoke0(Native Method)
	at sun.reflect.NativeMethodAccessorImpl.invoke(Unknown Source)
	at sun.reflect.DelegatingMethodAccessorImpl.invoke(Unknown Source)
	at java.lang.reflect.Method.invoke(Unknown Source)
	at org.testng.internal.MethodInvocationHelper.invokeMethod(MethodInvocationHelper.java:124)
	at org.testng.internal.MethodInvocationHelper.invokeMethodConsideringTimeout(MethodInvocationHelper.java:59)
	at org.testng.internal.Invoker.invokeConfigurationMethod(Invoker.java:455)
	at org.testng.internal.Invoker.invokeConfigurations(Invoker.java:222)
	at org.testng.internal.Invoker.invokeConfigurations(Invoker.java:142)
	at org.testng.SuiteRunner.privateRun(SuiteRunner.java:401)
	at org.testng.SuiteRunner.run(SuiteRunner.java:364)
	at org.testng.SuiteRunnerWorker.runSuite(SuiteRunnerWorker.java:52)
	at org.testng.SuiteRunnerWorker.run(SuiteRunnerWorker.java:84)
	at org.testng.TestNG.runSuitesSequentially(TestNG.java:1208)
	at org.testng.TestNG.runSuitesLocally(TestNG.java:1137)
	at org.testng.TestNG.runSuites(TestNG.java:1049)
	at org.testng.TestNG.run(TestNG.java:1017)
	at org.testng.remote.AbstractRemoteTestNG.run(AbstractRemoteTestNG.java:115)
	at org.testng.remote.RemoteTestNG.initAndRun(RemoteTestNG.java:251)
	at org.testng.remote.RemoteTestNG.main(RemoteTestNG.java:77)

2022-04-29 12:34:34,110 [main] INFO com.utils.ExcelUtility - java.lang.NullPointerException
	at com.utils.ExcelUtility.getCellData(ExcelUtility.java:311)
	at com.utils._masterVO.loadGatewayCases(_masterVO.java:115)
	at com.utils._masterVO.loadExternalServices(_masterVO.java:448)
	at com.utils._masterVO.loadVO(_masterVO.java:81)
	at com.classes.BaseTest.setupReporter(BaseTest.java:85)
	at sun.reflect.NativeMethodAccessorImpl.invoke0(Native Method)
	at sun.reflect.NativeMethodAccessorImpl.invoke(Unknown Source)
	at sun.reflect.DelegatingMethodAccessorImpl.invoke(Unknown Source)
	at java.lang.reflect.Method.invoke(Unknown Source)
	at org.testng.internal.MethodInvocationHelper.invokeMethod(MethodInvocationHelper.java:124)
	at org.testng.internal.MethodInvocationHelper.invokeMethodConsideringTimeout(MethodInvocationHelper.java:59)
	at org.testng.internal.Invoker.invokeConfigurationMethod(Invoker.java:455)
	at org.testng.internal.Invoker.invokeConfigurations(Invoker.java:222)
	at org.testng.internal.Invoker.invokeConfigurations(Invoker.java:142)
	at org.testng.SuiteRunner.privateRun(SuiteRunner.java:401)
	at org.testng.SuiteRunner.run(SuiteRunner.java:364)
	at org.testng.SuiteRunnerWorker.runSuite(SuiteRunnerWorker.java:52)
	at org.testng.SuiteRunnerWorker.run(SuiteRunnerWorker.java:84)
	at org.testng.TestNG.runSuitesSequentially(TestNG.java:1208)
	at org.testng.TestNG.runSuitesLocally(TestNG.java:1137)
	at org.testng.TestNG.runSuites(TestNG.java:1049)
	at org.testng.TestNG.run(TestNG.java:1017)
	at org.testng.remote.AbstractRemoteTestNG.run(AbstractRemoteTestNG.java:115)
	at org.testng.remote.RemoteTestNG.initAndRun(RemoteTestNG.java:251)
	at org.testng.remote.RemoteTestNG.main(RemoteTestNG.java:77)

2022-04-29 12:34:34,110 [main] INFO com.utils.ExcelUtility - java.lang.NullPointerException
	at com.utils.ExcelUtility.getCellData(ExcelUtility.java:311)
	at com.utils._masterVO.loadGatewayCases(_masterVO.java:115)
	at com.utils._masterVO.loadExternalServices(_masterVO.java:448)
	at com.utils._masterVO.loadVO(_masterVO.java:81)
	at com.classes.BaseTest.setupReporter(BaseTest.java:85)
	at sun.reflect.NativeMethodAccessorImpl.invoke0(Native Method)
	at sun.reflect.NativeMethodAccessorImpl.invoke(Unknown Source)
	at sun.reflect.DelegatingMethodAccessorImpl.invoke(Unknown Source)
	at java.lang.reflect.Method.invoke(Unknown Source)
	at org.testng.internal.MethodInvocationHelper.invokeMethod(MethodInvocationHelper.java:124)
	at org.testng.internal.MethodInvocationHelper.invokeMethodConsideringTimeout(MethodInvocationHelper.java:59)
	at org.testng.internal.Invoker.invokeConfigurationMethod(Invoker.java:455)
	at org.testng.internal.Invoker.invokeConfigurations(Invoker.java:222)
	at org.testng.internal.Invoker.invokeConfigurations(Invoker.java:142)
	at org.testng.SuiteRunner.privateRun(SuiteRunner.java:401)
	at org.testng.SuiteRunner.run(SuiteRunner.java:364)
	at org.testng.SuiteRunnerWorker.runSuite(SuiteRunnerWorker.java:52)
	at org.testng.SuiteRunnerWorker.run(SuiteRunnerWorker.java:84)
	at org.testng.TestNG.runSuitesSequentially(TestNG.java:1208)
	at org.testng.TestNG.runSuitesLocally(TestNG.java:1137)
	at org.testng.TestNG.runSuites(TestNG.java:1049)
	at org.testng.TestNG.run(TestNG.java:1017)
	at org.testng.remote.AbstractRemoteTestNG.run(AbstractRemoteTestNG.java:115)
	at org.testng.remote.RemoteTestNG.initAndRun(RemoteTestNG.java:251)
	at org.testng.remote.RemoteTestNG.main(RemoteTestNG.java:77)

2022-04-29 12:34:34,111 [main] INFO com.utils.ExcelUtility - java.lang.NullPointerException
	at com.utils.ExcelUtility.getCellData(ExcelUtility.java:311)
	at com.utils._masterVO.loadGatewayCases(_masterVO.java:115)
	at com.utils._masterVO.loadExternalServices(_masterVO.java:448)
	at com.utils._masterVO.loadVO(_masterVO.java:81)
	at com.classes.BaseTest.setupReporter(BaseTest.java:85)
	at sun.reflect.NativeMethodAccessorImpl.invoke0(Native Method)
	at sun.reflect.NativeMethodAccessorImpl.invoke(Unknown Source)
	at sun.reflect.DelegatingMethodAccessorImpl.invoke(Unknown Source)
	at java.lang.reflect.Method.invoke(Unknown Source)
	at org.testng.internal.MethodInvocationHelper.invokeMethod(MethodInvocationHelper.java:124)
	at org.testng.internal.MethodInvocationHelper.invokeMethodConsideringTimeout(MethodInvocationHelper.java:59)
	at org.testng.internal.Invoker.invokeConfigurationMethod(Invoker.java:455)
	at org.testng.internal.Invoker.invokeConfigurations(Invoker.java:222)
	at org.testng.internal.Invoker.invokeConfigurations(Invoker.java:142)
	at org.testng.SuiteRunner.privateRun(SuiteRunner.java:401)
	at org.testng.SuiteRunner.run(SuiteRunner.java:364)
	at org.testng.SuiteRunnerWorker.runSuite(SuiteRunnerWorker.java:52)
	at org.testng.SuiteRunnerWorker.run(SuiteRunnerWorker.java:84)
	at org.testng.TestNG.runSuitesSequentially(TestNG.java:1208)
	at org.testng.TestNG.runSuitesLocally(TestNG.java:1137)
	at org.testng.TestNG.runSuites(TestNG.java:1049)
	at org.testng.TestNG.run(TestNG.java:1017)
	at org.testng.remote.AbstractRemoteTestNG.run(AbstractRemoteTestNG.java:115)
	at org.testng.remote.RemoteTestNG.initAndRun(RemoteTestNG.java:251)
	at org.testng.remote.RemoteTestNG.main(RemoteTestNG.java:77)

2022-04-29 12:34:34,111 [main] INFO com.utils.ExcelUtility - java.lang.NullPointerException
	at com.utils.ExcelUtility.getCellData(ExcelUtility.java:311)
	at com.utils._masterVO.loadGatewayCases(_masterVO.java:115)
	at com.utils._masterVO.loadExternalServices(_masterVO.java:448)
	at com.utils._masterVO.loadVO(_masterVO.java:81)
	at com.classes.BaseTest.setupReporter(BaseTest.java:85)
	at sun.reflect.NativeMethodAccessorImpl.invoke0(Native Method)
	at sun.reflect.NativeMethodAccessorImpl.invoke(Unknown Source)
	at sun.reflect.DelegatingMethodAccessorImpl.invoke(Unknown Source)
	at java.lang.reflect.Method.invoke(Unknown Source)
	at org.testng.internal.MethodInvocationHelper.invokeMethod(MethodInvocationHelper.java:124)
	at org.testng.internal.MethodInvocationHelper.invokeMethodConsideringTimeout(MethodInvocationHelper.java:59)
	at org.testng.internal.Invoker.invokeConfigurationMethod(Invoker.java:455)
	at org.testng.internal.Invoker.invokeConfigurations(Invoker.java:222)
	at org.testng.internal.Invoker.invokeConfigurations(Invoker.java:142)
	at org.testng.SuiteRunner.privateRun(SuiteRunner.java:401)
	at org.testng.SuiteRunner.run(SuiteRunner.java:364)
	at org.testng.SuiteRunnerWorker.runSuite(SuiteRunnerWorker.java:52)
	at org.testng.SuiteRunnerWorker.run(SuiteRunnerWorker.java:84)
	at org.testng.TestNG.runSuitesSequentially(TestNG.java:1208)
	at org.testng.TestNG.runSuitesLocally(TestNG.java:1137)
	at org.testng.TestNG.runSuites(TestNG.java:1049)
	at org.testng.TestNG.run(TestNG.java:1017)
	at org.testng.remote.AbstractRemoteTestNG.run(AbstractRemoteTestNG.java:115)
	at org.testng.remote.RemoteTestNG.initAndRun(RemoteTestNG.java:251)
	at org.testng.remote.RemoteTestNG.main(RemoteTestNG.java:77)

2022-04-29 12:34:34,111 [main] INFO com.utils.ExcelUtility - java.lang.NullPointerException
	at com.utils.ExcelUtility.getCellData(ExcelUtility.java:311)
	at com.utils._masterVO.loadGatewayCases(_masterVO.java:115)
	at com.utils._masterVO.loadExternalServices(_masterVO.java:448)
	at com.utils._masterVO.loadVO(_masterVO.java:81)
	at com.classes.BaseTest.setupReporter(BaseTest.java:85)
	at sun.reflect.NativeMethodAccessorImpl.invoke0(Native Method)
	at sun.reflect.NativeMethodAccessorImpl.invoke(Unknown Source)
	at sun.reflect.DelegatingMethodAccessorImpl.invoke(Unknown Source)
	at java.lang.reflect.Method.invoke(Unknown Source)
	at org.testng.internal.MethodInvocationHelper.invokeMethod(MethodInvocationHelper.java:124)
	at org.testng.internal.MethodInvocationHelper.invokeMethodConsideringTimeout(MethodInvocationHelper.java:59)
	at org.testng.internal.Invoker.invokeConfigurationMethod(Invoker.java:455)
	at org.testng.internal.Invoker.invokeConfigurations(Invoker.java:222)
	at org.testng.internal.Invoker.invokeConfigurations(Invoker.java:142)
	at org.testng.SuiteRunner.privateRun(SuiteRunner.java:401)
	at org.testng.SuiteRunner.run(SuiteRunner.java:364)
	at org.testng.SuiteRunnerWorker.runSuite(SuiteRunnerWorker.java:52)
	at org.testng.SuiteRunnerWorker.run(SuiteRunnerWorker.java:84)
	at org.testng.TestNG.runSuitesSequentially(TestNG.java:1208)
	at org.testng.TestNG.runSuitesLocally(TestNG.java:1137)
	at org.testng.TestNG.runSuites(TestNG.java:1049)
	at org.testng.TestNG.run(TestNG.java:1017)
	at org.testng.remote.AbstractRemoteTestNG.run(AbstractRemoteTestNG.java:115)
	at org.testng.remote.RemoteTestNG.initAndRun(RemoteTestNG.java:251)
	at org.testng.remote.RemoteTestNG.main(RemoteTestNG.java:77)

2022-04-29 12:34:34,112 [main] INFO com.utils.ExcelUtility - java.lang.NullPointerException
	at com.utils.ExcelUtility.getCellData(ExcelUtility.java:311)
	at com.utils._masterVO.loadGatewayCases(_masterVO.java:115)
	at com.utils._masterVO.loadExternalServices(_masterVO.java:448)
	at com.utils._masterVO.loadVO(_masterVO.java:81)
	at com.classes.BaseTest.setupReporter(BaseTest.java:85)
	at sun.reflect.NativeMethodAccessorImpl.invoke0(Native Method)
	at sun.reflect.NativeMethodAccessorImpl.invoke(Unknown Source)
	at sun.reflect.DelegatingMethodAccessorImpl.invoke(Unknown Source)
	at java.lang.reflect.Method.invoke(Unknown Source)
	at org.testng.internal.MethodInvocationHelper.invokeMethod(MethodInvocationHelper.java:124)
	at org.testng.internal.MethodInvocationHelper.invokeMethodConsideringTimeout(MethodInvocationHelper.java:59)
	at org.testng.internal.Invoker.invokeConfigurationMethod(Invoker.java:455)
	at org.testng.internal.Invoker.invokeConfigurations(Invoker.java:222)
	at org.testng.internal.Invoker.invokeConfigurations(Invoker.java:142)
	at org.testng.SuiteRunner.privateRun(SuiteRunner.java:401)
	at org.testng.SuiteRunner.run(SuiteRunner.java:364)
	at org.testng.SuiteRunnerWorker.runSuite(SuiteRunnerWorker.java:52)
	at org.testng.SuiteRunnerWorker.run(SuiteRunnerWorker.java:84)
	at org.testng.TestNG.runSuitesSequentially(TestNG.java:1208)
	at org.testng.TestNG.runSuitesLocally(TestNG.java:1137)
	at org.testng.TestNG.runSuites(TestNG.java:1049)
	at org.testng.TestNG.run(TestNG.java:1017)
	at org.testng.remote.AbstractRemoteTestNG.run(AbstractRemoteTestNG.java:115)
	at org.testng.remote.RemoteTestNG.initAndRun(RemoteTestNG.java:251)
	at org.testng.remote.RemoteTestNG.main(RemoteTestNG.java:77)

2022-04-29 12:34:34,112 [main] INFO com.utils.ExcelUtility - java.lang.NullPointerException
	at com.utils.ExcelUtility.getCellData(ExcelUtility.java:311)
	at com.utils._masterVO.loadGatewayCases(_masterVO.java:115)
	at com.utils._masterVO.loadExternalServices(_masterVO.java:448)
	at com.utils._masterVO.loadVO(_masterVO.java:81)
	at com.classes.BaseTest.setupReporter(BaseTest.java:85)
	at sun.reflect.NativeMethodAccessorImpl.invoke0(Native Method)
	at sun.reflect.NativeMethodAccessorImpl.invoke(Unknown Source)
	at sun.reflect.DelegatingMethodAccessorImpl.invoke(Unknown Source)
	at java.lang.reflect.Method.invoke(Unknown Source)
	at org.testng.internal.MethodInvocationHelper.invokeMethod(MethodInvocationHelper.java:124)
	at org.testng.internal.MethodInvocationHelper.invokeMethodConsideringTimeout(MethodInvocationHelper.java:59)
	at org.testng.internal.Invoker.invokeConfigurationMethod(Invoker.java:455)
	at org.testng.internal.Invoker.invokeConfigurations(Invoker.java:222)
	at org.testng.internal.Invoker.invokeConfigurations(Invoker.java:142)
	at org.testng.SuiteRunner.privateRun(SuiteRunner.java:401)
	at org.testng.SuiteRunner.run(SuiteRunner.java:364)
	at org.testng.SuiteRunnerWorker.runSuite(SuiteRunnerWorker.java:52)
	at org.testng.SuiteRunnerWorker.run(SuiteRunnerWorker.java:84)
	at org.testng.TestNG.runSuitesSequentially(TestNG.java:1208)
	at org.testng.TestNG.runSuitesLocally(TestNG.java:1137)
	at org.testng.TestNG.runSuites(TestNG.java:1049)
	at org.testng.TestNG.run(TestNG.java:1017)
	at org.testng.remote.AbstractRemoteTestNG.run(AbstractRemoteTestNG.java:115)
	at org.testng.remote.RemoteTestNG.initAndRun(RemoteTestNG.java:251)
	at org.testng.remote.RemoteTestNG.main(RemoteTestNG.java:77)

2022-04-29 12:34:34,601 [main] INFO com.utils._masterVO - Gateway Cases Master File Loaded successfully
2022-04-29 12:34:34,604 [main] INFO com.utils._APIUtil - Entered getAPIServices(USSD)
2022-04-29 12:34:34,606 [main] INFO com.utils._APIUtil - Exiting getAPIServices([])
2022-04-29 12:34:34,608 [main] INFO com.utils._masterVO - Loading Gateway Cases Master file from: .//src//test//resources//config//GatewayMaster.xlsx
2022-04-29 12:34:34,885 [main] INFO com.utils._masterVO - Gateway Cases Master File Loaded successfully
2022-04-29 12:34:34,888 [main] INFO com.utils._masterVO - Loading Gateway Cases Master file from: .//src//test//resources//config//GatewayMaster.xlsx
2022-04-29 12:34:35,081 [main] INFO com.utils._masterVO - Gateway Cases Master File Loaded successfully
2022-04-29 12:34:56,136 [main] ERROR com.sshmanager.SSHService - Error while getting SSH Server Instance : com.jcraft.jsch.JSchException: java.net.ConnectException: Connection timed out: connect
2022-04-29 12:34:56,159 [main] INFO com.classes.BaseTest - Completed loading all methods from -masterVO class
2022-04-29 12:36:30,563 [main] INFO angular.testscripts.prereuisitesangular.PreRequisite_GiftRecharge_Revamp - ------------------ Test Case Execution Started For a_0_Test_GiftRecharge -------------------
2022-04-29 12:36:30,563 [main] INFO angular.testscripts.prereuisitesangular.PreRequisite_GiftRecharge_Revamp - Entered a_0_Test_GiftRecharge(Root, Super Distributor, 1357, GRC)
2022-04-29 12:36:30,667 [main] INFO com.utils.CommonUtils - Category Code for Super Distributor: DIST
2022-04-29 12:36:30,708 [main] INFO com.dbrepository.PostGreSQLRepository - Entered webInterface(Super Distributor)
2022-04-29 12:36:30,711 [main] INFO com.dbrepository.DBConnectionPool - Active Size:0 Cache Size:10
2022-04-29 12:36:30,713 [main] INFO com.dbrepository.PostGreSQLRepository - webInterface() :: select query: Select WEB_INTERFACE_ALLOWED from categories where category_name= ?
2022-04-29 12:36:30,795 [main] INFO com.dbrepository.PostGreSQLRepository - Database Returns: WEB_INTERFACE_ALLOWED (Y)
2022-04-29 12:36:30,798 [main] INFO com.dbrepository.PostGreSQLRepository - Exited webInterface()
2022-04-29 12:36:30,842 [main] INFO angular.feature.GiftRechargeRevamp - Entered performC2STransfer(Root, Super Distributor, 1357, GRC)
2022-04-29 12:36:30,915 [main] INFO angular.classes.LoginRevamp - LoginID found as: AUT_48675
2022-04-29 12:36:30,918 [main] INFO angular.classes.LoginRevamp - Password found as: com@2468
2022-04-29 12:36:30,920 [main] INFO angular.classes.LoginRevamp - Username found as: AUTFN1393 AUTLN2379
2022-04-29 12:36:31,400 [main] INFO angular.pageobjects.loginpages.LoginPageRevamp - Trying to select Language1
2022-04-29 12:36:31,726 [main] INFO angular.pageobjects.loginpages.LoginPageRevamp - Language selected successfully as: English
2022-04-29 12:36:31,729 [main] INFO angular.pageobjects.loginpages.LoginPageRevamp - Trying to enter Login ID3
2022-04-29 12:36:31,906 [main] INFO angular.pageobjects.loginpages.LoginPageRevamp - Login ID entered successfully as: AUT_48675
2022-04-29 12:36:31,908 [main] INFO angular.pageobjects.loginpages.LoginPageRevamp - Trying to enter Password
2022-04-29 12:36:32,056 [main] INFO angular.pageobjects.loginpages.LoginPageRevamp - Password entered successfully as: com@2468
2022-04-29 12:36:32,058 [main] INFO angular.pageobjects.loginpages.LoginPageRevamp - Trying to click Login Button
2022-04-29 12:36:32,174 [main] INFO angular.pageobjects.loginpages.LoginPageRevamp - Login button clicked successfully
2022-04-29 12:36:32,229 [main] INFO angular.pageobjects.loginpages.LoginPageRevamp - Error Message Found on Login Screen: 
2022-04-29 12:36:34,599 [main] INFO angular.pageobjects.recharge.Recharges - User clicked Recharged Heading Link.
2022-04-29 12:36:55,011 [main] INFO com.classes.BaseTest - org.openqa.selenium.TimeoutException: Expected condition failed: waiting for visibility of [[ChromeDriver: chrome on WINDOWS (11a377bffb1a3be2ac14092954cafa0c)] -> xpath: //nav[@class='sidebar']//div[@class='nested-menu']//a[@id='recharge']] (tried for 20 second(s) with 500 milliseconds interval)
Build info: version: '3.10.0', revision: '176b4a9', time: '2018-03-02T19:03:16.397Z'
System info: host: 'MCKL-20005142', ip: '192.168.1.40', os.name: 'Windows 10', os.arch: 'amd64', os.version: '10.0', java.version: '1.8.0_291'
Driver info: org.openqa.selenium.chrome.ChromeDriver
Capabilities {acceptInsecureCerts: false, browserName: chrome, browserVersion: 101.0.4951.41, chrome: {chromedriverVersion: 101.0.4951.41 (93c720db8323..., userDataDir: C:\Users\SOURAB~1.AWA\AppDa...}, goog:chromeOptions: {debuggerAddress: localhost:54842}, javascriptEnabled: true, networkConnectionEnabled: false, pageLoadStrategy: normal, platform: WINDOWS, platformName: WINDOWS, proxy: Proxy(), setWindowRect: true, strictFileInteractability: false, timeouts: {implicit: 0, pageLoad: 300000, script: 30000}, unhandledPromptBehavior: dismiss and notify, webauthn:extension:credBlob: true, webauthn:extension:largeBlob: true, webauthn:virtualAuthenticators: true}
Session ID: 11a377bffb1a3be2ac14092954cafa0c
2022-04-29 12:37:16,056 [main] ERROR com.sshmanager.SSHService - Error while getting SSH Server Instance : com.jcraft.jsch.JSchException: java.net.ConnectException: Connection timed out: connect
2022-04-29 12:37:17,320 [main] INFO angular.testscripts.prereuisitesangular.PreRequisite_GiftRecharge_Revamp - ------------------ Test Case Execution Started For a_1_performC2SGiftBlankAmount -------------------
2022-04-29 12:37:17,320 [main] INFO angular.testscripts.prereuisitesangular.PreRequisite_GiftRecharge_Revamp - Entered a_1_performC2SGiftBlankAmount(Root, Super Distributor, 1357, GRC)
2022-04-29 12:37:17,377 [main] INFO com.utils.CommonUtils - Category Code for Super Distributor: DIST
2022-04-29 12:37:17,403 [main] INFO com.dbrepository.PostGreSQLRepository - Entered webInterface(Super Distributor)
2022-04-29 12:37:17,404 [main] INFO com.dbrepository.DBConnectionPool - Active Size:0 Cache Size:10
2022-04-29 12:37:17,405 [main] INFO com.dbrepository.PostGreSQLRepository - webInterface() :: select query: Select WEB_INTERFACE_ALLOWED from categories where category_name= ?
2022-04-29 12:37:17,485 [main] INFO com.dbrepository.PostGreSQLRepository - Database Returns: WEB_INTERFACE_ALLOWED (Y)
2022-04-29 12:37:17,497 [main] INFO com.dbrepository.PostGreSQLRepository - Exited webInterface()
2022-04-29 12:37:17,502 [main] INFO angular.feature.GiftRechargeRevamp - Entered performC2SGiftRechargeBlankAmount(Root, Super Distributor, 1357, GRC)
2022-04-29 12:37:17,528 [main] INFO angular.classes.LoginRevamp - LoginID found as: AUT_48675
2022-04-29 12:37:17,529 [main] INFO angular.classes.LoginRevamp - Password found as: com@2468
2022-04-29 12:37:17,532 [main] INFO angular.classes.LoginRevamp - Username found as: AUTFN1393 AUTLN2379
2022-04-29 12:37:17,893 [main] INFO angular.pageobjects.loginpages.LoginPageRevamp - Trying to select Language1
2022-04-29 12:37:18,322 [main] INFO angular.pageobjects.loginpages.LoginPageRevamp - Language selected successfully as: English
2022-04-29 12:37:18,323 [main] INFO angular.pageobjects.loginpages.LoginPageRevamp - Trying to enter Login ID3
2022-04-29 12:37:18,510 [main] INFO angular.pageobjects.loginpages.LoginPageRevamp - Login ID entered successfully as: AUT_48675
2022-04-29 12:37:18,511 [main] INFO angular.pageobjects.loginpages.LoginPageRevamp - Trying to enter Password
2022-04-29 12:37:18,664 [main] INFO angular.pageobjects.loginpages.LoginPageRevamp - Password entered successfully as: com@2468
2022-04-29 12:37:18,665 [main] INFO angular.pageobjects.loginpages.LoginPageRevamp - Trying to click Login Button
2022-04-29 12:37:18,770 [main] INFO angular.pageobjects.loginpages.LoginPageRevamp - Login button clicked successfully
2022-04-29 12:37:18,828 [main] INFO angular.pageobjects.loginpages.LoginPageRevamp - Error Message Found on Login Screen: 
2022-04-29 12:37:20,089 [main] INFO angular.pageobjects.recharge.Recharges - User clicked Recharged Heading Link.
2022-04-29 12:37:40,525 [main] INFO com.classes.BaseTest - org.openqa.selenium.TimeoutException: Expected condition failed: waiting for visibility of [[ChromeDriver: chrome on WINDOWS (11a377bffb1a3be2ac14092954cafa0c)] -> xpath: //nav[@class='sidebar']//div[@class='nested-menu']//a[@id='recharge']] (tried for 20 second(s) with 500 milliseconds interval)
Build info: version: '3.10.0', revision: '176b4a9', time: '2018-03-02T19:03:16.397Z'
System info: host: 'MCKL-20005142', ip: '192.168.1.40', os.name: 'Windows 10', os.arch: 'amd64', os.version: '10.0', java.version: '1.8.0_291'
Driver info: org.openqa.selenium.chrome.ChromeDriver
Capabilities {acceptInsecureCerts: false, browserName: chrome, browserVersion: 101.0.4951.41, chrome: {chromedriverVersion: 101.0.4951.41 (93c720db8323..., userDataDir: C:\Users\SOURAB~1.AWA\AppDa...}, goog:chromeOptions: {debuggerAddress: localhost:54842}, javascriptEnabled: true, networkConnectionEnabled: false, pageLoadStrategy: normal, platform: WINDOWS, platformName: WINDOWS, proxy: Proxy(), setWindowRect: true, strictFileInteractability: false, timeouts: {implicit: 0, pageLoad: 300000, script: 30000}, unhandledPromptBehavior: dismiss and notify, webauthn:extension:credBlob: true, webauthn:extension:largeBlob: true, webauthn:virtualAuthenticators: true}
Session ID: 11a377bffb1a3be2ac14092954cafa0c
2022-04-29 12:38:01,564 [main] ERROR com.sshmanager.SSHService - Error while getting SSH Server Instance : com.jcraft.jsch.JSchException: java.net.ConnectException: Connection timed out: connect
2022-04-29 12:38:02,529 [main] INFO angular.testscripts.prereuisitesangular.PreRequisite_GiftRecharge_Revamp - ------------------ Test Case Execution Started For a_2_performC2SGiftAlphaNumericAmount -------------------
2022-04-29 12:38:02,529 [main] INFO angular.testscripts.prereuisitesangular.PreRequisite_GiftRecharge_Revamp - Entered a_2_performC2SGiftAlphaNumericAmount(Root, Super Distributor, 1357, GRC)
2022-04-29 12:38:02,572 [main] INFO com.utils.CommonUtils - Category Code for Super Distributor: DIST
2022-04-29 12:38:02,596 [main] INFO com.dbrepository.PostGreSQLRepository - Entered webInterface(Super Distributor)
2022-04-29 12:38:02,597 [main] INFO com.dbrepository.DBConnectionPool - Active Size:0 Cache Size:10
2022-04-29 12:38:02,599 [main] INFO com.dbrepository.PostGreSQLRepository - webInterface() :: select query: Select WEB_INTERFACE_ALLOWED from categories where category_name= ?
2022-04-29 12:38:02,684 [main] INFO com.dbrepository.PostGreSQLRepository - Database Returns: WEB_INTERFACE_ALLOWED (Y)
2022-04-29 12:38:02,687 [main] INFO com.dbrepository.PostGreSQLRepository - Exited webInterface()
2022-04-29 12:38:02,689 [main] INFO angular.feature.GiftRechargeRevamp - Entered performC2SGiftRechargeAlphaNumericAmount(Root, Super Distributor, 1357, GRC)
2022-04-29 12:38:02,761 [main] INFO angular.classes.LoginRevamp - LoginID found as: AUT_48675
2022-04-29 12:38:02,763 [main] INFO angular.classes.LoginRevamp - Password found as: com@2468
2022-04-29 12:38:02,765 [main] INFO angular.classes.LoginRevamp - Username found as: AUTFN1393 AUTLN2379
2022-04-29 12:38:03,235 [main] INFO angular.pageobjects.loginpages.LoginPageRevamp - Trying to select Language1
2022-04-29 12:38:03,637 [main] INFO angular.pageobjects.loginpages.LoginPageRevamp - Language selected successfully as: English
2022-04-29 12:38:03,638 [main] INFO angular.pageobjects.loginpages.LoginPageRevamp - Trying to enter Login ID3
2022-04-29 12:38:03,852 [main] INFO angular.pageobjects.loginpages.LoginPageRevamp - Login ID entered successfully as: AUT_48675
2022-04-29 12:38:03,853 [main] INFO angular.pageobjects.loginpages.LoginPageRevamp - Trying to enter Password
2022-04-29 12:38:04,019 [main] INFO angular.pageobjects.loginpages.LoginPageRevamp - Password entered successfully as: com@2468
2022-04-29 12:38:04,021 [main] INFO angular.pageobjects.loginpages.LoginPageRevamp - Trying to click Login Button
2022-04-29 12:38:04,129 [main] INFO angular.pageobjects.loginpages.LoginPageRevamp - Login button clicked successfully
2022-04-29 12:38:04,178 [main] INFO angular.pageobjects.loginpages.LoginPageRevamp - Error Message Found on Login Screen: 
2022-04-29 12:38:05,492 [main] INFO angular.pageobjects.recharge.Recharges - User clicked Recharged Heading Link.
2022-04-29 12:38:25,884 [main] INFO com.classes.BaseTest - org.openqa.selenium.TimeoutException: Expected condition failed: waiting for visibility of [[ChromeDriver: chrome on WINDOWS (11a377bffb1a3be2ac14092954cafa0c)] -> xpath: //nav[@class='sidebar']//div[@class='nested-menu']//a[@id='recharge']] (tried for 20 second(s) with 500 milliseconds interval)
Build info: version: '3.10.0', revision: '176b4a9', time: '2018-03-02T19:03:16.397Z'
System info: host: 'MCKL-20005142', ip: '192.168.1.40', os.name: 'Windows 10', os.arch: 'amd64', os.version: '10.0', java.version: '1.8.0_291'
Driver info: org.openqa.selenium.chrome.ChromeDriver
Capabilities {acceptInsecureCerts: false, browserName: chrome, browserVersion: 101.0.4951.41, chrome: {chromedriverVersion: 101.0.4951.41 (93c720db8323..., userDataDir: C:\Users\SOURAB~1.AWA\AppDa...}, goog:chromeOptions: {debuggerAddress: localhost:54842}, javascriptEnabled: true, networkConnectionEnabled: false, pageLoadStrategy: normal, platform: WINDOWS, platformName: WINDOWS, proxy: Proxy(), setWindowRect: true, strictFileInteractability: false, timeouts: {implicit: 0, pageLoad: 300000, script: 30000}, unhandledPromptBehavior: dismiss and notify, webauthn:extension:credBlob: true, webauthn:extension:largeBlob: true, webauthn:virtualAuthenticators: true}
Session ID: 11a377bffb1a3be2ac14092954cafa0c
2022-04-29 12:38:46,929 [main] ERROR com.sshmanager.SSHService - Error while getting SSH Server Instance : com.jcraft.jsch.JSchException: java.net.ConnectException: Connection timed out: connect
2022-04-29 12:38:47,744 [main] INFO angular.testscripts.prereuisitesangular.PreRequisite_GiftRecharge_Revamp - ------------------ Test Case Execution Started For a_3_performC2SGiftNegativeAmount -------------------
2022-04-29 12:38:47,744 [main] INFO angular.testscripts.prereuisitesangular.PreRequisite_GiftRecharge_Revamp - Entered a_3_performC2SGiftNegativeAmount(Root, Super Distributor, 1357, GRC)
2022-04-29 12:38:47,783 [main] INFO com.utils.CommonUtils - Category Code for Super Distributor: DIST
2022-04-29 12:38:47,812 [main] INFO com.dbrepository.PostGreSQLRepository - Entered webInterface(Super Distributor)
2022-04-29 12:38:47,814 [main] INFO com.dbrepository.DBConnectionPool - Active Size:0 Cache Size:10
2022-04-29 12:38:47,816 [main] INFO com.dbrepository.PostGreSQLRepository - webInterface() :: select query: Select WEB_INTERFACE_ALLOWED from categories where category_name= ?
2022-04-29 12:38:47,898 [main] INFO com.dbrepository.PostGreSQLRepository - Database Returns: WEB_INTERFACE_ALLOWED (Y)
2022-04-29 12:38:47,901 [main] INFO com.dbrepository.PostGreSQLRepository - Exited webInterface()
2022-04-29 12:38:47,905 [main] INFO angular.feature.GiftRechargeRevamp - Entered performC2SGiftRechargeNegativeAmount(Root, Super Distributor, 1357, GRC)
2022-04-29 12:38:47,952 [main] INFO angular.classes.LoginRevamp - LoginID found as: AUT_48675
2022-04-29 12:38:47,954 [main] INFO angular.classes.LoginRevamp - Password found as: com@2468
2022-04-29 12:38:47,957 [main] INFO angular.classes.LoginRevamp - Username found as: AUTFN1393 AUTLN2379
2022-04-29 12:38:48,189 [main] INFO angular.pageobjects.loginpages.LoginPageRevamp - Trying to select Language1
2022-04-29 12:38:48,585 [main] INFO angular.pageobjects.loginpages.LoginPageRevamp - Language selected successfully as: English
2022-04-29 12:38:48,586 [main] INFO angular.pageobjects.loginpages.LoginPageRevamp - Trying to enter Login ID3
2022-04-29 12:38:48,725 [main] INFO angular.pageobjects.loginpages.LoginPageRevamp - Login ID entered successfully as: AUT_48675
2022-04-29 12:38:48,726 [main] INFO angular.pageobjects.loginpages.LoginPageRevamp - Trying to enter Password
2022-04-29 12:38:48,871 [main] INFO angular.pageobjects.loginpages.LoginPageRevamp - Password entered successfully as: com@2468
2022-04-29 12:38:48,872 [main] INFO angular.pageobjects.loginpages.LoginPageRevamp - Trying to click Login Button
2022-04-29 12:38:48,969 [main] INFO angular.pageobjects.loginpages.LoginPageRevamp - Login button clicked successfully
2022-04-29 12:38:49,014 [main] INFO angular.pageobjects.loginpages.LoginPageRevamp - Error Message Found on Login Screen: 
2022-04-29 12:38:50,240 [main] INFO angular.pageobjects.recharge.Recharges - User clicked Recharged Heading Link.
2022-04-29 12:39:10,722 [main] INFO com.classes.BaseTest - org.openqa.selenium.TimeoutException: Expected condition failed: waiting for visibility of [[ChromeDriver: chrome on WINDOWS (11a377bffb1a3be2ac14092954cafa0c)] -> xpath: //nav[@class='sidebar']//div[@class='nested-menu']//a[@id='recharge']] (tried for 20 second(s) with 500 milliseconds interval)
Build info: version: '3.10.0', revision: '176b4a9', time: '2018-03-02T19:03:16.397Z'
System info: host: 'MCKL-20005142', ip: '192.168.1.40', os.name: 'Windows 10', os.arch: 'amd64', os.version: '10.0', java.version: '1.8.0_291'
Driver info: org.openqa.selenium.chrome.ChromeDriver
Capabilities {acceptInsecureCerts: false, browserName: chrome, browserVersion: 101.0.4951.41, chrome: {chromedriverVersion: 101.0.4951.41 (93c720db8323..., userDataDir: C:\Users\SOURAB~1.AWA\AppDa...}, goog:chromeOptions: {debuggerAddress: localhost:54842}, javascriptEnabled: true, networkConnectionEnabled: false, pageLoadStrategy: normal, platform: WINDOWS, platformName: WINDOWS, proxy: Proxy(), setWindowRect: true, strictFileInteractability: false, timeouts: {implicit: 0, pageLoad: 300000, script: 30000}, unhandledPromptBehavior: dismiss and notify, webauthn:extension:credBlob: true, webauthn:extension:largeBlob: true, webauthn:virtualAuthenticators: true}
Session ID: 11a377bffb1a3be2ac14092954cafa0c
2022-04-29 12:39:31,760 [main] ERROR com.sshmanager.SSHService - Error while getting SSH Server Instance : com.jcraft.jsch.JSchException: java.net.ConnectException: Connection timed out: connect
2022-04-29 12:39:33,168 [main] INFO angular.testscripts.prereuisitesangular.PreRequisite_GiftRecharge_Revamp - ------------------ Test Case Execution Started For a_4_performC2SGiftZeroAmount -------------------
2022-04-29 12:39:33,168 [main] INFO angular.testscripts.prereuisitesangular.PreRequisite_GiftRecharge_Revamp - Entered a_4_performC2SGiftZeroAmount(Root, Super Distributor, 1357, GRC)
2022-04-29 12:39:33,281 [main] INFO com.utils.CommonUtils - Category Code for Super Distributor: DIST
2022-04-29 12:39:33,327 [main] INFO com.dbrepository.PostGreSQLRepository - Entered webInterface(Super Distributor)
2022-04-29 12:39:33,330 [main] INFO com.dbrepository.DBConnectionPool - Active Size:0 Cache Size:10
2022-04-29 12:39:33,333 [main] INFO com.dbrepository.PostGreSQLRepository - webInterface() :: select query: Select WEB_INTERFACE_ALLOWED from categories where category_name= ?
2022-04-29 12:39:33,427 [main] INFO com.dbrepository.PostGreSQLRepository - Database Returns: WEB_INTERFACE_ALLOWED (Y)
2022-04-29 12:39:33,430 [main] INFO com.dbrepository.PostGreSQLRepository - Exited webInterface()
2022-04-29 12:39:33,434 [main] INFO angular.feature.GiftRechargeRevamp - Entered performC2SGiftRechargeZeroAmount(Root, Super Distributor, 1357, GRC)
2022-04-29 12:39:33,551 [main] INFO angular.classes.LoginRevamp - LoginID found as: AUT_48675
2022-04-29 12:39:33,555 [main] INFO angular.classes.LoginRevamp - Password found as: com@2468
2022-04-29 12:39:33,559 [main] INFO angular.classes.LoginRevamp - Username found as: AUTFN1393 AUTLN2379
2022-04-29 12:39:33,871 [main] INFO angular.pageobjects.loginpages.LoginPageRevamp - Trying to select Language1
2022-04-29 12:39:34,197 [main] INFO angular.pageobjects.loginpages.LoginPageRevamp - Language selected successfully as: English
2022-04-29 12:39:34,199 [main] INFO angular.pageobjects.loginpages.LoginPageRevamp - Trying to enter Login ID3
2022-04-29 12:39:34,358 [main] INFO angular.pageobjects.loginpages.LoginPageRevamp - Login ID entered successfully as: AUT_48675
2022-04-29 12:39:34,360 [main] INFO angular.pageobjects.loginpages.LoginPageRevamp - Trying to enter Password
2022-04-29 12:39:34,523 [main] INFO angular.pageobjects.loginpages.LoginPageRevamp - Password entered successfully as: com@2468
2022-04-29 12:39:34,525 [main] INFO angular.pageobjects.loginpages.LoginPageRevamp - Trying to click Login Button
2022-04-29 12:39:34,617 [main] INFO angular.pageobjects.loginpages.LoginPageRevamp - Login button clicked successfully
2022-04-29 12:39:34,669 [main] INFO angular.pageobjects.loginpages.LoginPageRevamp - Error Message Found on Login Screen: 
2022-04-29 12:39:36,019 [main] INFO angular.pageobjects.recharge.Recharges - User clicked Recharged Heading Link.
2022-04-29 12:39:56,499 [main] INFO com.classes.BaseTest - org.openqa.selenium.TimeoutException: Expected condition failed: waiting for visibility of [[ChromeDriver: chrome on WINDOWS (11a377bffb1a3be2ac14092954cafa0c)] -> xpath: //nav[@class='sidebar']//div[@class='nested-menu']//a[@id='recharge']] (tried for 20 second(s) with 500 milliseconds interval)
Build info: version: '3.10.0', revision: '176b4a9', time: '2018-03-02T19:03:16.397Z'
System info: host: 'MCKL-20005142', ip: '192.168.1.40', os.name: 'Windows 10', os.arch: 'amd64', os.version: '10.0', java.version: '1.8.0_291'
Driver info: org.openqa.selenium.chrome.ChromeDriver
Capabilities {acceptInsecureCerts: false, browserName: chrome, browserVersion: 101.0.4951.41, chrome: {chromedriverVersion: 101.0.4951.41 (93c720db8323..., userDataDir: C:\Users\SOURAB~1.AWA\AppDa...}, goog:chromeOptions: {debuggerAddress: localhost:54842}, javascriptEnabled: true, networkConnectionEnabled: false, pageLoadStrategy: normal, platform: WINDOWS, platformName: WINDOWS, proxy: Proxy(), setWindowRect: true, strictFileInteractability: false, timeouts: {implicit: 0, pageLoad: 300000, script: 30000}, unhandledPromptBehavior: dismiss and notify, webauthn:extension:credBlob: true, webauthn:extension:largeBlob: true, webauthn:virtualAuthenticators: true}
Session ID: 11a377bffb1a3be2ac14092954cafa0c
2022-04-29 12:40:17,537 [main] ERROR com.sshmanager.SSHService - Error while getting SSH Server Instance : com.jcraft.jsch.JSchException: java.net.ConnectException: Connection timed out: connect
2022-04-29 12:40:18,867 [main] INFO angular.testscripts.prereuisitesangular.PreRequisite_GiftRecharge_Revamp - ------------------ Test Case Execution Started For A_06_performC2SGiftBlankPIN -------------------
2022-04-29 12:40:18,867 [main] INFO angular.testscripts.prereuisitesangular.PreRequisite_GiftRecharge_Revamp - Entered A_06_performC2SGiftBlankPIN(Root, Super Distributor, 1357, GRC)
2022-04-29 12:40:18,969 [main] INFO com.utils.CommonUtils - Category Code for Super Distributor: DIST
2022-04-29 12:40:19,018 [main] INFO com.dbrepository.PostGreSQLRepository - Entered webInterface(Super Distributor)
2022-04-29 12:40:19,021 [main] INFO com.dbrepository.DBConnectionPool - Active Size:0 Cache Size:10
2022-04-29 12:40:19,025 [main] INFO com.dbrepository.PostGreSQLRepository - webInterface() :: select query: Select WEB_INTERFACE_ALLOWED from categories where category_name= ?
2022-04-29 12:40:19,109 [main] INFO com.dbrepository.PostGreSQLRepository - Database Returns: WEB_INTERFACE_ALLOWED (Y)
2022-04-29 12:40:19,112 [main] INFO com.dbrepository.PostGreSQLRepository - Exited webInterface()
2022-04-29 12:40:19,117 [main] INFO angular.feature.GiftRechargeRevamp - Entered performC2SGiftRechargeBlankPIN(Root, Super Distributor, 1357, GRC)
2022-04-29 12:40:19,195 [main] INFO angular.classes.LoginRevamp - LoginID found as: AUT_48675
2022-04-29 12:40:19,198 [main] INFO angular.classes.LoginRevamp - Password found as: com@2468
2022-04-29 12:40:19,202 [main] INFO angular.classes.LoginRevamp - Username found as: AUTFN1393 AUTLN2379
2022-04-29 12:40:19,463 [main] INFO angular.pageobjects.loginpages.LoginPageRevamp - Trying to select Language1
2022-04-29 12:40:19,775 [main] INFO angular.pageobjects.loginpages.LoginPageRevamp - Language selected successfully as: English
2022-04-29 12:40:19,777 [main] INFO angular.pageobjects.loginpages.LoginPageRevamp - Trying to enter Login ID3
2022-04-29 12:40:19,963 [main] INFO angular.pageobjects.loginpages.LoginPageRevamp - Login ID entered successfully as: AUT_48675
2022-04-29 12:40:19,966 [main] INFO angular.pageobjects.loginpages.LoginPageRevamp - Trying to enter Password
2022-04-29 12:40:20,127 [main] INFO angular.pageobjects.loginpages.LoginPageRevamp - Password entered successfully as: com@2468
2022-04-29 12:40:20,130 [main] INFO angular.pageobjects.loginpages.LoginPageRevamp - Trying to click Login Button
2022-04-29 12:40:20,245 [main] INFO angular.pageobjects.loginpages.LoginPageRevamp - Login button clicked successfully
2022-04-29 12:40:20,289 [main] INFO angular.pageobjects.loginpages.LoginPageRevamp - Error Message Found on Login Screen: 
2022-04-29 12:40:21,533 [main] INFO angular.pageobjects.recharge.Recharges - User clicked Recharged Heading Link.
2022-04-29 12:40:41,984 [main] INFO com.classes.BaseTest - org.openqa.selenium.TimeoutException: Expected condition failed: waiting for visibility of [[ChromeDriver: chrome on WINDOWS (11a377bffb1a3be2ac14092954cafa0c)] -> xpath: //nav[@class='sidebar']//div[@class='nested-menu']//a[@id='recharge']] (tried for 20 second(s) with 500 milliseconds interval)
Build info: version: '3.10.0', revision: '176b4a9', time: '2018-03-02T19:03:16.397Z'
System info: host: 'MCKL-20005142', ip: '192.168.1.40', os.name: 'Windows 10', os.arch: 'amd64', os.version: '10.0', java.version: '1.8.0_291'
Driver info: org.openqa.selenium.chrome.ChromeDriver
Capabilities {acceptInsecureCerts: false, browserName: chrome, browserVersion: 101.0.4951.41, chrome: {chromedriverVersion: 101.0.4951.41 (93c720db8323..., userDataDir: C:\Users\SOURAB~1.AWA\AppDa...}, goog:chromeOptions: {debuggerAddress: localhost:54842}, javascriptEnabled: true, networkConnectionEnabled: false, pageLoadStrategy: normal, platform: WINDOWS, platformName: WINDOWS, proxy: Proxy(), setWindowRect: true, strictFileInteractability: false, timeouts: {implicit: 0, pageLoad: 300000, script: 30000}, unhandledPromptBehavior: dismiss and notify, webauthn:extension:credBlob: true, webauthn:extension:largeBlob: true, webauthn:virtualAuthenticators: true}
Session ID: 11a377bffb1a3be2ac14092954cafa0c
2022-04-29 12:41:03,032 [main] ERROR com.sshmanager.SSHService - Error while getting SSH Server Instance : com.jcraft.jsch.JSchException: java.net.ConnectException: Connection timed out: connect
2022-04-29 12:41:04,406 [main] INFO angular.testscripts.prereuisitesangular.PreRequisite_GiftRecharge_Revamp - ------------------ Test Case Execution Started For a_15_performC2SGiftInvalidPIN -------------------
2022-04-29 12:41:04,406 [main] INFO angular.testscripts.prereuisitesangular.PreRequisite_GiftRecharge_Revamp - Entered a_15_performC2SGiftInvalidPIN(Root, Super Distributor, 1357, GRC)
2022-04-29 12:41:04,518 [main] INFO com.utils.CommonUtils - Category Code for Super Distributor: DIST
2022-04-29 12:41:04,572 [main] INFO com.dbrepository.PostGreSQLRepository - Entered webInterface(Super Distributor)
2022-04-29 12:41:04,575 [main] INFO com.dbrepository.DBConnectionPool - Active Size:0 Cache Size:10
2022-04-29 12:41:04,579 [main] INFO com.dbrepository.PostGreSQLRepository - webInterface() :: select query: Select WEB_INTERFACE_ALLOWED from categories where category_name= ?
2022-04-29 12:41:04,748 [main] INFO com.dbrepository.PostGreSQLRepository - Database Returns: WEB_INTERFACE_ALLOWED (Y)
2022-04-29 12:41:04,751 [main] INFO com.dbrepository.PostGreSQLRepository - Exited webInterface()
2022-04-29 12:41:04,754 [main] INFO angular.feature.GiftRechargeRevamp - Entered performC2SGiftRechargeInvalidPIN(Root, Super Distributor, 1357, GRC)
2022-04-29 12:41:04,816 [main] INFO angular.classes.LoginRevamp - LoginID found as: AUT_48675
2022-04-29 12:41:04,818 [main] INFO angular.classes.LoginRevamp - Password found as: com@2468
2022-04-29 12:41:04,820 [main] INFO angular.classes.LoginRevamp - Username found as: AUTFN1393 AUTLN2379
2022-04-29 12:41:05,074 [main] INFO angular.pageobjects.loginpages.LoginPageRevamp - Trying to select Language1
2022-04-29 12:41:05,473 [main] INFO angular.pageobjects.loginpages.LoginPageRevamp - Language selected successfully as: English
2022-04-29 12:41:05,475 [main] INFO angular.pageobjects.loginpages.LoginPageRevamp - Trying to enter Login ID3
2022-04-29 12:41:05,635 [main] INFO angular.pageobjects.loginpages.LoginPageRevamp - Login ID entered successfully as: AUT_48675
2022-04-29 12:41:05,638 [main] INFO angular.pageobjects.loginpages.LoginPageRevamp - Trying to enter Password
2022-04-29 12:41:05,782 [main] INFO angular.pageobjects.loginpages.LoginPageRevamp - Password entered successfully as: com@2468
2022-04-29 12:41:05,783 [main] INFO angular.pageobjects.loginpages.LoginPageRevamp - Trying to click Login Button
2022-04-29 12:41:05,883 [main] INFO angular.pageobjects.loginpages.LoginPageRevamp - Login button clicked successfully
2022-04-29 12:41:05,928 [main] INFO angular.pageobjects.loginpages.LoginPageRevamp - Error Message Found on Login Screen: 
2022-04-29 12:41:07,171 [main] INFO angular.pageobjects.recharge.Recharges - User clicked Recharged Heading Link.
2022-04-29 12:41:27,633 [main] INFO com.classes.BaseTest - org.openqa.selenium.TimeoutException: Expected condition failed: waiting for visibility of [[ChromeDriver: chrome on WINDOWS (11a377bffb1a3be2ac14092954cafa0c)] -> xpath: //nav[@class='sidebar']//div[@class='nested-menu']//a[@id='recharge']] (tried for 20 second(s) with 500 milliseconds interval)
Build info: version: '3.10.0', revision: '176b4a9', time: '2018-03-02T19:03:16.397Z'
System info: host: 'MCKL-20005142', ip: '192.168.1.40', os.name: 'Windows 10', os.arch: 'amd64', os.version: '10.0', java.version: '1.8.0_291'
Driver info: org.openqa.selenium.chrome.ChromeDriver
Capabilities {acceptInsecureCerts: false, browserName: chrome, browserVersion: 101.0.4951.41, chrome: {chromedriverVersion: 101.0.4951.41 (93c720db8323..., userDataDir: C:\Users\SOURAB~1.AWA\AppDa...}, goog:chromeOptions: {debuggerAddress: localhost:54842}, javascriptEnabled: true, networkConnectionEnabled: false, pageLoadStrategy: normal, platform: WINDOWS, platformName: WINDOWS, proxy: Proxy(), setWindowRect: true, strictFileInteractability: false, timeouts: {implicit: 0, pageLoad: 300000, script: 30000}, unhandledPromptBehavior: dismiss and notify, webauthn:extension:credBlob: true, webauthn:extension:largeBlob: true, webauthn:virtualAuthenticators: true}
Session ID: 11a377bffb1a3be2ac14092954cafa0c
2022-04-29 12:41:48,683 [main] ERROR com.sshmanager.SSHService - Error while getting SSH Server Instance : com.jcraft.jsch.JSchException: java.net.ConnectException: Connection timed out: connect
2022-04-29 12:41:49,928 [main] INFO angular.testscripts.prereuisitesangular.PreRequisite_GiftRecharge_Revamp - ------------------ Test Case Execution Started For A_08_performC2SGiftCloseEnterPINPopup -------------------
2022-04-29 12:41:49,928 [main] INFO angular.testscripts.prereuisitesangular.PreRequisite_GiftRecharge_Revamp - Entered A_08_performC2SGiftCloseEnterPINPopup(Root, Super Distributor, 1357, GRC)
2022-04-29 12:41:49,990 [main] INFO com.utils.CommonUtils - Category Code for Super Distributor: DIST
2022-04-29 12:41:50,039 [main] INFO com.dbrepository.PostGreSQLRepository - Entered webInterface(Super Distributor)
2022-04-29 12:41:50,042 [main] INFO com.dbrepository.DBConnectionPool - Active Size:0 Cache Size:10
2022-04-29 12:41:50,045 [main] INFO com.dbrepository.PostGreSQLRepository - webInterface() :: select query: Select WEB_INTERFACE_ALLOWED from categories where category_name= ?
2022-04-29 12:41:50,128 [main] INFO com.dbrepository.PostGreSQLRepository - Database Returns: WEB_INTERFACE_ALLOWED (Y)
2022-04-29 12:41:50,130 [main] INFO com.dbrepository.PostGreSQLRepository - Exited webInterface()
2022-04-29 12:41:50,135 [main] INFO angular.feature.GiftRechargeRevamp - Entered performC2SGiftRechargeCloseEnterPINPopup(Root, Super Distributor, 1357, GRC)
2022-04-29 12:41:50,230 [main] INFO angular.classes.LoginRevamp - LoginID found as: AUT_48675
2022-04-29 12:41:50,232 [main] INFO angular.classes.LoginRevamp - Password found as: com@2468
2022-04-29 12:41:50,234 [main] INFO angular.classes.LoginRevamp - Username found as: AUTFN1393 AUTLN2379
2022-04-29 12:41:50,534 [main] INFO angular.pageobjects.loginpages.LoginPageRevamp - Trying to select Language1
2022-04-29 12:41:50,838 [main] INFO angular.pageobjects.loginpages.LoginPageRevamp - Language selected successfully as: English
2022-04-29 12:41:50,841 [main] INFO angular.pageobjects.loginpages.LoginPageRevamp - Trying to enter Login ID3
2022-04-29 12:41:50,995 [main] INFO angular.pageobjects.loginpages.LoginPageRevamp - Login ID entered successfully as: AUT_48675
2022-04-29 12:41:50,997 [main] INFO angular.pageobjects.loginpages.LoginPageRevamp - Trying to enter Password
2022-04-29 12:41:51,153 [main] INFO angular.pageobjects.loginpages.LoginPageRevamp - Password entered successfully as: com@2468
2022-04-29 12:41:51,155 [main] INFO angular.pageobjects.loginpages.LoginPageRevamp - Trying to click Login Button
2022-04-29 12:41:51,279 [main] INFO angular.pageobjects.loginpages.LoginPageRevamp - Login button clicked successfully
2022-04-29 12:41:51,347 [main] INFO angular.pageobjects.loginpages.LoginPageRevamp - Error Message Found on Login Screen: 
2022-04-29 12:41:52,601 [main] INFO angular.pageobjects.recharge.Recharges - User clicked Recharged Heading Link.
2022-04-29 12:42:13,061 [main] INFO com.classes.BaseTest - org.openqa.selenium.TimeoutException: Expected condition failed: waiting for visibility of [[ChromeDriver: chrome on WINDOWS (11a377bffb1a3be2ac14092954cafa0c)] -> xpath: //nav[@class='sidebar']//div[@class='nested-menu']//a[@id='recharge']] (tried for 20 second(s) with 500 milliseconds interval)
Build info: version: '3.10.0', revision: '176b4a9', time: '2018-03-02T19:03:16.397Z'
System info: host: 'MCKL-20005142', ip: '192.168.1.40', os.name: 'Windows 10', os.arch: 'amd64', os.version: '10.0', java.version: '1.8.0_291'
Driver info: org.openqa.selenium.chrome.ChromeDriver
Capabilities {acceptInsecureCerts: false, browserName: chrome, browserVersion: 101.0.4951.41, chrome: {chromedriverVersion: 101.0.4951.41 (93c720db8323..., userDataDir: C:\Users\SOURAB~1.AWA\AppDa...}, goog:chromeOptions: {debuggerAddress: localhost:54842}, javascriptEnabled: true, networkConnectionEnabled: false, pageLoadStrategy: normal, platform: WINDOWS, platformName: WINDOWS, proxy: Proxy(), setWindowRect: true, strictFileInteractability: false, timeouts: {implicit: 0, pageLoad: 300000, script: 30000}, unhandledPromptBehavior: dismiss and notify, webauthn:extension:credBlob: true, webauthn:extension:largeBlob: true, webauthn:virtualAuthenticators: true}
Session ID: 11a377bffb1a3be2ac14092954cafa0c
2022-04-29 12:42:34,109 [main] ERROR com.sshmanager.SSHService - Error while getting SSH Server Instance : com.jcraft.jsch.JSchException: java.net.ConnectException: Connection timed out: connect
2022-04-29 12:42:35,395 [main] INFO angular.testscripts.prereuisitesangular.PreRequisite_GiftRecharge_Revamp - ------------------ Test Case Execution Started For A_09_performC2SGiftBlankMSISDN -------------------
2022-04-29 12:42:35,395 [main] INFO angular.testscripts.prereuisitesangular.PreRequisite_GiftRecharge_Revamp - Entered A_09_performC2SGiftBlankMSISDN(Root, Super Distributor, 1357, GRC)
2022-04-29 12:42:35,509 [main] INFO com.utils.CommonUtils - Category Code for Super Distributor: DIST
2022-04-29 12:42:35,560 [main] INFO com.dbrepository.PostGreSQLRepository - Entered webInterface(Super Distributor)
2022-04-29 12:42:35,565 [main] INFO com.dbrepository.DBConnectionPool - Active Size:0 Cache Size:10
2022-04-29 12:42:35,569 [main] INFO com.dbrepository.PostGreSQLRepository - webInterface() :: select query: Select WEB_INTERFACE_ALLOWED from categories where category_name= ?
2022-04-29 12:42:35,655 [main] INFO com.dbrepository.PostGreSQLRepository - Database Returns: WEB_INTERFACE_ALLOWED (Y)
2022-04-29 12:42:35,658 [main] INFO com.dbrepository.PostGreSQLRepository - Exited webInterface()
2022-04-29 12:42:35,662 [main] INFO angular.feature.GiftRechargeRevamp - Entered performC2STransferBlankMsisdn(Root, Super Distributor, 1357, GRC)
2022-04-29 12:42:35,719 [main] INFO angular.classes.LoginRevamp - LoginID found as: AUT_48675
2022-04-29 12:42:35,723 [main] INFO angular.classes.LoginRevamp - Password found as: com@2468
2022-04-29 12:42:35,726 [main] INFO angular.classes.LoginRevamp - Username found as: AUTFN1393 AUTLN2379
2022-04-29 12:42:35,980 [main] INFO angular.pageobjects.loginpages.LoginPageRevamp - Trying to select Language1
2022-04-29 12:42:36,353 [main] INFO angular.pageobjects.loginpages.LoginPageRevamp - Language selected successfully as: English
2022-04-29 12:42:36,353 [main] INFO angular.pageobjects.loginpages.LoginPageRevamp - Trying to enter Login ID3
2022-04-29 12:42:36,515 [main] INFO angular.pageobjects.loginpages.LoginPageRevamp - Login ID entered successfully as: AUT_48675
2022-04-29 12:42:36,517 [main] INFO angular.pageobjects.loginpages.LoginPageRevamp - Trying to enter Password
2022-04-29 12:42:36,667 [main] INFO angular.pageobjects.loginpages.LoginPageRevamp - Password entered successfully as: com@2468
2022-04-29 12:42:36,669 [main] INFO angular.pageobjects.loginpages.LoginPageRevamp - Trying to click Login Button
2022-04-29 12:42:36,766 [main] INFO angular.pageobjects.loginpages.LoginPageRevamp - Login button clicked successfully
2022-04-29 12:42:36,817 [main] INFO angular.pageobjects.loginpages.LoginPageRevamp - Error Message Found on Login Screen: 
2022-04-29 12:42:38,120 [main] INFO angular.pageobjects.recharge.Recharges - User clicked Recharged Heading Link.
2022-04-29 12:42:58,649 [main] INFO com.classes.BaseTest - org.openqa.selenium.TimeoutException: Expected condition failed: waiting for visibility of [[ChromeDriver: chrome on WINDOWS (11a377bffb1a3be2ac14092954cafa0c)] -> xpath: //nav[@class='sidebar']//div[@class='nested-menu']//a[@id='recharge']] (tried for 20 second(s) with 500 milliseconds interval)
Build info: version: '3.10.0', revision: '176b4a9', time: '2018-03-02T19:03:16.397Z'
System info: host: 'MCKL-20005142', ip: '192.168.1.40', os.name: 'Windows 10', os.arch: 'amd64', os.version: '10.0', java.version: '1.8.0_291'
Driver info: org.openqa.selenium.chrome.ChromeDriver
Capabilities {acceptInsecureCerts: false, browserName: chrome, browserVersion: 101.0.4951.41, chrome: {chromedriverVersion: 101.0.4951.41 (93c720db8323..., userDataDir: C:\Users\SOURAB~1.AWA\AppDa...}, goog:chromeOptions: {debuggerAddress: localhost:54842}, javascriptEnabled: true, networkConnectionEnabled: false, pageLoadStrategy: normal, platform: WINDOWS, platformName: WINDOWS, proxy: Proxy(), setWindowRect: true, strictFileInteractability: false, timeouts: {implicit: 0, pageLoad: 300000, script: 30000}, unhandledPromptBehavior: dismiss and notify, webauthn:extension:credBlob: true, webauthn:extension:largeBlob: true, webauthn:virtualAuthenticators: true}
Session ID: 11a377bffb1a3be2ac14092954cafa0c
2022-04-29 12:43:19,694 [main] ERROR com.sshmanager.SSHService - Error while getting SSH Server Instance : com.jcraft.jsch.JSchException: java.net.ConnectException: Connection timed out: connect
2022-04-29 12:43:20,629 [main] INFO angular.testscripts.prereuisitesangular.PreRequisite_GiftRecharge_Revamp - ------------------ Test Case Execution Started For A_10_performC2SGiftInvalidMsisdn -------------------
2022-04-29 12:43:20,629 [main] INFO angular.testscripts.prereuisitesangular.PreRequisite_GiftRecharge_Revamp - Entered A_10_performC2SGiftInvalidMsisdn(Root, Super Distributor, 1357, GRC)
2022-04-29 12:43:20,676 [main] INFO com.utils.CommonUtils - Category Code for Super Distributor: DIST
2022-04-29 12:43:20,704 [main] INFO com.dbrepository.PostGreSQLRepository - Entered webInterface(Super Distributor)
2022-04-29 12:43:20,707 [main] INFO com.dbrepository.DBConnectionPool - Active Size:0 Cache Size:10
2022-04-29 12:43:20,708 [main] INFO com.dbrepository.PostGreSQLRepository - webInterface() :: select query: Select WEB_INTERFACE_ALLOWED from categories where category_name= ?
2022-04-29 12:43:20,843 [main] INFO com.dbrepository.PostGreSQLRepository - Database Returns: WEB_INTERFACE_ALLOWED (Y)
2022-04-29 12:43:20,846 [main] INFO com.dbrepository.PostGreSQLRepository - Exited webInterface()
2022-04-29 12:43:20,849 [main] INFO angular.feature.GiftRechargeRevamp - Entered performC2STransferInvalidMSISDN(Root, Super Distributor, 1357, GRC)
2022-04-29 12:43:20,877 [main] INFO angular.classes.LoginRevamp - LoginID found as: AUT_48675
2022-04-29 12:43:20,879 [main] INFO angular.classes.LoginRevamp - Password found as: com@2468
2022-04-29 12:43:20,881 [main] INFO angular.classes.LoginRevamp - Username found as: AUTFN1393 AUTLN2379
2022-04-29 12:43:21,205 [main] INFO angular.pageobjects.loginpages.LoginPageRevamp - Trying to select Language1
2022-04-29 12:43:21,591 [main] INFO angular.pageobjects.loginpages.LoginPageRevamp - Language selected successfully as: English
2022-04-29 12:43:21,592 [main] INFO angular.pageobjects.loginpages.LoginPageRevamp - Trying to enter Login ID3
2022-04-29 12:43:21,792 [main] INFO angular.pageobjects.loginpages.LoginPageRevamp - Login ID entered successfully as: AUT_48675
2022-04-29 12:43:21,794 [main] INFO angular.pageobjects.loginpages.LoginPageRevamp - Trying to enter Password
2022-04-29 12:43:21,981 [main] INFO angular.pageobjects.loginpages.LoginPageRevamp - Password entered successfully as: com@2468
2022-04-29 12:43:21,982 [main] INFO angular.pageobjects.loginpages.LoginPageRevamp - Trying to click Login Button
2022-04-29 12:43:22,088 [main] INFO angular.pageobjects.loginpages.LoginPageRevamp - Login button clicked successfully
2022-04-29 12:43:22,145 [main] INFO angular.pageobjects.loginpages.LoginPageRevamp - Error Message Found on Login Screen: 
2022-04-29 12:43:23,443 [main] INFO angular.pageobjects.recharge.Recharges - User clicked Recharged Heading Link.
2022-04-29 12:43:43,787 [main] INFO com.classes.BaseTest - org.openqa.selenium.TimeoutException: Expected condition failed: waiting for visibility of [[ChromeDriver: chrome on WINDOWS (11a377bffb1a3be2ac14092954cafa0c)] -> xpath: //nav[@class='sidebar']//div[@class='nested-menu']//a[@id='recharge']] (tried for 20 second(s) with 500 milliseconds interval)
Build info: version: '3.10.0', revision: '176b4a9', time: '2018-03-02T19:03:16.397Z'
System info: host: 'MCKL-20005142', ip: '192.168.1.40', os.name: 'Windows 10', os.arch: 'amd64', os.version: '10.0', java.version: '1.8.0_291'
Driver info: org.openqa.selenium.chrome.ChromeDriver
Capabilities {acceptInsecureCerts: false, browserName: chrome, browserVersion: 101.0.4951.41, chrome: {chromedriverVersion: 101.0.4951.41 (93c720db8323..., userDataDir: C:\Users\SOURAB~1.AWA\AppDa...}, goog:chromeOptions: {debuggerAddress: localhost:54842}, javascriptEnabled: true, networkConnectionEnabled: false, pageLoadStrategy: normal, platform: WINDOWS, platformName: WINDOWS, proxy: Proxy(), setWindowRect: true, strictFileInteractability: false, timeouts: {implicit: 0, pageLoad: 300000, script: 30000}, unhandledPromptBehavior: dismiss and notify, webauthn:extension:credBlob: true, webauthn:extension:largeBlob: true, webauthn:virtualAuthenticators: true}
Session ID: 11a377bffb1a3be2ac14092954cafa0c
2022-04-29 12:44:04,854 [main] ERROR com.sshmanager.SSHService - Error while getting SSH Server Instance : com.jcraft.jsch.JSchException: java.net.ConnectException: Connection timed out: connect
2022-04-29 12:44:05,625 [main] INFO angular.testscripts.prereuisitesangular.PreRequisite_GiftRecharge_Revamp - ------------------ Test Case Execution Started For a_10_performC2SGiftAlphaNumericMSISDN -------------------
2022-04-29 12:44:05,625 [main] INFO angular.testscripts.prereuisitesangular.PreRequisite_GiftRecharge_Revamp - Entered a_10_performC2SGiftAlphaNumericMSISDN(Root, Super Distributor, 1357, GRC)
2022-04-29 12:44:05,678 [main] INFO com.utils.CommonUtils - Category Code for Super Distributor: DIST
2022-04-29 12:44:05,699 [main] INFO com.dbrepository.PostGreSQLRepository - Entered webInterface(Super Distributor)
2022-04-29 12:44:05,702 [main] INFO com.dbrepository.DBConnectionPool - Active Size:0 Cache Size:10
2022-04-29 12:44:05,703 [main] INFO com.dbrepository.PostGreSQLRepository - webInterface() :: select query: Select WEB_INTERFACE_ALLOWED from categories where category_name= ?
2022-04-29 12:44:05,801 [main] INFO com.dbrepository.PostGreSQLRepository - Database Returns: WEB_INTERFACE_ALLOWED (Y)
2022-04-29 12:44:05,803 [main] INFO com.dbrepository.PostGreSQLRepository - Exited webInterface()
2022-04-29 12:44:05,805 [main] INFO angular.feature.GiftRechargeRevamp - Entered performC2STransferAlphaNumericMSISDN(Root, Super Distributor, 1357, GRC)
2022-04-29 12:44:05,850 [main] INFO angular.classes.LoginRevamp - LoginID found as: AUT_48675
2022-04-29 12:44:05,852 [main] INFO angular.classes.LoginRevamp - Password found as: com@2468
2022-04-29 12:44:05,853 [main] INFO angular.classes.LoginRevamp - Username found as: AUTFN1393 AUTLN2379
2022-04-29 12:44:06,158 [main] INFO angular.pageobjects.loginpages.LoginPageRevamp - Trying to select Language1
2022-04-29 12:44:06,537 [main] INFO angular.pageobjects.loginpages.LoginPageRevamp - Language selected successfully as: English
2022-04-29 12:44:06,540 [main] INFO angular.pageobjects.loginpages.LoginPageRevamp - Trying to enter Login ID3
2022-04-29 12:44:06,713 [main] INFO angular.pageobjects.loginpages.LoginPageRevamp - Login ID entered successfully as: AUT_48675
2022-04-29 12:44:06,715 [main] INFO angular.pageobjects.loginpages.LoginPageRevamp - Trying to enter Password
2022-04-29 12:44:06,873 [main] INFO angular.pageobjects.loginpages.LoginPageRevamp - Password entered successfully as: com@2468
2022-04-29 12:44:06,876 [main] INFO angular.pageobjects.loginpages.LoginPageRevamp - Trying to click Login Button
2022-04-29 12:44:06,969 [main] INFO angular.pageobjects.loginpages.LoginPageRevamp - Login button clicked successfully
2022-04-29 12:44:07,028 [main] INFO angular.pageobjects.loginpages.LoginPageRevamp - Error Message Found on Login Screen: 
2022-04-29 12:44:08,302 [main] INFO angular.pageobjects.recharge.Recharges - User clicked Recharged Heading Link.
2022-04-29 12:44:28,705 [main] INFO com.classes.BaseTest - org.openqa.selenium.TimeoutException: Expected condition failed: waiting for visibility of [[ChromeDriver: chrome on WINDOWS (11a377bffb1a3be2ac14092954cafa0c)] -> xpath: //nav[@class='sidebar']//div[@class='nested-menu']//a[@id='recharge']] (tried for 20 second(s) with 500 milliseconds interval)
Build info: version: '3.10.0', revision: '176b4a9', time: '2018-03-02T19:03:16.397Z'
System info: host: 'MCKL-20005142', ip: '192.168.1.40', os.name: 'Windows 10', os.arch: 'amd64', os.version: '10.0', java.version: '1.8.0_291'
Driver info: org.openqa.selenium.chrome.ChromeDriver
Capabilities {acceptInsecureCerts: false, browserName: chrome, browserVersion: 101.0.4951.41, chrome: {chromedriverVersion: 101.0.4951.41 (93c720db8323..., userDataDir: C:\Users\SOURAB~1.AWA\AppDa...}, goog:chromeOptions: {debuggerAddress: localhost:54842}, javascriptEnabled: true, networkConnectionEnabled: false, pageLoadStrategy: normal, platform: WINDOWS, platformName: WINDOWS, proxy: Proxy(), setWindowRect: true, strictFileInteractability: false, timeouts: {implicit: 0, pageLoad: 300000, script: 30000}, unhandledPromptBehavior: dismiss and notify, webauthn:extension:credBlob: true, webauthn:extension:largeBlob: true, webauthn:virtualAuthenticators: true}
Session ID: 11a377bffb1a3be2ac14092954cafa0c
2022-04-29 12:44:49,773 [main] ERROR com.sshmanager.SSHService - Error while getting SSH Server Instance : com.jcraft.jsch.JSchException: java.net.ConnectException: Connection timed out: connect
2022-04-29 12:44:50,513 [main] INFO angular.testscripts.prereuisitesangular.PreRequisite_GiftRecharge_Revamp - ------------------ Test Case Execution Started For a_11_performC2SGiftResetButton -------------------
2022-04-29 12:44:50,513 [main] INFO angular.testscripts.prereuisitesangular.PreRequisite_GiftRecharge_Revamp - Entered a_11_performC2SGiftResetButton(Root, Super Distributor, 1357, GRC)
2022-04-29 12:44:50,546 [main] INFO com.utils.CommonUtils - Category Code for Super Distributor: DIST
2022-04-29 12:44:50,569 [main] INFO com.dbrepository.PostGreSQLRepository - Entered webInterface(Super Distributor)
2022-04-29 12:44:50,570 [main] INFO com.dbrepository.DBConnectionPool - Active Size:0 Cache Size:10
2022-04-29 12:44:50,572 [main] INFO com.dbrepository.PostGreSQLRepository - webInterface() :: select query: Select WEB_INTERFACE_ALLOWED from categories where category_name= ?
2022-04-29 12:44:50,653 [main] INFO com.dbrepository.PostGreSQLRepository - Database Returns: WEB_INTERFACE_ALLOWED (Y)
2022-04-29 12:44:50,655 [main] INFO com.dbrepository.PostGreSQLRepository - Exited webInterface()
2022-04-29 12:44:50,657 [main] INFO angular.feature.GiftRechargeRevamp - Entered performC2STransferResetButton(Root, Super Distributor, 1357, GRC)
2022-04-29 12:44:50,680 [main] INFO angular.classes.LoginRevamp - LoginID found as: AUT_48675
2022-04-29 12:44:50,681 [main] INFO angular.classes.LoginRevamp - Password found as: com@2468
2022-04-29 12:44:50,682 [main] INFO angular.classes.LoginRevamp - Username found as: AUTFN1393 AUTLN2379
2022-04-29 12:44:50,915 [main] INFO angular.pageobjects.loginpages.LoginPageRevamp - Trying to select Language1
2022-04-29 12:44:51,242 [main] INFO angular.pageobjects.loginpages.LoginPageRevamp - Language selected successfully as: English
2022-04-29 12:44:51,244 [main] INFO angular.pageobjects.loginpages.LoginPageRevamp - Trying to enter Login ID3
2022-04-29 12:44:51,413 [main] INFO angular.pageobjects.loginpages.LoginPageRevamp - Login ID entered successfully as: AUT_48675
2022-04-29 12:44:51,414 [main] INFO angular.pageobjects.loginpages.LoginPageRevamp - Trying to enter Password
2022-04-29 12:44:51,568 [main] INFO angular.pageobjects.loginpages.LoginPageRevamp - Password entered successfully as: com@2468
2022-04-29 12:44:51,570 [main] INFO angular.pageobjects.loginpages.LoginPageRevamp - Trying to click Login Button
2022-04-29 12:44:51,666 [main] INFO angular.pageobjects.loginpages.LoginPageRevamp - Login button clicked successfully
2022-04-29 12:44:51,712 [main] INFO angular.pageobjects.loginpages.LoginPageRevamp - Error Message Found on Login Screen: 
2022-04-29 12:44:52,949 [main] INFO angular.pageobjects.recharge.Recharges - User clicked Recharged Heading Link.
2022-04-29 12:45:13,365 [main] INFO com.classes.BaseTest - org.openqa.selenium.TimeoutException: Expected condition failed: waiting for visibility of [[ChromeDriver: chrome on WINDOWS (11a377bffb1a3be2ac14092954cafa0c)] -> xpath: //nav[@class='sidebar']//div[@class='nested-menu']//a[@id='recharge']] (tried for 20 second(s) with 500 milliseconds interval)
Build info: version: '3.10.0', revision: '176b4a9', time: '2018-03-02T19:03:16.397Z'
System info: host: 'MCKL-20005142', ip: '192.168.1.40', os.name: 'Windows 10', os.arch: 'amd64', os.version: '10.0', java.version: '1.8.0_291'
Driver info: org.openqa.selenium.chrome.ChromeDriver
Capabilities {acceptInsecureCerts: false, browserName: chrome, browserVersion: 101.0.4951.41, chrome: {chromedriverVersion: 101.0.4951.41 (93c720db8323..., userDataDir: C:\Users\SOURAB~1.AWA\AppDa...}, goog:chromeOptions: {debuggerAddress: localhost:54842}, javascriptEnabled: true, networkConnectionEnabled: false, pageLoadStrategy: normal, platform: WINDOWS, platformName: WINDOWS, proxy: Proxy(), setWindowRect: true, strictFileInteractability: false, timeouts: {implicit: 0, pageLoad: 300000, script: 30000}, unhandledPromptBehavior: dismiss and notify, webauthn:extension:credBlob: true, webauthn:extension:largeBlob: true, webauthn:virtualAuthenticators: true}
Session ID: 11a377bffb1a3be2ac14092954cafa0c
2022-04-29 12:45:34,401 [main] ERROR com.sshmanager.SSHService - Error while getting SSH Server Instance : com.jcraft.jsch.JSchException: java.net.ConnectException: Connection timed out: connect
2022-04-29 12:45:35,142 [main] INFO angular.testscripts.prereuisitesangular.PreRequisite_GiftRecharge_Revamp - ------------------ Test Case Execution Started For a_12_performC2SGiftCopyButton -------------------
2022-04-29 12:45:35,142 [main] INFO angular.testscripts.prereuisitesangular.PreRequisite_GiftRecharge_Revamp - Entered a_12_performC2SGiftCopyButton(Root, Super Distributor, 1357, GRC)
2022-04-29 12:45:35,180 [main] INFO com.utils.CommonUtils - Category Code for Super Distributor: DIST
2022-04-29 12:45:35,197 [main] INFO com.dbrepository.PostGreSQLRepository - Entered webInterface(Super Distributor)
2022-04-29 12:45:35,199 [main] INFO com.dbrepository.DBConnectionPool - Active Size:0 Cache Size:10
2022-04-29 12:45:35,200 [main] INFO com.dbrepository.PostGreSQLRepository - webInterface() :: select query: Select WEB_INTERFACE_ALLOWED from categories where category_name= ?
2022-04-29 12:45:35,281 [main] INFO com.dbrepository.PostGreSQLRepository - Database Returns: WEB_INTERFACE_ALLOWED (Y)
2022-04-29 12:45:35,282 [main] INFO com.dbrepository.PostGreSQLRepository - Exited webInterface()
2022-04-29 12:45:35,283 [main] INFO angular.feature.GiftRechargeRevamp - Entered performC2STransferCopyButton(Root, Super Distributor, 1357, GRC)
2022-04-29 12:45:35,319 [main] INFO angular.classes.LoginRevamp - LoginID found as: AUT_48675
2022-04-29 12:45:35,320 [main] INFO angular.classes.LoginRevamp - Password found as: com@2468
2022-04-29 12:45:35,321 [main] INFO angular.classes.LoginRevamp - Username found as: AUTFN1393 AUTLN2379
2022-04-29 12:45:35,671 [main] INFO angular.pageobjects.loginpages.LoginPageRevamp - Trying to select Language1
2022-04-29 12:45:36,052 [main] INFO angular.pageobjects.loginpages.LoginPageRevamp - Language selected successfully as: English
2022-04-29 12:45:36,053 [main] INFO angular.pageobjects.loginpages.LoginPageRevamp - Trying to enter Login ID3
2022-04-29 12:45:36,254 [main] INFO angular.pageobjects.loginpages.LoginPageRevamp - Login ID entered successfully as: AUT_48675
2022-04-29 12:45:36,256 [main] INFO angular.pageobjects.loginpages.LoginPageRevamp - Trying to enter Password
2022-04-29 12:45:36,437 [main] INFO angular.pageobjects.loginpages.LoginPageRevamp - Password entered successfully as: com@2468
2022-04-29 12:45:36,440 [main] INFO angular.pageobjects.loginpages.LoginPageRevamp - Trying to click Login Button
2022-04-29 12:45:36,549 [main] INFO angular.pageobjects.loginpages.LoginPageRevamp - Login button clicked successfully
2022-04-29 12:45:36,603 [main] INFO angular.pageobjects.loginpages.LoginPageRevamp - Error Message Found on Login Screen: 
2022-04-29 12:45:37,805 [main] INFO angular.pageobjects.recharge.Recharges - User clicked Recharged Heading Link.
2022-04-29 12:45:58,270 [main] INFO com.classes.BaseTest - org.openqa.selenium.TimeoutException: Expected condition failed: waiting for visibility of [[ChromeDriver: chrome on WINDOWS (11a377bffb1a3be2ac14092954cafa0c)] -> xpath: //nav[@class='sidebar']//div[@class='nested-menu']//a[@id='recharge']] (tried for 20 second(s) with 500 milliseconds interval)
Build info: version: '3.10.0', revision: '176b4a9', time: '2018-03-02T19:03:16.397Z'
System info: host: 'MCKL-20005142', ip: '192.168.1.40', os.name: 'Windows 10', os.arch: 'amd64', os.version: '10.0', java.version: '1.8.0_291'
Driver info: org.openqa.selenium.chrome.ChromeDriver
Capabilities {acceptInsecureCerts: false, browserName: chrome, browserVersion: 101.0.4951.41, chrome: {chromedriverVersion: 101.0.4951.41 (93c720db8323..., userDataDir: C:\Users\SOURAB~1.AWA\AppDa...}, goog:chromeOptions: {debuggerAddress: localhost:54842}, javascriptEnabled: true, networkConnectionEnabled: false, pageLoadStrategy: normal, platform: WINDOWS, platformName: WINDOWS, proxy: Proxy(), setWindowRect: true, strictFileInteractability: false, timeouts: {implicit: 0, pageLoad: 300000, script: 30000}, unhandledPromptBehavior: dismiss and notify, webauthn:extension:credBlob: true, webauthn:extension:largeBlob: true, webauthn:virtualAuthenticators: true}
Session ID: 11a377bffb1a3be2ac14092954cafa0c
2022-04-29 12:46:19,316 [main] ERROR com.sshmanager.SSHService - Error while getting SSH Server Instance : com.jcraft.jsch.JSchException: java.net.ConnectException: Connection timed out: connect
2022-04-29 12:46:20,151 [main] INFO angular.testscripts.prereuisitesangular.PreRequisite_GiftRecharge_Revamp - ------------------ Test Case Execution Started For a_14_performC2SGiftNameNumeric -------------------
2022-04-29 12:46:20,151 [main] INFO angular.testscripts.prereuisitesangular.PreRequisite_GiftRecharge_Revamp - Entered a_14_performC2SGiftNameNumeric(Root, Super Distributor, 1357, GRC)
2022-04-29 12:46:20,192 [main] INFO com.utils.CommonUtils - Category Code for Super Distributor: DIST
2022-04-29 12:46:20,214 [main] INFO com.dbrepository.PostGreSQLRepository - Entered webInterface(Super Distributor)
2022-04-29 12:46:20,215 [main] INFO com.dbrepository.DBConnectionPool - Active Size:0 Cache Size:10
2022-04-29 12:46:20,218 [main] INFO com.dbrepository.PostGreSQLRepository - webInterface() :: select query: Select WEB_INTERFACE_ALLOWED from categories where category_name= ?
2022-04-29 12:46:20,324 [main] INFO com.dbrepository.PostGreSQLRepository - Database Returns: WEB_INTERFACE_ALLOWED (Y)
2022-04-29 12:46:20,328 [main] INFO com.dbrepository.PostGreSQLRepository - Exited webInterface()
2022-04-29 12:46:20,333 [main] INFO angular.feature.GiftRechargeRevamp - Entered performC2SGiftRechargeNameNumeric(Root, Super Distributor, 1357, GRC)
2022-04-29 12:46:20,369 [main] INFO angular.classes.LoginRevamp - LoginID found as: AUT_48675
2022-04-29 12:46:20,371 [main] INFO angular.classes.LoginRevamp - Password found as: com@2468
2022-04-29 12:46:20,373 [main] INFO angular.classes.LoginRevamp - Username found as: AUTFN1393 AUTLN2379
2022-04-29 12:46:20,610 [main] INFO angular.pageobjects.loginpages.LoginPageRevamp - Trying to select Language1
2022-04-29 12:46:20,943 [main] INFO angular.pageobjects.loginpages.LoginPageRevamp - Language selected successfully as: English
2022-04-29 12:46:20,945 [main] INFO angular.pageobjects.loginpages.LoginPageRevamp - Trying to enter Login ID3
2022-04-29 12:46:21,092 [main] INFO angular.pageobjects.loginpages.LoginPageRevamp - Login ID entered successfully as: AUT_48675
2022-04-29 12:46:21,093 [main] INFO angular.pageobjects.loginpages.LoginPageRevamp - Trying to enter Password
2022-04-29 12:46:21,238 [main] INFO angular.pageobjects.loginpages.LoginPageRevamp - Password entered successfully as: com@2468
2022-04-29 12:46:21,238 [main] INFO angular.pageobjects.loginpages.LoginPageRevamp - Trying to click Login Button
2022-04-29 12:46:21,327 [main] INFO angular.pageobjects.loginpages.LoginPageRevamp - Login button clicked successfully
2022-04-29 12:46:21,373 [main] INFO angular.pageobjects.loginpages.LoginPageRevamp - Error Message Found on Login Screen: 
2022-04-29 12:46:22,602 [main] INFO angular.pageobjects.recharge.Recharges - User clicked Recharged Heading Link.
2022-04-29 12:46:43,010 [main] INFO com.classes.BaseTest - org.openqa.selenium.TimeoutException: Expected condition failed: waiting for visibility of [[ChromeDriver: chrome on WINDOWS (11a377bffb1a3be2ac14092954cafa0c)] -> xpath: //nav[@class='sidebar']//div[@class='nested-menu']//a[@id='recharge']] (tried for 20 second(s) with 500 milliseconds interval)
Build info: version: '3.10.0', revision: '176b4a9', time: '2018-03-02T19:03:16.397Z'
System info: host: 'MCKL-20005142', ip: '192.168.1.40', os.name: 'Windows 10', os.arch: 'amd64', os.version: '10.0', java.version: '1.8.0_291'
Driver info: org.openqa.selenium.chrome.ChromeDriver
Capabilities {acceptInsecureCerts: false, browserName: chrome, browserVersion: 101.0.4951.41, chrome: {chromedriverVersion: 101.0.4951.41 (93c720db8323..., userDataDir: C:\Users\SOURAB~1.AWA\AppDa...}, goog:chromeOptions: {debuggerAddress: localhost:54842}, javascriptEnabled: true, networkConnectionEnabled: false, pageLoadStrategy: normal, platform: WINDOWS, platformName: WINDOWS, proxy: Proxy(), setWindowRect: true, strictFileInteractability: false, timeouts: {implicit: 0, pageLoad: 300000, script: 30000}, unhandledPromptBehavior: dismiss and notify, webauthn:extension:credBlob: true, webauthn:extension:largeBlob: true, webauthn:virtualAuthenticators: true}
Session ID: 11a377bffb1a3be2ac14092954cafa0c
2022-04-29 12:47:04,042 [main] ERROR com.sshmanager.SSHService - Error while getting SSH Server Instance : com.jcraft.jsch.JSchException: java.net.ConnectException: Connection timed out: connect
2022-04-29 12:47:04,799 [main] INFO angular.testscripts.prereuisitesangular.PreRequisite_GiftRecharge_Revamp - ------------------ Test Case Execution Started For a_15_performC2SGiftMSISDNAlphabet -------------------
2022-04-29 12:47:04,799 [main] INFO angular.testscripts.prereuisitesangular.PreRequisite_GiftRecharge_Revamp - Entered a_15_performC2SGiftMSISDNAlphabet(Root, Super Distributor, 1357, GRC)
2022-04-29 12:47:04,835 [main] INFO com.utils.CommonUtils - Category Code for Super Distributor: DIST
2022-04-29 12:47:04,858 [main] INFO com.dbrepository.PostGreSQLRepository - Entered webInterface(Super Distributor)
2022-04-29 12:47:04,859 [main] INFO com.dbrepository.DBConnectionPool - Active Size:0 Cache Size:10
2022-04-29 12:47:04,860 [main] INFO com.dbrepository.PostGreSQLRepository - webInterface() :: select query: Select WEB_INTERFACE_ALLOWED from categories where category_name= ?
2022-04-29 12:47:04,993 [main] INFO com.dbrepository.PostGreSQLRepository - Database Returns: WEB_INTERFACE_ALLOWED (Y)
2022-04-29 12:47:04,995 [main] INFO com.dbrepository.PostGreSQLRepository - Exited webInterface()
2022-04-29 12:47:04,997 [main] INFO angular.feature.GiftRechargeRevamp - Entered performC2SGiftRechargeMSISDNAlphabet(Root, Super Distributor, 1357, GRC)
2022-04-29 12:47:05,038 [main] INFO angular.classes.LoginRevamp - LoginID found as: AUT_48675
2022-04-29 12:47:05,039 [main] INFO angular.classes.LoginRevamp - Password found as: com@2468
2022-04-29 12:47:05,041 [main] INFO angular.classes.LoginRevamp - Username found as: AUTFN1393 AUTLN2379
2022-04-29 12:47:05,403 [main] INFO angular.pageobjects.loginpages.LoginPageRevamp - Trying to select Language1
2022-04-29 12:47:05,756 [main] INFO angular.pageobjects.loginpages.LoginPageRevamp - Language selected successfully as: English
2022-04-29 12:47:05,757 [main] INFO angular.pageobjects.loginpages.LoginPageRevamp - Trying to enter Login ID3
2022-04-29 12:47:05,965 [main] INFO angular.pageobjects.loginpages.LoginPageRevamp - Login ID entered successfully as: AUT_48675
2022-04-29 12:47:05,967 [main] INFO angular.pageobjects.loginpages.LoginPageRevamp - Trying to enter Password
2022-04-29 12:47:06,171 [main] INFO angular.pageobjects.loginpages.LoginPageRevamp - Password entered successfully as: com@2468
2022-04-29 12:47:06,172 [main] INFO angular.pageobjects.loginpages.LoginPageRevamp - Trying to click Login Button
2022-04-29 12:47:06,292 [main] INFO angular.pageobjects.loginpages.LoginPageRevamp - Login button clicked successfully
2022-04-29 12:47:06,351 [main] INFO angular.pageobjects.loginpages.LoginPageRevamp - Error Message Found on Login Screen: 
2022-04-29 12:47:07,562 [main] INFO angular.pageobjects.recharge.Recharges - User clicked Recharged Heading Link.
2022-04-29 12:47:28,016 [main] INFO com.classes.BaseTest - org.openqa.selenium.TimeoutException: Expected condition failed: waiting for visibility of [[ChromeDriver: chrome on WINDOWS (11a377bffb1a3be2ac14092954cafa0c)] -> xpath: //nav[@class='sidebar']//div[@class='nested-menu']//a[@id='recharge']] (tried for 20 second(s) with 500 milliseconds interval)
Build info: version: '3.10.0', revision: '176b4a9', time: '2018-03-02T19:03:16.397Z'
System info: host: 'MCKL-20005142', ip: '192.168.1.40', os.name: 'Windows 10', os.arch: 'amd64', os.version: '10.0', java.version: '1.8.0_291'
Driver info: org.openqa.selenium.chrome.ChromeDriver
Capabilities {acceptInsecureCerts: false, browserName: chrome, browserVersion: 101.0.4951.41, chrome: {chromedriverVersion: 101.0.4951.41 (93c720db8323..., userDataDir: C:\Users\SOURAB~1.AWA\AppDa...}, goog:chromeOptions: {debuggerAddress: localhost:54842}, javascriptEnabled: true, networkConnectionEnabled: false, pageLoadStrategy: normal, platform: WINDOWS, platformName: WINDOWS, proxy: Proxy(), setWindowRect: true, strictFileInteractability: false, timeouts: {implicit: 0, pageLoad: 300000, script: 30000}, unhandledPromptBehavior: dismiss and notify, webauthn:extension:credBlob: true, webauthn:extension:largeBlob: true, webauthn:virtualAuthenticators: true}
Session ID: 11a377bffb1a3be2ac14092954cafa0c
2022-04-29 12:47:49,059 [main] ERROR com.sshmanager.SSHService - Error while getting SSH Server Instance : com.jcraft.jsch.JSchException: java.net.ConnectException: Connection timed out: connect
2022-04-29 12:47:49,799 [main] INFO angular.testscripts.prereuisitesangular.PreRequisite_GiftRecharge_Revamp - ------------------ Test Case Execution Started For a_16_performC2SGiftMSISDNBlank -------------------
2022-04-29 12:47:49,799 [main] INFO angular.testscripts.prereuisitesangular.PreRequisite_GiftRecharge_Revamp - Entered a_16_performC2SGiftMSISDNBlank(Root, Super Distributor, 1357, GRC)
2022-04-29 12:47:49,838 [main] INFO com.utils.CommonUtils - Category Code for Super Distributor: DIST
2022-04-29 12:47:49,874 [main] INFO com.dbrepository.PostGreSQLRepository - Entered webInterface(Super Distributor)
2022-04-29 12:47:49,876 [main] INFO com.dbrepository.DBConnectionPool - Active Size:0 Cache Size:10
2022-04-29 12:47:49,878 [main] INFO com.dbrepository.PostGreSQLRepository - webInterface() :: select query: Select WEB_INTERFACE_ALLOWED from categories where category_name= ?
2022-04-29 12:47:49,977 [main] INFO com.dbrepository.PostGreSQLRepository - Database Returns: WEB_INTERFACE_ALLOWED (Y)
2022-04-29 12:47:49,979 [main] INFO com.dbrepository.PostGreSQLRepository - Exited webInterface()
2022-04-29 12:47:49,981 [main] INFO angular.feature.GiftRechargeRevamp - Entered performC2SGiftRechargeMSISDNBlank(Root, Super Distributor, 1357, GRC)
2022-04-29 12:47:50,020 [main] INFO angular.classes.LoginRevamp - LoginID found as: AUT_48675
2022-04-29 12:47:50,022 [main] INFO angular.classes.LoginRevamp - Password found as: com@2468
2022-04-29 12:47:50,023 [main] INFO angular.classes.LoginRevamp - Username found as: AUTFN1393 AUTLN2379
2022-04-29 12:47:50,336 [main] INFO angular.pageobjects.loginpages.LoginPageRevamp - Trying to select Language1
2022-04-29 12:47:50,759 [main] INFO angular.pageobjects.loginpages.LoginPageRevamp - Language selected successfully as: English
2022-04-29 12:47:50,761 [main] INFO angular.pageobjects.loginpages.LoginPageRevamp - Trying to enter Login ID3
2022-04-29 12:47:50,983 [main] INFO angular.pageobjects.loginpages.LoginPageRevamp - Login ID entered successfully as: AUT_48675
2022-04-29 12:47:50,985 [main] INFO angular.pageobjects.loginpages.LoginPageRevamp - Trying to enter Password
2022-04-29 12:47:51,193 [main] INFO angular.pageobjects.loginpages.LoginPageRevamp - Password entered successfully as: com@2468
2022-04-29 12:47:51,195 [main] INFO angular.pageobjects.loginpages.LoginPageRevamp - Trying to click Login Button
2022-04-29 12:47:51,294 [main] INFO angular.pageobjects.loginpages.LoginPageRevamp - Login button clicked successfully
2022-04-29 12:47:51,336 [main] INFO angular.pageobjects.loginpages.LoginPageRevamp - Error Message Found on Login Screen: 
2022-04-29 12:47:52,586 [main] INFO angular.pageobjects.recharge.Recharges - User clicked Recharged Heading Link.
2022-04-29 12:48:12,997 [main] INFO com.classes.BaseTest - org.openqa.selenium.TimeoutException: Expected condition failed: waiting for visibility of [[ChromeDriver: chrome on WINDOWS (11a377bffb1a3be2ac14092954cafa0c)] -> xpath: //nav[@class='sidebar']//div[@class='nested-menu']//a[@id='recharge']] (tried for 20 second(s) with 500 milliseconds interval)
Build info: version: '3.10.0', revision: '176b4a9', time: '2018-03-02T19:03:16.397Z'
System info: host: 'MCKL-20005142', ip: '192.168.1.40', os.name: 'Windows 10', os.arch: 'amd64', os.version: '10.0', java.version: '1.8.0_291'
Driver info: org.openqa.selenium.chrome.ChromeDriver
Capabilities {acceptInsecureCerts: false, browserName: chrome, browserVersion: 101.0.4951.41, chrome: {chromedriverVersion: 101.0.4951.41 (93c720db8323..., userDataDir: C:\Users\SOURAB~1.AWA\AppDa...}, goog:chromeOptions: {debuggerAddress: localhost:54842}, javascriptEnabled: true, networkConnectionEnabled: false, pageLoadStrategy: normal, platform: WINDOWS, platformName: WINDOWS, proxy: Proxy(), setWindowRect: true, strictFileInteractability: false, timeouts: {implicit: 0, pageLoad: 300000, script: 30000}, unhandledPromptBehavior: dismiss and notify, webauthn:extension:credBlob: true, webauthn:extension:largeBlob: true, webauthn:virtualAuthenticators: true}
Session ID: 11a377bffb1a3be2ac14092954cafa0c
2022-04-29 12:48:34,028 [main] ERROR com.sshmanager.SSHService - Error while getting SSH Server Instance : com.jcraft.jsch.JSchException: java.net.ConnectException: Connection timed out: connect
2022-04-29 12:48:34,827 [main] INFO angular.testscripts.prereuisitesangular.PreRequisite_GiftRecharge_Revamp - ------------------ Test Case Execution Started For a_17_performC2SGiftNameBlank -------------------
2022-04-29 12:48:34,827 [main] INFO angular.testscripts.prereuisitesangular.PreRequisite_GiftRecharge_Revamp - Entered a_17_performC2SGiftNameBlank(Root, Super Distributor, 1357, GRC)
2022-04-29 12:48:34,866 [main] INFO com.utils.CommonUtils - Category Code for Super Distributor: DIST
2022-04-29 12:48:34,888 [main] INFO com.dbrepository.PostGreSQLRepository - Entered webInterface(Super Distributor)
2022-04-29 12:48:34,890 [main] INFO com.dbrepository.DBConnectionPool - Active Size:0 Cache Size:10
2022-04-29 12:48:34,891 [main] INFO com.dbrepository.PostGreSQLRepository - webInterface() :: select query: Select WEB_INTERFACE_ALLOWED from categories where category_name= ?
2022-04-29 12:48:35,029 [main] INFO com.dbrepository.PostGreSQLRepository - Database Returns: WEB_INTERFACE_ALLOWED (Y)
2022-04-29 12:48:35,031 [main] INFO com.dbrepository.PostGreSQLRepository - Exited webInterface()
2022-04-29 12:48:35,034 [main] INFO angular.feature.GiftRechargeRevamp - Entered performC2SGiftRechargeNameBlank(Root, Super Distributor, 1357, GRC)
2022-04-29 12:48:35,065 [main] INFO angular.classes.LoginRevamp - LoginID found as: AUT_48675
2022-04-29 12:48:35,067 [main] INFO angular.classes.LoginRevamp - Password found as: com@2468
2022-04-29 12:48:35,069 [main] INFO angular.classes.LoginRevamp - Username found as: AUTFN1393 AUTLN2379
2022-04-29 12:48:35,453 [main] INFO angular.pageobjects.loginpages.LoginPageRevamp - Trying to select Language1
2022-04-29 12:48:35,862 [main] INFO angular.pageobjects.loginpages.LoginPageRevamp - Language selected successfully as: English
2022-04-29 12:48:35,864 [main] INFO angular.pageobjects.loginpages.LoginPageRevamp - Trying to enter Login ID3
2022-04-29 12:48:36,085 [main] INFO angular.pageobjects.loginpages.LoginPageRevamp - Login ID entered successfully as: AUT_48675
2022-04-29 12:48:36,087 [main] INFO angular.pageobjects.loginpages.LoginPageRevamp - Trying to enter Password
2022-04-29 12:48:36,238 [main] INFO angular.pageobjects.loginpages.LoginPageRevamp - Password entered successfully as: com@2468
2022-04-29 12:48:36,239 [main] INFO angular.pageobjects.loginpages.LoginPageRevamp - Trying to click Login Button
2022-04-29 12:48:36,357 [main] INFO angular.pageobjects.loginpages.LoginPageRevamp - Login button clicked successfully
2022-04-29 12:48:36,408 [main] INFO angular.pageobjects.loginpages.LoginPageRevamp - Error Message Found on Login Screen: 
2022-04-29 12:48:37,685 [main] INFO angular.pageobjects.recharge.Recharges - User clicked Recharged Heading Link.
2022-04-29 12:48:58,104 [main] INFO com.classes.BaseTest - org.openqa.selenium.TimeoutException: Expected condition failed: waiting for visibility of [[ChromeDriver: chrome on WINDOWS (11a377bffb1a3be2ac14092954cafa0c)] -> xpath: //nav[@class='sidebar']//div[@class='nested-menu']//a[@id='recharge']] (tried for 20 second(s) with 500 milliseconds interval)
Build info: version: '3.10.0', revision: '176b4a9', time: '2018-03-02T19:03:16.397Z'
System info: host: 'MCKL-20005142', ip: '192.168.1.40', os.name: 'Windows 10', os.arch: 'amd64', os.version: '10.0', java.version: '1.8.0_291'
Driver info: org.openqa.selenium.chrome.ChromeDriver
Capabilities {acceptInsecureCerts: false, browserName: chrome, browserVersion: 101.0.4951.41, chrome: {chromedriverVersion: 101.0.4951.41 (93c720db8323..., userDataDir: C:\Users\SOURAB~1.AWA\AppDa...}, goog:chromeOptions: {debuggerAddress: localhost:54842}, javascriptEnabled: true, networkConnectionEnabled: false, pageLoadStrategy: normal, platform: WINDOWS, platformName: WINDOWS, proxy: Proxy(), setWindowRect: true, strictFileInteractability: false, timeouts: {implicit: 0, pageLoad: 300000, script: 30000}, unhandledPromptBehavior: dismiss and notify, webauthn:extension:credBlob: true, webauthn:extension:largeBlob: true, webauthn:virtualAuthenticators: true}
Session ID: 11a377bffb1a3be2ac14092954cafa0c
2022-04-29 12:49:19,156 [main] ERROR com.sshmanager.SSHService - Error while getting SSH Server Instance : com.jcraft.jsch.JSchException: java.net.ConnectException: Connection timed out: connect
2022-04-29 12:49:19,915 [main] INFO angular.testscripts.prereuisitesangular.PreRequisite_GiftRecharge_Revamp - ------------------ Test Case Execution Started For a_18_performC2SGiftNameBlank -------------------
2022-04-29 12:49:19,915 [main] INFO angular.testscripts.prereuisitesangular.PreRequisite_GiftRecharge_Revamp - Entered a_18_performC2SGiftNameBlank(Root, Super Distributor, 1357, GRC)
2022-04-29 12:49:19,948 [main] INFO com.utils.CommonUtils - Category Code for Super Distributor: DIST
2022-04-29 12:49:19,970 [main] INFO com.dbrepository.PostGreSQLRepository - Entered webInterface(Super Distributor)
2022-04-29 12:49:19,972 [main] INFO com.dbrepository.DBConnectionPool - Active Size:0 Cache Size:10
2022-04-29 12:49:19,974 [main] INFO com.dbrepository.PostGreSQLRepository - webInterface() :: select query: Select WEB_INTERFACE_ALLOWED from categories where category_name= ?
2022-04-29 12:49:20,100 [main] INFO com.dbrepository.PostGreSQLRepository - Database Returns: WEB_INTERFACE_ALLOWED (Y)
2022-04-29 12:49:20,102 [main] INFO com.dbrepository.PostGreSQLRepository - Exited webInterface()
2022-04-29 12:49:20,104 [main] INFO angular.feature.GiftRechargeRevamp - Entered performC2SGiftRechargeNameSpecialCharacters(Root, Super Distributor, 1357, GRC)
2022-04-29 12:49:20,137 [main] INFO angular.classes.LoginRevamp - LoginID found as: AUT_48675
2022-04-29 12:49:20,138 [main] INFO angular.classes.LoginRevamp - Password found as: com@2468
2022-04-29 12:49:20,139 [main] INFO angular.classes.LoginRevamp - Username found as: AUTFN1393 AUTLN2379
2022-04-29 12:49:20,547 [main] INFO angular.pageobjects.loginpages.LoginPageRevamp - Trying to select Language1
2022-04-29 12:49:20,959 [main] INFO angular.pageobjects.loginpages.LoginPageRevamp - Language selected successfully as: English
2022-04-29 12:49:20,961 [main] INFO angular.pageobjects.loginpages.LoginPageRevamp - Trying to enter Login ID3
2022-04-29 12:49:21,180 [main] INFO angular.pageobjects.loginpages.LoginPageRevamp - Login ID entered successfully as: AUT_48675
2022-04-29 12:49:21,183 [main] INFO angular.pageobjects.loginpages.LoginPageRevamp - Trying to enter Password
2022-04-29 12:49:21,372 [main] INFO angular.pageobjects.loginpages.LoginPageRevamp - Password entered successfully as: com@2468
2022-04-29 12:49:21,372 [main] INFO angular.pageobjects.loginpages.LoginPageRevamp - Trying to click Login Button
2022-04-29 12:49:21,479 [main] INFO angular.pageobjects.loginpages.LoginPageRevamp - Login button clicked successfully
2022-04-29 12:49:21,530 [main] INFO angular.pageobjects.loginpages.LoginPageRevamp - Error Message Found on Login Screen: 
2022-04-29 12:49:22,821 [main] INFO angular.pageobjects.recharge.Recharges - User clicked Recharged Heading Link.
2022-04-29 12:49:43,248 [main] INFO com.classes.BaseTest - org.openqa.selenium.TimeoutException: Expected condition failed: waiting for visibility of [[ChromeDriver: chrome on WINDOWS (11a377bffb1a3be2ac14092954cafa0c)] -> xpath: //nav[@class='sidebar']//div[@class='nested-menu']//a[@id='recharge']] (tried for 20 second(s) with 500 milliseconds interval)
Build info: version: '3.10.0', revision: '176b4a9', time: '2018-03-02T19:03:16.397Z'
System info: host: 'MCKL-20005142', ip: '192.168.1.40', os.name: 'Windows 10', os.arch: 'amd64', os.version: '10.0', java.version: '1.8.0_291'
Driver info: org.openqa.selenium.chrome.ChromeDriver
Capabilities {acceptInsecureCerts: false, browserName: chrome, browserVersion: 101.0.4951.41, chrome: {chromedriverVersion: 101.0.4951.41 (93c720db8323..., userDataDir: C:\Users\SOURAB~1.AWA\AppDa...}, goog:chromeOptions: {debuggerAddress: localhost:54842}, javascriptEnabled: true, networkConnectionEnabled: false, pageLoadStrategy: normal, platform: WINDOWS, platformName: WINDOWS, proxy: Proxy(), setWindowRect: true, strictFileInteractability: false, timeouts: {implicit: 0, pageLoad: 300000, script: 30000}, unhandledPromptBehavior: dismiss and notify, webauthn:extension:credBlob: true, webauthn:extension:largeBlob: true, webauthn:virtualAuthenticators: true}
Session ID: 11a377bffb1a3be2ac14092954cafa0c
2022-04-29 12:50:04,292 [main] ERROR com.sshmanager.SSHService - Error while getting SSH Server Instance : com.jcraft.jsch.JSchException: java.net.ConnectException: Connection timed out: connect
2022-04-29 12:50:04,999 [main] INFO angular.testscripts.prereuisitesangular.PreRequisite_GiftRecharge_Revamp - ------------------ Test Case Execution Started For a_19_performC2SGiftMSISDNSpecialCharacters -------------------
2022-04-29 12:50:05,000 [main] INFO angular.testscripts.prereuisitesangular.PreRequisite_GiftRecharge_Revamp - Entered a_19_performC2SGiftMSISDNSpecialCharacters(Root, Super Distributor, 1357, GRC)
2022-04-29 12:50:05,037 [main] INFO com.utils.CommonUtils - Category Code for Super Distributor: DIST
2022-04-29 12:50:05,060 [main] INFO com.dbrepository.PostGreSQLRepository - Entered webInterface(Super Distributor)
2022-04-29 12:50:05,063 [main] INFO com.dbrepository.DBConnectionPool - Active Size:0 Cache Size:10
2022-04-29 12:50:05,064 [main] INFO com.dbrepository.PostGreSQLRepository - webInterface() :: select query: Select WEB_INTERFACE_ALLOWED from categories where category_name= ?
2022-04-29 12:50:05,171 [main] INFO com.dbrepository.PostGreSQLRepository - Database Returns: WEB_INTERFACE_ALLOWED (Y)
2022-04-29 12:50:05,174 [main] INFO com.dbrepository.PostGreSQLRepository - Exited webInterface()
2022-04-29 12:50:05,177 [main] INFO angular.feature.GiftRechargeRevamp - Entered performC2SGiftRechargeMSISDNSpecialCharacters(Root, Super Distributor, 1357, GRC)
2022-04-29 12:50:05,233 [main] INFO angular.classes.LoginRevamp - LoginID found as: AUT_48675
2022-04-29 12:50:05,235 [main] INFO angular.classes.LoginRevamp - Password found as: com@2468
2022-04-29 12:50:05,236 [main] INFO angular.classes.LoginRevamp - Username found as: AUTFN1393 AUTLN2379
2022-04-29 12:50:05,557 [main] INFO angular.pageobjects.loginpages.LoginPageRevamp - Trying to select Language1
2022-04-29 12:50:05,947 [main] INFO angular.pageobjects.loginpages.LoginPageRevamp - Language selected successfully as: English
2022-04-29 12:50:05,949 [main] INFO angular.pageobjects.loginpages.LoginPageRevamp - Trying to enter Login ID3
2022-04-29 12:50:06,133 [main] INFO angular.pageobjects.loginpages.LoginPageRevamp - Login ID entered successfully as: AUT_48675
2022-04-29 12:50:06,135 [main] INFO angular.pageobjects.loginpages.LoginPageRevamp - Trying to enter Password
2022-04-29 12:50:06,311 [main] INFO angular.pageobjects.loginpages.LoginPageRevamp - Password entered successfully as: com@2468
2022-04-29 12:50:06,313 [main] INFO angular.pageobjects.loginpages.LoginPageRevamp - Trying to click Login Button
2022-04-29 12:50:06,405 [main] INFO angular.pageobjects.loginpages.LoginPageRevamp - Login button clicked successfully
2022-04-29 12:50:06,448 [main] INFO angular.pageobjects.loginpages.LoginPageRevamp - Error Message Found on Login Screen: 
2022-04-29 12:50:07,683 [main] INFO angular.pageobjects.recharge.Recharges - User clicked Recharged Heading Link.
2022-04-29 12:50:28,124 [main] INFO com.classes.BaseTest - org.openqa.selenium.TimeoutException: Expected condition failed: waiting for visibility of [[ChromeDriver: chrome on WINDOWS (11a377bffb1a3be2ac14092954cafa0c)] -> xpath: //nav[@class='sidebar']//div[@class='nested-menu']//a[@id='recharge']] (tried for 20 second(s) with 500 milliseconds interval)
Build info: version: '3.10.0', revision: '176b4a9', time: '2018-03-02T19:03:16.397Z'
System info: host: 'MCKL-20005142', ip: '192.168.1.40', os.name: 'Windows 10', os.arch: 'amd64', os.version: '10.0', java.version: '1.8.0_291'
Driver info: org.openqa.selenium.chrome.ChromeDriver
Capabilities {acceptInsecureCerts: false, browserName: chrome, browserVersion: 101.0.4951.41, chrome: {chromedriverVersion: 101.0.4951.41 (93c720db8323..., userDataDir: C:\Users\SOURAB~1.AWA\AppDa...}, goog:chromeOptions: {debuggerAddress: localhost:54842}, javascriptEnabled: true, networkConnectionEnabled: false, pageLoadStrategy: normal, platform: WINDOWS, platformName: WINDOWS, proxy: Proxy(), setWindowRect: true, strictFileInteractability: false, timeouts: {implicit: 0, pageLoad: 300000, script: 30000}, unhandledPromptBehavior: dismiss and notify, webauthn:extension:credBlob: true, webauthn:extension:largeBlob: true, webauthn:virtualAuthenticators: true}
Session ID: 11a377bffb1a3be2ac14092954cafa0c
2022-04-29 12:50:49,156 [main] ERROR com.sshmanager.SSHService - Error while getting SSH Server Instance : com.jcraft.jsch.JSchException: java.net.ConnectException: Connection timed out: connect
2022-04-29 12:50:58,936 [main] INFO com.classes.UserAccessRevamp - Trying to get User with Access: R_O2C,E_WITHDRAW
2022-04-29 12:50:58,965 [main] INFO com.dbrepository.DBConnectionPool - Active Size:0 Cache Size:10
2022-04-29 12:50:58,966 [main] INFO com.dbrepository.PostGreSQLRepository - Entered :: getUserNameByLogin()
2022-04-29 12:50:59,079 [main] INFO com.dbrepository.PostGreSQLRepository - select USER_NAME from users where LOGIN_ID = 'AUT_60804'
2022-04-29 12:50:59,080 [main] INFO com.dbrepository.PostGreSQLRepository - Query Repository Returns: USER_NAME (null)
2022-04-29 12:50:59,081 [main] INFO com.classes.UserAccessRevamp - UserAccess Returns: PARENT_NAME(Super Admin) | CATEGORY_NAME(Super Channel Admin) | USER_NAME(null) | LOGIN_ID(AUT_60804) | PASSWORD(Com@2468)
2022-04-29 12:50:59,944 [main] INFO angular.testscripts.prereuisitesangular.PreRequisite_O2CWithdrawal_Revamp - ------------------ Test Case Execution Started For A_01_Test_O2CWithdrawalByMsisdn -------------------
2022-04-29 12:50:59,945 [main] INFO angular.testscripts.prereuisitesangular.PreRequisite_O2CWithdrawal_Revamp - Entered A_01_Test_O2CWithdrawalByMsisdn()
2022-04-29 12:51:00,000 [main] INFO com.utils.ExcelUtility - java.lang.NullPointerException
	at com.utils.ExcelUtility.getCellData(ExcelUtility.java:310)
	at com.utils.ExtentI.fetchValuefromDataProviderSheet(ExtentI.java:66)
	at com.utils.CommonUtils.roleCodeExistInLinkSheetRevamp(CommonUtils.java:178)
	at angular.testscripts.prereuisitesangular.PreRequisite_O2CWithdrawal_Revamp.A_01_Test_O2CWithdrawalByMsisdn(PreRequisite_O2CWithdrawal_Revamp.java:39)
	at sun.reflect.NativeMethodAccessorImpl.invoke0(Native Method)
	at sun.reflect.NativeMethodAccessorImpl.invoke(Unknown Source)
	at sun.reflect.DelegatingMethodAccessorImpl.invoke(Unknown Source)
	at java.lang.reflect.Method.invoke(Unknown Source)
	at org.testng.internal.MethodInvocationHelper.invokeMethod(MethodInvocationHelper.java:124)
	at org.testng.internal.Invoker.invokeMethod(Invoker.java:580)
	at org.testng.internal.Invoker.invokeTestMethod(Invoker.java:716)
	at org.testng.internal.Invoker.invokeTestMethods(Invoker.java:988)
	at org.testng.internal.TestMethodWorker.invokeTestMethods(TestMethodWorker.java:125)
	at org.testng.internal.TestMethodWorker.run(TestMethodWorker.java:109)
	at org.testng.TestRunner.privateRun(TestRunner.java:648)
	at org.testng.TestRunner.run(TestRunner.java:505)
	at org.testng.SuiteRunner.runTest(SuiteRunner.java:455)
	at org.testng.SuiteRunner.runSequentially(SuiteRunner.java:450)
	at org.testng.SuiteRunner.privateRun(SuiteRunner.java:415)
	at org.testng.SuiteRunner.run(SuiteRunner.java:364)
	at org.testng.SuiteRunnerWorker.runSuite(SuiteRunnerWorker.java:52)
	at org.testng.SuiteRunnerWorker.run(SuiteRunnerWorker.java:84)
	at org.testng.TestNG.runSuitesSequentially(TestNG.java:1208)
	at org.testng.TestNG.runSuitesLocally(TestNG.java:1137)
	at org.testng.TestNG.runSuites(TestNG.java:1049)
	at org.testng.TestNG.run(TestNG.java:1017)
	at org.testng.remote.AbstractRemoteTestNG.run(AbstractRemoteTestNG.java:115)
	at org.testng.remote.RemoteTestNG.initAndRun(RemoteTestNG.java:251)
	at org.testng.remote.RemoteTestNG.main(RemoteTestNG.java:77)

2022-04-29 12:51:00,067 [main] INFO com.utils.CommonUtils - Category Code for Super Channel Admin: SUBCU
2022-04-29 12:51:00,094 [main] INFO com.dbrepository.PostGreSQLRepository - Entered webInterface(Super Channel Admin)
2022-04-29 12:51:00,096 [main] INFO com.dbrepository.DBConnectionPool - Active Size:0 Cache Size:10
2022-04-29 12:51:00,098 [main] INFO com.dbrepository.PostGreSQLRepository - webInterface() :: select query: Select WEB_INTERFACE_ALLOWED from categories where category_name= ?
2022-04-29 12:51:00,206 [main] INFO com.dbrepository.PostGreSQLRepository - Database Returns: WEB_INTERFACE_ALLOWED (Y)
2022-04-29 12:51:00,208 [main] INFO com.dbrepository.PostGreSQLRepository - Exited webInterface()
2022-04-29 12:51:00,225 [main] INFO angular.feature.O2CWithdrawalRevamp - Entered performO2CWithdrawalByMsisdn(Super Channel Admin, 720231342216284)
2022-04-29 12:51:00,284 [main] INFO angular.classes.LoginRevamp - Login ID Found as: AUT_60804
2022-04-29 12:51:00,287 [main] INFO angular.classes.LoginRevamp - Password Found as: Com@2468
2022-04-29 12:51:00,785 [main] INFO angular.pageobjects.loginpages.LoginPageRevamp - Trying to select Language1
2022-04-29 12:51:01,051 [main] INFO angular.pageobjects.loginpages.LoginPageRevamp - Language selected successfully as: English
2022-04-29 12:51:01,053 [main] INFO angular.pageobjects.loginpages.LoginPageRevamp - Trying to enter Login ID3
2022-04-29 12:51:01,218 [main] INFO angular.pageobjects.loginpages.LoginPageRevamp - Login ID entered successfully as: AUT_60804
2022-04-29 12:51:01,220 [main] INFO angular.pageobjects.loginpages.LoginPageRevamp - Trying to enter Password
2022-04-29 12:51:01,383 [main] INFO angular.pageobjects.loginpages.LoginPageRevamp - Password entered successfully as: Com@2468
2022-04-29 12:51:01,385 [main] INFO angular.pageobjects.loginpages.LoginPageRevamp - Trying to click Login Button
2022-04-29 12:51:01,477 [main] INFO angular.pageobjects.loginpages.LoginPageRevamp - Login button clicked successfully
2022-04-29 12:51:01,532 [main] INFO angular.pageobjects.loginpages.LoginPageRevamp - Error Message Found on Login Screen: 
2022-04-29 12:51:21,730 [main] INFO com.classes.BaseTest - org.openqa.selenium.TimeoutException: Expected condition failed: waiting for visibility of element located by By.xpath: //button[@id='toggle-2-button'] (tried for 20 second(s) with 500 milliseconds interval)
2022-04-29 12:51:42,780 [main] ERROR com.sshmanager.SSHService - Error while getting SSH Server Instance : com.jcraft.jsch.JSchException: java.net.ConnectException: Connection timed out: connect
2022-04-29 12:51:44,040 [main] INFO angular.testscripts.prereuisitesangular.PreRequisite_O2CWithdrawal_Revamp - ------------------ Test Case Execution Started For A_01_Test_O2CWithdrawalByMsisdn -------------------
2022-04-29 12:51:44,040 [main] INFO angular.testscripts.prereuisitesangular.PreRequisite_O2CWithdrawal_Revamp - Entered A_01_Test_O2CWithdrawalByMsisdn()
2022-04-29 12:51:44,074 [main] INFO com.utils.ExcelUtility - java.lang.NullPointerException

2022-04-29 12:51:44,107 [main] INFO com.utils.CommonUtils - Category Code for Super Channel Admin: SUBCU
2022-04-29 12:51:44,124 [main] INFO com.dbrepository.PostGreSQLRepository - Entered webInterface(Super Channel Admin)
2022-04-29 12:51:44,126 [main] INFO com.dbrepository.DBConnectionPool - Active Size:0 Cache Size:10
2022-04-29 12:51:44,127 [main] INFO com.dbrepository.PostGreSQLRepository - webInterface() :: select query: Select WEB_INTERFACE_ALLOWED from categories where category_name= ?
2022-04-29 12:51:44,236 [main] INFO com.dbrepository.PostGreSQLRepository - Database Returns: WEB_INTERFACE_ALLOWED (Y)
2022-04-29 12:51:44,239 [main] INFO com.dbrepository.PostGreSQLRepository - Exited webInterface()
2022-04-29 12:51:44,242 [main] INFO angular.feature.O2CWithdrawalRevamp - Entered performO2CWithdrawalByMsisdn(Super Channel Admin, 720231342216284)
2022-04-29 12:51:44,295 [main] INFO angular.classes.LoginRevamp - Login ID Found as: AUT_60804
2022-04-29 12:51:44,297 [main] INFO angular.classes.LoginRevamp - Password Found as: Com@2468
2022-04-29 12:51:44,675 [main] INFO angular.pageobjects.loginpages.LoginPageRevamp - Trying to select Language1
2022-04-29 12:51:45,062 [main] INFO angular.pageobjects.loginpages.LoginPageRevamp - Language selected successfully as: English
2022-04-29 12:51:45,063 [main] INFO angular.pageobjects.loginpages.LoginPageRevamp - Trying to enter Login ID3
2022-04-29 12:51:45,207 [main] INFO angular.pageobjects.loginpages.LoginPageRevamp - Login ID entered successfully as: AUT_60804
2022-04-29 12:51:45,208 [main] INFO angular.pageobjects.loginpages.LoginPageRevamp - Trying to enter Password
2022-04-29 12:51:45,354 [main] INFO angular.pageobjects.loginpages.LoginPageRevamp - Password entered successfully as: Com@2468
2022-04-29 12:51:45,355 [main] INFO angular.pageobjects.loginpages.LoginPageRevamp - Trying to click Login Button
2022-04-29 12:51:45,444 [main] INFO angular.pageobjects.loginpages.LoginPageRevamp - Login button clicked successfully
2022-04-29 12:51:45,499 [main] INFO angular.pageobjects.loginpages.LoginPageRevamp - Error Message Found on Login Screen: 
2022-04-29 12:52:05,678 [main] INFO com.classes.BaseTest - org.openqa.selenium.TimeoutException: Expected condition failed: waiting for visibility of element located by By.xpath: //button[@id='toggle-2-button'] (tried for 20 second(s) with 500 milliseconds interval)
2022-04-29 12:52:26,721 [main] ERROR com.sshmanager.SSHService - Error while getting SSH Server Instance : com.jcraft.jsch.JSchException: java.net.ConnectException: Connection timed out: connect
2022-04-29 12:52:27,854 [main] INFO com.classes.UserAccessRevamp - Trying to get User with Access: R_O2C,E_WITHDRAW
2022-04-29 12:52:27,873 [main] INFO com.dbrepository.DBConnectionPool - Active Size:0 Cache Size:10
2022-04-29 12:52:27,874 [main] INFO com.dbrepository.PostGreSQLRepository - Entered :: getUserNameByLogin()
2022-04-29 12:52:27,967 [main] INFO com.dbrepository.PostGreSQLRepository - select USER_NAME from users where LOGIN_ID = 'AUT_60804'
2022-04-29 12:52:27,969 [main] INFO com.dbrepository.PostGreSQLRepository - Query Repository Returns: USER_NAME (null)
2022-04-29 12:52:27,970 [main] INFO com.classes.UserAccessRevamp - UserAccess Returns: PARENT_NAME(Super Admin) | CATEGORY_NAME(Super Channel Admin) | USER_NAME(null) | LOGIN_ID(AUT_60804) | PASSWORD(Com@2468)
2022-04-29 12:52:28,434 [main] INFO angular.testscripts.prereuisitesangular.PreRequisite_O2CWithdrawal_Revamp - ------------------ Test Case Execution Started For A_02_Test_O2CWithdrawalByUserName -------------------
2022-04-29 12:52:28,434 [main] INFO angular.testscripts.prereuisitesangular.PreRequisite_O2CWithdrawal_Revamp - Entered A_02_Test_O2CWithdrawalByUserName()
2022-04-29 12:52:28,469 [main] INFO com.utils.ExcelUtility - java.lang.NullPointerException

2022-04-29 12:52:28,511 [main] INFO com.utils.CommonUtils - Category Code for Super Channel Admin: SUBCU
2022-04-29 12:52:28,527 [main] INFO com.dbrepository.PostGreSQLRepository - Entered webInterface(Super Channel Admin)
2022-04-29 12:52:28,529 [main] INFO com.dbrepository.DBConnectionPool - Active Size:0 Cache Size:10
2022-04-29 12:52:28,530 [main] INFO com.dbrepository.PostGreSQLRepository - webInterface() :: select query: Select WEB_INTERFACE_ALLOWED from categories where category_name= ?
2022-04-29 12:52:28,633 [main] INFO com.dbrepository.PostGreSQLRepository - Database Returns: WEB_INTERFACE_ALLOWED (Y)
2022-04-29 12:52:28,634 [main] INFO com.dbrepository.PostGreSQLRepository - Exited webInterface()
2022-04-29 12:52:28,636 [main] INFO angular.feature.O2CWithdrawalRevamp - Entered performO2CWithdrawalByUserName(Super Channel Admin, AUTFN1393 AUTLN2379, Distributor, Super Distributor, AUT63dCN)
2022-04-29 12:52:28,689 [main] INFO angular.classes.LoginRevamp - Login ID Found as: AUT_60804
2022-04-29 12:52:28,691 [main] INFO angular.classes.LoginRevamp - Password Found as: Com@2468
2022-04-29 12:52:29,017 [main] INFO angular.pageobjects.loginpages.LoginPageRevamp - Trying to select Language1
2022-04-29 12:52:29,404 [main] INFO angular.pageobjects.loginpages.LoginPageRevamp - Language selected successfully as: English
2022-04-29 12:52:29,406 [main] INFO angular.pageobjects.loginpages.LoginPageRevamp - Trying to enter Login ID3
2022-04-29 12:52:29,560 [main] INFO angular.pageobjects.loginpages.LoginPageRevamp - Login ID entered successfully as: AUT_60804
2022-04-29 12:52:29,561 [main] INFO angular.pageobjects.loginpages.LoginPageRevamp - Trying to enter Password
2022-04-29 12:52:29,707 [main] INFO angular.pageobjects.loginpages.LoginPageRevamp - Password entered successfully as: Com@2468
2022-04-29 12:52:29,708 [main] INFO angular.pageobjects.loginpages.LoginPageRevamp - Trying to click Login Button
2022-04-29 12:52:29,800 [main] INFO angular.pageobjects.loginpages.LoginPageRevamp - Login button clicked successfully
2022-04-29 12:52:29,843 [main] INFO angular.pageobjects.loginpages.LoginPageRevamp - Error Message Found on Login Screen: 
2022-04-29 12:52:50,053 [main] INFO com.classes.BaseTest - org.openqa.selenium.TimeoutException: Expected condition failed: waiting for visibility of element located by By.xpath: //button[@id='toggle-2-button'] (tried for 20 second(s) with 500 milliseconds interval)
2022-04-29 12:53:11,082 [main] ERROR com.sshmanager.SSHService - Error while getting SSH Server Instance : com.jcraft.jsch.JSchException: java.net.ConnectException: Connection timed out: connect
2022-04-29 12:53:12,551 [main] INFO angular.testscripts.prereuisitesangular.PreRequisite_O2CWithdrawal_Revamp - ------------------ Test Case Execution Started For A_02_Test_O2CWithdrawalByUserName -------------------
2022-04-29 12:53:12,551 [main] INFO angular.testscripts.prereuisitesangular.PreRequisite_O2CWithdrawal_Revamp - Entered A_02_Test_O2CWithdrawalByUserName()
2022-04-29 12:53:12,587 [main] INFO com.utils.ExcelUtility - java.lang.NullPointerException

2022-04-29 12:53:12,631 [main] INFO com.utils.CommonUtils - Category Code for Super Channel Admin: SUBCU
2022-04-29 12:53:12,648 [main] INFO com.dbrepository.PostGreSQLRepository - Entered webInterface(Super Channel Admin)
2022-04-29 12:53:12,649 [main] INFO com.dbrepository.DBConnectionPool - Active Size:0 Cache Size:10
2022-04-29 12:53:12,651 [main] INFO com.dbrepository.PostGreSQLRepository - webInterface() :: select query: Select WEB_INTERFACE_ALLOWED from categories where category_name= ?
2022-04-29 12:53:12,743 [main] INFO com.dbrepository.PostGreSQLRepository - Database Returns: WEB_INTERFACE_ALLOWED (Y)
2022-04-29 12:53:12,744 [main] INFO com.dbrepository.PostGreSQLRepository - Exited webInterface()
2022-04-29 12:53:12,746 [main] INFO angular.feature.O2CWithdrawalRevamp - Entered performO2CWithdrawalByUserName(Super Channel Admin, AUTFN1393 AUTLN2379, Distributor, Super Distributor, AUT63dCN)
2022-04-29 12:53:12,792 [main] INFO angular.classes.LoginRevamp - Login ID Found as: AUT_60804
2022-04-29 12:53:12,793 [main] INFO angular.classes.LoginRevamp - Password Found as: Com@2468
2022-04-29 12:53:13,109 [main] INFO angular.pageobjects.loginpages.LoginPageRevamp - Trying to select Language1
2022-04-29 12:53:13,431 [main] INFO angular.pageobjects.loginpages.LoginPageRevamp - Language selected successfully as: English
2022-04-29 12:53:13,432 [main] INFO angular.pageobjects.loginpages.LoginPageRevamp - Trying to enter Login ID3
2022-04-29 12:53:13,572 [main] INFO angular.pageobjects.loginpages.LoginPageRevamp - Login ID entered successfully as: AUT_60804
2022-04-29 12:53:13,573 [main] INFO angular.pageobjects.loginpages.LoginPageRevamp - Trying to enter Password
2022-04-29 12:53:13,709 [main] INFO angular.pageobjects.loginpages.LoginPageRevamp - Password entered successfully as: Com@2468
2022-04-29 12:53:13,711 [main] INFO angular.pageobjects.loginpages.LoginPageRevamp - Trying to click Login Button
2022-04-29 12:53:13,801 [main] INFO angular.pageobjects.loginpages.LoginPageRevamp - Login button clicked successfully
2022-04-29 12:53:13,847 [main] INFO angular.pageobjects.loginpages.LoginPageRevamp - Error Message Found on Login Screen: 
2022-04-29 12:53:33,995 [main] INFO com.classes.BaseTest - org.openqa.selenium.TimeoutException: Expected condition failed: waiting for visibility of element located by By.xpath: //button[@id='toggle-2-button'] (tried for 20 second(s) with 500 milliseconds interval)
2022-04-29 12:53:55,042 [main] ERROR com.sshmanager.SSHService - Error while getting SSH Server Instance : com.jcraft.jsch.JSchException: java.net.ConnectException: Connection timed out: connect
2022-04-29 12:53:56,198 [main] INFO com.classes.UserAccessRevamp - Trying to get User with Access: R_O2C,E_WITHDRAW
2022-04-29 12:53:56,215 [main] INFO com.dbrepository.DBConnectionPool - Active Size:0 Cache Size:10
2022-04-29 12:53:56,216 [main] INFO com.dbrepository.PostGreSQLRepository - Entered :: getUserNameByLogin()
2022-04-29 12:53:56,324 [main] INFO com.dbrepository.PostGreSQLRepository - select USER_NAME from users where LOGIN_ID = 'AUT_60804'
2022-04-29 12:53:56,326 [main] INFO com.dbrepository.PostGreSQLRepository - Query Repository Returns: USER_NAME (null)
2022-04-29 12:53:56,328 [main] INFO com.classes.UserAccessRevamp - UserAccess Returns: PARENT_NAME(Super Admin) | CATEGORY_NAME(Super Channel Admin) | USER_NAME(null) | LOGIN_ID(AUT_60804) | PASSWORD(Com@2468)
2022-04-29 12:53:56,806 [main] INFO angular.testscripts.prereuisitesangular.PreRequisite_O2CWithdrawal_Revamp - ------------------ Test Case Execution Started For A_03_Test_O2CWithdrawalByLoginId -------------------
2022-04-29 12:53:56,806 [main] INFO angular.testscripts.prereuisitesangular.PreRequisite_O2CWithdrawal_Revamp - Entered A_03_Test_O2CWithdrawalByLoginId()
2022-04-29 12:53:56,836 [main] INFO com.utils.ExcelUtility - java.lang.NullPointerException

2022-04-29 12:53:56,869 [main] INFO com.utils.CommonUtils - Category Code for Super Channel Admin: SUBCU
2022-04-29 12:53:56,886 [main] INFO com.dbrepository.PostGreSQLRepository - Entered webInterface(Super Channel Admin)
2022-04-29 12:53:56,887 [main] INFO com.dbrepository.DBConnectionPool - Active Size:0 Cache Size:10
2022-04-29 12:53:56,888 [main] INFO com.dbrepository.PostGreSQLRepository - webInterface() :: select query: Select WEB_INTERFACE_ALLOWED from categories where category_name= ?
2022-04-29 12:53:56,980 [main] INFO com.dbrepository.PostGreSQLRepository - Database Returns: WEB_INTERFACE_ALLOWED (Y)
2022-04-29 12:53:56,981 [main] INFO com.dbrepository.PostGreSQLRepository - Exited webInterface()
2022-04-29 12:53:56,983 [main] INFO angular.feature.O2CWithdrawalRevamp - Entered performO2CWithdrawalByLoginId(Super Channel Admin, AUT_48675, Super Distributor, Distributor)
2022-04-29 12:53:57,015 [main] INFO angular.classes.LoginRevamp - Login ID Found as: AUT_60804
2022-04-29 12:53:57,016 [main] INFO angular.classes.LoginRevamp - Password Found as: Com@2468
2022-04-29 12:53:57,329 [main] INFO angular.pageobjects.loginpages.LoginPageRevamp - Trying to select Language1
2022-04-29 12:53:57,684 [main] INFO angular.pageobjects.loginpages.LoginPageRevamp - Language selected successfully as: English
2022-04-29 12:53:57,685 [main] INFO angular.pageobjects.loginpages.LoginPageRevamp - Trying to enter Login ID3
2022-04-29 12:53:57,822 [main] INFO angular.pageobjects.loginpages.LoginPageRevamp - Login ID entered successfully as: AUT_60804
2022-04-29 12:53:57,824 [main] INFO angular.pageobjects.loginpages.LoginPageRevamp - Trying to enter Password
2022-04-29 12:53:57,957 [main] INFO angular.pageobjects.loginpages.LoginPageRevamp - Password entered successfully as: Com@2468
2022-04-29 12:53:57,958 [main] INFO angular.pageobjects.loginpages.LoginPageRevamp - Trying to click Login Button
2022-04-29 12:53:58,053 [main] INFO angular.pageobjects.loginpages.LoginPageRevamp - Login button clicked successfully
2022-04-29 12:53:58,101 [main] INFO angular.pageobjects.loginpages.LoginPageRevamp - Error Message Found on Login Screen: 
2022-04-29 12:54:18,357 [main] INFO com.classes.BaseTest - org.openqa.selenium.TimeoutException: Expected condition failed: waiting for visibility of element located by By.xpath: //button[@id='toggle-2-button'] (tried for 20 second(s) with 500 milliseconds interval)
2022-04-29 12:54:39,406 [main] ERROR com.sshmanager.SSHService - Error while getting SSH Server Instance : com.jcraft.jsch.JSchException: java.net.ConnectException: Connection timed out: connect
2022-04-29 12:54:40,603 [main] INFO angular.testscripts.prereuisitesangular.PreRequisite_O2CWithdrawal_Revamp - ------------------ Test Case Execution Started For A_03_Test_O2CWithdrawalByLoginId -------------------
2022-04-29 12:54:40,603 [main] INFO angular.testscripts.prereuisitesangular.PreRequisite_O2CWithdrawal_Revamp - Entered A_03_Test_O2CWithdrawalByLoginId()
2022-04-29 12:54:40,633 [main] INFO com.utils.ExcelUtility - java.lang.NullPointerException

2022-04-29 12:54:40,666 [main] INFO com.utils.CommonUtils - Category Code for Super Channel Admin: SUBCU
2022-04-29 12:54:40,682 [main] INFO com.dbrepository.PostGreSQLRepository - Entered webInterface(Super Channel Admin)
2022-04-29 12:54:40,684 [main] INFO com.dbrepository.DBConnectionPool - Active Size:0 Cache Size:10
2022-04-29 12:54:40,685 [main] INFO com.dbrepository.PostGreSQLRepository - webInterface() :: select query: Select WEB_INTERFACE_ALLOWED from categories where category_name= ?
2022-04-29 12:54:40,779 [main] INFO com.dbrepository.PostGreSQLRepository - Database Returns: WEB_INTERFACE_ALLOWED (Y)
2022-04-29 12:54:40,781 [main] INFO com.dbrepository.PostGreSQLRepository - Exited webInterface()
2022-04-29 12:54:40,783 [main] INFO angular.feature.O2CWithdrawalRevamp - Entered performO2CWithdrawalByLoginId(Super Channel Admin, AUT_48675, Super Distributor, Distributor)
2022-04-29 12:54:40,820 [main] INFO angular.classes.LoginRevamp - Login ID Found as: AUT_60804
2022-04-29 12:54:40,821 [main] INFO angular.classes.LoginRevamp - Password Found as: Com@2468
2022-04-29 12:54:41,177 [main] INFO angular.pageobjects.loginpages.LoginPageRevamp - Trying to select Language1
2022-04-29 12:54:41,551 [main] INFO angular.pageobjects.loginpages.LoginPageRevamp - Language selected successfully as: English
2022-04-29 12:54:41,553 [main] INFO angular.pageobjects.loginpages.LoginPageRevamp - Trying to enter Login ID3
2022-04-29 12:54:41,706 [main] INFO angular.pageobjects.loginpages.LoginPageRevamp - Login ID entered successfully as: AUT_60804
2022-04-29 12:54:41,707 [main] INFO angular.pageobjects.loginpages.LoginPageRevamp - Trying to enter Password
2022-04-29 12:54:41,854 [main] INFO angular.pageobjects.loginpages.LoginPageRevamp - Password entered successfully as: Com@2468
2022-04-29 12:54:41,856 [main] INFO angular.pageobjects.loginpages.LoginPageRevamp - Trying to click Login Button
2022-04-29 12:54:41,939 [main] INFO angular.pageobjects.loginpages.LoginPageRevamp - Login button clicked successfully
2022-04-29 12:54:41,991 [main] INFO angular.pageobjects.loginpages.LoginPageRevamp - Error Message Found on Login Screen: 
2022-04-29 12:55:02,235 [main] INFO com.classes.BaseTest - org.openqa.selenium.TimeoutException: Expected condition failed: waiting for visibility of element located by By.xpath: //button[@id='toggle-2-button'] (tried for 20 second(s) with 500 milliseconds interval)
2022-04-29 12:55:23,278 [main] ERROR com.sshmanager.SSHService - Error while getting SSH Server Instance : com.jcraft.jsch.JSchException: java.net.ConnectException: Connection timed out: connect
2022-04-29 12:55:24,527 [main] INFO com.classes.UserAccessRevamp - Trying to get User with Access: R_O2C,E_WITHDRAW
2022-04-29 12:55:24,544 [main] INFO com.dbrepository.DBConnectionPool - Active Size:0 Cache Size:10
2022-04-29 12:55:24,546 [main] INFO com.dbrepository.PostGreSQLRepository - Entered :: getUserNameByLogin()
2022-04-29 12:55:24,633 [main] INFO com.dbrepository.PostGreSQLRepository - select USER_NAME from users where LOGIN_ID = 'AUT_60804'
2022-04-29 12:55:24,635 [main] INFO com.dbrepository.PostGreSQLRepository - Query Repository Returns: USER_NAME (null)
2022-04-29 12:55:24,636 [main] INFO com.classes.UserAccessRevamp - UserAccess Returns: PARENT_NAME(Super Admin) | CATEGORY_NAME(Super Channel Admin) | USER_NAME(null) | LOGIN_ID(AUT_60804) | PASSWORD(Com@2468)
2022-04-29 12:55:25,141 [main] INFO angular.testscripts.prereuisitesangular.PreRequisite_O2CWithdrawal_Revamp - ------------------ Test Case Execution Started For A_04_Test_O2CWithdrawalWithWrongPin -------------------
2022-04-29 12:55:25,141 [main] INFO angular.testscripts.prereuisitesangular.PreRequisite_O2CWithdrawal_Revamp - Entered A_04_Test_O2CWithdrawalWithWrongPin()
2022-04-29 12:55:25,184 [main] INFO com.utils.ExcelUtility - java.lang.NullPointerException

2022-04-29 12:55:25,221 [main] INFO com.utils.CommonUtils - Category Code for Super Channel Admin: SUBCU
2022-04-29 12:55:25,242 [main] INFO com.dbrepository.PostGreSQLRepository - Entered webInterface(Super Channel Admin)
2022-04-29 12:55:25,244 [main] INFO com.dbrepository.DBConnectionPool - Active Size:0 Cache Size:10
2022-04-29 12:55:25,246 [main] INFO com.dbrepository.PostGreSQLRepository - webInterface() :: select query: Select WEB_INTERFACE_ALLOWED from categories where category_name= ?
2022-04-29 12:55:25,329 [main] INFO com.dbrepository.PostGreSQLRepository - Database Returns: WEB_INTERFACE_ALLOWED (Y)
2022-04-29 12:55:25,331 [main] INFO com.dbrepository.PostGreSQLRepository - Exited webInterface()
2022-04-29 12:55:25,333 [main] INFO angular.feature.O2CWithdrawalRevamp - Entered performO2CWithdrawalWithWrongPin(Super Channel Admin, 720231342216284)
2022-04-29 12:55:25,376 [main] INFO angular.classes.LoginRevamp - Login ID Found as: AUT_60804
2022-04-29 12:55:25,378 [main] INFO angular.classes.LoginRevamp - Password Found as: Com@2468
2022-04-29 12:55:25,761 [main] INFO angular.pageobjects.loginpages.LoginPageRevamp - Trying to select Language1
2022-04-29 12:55:26,097 [main] INFO angular.pageobjects.loginpages.LoginPageRevamp - Language selected successfully as: English
2022-04-29 12:55:26,099 [main] INFO angular.pageobjects.loginpages.LoginPageRevamp - Trying to enter Login ID3
2022-04-29 12:55:26,257 [main] INFO angular.pageobjects.loginpages.LoginPageRevamp - Login ID entered successfully as: AUT_60804
2022-04-29 12:55:26,258 [main] INFO angular.pageobjects.loginpages.LoginPageRevamp - Trying to enter Password
2022-04-29 12:55:26,403 [main] INFO angular.pageobjects.loginpages.LoginPageRevamp - Password entered successfully as: Com@2468
2022-04-29 12:55:26,404 [main] INFO angular.pageobjects.loginpages.LoginPageRevamp - Trying to click Login Button
2022-04-29 12:55:26,493 [main] INFO angular.pageobjects.loginpages.LoginPageRevamp - Login button clicked successfully
2022-04-29 12:55:26,543 [main] INFO angular.pageobjects.loginpages.LoginPageRevamp - Error Message Found on Login Screen: 
2022-04-29 12:55:46,774 [main] INFO com.classes.BaseTest - org.openqa.selenium.TimeoutException: Expected condition failed: waiting for visibility of element located by By.xpath: //button[@id='toggle-2-button'] (tried for 20 second(s) with 500 milliseconds interval)
2022-04-29 12:56:07,829 [main] ERROR com.sshmanager.SSHService - Error while getting SSH Server Instance : com.jcraft.jsch.JSchException: java.net.ConnectException: Connection timed out: connect
2022-04-29 12:56:09,034 [main] INFO angular.testscripts.prereuisitesangular.PreRequisite_O2CWithdrawal_Revamp - ------------------ Test Case Execution Started For A_04_Test_O2CWithdrawalWithWrongPin -------------------
2022-04-29 12:56:09,034 [main] INFO angular.testscripts.prereuisitesangular.PreRequisite_O2CWithdrawal_Revamp - Entered A_04_Test_O2CWithdrawalWithWrongPin()
2022-04-29 12:56:09,069 [main] INFO com.utils.ExcelUtility - java.lang.NullPointerException

2022-04-29 12:56:09,102 [main] INFO com.utils.CommonUtils - Category Code for Super Channel Admin: SUBCU
2022-04-29 12:56:09,121 [main] INFO com.dbrepository.PostGreSQLRepository - Entered webInterface(Super Channel Admin)
2022-04-29 12:56:09,123 [main] INFO com.dbrepository.DBConnectionPool - Active Size:0 Cache Size:10
2022-04-29 12:56:09,124 [main] INFO com.dbrepository.PostGreSQLRepository - webInterface() :: select query: Select WEB_INTERFACE_ALLOWED from categories where category_name= ?
2022-04-29 12:56:09,203 [main] INFO com.dbrepository.PostGreSQLRepository - Database Returns: WEB_INTERFACE_ALLOWED (Y)
2022-04-29 12:56:09,204 [main] INFO com.dbrepository.PostGreSQLRepository - Exited webInterface()
2022-04-29 12:56:09,207 [main] INFO angular.feature.O2CWithdrawalRevamp - Entered performO2CWithdrawalWithWrongPin(Super Channel Admin, 720231342216284)
2022-04-29 12:56:09,273 [main] INFO angular.classes.LoginRevamp - Login ID Found as: AUT_60804
2022-04-29 12:56:09,274 [main] INFO angular.classes.LoginRevamp - Password Found as: Com@2468
2022-04-29 12:56:09,609 [main] INFO angular.pageobjects.loginpages.LoginPageRevamp - Trying to select Language1
2022-04-29 12:56:10,010 [main] INFO angular.pageobjects.loginpages.LoginPageRevamp - Language selected successfully as: English
2022-04-29 12:56:10,012 [main] INFO angular.pageobjects.loginpages.LoginPageRevamp - Trying to enter Login ID3
2022-04-29 12:56:10,160 [main] INFO angular.pageobjects.loginpages.LoginPageRevamp - Login ID entered successfully as: AUT_60804
2022-04-29 12:56:10,162 [main] INFO angular.pageobjects.loginpages.LoginPageRevamp - Trying to enter Password
2022-04-29 12:56:10,299 [main] INFO angular.pageobjects.loginpages.LoginPageRevamp - Password entered successfully as: Com@2468
2022-04-29 12:56:10,301 [main] INFO angular.pageobjects.loginpages.LoginPageRevamp - Trying to click Login Button
2022-04-29 12:56:10,390 [main] INFO angular.pageobjects.loginpages.LoginPageRevamp - Login button clicked successfully
2022-04-29 12:56:10,438 [main] INFO angular.pageobjects.loginpages.LoginPageRevamp - Error Message Found on Login Screen: 
2022-04-29 12:56:30,687 [main] INFO com.classes.BaseTest - org.openqa.selenium.TimeoutException: Expected condition failed: waiting for visibility of element located by By.xpath: //button[@id='toggle-2-button'] (tried for 20 second(s) with 500 milliseconds interval)
2022-04-29 12:56:51,720 [main] ERROR com.sshmanager.SSHService - Error while getting SSH Server Instance : com.jcraft.jsch.JSchException: java.net.ConnectException: Connection timed out: connect
2022-04-29 12:56:52,906 [main] INFO com.classes.UserAccessRevamp - Trying to get User with Access: R_O2C,E_WITHDRAW
2022-04-29 12:56:52,927 [main] INFO com.dbrepository.DBConnectionPool - Active Size:0 Cache Size:10
2022-04-29 12:56:52,929 [main] INFO com.dbrepository.PostGreSQLRepository - Entered :: getUserNameByLogin()
2022-04-29 12:56:53,020 [main] INFO com.dbrepository.PostGreSQLRepository - select USER_NAME from users where LOGIN_ID = 'AUT_60804'
2022-04-29 12:56:53,023 [main] INFO com.dbrepository.PostGreSQLRepository - Query Repository Returns: USER_NAME (null)
2022-04-29 12:56:53,025 [main] INFO com.classes.UserAccessRevamp - UserAccess Returns: PARENT_NAME(Super Admin) | CATEGORY_NAME(Super Channel Admin) | USER_NAME(null) | LOGIN_ID(AUT_60804) | PASSWORD(Com@2468)
2022-04-29 12:56:53,508 [main] INFO angular.testscripts.prereuisitesangular.PreRequisite_O2CWithdrawal_Revamp - ------------------ Test Case Execution Started For A_05_Test_O2CWithdrawalCheckPinReset -------------------
2022-04-29 12:56:53,508 [main] INFO angular.testscripts.prereuisitesangular.PreRequisite_O2CWithdrawal_Revamp - Entered A_05_Test_O2CWithdrawalCheckPinReset()
2022-04-29 12:56:53,542 [main] INFO com.utils.ExcelUtility - java.lang.NullPointerException

2022-04-29 12:56:53,589 [main] INFO com.utils.CommonUtils - Category Code for Super Channel Admin: SUBCU
2022-04-29 12:56:53,607 [main] INFO com.dbrepository.PostGreSQLRepository - Entered webInterface(Super Channel Admin)
2022-04-29 12:56:53,608 [main] INFO com.dbrepository.DBConnectionPool - Active Size:0 Cache Size:10
2022-04-29 12:56:53,610 [main] INFO com.dbrepository.PostGreSQLRepository - webInterface() :: select query: Select WEB_INTERFACE_ALLOWED from categories where category_name= ?
2022-04-29 12:56:53,689 [main] INFO com.dbrepository.PostGreSQLRepository - Database Returns: WEB_INTERFACE_ALLOWED (Y)
2022-04-29 12:56:53,690 [main] INFO com.dbrepository.PostGreSQLRepository - Exited webInterface()
2022-04-29 12:56:53,692 [main] INFO angular.feature.O2CWithdrawalRevamp - Entered checkPinReset(Super Channel Admin, 720231342216284)
2022-04-29 12:56:53,744 [main] INFO angular.classes.LoginRevamp - Login ID Found as: AUT_60804
2022-04-29 12:56:53,746 [main] INFO angular.classes.LoginRevamp - Password Found as: Com@2468
2022-04-29 12:56:54,141 [main] INFO angular.pageobjects.loginpages.LoginPageRevamp - Trying to select Language1
2022-04-29 12:56:54,478 [main] INFO angular.pageobjects.loginpages.LoginPageRevamp - Language selected successfully as: English
2022-04-29 12:56:54,483 [main] INFO angular.pageobjects.loginpages.LoginPageRevamp - Trying to enter Login ID3
2022-04-29 12:56:54,631 [main] INFO angular.pageobjects.loginpages.LoginPageRevamp - Login ID entered successfully as: AUT_60804
2022-04-29 12:56:54,632 [main] INFO angular.pageobjects.loginpages.LoginPageRevamp - Trying to enter Password
2022-04-29 12:56:54,771 [main] INFO angular.pageobjects.loginpages.LoginPageRevamp - Password entered successfully as: Com@2468
2022-04-29 12:56:54,773 [main] INFO angular.pageobjects.loginpages.LoginPageRevamp - Trying to click Login Button
2022-04-29 12:56:54,859 [main] INFO angular.pageobjects.loginpages.LoginPageRevamp - Login button clicked successfully
2022-04-29 12:56:54,900 [main] INFO angular.pageobjects.loginpages.LoginPageRevamp - Error Message Found on Login Screen: 
2022-04-29 12:57:15,084 [main] INFO com.classes.BaseTest - org.openqa.selenium.TimeoutException: Expected condition failed: waiting for visibility of element located by By.xpath: //button[@id='toggle-2-button'] (tried for 20 second(s) with 500 milliseconds interval)
2022-04-29 12:57:36,129 [main] ERROR com.sshmanager.SSHService - Error while getting SSH Server Instance : com.jcraft.jsch.JSchException: java.net.ConnectException: Connection timed out: connect
2022-04-29 12:57:37,521 [main] INFO angular.testscripts.prereuisitesangular.PreRequisite_O2CWithdrawal_Revamp - ------------------ Test Case Execution Started For A_05_Test_O2CWithdrawalCheckPinReset -------------------
2022-04-29 12:57:37,521 [main] INFO angular.testscripts.prereuisitesangular.PreRequisite_O2CWithdrawal_Revamp - Entered A_05_Test_O2CWithdrawalCheckPinReset()
2022-04-29 12:57:37,565 [main] INFO com.utils.ExcelUtility - java.lang.NullPointerException

2022-04-29 12:57:37,602 [main] INFO com.utils.CommonUtils - Category Code for Super Channel Admin: SUBCU
2022-04-29 12:57:37,627 [main] INFO com.dbrepository.PostGreSQLRepository - Entered webInterface(Super Channel Admin)
2022-04-29 12:57:37,629 [main] INFO com.dbrepository.DBConnectionPool - Active Size:0 Cache Size:10
2022-04-29 12:57:37,631 [main] INFO com.dbrepository.PostGreSQLRepository - webInterface() :: select query: Select WEB_INTERFACE_ALLOWED from categories where category_name= ?
2022-04-29 12:57:37,724 [main] INFO com.dbrepository.PostGreSQLRepository - Database Returns: WEB_INTERFACE_ALLOWED (Y)
2022-04-29 12:57:37,725 [main] INFO com.dbrepository.PostGreSQLRepository - Exited webInterface()
2022-04-29 12:57:37,727 [main] INFO angular.feature.O2CWithdrawalRevamp - Entered checkPinReset(Super Channel Admin, 720231342216284)
2022-04-29 12:57:37,762 [main] INFO angular.classes.LoginRevamp - Login ID Found as: AUT_60804
2022-04-29 12:57:37,764 [main] INFO angular.classes.LoginRevamp - Password Found as: Com@2468
2022-04-29 12:57:38,107 [main] INFO angular.pageobjects.loginpages.LoginPageRevamp - Trying to select Language1
2022-04-29 12:57:38,495 [main] INFO angular.pageobjects.loginpages.LoginPageRevamp - Language selected successfully as: English
2022-04-29 12:57:38,498 [main] INFO angular.pageobjects.loginpages.LoginPageRevamp - Trying to enter Login ID3
2022-04-29 12:57:38,648 [main] INFO angular.pageobjects.loginpages.LoginPageRevamp - Login ID entered successfully as: AUT_60804
2022-04-29 12:57:38,650 [main] INFO angular.pageobjects.loginpages.LoginPageRevamp - Trying to enter Password
2022-04-29 12:57:38,785 [main] INFO angular.pageobjects.loginpages.LoginPageRevamp - Password entered successfully as: Com@2468
2022-04-29 12:57:38,786 [main] INFO angular.pageobjects.loginpages.LoginPageRevamp - Trying to click Login Button
2022-04-29 12:57:38,878 [main] INFO angular.pageobjects.loginpages.LoginPageRevamp - Login button clicked successfully
2022-04-29 12:57:38,919 [main] INFO angular.pageobjects.loginpages.LoginPageRevamp - Error Message Found on Login Screen: 
2022-04-29 12:57:59,140 [main] INFO com.classes.BaseTest - org.openqa.selenium.TimeoutException: Expected condition failed: waiting for visibility of element located by By.xpath: //button[@id='toggle-2-button'] (tried for 20 second(s) with 500 milliseconds interval)
2022-04-29 12:58:20,184 [main] ERROR com.sshmanager.SSHService - Error while getting SSH Server Instance : com.jcraft.jsch.JSchException: java.net.ConnectException: Connection timed out: connect
