2022-06-20 17:26:36,234 [main] INFO com.classes.BaseTest - Loading all methods from -masterVO class
2022-06-20 17:26:36,239 [main] INFO com.utils._masterVO - Loading Properties file from: .//src//test//resources//sysconfig//Constant.properties
2022-06-20 17:26:36,244 [main] INFO com.utils._masterVO - Properties File Loaded successfully
2022-06-20 17:26:36,246 [main] INFO com.utils._masterVO - Loading Master Sheet from: src//test//resources//config//DataProvider.xlsx
2022-06-20 17:26:36,937 [main] INFO com.utils._masterVO - Master Sheet Loaded successfully
2022-06-20 17:26:36,939 [main] INFO com.utils._masterVO - Loading Client Library for Client Versioning from: .//src//test//resources//sysconfig//ClientLib.properties
2022-06-20 17:26:36,952 [main] INFO com.utils._masterVO - Client Library Loaded successfully
2022-06-20 17:26:37,600 [main] INFO com.utils._masterVO - Loading test case file file from: .//src//test//resources//sysconfig//testCaseFile.properties
2022-06-20 17:26:37,615 [main] INFO com.utils._masterVO - Test cases file Loaded successfully
2022-06-20 17:26:37,617 [main] INFO com.utils._masterVO - Loading Web Cases Master file from: .//src//test//resources//config//testCaseFile.properties
2022-06-20 17:26:37,634 [main] INFO com.utils._masterVO - Gateway Cases Master File Loaded successfully
2022-06-20 17:26:37,667 [main] INFO com.dbrepository.DBHandler - Entered Access Handler :: Oracle
2022-06-20 17:26:37,673 [main] INFO com.commons.CacheController - New Cache DAO Loaded :: UPDATECACHE_VER = 1
2022-06-20 17:26:37,676 [main] INFO com.dbrepository.OracleRepository - Entered getNetworkName(NG)
2022-06-20 17:26:37,707 [MLog-Init-Reporter] INFO com.mchange.v2.log.MLog - MLog clients using log4j logging.
2022-06-20 17:26:37,840 [main] INFO com.mchange.v2.c3p0.C3P0Registry - Initializing c3p0-0.9.5.2 [built 08-December-2015 22:06:04 -0800; debug? true; trace: 10]
2022-06-20 17:26:37,925 [main] INFO com.mchange.v2.c3p0.impl.AbstractPoolBackedDataSource - Initializing c3p0 pool... com.mchange.v2.c3p0.ComboPooledDataSource [ acquireIncrement -> 5, acquireRetryAttempts -> 30, acquireRetryDelay -> 1000, autoCommitOnClose -> false, automaticTestTable -> null, breakAfterAcquireFailure -> false, checkoutTimeout -> 0, connectionCustomizerClassName -> null, connectionTesterClassName -> com.mchange.v2.c3p0.impl.DefaultConnectionTester, contextClassLoaderSource -> caller, dataSourceName -> 1hge148apzs9i4m128h40m|4ef74c30, debugUnreturnedConnectionStackTraces -> false, description -> null, driverClass -> oracle.jdbc.driver.OracleDriver, extensions -> {}, factoryClassLocation -> null, forceIgnoreUnresolvedTransactions -> false, forceSynchronousCheckins -> false, forceUseNamedDriverClass -> false, identityToken -> 1hge148apzs9i4m128h40m|4ef74c30, idleConnectionTestPeriod -> 0, initialPoolSize -> 10, jdbcUrl -> jdbc:oracle:thin:@172.30.38.232:1526:test, maxAdministrativeTaskTime -> 0, maxConnectionAge -> 0, maxIdleTime -> 0, maxIdleTimeExcessConnections -> 0, maxPoolSize -> 20, maxStatements -> 0, maxStatementsPerConnection -> 0, minPoolSize -> 10, numHelperThreads -> 3, preferredTestQuery -> null, privilegeSpawnedThreads -> false, properties -> {user=******, password=******}, propertyCycle -> 0, statementCacheNumDeferredCloseThreads -> 0, testConnectionOnCheckin -> false, testConnectionOnCheckout -> false, unreturnedConnectionTimeout -> 0, userOverrides -> {}, usesTraditionalReflectiveProxies -> false ]
2022-06-20 17:26:39,658 [main] INFO com.dbrepository.OracleRepository - getNetworkName() :: select query: Select network_name from networks where network_code = ?
2022-06-20 17:26:39,823 [main] INFO com.dbrepository.OracleRepository - Database Returns: Network Name (Network GGN)
2022-06-20 17:26:39,825 [main] INFO com.dbrepository.OracleRepository - Exiting getNetworkName()
2022-06-20 17:26:39,826 [main] INFO com.dbrepository.OracleRepository - Entered getSystemPreference(AMOUNT_MULT_FACTOR)
2022-06-20 17:26:39,828 [main] INFO com.dbrepository.DBConnectionPool - Active Size:1 Cache Size:2
2022-06-20 17:26:39,830 [main] INFO com.dbrepository.OracleRepository - getSystemPreference() :: select query: select DEFAULT_VALUE from system_preferences where PREFERENCE_CODE = ?
2022-06-20 17:26:39,931 [main] INFO com.dbrepository.OracleRepository - Database Returns: DEFAULT_VALUE (100)
2022-06-20 17:26:39,933 [main] INFO com.dbrepository.OracleRepository - Exiting getSystemPreference()
2022-06-20 17:26:39,935 [main] INFO com.dbrepository.OracleRepository - Entered getSystemPreference(MSISDN_PREFIX_LENGTH)
2022-06-20 17:26:39,937 [main] INFO com.dbrepository.DBConnectionPool - Active Size:2 Cache Size:1
2022-06-20 17:26:39,938 [main] INFO com.dbrepository.OracleRepository - getSystemPreference() :: select query: select DEFAULT_VALUE from system_preferences where PREFERENCE_CODE = ?
2022-06-20 17:26:40,042 [main] INFO com.dbrepository.OracleRepository - Database Returns: DEFAULT_VALUE (2)
2022-06-20 17:26:40,043 [main] INFO com.dbrepository.OracleRepository - Exiting getSystemPreference()
2022-06-20 17:26:40,045 [main] INFO com.dbrepository.OracleRepository - Entered getSystemPreference(MAX_MSISDN_LENGTH)
2022-06-20 17:26:40,047 [main] INFO com.dbrepository.DBConnectionPool - Active Size:3 Cache Size:0
2022-06-20 17:26:40,458 [main] INFO com.dbrepository.OracleRepository - getSystemPreference() :: select query: select DEFAULT_VALUE from system_preferences where PREFERENCE_CODE = ?
2022-06-20 17:26:40,548 [main] INFO com.dbrepository.OracleRepository - Database Returns: DEFAULT_VALUE (15)
2022-06-20 17:26:40,550 [main] INFO com.dbrepository.OracleRepository - Exiting getSystemPreference()
2022-06-20 17:26:40,552 [main] INFO com.dbrepository.OracleRepository - Entered getSystemPreference(USER_PRODUCT_MULTIPLE_WALLET)
2022-06-20 17:26:40,554 [main] INFO com.dbrepository.DBConnectionPool - Active Size:4 Cache Size:1
2022-06-20 17:26:40,556 [main] INFO com.dbrepository.OracleRepository - getSystemPreference() :: select query: select DEFAULT_VALUE from system_preferences where PREFERENCE_CODE = ?
2022-06-20 17:26:40,651 [main] INFO com.dbrepository.OracleRepository - Database Returns: DEFAULT_VALUE (false)
2022-06-20 17:26:40,653 [main] INFO com.dbrepository.OracleRepository - Exiting getSystemPreference()
2022-06-20 17:26:40,656 [main] INFO com.dbrepository.OracleRepository - Entered getSystemPreference(EXTERNAL_DATE_FORMAT)
2022-06-20 17:26:40,657 [main] INFO com.dbrepository.DBConnectionPool - Active Size:5 Cache Size:1
2022-06-20 17:26:40,659 [main] INFO com.dbrepository.OracleRepository - getSystemPreference() :: select query: select DEFAULT_VALUE from system_preferences where PREFERENCE_CODE = ?
2022-06-20 17:26:40,766 [main] INFO com.dbrepository.OracleRepository - Database Returns: DEFAULT_VALUE (dd/MM/yy)
2022-06-20 17:26:40,768 [main] INFO com.dbrepository.OracleRepository - Exiting getSystemPreference()
2022-06-20 17:26:40,771 [main] INFO com.dbrepository.OracleRepository - Entered getSystemPreference(DATE_FORMAT_CAL_JAVA)
2022-06-20 17:26:40,774 [main] INFO com.dbrepository.DBConnectionPool - Active Size:6 Cache Size:0
2022-06-20 17:26:41,441 [main] INFO com.dbrepository.OracleRepository - getSystemPreference() :: select query: select DEFAULT_VALUE from system_preferences where PREFERENCE_CODE = ?
2022-06-20 17:26:41,534 [main] INFO com.dbrepository.OracleRepository - Database Returns: DEFAULT_VALUE (dd/MM/yy)
2022-06-20 17:26:41,537 [main] INFO com.dbrepository.OracleRepository - Exiting getSystemPreference()
2022-06-20 17:26:41,539 [main] INFO com.dbrepository.OracleRepository - Entered getSystemPreference(OTH_COM_CHNL)
2022-06-20 17:26:41,541 [main] INFO com.dbrepository.DBConnectionPool - Active Size:0 Cache Size:9
2022-06-20 17:26:41,542 [main] INFO com.dbrepository.OracleRepository - getSystemPreference() :: select query: select DEFAULT_VALUE from system_preferences where PREFERENCE_CODE = ?
2022-06-20 17:26:41,649 [main] INFO com.dbrepository.OracleRepository - Database Returns: DEFAULT_VALUE (false)
2022-06-20 17:26:41,652 [main] INFO com.dbrepository.OracleRepository - Exiting getSystemPreference()
2022-06-20 17:26:41,654 [main] INFO com.dbrepository.OracleRepository - Entered getSystemPreference(DW_ALLOWED_GATEWAYS)
2022-06-20 17:26:41,657 [main] INFO com.dbrepository.DBConnectionPool - Active Size:0 Cache Size:9
2022-06-20 17:26:41,659 [main] INFO com.dbrepository.OracleRepository - getSystemPreference() :: select query: select DEFAULT_VALUE from system_preferences where PREFERENCE_CODE = ?
2022-06-20 17:26:41,761 [main] INFO com.dbrepository.OracleRepository - Database Returns: DEFAULT_VALUE (EXTGW,DWEXTGW)
2022-06-20 17:26:41,763 [main] INFO com.dbrepository.OracleRepository - Exiting getSystemPreference()
2022-06-20 17:26:41,765 [main] INFO com.dbrepository.OracleRepository - Entered getSystemPreference(DEFAULT_LANGUAGE)
2022-06-20 17:26:41,768 [main] INFO com.dbrepository.DBConnectionPool - Active Size:0 Cache Size:9
2022-06-20 17:26:41,770 [main] INFO com.dbrepository.OracleRepository - getSystemPreference() :: select query: select DEFAULT_VALUE from system_preferences where PREFERENCE_CODE = ?
2022-06-20 17:26:41,871 [main] INFO com.dbrepository.OracleRepository - Database Returns: DEFAULT_VALUE (en)
2022-06-20 17:26:41,881 [main] INFO com.dbrepository.OracleRepository - Exiting getSystemPreference()
2022-06-20 17:26:41,884 [main] INFO com.dbrepository.OracleRepository - Entered getSystemPreference(DEFAULT_COUNTRY)
2022-06-20 17:26:41,887 [main] INFO com.dbrepository.DBConnectionPool - Active Size:0 Cache Size:9
2022-06-20 17:26:41,888 [main] INFO com.dbrepository.OracleRepository - getSystemPreference() :: select query: select DEFAULT_VALUE from system_preferences where PREFERENCE_CODE = ?
2022-06-20 17:26:41,992 [main] INFO com.dbrepository.OracleRepository - Database Returns: DEFAULT_VALUE (US)
2022-06-20 17:26:41,994 [main] INFO com.dbrepository.OracleRepository - Exiting getSystemPreference()
2022-06-20 17:26:41,996 [main] INFO com.utils._masterVO - Display Locale set to: en_US
2022-06-20 17:27:03,056 [main] ERROR com.sshmanager.SSHService - Error while getting SSH Server Instance : com.jcraft.jsch.JSchException: java.net.ConnectException: Connection timed out: connect
2022-06-20 17:27:03,086 [main] INFO com.utils._masterVO - Loading Messages Resource properties File from: .//src//test//resources//sysconfig//English-2.properties
2022-06-20 17:27:03,124 [main] INFO com.utils._masterVO - Messages Resource Properties file Loaded successfully
2022-06-20 17:27:03,125 [main] INFO com.utils._masterVO - Loading Messages Resource properties File from: .//src//test//resources//sysconfig//C2S_English-2.properties
2022-06-20 17:27:03,137 [main] INFO com.utils._masterVO - Messages Resource Properties file Loaded successfully
2022-06-20 17:27:03,138 [main] INFO com.dbrepository.OracleRepository - Entered getGatewayDetails('EXTGW','USSD','SMSC')
2022-06-20 17:27:03,140 [main] INFO com.dbrepository.DBConnectionPool - Active Size:0 Cache Size:10
2022-06-20 17:27:03,141 [main] INFO com.dbrepository.OracleRepository - getGatewayDetails() :: select query: SELECT rmg.gateway_code, mg.gateway_type, rmg.login_id, rmg.PASSWORD, rmg.content_type, rmg.service_port, mg.req_password_plain FROM message_gateway mg, req_message_gateway rmg WHERE mg.gateway_code = rmg.gateway_code AND rmg.gateway_code IN ('EXTGW','USSD','SMSC')
2022-06-20 17:27:03,259 [main] INFO com.dbrepository.OracleRepository - Database Returns: [[Ljava.lang.Object;@2ceb80a1[{{EXTGW,EXTGW,pretups,0971500a350af5c3d1c0b12221a0558c,XML,190,Y},{SMSC,SMSC,pretups,0971500a350af5c3d1c0b12221a0558c,PLAIN,190,Y},{USSD,USSD,pretups,0971500a350af5c3d1c0b12221a0558c,XML,190,Y}}]
2022-06-20 17:27:03,261 [main] INFO com.dbrepository.OracleRepository - Exiting getGatewayDetails()
2022-06-20 17:27:03,266 [main] INFO com.utils._APIUtil - Entered getAPIServices(EXTGW)
2022-06-20 17:27:03,279 [main] INFO com.utils._APIUtil - Exiting getAPIServices([])
2022-06-20 17:27:03,282 [main] INFO com.utils._masterVO - Loading Gateway Cases Master file from: .//src//test//resources//config//GatewayMaster.xlsx
2022-06-20 17:27:03,438 [main] INFO com.utils.ExcelUtility - java.lang.NullPointerException
	at com.utils.ExcelUtility.getCellData(ExcelUtility.java:311)
	at com.utils._masterVO.loadGatewayCases(_masterVO.java:115)
	at com.utils._masterVO.loadExternalServices(_masterVO.java:448)
	at com.utils._masterVO.loadVO(_masterVO.java:81)
	at com.classes.BaseTest.setupReporter(BaseTest.java:85)
	at sun.reflect.NativeMethodAccessorImpl.invoke0(Native Method)
	at sun.reflect.NativeMethodAccessorImpl.invoke(Unknown Source)
	at sun.reflect.DelegatingMethodAccessorImpl.invoke(Unknown Source)
	at java.lang.reflect.Method.invoke(Unknown Source)
	at org.testng.internal.MethodInvocationHelper.invokeMethod(MethodInvocationHelper.java:124)
	at org.testng.internal.MethodInvocationHelper.invokeMethodConsideringTimeout(MethodInvocationHelper.java:59)
	at org.testng.internal.Invoker.invokeConfigurationMethod(Invoker.java:455)
	at org.testng.internal.Invoker.invokeConfigurations(Invoker.java:222)
	at org.testng.internal.Invoker.invokeConfigurations(Invoker.java:142)
	at org.testng.SuiteRunner.privateRun(SuiteRunner.java:401)
	at org.testng.SuiteRunner.run(SuiteRunner.java:364)
	at org.testng.SuiteRunnerWorker.runSuite(SuiteRunnerWorker.java:52)
	at org.testng.SuiteRunnerWorker.run(SuiteRunnerWorker.java:84)
	at org.testng.TestNG.runSuitesSequentially(TestNG.java:1208)
	at org.testng.TestNG.runSuitesLocally(TestNG.java:1137)
	at org.testng.TestNG.runSuites(TestNG.java:1049)
	at org.testng.TestNG.run(TestNG.java:1017)
	at org.testng.remote.AbstractRemoteTestNG.run(AbstractRemoteTestNG.java:115)
	at org.testng.remote.RemoteTestNG.initAndRun(RemoteTestNG.java:251)
	at org.testng.remote.RemoteTestNG.main(RemoteTestNG.java:77)

2022-06-20 17:27:03,443 [main] INFO com.utils.ExcelUtility - java.lang.NullPointerException
	at com.utils.ExcelUtility.getCellData(ExcelUtility.java:311)
	at com.utils._masterVO.loadGatewayCases(_masterVO.java:115)
	at com.utils._masterVO.loadExternalServices(_masterVO.java:448)
	at com.utils._masterVO.loadVO(_masterVO.java:81)
	at com.classes.BaseTest.setupReporter(BaseTest.java:85)
	at sun.reflect.NativeMethodAccessorImpl.invoke0(Native Method)
	at sun.reflect.NativeMethodAccessorImpl.invoke(Unknown Source)
	at sun.reflect.DelegatingMethodAccessorImpl.invoke(Unknown Source)
	at java.lang.reflect.Method.invoke(Unknown Source)
	at org.testng.internal.MethodInvocationHelper.invokeMethod(MethodInvocationHelper.java:124)
	at org.testng.internal.MethodInvocationHelper.invokeMethodConsideringTimeout(MethodInvocationHelper.java:59)
	at org.testng.internal.Invoker.invokeConfigurationMethod(Invoker.java:455)
	at org.testng.internal.Invoker.invokeConfigurations(Invoker.java:222)
	at org.testng.internal.Invoker.invokeConfigurations(Invoker.java:142)
	at org.testng.SuiteRunner.privateRun(SuiteRunner.java:401)
	at org.testng.SuiteRunner.run(SuiteRunner.java:364)
	at org.testng.SuiteRunnerWorker.runSuite(SuiteRunnerWorker.java:52)
	at org.testng.SuiteRunnerWorker.run(SuiteRunnerWorker.java:84)
	at org.testng.TestNG.runSuitesSequentially(TestNG.java:1208)
	at org.testng.TestNG.runSuitesLocally(TestNG.java:1137)
	at org.testng.TestNG.runSuites(TestNG.java:1049)
	at org.testng.TestNG.run(TestNG.java:1017)
	at org.testng.remote.AbstractRemoteTestNG.run(AbstractRemoteTestNG.java:115)
	at org.testng.remote.RemoteTestNG.initAndRun(RemoteTestNG.java:251)
	at org.testng.remote.RemoteTestNG.main(RemoteTestNG.java:77)

2022-06-20 17:27:03,445 [main] INFO com.utils.ExcelUtility - java.lang.NullPointerException
	at com.utils.ExcelUtility.getCellData(ExcelUtility.java:311)
	at com.utils._masterVO.loadGatewayCases(_masterVO.java:115)
	at com.utils._masterVO.loadExternalServices(_masterVO.java:448)
	at com.utils._masterVO.loadVO(_masterVO.java:81)
	at com.classes.BaseTest.setupReporter(BaseTest.java:85)
	at sun.reflect.NativeMethodAccessorImpl.invoke0(Native Method)
	at sun.reflect.NativeMethodAccessorImpl.invoke(Unknown Source)
	at sun.reflect.DelegatingMethodAccessorImpl.invoke(Unknown Source)
	at java.lang.reflect.Method.invoke(Unknown Source)
	at org.testng.internal.MethodInvocationHelper.invokeMethod(MethodInvocationHelper.java:124)
	at org.testng.internal.MethodInvocationHelper.invokeMethodConsideringTimeout(MethodInvocationHelper.java:59)
	at org.testng.internal.Invoker.invokeConfigurationMethod(Invoker.java:455)
	at org.testng.internal.Invoker.invokeConfigurations(Invoker.java:222)
	at org.testng.internal.Invoker.invokeConfigurations(Invoker.java:142)
	at org.testng.SuiteRunner.privateRun(SuiteRunner.java:401)
	at org.testng.SuiteRunner.run(SuiteRunner.java:364)
	at org.testng.SuiteRunnerWorker.runSuite(SuiteRunnerWorker.java:52)
	at org.testng.SuiteRunnerWorker.run(SuiteRunnerWorker.java:84)
	at org.testng.TestNG.runSuitesSequentially(TestNG.java:1208)
	at org.testng.TestNG.runSuitesLocally(TestNG.java:1137)
	at org.testng.TestNG.runSuites(TestNG.java:1049)
	at org.testng.TestNG.run(TestNG.java:1017)
	at org.testng.remote.AbstractRemoteTestNG.run(AbstractRemoteTestNG.java:115)
	at org.testng.remote.RemoteTestNG.initAndRun(RemoteTestNG.java:251)
	at org.testng.remote.RemoteTestNG.main(RemoteTestNG.java:77)

2022-06-20 17:27:03,461 [main] INFO com.utils.ExcelUtility - java.lang.NullPointerException
	at com.utils.ExcelUtility.getCellData(ExcelUtility.java:311)
	at com.utils._masterVO.loadGatewayCases(_masterVO.java:115)
	at com.utils._masterVO.loadExternalServices(_masterVO.java:448)
	at com.utils._masterVO.loadVO(_masterVO.java:81)
	at com.classes.BaseTest.setupReporter(BaseTest.java:85)
	at sun.reflect.NativeMethodAccessorImpl.invoke0(Native Method)
	at sun.reflect.NativeMethodAccessorImpl.invoke(Unknown Source)
	at sun.reflect.DelegatingMethodAccessorImpl.invoke(Unknown Source)
	at java.lang.reflect.Method.invoke(Unknown Source)
	at org.testng.internal.MethodInvocationHelper.invokeMethod(MethodInvocationHelper.java:124)
	at org.testng.internal.MethodInvocationHelper.invokeMethodConsideringTimeout(MethodInvocationHelper.java:59)
	at org.testng.internal.Invoker.invokeConfigurationMethod(Invoker.java:455)
	at org.testng.internal.Invoker.invokeConfigurations(Invoker.java:222)
	at org.testng.internal.Invoker.invokeConfigurations(Invoker.java:142)
	at org.testng.SuiteRunner.privateRun(SuiteRunner.java:401)
	at org.testng.SuiteRunner.run(SuiteRunner.java:364)
	at org.testng.SuiteRunnerWorker.runSuite(SuiteRunnerWorker.java:52)
	at org.testng.SuiteRunnerWorker.run(SuiteRunnerWorker.java:84)
	at org.testng.TestNG.runSuitesSequentially(TestNG.java:1208)
	at org.testng.TestNG.runSuitesLocally(TestNG.java:1137)
	at org.testng.TestNG.runSuites(TestNG.java:1049)
	at org.testng.TestNG.run(TestNG.java:1017)
	at org.testng.remote.AbstractRemoteTestNG.run(AbstractRemoteTestNG.java:115)
	at org.testng.remote.RemoteTestNG.initAndRun(RemoteTestNG.java:251)
	at org.testng.remote.RemoteTestNG.main(RemoteTestNG.java:77)

2022-06-20 17:27:03,509 [main] INFO com.utils.ExcelUtility - java.lang.NullPointerException
	at com.utils.ExcelUtility.getCellData(ExcelUtility.java:311)
	at com.utils._masterVO.loadGatewayCases(_masterVO.java:115)
	at com.utils._masterVO.loadExternalServices(_masterVO.java:448)
	at com.utils._masterVO.loadVO(_masterVO.java:81)
	at com.classes.BaseTest.setupReporter(BaseTest.java:85)
	at sun.reflect.NativeMethodAccessorImpl.invoke0(Native Method)
	at sun.reflect.NativeMethodAccessorImpl.invoke(Unknown Source)
	at sun.reflect.DelegatingMethodAccessorImpl.invoke(Unknown Source)
	at java.lang.reflect.Method.invoke(Unknown Source)
	at org.testng.internal.MethodInvocationHelper.invokeMethod(MethodInvocationHelper.java:124)
	at org.testng.internal.MethodInvocationHelper.invokeMethodConsideringTimeout(MethodInvocationHelper.java:59)
	at org.testng.internal.Invoker.invokeConfigurationMethod(Invoker.java:455)
	at org.testng.internal.Invoker.invokeConfigurations(Invoker.java:222)
	at org.testng.internal.Invoker.invokeConfigurations(Invoker.java:142)
	at org.testng.SuiteRunner.privateRun(SuiteRunner.java:401)
	at org.testng.SuiteRunner.run(SuiteRunner.java:364)
	at org.testng.SuiteRunnerWorker.runSuite(SuiteRunnerWorker.java:52)
	at org.testng.SuiteRunnerWorker.run(SuiteRunnerWorker.java:84)
	at org.testng.TestNG.runSuitesSequentially(TestNG.java:1208)
	at org.testng.TestNG.runSuitesLocally(TestNG.java:1137)
	at org.testng.TestNG.runSuites(TestNG.java:1049)
	at org.testng.TestNG.run(TestNG.java:1017)
	at org.testng.remote.AbstractRemoteTestNG.run(AbstractRemoteTestNG.java:115)
	at org.testng.remote.RemoteTestNG.initAndRun(RemoteTestNG.java:251)
	at org.testng.remote.RemoteTestNG.main(RemoteTestNG.java:77)

2022-06-20 17:27:03,539 [main] INFO com.utils.ExcelUtility - java.lang.NullPointerException
	at com.utils.ExcelUtility.getCellData(ExcelUtility.java:311)
	at com.utils._masterVO.loadGatewayCases(_masterVO.java:115)
	at com.utils._masterVO.loadExternalServices(_masterVO.java:448)
	at com.utils._masterVO.loadVO(_masterVO.java:81)
	at com.classes.BaseTest.setupReporter(BaseTest.java:85)
	at sun.reflect.NativeMethodAccessorImpl.invoke0(Native Method)
	at sun.reflect.NativeMethodAccessorImpl.invoke(Unknown Source)
	at sun.reflect.DelegatingMethodAccessorImpl.invoke(Unknown Source)
	at java.lang.reflect.Method.invoke(Unknown Source)
	at org.testng.internal.MethodInvocationHelper.invokeMethod(MethodInvocationHelper.java:124)
	at org.testng.internal.MethodInvocationHelper.invokeMethodConsideringTimeout(MethodInvocationHelper.java:59)
	at org.testng.internal.Invoker.invokeConfigurationMethod(Invoker.java:455)
	at org.testng.internal.Invoker.invokeConfigurations(Invoker.java:222)
	at org.testng.internal.Invoker.invokeConfigurations(Invoker.java:142)
	at org.testng.SuiteRunner.privateRun(SuiteRunner.java:401)
	at org.testng.SuiteRunner.run(SuiteRunner.java:364)
	at org.testng.SuiteRunnerWorker.runSuite(SuiteRunnerWorker.java:52)
	at org.testng.SuiteRunnerWorker.run(SuiteRunnerWorker.java:84)
	at org.testng.TestNG.runSuitesSequentially(TestNG.java:1208)
	at org.testng.TestNG.runSuitesLocally(TestNG.java:1137)
	at org.testng.TestNG.runSuites(TestNG.java:1049)
	at org.testng.TestNG.run(TestNG.java:1017)
	at org.testng.remote.AbstractRemoteTestNG.run(AbstractRemoteTestNG.java:115)
	at org.testng.remote.RemoteTestNG.initAndRun(RemoteTestNG.java:251)
	at org.testng.remote.RemoteTestNG.main(RemoteTestNG.java:77)

2022-06-20 17:27:03,539 [main] INFO com.utils.ExcelUtility - java.lang.NullPointerException
	at com.utils.ExcelUtility.getCellData(ExcelUtility.java:311)
	at com.utils._masterVO.loadGatewayCases(_masterVO.java:115)
	at com.utils._masterVO.loadExternalServices(_masterVO.java:448)
	at com.utils._masterVO.loadVO(_masterVO.java:81)
	at com.classes.BaseTest.setupReporter(BaseTest.java:85)
	at sun.reflect.NativeMethodAccessorImpl.invoke0(Native Method)
	at sun.reflect.NativeMethodAccessorImpl.invoke(Unknown Source)
	at sun.reflect.DelegatingMethodAccessorImpl.invoke(Unknown Source)
	at java.lang.reflect.Method.invoke(Unknown Source)
	at org.testng.internal.MethodInvocationHelper.invokeMethod(MethodInvocationHelper.java:124)
	at org.testng.internal.MethodInvocationHelper.invokeMethodConsideringTimeout(MethodInvocationHelper.java:59)
	at org.testng.internal.Invoker.invokeConfigurationMethod(Invoker.java:455)
	at org.testng.internal.Invoker.invokeConfigurations(Invoker.java:222)
	at org.testng.internal.Invoker.invokeConfigurations(Invoker.java:142)
	at org.testng.SuiteRunner.privateRun(SuiteRunner.java:401)
	at org.testng.SuiteRunner.run(SuiteRunner.java:364)
	at org.testng.SuiteRunnerWorker.runSuite(SuiteRunnerWorker.java:52)
	at org.testng.SuiteRunnerWorker.run(SuiteRunnerWorker.java:84)
	at org.testng.TestNG.runSuitesSequentially(TestNG.java:1208)
	at org.testng.TestNG.runSuitesLocally(TestNG.java:1137)
	at org.testng.TestNG.runSuites(TestNG.java:1049)
	at org.testng.TestNG.run(TestNG.java:1017)
	at org.testng.remote.AbstractRemoteTestNG.run(AbstractRemoteTestNG.java:115)
	at org.testng.remote.RemoteTestNG.initAndRun(RemoteTestNG.java:251)
	at org.testng.remote.RemoteTestNG.main(RemoteTestNG.java:77)

2022-06-20 17:27:03,551 [main] INFO com.utils.ExcelUtility - java.lang.NullPointerException
	at com.utils.ExcelUtility.getCellData(ExcelUtility.java:311)
	at com.utils._masterVO.loadGatewayCases(_masterVO.java:115)
	at com.utils._masterVO.loadExternalServices(_masterVO.java:448)
	at com.utils._masterVO.loadVO(_masterVO.java:81)
	at com.classes.BaseTest.setupReporter(BaseTest.java:85)
	at sun.reflect.NativeMethodAccessorImpl.invoke0(Native Method)
	at sun.reflect.NativeMethodAccessorImpl.invoke(Unknown Source)
	at sun.reflect.DelegatingMethodAccessorImpl.invoke(Unknown Source)
	at java.lang.reflect.Method.invoke(Unknown Source)
	at org.testng.internal.MethodInvocationHelper.invokeMethod(MethodInvocationHelper.java:124)
	at org.testng.internal.MethodInvocationHelper.invokeMethodConsideringTimeout(MethodInvocationHelper.java:59)
	at org.testng.internal.Invoker.invokeConfigurationMethod(Invoker.java:455)
	at org.testng.internal.Invoker.invokeConfigurations(Invoker.java:222)
	at org.testng.internal.Invoker.invokeConfigurations(Invoker.java:142)
	at org.testng.SuiteRunner.privateRun(SuiteRunner.java:401)
	at org.testng.SuiteRunner.run(SuiteRunner.java:364)
	at org.testng.SuiteRunnerWorker.runSuite(SuiteRunnerWorker.java:52)
	at org.testng.SuiteRunnerWorker.run(SuiteRunnerWorker.java:84)
	at org.testng.TestNG.runSuitesSequentially(TestNG.java:1208)
	at org.testng.TestNG.runSuitesLocally(TestNG.java:1137)
	at org.testng.TestNG.runSuites(TestNG.java:1049)
	at org.testng.TestNG.run(TestNG.java:1017)
	at org.testng.remote.AbstractRemoteTestNG.run(AbstractRemoteTestNG.java:115)
	at org.testng.remote.RemoteTestNG.initAndRun(RemoteTestNG.java:251)
	at org.testng.remote.RemoteTestNG.main(RemoteTestNG.java:77)

2022-06-20 17:27:03,553 [main] INFO com.utils.ExcelUtility - java.lang.NullPointerException
	at com.utils.ExcelUtility.getCellData(ExcelUtility.java:311)
	at com.utils._masterVO.loadGatewayCases(_masterVO.java:115)
	at com.utils._masterVO.loadExternalServices(_masterVO.java:448)
	at com.utils._masterVO.loadVO(_masterVO.java:81)
	at com.classes.BaseTest.setupReporter(BaseTest.java:85)
	at sun.reflect.NativeMethodAccessorImpl.invoke0(Native Method)
	at sun.reflect.NativeMethodAccessorImpl.invoke(Unknown Source)
	at sun.reflect.DelegatingMethodAccessorImpl.invoke(Unknown Source)
	at java.lang.reflect.Method.invoke(Unknown Source)
	at org.testng.internal.MethodInvocationHelper.invokeMethod(MethodInvocationHelper.java:124)
	at org.testng.internal.MethodInvocationHelper.invokeMethodConsideringTimeout(MethodInvocationHelper.java:59)
	at org.testng.internal.Invoker.invokeConfigurationMethod(Invoker.java:455)
	at org.testng.internal.Invoker.invokeConfigurations(Invoker.java:222)
	at org.testng.internal.Invoker.invokeConfigurations(Invoker.java:142)
	at org.testng.SuiteRunner.privateRun(SuiteRunner.java:401)
	at org.testng.SuiteRunner.run(SuiteRunner.java:364)
	at org.testng.SuiteRunnerWorker.runSuite(SuiteRunnerWorker.java:52)
	at org.testng.SuiteRunnerWorker.run(SuiteRunnerWorker.java:84)
	at org.testng.TestNG.runSuitesSequentially(TestNG.java:1208)
	at org.testng.TestNG.runSuitesLocally(TestNG.java:1137)
	at org.testng.TestNG.runSuites(TestNG.java:1049)
	at org.testng.TestNG.run(TestNG.java:1017)
	at org.testng.remote.AbstractRemoteTestNG.run(AbstractRemoteTestNG.java:115)
	at org.testng.remote.RemoteTestNG.initAndRun(RemoteTestNG.java:251)
	at org.testng.remote.RemoteTestNG.main(RemoteTestNG.java:77)

2022-06-20 17:27:03,553 [main] INFO com.utils.ExcelUtility - java.lang.NullPointerException
	at com.utils.ExcelUtility.getCellData(ExcelUtility.java:311)
	at com.utils._masterVO.loadGatewayCases(_masterVO.java:115)
	at com.utils._masterVO.loadExternalServices(_masterVO.java:448)
	at com.utils._masterVO.loadVO(_masterVO.java:81)
	at com.classes.BaseTest.setupReporter(BaseTest.java:85)
	at sun.reflect.NativeMethodAccessorImpl.invoke0(Native Method)
	at sun.reflect.NativeMethodAccessorImpl.invoke(Unknown Source)
	at sun.reflect.DelegatingMethodAccessorImpl.invoke(Unknown Source)
	at java.lang.reflect.Method.invoke(Unknown Source)
	at org.testng.internal.MethodInvocationHelper.invokeMethod(MethodInvocationHelper.java:124)
	at org.testng.internal.MethodInvocationHelper.invokeMethodConsideringTimeout(MethodInvocationHelper.java:59)
	at org.testng.internal.Invoker.invokeConfigurationMethod(Invoker.java:455)
	at org.testng.internal.Invoker.invokeConfigurations(Invoker.java:222)
	at org.testng.internal.Invoker.invokeConfigurations(Invoker.java:142)
	at org.testng.SuiteRunner.privateRun(SuiteRunner.java:401)
	at org.testng.SuiteRunner.run(SuiteRunner.java:364)
	at org.testng.SuiteRunnerWorker.runSuite(SuiteRunnerWorker.java:52)
	at org.testng.SuiteRunnerWorker.run(SuiteRunnerWorker.java:84)
	at org.testng.TestNG.runSuitesSequentially(TestNG.java:1208)
	at org.testng.TestNG.runSuitesLocally(TestNG.java:1137)
	at org.testng.TestNG.runSuites(TestNG.java:1049)
	at org.testng.TestNG.run(TestNG.java:1017)
	at org.testng.remote.AbstractRemoteTestNG.run(AbstractRemoteTestNG.java:115)
	at org.testng.remote.RemoteTestNG.initAndRun(RemoteTestNG.java:251)
	at org.testng.remote.RemoteTestNG.main(RemoteTestNG.java:77)

2022-06-20 17:27:03,553 [main] INFO com.utils.ExcelUtility - java.lang.NullPointerException
	at com.utils.ExcelUtility.getCellData(ExcelUtility.java:311)
	at com.utils._masterVO.loadGatewayCases(_masterVO.java:115)
	at com.utils._masterVO.loadExternalServices(_masterVO.java:448)
	at com.utils._masterVO.loadVO(_masterVO.java:81)
	at com.classes.BaseTest.setupReporter(BaseTest.java:85)
	at sun.reflect.NativeMethodAccessorImpl.invoke0(Native Method)
	at sun.reflect.NativeMethodAccessorImpl.invoke(Unknown Source)
	at sun.reflect.DelegatingMethodAccessorImpl.invoke(Unknown Source)
	at java.lang.reflect.Method.invoke(Unknown Source)
	at org.testng.internal.MethodInvocationHelper.invokeMethod(MethodInvocationHelper.java:124)
	at org.testng.internal.MethodInvocationHelper.invokeMethodConsideringTimeout(MethodInvocationHelper.java:59)
	at org.testng.internal.Invoker.invokeConfigurationMethod(Invoker.java:455)
	at org.testng.internal.Invoker.invokeConfigurations(Invoker.java:222)
	at org.testng.internal.Invoker.invokeConfigurations(Invoker.java:142)
	at org.testng.SuiteRunner.privateRun(SuiteRunner.java:401)
	at org.testng.SuiteRunner.run(SuiteRunner.java:364)
	at org.testng.SuiteRunnerWorker.runSuite(SuiteRunnerWorker.java:52)
	at org.testng.SuiteRunnerWorker.run(SuiteRunnerWorker.java:84)
	at org.testng.TestNG.runSuitesSequentially(TestNG.java:1208)
	at org.testng.TestNG.runSuitesLocally(TestNG.java:1137)
	at org.testng.TestNG.runSuites(TestNG.java:1049)
	at org.testng.TestNG.run(TestNG.java:1017)
	at org.testng.remote.AbstractRemoteTestNG.run(AbstractRemoteTestNG.java:115)
	at org.testng.remote.RemoteTestNG.initAndRun(RemoteTestNG.java:251)
	at org.testng.remote.RemoteTestNG.main(RemoteTestNG.java:77)

2022-06-20 17:27:03,557 [main] INFO com.utils.ExcelUtility - java.lang.NullPointerException
	at com.utils.ExcelUtility.getCellData(ExcelUtility.java:311)
	at com.utils._masterVO.loadGatewayCases(_masterVO.java:115)
	at com.utils._masterVO.loadExternalServices(_masterVO.java:448)
	at com.utils._masterVO.loadVO(_masterVO.java:81)
	at com.classes.BaseTest.setupReporter(BaseTest.java:85)
	at sun.reflect.NativeMethodAccessorImpl.invoke0(Native Method)
	at sun.reflect.NativeMethodAccessorImpl.invoke(Unknown Source)
	at sun.reflect.DelegatingMethodAccessorImpl.invoke(Unknown Source)
	at java.lang.reflect.Method.invoke(Unknown Source)
	at org.testng.internal.MethodInvocationHelper.invokeMethod(MethodInvocationHelper.java:124)
	at org.testng.internal.MethodInvocationHelper.invokeMethodConsideringTimeout(MethodInvocationHelper.java:59)
	at org.testng.internal.Invoker.invokeConfigurationMethod(Invoker.java:455)
	at org.testng.internal.Invoker.invokeConfigurations(Invoker.java:222)
	at org.testng.internal.Invoker.invokeConfigurations(Invoker.java:142)
	at org.testng.SuiteRunner.privateRun(SuiteRunner.java:401)
	at org.testng.SuiteRunner.run(SuiteRunner.java:364)
	at org.testng.SuiteRunnerWorker.runSuite(SuiteRunnerWorker.java:52)
	at org.testng.SuiteRunnerWorker.run(SuiteRunnerWorker.java:84)
	at org.testng.TestNG.runSuitesSequentially(TestNG.java:1208)
	at org.testng.TestNG.runSuitesLocally(TestNG.java:1137)
	at org.testng.TestNG.runSuites(TestNG.java:1049)
	at org.testng.TestNG.run(TestNG.java:1017)
	at org.testng.remote.AbstractRemoteTestNG.run(AbstractRemoteTestNG.java:115)
	at org.testng.remote.RemoteTestNG.initAndRun(RemoteTestNG.java:251)
	at org.testng.remote.RemoteTestNG.main(RemoteTestNG.java:77)

2022-06-20 17:27:03,558 [main] INFO com.utils.ExcelUtility - java.lang.NullPointerException
	at com.utils.ExcelUtility.getCellData(ExcelUtility.java:311)
	at com.utils._masterVO.loadGatewayCases(_masterVO.java:115)
	at com.utils._masterVO.loadExternalServices(_masterVO.java:448)
	at com.utils._masterVO.loadVO(_masterVO.java:81)
	at com.classes.BaseTest.setupReporter(BaseTest.java:85)
	at sun.reflect.NativeMethodAccessorImpl.invoke0(Native Method)
	at sun.reflect.NativeMethodAccessorImpl.invoke(Unknown Source)
	at sun.reflect.DelegatingMethodAccessorImpl.invoke(Unknown Source)
	at java.lang.reflect.Method.invoke(Unknown Source)
	at org.testng.internal.MethodInvocationHelper.invokeMethod(MethodInvocationHelper.java:124)
	at org.testng.internal.MethodInvocationHelper.invokeMethodConsideringTimeout(MethodInvocationHelper.java:59)
	at org.testng.internal.Invoker.invokeConfigurationMethod(Invoker.java:455)
	at org.testng.internal.Invoker.invokeConfigurations(Invoker.java:222)
	at org.testng.internal.Invoker.invokeConfigurations(Invoker.java:142)
	at org.testng.SuiteRunner.privateRun(SuiteRunner.java:401)
	at org.testng.SuiteRunner.run(SuiteRunner.java:364)
	at org.testng.SuiteRunnerWorker.runSuite(SuiteRunnerWorker.java:52)
	at org.testng.SuiteRunnerWorker.run(SuiteRunnerWorker.java:84)
	at org.testng.TestNG.runSuitesSequentially(TestNG.java:1208)
	at org.testng.TestNG.runSuitesLocally(TestNG.java:1137)
	at org.testng.TestNG.runSuites(TestNG.java:1049)
	at org.testng.TestNG.run(TestNG.java:1017)
	at org.testng.remote.AbstractRemoteTestNG.run(AbstractRemoteTestNG.java:115)
	at org.testng.remote.RemoteTestNG.initAndRun(RemoteTestNG.java:251)
	at org.testng.remote.RemoteTestNG.main(RemoteTestNG.java:77)

2022-06-20 17:27:03,558 [main] INFO com.utils.ExcelUtility - java.lang.NullPointerException
	at com.utils.ExcelUtility.getCellData(ExcelUtility.java:311)
	at com.utils._masterVO.loadGatewayCases(_masterVO.java:115)
	at com.utils._masterVO.loadExternalServices(_masterVO.java:448)
	at com.utils._masterVO.loadVO(_masterVO.java:81)
	at com.classes.BaseTest.setupReporter(BaseTest.java:85)
	at sun.reflect.NativeMethodAccessorImpl.invoke0(Native Method)
	at sun.reflect.NativeMethodAccessorImpl.invoke(Unknown Source)
	at sun.reflect.DelegatingMethodAccessorImpl.invoke(Unknown Source)
	at java.lang.reflect.Method.invoke(Unknown Source)
	at org.testng.internal.MethodInvocationHelper.invokeMethod(MethodInvocationHelper.java:124)
	at org.testng.internal.MethodInvocationHelper.invokeMethodConsideringTimeout(MethodInvocationHelper.java:59)
	at org.testng.internal.Invoker.invokeConfigurationMethod(Invoker.java:455)
	at org.testng.internal.Invoker.invokeConfigurations(Invoker.java:222)
	at org.testng.internal.Invoker.invokeConfigurations(Invoker.java:142)
	at org.testng.SuiteRunner.privateRun(SuiteRunner.java:401)
	at org.testng.SuiteRunner.run(SuiteRunner.java:364)
	at org.testng.SuiteRunnerWorker.runSuite(SuiteRunnerWorker.java:52)
	at org.testng.SuiteRunnerWorker.run(SuiteRunnerWorker.java:84)
	at org.testng.TestNG.runSuitesSequentially(TestNG.java:1208)
	at org.testng.TestNG.runSuitesLocally(TestNG.java:1137)
	at org.testng.TestNG.runSuites(TestNG.java:1049)
	at org.testng.TestNG.run(TestNG.java:1017)
	at org.testng.remote.AbstractRemoteTestNG.run(AbstractRemoteTestNG.java:115)
	at org.testng.remote.RemoteTestNG.initAndRun(RemoteTestNG.java:251)
	at org.testng.remote.RemoteTestNG.main(RemoteTestNG.java:77)

2022-06-20 17:27:03,559 [main] INFO com.utils.ExcelUtility - java.lang.NullPointerException
	at com.utils.ExcelUtility.getCellData(ExcelUtility.java:311)
	at com.utils._masterVO.loadGatewayCases(_masterVO.java:115)
	at com.utils._masterVO.loadExternalServices(_masterVO.java:448)
	at com.utils._masterVO.loadVO(_masterVO.java:81)
	at com.classes.BaseTest.setupReporter(BaseTest.java:85)
	at sun.reflect.NativeMethodAccessorImpl.invoke0(Native Method)
	at sun.reflect.NativeMethodAccessorImpl.invoke(Unknown Source)
	at sun.reflect.DelegatingMethodAccessorImpl.invoke(Unknown Source)
	at java.lang.reflect.Method.invoke(Unknown Source)
	at org.testng.internal.MethodInvocationHelper.invokeMethod(MethodInvocationHelper.java:124)
	at org.testng.internal.MethodInvocationHelper.invokeMethodConsideringTimeout(MethodInvocationHelper.java:59)
	at org.testng.internal.Invoker.invokeConfigurationMethod(Invoker.java:455)
	at org.testng.internal.Invoker.invokeConfigurations(Invoker.java:222)
	at org.testng.internal.Invoker.invokeConfigurations(Invoker.java:142)
	at org.testng.SuiteRunner.privateRun(SuiteRunner.java:401)
	at org.testng.SuiteRunner.run(SuiteRunner.java:364)
	at org.testng.SuiteRunnerWorker.runSuite(SuiteRunnerWorker.java:52)
	at org.testng.SuiteRunnerWorker.run(SuiteRunnerWorker.java:84)
	at org.testng.TestNG.runSuitesSequentially(TestNG.java:1208)
	at org.testng.TestNG.runSuitesLocally(TestNG.java:1137)
	at org.testng.TestNG.runSuites(TestNG.java:1049)
	at org.testng.TestNG.run(TestNG.java:1017)
	at org.testng.remote.AbstractRemoteTestNG.run(AbstractRemoteTestNG.java:115)
	at org.testng.remote.RemoteTestNG.initAndRun(RemoteTestNG.java:251)
	at org.testng.remote.RemoteTestNG.main(RemoteTestNG.java:77)

2022-06-20 17:27:03,586 [main] INFO com.utils.ExcelUtility - java.lang.NullPointerException
	at com.utils.ExcelUtility.getCellData(ExcelUtility.java:311)
	at com.utils._masterVO.loadGatewayCases(_masterVO.java:115)
	at com.utils._masterVO.loadExternalServices(_masterVO.java:448)
	at com.utils._masterVO.loadVO(_masterVO.java:81)
	at com.classes.BaseTest.setupReporter(BaseTest.java:85)
	at sun.reflect.NativeMethodAccessorImpl.invoke0(Native Method)
	at sun.reflect.NativeMethodAccessorImpl.invoke(Unknown Source)
	at sun.reflect.DelegatingMethodAccessorImpl.invoke(Unknown Source)
	at java.lang.reflect.Method.invoke(Unknown Source)
	at org.testng.internal.MethodInvocationHelper.invokeMethod(MethodInvocationHelper.java:124)
	at org.testng.internal.MethodInvocationHelper.invokeMethodConsideringTimeout(MethodInvocationHelper.java:59)
	at org.testng.internal.Invoker.invokeConfigurationMethod(Invoker.java:455)
	at org.testng.internal.Invoker.invokeConfigurations(Invoker.java:222)
	at org.testng.internal.Invoker.invokeConfigurations(Invoker.java:142)
	at org.testng.SuiteRunner.privateRun(SuiteRunner.java:401)
	at org.testng.SuiteRunner.run(SuiteRunner.java:364)
	at org.testng.SuiteRunnerWorker.runSuite(SuiteRunnerWorker.java:52)
	at org.testng.SuiteRunnerWorker.run(SuiteRunnerWorker.java:84)
	at org.testng.TestNG.runSuitesSequentially(TestNG.java:1208)
	at org.testng.TestNG.runSuitesLocally(TestNG.java:1137)
	at org.testng.TestNG.runSuites(TestNG.java:1049)
	at org.testng.TestNG.run(TestNG.java:1017)
	at org.testng.remote.AbstractRemoteTestNG.run(AbstractRemoteTestNG.java:115)
	at org.testng.remote.RemoteTestNG.initAndRun(RemoteTestNG.java:251)
	at org.testng.remote.RemoteTestNG.main(RemoteTestNG.java:77)

2022-06-20 17:27:03,587 [main] INFO com.utils.ExcelUtility - java.lang.NullPointerException
	at com.utils.ExcelUtility.getCellData(ExcelUtility.java:311)
	at com.utils._masterVO.loadGatewayCases(_masterVO.java:115)
	at com.utils._masterVO.loadExternalServices(_masterVO.java:448)
	at com.utils._masterVO.loadVO(_masterVO.java:81)
	at com.classes.BaseTest.setupReporter(BaseTest.java:85)
	at sun.reflect.NativeMethodAccessorImpl.invoke0(Native Method)
	at sun.reflect.NativeMethodAccessorImpl.invoke(Unknown Source)
	at sun.reflect.DelegatingMethodAccessorImpl.invoke(Unknown Source)
	at java.lang.reflect.Method.invoke(Unknown Source)
	at org.testng.internal.MethodInvocationHelper.invokeMethod(MethodInvocationHelper.java:124)
	at org.testng.internal.MethodInvocationHelper.invokeMethodConsideringTimeout(MethodInvocationHelper.java:59)
	at org.testng.internal.Invoker.invokeConfigurationMethod(Invoker.java:455)
	at org.testng.internal.Invoker.invokeConfigurations(Invoker.java:222)
	at org.testng.internal.Invoker.invokeConfigurations(Invoker.java:142)
	at org.testng.SuiteRunner.privateRun(SuiteRunner.java:401)
	at org.testng.SuiteRunner.run(SuiteRunner.java:364)
	at org.testng.SuiteRunnerWorker.runSuite(SuiteRunnerWorker.java:52)
	at org.testng.SuiteRunnerWorker.run(SuiteRunnerWorker.java:84)
	at org.testng.TestNG.runSuitesSequentially(TestNG.java:1208)
	at org.testng.TestNG.runSuitesLocally(TestNG.java:1137)
	at org.testng.TestNG.runSuites(TestNG.java:1049)
	at org.testng.TestNG.run(TestNG.java:1017)
	at org.testng.remote.AbstractRemoteTestNG.run(AbstractRemoteTestNG.java:115)
	at org.testng.remote.RemoteTestNG.initAndRun(RemoteTestNG.java:251)
	at org.testng.remote.RemoteTestNG.main(RemoteTestNG.java:77)

2022-06-20 17:27:03,592 [main] INFO com.utils.ExcelUtility - java.lang.NullPointerException
	at com.utils.ExcelUtility.getCellData(ExcelUtility.java:311)
	at com.utils._masterVO.loadGatewayCases(_masterVO.java:115)
	at com.utils._masterVO.loadExternalServices(_masterVO.java:448)
	at com.utils._masterVO.loadVO(_masterVO.java:81)
	at com.classes.BaseTest.setupReporter(BaseTest.java:85)
	at sun.reflect.NativeMethodAccessorImpl.invoke0(Native Method)
	at sun.reflect.NativeMethodAccessorImpl.invoke(Unknown Source)
	at sun.reflect.DelegatingMethodAccessorImpl.invoke(Unknown Source)
	at java.lang.reflect.Method.invoke(Unknown Source)
	at org.testng.internal.MethodInvocationHelper.invokeMethod(MethodInvocationHelper.java:124)
	at org.testng.internal.MethodInvocationHelper.invokeMethodConsideringTimeout(MethodInvocationHelper.java:59)
	at org.testng.internal.Invoker.invokeConfigurationMethod(Invoker.java:455)
	at org.testng.internal.Invoker.invokeConfigurations(Invoker.java:222)
	at org.testng.internal.Invoker.invokeConfigurations(Invoker.java:142)
	at org.testng.SuiteRunner.privateRun(SuiteRunner.java:401)
	at org.testng.SuiteRunner.run(SuiteRunner.java:364)
	at org.testng.SuiteRunnerWorker.runSuite(SuiteRunnerWorker.java:52)
	at org.testng.SuiteRunnerWorker.run(SuiteRunnerWorker.java:84)
	at org.testng.TestNG.runSuitesSequentially(TestNG.java:1208)
	at org.testng.TestNG.runSuitesLocally(TestNG.java:1137)
	at org.testng.TestNG.runSuites(TestNG.java:1049)
	at org.testng.TestNG.run(TestNG.java:1017)
	at org.testng.remote.AbstractRemoteTestNG.run(AbstractRemoteTestNG.java:115)
	at org.testng.remote.RemoteTestNG.initAndRun(RemoteTestNG.java:251)
	at org.testng.remote.RemoteTestNG.main(RemoteTestNG.java:77)

2022-06-20 17:27:03,594 [main] INFO com.utils.ExcelUtility - java.lang.NullPointerException
	at com.utils.ExcelUtility.getCellData(ExcelUtility.java:311)
	at com.utils._masterVO.loadGatewayCases(_masterVO.java:115)
	at com.utils._masterVO.loadExternalServices(_masterVO.java:448)
	at com.utils._masterVO.loadVO(_masterVO.java:81)
	at com.classes.BaseTest.setupReporter(BaseTest.java:85)
	at sun.reflect.NativeMethodAccessorImpl.invoke0(Native Method)
	at sun.reflect.NativeMethodAccessorImpl.invoke(Unknown Source)
	at sun.reflect.DelegatingMethodAccessorImpl.invoke(Unknown Source)
	at java.lang.reflect.Method.invoke(Unknown Source)
	at org.testng.internal.MethodInvocationHelper.invokeMethod(MethodInvocationHelper.java:124)
	at org.testng.internal.MethodInvocationHelper.invokeMethodConsideringTimeout(MethodInvocationHelper.java:59)
	at org.testng.internal.Invoker.invokeConfigurationMethod(Invoker.java:455)
	at org.testng.internal.Invoker.invokeConfigurations(Invoker.java:222)
	at org.testng.internal.Invoker.invokeConfigurations(Invoker.java:142)
	at org.testng.SuiteRunner.privateRun(SuiteRunner.java:401)
	at org.testng.SuiteRunner.run(SuiteRunner.java:364)
	at org.testng.SuiteRunnerWorker.runSuite(SuiteRunnerWorker.java:52)
	at org.testng.SuiteRunnerWorker.run(SuiteRunnerWorker.java:84)
	at org.testng.TestNG.runSuitesSequentially(TestNG.java:1208)
	at org.testng.TestNG.runSuitesLocally(TestNG.java:1137)
	at org.testng.TestNG.runSuites(TestNG.java:1049)
	at org.testng.TestNG.run(TestNG.java:1017)
	at org.testng.remote.AbstractRemoteTestNG.run(AbstractRemoteTestNG.java:115)
	at org.testng.remote.RemoteTestNG.initAndRun(RemoteTestNG.java:251)
	at org.testng.remote.RemoteTestNG.main(RemoteTestNG.java:77)

2022-06-20 17:27:03,596 [main] INFO com.utils.ExcelUtility - java.lang.NullPointerException
	at com.utils.ExcelUtility.getCellData(ExcelUtility.java:311)
	at com.utils._masterVO.loadGatewayCases(_masterVO.java:115)
	at com.utils._masterVO.loadExternalServices(_masterVO.java:448)
	at com.utils._masterVO.loadVO(_masterVO.java:81)
	at com.classes.BaseTest.setupReporter(BaseTest.java:85)
	at sun.reflect.NativeMethodAccessorImpl.invoke0(Native Method)
	at sun.reflect.NativeMethodAccessorImpl.invoke(Unknown Source)
	at sun.reflect.DelegatingMethodAccessorImpl.invoke(Unknown Source)
	at java.lang.reflect.Method.invoke(Unknown Source)
	at org.testng.internal.MethodInvocationHelper.invokeMethod(MethodInvocationHelper.java:124)
	at org.testng.internal.MethodInvocationHelper.invokeMethodConsideringTimeout(MethodInvocationHelper.java:59)
	at org.testng.internal.Invoker.invokeConfigurationMethod(Invoker.java:455)
	at org.testng.internal.Invoker.invokeConfigurations(Invoker.java:222)
	at org.testng.internal.Invoker.invokeConfigurations(Invoker.java:142)
	at org.testng.SuiteRunner.privateRun(SuiteRunner.java:401)
	at org.testng.SuiteRunner.run(SuiteRunner.java:364)
	at org.testng.SuiteRunnerWorker.runSuite(SuiteRunnerWorker.java:52)
	at org.testng.SuiteRunnerWorker.run(SuiteRunnerWorker.java:84)
	at org.testng.TestNG.runSuitesSequentially(TestNG.java:1208)
	at org.testng.TestNG.runSuitesLocally(TestNG.java:1137)
	at org.testng.TestNG.runSuites(TestNG.java:1049)
	at org.testng.TestNG.run(TestNG.java:1017)
	at org.testng.remote.AbstractRemoteTestNG.run(AbstractRemoteTestNG.java:115)
	at org.testng.remote.RemoteTestNG.initAndRun(RemoteTestNG.java:251)
	at org.testng.remote.RemoteTestNG.main(RemoteTestNG.java:77)

2022-06-20 17:27:03,597 [main] INFO com.utils.ExcelUtility - java.lang.NullPointerException
	at com.utils.ExcelUtility.getCellData(ExcelUtility.java:311)
	at com.utils._masterVO.loadGatewayCases(_masterVO.java:115)
	at com.utils._masterVO.loadExternalServices(_masterVO.java:448)
	at com.utils._masterVO.loadVO(_masterVO.java:81)
	at com.classes.BaseTest.setupReporter(BaseTest.java:85)
	at sun.reflect.NativeMethodAccessorImpl.invoke0(Native Method)
	at sun.reflect.NativeMethodAccessorImpl.invoke(Unknown Source)
	at sun.reflect.DelegatingMethodAccessorImpl.invoke(Unknown Source)
	at java.lang.reflect.Method.invoke(Unknown Source)
	at org.testng.internal.MethodInvocationHelper.invokeMethod(MethodInvocationHelper.java:124)
	at org.testng.internal.MethodInvocationHelper.invokeMethodConsideringTimeout(MethodInvocationHelper.java:59)
	at org.testng.internal.Invoker.invokeConfigurationMethod(Invoker.java:455)
	at org.testng.internal.Invoker.invokeConfigurations(Invoker.java:222)
	at org.testng.internal.Invoker.invokeConfigurations(Invoker.java:142)
	at org.testng.SuiteRunner.privateRun(SuiteRunner.java:401)
	at org.testng.SuiteRunner.run(SuiteRunner.java:364)
	at org.testng.SuiteRunnerWorker.runSuite(SuiteRunnerWorker.java:52)
	at org.testng.SuiteRunnerWorker.run(SuiteRunnerWorker.java:84)
	at org.testng.TestNG.runSuitesSequentially(TestNG.java:1208)
	at org.testng.TestNG.runSuitesLocally(TestNG.java:1137)
	at org.testng.TestNG.runSuites(TestNG.java:1049)
	at org.testng.TestNG.run(TestNG.java:1017)
	at org.testng.remote.AbstractRemoteTestNG.run(AbstractRemoteTestNG.java:115)
	at org.testng.remote.RemoteTestNG.initAndRun(RemoteTestNG.java:251)
	at org.testng.remote.RemoteTestNG.main(RemoteTestNG.java:77)

2022-06-20 17:27:03,597 [main] INFO com.utils.ExcelUtility - java.lang.NullPointerException
	at com.utils.ExcelUtility.getCellData(ExcelUtility.java:311)
	at com.utils._masterVO.loadGatewayCases(_masterVO.java:115)
	at com.utils._masterVO.loadExternalServices(_masterVO.java:448)
	at com.utils._masterVO.loadVO(_masterVO.java:81)
	at com.classes.BaseTest.setupReporter(BaseTest.java:85)
	at sun.reflect.NativeMethodAccessorImpl.invoke0(Native Method)
	at sun.reflect.NativeMethodAccessorImpl.invoke(Unknown Source)
	at sun.reflect.DelegatingMethodAccessorImpl.invoke(Unknown Source)
	at java.lang.reflect.Method.invoke(Unknown Source)
	at org.testng.internal.MethodInvocationHelper.invokeMethod(MethodInvocationHelper.java:124)
	at org.testng.internal.MethodInvocationHelper.invokeMethodConsideringTimeout(MethodInvocationHelper.java:59)
	at org.testng.internal.Invoker.invokeConfigurationMethod(Invoker.java:455)
	at org.testng.internal.Invoker.invokeConfigurations(Invoker.java:222)
	at org.testng.internal.Invoker.invokeConfigurations(Invoker.java:142)
	at org.testng.SuiteRunner.privateRun(SuiteRunner.java:401)
	at org.testng.SuiteRunner.run(SuiteRunner.java:364)
	at org.testng.SuiteRunnerWorker.runSuite(SuiteRunnerWorker.java:52)
	at org.testng.SuiteRunnerWorker.run(SuiteRunnerWorker.java:84)
	at org.testng.TestNG.runSuitesSequentially(TestNG.java:1208)
	at org.testng.TestNG.runSuitesLocally(TestNG.java:1137)
	at org.testng.TestNG.runSuites(TestNG.java:1049)
	at org.testng.TestNG.run(TestNG.java:1017)
	at org.testng.remote.AbstractRemoteTestNG.run(AbstractRemoteTestNG.java:115)
	at org.testng.remote.RemoteTestNG.initAndRun(RemoteTestNG.java:251)
	at org.testng.remote.RemoteTestNG.main(RemoteTestNG.java:77)

2022-06-20 17:27:03,597 [main] INFO com.utils.ExcelUtility - java.lang.NullPointerException
	at com.utils.ExcelUtility.getCellData(ExcelUtility.java:311)
	at com.utils._masterVO.loadGatewayCases(_masterVO.java:115)
	at com.utils._masterVO.loadExternalServices(_masterVO.java:448)
	at com.utils._masterVO.loadVO(_masterVO.java:81)
	at com.classes.BaseTest.setupReporter(BaseTest.java:85)
	at sun.reflect.NativeMethodAccessorImpl.invoke0(Native Method)
	at sun.reflect.NativeMethodAccessorImpl.invoke(Unknown Source)
	at sun.reflect.DelegatingMethodAccessorImpl.invoke(Unknown Source)
	at java.lang.reflect.Method.invoke(Unknown Source)
	at org.testng.internal.MethodInvocationHelper.invokeMethod(MethodInvocationHelper.java:124)
	at org.testng.internal.MethodInvocationHelper.invokeMethodConsideringTimeout(MethodInvocationHelper.java:59)
	at org.testng.internal.Invoker.invokeConfigurationMethod(Invoker.java:455)
	at org.testng.internal.Invoker.invokeConfigurations(Invoker.java:222)
	at org.testng.internal.Invoker.invokeConfigurations(Invoker.java:142)
	at org.testng.SuiteRunner.privateRun(SuiteRunner.java:401)
	at org.testng.SuiteRunner.run(SuiteRunner.java:364)
	at org.testng.SuiteRunnerWorker.runSuite(SuiteRunnerWorker.java:52)
	at org.testng.SuiteRunnerWorker.run(SuiteRunnerWorker.java:84)
	at org.testng.TestNG.runSuitesSequentially(TestNG.java:1208)
	at org.testng.TestNG.runSuitesLocally(TestNG.java:1137)
	at org.testng.TestNG.runSuites(TestNG.java:1049)
	at org.testng.TestNG.run(TestNG.java:1017)
	at org.testng.remote.AbstractRemoteTestNG.run(AbstractRemoteTestNG.java:115)
	at org.testng.remote.RemoteTestNG.initAndRun(RemoteTestNG.java:251)
	at org.testng.remote.RemoteTestNG.main(RemoteTestNG.java:77)

2022-06-20 17:27:03,601 [main] INFO com.utils.ExcelUtility - java.lang.NullPointerException
	at com.utils.ExcelUtility.getCellData(ExcelUtility.java:311)
	at com.utils._masterVO.loadGatewayCases(_masterVO.java:115)
	at com.utils._masterVO.loadExternalServices(_masterVO.java:448)
	at com.utils._masterVO.loadVO(_masterVO.java:81)
	at com.classes.BaseTest.setupReporter(BaseTest.java:85)
	at sun.reflect.NativeMethodAccessorImpl.invoke0(Native Method)
	at sun.reflect.NativeMethodAccessorImpl.invoke(Unknown Source)
	at sun.reflect.DelegatingMethodAccessorImpl.invoke(Unknown Source)
	at java.lang.reflect.Method.invoke(Unknown Source)
	at org.testng.internal.MethodInvocationHelper.invokeMethod(MethodInvocationHelper.java:124)
	at org.testng.internal.MethodInvocationHelper.invokeMethodConsideringTimeout(MethodInvocationHelper.java:59)
	at org.testng.internal.Invoker.invokeConfigurationMethod(Invoker.java:455)
	at org.testng.internal.Invoker.invokeConfigurations(Invoker.java:222)
	at org.testng.internal.Invoker.invokeConfigurations(Invoker.java:142)
	at org.testng.SuiteRunner.privateRun(SuiteRunner.java:401)
	at org.testng.SuiteRunner.run(SuiteRunner.java:364)
	at org.testng.SuiteRunnerWorker.runSuite(SuiteRunnerWorker.java:52)
	at org.testng.SuiteRunnerWorker.run(SuiteRunnerWorker.java:84)
	at org.testng.TestNG.runSuitesSequentially(TestNG.java:1208)
	at org.testng.TestNG.runSuitesLocally(TestNG.java:1137)
	at org.testng.TestNG.runSuites(TestNG.java:1049)
	at org.testng.TestNG.run(TestNG.java:1017)
	at org.testng.remote.AbstractRemoteTestNG.run(AbstractRemoteTestNG.java:115)
	at org.testng.remote.RemoteTestNG.initAndRun(RemoteTestNG.java:251)
	at org.testng.remote.RemoteTestNG.main(RemoteTestNG.java:77)

2022-06-20 17:27:03,601 [main] INFO com.utils.ExcelUtility - java.lang.NullPointerException
	at com.utils.ExcelUtility.getCellData(ExcelUtility.java:311)
	at com.utils._masterVO.loadGatewayCases(_masterVO.java:115)
	at com.utils._masterVO.loadExternalServices(_masterVO.java:448)
	at com.utils._masterVO.loadVO(_masterVO.java:81)
	at com.classes.BaseTest.setupReporter(BaseTest.java:85)
	at sun.reflect.NativeMethodAccessorImpl.invoke0(Native Method)
	at sun.reflect.NativeMethodAccessorImpl.invoke(Unknown Source)
	at sun.reflect.DelegatingMethodAccessorImpl.invoke(Unknown Source)
	at java.lang.reflect.Method.invoke(Unknown Source)
	at org.testng.internal.MethodInvocationHelper.invokeMethod(MethodInvocationHelper.java:124)
	at org.testng.internal.MethodInvocationHelper.invokeMethodConsideringTimeout(MethodInvocationHelper.java:59)
	at org.testng.internal.Invoker.invokeConfigurationMethod(Invoker.java:455)
	at org.testng.internal.Invoker.invokeConfigurations(Invoker.java:222)
	at org.testng.internal.Invoker.invokeConfigurations(Invoker.java:142)
	at org.testng.SuiteRunner.privateRun(SuiteRunner.java:401)
	at org.testng.SuiteRunner.run(SuiteRunner.java:364)
	at org.testng.SuiteRunnerWorker.runSuite(SuiteRunnerWorker.java:52)
	at org.testng.SuiteRunnerWorker.run(SuiteRunnerWorker.java:84)
	at org.testng.TestNG.runSuitesSequentially(TestNG.java:1208)
	at org.testng.TestNG.runSuitesLocally(TestNG.java:1137)
	at org.testng.TestNG.runSuites(TestNG.java:1049)
	at org.testng.TestNG.run(TestNG.java:1017)
	at org.testng.remote.AbstractRemoteTestNG.run(AbstractRemoteTestNG.java:115)
	at org.testng.remote.RemoteTestNG.initAndRun(RemoteTestNG.java:251)
	at org.testng.remote.RemoteTestNG.main(RemoteTestNG.java:77)

2022-06-20 17:27:03,602 [main] INFO com.utils.ExcelUtility - java.lang.NullPointerException
	at com.utils.ExcelUtility.getCellData(ExcelUtility.java:311)
	at com.utils._masterVO.loadGatewayCases(_masterVO.java:115)
	at com.utils._masterVO.loadExternalServices(_masterVO.java:448)
	at com.utils._masterVO.loadVO(_masterVO.java:81)
	at com.classes.BaseTest.setupReporter(BaseTest.java:85)
	at sun.reflect.NativeMethodAccessorImpl.invoke0(Native Method)
	at sun.reflect.NativeMethodAccessorImpl.invoke(Unknown Source)
	at sun.reflect.DelegatingMethodAccessorImpl.invoke(Unknown Source)
	at java.lang.reflect.Method.invoke(Unknown Source)
	at org.testng.internal.MethodInvocationHelper.invokeMethod(MethodInvocationHelper.java:124)
	at org.testng.internal.MethodInvocationHelper.invokeMethodConsideringTimeout(MethodInvocationHelper.java:59)
	at org.testng.internal.Invoker.invokeConfigurationMethod(Invoker.java:455)
	at org.testng.internal.Invoker.invokeConfigurations(Invoker.java:222)
	at org.testng.internal.Invoker.invokeConfigurations(Invoker.java:142)
	at org.testng.SuiteRunner.privateRun(SuiteRunner.java:401)
	at org.testng.SuiteRunner.run(SuiteRunner.java:364)
	at org.testng.SuiteRunnerWorker.runSuite(SuiteRunnerWorker.java:52)
	at org.testng.SuiteRunnerWorker.run(SuiteRunnerWorker.java:84)
	at org.testng.TestNG.runSuitesSequentially(TestNG.java:1208)
	at org.testng.TestNG.runSuitesLocally(TestNG.java:1137)
	at org.testng.TestNG.runSuites(TestNG.java:1049)
	at org.testng.TestNG.run(TestNG.java:1017)
	at org.testng.remote.AbstractRemoteTestNG.run(AbstractRemoteTestNG.java:115)
	at org.testng.remote.RemoteTestNG.initAndRun(RemoteTestNG.java:251)
	at org.testng.remote.RemoteTestNG.main(RemoteTestNG.java:77)

2022-06-20 17:27:03,603 [main] INFO com.utils.ExcelUtility - java.lang.NullPointerException
	at com.utils.ExcelUtility.getCellData(ExcelUtility.java:311)
	at com.utils._masterVO.loadGatewayCases(_masterVO.java:115)
	at com.utils._masterVO.loadExternalServices(_masterVO.java:448)
	at com.utils._masterVO.loadVO(_masterVO.java:81)
	at com.classes.BaseTest.setupReporter(BaseTest.java:85)
	at sun.reflect.NativeMethodAccessorImpl.invoke0(Native Method)
	at sun.reflect.NativeMethodAccessorImpl.invoke(Unknown Source)
	at sun.reflect.DelegatingMethodAccessorImpl.invoke(Unknown Source)
	at java.lang.reflect.Method.invoke(Unknown Source)
	at org.testng.internal.MethodInvocationHelper.invokeMethod(MethodInvocationHelper.java:124)
	at org.testng.internal.MethodInvocationHelper.invokeMethodConsideringTimeout(MethodInvocationHelper.java:59)
	at org.testng.internal.Invoker.invokeConfigurationMethod(Invoker.java:455)
	at org.testng.internal.Invoker.invokeConfigurations(Invoker.java:222)
	at org.testng.internal.Invoker.invokeConfigurations(Invoker.java:142)
	at org.testng.SuiteRunner.privateRun(SuiteRunner.java:401)
	at org.testng.SuiteRunner.run(SuiteRunner.java:364)
	at org.testng.SuiteRunnerWorker.runSuite(SuiteRunnerWorker.java:52)
	at org.testng.SuiteRunnerWorker.run(SuiteRunnerWorker.java:84)
	at org.testng.TestNG.runSuitesSequentially(TestNG.java:1208)
	at org.testng.TestNG.runSuitesLocally(TestNG.java:1137)
	at org.testng.TestNG.runSuites(TestNG.java:1049)
	at org.testng.TestNG.run(TestNG.java:1017)
	at org.testng.remote.AbstractRemoteTestNG.run(AbstractRemoteTestNG.java:115)
	at org.testng.remote.RemoteTestNG.initAndRun(RemoteTestNG.java:251)
	at org.testng.remote.RemoteTestNG.main(RemoteTestNG.java:77)

2022-06-20 17:27:03,604 [main] INFO com.utils.ExcelUtility - java.lang.NullPointerException
	at com.utils.ExcelUtility.getCellData(ExcelUtility.java:311)
	at com.utils._masterVO.loadGatewayCases(_masterVO.java:115)
	at com.utils._masterVO.loadExternalServices(_masterVO.java:448)
	at com.utils._masterVO.loadVO(_masterVO.java:81)
	at com.classes.BaseTest.setupReporter(BaseTest.java:85)
	at sun.reflect.NativeMethodAccessorImpl.invoke0(Native Method)
	at sun.reflect.NativeMethodAccessorImpl.invoke(Unknown Source)
	at sun.reflect.DelegatingMethodAccessorImpl.invoke(Unknown Source)
	at java.lang.reflect.Method.invoke(Unknown Source)
	at org.testng.internal.MethodInvocationHelper.invokeMethod(MethodInvocationHelper.java:124)
	at org.testng.internal.MethodInvocationHelper.invokeMethodConsideringTimeout(MethodInvocationHelper.java:59)
	at org.testng.internal.Invoker.invokeConfigurationMethod(Invoker.java:455)
	at org.testng.internal.Invoker.invokeConfigurations(Invoker.java:222)
	at org.testng.internal.Invoker.invokeConfigurations(Invoker.java:142)
	at org.testng.SuiteRunner.privateRun(SuiteRunner.java:401)
	at org.testng.SuiteRunner.run(SuiteRunner.java:364)
	at org.testng.SuiteRunnerWorker.runSuite(SuiteRunnerWorker.java:52)
	at org.testng.SuiteRunnerWorker.run(SuiteRunnerWorker.java:84)
	at org.testng.TestNG.runSuitesSequentially(TestNG.java:1208)
	at org.testng.TestNG.runSuitesLocally(TestNG.java:1137)
	at org.testng.TestNG.runSuites(TestNG.java:1049)
	at org.testng.TestNG.run(TestNG.java:1017)
	at org.testng.remote.AbstractRemoteTestNG.run(AbstractRemoteTestNG.java:115)
	at org.testng.remote.RemoteTestNG.initAndRun(RemoteTestNG.java:251)
	at org.testng.remote.RemoteTestNG.main(RemoteTestNG.java:77)

2022-06-20 17:27:03,605 [main] INFO com.utils.ExcelUtility - java.lang.NullPointerException
	at com.utils.ExcelUtility.getCellData(ExcelUtility.java:311)
	at com.utils._masterVO.loadGatewayCases(_masterVO.java:115)
	at com.utils._masterVO.loadExternalServices(_masterVO.java:448)
	at com.utils._masterVO.loadVO(_masterVO.java:81)
	at com.classes.BaseTest.setupReporter(BaseTest.java:85)
	at sun.reflect.NativeMethodAccessorImpl.invoke0(Native Method)
	at sun.reflect.NativeMethodAccessorImpl.invoke(Unknown Source)
	at sun.reflect.DelegatingMethodAccessorImpl.invoke(Unknown Source)
	at java.lang.reflect.Method.invoke(Unknown Source)
	at org.testng.internal.MethodInvocationHelper.invokeMethod(MethodInvocationHelper.java:124)
	at org.testng.internal.MethodInvocationHelper.invokeMethodConsideringTimeout(MethodInvocationHelper.java:59)
	at org.testng.internal.Invoker.invokeConfigurationMethod(Invoker.java:455)
	at org.testng.internal.Invoker.invokeConfigurations(Invoker.java:222)
	at org.testng.internal.Invoker.invokeConfigurations(Invoker.java:142)
	at org.testng.SuiteRunner.privateRun(SuiteRunner.java:401)
	at org.testng.SuiteRunner.run(SuiteRunner.java:364)
	at org.testng.SuiteRunnerWorker.runSuite(SuiteRunnerWorker.java:52)
	at org.testng.SuiteRunnerWorker.run(SuiteRunnerWorker.java:84)
	at org.testng.TestNG.runSuitesSequentially(TestNG.java:1208)
	at org.testng.TestNG.runSuitesLocally(TestNG.java:1137)
	at org.testng.TestNG.runSuites(TestNG.java:1049)
	at org.testng.TestNG.run(TestNG.java:1017)
	at org.testng.remote.AbstractRemoteTestNG.run(AbstractRemoteTestNG.java:115)
	at org.testng.remote.RemoteTestNG.initAndRun(RemoteTestNG.java:251)
	at org.testng.remote.RemoteTestNG.main(RemoteTestNG.java:77)

2022-06-20 17:27:03,606 [main] INFO com.utils.ExcelUtility - java.lang.NullPointerException
	at com.utils.ExcelUtility.getCellData(ExcelUtility.java:311)
	at com.utils._masterVO.loadGatewayCases(_masterVO.java:115)
	at com.utils._masterVO.loadExternalServices(_masterVO.java:448)
	at com.utils._masterVO.loadVO(_masterVO.java:81)
	at com.classes.BaseTest.setupReporter(BaseTest.java:85)
	at sun.reflect.NativeMethodAccessorImpl.invoke0(Native Method)
	at sun.reflect.NativeMethodAccessorImpl.invoke(Unknown Source)
	at sun.reflect.DelegatingMethodAccessorImpl.invoke(Unknown Source)
	at java.lang.reflect.Method.invoke(Unknown Source)
	at org.testng.internal.MethodInvocationHelper.invokeMethod(MethodInvocationHelper.java:124)
	at org.testng.internal.MethodInvocationHelper.invokeMethodConsideringTimeout(MethodInvocationHelper.java:59)
	at org.testng.internal.Invoker.invokeConfigurationMethod(Invoker.java:455)
	at org.testng.internal.Invoker.invokeConfigurations(Invoker.java:222)
	at org.testng.internal.Invoker.invokeConfigurations(Invoker.java:142)
	at org.testng.SuiteRunner.privateRun(SuiteRunner.java:401)
	at org.testng.SuiteRunner.run(SuiteRunner.java:364)
	at org.testng.SuiteRunnerWorker.runSuite(SuiteRunnerWorker.java:52)
	at org.testng.SuiteRunnerWorker.run(SuiteRunnerWorker.java:84)
	at org.testng.TestNG.runSuitesSequentially(TestNG.java:1208)
	at org.testng.TestNG.runSuitesLocally(TestNG.java:1137)
	at org.testng.TestNG.runSuites(TestNG.java:1049)
	at org.testng.TestNG.run(TestNG.java:1017)
	at org.testng.remote.AbstractRemoteTestNG.run(AbstractRemoteTestNG.java:115)
	at org.testng.remote.RemoteTestNG.initAndRun(RemoteTestNG.java:251)
	at org.testng.remote.RemoteTestNG.main(RemoteTestNG.java:77)

2022-06-20 17:27:03,606 [main] INFO com.utils.ExcelUtility - java.lang.NullPointerException
	at com.utils.ExcelUtility.getCellData(ExcelUtility.java:311)
	at com.utils._masterVO.loadGatewayCases(_masterVO.java:115)
	at com.utils._masterVO.loadExternalServices(_masterVO.java:448)
	at com.utils._masterVO.loadVO(_masterVO.java:81)
	at com.classes.BaseTest.setupReporter(BaseTest.java:85)
	at sun.reflect.NativeMethodAccessorImpl.invoke0(Native Method)
	at sun.reflect.NativeMethodAccessorImpl.invoke(Unknown Source)
	at sun.reflect.DelegatingMethodAccessorImpl.invoke(Unknown Source)
	at java.lang.reflect.Method.invoke(Unknown Source)
	at org.testng.internal.MethodInvocationHelper.invokeMethod(MethodInvocationHelper.java:124)
	at org.testng.internal.MethodInvocationHelper.invokeMethodConsideringTimeout(MethodInvocationHelper.java:59)
	at org.testng.internal.Invoker.invokeConfigurationMethod(Invoker.java:455)
	at org.testng.internal.Invoker.invokeConfigurations(Invoker.java:222)
	at org.testng.internal.Invoker.invokeConfigurations(Invoker.java:142)
	at org.testng.SuiteRunner.privateRun(SuiteRunner.java:401)
	at org.testng.SuiteRunner.run(SuiteRunner.java:364)
	at org.testng.SuiteRunnerWorker.runSuite(SuiteRunnerWorker.java:52)
	at org.testng.SuiteRunnerWorker.run(SuiteRunnerWorker.java:84)
	at org.testng.TestNG.runSuitesSequentially(TestNG.java:1208)
	at org.testng.TestNG.runSuitesLocally(TestNG.java:1137)
	at org.testng.TestNG.runSuites(TestNG.java:1049)
	at org.testng.TestNG.run(TestNG.java:1017)
	at org.testng.remote.AbstractRemoteTestNG.run(AbstractRemoteTestNG.java:115)
	at org.testng.remote.RemoteTestNG.initAndRun(RemoteTestNG.java:251)
	at org.testng.remote.RemoteTestNG.main(RemoteTestNG.java:77)

2022-06-20 17:27:03,607 [main] INFO com.utils.ExcelUtility - java.lang.NullPointerException
	at com.utils.ExcelUtility.getCellData(ExcelUtility.java:311)
	at com.utils._masterVO.loadGatewayCases(_masterVO.java:115)
	at com.utils._masterVO.loadExternalServices(_masterVO.java:448)
	at com.utils._masterVO.loadVO(_masterVO.java:81)
	at com.classes.BaseTest.setupReporter(BaseTest.java:85)
	at sun.reflect.NativeMethodAccessorImpl.invoke0(Native Method)
	at sun.reflect.NativeMethodAccessorImpl.invoke(Unknown Source)
	at sun.reflect.DelegatingMethodAccessorImpl.invoke(Unknown Source)
	at java.lang.reflect.Method.invoke(Unknown Source)
	at org.testng.internal.MethodInvocationHelper.invokeMethod(MethodInvocationHelper.java:124)
	at org.testng.internal.MethodInvocationHelper.invokeMethodConsideringTimeout(MethodInvocationHelper.java:59)
	at org.testng.internal.Invoker.invokeConfigurationMethod(Invoker.java:455)
	at org.testng.internal.Invoker.invokeConfigurations(Invoker.java:222)
	at org.testng.internal.Invoker.invokeConfigurations(Invoker.java:142)
	at org.testng.SuiteRunner.privateRun(SuiteRunner.java:401)
	at org.testng.SuiteRunner.run(SuiteRunner.java:364)
	at org.testng.SuiteRunnerWorker.runSuite(SuiteRunnerWorker.java:52)
	at org.testng.SuiteRunnerWorker.run(SuiteRunnerWorker.java:84)
	at org.testng.TestNG.runSuitesSequentially(TestNG.java:1208)
	at org.testng.TestNG.runSuitesLocally(TestNG.java:1137)
	at org.testng.TestNG.runSuites(TestNG.java:1049)
	at org.testng.TestNG.run(TestNG.java:1017)
	at org.testng.remote.AbstractRemoteTestNG.run(AbstractRemoteTestNG.java:115)
	at org.testng.remote.RemoteTestNG.initAndRun(RemoteTestNG.java:251)
	at org.testng.remote.RemoteTestNG.main(RemoteTestNG.java:77)

2022-06-20 17:27:03,608 [main] INFO com.utils.ExcelUtility - java.lang.NullPointerException
	at com.utils.ExcelUtility.getCellData(ExcelUtility.java:311)
	at com.utils._masterVO.loadGatewayCases(_masterVO.java:115)
	at com.utils._masterVO.loadExternalServices(_masterVO.java:448)
	at com.utils._masterVO.loadVO(_masterVO.java:81)
	at com.classes.BaseTest.setupReporter(BaseTest.java:85)
	at sun.reflect.NativeMethodAccessorImpl.invoke0(Native Method)
	at sun.reflect.NativeMethodAccessorImpl.invoke(Unknown Source)
	at sun.reflect.DelegatingMethodAccessorImpl.invoke(Unknown Source)
	at java.lang.reflect.Method.invoke(Unknown Source)
	at org.testng.internal.MethodInvocationHelper.invokeMethod(MethodInvocationHelper.java:124)
	at org.testng.internal.MethodInvocationHelper.invokeMethodConsideringTimeout(MethodInvocationHelper.java:59)
	at org.testng.internal.Invoker.invokeConfigurationMethod(Invoker.java:455)
	at org.testng.internal.Invoker.invokeConfigurations(Invoker.java:222)
	at org.testng.internal.Invoker.invokeConfigurations(Invoker.java:142)
	at org.testng.SuiteRunner.privateRun(SuiteRunner.java:401)
	at org.testng.SuiteRunner.run(SuiteRunner.java:364)
	at org.testng.SuiteRunnerWorker.runSuite(SuiteRunnerWorker.java:52)
	at org.testng.SuiteRunnerWorker.run(SuiteRunnerWorker.java:84)
	at org.testng.TestNG.runSuitesSequentially(TestNG.java:1208)
	at org.testng.TestNG.runSuitesLocally(TestNG.java:1137)
	at org.testng.TestNG.runSuites(TestNG.java:1049)
	at org.testng.TestNG.run(TestNG.java:1017)
	at org.testng.remote.AbstractRemoteTestNG.run(AbstractRemoteTestNG.java:115)
	at org.testng.remote.RemoteTestNG.initAndRun(RemoteTestNG.java:251)
	at org.testng.remote.RemoteTestNG.main(RemoteTestNG.java:77)

2022-06-20 17:27:03,608 [main] INFO com.utils.ExcelUtility - java.lang.NullPointerException
	at com.utils.ExcelUtility.getCellData(ExcelUtility.java:311)
	at com.utils._masterVO.loadGatewayCases(_masterVO.java:115)
	at com.utils._masterVO.loadExternalServices(_masterVO.java:448)
	at com.utils._masterVO.loadVO(_masterVO.java:81)
	at com.classes.BaseTest.setupReporter(BaseTest.java:85)
	at sun.reflect.NativeMethodAccessorImpl.invoke0(Native Method)
	at sun.reflect.NativeMethodAccessorImpl.invoke(Unknown Source)
	at sun.reflect.DelegatingMethodAccessorImpl.invoke(Unknown Source)
	at java.lang.reflect.Method.invoke(Unknown Source)
	at org.testng.internal.MethodInvocationHelper.invokeMethod(MethodInvocationHelper.java:124)
	at org.testng.internal.MethodInvocationHelper.invokeMethodConsideringTimeout(MethodInvocationHelper.java:59)
	at org.testng.internal.Invoker.invokeConfigurationMethod(Invoker.java:455)
	at org.testng.internal.Invoker.invokeConfigurations(Invoker.java:222)
	at org.testng.internal.Invoker.invokeConfigurations(Invoker.java:142)
	at org.testng.SuiteRunner.privateRun(SuiteRunner.java:401)
	at org.testng.SuiteRunner.run(SuiteRunner.java:364)
	at org.testng.SuiteRunnerWorker.runSuite(SuiteRunnerWorker.java:52)
	at org.testng.SuiteRunnerWorker.run(SuiteRunnerWorker.java:84)
	at org.testng.TestNG.runSuitesSequentially(TestNG.java:1208)
	at org.testng.TestNG.runSuitesLocally(TestNG.java:1137)
	at org.testng.TestNG.runSuites(TestNG.java:1049)
	at org.testng.TestNG.run(TestNG.java:1017)
	at org.testng.remote.AbstractRemoteTestNG.run(AbstractRemoteTestNG.java:115)
	at org.testng.remote.RemoteTestNG.initAndRun(RemoteTestNG.java:251)
	at org.testng.remote.RemoteTestNG.main(RemoteTestNG.java:77)

2022-06-20 17:27:03,610 [main] INFO com.utils.ExcelUtility - java.lang.NullPointerException
	at com.utils.ExcelUtility.getCellData(ExcelUtility.java:311)
	at com.utils._masterVO.loadGatewayCases(_masterVO.java:115)
	at com.utils._masterVO.loadExternalServices(_masterVO.java:448)
	at com.utils._masterVO.loadVO(_masterVO.java:81)
	at com.classes.BaseTest.setupReporter(BaseTest.java:85)
	at sun.reflect.NativeMethodAccessorImpl.invoke0(Native Method)
	at sun.reflect.NativeMethodAccessorImpl.invoke(Unknown Source)
	at sun.reflect.DelegatingMethodAccessorImpl.invoke(Unknown Source)
	at java.lang.reflect.Method.invoke(Unknown Source)
	at org.testng.internal.MethodInvocationHelper.invokeMethod(MethodInvocationHelper.java:124)
	at org.testng.internal.MethodInvocationHelper.invokeMethodConsideringTimeout(MethodInvocationHelper.java:59)
	at org.testng.internal.Invoker.invokeConfigurationMethod(Invoker.java:455)
	at org.testng.internal.Invoker.invokeConfigurations(Invoker.java:222)
	at org.testng.internal.Invoker.invokeConfigurations(Invoker.java:142)
	at org.testng.SuiteRunner.privateRun(SuiteRunner.java:401)
	at org.testng.SuiteRunner.run(SuiteRunner.java:364)
	at org.testng.SuiteRunnerWorker.runSuite(SuiteRunnerWorker.java:52)
	at org.testng.SuiteRunnerWorker.run(SuiteRunnerWorker.java:84)
	at org.testng.TestNG.runSuitesSequentially(TestNG.java:1208)
	at org.testng.TestNG.runSuitesLocally(TestNG.java:1137)
	at org.testng.TestNG.runSuites(TestNG.java:1049)
	at org.testng.TestNG.run(TestNG.java:1017)
	at org.testng.remote.AbstractRemoteTestNG.run(AbstractRemoteTestNG.java:115)
	at org.testng.remote.RemoteTestNG.initAndRun(RemoteTestNG.java:251)
	at org.testng.remote.RemoteTestNG.main(RemoteTestNG.java:77)

2022-06-20 17:27:03,610 [main] INFO com.utils.ExcelUtility - java.lang.NullPointerException
	at com.utils.ExcelUtility.getCellData(ExcelUtility.java:311)
	at com.utils._masterVO.loadGatewayCases(_masterVO.java:115)
	at com.utils._masterVO.loadExternalServices(_masterVO.java:448)
	at com.utils._masterVO.loadVO(_masterVO.java:81)
	at com.classes.BaseTest.setupReporter(BaseTest.java:85)
	at sun.reflect.NativeMethodAccessorImpl.invoke0(Native Method)
	at sun.reflect.NativeMethodAccessorImpl.invoke(Unknown Source)
	at sun.reflect.DelegatingMethodAccessorImpl.invoke(Unknown Source)
	at java.lang.reflect.Method.invoke(Unknown Source)
	at org.testng.internal.MethodInvocationHelper.invokeMethod(MethodInvocationHelper.java:124)
	at org.testng.internal.MethodInvocationHelper.invokeMethodConsideringTimeout(MethodInvocationHelper.java:59)
	at org.testng.internal.Invoker.invokeConfigurationMethod(Invoker.java:455)
	at org.testng.internal.Invoker.invokeConfigurations(Invoker.java:222)
	at org.testng.internal.Invoker.invokeConfigurations(Invoker.java:142)
	at org.testng.SuiteRunner.privateRun(SuiteRunner.java:401)
	at org.testng.SuiteRunner.run(SuiteRunner.java:364)
	at org.testng.SuiteRunnerWorker.runSuite(SuiteRunnerWorker.java:52)
	at org.testng.SuiteRunnerWorker.run(SuiteRunnerWorker.java:84)
	at org.testng.TestNG.runSuitesSequentially(TestNG.java:1208)
	at org.testng.TestNG.runSuitesLocally(TestNG.java:1137)
	at org.testng.TestNG.runSuites(TestNG.java:1049)
	at org.testng.TestNG.run(TestNG.java:1017)
	at org.testng.remote.AbstractRemoteTestNG.run(AbstractRemoteTestNG.java:115)
	at org.testng.remote.RemoteTestNG.initAndRun(RemoteTestNG.java:251)
	at org.testng.remote.RemoteTestNG.main(RemoteTestNG.java:77)

2022-06-20 17:27:03,611 [main] INFO com.utils.ExcelUtility - java.lang.NullPointerException
	at com.utils.ExcelUtility.getCellData(ExcelUtility.java:311)
	at com.utils._masterVO.loadGatewayCases(_masterVO.java:115)
	at com.utils._masterVO.loadExternalServices(_masterVO.java:448)
	at com.utils._masterVO.loadVO(_masterVO.java:81)
	at com.classes.BaseTest.setupReporter(BaseTest.java:85)
	at sun.reflect.NativeMethodAccessorImpl.invoke0(Native Method)
	at sun.reflect.NativeMethodAccessorImpl.invoke(Unknown Source)
	at sun.reflect.DelegatingMethodAccessorImpl.invoke(Unknown Source)
	at java.lang.reflect.Method.invoke(Unknown Source)
	at org.testng.internal.MethodInvocationHelper.invokeMethod(MethodInvocationHelper.java:124)
	at org.testng.internal.MethodInvocationHelper.invokeMethodConsideringTimeout(MethodInvocationHelper.java:59)
	at org.testng.internal.Invoker.invokeConfigurationMethod(Invoker.java:455)
	at org.testng.internal.Invoker.invokeConfigurations(Invoker.java:222)
	at org.testng.internal.Invoker.invokeConfigurations(Invoker.java:142)
	at org.testng.SuiteRunner.privateRun(SuiteRunner.java:401)
	at org.testng.SuiteRunner.run(SuiteRunner.java:364)
	at org.testng.SuiteRunnerWorker.runSuite(SuiteRunnerWorker.java:52)
	at org.testng.SuiteRunnerWorker.run(SuiteRunnerWorker.java:84)
	at org.testng.TestNG.runSuitesSequentially(TestNG.java:1208)
	at org.testng.TestNG.runSuitesLocally(TestNG.java:1137)
	at org.testng.TestNG.runSuites(TestNG.java:1049)
	at org.testng.TestNG.run(TestNG.java:1017)
	at org.testng.remote.AbstractRemoteTestNG.run(AbstractRemoteTestNG.java:115)
	at org.testng.remote.RemoteTestNG.initAndRun(RemoteTestNG.java:251)
	at org.testng.remote.RemoteTestNG.main(RemoteTestNG.java:77)

2022-06-20 17:27:03,611 [main] INFO com.utils.ExcelUtility - java.lang.NullPointerException
	at com.utils.ExcelUtility.getCellData(ExcelUtility.java:311)
	at com.utils._masterVO.loadGatewayCases(_masterVO.java:115)
	at com.utils._masterVO.loadExternalServices(_masterVO.java:448)
	at com.utils._masterVO.loadVO(_masterVO.java:81)
	at com.classes.BaseTest.setupReporter(BaseTest.java:85)
	at sun.reflect.NativeMethodAccessorImpl.invoke0(Native Method)
	at sun.reflect.NativeMethodAccessorImpl.invoke(Unknown Source)
	at sun.reflect.DelegatingMethodAccessorImpl.invoke(Unknown Source)
	at java.lang.reflect.Method.invoke(Unknown Source)
	at org.testng.internal.MethodInvocationHelper.invokeMethod(MethodInvocationHelper.java:124)
	at org.testng.internal.MethodInvocationHelper.invokeMethodConsideringTimeout(MethodInvocationHelper.java:59)
	at org.testng.internal.Invoker.invokeConfigurationMethod(Invoker.java:455)
	at org.testng.internal.Invoker.invokeConfigurations(Invoker.java:222)
	at org.testng.internal.Invoker.invokeConfigurations(Invoker.java:142)
	at org.testng.SuiteRunner.privateRun(SuiteRunner.java:401)
	at org.testng.SuiteRunner.run(SuiteRunner.java:364)
	at org.testng.SuiteRunnerWorker.runSuite(SuiteRunnerWorker.java:52)
	at org.testng.SuiteRunnerWorker.run(SuiteRunnerWorker.java:84)
	at org.testng.TestNG.runSuitesSequentially(TestNG.java:1208)
	at org.testng.TestNG.runSuitesLocally(TestNG.java:1137)
	at org.testng.TestNG.runSuites(TestNG.java:1049)
	at org.testng.TestNG.run(TestNG.java:1017)
	at org.testng.remote.AbstractRemoteTestNG.run(AbstractRemoteTestNG.java:115)
	at org.testng.remote.RemoteTestNG.initAndRun(RemoteTestNG.java:251)
	at org.testng.remote.RemoteTestNG.main(RemoteTestNG.java:77)

2022-06-20 17:27:03,613 [main] INFO com.utils.ExcelUtility - java.lang.NullPointerException
	at com.utils.ExcelUtility.getCellData(ExcelUtility.java:311)
	at com.utils._masterVO.loadGatewayCases(_masterVO.java:115)
	at com.utils._masterVO.loadExternalServices(_masterVO.java:448)
	at com.utils._masterVO.loadVO(_masterVO.java:81)
	at com.classes.BaseTest.setupReporter(BaseTest.java:85)
	at sun.reflect.NativeMethodAccessorImpl.invoke0(Native Method)
	at sun.reflect.NativeMethodAccessorImpl.invoke(Unknown Source)
	at sun.reflect.DelegatingMethodAccessorImpl.invoke(Unknown Source)
	at java.lang.reflect.Method.invoke(Unknown Source)
	at org.testng.internal.MethodInvocationHelper.invokeMethod(MethodInvocationHelper.java:124)
	at org.testng.internal.MethodInvocationHelper.invokeMethodConsideringTimeout(MethodInvocationHelper.java:59)
	at org.testng.internal.Invoker.invokeConfigurationMethod(Invoker.java:455)
	at org.testng.internal.Invoker.invokeConfigurations(Invoker.java:222)
	at org.testng.internal.Invoker.invokeConfigurations(Invoker.java:142)
	at org.testng.SuiteRunner.privateRun(SuiteRunner.java:401)
	at org.testng.SuiteRunner.run(SuiteRunner.java:364)
	at org.testng.SuiteRunnerWorker.runSuite(SuiteRunnerWorker.java:52)
	at org.testng.SuiteRunnerWorker.run(SuiteRunnerWorker.java:84)
	at org.testng.TestNG.runSuitesSequentially(TestNG.java:1208)
	at org.testng.TestNG.runSuitesLocally(TestNG.java:1137)
	at org.testng.TestNG.runSuites(TestNG.java:1049)
	at org.testng.TestNG.run(TestNG.java:1017)
	at org.testng.remote.AbstractRemoteTestNG.run(AbstractRemoteTestNG.java:115)
	at org.testng.remote.RemoteTestNG.initAndRun(RemoteTestNG.java:251)
	at org.testng.remote.RemoteTestNG.main(RemoteTestNG.java:77)

2022-06-20 17:27:03,613 [main] INFO com.utils.ExcelUtility - java.lang.NullPointerException
	at com.utils.ExcelUtility.getCellData(ExcelUtility.java:311)
	at com.utils._masterVO.loadGatewayCases(_masterVO.java:115)
	at com.utils._masterVO.loadExternalServices(_masterVO.java:448)
	at com.utils._masterVO.loadVO(_masterVO.java:81)
	at com.classes.BaseTest.setupReporter(BaseTest.java:85)
	at sun.reflect.NativeMethodAccessorImpl.invoke0(Native Method)
	at sun.reflect.NativeMethodAccessorImpl.invoke(Unknown Source)
	at sun.reflect.DelegatingMethodAccessorImpl.invoke(Unknown Source)
	at java.lang.reflect.Method.invoke(Unknown Source)
	at org.testng.internal.MethodInvocationHelper.invokeMethod(MethodInvocationHelper.java:124)
	at org.testng.internal.MethodInvocationHelper.invokeMethodConsideringTimeout(MethodInvocationHelper.java:59)
	at org.testng.internal.Invoker.invokeConfigurationMethod(Invoker.java:455)
	at org.testng.internal.Invoker.invokeConfigurations(Invoker.java:222)
	at org.testng.internal.Invoker.invokeConfigurations(Invoker.java:142)
	at org.testng.SuiteRunner.privateRun(SuiteRunner.java:401)
	at org.testng.SuiteRunner.run(SuiteRunner.java:364)
	at org.testng.SuiteRunnerWorker.runSuite(SuiteRunnerWorker.java:52)
	at org.testng.SuiteRunnerWorker.run(SuiteRunnerWorker.java:84)
	at org.testng.TestNG.runSuitesSequentially(TestNG.java:1208)
	at org.testng.TestNG.runSuitesLocally(TestNG.java:1137)
	at org.testng.TestNG.runSuites(TestNG.java:1049)
	at org.testng.TestNG.run(TestNG.java:1017)
	at org.testng.remote.AbstractRemoteTestNG.run(AbstractRemoteTestNG.java:115)
	at org.testng.remote.RemoteTestNG.initAndRun(RemoteTestNG.java:251)
	at org.testng.remote.RemoteTestNG.main(RemoteTestNG.java:77)

2022-06-20 17:27:03,614 [main] INFO com.utils.ExcelUtility - java.lang.NullPointerException
	at com.utils.ExcelUtility.getCellData(ExcelUtility.java:311)
	at com.utils._masterVO.loadGatewayCases(_masterVO.java:115)
	at com.utils._masterVO.loadExternalServices(_masterVO.java:448)
	at com.utils._masterVO.loadVO(_masterVO.java:81)
	at com.classes.BaseTest.setupReporter(BaseTest.java:85)
	at sun.reflect.NativeMethodAccessorImpl.invoke0(Native Method)
	at sun.reflect.NativeMethodAccessorImpl.invoke(Unknown Source)
	at sun.reflect.DelegatingMethodAccessorImpl.invoke(Unknown Source)
	at java.lang.reflect.Method.invoke(Unknown Source)
	at org.testng.internal.MethodInvocationHelper.invokeMethod(MethodInvocationHelper.java:124)
	at org.testng.internal.MethodInvocationHelper.invokeMethodConsideringTimeout(MethodInvocationHelper.java:59)
	at org.testng.internal.Invoker.invokeConfigurationMethod(Invoker.java:455)
	at org.testng.internal.Invoker.invokeConfigurations(Invoker.java:222)
	at org.testng.internal.Invoker.invokeConfigurations(Invoker.java:142)
	at org.testng.SuiteRunner.privateRun(SuiteRunner.java:401)
	at org.testng.SuiteRunner.run(SuiteRunner.java:364)
	at org.testng.SuiteRunnerWorker.runSuite(SuiteRunnerWorker.java:52)
	at org.testng.SuiteRunnerWorker.run(SuiteRunnerWorker.java:84)
	at org.testng.TestNG.runSuitesSequentially(TestNG.java:1208)
	at org.testng.TestNG.runSuitesLocally(TestNG.java:1137)
	at org.testng.TestNG.runSuites(TestNG.java:1049)
	at org.testng.TestNG.run(TestNG.java:1017)
	at org.testng.remote.AbstractRemoteTestNG.run(AbstractRemoteTestNG.java:115)
	at org.testng.remote.RemoteTestNG.initAndRun(RemoteTestNG.java:251)
	at org.testng.remote.RemoteTestNG.main(RemoteTestNG.java:77)

2022-06-20 17:27:03,615 [main] INFO com.utils.ExcelUtility - java.lang.NullPointerException
	at com.utils.ExcelUtility.getCellData(ExcelUtility.java:311)
	at com.utils._masterVO.loadGatewayCases(_masterVO.java:115)
	at com.utils._masterVO.loadExternalServices(_masterVO.java:448)
	at com.utils._masterVO.loadVO(_masterVO.java:81)
	at com.classes.BaseTest.setupReporter(BaseTest.java:85)
	at sun.reflect.NativeMethodAccessorImpl.invoke0(Native Method)
	at sun.reflect.NativeMethodAccessorImpl.invoke(Unknown Source)
	at sun.reflect.DelegatingMethodAccessorImpl.invoke(Unknown Source)
	at java.lang.reflect.Method.invoke(Unknown Source)
	at org.testng.internal.MethodInvocationHelper.invokeMethod(MethodInvocationHelper.java:124)
	at org.testng.internal.MethodInvocationHelper.invokeMethodConsideringTimeout(MethodInvocationHelper.java:59)
	at org.testng.internal.Invoker.invokeConfigurationMethod(Invoker.java:455)
	at org.testng.internal.Invoker.invokeConfigurations(Invoker.java:222)
	at org.testng.internal.Invoker.invokeConfigurations(Invoker.java:142)
	at org.testng.SuiteRunner.privateRun(SuiteRunner.java:401)
	at org.testng.SuiteRunner.run(SuiteRunner.java:364)
	at org.testng.SuiteRunnerWorker.runSuite(SuiteRunnerWorker.java:52)
	at org.testng.SuiteRunnerWorker.run(SuiteRunnerWorker.java:84)
	at org.testng.TestNG.runSuitesSequentially(TestNG.java:1208)
	at org.testng.TestNG.runSuitesLocally(TestNG.java:1137)
	at org.testng.TestNG.runSuites(TestNG.java:1049)
	at org.testng.TestNG.run(TestNG.java:1017)
	at org.testng.remote.AbstractRemoteTestNG.run(AbstractRemoteTestNG.java:115)
	at org.testng.remote.RemoteTestNG.initAndRun(RemoteTestNG.java:251)
	at org.testng.remote.RemoteTestNG.main(RemoteTestNG.java:77)

2022-06-20 17:27:03,615 [main] INFO com.utils.ExcelUtility - java.lang.NullPointerException
	at com.utils.ExcelUtility.getCellData(ExcelUtility.java:311)
	at com.utils._masterVO.loadGatewayCases(_masterVO.java:115)
	at com.utils._masterVO.loadExternalServices(_masterVO.java:448)
	at com.utils._masterVO.loadVO(_masterVO.java:81)
	at com.classes.BaseTest.setupReporter(BaseTest.java:85)
	at sun.reflect.NativeMethodAccessorImpl.invoke0(Native Method)
	at sun.reflect.NativeMethodAccessorImpl.invoke(Unknown Source)
	at sun.reflect.DelegatingMethodAccessorImpl.invoke(Unknown Source)
	at java.lang.reflect.Method.invoke(Unknown Source)
	at org.testng.internal.MethodInvocationHelper.invokeMethod(MethodInvocationHelper.java:124)
	at org.testng.internal.MethodInvocationHelper.invokeMethodConsideringTimeout(MethodInvocationHelper.java:59)
	at org.testng.internal.Invoker.invokeConfigurationMethod(Invoker.java:455)
	at org.testng.internal.Invoker.invokeConfigurations(Invoker.java:222)
	at org.testng.internal.Invoker.invokeConfigurations(Invoker.java:142)
	at org.testng.SuiteRunner.privateRun(SuiteRunner.java:401)
	at org.testng.SuiteRunner.run(SuiteRunner.java:364)
	at org.testng.SuiteRunnerWorker.runSuite(SuiteRunnerWorker.java:52)
	at org.testng.SuiteRunnerWorker.run(SuiteRunnerWorker.java:84)
	at org.testng.TestNG.runSuitesSequentially(TestNG.java:1208)
	at org.testng.TestNG.runSuitesLocally(TestNG.java:1137)
	at org.testng.TestNG.runSuites(TestNG.java:1049)
	at org.testng.TestNG.run(TestNG.java:1017)
	at org.testng.remote.AbstractRemoteTestNG.run(AbstractRemoteTestNG.java:115)
	at org.testng.remote.RemoteTestNG.initAndRun(RemoteTestNG.java:251)
	at org.testng.remote.RemoteTestNG.main(RemoteTestNG.java:77)

2022-06-20 17:27:03,616 [main] INFO com.utils.ExcelUtility - java.lang.NullPointerException
	at com.utils.ExcelUtility.getCellData(ExcelUtility.java:311)
	at com.utils._masterVO.loadGatewayCases(_masterVO.java:115)
	at com.utils._masterVO.loadExternalServices(_masterVO.java:448)
	at com.utils._masterVO.loadVO(_masterVO.java:81)
	at com.classes.BaseTest.setupReporter(BaseTest.java:85)
	at sun.reflect.NativeMethodAccessorImpl.invoke0(Native Method)
	at sun.reflect.NativeMethodAccessorImpl.invoke(Unknown Source)
	at sun.reflect.DelegatingMethodAccessorImpl.invoke(Unknown Source)
	at java.lang.reflect.Method.invoke(Unknown Source)
	at org.testng.internal.MethodInvocationHelper.invokeMethod(MethodInvocationHelper.java:124)
	at org.testng.internal.MethodInvocationHelper.invokeMethodConsideringTimeout(MethodInvocationHelper.java:59)
	at org.testng.internal.Invoker.invokeConfigurationMethod(Invoker.java:455)
	at org.testng.internal.Invoker.invokeConfigurations(Invoker.java:222)
	at org.testng.internal.Invoker.invokeConfigurations(Invoker.java:142)
	at org.testng.SuiteRunner.privateRun(SuiteRunner.java:401)
	at org.testng.SuiteRunner.run(SuiteRunner.java:364)
	at org.testng.SuiteRunnerWorker.runSuite(SuiteRunnerWorker.java:52)
	at org.testng.SuiteRunnerWorker.run(SuiteRunnerWorker.java:84)
	at org.testng.TestNG.runSuitesSequentially(TestNG.java:1208)
	at org.testng.TestNG.runSuitesLocally(TestNG.java:1137)
	at org.testng.TestNG.runSuites(TestNG.java:1049)
	at org.testng.TestNG.run(TestNG.java:1017)
	at org.testng.remote.AbstractRemoteTestNG.run(AbstractRemoteTestNG.java:115)
	at org.testng.remote.RemoteTestNG.initAndRun(RemoteTestNG.java:251)
	at org.testng.remote.RemoteTestNG.main(RemoteTestNG.java:77)

2022-06-20 17:27:03,967 [main] INFO com.utils._masterVO - Gateway Cases Master File Loaded successfully
2022-06-20 17:27:03,969 [main] INFO com.utils._APIUtil - Entered getAPIServices(USSD)
2022-06-20 17:27:03,971 [main] INFO com.utils._APIUtil - Exiting getAPIServices([])
2022-06-20 17:27:03,974 [main] INFO com.utils._masterVO - Loading Gateway Cases Master file from: .//src//test//resources//config//GatewayMaster.xlsx
2022-06-20 17:27:04,169 [main] INFO com.utils._masterVO - Gateway Cases Master File Loaded successfully
2022-06-20 17:27:04,172 [main] INFO com.utils._masterVO - Loading Gateway Cases Master file from: .//src//test//resources//config//GatewayMaster.xlsx
2022-06-20 17:27:04,313 [main] INFO com.utils._masterVO - Gateway Cases Master File Loaded successfully
2022-06-20 17:27:25,353 [main] ERROR com.sshmanager.SSHService - Error while getting SSH Server Instance : com.jcraft.jsch.JSchException: java.net.ConnectException: Connection timed out: connect
2022-06-20 17:27:25,394 [main] INFO com.classes.BaseTest - Completed loading all methods from -masterVO class
2022-06-20 17:28:59,074 [main] INFO com.utils.ExcelUtility - java.lang.NullPointerException
	at com.utils.ExcelUtility.getCellData(ExcelUtility.java:311)
	at angular.testscripts.prereuisitesangular.PreRequisite_C2CBuy_Revamp.TestDataFeed1(PreRequisite_C2CBuy_Revamp.java:600)
	at sun.reflect.NativeMethodAccessorImpl.invoke0(Native Method)
	at sun.reflect.NativeMethodAccessorImpl.invoke(Unknown Source)
	at sun.reflect.DelegatingMethodAccessorImpl.invoke(Unknown Source)
	at java.lang.reflect.Method.invoke(Unknown Source)
	at org.testng.internal.MethodInvocationHelper.invokeMethod(MethodInvocationHelper.java:124)
	at org.testng.internal.MethodInvocationHelper.invokeMethod(MethodInvocationHelper.java:74)
	at org.testng.internal.MethodInvocationHelper.invokeMethodNoCheckedException(MethodInvocationHelper.java:45)
	at org.testng.internal.MethodInvocationHelper.invokeDataProvider(MethodInvocationHelper.java:131)
	at org.testng.internal.Parameters.handleParameters(Parameters.java:706)
	at org.testng.internal.ParameterHandler.handleParameters(ParameterHandler.java:49)
	at org.testng.internal.ParameterHandler.createParameters(ParameterHandler.java:37)
	at org.testng.internal.Invoker.invokeTestMethods(Invoker.java:923)
	at org.testng.internal.TestMethodWorker.invokeTestMethods(TestMethodWorker.java:125)
	at org.testng.internal.TestMethodWorker.run(TestMethodWorker.java:109)
	at org.testng.TestRunner.privateRun(TestRunner.java:648)
	at org.testng.TestRunner.run(TestRunner.java:505)
	at org.testng.SuiteRunner.runTest(SuiteRunner.java:455)
	at org.testng.SuiteRunner.runSequentially(SuiteRunner.java:450)
	at org.testng.SuiteRunner.privateRun(SuiteRunner.java:415)
	at org.testng.SuiteRunner.run(SuiteRunner.java:364)
	at org.testng.SuiteRunnerWorker.runSuite(SuiteRunnerWorker.java:52)
	at org.testng.SuiteRunnerWorker.run(SuiteRunnerWorker.java:84)
	at org.testng.TestNG.runSuitesSequentially(TestNG.java:1208)
	at org.testng.TestNG.runSuitesLocally(TestNG.java:1137)
	at org.testng.TestNG.runSuites(TestNG.java:1049)
	at org.testng.TestNG.run(TestNG.java:1017)
	at org.testng.remote.AbstractRemoteTestNG.run(AbstractRemoteTestNG.java:115)
	at org.testng.remote.RemoteTestNG.initAndRun(RemoteTestNG.java:251)
	at org.testng.remote.RemoteTestNG.main(RemoteTestNG.java:77)

2022-06-20 17:28:59,521 [main] INFO com.utils.ExcelUtility - java.lang.NullPointerException
	at com.utils.ExcelUtility.getCellData(ExcelUtility.java:311)
	at angular.testscripts.prereuisitesangular.PreRequisite_C2CBuy_Revamp.TestDataFeed1(PreRequisite_C2CBuy_Revamp.java:600)
	at sun.reflect.NativeMethodAccessorImpl.invoke0(Native Method)
	at sun.reflect.NativeMethodAccessorImpl.invoke(Unknown Source)
	at sun.reflect.DelegatingMethodAccessorImpl.invoke(Unknown Source)
	at java.lang.reflect.Method.invoke(Unknown Source)
	at org.testng.internal.MethodInvocationHelper.invokeMethod(MethodInvocationHelper.java:124)
	at org.testng.internal.MethodInvocationHelper.invokeMethod(MethodInvocationHelper.java:74)
	at org.testng.internal.MethodInvocationHelper.invokeMethodNoCheckedException(MethodInvocationHelper.java:45)
	at org.testng.internal.MethodInvocationHelper.invokeDataProvider(MethodInvocationHelper.java:131)
	at org.testng.internal.Parameters.handleParameters(Parameters.java:706)
	at org.testng.internal.ParameterHandler.handleParameters(ParameterHandler.java:49)
	at org.testng.internal.ParameterHandler.createParameters(ParameterHandler.java:37)
	at org.testng.internal.Invoker.invokeTestMethods(Invoker.java:923)
	at org.testng.internal.TestMethodWorker.invokeTestMethods(TestMethodWorker.java:125)
	at org.testng.internal.TestMethodWorker.run(TestMethodWorker.java:109)
	at org.testng.TestRunner.privateRun(TestRunner.java:648)
	at org.testng.TestRunner.run(TestRunner.java:505)
	at org.testng.SuiteRunner.runTest(SuiteRunner.java:455)
	at org.testng.SuiteRunner.runSequentially(SuiteRunner.java:450)
	at org.testng.SuiteRunner.privateRun(SuiteRunner.java:415)
	at org.testng.SuiteRunner.run(SuiteRunner.java:364)
	at org.testng.SuiteRunnerWorker.runSuite(SuiteRunnerWorker.java:52)
	at org.testng.SuiteRunnerWorker.run(SuiteRunnerWorker.java:84)
	at org.testng.TestNG.runSuitesSequentially(TestNG.java:1208)
	at org.testng.TestNG.runSuitesLocally(TestNG.java:1137)
	at org.testng.TestNG.runSuites(TestNG.java:1049)
	at org.testng.TestNG.run(TestNG.java:1017)
	at org.testng.remote.AbstractRemoteTestNG.run(AbstractRemoteTestNG.java:115)
	at org.testng.remote.RemoteTestNG.initAndRun(RemoteTestNG.java:251)
	at org.testng.remote.RemoteTestNG.main(RemoteTestNG.java:77)

2022-06-20 17:28:59,682 [main] INFO com.utils.ExcelUtility - java.lang.NullPointerException
	at com.utils.ExcelUtility.getCellData(ExcelUtility.java:311)
	at angular.testscripts.prereuisitesangular.PreRequisite_C2CBuy_Revamp.TestDataFeed1(PreRequisite_C2CBuy_Revamp.java:600)
	at sun.reflect.NativeMethodAccessorImpl.invoke0(Native Method)
	at sun.reflect.NativeMethodAccessorImpl.invoke(Unknown Source)
	at sun.reflect.DelegatingMethodAccessorImpl.invoke(Unknown Source)
	at java.lang.reflect.Method.invoke(Unknown Source)
	at org.testng.internal.MethodInvocationHelper.invokeMethod(MethodInvocationHelper.java:124)
	at org.testng.internal.MethodInvocationHelper.invokeMethod(MethodInvocationHelper.java:74)
	at org.testng.internal.MethodInvocationHelper.invokeMethodNoCheckedException(MethodInvocationHelper.java:45)
	at org.testng.internal.MethodInvocationHelper.invokeDataProvider(MethodInvocationHelper.java:131)
	at org.testng.internal.Parameters.handleParameters(Parameters.java:706)
	at org.testng.internal.ParameterHandler.handleParameters(ParameterHandler.java:49)
	at org.testng.internal.ParameterHandler.createParameters(ParameterHandler.java:37)
	at org.testng.internal.Invoker.invokeTestMethods(Invoker.java:923)
	at org.testng.internal.TestMethodWorker.invokeTestMethods(TestMethodWorker.java:125)
	at org.testng.internal.TestMethodWorker.run(TestMethodWorker.java:109)
	at org.testng.TestRunner.privateRun(TestRunner.java:648)
	at org.testng.TestRunner.run(TestRunner.java:505)
	at org.testng.SuiteRunner.runTest(SuiteRunner.java:455)
	at org.testng.SuiteRunner.runSequentially(SuiteRunner.java:450)
	at org.testng.SuiteRunner.privateRun(SuiteRunner.java:415)
	at org.testng.SuiteRunner.run(SuiteRunner.java:364)
	at org.testng.SuiteRunnerWorker.runSuite(SuiteRunnerWorker.java:52)
	at org.testng.SuiteRunnerWorker.run(SuiteRunnerWorker.java:84)
	at org.testng.TestNG.runSuitesSequentially(TestNG.java:1208)
	at org.testng.TestNG.runSuitesLocally(TestNG.java:1137)
	at org.testng.TestNG.runSuites(TestNG.java:1049)
	at org.testng.TestNG.run(TestNG.java:1017)
	at org.testng.remote.AbstractRemoteTestNG.run(AbstractRemoteTestNG.java:115)
	at org.testng.remote.RemoteTestNG.initAndRun(RemoteTestNG.java:251)
	at org.testng.remote.RemoteTestNG.main(RemoteTestNG.java:77)

2022-06-20 17:28:59,951 [main] INFO com.utils.ExcelUtility - java.lang.NullPointerException
	at com.utils.ExcelUtility.getCellData(ExcelUtility.java:311)
	at angular.testscripts.prereuisitesangular.PreRequisite_C2CBuy_Revamp.TestDataFeed1(PreRequisite_C2CBuy_Revamp.java:600)
	at sun.reflect.NativeMethodAccessorImpl.invoke0(Native Method)
	at sun.reflect.NativeMethodAccessorImpl.invoke(Unknown Source)
	at sun.reflect.DelegatingMethodAccessorImpl.invoke(Unknown Source)
	at java.lang.reflect.Method.invoke(Unknown Source)
	at org.testng.internal.MethodInvocationHelper.invokeMethod(MethodInvocationHelper.java:124)
	at org.testng.internal.MethodInvocationHelper.invokeMethod(MethodInvocationHelper.java:74)
	at org.testng.internal.MethodInvocationHelper.invokeMethodNoCheckedException(MethodInvocationHelper.java:45)
	at org.testng.internal.MethodInvocationHelper.invokeDataProvider(MethodInvocationHelper.java:131)
	at org.testng.internal.Parameters.handleParameters(Parameters.java:706)
	at org.testng.internal.ParameterHandler.handleParameters(ParameterHandler.java:49)
	at org.testng.internal.ParameterHandler.createParameters(ParameterHandler.java:37)
	at org.testng.internal.Invoker.invokeTestMethods(Invoker.java:923)
	at org.testng.internal.TestMethodWorker.invokeTestMethods(TestMethodWorker.java:125)
	at org.testng.internal.TestMethodWorker.run(TestMethodWorker.java:109)
	at org.testng.TestRunner.privateRun(TestRunner.java:648)
	at org.testng.TestRunner.run(TestRunner.java:505)
	at org.testng.SuiteRunner.runTest(SuiteRunner.java:455)
	at org.testng.SuiteRunner.runSequentially(SuiteRunner.java:450)
	at org.testng.SuiteRunner.privateRun(SuiteRunner.java:415)
	at org.testng.SuiteRunner.run(SuiteRunner.java:364)
	at org.testng.SuiteRunnerWorker.runSuite(SuiteRunnerWorker.java:52)
	at org.testng.SuiteRunnerWorker.run(SuiteRunnerWorker.java:84)
	at org.testng.TestNG.runSuitesSequentially(TestNG.java:1208)
	at org.testng.TestNG.runSuitesLocally(TestNG.java:1137)
	at org.testng.TestNG.runSuites(TestNG.java:1049)
	at org.testng.TestNG.run(TestNG.java:1017)
	at org.testng.remote.AbstractRemoteTestNG.run(AbstractRemoteTestNG.java:115)
	at org.testng.remote.RemoteTestNG.initAndRun(RemoteTestNG.java:251)
	at org.testng.remote.RemoteTestNG.main(RemoteTestNG.java:77)

2022-06-20 17:29:00,099 [main] INFO com.utils.ExcelUtility - java.lang.NullPointerException
	at com.utils.ExcelUtility.getCellData(ExcelUtility.java:311)
	at angular.testscripts.prereuisitesangular.PreRequisite_C2CBuy_Revamp.TestDataFeed1(PreRequisite_C2CBuy_Revamp.java:600)
	at sun.reflect.NativeMethodAccessorImpl.invoke0(Native Method)
	at sun.reflect.NativeMethodAccessorImpl.invoke(Unknown Source)
	at sun.reflect.DelegatingMethodAccessorImpl.invoke(Unknown Source)
	at java.lang.reflect.Method.invoke(Unknown Source)
	at org.testng.internal.MethodInvocationHelper.invokeMethod(MethodInvocationHelper.java:124)
	at org.testng.internal.MethodInvocationHelper.invokeMethod(MethodInvocationHelper.java:74)
	at org.testng.internal.MethodInvocationHelper.invokeMethodNoCheckedException(MethodInvocationHelper.java:45)
	at org.testng.internal.MethodInvocationHelper.invokeDataProvider(MethodInvocationHelper.java:131)
	at org.testng.internal.Parameters.handleParameters(Parameters.java:706)
	at org.testng.internal.ParameterHandler.handleParameters(ParameterHandler.java:49)
	at org.testng.internal.ParameterHandler.createParameters(ParameterHandler.java:37)
	at org.testng.internal.Invoker.invokeTestMethods(Invoker.java:923)
	at org.testng.internal.TestMethodWorker.invokeTestMethods(TestMethodWorker.java:125)
	at org.testng.internal.TestMethodWorker.run(TestMethodWorker.java:109)
	at org.testng.TestRunner.privateRun(TestRunner.java:648)
	at org.testng.TestRunner.run(TestRunner.java:505)
	at org.testng.SuiteRunner.runTest(SuiteRunner.java:455)
	at org.testng.SuiteRunner.runSequentially(SuiteRunner.java:450)
	at org.testng.SuiteRunner.privateRun(SuiteRunner.java:415)
	at org.testng.SuiteRunner.run(SuiteRunner.java:364)
	at org.testng.SuiteRunnerWorker.runSuite(SuiteRunnerWorker.java:52)
	at org.testng.SuiteRunnerWorker.run(SuiteRunnerWorker.java:84)
	at org.testng.TestNG.runSuitesSequentially(TestNG.java:1208)
	at org.testng.TestNG.runSuitesLocally(TestNG.java:1137)
	at org.testng.TestNG.runSuites(TestNG.java:1049)
	at org.testng.TestNG.run(TestNG.java:1017)
	at org.testng.remote.AbstractRemoteTestNG.run(AbstractRemoteTestNG.java:115)
	at org.testng.remote.RemoteTestNG.initAndRun(RemoteTestNG.java:251)
	at org.testng.remote.RemoteTestNG.main(RemoteTestNG.java:77)

2022-06-20 17:29:00,253 [main] INFO com.utils.ExcelUtility - java.lang.NullPointerException
	at com.utils.ExcelUtility.getCellData(ExcelUtility.java:311)
	at angular.testscripts.prereuisitesangular.PreRequisite_C2CBuy_Revamp.TestDataFeed1(PreRequisite_C2CBuy_Revamp.java:600)
	at sun.reflect.NativeMethodAccessorImpl.invoke0(Native Method)
	at sun.reflect.NativeMethodAccessorImpl.invoke(Unknown Source)
	at sun.reflect.DelegatingMethodAccessorImpl.invoke(Unknown Source)
	at java.lang.reflect.Method.invoke(Unknown Source)
	at org.testng.internal.MethodInvocationHelper.invokeMethod(MethodInvocationHelper.java:124)
	at org.testng.internal.MethodInvocationHelper.invokeMethod(MethodInvocationHelper.java:74)
	at org.testng.internal.MethodInvocationHelper.invokeMethodNoCheckedException(MethodInvocationHelper.java:45)
	at org.testng.internal.MethodInvocationHelper.invokeDataProvider(MethodInvocationHelper.java:131)
	at org.testng.internal.Parameters.handleParameters(Parameters.java:706)
	at org.testng.internal.ParameterHandler.handleParameters(ParameterHandler.java:49)
	at org.testng.internal.ParameterHandler.createParameters(ParameterHandler.java:37)
	at org.testng.internal.Invoker.invokeTestMethods(Invoker.java:923)
	at org.testng.internal.TestMethodWorker.invokeTestMethods(TestMethodWorker.java:125)
	at org.testng.internal.TestMethodWorker.run(TestMethodWorker.java:109)
	at org.testng.TestRunner.privateRun(TestRunner.java:648)
	at org.testng.TestRunner.run(TestRunner.java:505)
	at org.testng.SuiteRunner.runTest(SuiteRunner.java:455)
	at org.testng.SuiteRunner.runSequentially(SuiteRunner.java:450)
	at org.testng.SuiteRunner.privateRun(SuiteRunner.java:415)
	at org.testng.SuiteRunner.run(SuiteRunner.java:364)
	at org.testng.SuiteRunnerWorker.runSuite(SuiteRunnerWorker.java:52)
	at org.testng.SuiteRunnerWorker.run(SuiteRunnerWorker.java:84)
	at org.testng.TestNG.runSuitesSequentially(TestNG.java:1208)
	at org.testng.TestNG.runSuitesLocally(TestNG.java:1137)
	at org.testng.TestNG.runSuites(TestNG.java:1049)
	at org.testng.TestNG.run(TestNG.java:1017)
	at org.testng.remote.AbstractRemoteTestNG.run(AbstractRemoteTestNG.java:115)
	at org.testng.remote.RemoteTestNG.initAndRun(RemoteTestNG.java:251)
	at org.testng.remote.RemoteTestNG.main(RemoteTestNG.java:77)

2022-06-20 17:29:00,928 [main] INFO com.dbrepository.OracleRepository - Entered getSystemPreference(TRF_RULE_USER_LEVEL_ALLOW)
2022-06-20 17:29:00,957 [main] INFO com.dbrepository.DBConnectionPool - Active Size:0 Cache Size:10
2022-06-20 17:29:00,962 [main] INFO com.dbrepository.OracleRepository - getSystemPreference() :: select query: select DEFAULT_VALUE from system_preferences where PREFERENCE_CODE = ?
2022-06-20 17:29:01,066 [main] INFO com.dbrepository.OracleRepository - Database Returns: DEFAULT_VALUE (true)
2022-06-20 17:29:01,071 [main] INFO com.dbrepository.OracleRepository - Exiting getSystemPreference()
2022-06-20 17:29:01,117 [main] INFO angular.testscripts.prereuisitesangular.PreRequisite_C2CBuy_Revamp - ------------------ Test Case Execution Started For A_01_Test_C2CBuyMobileBuyerType -------------------
2022-06-20 17:29:01,117 [main] INFO angular.testscripts.prereuisitesangular.PreRequisite_C2CBuy_Revamp - Entered A_01_Test_C2CBuyMobileBuyerType(Dealer, Super Distributor, 8964109634, 2468, Distributor, Root, AR, 1)
2022-06-20 17:29:01,129 [main] INFO com.dbrepository.OracleRepository - Entered getPreference(DIST, NG, MAX_APPROVAL_LEVEL_C2C_TRANSFER)
2022-06-20 17:29:01,149 [main] INFO com.dbrepository.DBConnectionPool - Active Size:0 Cache Size:10
2022-06-20 17:29:01,260 [main] INFO com.dbrepository.OracleRepository - Service Class Preference Not Found
2022-06-20 17:29:01,266 [main] INFO com.dbrepository.OracleRepository - Trying to get Preference value from Control Preferences
2022-06-20 17:29:01,370 [main] INFO com.dbrepository.OracleRepository - Query Repository Returns: DEFAULT_VALUE (3)
2022-06-20 17:29:01,500 [main] INFO com.utils.CommonUtils - Category Code for Dealer: SE
2022-06-20 17:29:01,578 [main] INFO com.dbrepository.OracleRepository - Entered webInterface(Dealer)
2022-06-20 17:29:01,581 [main] INFO com.dbrepository.DBConnectionPool - Active Size:0 Cache Size:10
2022-06-20 17:29:01,583 [main] INFO com.dbrepository.OracleRepository - webInterface() :: select query: Select WEB_INTERFACE_ALLOWED from categories where category_name= ?
2022-06-20 17:29:01,687 [main] INFO com.dbrepository.OracleRepository - Database Returns: WEB_INTERFACE_ALLOWED (Y)
2022-06-20 17:29:01,692 [main] INFO com.dbrepository.OracleRepository - Exited webInterface()
2022-06-20 17:29:01,811 [main] INFO angular.feature.C2CBuyRevamp - Entered performC2CBuyMobileBuyerType(Dealer, Super Distributor, 8964109634, 2468)
2022-06-20 17:29:01,945 [main] INFO angular.classes.LoginRevamp - Login ID Found as: newdealusrr
2022-06-20 17:29:01,950 [main] INFO angular.classes.LoginRevamp - Password Found as: Com@2468
2022-06-20 17:29:01,955 [main] INFO angular.feature.C2CBuyRevamp - LOGINID : newdealusrr
2022-06-20 17:29:02,020 [main] INFO angular.classes.LoginRevamp - LoginID found as: newdealusrr
2022-06-20 17:29:02,025 [main] INFO angular.classes.LoginRevamp - Password found as: Com@2468
2022-06-20 17:29:02,028 [main] INFO angular.classes.LoginRevamp - Username found as: dealuser
2022-06-20 17:29:03,303 [main] INFO angular.pageobjects.loginpages.LoginPageRevamp - Trying to select Language
2022-06-20 17:29:13,586 [main] INFO angular.pageobjects.loginpages.LoginPageRevamp - <b>Language Selector Not Found:</b>
2022-06-20 17:29:13,617 [main] INFO angular.pageobjects.loginpages.LoginPageRevamp - Trying to enter Login ID
2022-06-20 17:29:13,878 [main] INFO angular.pageobjects.loginpages.LoginPageRevamp - Login ID entered successfully as: newdealusrr
2022-06-20 17:29:13,883 [main] INFO angular.pageobjects.loginpages.LoginPageRevamp - Trying to enter Password
2022-06-20 17:29:14,115 [main] INFO angular.pageobjects.loginpages.LoginPageRevamp - Password entered successfully as: Com@2468
2022-06-20 17:29:14,120 [main] INFO angular.pageobjects.loginpages.LoginPageRevamp - Trying to click Login Button
2022-06-20 17:29:14,282 [main] INFO angular.pageobjects.loginpages.LoginPageRevamp - Login button clicked successfully
2022-06-20 17:29:14,346 [main] INFO angular.pageobjects.loginpages.LoginPageRevamp - Error Message Found on Login Screen: 
2022-06-20 17:29:26,937 [main] INFO angular.pageobjects.c2ctransfer.C2CTransfers - Trying clicking on C2C Heading
2022-06-20 17:29:27,085 [main] INFO angular.pageobjects.c2ctransfer.C2CTransfers - User clicked C2C Heading Link.
2022-06-20 17:29:27,087 [main] INFO angular.pageobjects.c2ctransfer.C2CTransfers - Trying clicking on C2C Transaction Heading
2022-06-20 17:29:27,196 [main] INFO angular.pageobjects.c2ctransfer.C2CTransfers - User clicked C2C Transaction Heading Link.
2022-06-20 17:29:27,198 [main] INFO angular.feature.C2CBuyRevamp - C2C Heading and Transaction Heading is clicked
2022-06-20 17:29:27,200 [main] INFO angular.pageobjects.c2ctransfer.C2CTransfers - Trying clicking on C2C Single Operation Heading
2022-06-20 17:29:31,037 [main] INFO angular.pageobjects.c2ctransfer.C2CTransfers - User clicked C2C Single Operation Heading.
2022-06-20 17:29:31,077 [main] INFO angular.pageobjects.c2ctransfer.C2CTransfers - Trying clicking on C2C Buy Heading
2022-06-20 17:29:31,233 [main] INFO angular.pageobjects.c2ctransfer.C2CTransfers - User clicked C2C Buy Heading.
2022-06-20 17:29:31,235 [main] INFO angular.pageobjects.c2ctransfer.C2CTransfers - Trying clicking on Etopup
2022-06-20 17:29:31,338 [main] INFO angular.pageobjects.c2ctransfer.C2CTransfers - Clicked Etopup.
2022-06-20 17:29:31,341 [main] INFO angular.pageobjects.c2ctransfer.C2CTransfers - Trying to select C2C Buyer Type
2022-06-20 17:29:31,563 [main] INFO angular.pageobjects.c2ctransfer.C2CTransfers - C2C Buyer Type selected : //ng-select[@id='searchBy']//ng-dropdown-panel[contains(@class,'ng-star-inserted')]//span[text()='Mobile Number']
2022-06-20 17:29:31,566 [main] INFO angular.pageobjects.c2ctransfer.C2CTransfers - Entering C2C MSISDN
2022-06-20 17:29:31,720 [main] INFO angular.pageobjects.c2ctransfer.C2CTransfers - Entered C2C MSISDN : 8964109634
2022-06-20 17:29:41,729 [main] INFO angular.pageobjects.c2ctransfer.C2CTransfers - Trying clicking on PROCEED button on C2C
2022-06-20 17:29:51,939 [main] INFO angular.pageobjects.c2ctransfer.C2CTransfers - Clicked PROCEED button on C2C.
2022-06-20 17:29:51,971 [main] INFO angular.pageobjects.c2ctransfer.C2CTransfers - Trying to initiate C2C Topups
2022-06-20 17:29:52,238 [main] INFO angular.pageobjects.c2ctransfer.C2CTransfers - rowCount of c2c topups available on screen : 2
2022-06-20 17:29:52,240 [main] INFO angular.pageobjects.c2ctransfer.C2CTransfers - sheetProductCode : eTopUP
2022-06-20 17:29:52,241 [main] INFO angular.pageobjects.c2ctransfer.C2CTransfers - sheetProductCode : PeTopUP
2022-06-20 17:29:52,353 [main] INFO angular.pageobjects.c2ctransfer.C2CTransfers - quantity : 3
2022-06-20 17:29:52,356 [main] INFO angular.pageobjects.c2ctransfer.C2CTransfers - String.valueOf(quantity) SEND KEYS : 3
2022-06-20 17:29:52,514 [main] INFO angular.pageobjects.c2ctransfer.C2CTransfers - rowCount of c2c topups available on screen : 2
2022-06-20 17:29:52,517 [main] INFO angular.pageobjects.c2ctransfer.C2CTransfers - sheetProductCode : eTopUP
2022-06-20 17:29:52,627 [main] INFO angular.pageobjects.c2ctransfer.C2CTransfers - quantity : 2
2022-06-20 17:29:52,629 [main] INFO angular.pageobjects.c2ctransfer.C2CTransfers - String.valueOf(quantity) SEND KEYS : 2
2022-06-20 17:29:52,633 [main] INFO angular.pageobjects.c2ctransfer.C2CTransfers - sheetProductCode : PeTopUP
2022-06-20 17:29:52,637 [main] INFO angular.pageobjects.c2ctransfer.C2CTransfers - Entered Quantities: 
2022-06-20 17:29:52,903 [main] INFO angular.pageobjects.c2ctransfer.C2CTransfers - Entered Reference Number
2022-06-20 17:29:53,333 [main] INFO angular.pageobjects.c2ctransfer.C2CTransfers - User entered Remarks
2022-06-20 17:29:53,336 [main] INFO angular.pageobjects.c2ctransfer.C2CTransfers - Trying to select Payment mode : Cash
2022-06-20 17:29:53,751 [main] INFO angular.pageobjects.c2ctransfer.C2CTransfers - Selected Payment Mode : Cash
2022-06-20 17:29:53,754 [main] INFO angular.pageobjects.c2ctransfer.C2CTransfers - Trying to select Payment Instrument Number
2022-06-20 17:29:53,994 [main] INFO angular.pageobjects.c2ctransfer.C2CTransfers - User entered PaymentInstNum: 124231
2022-06-20 17:29:59,000 [main] INFO angular.pageobjects.c2ctransfer.C2CTransfers - Trying to select Date
2022-06-20 17:29:59,039 [main] INFO angular.pageobjects.c2ctransfer.C2CTransfers - Trying to enter Payment Instrument Date
2022-06-20 17:30:02,354 [main] INFO angular.pageobjects.c2ctransfer.C2CTransfers - User entered PaymentInstDate: 20/06/22
2022-06-20 17:30:02,382 [main] INFO angular.pageobjects.c2ctransfer.C2CTransfers - Trying clicking on C2C TRANSFER button
2022-06-20 17:30:02,626 [main] INFO angular.pageobjects.c2ctransfer.C2CTransfers - Clicked C2C Transfer Button
2022-06-20 17:30:04,320 [main] INFO angular.pageobjects.c2ctransfer.C2CTransfers - PIN PopUP is visible.
2022-06-20 17:30:04,321 [main] INFO angular.pageobjects.c2ctransfer.C2CTransfers - Trying to Enter Channel User PIN for C2C
2022-06-20 17:30:04,530 [main] INFO angular.pageobjects.c2ctransfer.C2CTransfers - User entered PIN: 2468
2022-06-20 17:30:04,531 [main] INFO angular.pageobjects.c2ctransfer.C2CTransfers - Trying clicking on C2C TRANSFER button
2022-06-20 17:30:04,721 [main] INFO angular.pageobjects.c2ctransfer.C2CTransfers - Clicked C2C Transfer Button
2022-06-20 17:30:06,392 [main] INFO angular.pageobjects.c2ctransfer.C2CTransfers - PIN PopUP is visible.
2022-06-20 17:30:06,394 [main] INFO angular.pageobjects.c2ctransfer.C2CTransfers - Fetching C2C Buy Request Initiated Message
2022-06-20 17:30:06,518 [main] INFO angular.pageobjects.c2ctransfer.C2CTransfers - C2C Transfer Buy Initiated Message : Stock Purchase Request Initiated
2022-06-20 17:30:06,520 [main] INFO angular.pageobjects.c2ctransfer.C2CTransfers - Trying to get C2C Topups Done
2022-06-20 17:30:06,693 [main] INFO angular.pageobjects.c2ctransfer.C2CTransfers - C2C [[ChromeDriver: chrome on WINDOWS (1bab47f7b41f2b3fdd7e0468923e6b5b)] -> xpath: (//label[@class='labelposPrd'])[1]] : [[ChromeDriver: chrome on WINDOWS (1bab47f7b41f2b3fdd7e0468923e6b5b)] -> xpath: (//label[@class='labelposPrd'])[1]/following-sibling::label]
2022-06-20 17:30:06,752 [main] INFO angular.pageobjects.c2ctransfer.C2CTransfers - C2C [[ChromeDriver: chrome on WINDOWS (1bab47f7b41f2b3fdd7e0468923e6b5b)] -> xpath: (//label[@class='labelposPrd'])[2]] : [[ChromeDriver: chrome on WINDOWS (1bab47f7b41f2b3fdd7e0468923e6b5b)] -> xpath: (//label[@class='labelposPrd'])[2]/following-sibling::label]
2022-06-20 17:30:06,754 [main] INFO angular.pageobjects.c2ctransfer.C2CTransfers -  C2C TOPUPS Done and Info Printed Above
2022-06-20 17:30:11,767 [main] INFO angular.pageobjects.c2ctransfer.C2CTransfers - Fetching C2C Purchase Transaction ID
2022-06-20 17:30:11,874 [main] INFO angular.pageobjects.c2ctransfer.C2CTransfers - C2C Purchase Transaction ID : CT220620.1721.100001
2022-06-20 17:30:32,933 [main] ERROR com.sshmanager.SSHService - Error while getting SSH Server Instance : com.jcraft.jsch.JSchException: java.net.ConnectException: Connection timed out: connect
2022-06-20 17:30:33,283 [main] INFO angular.pageobjects.c2ctransfer.C2CTransfers - Trying to Click DONE button after C2C Purchase initiated
2022-06-20 17:30:33,595 [main] INFO angular.pageobjects.c2ctransfer.C2CTransfers - Clicked Done for Initiated C2C
2022-06-20 17:30:33,598 [main] INFO angular.feature.C2CBuyRevamp - Exiting performC2CBuyMobileBuyerType
2022-06-20 17:30:33,601 [main] INFO angular.feature.C2CBuyRevamp - Entered performC2CTransferMobileBuyerType(Super Distributor, Dealer, 2468)
2022-06-20 17:30:33,653 [main] INFO angular.classes.LoginRevamp - Login ID Found as: suser
2022-06-20 17:30:33,656 [main] INFO angular.classes.LoginRevamp - Password Found as: Com@2469
2022-06-20 17:30:33,658 [main] INFO angular.feature.C2CBuyRevamp - LOGINID : suser
2022-06-20 17:30:33,697 [main] INFO angular.classes.LoginRevamp - LoginID found as: suser
2022-06-20 17:30:33,700 [main] INFO angular.classes.LoginRevamp - Password found as: Com@2469
2022-06-20 17:30:33,703 [main] INFO angular.classes.LoginRevamp - Username found as:  suser
2022-06-20 17:30:34,315 [main] INFO angular.pageobjects.loginpages.LoginPageRevamp - Trying to select Language
2022-06-20 17:30:44,532 [main] INFO angular.pageobjects.loginpages.LoginPageRevamp - <b>Language Selector Not Found:</b>
2022-06-20 17:30:44,560 [main] INFO angular.pageobjects.loginpages.LoginPageRevamp - Trying to enter Login ID
2022-06-20 17:30:44,769 [main] INFO angular.pageobjects.loginpages.LoginPageRevamp - Login ID entered successfully as: suser
2022-06-20 17:30:44,772 [main] INFO angular.pageobjects.loginpages.LoginPageRevamp - Trying to enter Password
2022-06-20 17:30:44,970 [main] INFO angular.pageobjects.loginpages.LoginPageRevamp - Password entered successfully as: Com@2469
2022-06-20 17:30:44,975 [main] INFO angular.pageobjects.loginpages.LoginPageRevamp - Trying to click Login Button
2022-06-20 17:30:45,116 [main] INFO angular.pageobjects.loginpages.LoginPageRevamp - Login button clicked successfully
2022-06-20 17:30:45,177 [main] INFO angular.pageobjects.loginpages.LoginPageRevamp - Error Message Found on Login Screen: 
2022-06-20 17:30:54,354 [main] INFO angular.pageobjects.c2capproval.C2CApproval - Trying clicking on C2C Heading
2022-06-20 17:30:54,495 [main] INFO angular.pageobjects.c2capproval.C2CApproval - User clicked C2C Heading Link.
2022-06-20 17:30:54,499 [main] INFO angular.pageobjects.c2capproval.C2CApproval - Trying clicking on C2C Approval Level 1 Heading
2022-06-20 17:30:54,703 [main] INFO angular.pageobjects.c2capproval.C2CApproval - User clicked C2C Approval Level 1 Heading Link.
2022-06-20 17:30:54,707 [main] INFO angular.feature.C2CBuyRevamp - C2C Heading and Transaction Heading is clicked
2022-06-20 17:30:54,714 [main] INFO angular.pageobjects.c2capproval.C2CApproval - Waiting for spinner
2022-06-20 17:30:56,400 [main] INFO angular.pageobjects.c2capproval.C2CApproval - Waiting for spinner to stop
2022-06-20 17:30:57,543 [main] INFO angular.pageobjects.c2capproval.C2CApproval - Spinner stopped
2022-06-20 17:30:57,547 [main] INFO angular.pageobjects.c2capproval.C2CApproval - Trying clicking on C2C Single Operation Heading
2022-06-20 17:30:57,651 [main] INFO angular.pageobjects.c2capproval.C2CApproval - User clicked C2C Single Operation Heading.
2022-06-20 17:30:57,655 [main] INFO angular.pageobjects.c2capproval.C2CApproval - Trying clicking on etopUp Heading
2022-06-20 17:30:57,777 [main] INFO angular.pageobjects.c2capproval.C2CApproval - User clicked eTopup Heading Link.
2022-06-20 17:30:57,782 [main] INFO angular.pageobjects.c2capproval.C2CApproval - Trying to enter the TransactionId
2022-06-20 17:30:58,196 [main] INFO angular.pageobjects.c2capproval.C2CApproval - Entered the TransactionId
2022-06-20 17:30:58,199 [main] INFO angular.pageobjects.c2capproval.C2CApproval - Trying to Click the approve button
2022-06-20 17:30:58,373 [main] INFO angular.pageobjects.c2capproval.C2CApproval - User clicked Approve Button	.
2022-06-20 17:30:58,377 [main] INFO angular.pageobjects.c2capproval.C2CApproval - Trying to enter the remarks
2022-06-20 17:30:58,574 [main] INFO angular.pageobjects.c2capproval.C2CApproval - Entered the TransactionId
2022-06-20 17:30:59,585 [main] INFO angular.pageobjects.c2capproval.C2CApproval - Trying to Click the approve button
2022-06-20 17:30:59,725 [main] INFO angular.pageobjects.c2capproval.C2CApproval - User clicked Approve Button	.
2022-06-20 17:30:59,727 [main] INFO angular.pageobjects.c2capproval.C2CApproval - Trying to Click the yes button
2022-06-20 17:30:59,851 [main] INFO angular.pageobjects.c2capproval.C2CApproval - User clicked Yes Button.
2022-06-20 17:31:00,981 [main] INFO angular.pageobjects.c2capproval.C2CApproval - PopUP is visible.
2022-06-20 17:31:00,985 [main] INFO angular.pageobjects.c2capproval.C2CApproval - Trying to get the Success Msg
2022-06-20 17:31:01,041 [main] INFO angular.pageobjects.c2capproval.C2CApproval - Successfully Retrieved Success Msg
2022-06-20 17:31:22,068 [main] ERROR com.sshmanager.SSHService - Error while getting SSH Server Instance : com.jcraft.jsch.JSchException: java.net.ConnectException: Connection timed out: connect
2022-06-20 17:31:22,409 [main] INFO angular.feature.C2CBuyRevamp - Entered performC2CTransferMobileBuyerType(Super Distributor, Dealer, 2468)
2022-06-20 17:31:22,457 [main] INFO angular.classes.LoginRevamp - Login ID Found as: suser
2022-06-20 17:31:22,459 [main] INFO angular.classes.LoginRevamp - Password Found as: Com@2469
2022-06-20 17:31:22,461 [main] INFO angular.feature.C2CBuyRevamp - LOGINID : suser
2022-06-20 17:31:22,491 [main] INFO angular.classes.LoginRevamp - LoginID found as: suser
2022-06-20 17:31:22,494 [main] INFO angular.classes.LoginRevamp - Password found as: Com@2469
2022-06-20 17:31:22,496 [main] INFO angular.classes.LoginRevamp - Username found as:  suser
2022-06-20 17:31:22,904 [main] INFO angular.pageobjects.loginpages.LoginPageRevamp - Trying to select Language
2022-06-20 17:31:33,178 [main] INFO angular.pageobjects.loginpages.LoginPageRevamp - <b>Language Selector Not Found:</b>
2022-06-20 17:31:33,210 [main] INFO angular.pageobjects.loginpages.LoginPageRevamp - Trying to enter Login ID
2022-06-20 17:31:33,456 [main] INFO angular.pageobjects.loginpages.LoginPageRevamp - Login ID entered successfully as: suser
2022-06-20 17:31:33,459 [main] INFO angular.pageobjects.loginpages.LoginPageRevamp - Trying to enter Password
2022-06-20 17:31:33,709 [main] INFO angular.pageobjects.loginpages.LoginPageRevamp - Password entered successfully as: Com@2469
2022-06-20 17:31:33,712 [main] INFO angular.pageobjects.loginpages.LoginPageRevamp - Trying to click Login Button
2022-06-20 17:31:33,877 [main] INFO angular.pageobjects.loginpages.LoginPageRevamp - Login button clicked successfully
2022-06-20 17:31:33,946 [main] INFO angular.pageobjects.loginpages.LoginPageRevamp - Error Message Found on Login Screen: 
2022-06-20 17:31:43,013 [main] INFO angular.pageobjects.c2capproval.C2CApproval - Trying clicking on C2C Heading
2022-06-20 17:31:43,114 [main] INFO angular.pageobjects.c2capproval.C2CApproval - User clicked C2C Heading Link.
2022-06-20 17:31:43,117 [main] INFO angular.pageobjects.c2capproval.C2CApproval - Trying clicking on C2C Approval Level 2 Heading
2022-06-20 17:31:43,292 [main] INFO angular.pageobjects.c2capproval.C2CApproval - User clicked C2C Approval Level 2 Heading Link.
2022-06-20 17:31:43,294 [main] INFO angular.feature.C2CBuyRevamp - C2C Heading and Transaction Heading is clicked
2022-06-20 17:31:43,297 [main] INFO angular.pageobjects.c2capproval.C2CApproval - Waiting for spinner
2022-06-20 17:31:43,387 [main] INFO angular.pageobjects.c2capproval.C2CApproval - Waiting for spinner to stop
2022-06-20 17:31:45,636 [main] INFO angular.pageobjects.c2capproval.C2CApproval - Spinner stopped
2022-06-20 17:31:45,662 [main] INFO angular.pageobjects.c2capproval.C2CApproval - Trying clicking on C2C Single Operation Heading
2022-06-20 17:31:45,736 [main] INFO angular.pageobjects.c2capproval.C2CApproval - User clicked C2C Single Operation Heading.
2022-06-20 17:31:45,739 [main] INFO angular.pageobjects.c2capproval.C2CApproval - Trying clicking on etopUp Heading
2022-06-20 17:31:45,815 [main] INFO angular.pageobjects.c2capproval.C2CApproval - User clicked eTopup Heading Link.
2022-06-20 17:31:45,817 [main] INFO angular.pageobjects.c2capproval.C2CApproval - Trying to enter the TransactionId
2022-06-20 17:32:06,027 [main] INFO com.classes.BaseTest - org.openqa.selenium.TimeoutException: Expected condition failed: waiting for visibility of element located by By.xpath: //input[@aria-controls='parentTable'] (tried for 20 second(s) with 500 milliseconds interval)
2022-06-20 17:32:27,050 [main] ERROR com.sshmanager.SSHService - Error while getting SSH Server Instance : com.jcraft.jsch.JSchException: java.net.ConnectException: Connection timed out: connect
2022-06-20 17:32:27,707 [main] INFO angular.testscripts.prereuisitesangular.PreRequisite_C2CBuy_Revamp - ------------------ Test Case Execution Started For A_01_Test_C2CBuyMobileBuyerType -------------------
2022-06-20 17:32:27,707 [main] INFO angular.testscripts.prereuisitesangular.PreRequisite_C2CBuy_Revamp - Entered A_01_Test_C2CBuyMobileBuyerType(Agent, Super Distributor, 8964109634, 2468, Distributor, Root, AR, 1)
2022-06-20 17:32:27,709 [main] INFO com.dbrepository.OracleRepository - Entered getPreference(DIST, NG, MAX_APPROVAL_LEVEL_C2C_TRANSFER)
2022-06-20 17:32:27,711 [main] INFO com.dbrepository.DBConnectionPool - Active Size:0 Cache Size:10
2022-06-20 17:32:27,813 [main] INFO com.dbrepository.OracleRepository - Service Class Preference Not Found
2022-06-20 17:32:27,817 [main] INFO com.dbrepository.OracleRepository - Trying to get Preference value from Control Preferences
2022-06-20 17:32:27,916 [main] INFO com.dbrepository.OracleRepository - Query Repository Returns: DEFAULT_VALUE (3)
2022-06-20 17:32:27,963 [main] INFO com.utils.CommonUtils - Category Code for Agent: AG
2022-06-20 17:32:27,988 [main] INFO com.dbrepository.OracleRepository - Entered webInterface(Agent)
2022-06-20 17:32:27,991 [main] INFO com.dbrepository.DBConnectionPool - Active Size:0 Cache Size:10
2022-06-20 17:32:27,992 [main] INFO com.dbrepository.OracleRepository - webInterface() :: select query: Select WEB_INTERFACE_ALLOWED from categories where category_name= ?
2022-06-20 17:32:28,136 [main] INFO com.dbrepository.OracleRepository - Database Returns: WEB_INTERFACE_ALLOWED (Y)
2022-06-20 17:32:28,139 [main] INFO com.dbrepository.OracleRepository - Exited webInterface()
2022-06-20 17:32:28,142 [main] INFO angular.feature.C2CBuyRevamp - Entered performC2CBuyMobileBuyerType(Agent, Super Distributor, 8964109634, 2468)
2022-06-20 17:32:28,184 [main] INFO angular.classes.LoginRevamp - Login ID Found as: agusernew
2022-06-20 17:32:28,186 [main] INFO angular.classes.LoginRevamp - Password Found as: Com@2468
2022-06-20 17:32:28,188 [main] INFO angular.feature.C2CBuyRevamp - LOGINID : agusernew
2022-06-20 17:32:28,209 [main] INFO angular.classes.LoginRevamp - LoginID found as: agusernew
2022-06-20 17:32:28,212 [main] INFO angular.classes.LoginRevamp - Password found as: Com@2468
2022-06-20 17:32:28,214 [main] INFO angular.classes.LoginRevamp - Username found as: agentuser
2022-06-20 17:32:28,567 [main] INFO angular.pageobjects.loginpages.LoginPageRevamp - Trying to select Language
2022-06-20 17:32:38,917 [main] INFO angular.pageobjects.loginpages.LoginPageRevamp - <b>Language Selector Not Found:</b>
2022-06-20 17:32:38,943 [main] INFO angular.pageobjects.loginpages.LoginPageRevamp - Trying to enter Login ID
2022-06-20 17:32:39,184 [main] INFO angular.pageobjects.loginpages.LoginPageRevamp - Login ID entered successfully as: agusernew
2022-06-20 17:32:39,188 [main] INFO angular.pageobjects.loginpages.LoginPageRevamp - Trying to enter Password
2022-06-20 17:32:39,418 [main] INFO angular.pageobjects.loginpages.LoginPageRevamp - Password entered successfully as: Com@2468
2022-06-20 17:32:39,420 [main] INFO angular.pageobjects.loginpages.LoginPageRevamp - Trying to click Login Button
2022-06-20 17:32:39,581 [main] INFO angular.pageobjects.loginpages.LoginPageRevamp - Login button clicked successfully
2022-06-20 17:32:39,642 [main] INFO angular.pageobjects.loginpages.LoginPageRevamp - Error Message Found on Login Screen: 
2022-06-20 17:32:47,710 [main] INFO angular.pageobjects.c2ctransfer.C2CTransfers - Trying clicking on C2C Heading
2022-06-20 17:32:47,813 [main] INFO angular.pageobjects.c2ctransfer.C2CTransfers - User clicked C2C Heading Link.
2022-06-20 17:32:47,816 [main] INFO angular.pageobjects.c2ctransfer.C2CTransfers - Trying clicking on C2C Transaction Heading
2022-06-20 17:32:47,969 [main] INFO angular.pageobjects.c2ctransfer.C2CTransfers - User clicked C2C Transaction Heading Link.
2022-06-20 17:32:47,971 [main] INFO angular.feature.C2CBuyRevamp - C2C Heading and Transaction Heading is clicked
2022-06-20 17:32:47,973 [main] INFO angular.pageobjects.c2ctransfer.C2CTransfers - Trying clicking on C2C Single Operation Heading
2022-06-20 17:32:48,067 [main] INFO angular.pageobjects.c2ctransfer.C2CTransfers - User clicked C2C Single Operation Heading.
2022-06-20 17:32:48,069 [main] INFO angular.pageobjects.c2ctransfer.C2CTransfers - Trying clicking on C2C Buy Heading
2022-06-20 17:32:48,214 [main] INFO angular.pageobjects.c2ctransfer.C2CTransfers - User clicked C2C Buy Heading.
2022-06-20 17:32:48,216 [main] INFO angular.pageobjects.c2ctransfer.C2CTransfers - Trying clicking on Etopup
2022-06-20 17:32:48,322 [main] INFO angular.pageobjects.c2ctransfer.C2CTransfers - Clicked Etopup.
2022-06-20 17:32:48,323 [main] INFO angular.pageobjects.c2ctransfer.C2CTransfers - Trying to select C2C Buyer Type
2022-06-20 17:32:48,541 [main] INFO angular.pageobjects.c2ctransfer.C2CTransfers - C2C Buyer Type selected : //ng-select[@id='searchBy']//ng-dropdown-panel[contains(@class,'ng-star-inserted')]//span[text()='Mobile Number']
2022-06-20 17:32:48,542 [main] INFO angular.pageobjects.c2ctransfer.C2CTransfers - Entering C2C MSISDN
2022-06-20 17:32:48,661 [main] INFO angular.pageobjects.c2ctransfer.C2CTransfers - Entered C2C MSISDN : 8964109634
2022-06-20 17:32:58,667 [main] INFO angular.pageobjects.c2ctransfer.C2CTransfers - Trying clicking on PROCEED button on C2C
2022-06-20 17:33:08,872 [main] INFO angular.pageobjects.c2ctransfer.C2CTransfers - Clicked PROCEED button on C2C.
2022-06-20 17:33:08,875 [main] INFO angular.pageobjects.c2ctransfer.C2CTransfers - Trying to initiate C2C Topups
2022-06-20 17:33:09,127 [main] INFO angular.pageobjects.c2ctransfer.C2CTransfers - rowCount of c2c topups available on screen : 2
2022-06-20 17:33:09,128 [main] INFO angular.pageobjects.c2ctransfer.C2CTransfers - sheetProductCode : eTopUP
2022-06-20 17:33:09,129 [main] INFO angular.pageobjects.c2ctransfer.C2CTransfers - sheetProductCode : PeTopUP
2022-06-20 17:33:09,217 [main] INFO angular.pageobjects.c2ctransfer.C2CTransfers - quantity : 3
2022-06-20 17:33:09,220 [main] INFO angular.pageobjects.c2ctransfer.C2CTransfers - String.valueOf(quantity) SEND KEYS : 3
2022-06-20 17:33:09,393 [main] INFO angular.pageobjects.c2ctransfer.C2CTransfers - rowCount of c2c topups available on screen : 2
2022-06-20 17:33:09,394 [main] INFO angular.pageobjects.c2ctransfer.C2CTransfers - sheetProductCode : eTopUP
2022-06-20 17:33:09,487 [main] INFO angular.pageobjects.c2ctransfer.C2CTransfers - quantity : 2
2022-06-20 17:33:09,491 [main] INFO angular.pageobjects.c2ctransfer.C2CTransfers - String.valueOf(quantity) SEND KEYS : 2
2022-06-20 17:33:09,492 [main] INFO angular.pageobjects.c2ctransfer.C2CTransfers - sheetProductCode : PeTopUP
2022-06-20 17:33:09,494 [main] INFO angular.pageobjects.c2ctransfer.C2CTransfers - Entered Quantities: 
2022-06-20 17:33:09,702 [main] INFO angular.pageobjects.c2ctransfer.C2CTransfers - Entered Reference Number
2022-06-20 17:33:10,082 [main] INFO angular.pageobjects.c2ctransfer.C2CTransfers - User entered Remarks
2022-06-20 17:33:10,084 [main] INFO angular.pageobjects.c2ctransfer.C2CTransfers - Trying to select Payment mode : Cash
2022-06-20 17:33:10,511 [main] INFO angular.pageobjects.c2ctransfer.C2CTransfers - Selected Payment Mode : Cash
2022-06-20 17:33:10,513 [main] INFO angular.pageobjects.c2ctransfer.C2CTransfers - Trying to select Payment Instrument Number
2022-06-20 17:33:10,743 [main] INFO angular.pageobjects.c2ctransfer.C2CTransfers - User entered PaymentInstNum: 124231
2022-06-20 17:33:15,742 [main] INFO angular.pageobjects.c2ctransfer.C2CTransfers - Trying to select Date
2022-06-20 17:33:15,769 [main] INFO angular.pageobjects.c2ctransfer.C2CTransfers - Trying to enter Payment Instrument Date
2022-06-20 17:33:19,090 [main] INFO angular.pageobjects.c2ctransfer.C2CTransfers - User entered PaymentInstDate: 20/06/22
2022-06-20 17:33:19,132 [main] INFO angular.pageobjects.c2ctransfer.C2CTransfers - Trying clicking on C2C TRANSFER button
2022-06-20 17:33:19,337 [main] INFO angular.pageobjects.c2ctransfer.C2CTransfers - Clicked C2C Transfer Button
2022-06-20 17:33:20,498 [main] INFO angular.pageobjects.c2ctransfer.C2CTransfers - PIN PopUP is visible.
2022-06-20 17:33:20,500 [main] INFO angular.pageobjects.c2ctransfer.C2CTransfers - Trying to Enter Channel User PIN for C2C
2022-06-20 17:33:20,694 [main] INFO angular.pageobjects.c2ctransfer.C2CTransfers - User entered PIN: 2468
2022-06-20 17:33:20,697 [main] INFO angular.pageobjects.c2ctransfer.C2CTransfers - Trying clicking on C2C TRANSFER button
2022-06-20 17:33:20,877 [main] INFO angular.pageobjects.c2ctransfer.C2CTransfers - Clicked C2C Transfer Button
2022-06-20 17:33:22,037 [main] INFO angular.pageobjects.c2ctransfer.C2CTransfers - PIN PopUP is visible.
2022-06-20 17:33:22,040 [main] INFO angular.pageobjects.c2ctransfer.C2CTransfers - Fetching C2C Buy Request Initiated Message
2022-06-20 17:33:22,141 [main] INFO angular.pageobjects.c2ctransfer.C2CTransfers - C2C Transfer Buy Initiated Message : Stock Purchase Request Initiated
2022-06-20 17:33:22,144 [main] INFO angular.pageobjects.c2ctransfer.C2CTransfers - Trying to get C2C Topups Done
2022-06-20 17:33:22,355 [main] INFO angular.pageobjects.c2ctransfer.C2CTransfers - C2C [[ChromeDriver: chrome on WINDOWS (1bab47f7b41f2b3fdd7e0468923e6b5b)] -> xpath: (//label[@class='labelposPrd'])[1]] : [[ChromeDriver: chrome on WINDOWS (1bab47f7b41f2b3fdd7e0468923e6b5b)] -> xpath: (//label[@class='labelposPrd'])[1]/following-sibling::label]
2022-06-20 17:33:22,416 [main] INFO angular.pageobjects.c2ctransfer.C2CTransfers - C2C [[ChromeDriver: chrome on WINDOWS (1bab47f7b41f2b3fdd7e0468923e6b5b)] -> xpath: (//label[@class='labelposPrd'])[2]] : [[ChromeDriver: chrome on WINDOWS (1bab47f7b41f2b3fdd7e0468923e6b5b)] -> xpath: (//label[@class='labelposPrd'])[2]/following-sibling::label]
2022-06-20 17:33:22,417 [main] INFO angular.pageobjects.c2ctransfer.C2CTransfers -  C2C TOPUPS Done and Info Printed Above
2022-06-20 17:33:27,422 [main] INFO angular.pageobjects.c2ctransfer.C2CTransfers - Fetching C2C Purchase Transaction ID
2022-06-20 17:33:27,529 [main] INFO angular.pageobjects.c2ctransfer.C2CTransfers - C2C Purchase Transaction ID : CT220620.1724.100001
2022-06-20 17:33:48,557 [main] ERROR com.sshmanager.SSHService - Error while getting SSH Server Instance : com.jcraft.jsch.JSchException: java.net.ConnectException: Connection timed out: connect
2022-06-20 17:33:48,862 [main] INFO angular.pageobjects.c2ctransfer.C2CTransfers - Trying to Click DONE button after C2C Purchase initiated
2022-06-20 17:33:49,109 [main] INFO angular.pageobjects.c2ctransfer.C2CTransfers - Clicked Done for Initiated C2C
2022-06-20 17:33:49,111 [main] INFO angular.feature.C2CBuyRevamp - Exiting performC2CBuyMobileBuyerType
2022-06-20 17:33:49,113 [main] INFO angular.feature.C2CBuyRevamp - Entered performC2CTransferMobileBuyerType(Super Distributor, Agent, 2468)
2022-06-20 17:33:49,161 [main] INFO angular.classes.LoginRevamp - Login ID Found as: suser
2022-06-20 17:33:49,164 [main] INFO angular.classes.LoginRevamp - Password Found as: Com@2469
2022-06-20 17:33:49,166 [main] INFO angular.feature.C2CBuyRevamp - LOGINID : suser
2022-06-20 17:33:49,191 [main] INFO angular.classes.LoginRevamp - LoginID found as: suser
2022-06-20 17:33:49,194 [main] INFO angular.classes.LoginRevamp - Password found as: Com@2469
2022-06-20 17:33:49,196 [main] INFO angular.classes.LoginRevamp - Username found as:  suser
2022-06-20 17:33:49,553 [main] INFO angular.pageobjects.loginpages.LoginPageRevamp - Trying to select Language
2022-06-20 17:33:59,892 [main] INFO angular.pageobjects.loginpages.LoginPageRevamp - <b>Language Selector Not Found:</b>
2022-06-20 17:33:59,919 [main] INFO angular.pageobjects.loginpages.LoginPageRevamp - Trying to enter Login ID
2022-06-20 17:34:00,136 [main] INFO angular.pageobjects.loginpages.LoginPageRevamp - Login ID entered successfully as: suser
2022-06-20 17:34:00,141 [main] INFO angular.pageobjects.loginpages.LoginPageRevamp - Trying to enter Password
2022-06-20 17:34:00,368 [main] INFO angular.pageobjects.loginpages.LoginPageRevamp - Password entered successfully as: Com@2469
2022-06-20 17:34:00,373 [main] INFO angular.pageobjects.loginpages.LoginPageRevamp - Trying to click Login Button
2022-06-20 17:34:00,509 [main] INFO angular.pageobjects.loginpages.LoginPageRevamp - Login button clicked successfully
2022-06-20 17:34:00,563 [main] INFO angular.pageobjects.loginpages.LoginPageRevamp - Error Message Found on Login Screen: 
2022-06-20 17:34:09,693 [main] INFO angular.pageobjects.c2capproval.C2CApproval - Trying clicking on C2C Heading
2022-06-20 17:34:09,841 [main] INFO angular.pageobjects.c2capproval.C2CApproval - User clicked C2C Heading Link.
2022-06-20 17:34:09,844 [main] INFO angular.pageobjects.c2capproval.C2CApproval - Trying clicking on C2C Approval Level 1 Heading
2022-06-20 17:34:10,044 [main] INFO angular.pageobjects.c2capproval.C2CApproval - User clicked C2C Approval Level 1 Heading Link.
2022-06-20 17:34:10,048 [main] INFO angular.feature.C2CBuyRevamp - C2C Heading and Transaction Heading is clicked
2022-06-20 17:34:10,053 [main] INFO angular.pageobjects.c2capproval.C2CApproval - Waiting for spinner
2022-06-20 17:34:10,156 [main] INFO angular.pageobjects.c2capproval.C2CApproval - Waiting for spinner to stop
2022-06-20 17:34:11,879 [main] INFO angular.pageobjects.c2capproval.C2CApproval - Spinner stopped
2022-06-20 17:34:11,882 [main] INFO angular.pageobjects.c2capproval.C2CApproval - Trying clicking on C2C Single Operation Heading
2022-06-20 17:34:11,990 [main] INFO angular.pageobjects.c2capproval.C2CApproval - User clicked C2C Single Operation Heading.
2022-06-20 17:34:11,994 [main] INFO angular.pageobjects.c2capproval.C2CApproval - Trying clicking on etopUp Heading
2022-06-20 17:34:12,108 [main] INFO angular.pageobjects.c2capproval.C2CApproval - User clicked eTopup Heading Link.
2022-06-20 17:34:12,110 [main] INFO angular.pageobjects.c2capproval.C2CApproval - Trying to enter the TransactionId
2022-06-20 17:34:12,512 [main] INFO angular.pageobjects.c2capproval.C2CApproval - Entered the TransactionId
2022-06-20 17:34:12,516 [main] INFO angular.pageobjects.c2capproval.C2CApproval - Trying to Click the approve button
2022-06-20 17:34:12,653 [main] INFO angular.pageobjects.c2capproval.C2CApproval - User clicked Approve Button	.
2022-06-20 17:34:12,658 [main] INFO angular.pageobjects.c2capproval.C2CApproval - Trying to enter the remarks
2022-06-20 17:34:12,854 [main] INFO angular.pageobjects.c2capproval.C2CApproval - Entered the TransactionId
2022-06-20 17:34:13,857 [main] INFO angular.pageobjects.c2capproval.C2CApproval - Trying to Click the approve button
2022-06-20 17:34:13,966 [main] INFO angular.pageobjects.c2capproval.C2CApproval - User clicked Approve Button	.
2022-06-20 17:34:13,970 [main] INFO angular.pageobjects.c2capproval.C2CApproval - Trying to Click the yes button
2022-06-20 17:34:14,079 [main] INFO angular.pageobjects.c2capproval.C2CApproval - User clicked Yes Button.
2022-06-20 17:34:14,708 [main] INFO angular.pageobjects.c2capproval.C2CApproval - PopUP is visible.
2022-06-20 17:34:14,711 [main] INFO angular.pageobjects.c2capproval.C2CApproval - Trying to get the Success Msg
2022-06-20 17:34:14,783 [main] INFO angular.pageobjects.c2capproval.C2CApproval - Successfully Retrieved Success Msg
2022-06-20 17:34:35,824 [main] ERROR com.sshmanager.SSHService - Error while getting SSH Server Instance : com.jcraft.jsch.JSchException: java.net.ConnectException: Connection timed out: connect
2022-06-20 17:34:36,175 [main] INFO angular.feature.C2CBuyRevamp - Entered performC2CTransferMobileBuyerType(Super Distributor, Agent, 2468)
2022-06-20 17:34:36,297 [main] INFO angular.classes.LoginRevamp - Login ID Found as: suser
2022-06-20 17:34:36,303 [main] INFO angular.classes.LoginRevamp - Password Found as: Com@2469
2022-06-20 17:34:36,308 [main] INFO angular.feature.C2CBuyRevamp - LOGINID : suser
2022-06-20 17:34:36,373 [main] INFO angular.classes.LoginRevamp - LoginID found as: suser
2022-06-20 17:34:36,378 [main] INFO angular.classes.LoginRevamp - Password found as: Com@2469
2022-06-20 17:34:36,383 [main] INFO angular.classes.LoginRevamp - Username found as:  suser
2022-06-20 17:34:36,823 [main] INFO angular.pageobjects.loginpages.LoginPageRevamp - Trying to select Language
2022-06-20 17:34:47,232 [main] INFO angular.pageobjects.loginpages.LoginPageRevamp - <b>Language Selector Not Found:</b>
2022-06-20 17:34:47,260 [main] INFO angular.pageobjects.loginpages.LoginPageRevamp - Trying to enter Login ID
2022-06-20 17:34:47,578 [main] INFO angular.pageobjects.loginpages.LoginPageRevamp - Login ID entered successfully as: suser
2022-06-20 17:34:47,582 [main] INFO angular.pageobjects.loginpages.LoginPageRevamp - Trying to enter Password
2022-06-20 17:34:47,841 [main] INFO angular.pageobjects.loginpages.LoginPageRevamp - Password entered successfully as: Com@2469
2022-06-20 17:34:47,845 [main] INFO angular.pageobjects.loginpages.LoginPageRevamp - Trying to click Login Button
2022-06-20 17:34:48,045 [main] INFO angular.pageobjects.loginpages.LoginPageRevamp - Login button clicked successfully
2022-06-20 17:34:48,127 [main] INFO angular.pageobjects.loginpages.LoginPageRevamp - Error Message Found on Login Screen: 
2022-06-20 17:34:56,833 [main] INFO angular.pageobjects.c2capproval.C2CApproval - Trying clicking on C2C Heading
2022-06-20 17:34:56,972 [main] INFO angular.pageobjects.c2capproval.C2CApproval - User clicked C2C Heading Link.
2022-06-20 17:34:56,978 [main] INFO angular.pageobjects.c2capproval.C2CApproval - Trying clicking on C2C Approval Level 2 Heading
2022-06-20 17:34:57,153 [main] INFO angular.pageobjects.c2capproval.C2CApproval - User clicked C2C Approval Level 2 Heading Link.
2022-06-20 17:34:57,157 [main] INFO angular.feature.C2CBuyRevamp - C2C Heading and Transaction Heading is clicked
2022-06-20 17:34:57,160 [main] INFO angular.pageobjects.c2capproval.C2CApproval - Waiting for spinner
2022-06-20 17:34:57,289 [main] INFO angular.pageobjects.c2capproval.C2CApproval - Waiting for spinner to stop
2022-06-20 17:34:58,486 [main] INFO angular.pageobjects.c2capproval.C2CApproval - Spinner stopped
2022-06-20 17:34:58,491 [main] INFO angular.pageobjects.c2capproval.C2CApproval - Trying clicking on C2C Single Operation Heading
2022-06-20 17:34:58,600 [main] INFO angular.pageobjects.c2capproval.C2CApproval - User clicked C2C Single Operation Heading.
2022-06-20 17:34:58,605 [main] INFO angular.pageobjects.c2capproval.C2CApproval - Trying clicking on etopUp Heading
2022-06-20 17:34:58,731 [main] INFO angular.pageobjects.c2capproval.C2CApproval - User clicked eTopup Heading Link.
2022-06-20 17:34:58,736 [main] INFO angular.pageobjects.c2capproval.C2CApproval - Trying to enter the TransactionId
2022-06-20 17:35:18,872 [main] INFO com.classes.BaseTest - org.openqa.selenium.TimeoutException: Expected condition failed: waiting for visibility of element located by By.xpath: //input[@aria-controls='parentTable'] (tried for 20 second(s) with 500 milliseconds interval)
2022-06-20 17:35:39,901 [main] ERROR com.sshmanager.SSHService - Error while getting SSH Server Instance : com.jcraft.jsch.JSchException: java.net.ConnectException: Connection timed out: connect
2022-06-20 17:35:40,371 [main] INFO angular.testscripts.prereuisitesangular.PreRequisite_C2CBuy_Revamp - ------------------ Test Case Execution Started For A_01_Test_C2CBuyMobileBuyerType -------------------
2022-06-20 17:35:40,371 [main] INFO angular.testscripts.prereuisitesangular.PreRequisite_C2CBuy_Revamp - Entered A_01_Test_C2CBuyMobileBuyerType(Agent, Dealer, 9081573214, 2468, Distributor, Super Distributor, SA, 2)
2022-06-20 17:35:40,376 [main] INFO com.dbrepository.OracleRepository - Entered getPreference(SE, NG, MAX_APPROVAL_LEVEL_C2C_TRANSFER)
2022-06-20 17:35:40,381 [main] INFO com.dbrepository.DBConnectionPool - Active Size:0 Cache Size:10
2022-06-20 17:35:40,485 [main] INFO com.dbrepository.OracleRepository - Service Class Preference Not Found
2022-06-20 17:35:40,488 [main] INFO com.dbrepository.OracleRepository - Trying to get Preference value from Control Preferences
2022-06-20 17:35:40,590 [main] INFO com.dbrepository.OracleRepository - Query Repository Returns: DEFAULT_VALUE (3)
2022-06-20 17:35:40,712 [main] INFO com.utils.CommonUtils - Category Code for Agent: AG
2022-06-20 17:35:40,776 [main] INFO com.dbrepository.OracleRepository - Entered webInterface(Agent)
2022-06-20 17:35:40,779 [main] INFO com.dbrepository.DBConnectionPool - Active Size:0 Cache Size:10
2022-06-20 17:35:40,783 [main] INFO com.dbrepository.OracleRepository - webInterface() :: select query: Select WEB_INTERFACE_ALLOWED from categories where category_name= ?
2022-06-20 17:35:40,884 [main] INFO com.dbrepository.OracleRepository - Database Returns: WEB_INTERFACE_ALLOWED (Y)
2022-06-20 17:35:40,889 [main] INFO com.dbrepository.OracleRepository - Exited webInterface()
2022-06-20 17:35:40,895 [main] INFO angular.feature.C2CBuyRevamp - Entered performC2CBuyMobileBuyerType(Agent, Dealer, 9081573214, 2468)
2022-06-20 17:35:41,042 [main] INFO angular.classes.LoginRevamp - Login ID Found as: agusernew
2022-06-20 17:35:41,048 [main] INFO angular.classes.LoginRevamp - Password Found as: Com@2468
2022-06-20 17:35:41,054 [main] INFO angular.feature.C2CBuyRevamp - LOGINID : agusernew
2022-06-20 17:35:41,131 [main] INFO angular.classes.LoginRevamp - LoginID found as: agusernew
2022-06-20 17:35:41,136 [main] INFO angular.classes.LoginRevamp - Password found as: Com@2468
2022-06-20 17:35:41,142 [main] INFO angular.classes.LoginRevamp - Username found as: agentuser
2022-06-20 17:35:41,531 [main] INFO angular.pageobjects.loginpages.LoginPageRevamp - Trying to select Language
2022-06-20 17:35:51,844 [main] INFO angular.pageobjects.loginpages.LoginPageRevamp - <b>Language Selector Not Found:</b>
2022-06-20 17:35:51,875 [main] INFO angular.pageobjects.loginpages.LoginPageRevamp - Trying to enter Login ID
2022-06-20 17:35:52,167 [main] INFO angular.pageobjects.loginpages.LoginPageRevamp - Login ID entered successfully as: agusernew
2022-06-20 17:35:52,170 [main] INFO angular.pageobjects.loginpages.LoginPageRevamp - Trying to enter Password
2022-06-20 17:35:52,442 [main] INFO angular.pageobjects.loginpages.LoginPageRevamp - Password entered successfully as: Com@2468
2022-06-20 17:35:52,448 [main] INFO angular.pageobjects.loginpages.LoginPageRevamp - Trying to click Login Button
2022-06-20 17:35:52,637 [main] INFO angular.pageobjects.loginpages.LoginPageRevamp - Login button clicked successfully
2022-06-20 17:35:52,715 [main] INFO angular.pageobjects.loginpages.LoginPageRevamp - Error Message Found on Login Screen: 
2022-06-20 17:36:00,800 [main] INFO angular.pageobjects.c2ctransfer.C2CTransfers - Trying clicking on C2C Heading
2022-06-20 17:36:00,950 [main] INFO angular.pageobjects.c2ctransfer.C2CTransfers - User clicked C2C Heading Link.
2022-06-20 17:36:00,954 [main] INFO angular.pageobjects.c2ctransfer.C2CTransfers - Trying clicking on C2C Transaction Heading
2022-06-20 17:36:01,121 [main] INFO angular.pageobjects.c2ctransfer.C2CTransfers - User clicked C2C Transaction Heading Link.
2022-06-20 17:36:01,125 [main] INFO angular.feature.C2CBuyRevamp - C2C Heading and Transaction Heading is clicked
2022-06-20 17:36:01,129 [main] INFO angular.pageobjects.c2ctransfer.C2CTransfers - Trying clicking on C2C Single Operation Heading
2022-06-20 17:36:01,293 [main] INFO angular.pageobjects.c2ctransfer.C2CTransfers - User clicked C2C Single Operation Heading.
2022-06-20 17:36:01,298 [main] INFO angular.pageobjects.c2ctransfer.C2CTransfers - Trying clicking on C2C Buy Heading
2022-06-20 17:36:01,493 [main] INFO angular.pageobjects.c2ctransfer.C2CTransfers - User clicked C2C Buy Heading.
2022-06-20 17:36:01,498 [main] INFO angular.pageobjects.c2ctransfer.C2CTransfers - Trying clicking on Etopup
2022-06-20 17:36:01,663 [main] INFO angular.pageobjects.c2ctransfer.C2CTransfers - Clicked Etopup.
2022-06-20 17:36:01,666 [main] INFO angular.pageobjects.c2ctransfer.C2CTransfers - Trying to select C2C Buyer Type
2022-06-20 17:36:01,982 [main] INFO angular.pageobjects.c2ctransfer.C2CTransfers - C2C Buyer Type selected : //ng-select[@id='searchBy']//ng-dropdown-panel[contains(@class,'ng-star-inserted')]//span[text()='Mobile Number']
2022-06-20 17:36:01,986 [main] INFO angular.pageobjects.c2ctransfer.C2CTransfers - Entering C2C MSISDN
2022-06-20 17:36:02,134 [main] INFO angular.pageobjects.c2ctransfer.C2CTransfers - Entered C2C MSISDN : 9081573214
2022-06-20 17:36:12,151 [main] INFO angular.pageobjects.c2ctransfer.C2CTransfers - Trying clicking on PROCEED button on C2C
2022-06-20 17:36:22,345 [main] INFO angular.pageobjects.c2ctransfer.C2CTransfers - Clicked PROCEED button on C2C.
2022-06-20 17:36:22,377 [main] INFO angular.pageobjects.c2ctransfer.C2CTransfers - Trying to initiate C2C Topups
2022-06-20 17:36:22,598 [main] INFO angular.pageobjects.c2ctransfer.C2CTransfers - rowCount of c2c topups available on screen : 2
2022-06-20 17:36:22,603 [main] INFO angular.pageobjects.c2ctransfer.C2CTransfers - sheetProductCode : eTopUP
2022-06-20 17:36:22,608 [main] INFO angular.pageobjects.c2ctransfer.C2CTransfers - sheetProductCode : PeTopUP
2022-06-20 17:36:22,717 [main] INFO angular.pageobjects.c2ctransfer.C2CTransfers - quantity : 2
2022-06-20 17:36:22,721 [main] INFO angular.pageobjects.c2ctransfer.C2CTransfers - String.valueOf(quantity) SEND KEYS : 2
2022-06-20 17:36:22,911 [main] INFO angular.pageobjects.c2ctransfer.C2CTransfers - rowCount of c2c topups available on screen : 2
2022-06-20 17:36:22,916 [main] INFO angular.pageobjects.c2ctransfer.C2CTransfers - sheetProductCode : eTopUP
2022-06-20 17:36:23,015 [main] INFO angular.pageobjects.c2ctransfer.C2CTransfers - quantity : 3
2022-06-20 17:36:23,020 [main] INFO angular.pageobjects.c2ctransfer.C2CTransfers - String.valueOf(quantity) SEND KEYS : 3
2022-06-20 17:36:23,025 [main] INFO angular.pageobjects.c2ctransfer.C2CTransfers - sheetProductCode : PeTopUP
2022-06-20 17:36:23,029 [main] INFO angular.pageobjects.c2ctransfer.C2CTransfers - Entered Quantities: 
2022-06-20 17:36:23,231 [main] INFO angular.pageobjects.c2ctransfer.C2CTransfers - Entered Reference Number
2022-06-20 17:36:23,473 [main] INFO angular.pageobjects.c2ctransfer.C2CTransfers - User entered Remarks
2022-06-20 17:36:23,479 [main] INFO angular.pageobjects.c2ctransfer.C2CTransfers - Trying to select Payment mode : Cash
2022-06-20 17:36:23,850 [main] INFO angular.pageobjects.c2ctransfer.C2CTransfers - Selected Payment Mode : Cash
2022-06-20 17:36:23,854 [main] INFO angular.pageobjects.c2ctransfer.C2CTransfers - Trying to select Payment Instrument Number
2022-06-20 17:36:24,057 [main] INFO angular.pageobjects.c2ctransfer.C2CTransfers - User entered PaymentInstNum: 124231
2022-06-20 17:36:29,077 [main] INFO angular.pageobjects.c2ctransfer.C2CTransfers - Trying to select Date
2022-06-20 17:36:29,113 [main] INFO angular.pageobjects.c2ctransfer.C2CTransfers - Trying to enter Payment Instrument Date
2022-06-20 17:36:32,294 [main] INFO angular.pageobjects.c2ctransfer.C2CTransfers - User entered PaymentInstDate: 20/06/22
2022-06-20 17:36:32,331 [main] INFO angular.pageobjects.c2ctransfer.C2CTransfers - Trying clicking on C2C TRANSFER button
2022-06-20 17:36:32,486 [main] INFO angular.pageobjects.c2ctransfer.C2CTransfers - Clicked C2C Transfer Button
2022-06-20 17:36:33,594 [main] INFO angular.pageobjects.c2ctransfer.C2CTransfers - PIN PopUP is visible.
2022-06-20 17:36:33,599 [main] INFO angular.pageobjects.c2ctransfer.C2CTransfers - Trying to Enter Channel User PIN for C2C
2022-06-20 17:36:33,724 [main] INFO angular.pageobjects.c2ctransfer.C2CTransfers - User entered PIN: 2468
2022-06-20 17:36:33,729 [main] INFO angular.pageobjects.c2ctransfer.C2CTransfers - Trying clicking on C2C TRANSFER button
2022-06-20 17:36:33,862 [main] INFO angular.pageobjects.c2ctransfer.C2CTransfers - Clicked C2C Transfer Button
2022-06-20 17:36:34,991 [main] INFO angular.pageobjects.c2ctransfer.C2CTransfers - PIN PopUP is visible.
2022-06-20 17:36:34,994 [main] INFO angular.pageobjects.c2ctransfer.C2CTransfers - Fetching C2C Buy Request Initiated Message
2022-06-20 17:36:35,081 [main] INFO angular.pageobjects.c2ctransfer.C2CTransfers - C2C Transfer Buy Initiated Message : Stock Purchase Request Initiated
2022-06-20 17:36:35,086 [main] INFO angular.pageobjects.c2ctransfer.C2CTransfers - Trying to get C2C Topups Done
2022-06-20 17:36:35,240 [main] INFO angular.pageobjects.c2ctransfer.C2CTransfers - C2C [[ChromeDriver: chrome on WINDOWS (1bab47f7b41f2b3fdd7e0468923e6b5b)] -> xpath: (//label[@class='labelposPrd'])[1]] : [[ChromeDriver: chrome on WINDOWS (1bab47f7b41f2b3fdd7e0468923e6b5b)] -> xpath: (//label[@class='labelposPrd'])[1]/following-sibling::label]
2022-06-20 17:36:35,272 [main] INFO angular.pageobjects.c2ctransfer.C2CTransfers - C2C [[ChromeDriver: chrome on WINDOWS (1bab47f7b41f2b3fdd7e0468923e6b5b)] -> xpath: (//label[@class='labelposPrd'])[2]] : [[ChromeDriver: chrome on WINDOWS (1bab47f7b41f2b3fdd7e0468923e6b5b)] -> xpath: (//label[@class='labelposPrd'])[2]/following-sibling::label]
2022-06-20 17:36:35,275 [main] INFO angular.pageobjects.c2ctransfer.C2CTransfers -  C2C TOPUPS Done and Info Printed Above
2022-06-20 17:36:40,283 [main] INFO angular.pageobjects.c2ctransfer.C2CTransfers - Fetching C2C Purchase Transaction ID
2022-06-20 17:36:40,372 [main] INFO angular.pageobjects.c2ctransfer.C2CTransfers - C2C Purchase Transaction ID : CT220620.1728.100001
2022-06-20 17:37:01,417 [main] ERROR com.sshmanager.SSHService - Error while getting SSH Server Instance : com.jcraft.jsch.JSchException: java.net.ConnectException: Connection timed out: connect
2022-06-20 17:37:01,581 [main] INFO angular.pageobjects.c2ctransfer.C2CTransfers - Trying to Click DONE button after C2C Purchase initiated
2022-06-20 17:37:01,767 [main] INFO angular.pageobjects.c2ctransfer.C2CTransfers - Clicked Done for Initiated C2C
2022-06-20 17:37:01,772 [main] INFO angular.feature.C2CBuyRevamp - Exiting performC2CBuyMobileBuyerType
2022-06-20 17:37:01,777 [main] INFO angular.feature.C2CBuyRevamp - Entered performC2CTransferMobileBuyerType(Dealer, Agent, 2468)
2022-06-20 17:37:01,907 [main] INFO angular.classes.LoginRevamp - Login ID Found as: newdealusrr
2022-06-20 17:37:01,912 [main] INFO angular.classes.LoginRevamp - Password Found as: Com@2468
2022-06-20 17:37:01,916 [main] INFO angular.feature.C2CBuyRevamp - LOGINID : newdealusrr
2022-06-20 17:37:01,991 [main] INFO angular.classes.LoginRevamp - LoginID found as: newdealusrr
2022-06-20 17:37:01,996 [main] INFO angular.classes.LoginRevamp - Password found as: Com@2468
2022-06-20 17:37:02,001 [main] INFO angular.classes.LoginRevamp - Username found as: dealuser
2022-06-20 17:37:02,445 [main] INFO angular.pageobjects.loginpages.LoginPageRevamp - Trying to select Language
2022-06-20 17:37:12,775 [main] INFO angular.pageobjects.loginpages.LoginPageRevamp - <b>Language Selector Not Found:</b>
2022-06-20 17:37:12,802 [main] INFO angular.pageobjects.loginpages.LoginPageRevamp - Trying to enter Login ID
2022-06-20 17:37:12,994 [main] INFO angular.pageobjects.loginpages.LoginPageRevamp - Login ID entered successfully as: newdealusrr
2022-06-20 17:37:12,997 [main] INFO angular.pageobjects.loginpages.LoginPageRevamp - Trying to enter Password
2022-06-20 17:37:13,242 [main] INFO angular.pageobjects.loginpages.LoginPageRevamp - Password entered successfully as: Com@2468
2022-06-20 17:37:13,246 [main] INFO angular.pageobjects.loginpages.LoginPageRevamp - Trying to click Login Button
2022-06-20 17:37:13,387 [main] INFO angular.pageobjects.loginpages.LoginPageRevamp - Login button clicked successfully
2022-06-20 17:37:13,448 [main] INFO angular.pageobjects.loginpages.LoginPageRevamp - Error Message Found on Login Screen: 
2022-06-20 17:37:21,120 [main] INFO angular.pageobjects.c2capproval.C2CApproval - Trying clicking on C2C Heading
2022-06-20 17:37:21,274 [main] INFO angular.pageobjects.c2capproval.C2CApproval - User clicked C2C Heading Link.
2022-06-20 17:37:21,276 [main] INFO angular.pageobjects.c2capproval.C2CApproval - Trying clicking on C2C Approval Level 1 Heading
2022-06-20 17:37:21,442 [main] INFO angular.pageobjects.c2capproval.C2CApproval - User clicked C2C Approval Level 1 Heading Link.
2022-06-20 17:37:21,446 [main] INFO angular.feature.C2CBuyRevamp - C2C Heading and Transaction Heading is clicked
2022-06-20 17:37:21,451 [main] INFO angular.pageobjects.c2capproval.C2CApproval - Waiting for spinner
2022-06-20 17:37:21,561 [main] INFO angular.pageobjects.c2capproval.C2CApproval - Waiting for spinner to stop
2022-06-20 17:37:22,688 [main] INFO angular.pageobjects.c2capproval.C2CApproval - Spinner stopped
2022-06-20 17:37:22,694 [main] INFO angular.pageobjects.c2capproval.C2CApproval - Trying clicking on C2C Single Operation Heading
2022-06-20 17:37:22,779 [main] INFO angular.pageobjects.c2capproval.C2CApproval - User clicked C2C Single Operation Heading.
2022-06-20 17:37:22,784 [main] INFO angular.pageobjects.c2capproval.C2CApproval - Trying clicking on etopUp Heading
2022-06-20 17:37:22,874 [main] INFO angular.pageobjects.c2capproval.C2CApproval - User clicked eTopup Heading Link.
2022-06-20 17:37:22,879 [main] INFO angular.pageobjects.c2capproval.C2CApproval - Trying to enter the TransactionId
2022-06-20 17:37:23,269 [main] INFO angular.pageobjects.c2capproval.C2CApproval - Entered the TransactionId
2022-06-20 17:37:23,272 [main] INFO angular.pageobjects.c2capproval.C2CApproval - Trying to Click the approve button
2022-06-20 17:37:23,439 [main] INFO angular.pageobjects.c2capproval.C2CApproval - User clicked Approve Button	.
2022-06-20 17:37:23,445 [main] INFO angular.pageobjects.c2capproval.C2CApproval - Trying to enter the remarks
2022-06-20 17:37:23,636 [main] INFO angular.pageobjects.c2capproval.C2CApproval - Entered the TransactionId
2022-06-20 17:37:24,642 [main] INFO angular.pageobjects.c2capproval.C2CApproval - Trying to Click the approve button
2022-06-20 17:37:24,753 [main] INFO angular.pageobjects.c2capproval.C2CApproval - User clicked Approve Button	.
2022-06-20 17:37:24,758 [main] INFO angular.pageobjects.c2capproval.C2CApproval - Trying to Click the yes button
2022-06-20 17:37:24,881 [main] INFO angular.pageobjects.c2capproval.C2CApproval - User clicked Yes Button.
2022-06-20 17:37:25,480 [main] INFO angular.pageobjects.c2capproval.C2CApproval - PopUP is visible.
2022-06-20 17:37:25,485 [main] INFO angular.pageobjects.c2capproval.C2CApproval - Trying to get the Success Msg
2022-06-20 17:37:25,555 [main] INFO angular.pageobjects.c2capproval.C2CApproval - Successfully Retrieved Success Msg
2022-06-20 17:37:46,612 [main] ERROR com.sshmanager.SSHService - Error while getting SSH Server Instance : com.jcraft.jsch.JSchException: java.net.ConnectException: Connection timed out: connect
2022-06-20 17:37:46,935 [main] INFO angular.feature.C2CBuyRevamp - Entered performC2CTransferMobileBuyerType(Dealer, Agent, 2468)
2022-06-20 17:37:46,985 [main] INFO angular.classes.LoginRevamp - Login ID Found as: newdealusrr
2022-06-20 17:37:46,988 [main] INFO angular.classes.LoginRevamp - Password Found as: Com@2468
2022-06-20 17:37:46,991 [main] INFO angular.feature.C2CBuyRevamp - LOGINID : newdealusrr
2022-06-20 17:37:47,020 [main] INFO angular.classes.LoginRevamp - LoginID found as: newdealusrr
2022-06-20 17:37:47,023 [main] INFO angular.classes.LoginRevamp - Password found as: Com@2468
2022-06-20 17:37:47,027 [main] INFO angular.classes.LoginRevamp - Username found as: dealuser
2022-06-20 17:37:47,436 [main] INFO angular.pageobjects.loginpages.LoginPageRevamp - Trying to select Language
2022-06-20 17:37:57,795 [main] INFO angular.pageobjects.loginpages.LoginPageRevamp - <b>Language Selector Not Found:</b>
2022-06-20 17:37:57,825 [main] INFO angular.pageobjects.loginpages.LoginPageRevamp - Trying to enter Login ID
2022-06-20 17:37:58,060 [main] INFO angular.pageobjects.loginpages.LoginPageRevamp - Login ID entered successfully as: newdealusrr
2022-06-20 17:37:58,065 [main] INFO angular.pageobjects.loginpages.LoginPageRevamp - Trying to enter Password
2022-06-20 17:37:58,267 [main] INFO angular.pageobjects.loginpages.LoginPageRevamp - Password entered successfully as: Com@2468
2022-06-20 17:37:58,271 [main] INFO angular.pageobjects.loginpages.LoginPageRevamp - Trying to click Login Button
2022-06-20 17:37:58,398 [main] INFO angular.pageobjects.loginpages.LoginPageRevamp - Login button clicked successfully
2022-06-20 17:37:58,444 [main] INFO angular.pageobjects.loginpages.LoginPageRevamp - Error Message Found on Login Screen: 
2022-06-20 17:38:06,080 [main] INFO angular.pageobjects.c2capproval.C2CApproval - Trying clicking on C2C Heading
2022-06-20 17:38:06,215 [main] INFO angular.pageobjects.c2capproval.C2CApproval - User clicked C2C Heading Link.
2022-06-20 17:38:06,219 [main] INFO angular.pageobjects.c2capproval.C2CApproval - Trying clicking on C2C Approval Level 2 Heading
2022-06-20 17:38:06,374 [main] INFO angular.pageobjects.c2capproval.C2CApproval - User clicked C2C Approval Level 2 Heading Link.
2022-06-20 17:38:06,379 [main] INFO angular.feature.C2CBuyRevamp - C2C Heading and Transaction Heading is clicked
2022-06-20 17:38:06,383 [main] INFO angular.pageobjects.c2capproval.C2CApproval - Waiting for spinner
2022-06-20 17:38:06,503 [main] INFO angular.pageobjects.c2capproval.C2CApproval - Waiting for spinner to stop
2022-06-20 17:38:08,795 [main] INFO angular.pageobjects.c2capproval.C2CApproval - Spinner stopped
2022-06-20 17:38:08,842 [main] INFO angular.pageobjects.c2capproval.C2CApproval - Trying clicking on C2C Single Operation Heading
2022-06-20 17:38:08,935 [main] INFO angular.pageobjects.c2capproval.C2CApproval - User clicked C2C Single Operation Heading.
2022-06-20 17:38:08,940 [main] INFO angular.pageobjects.c2capproval.C2CApproval - Trying clicking on etopUp Heading
2022-06-20 17:38:09,046 [main] INFO angular.pageobjects.c2capproval.C2CApproval - User clicked eTopup Heading Link.
2022-06-20 17:38:09,049 [main] INFO angular.pageobjects.c2capproval.C2CApproval - Trying to enter the TransactionId
2022-06-20 17:38:29,265 [main] INFO com.classes.BaseTest - org.openqa.selenium.TimeoutException: Expected condition failed: waiting for visibility of element located by By.xpath: //input[@aria-controls='parentTable'] (tried for 20 second(s) with 500 milliseconds interval)
2022-06-20 17:38:50,309 [main] ERROR com.sshmanager.SSHService - Error while getting SSH Server Instance : com.jcraft.jsch.JSchException: java.net.ConnectException: Connection timed out: connect
2022-06-20 17:38:50,628 [main] INFO angular.testscripts.prereuisitesangular.PreRequisite_C2CBuy_Revamp - ------------------ Test Case Execution Started For A_01_Test_C2CBuyMobileBuyerType -------------------
2022-06-20 17:38:50,628 [main] INFO angular.testscripts.prereuisitesangular.PreRequisite_C2CBuy_Revamp - Entered A_01_Test_C2CBuyMobileBuyerType(Retailer, Super Distributor, 8964109634, 2468, Distributor, Root, AR, 1)
2022-06-20 17:38:50,633 [main] INFO com.dbrepository.OracleRepository - Entered getPreference(DIST, NG, MAX_APPROVAL_LEVEL_C2C_TRANSFER)
2022-06-20 17:38:50,637 [main] INFO com.dbrepository.DBConnectionPool - Active Size:0 Cache Size:10
2022-06-20 17:38:50,740 [main] INFO com.dbrepository.OracleRepository - Service Class Preference Not Found
2022-06-20 17:38:50,744 [main] INFO com.dbrepository.OracleRepository - Trying to get Preference value from Control Preferences
2022-06-20 17:38:50,845 [main] INFO com.dbrepository.OracleRepository - Query Repository Returns: DEFAULT_VALUE (3)
2022-06-20 17:38:50,980 [main] INFO com.utils.CommonUtils - Category Code for Retailer: RET
2022-06-20 17:38:51,046 [main] INFO com.dbrepository.OracleRepository - Entered webInterface(Retailer)
2022-06-20 17:38:51,051 [main] INFO com.dbrepository.DBConnectionPool - Active Size:0 Cache Size:10
2022-06-20 17:38:51,056 [main] INFO com.dbrepository.OracleRepository - webInterface() :: select query: Select WEB_INTERFACE_ALLOWED from categories where category_name= ?
2022-06-20 17:38:51,283 [main] INFO com.dbrepository.OracleRepository - Database Returns: WEB_INTERFACE_ALLOWED (Y)
2022-06-20 17:38:51,288 [main] INFO com.dbrepository.OracleRepository - Exited webInterface()
2022-06-20 17:38:51,295 [main] INFO angular.feature.C2CBuyRevamp - Entered performC2CBuyMobileBuyerType(Retailer, Super Distributor, 8964109634, 2468)
2022-06-20 17:38:51,423 [main] INFO angular.classes.LoginRevamp - Login ID Found as: sourabhretailer
2022-06-20 17:38:51,428 [main] INFO angular.classes.LoginRevamp - Password Found as: Com@2468
2022-06-20 17:38:51,432 [main] INFO angular.feature.C2CBuyRevamp - LOGINID : sourabhretailer
2022-06-20 17:38:51,508 [main] INFO angular.classes.LoginRevamp - LoginID found as: sourabhretailer
2022-06-20 17:38:51,512 [main] INFO angular.classes.LoginRevamp - Password found as: Com@2468
2022-06-20 17:38:51,517 [main] INFO angular.classes.LoginRevamp - Username found as: userretnew
2022-06-20 17:38:52,352 [main] INFO angular.pageobjects.loginpages.LoginPageRevamp - Trying to select Language
2022-06-20 17:39:02,580 [main] INFO angular.pageobjects.loginpages.LoginPageRevamp - <b>Language Selector Not Found:</b>
2022-06-20 17:39:02,610 [main] INFO angular.pageobjects.loginpages.LoginPageRevamp - Trying to enter Login ID
2022-06-20 17:39:02,825 [main] INFO angular.pageobjects.loginpages.LoginPageRevamp - Login ID entered successfully as: sourabhretailer
2022-06-20 17:39:02,830 [main] INFO angular.pageobjects.loginpages.LoginPageRevamp - Trying to enter Password
2022-06-20 17:39:03,053 [main] INFO angular.pageobjects.loginpages.LoginPageRevamp - Password entered successfully as: Com@2468
2022-06-20 17:39:03,056 [main] INFO angular.pageobjects.loginpages.LoginPageRevamp - Trying to click Login Button
2022-06-20 17:39:03,182 [main] INFO angular.pageobjects.loginpages.LoginPageRevamp - Login button clicked successfully
2022-06-20 17:39:03,236 [main] INFO angular.pageobjects.loginpages.LoginPageRevamp - Error Message Found on Login Screen: 
2022-06-20 17:39:11,366 [main] INFO angular.pageobjects.c2ctransfer.C2CTransfers - Trying clicking on C2C Heading
2022-06-20 17:39:11,519 [main] INFO angular.pageobjects.c2ctransfer.C2CTransfers - User clicked C2C Heading Link.
2022-06-20 17:39:11,524 [main] INFO angular.pageobjects.c2ctransfer.C2CTransfers - Trying clicking on C2C Transaction Heading
2022-06-20 17:39:11,696 [main] INFO angular.pageobjects.c2ctransfer.C2CTransfers - User clicked C2C Transaction Heading Link.
2022-06-20 17:39:11,700 [main] INFO angular.feature.C2CBuyRevamp - C2C Heading and Transaction Heading is clicked
2022-06-20 17:39:11,704 [main] INFO angular.pageobjects.c2ctransfer.C2CTransfers - Trying clicking on C2C Single Operation Heading
2022-06-20 17:39:11,843 [main] INFO angular.pageobjects.c2ctransfer.C2CTransfers - User clicked C2C Single Operation Heading.
2022-06-20 17:39:11,848 [main] INFO angular.pageobjects.c2ctransfer.C2CTransfers - Trying clicking on C2C Buy Heading
2022-06-20 17:39:12,022 [main] INFO angular.pageobjects.c2ctransfer.C2CTransfers - User clicked C2C Buy Heading.
2022-06-20 17:39:12,027 [main] INFO angular.pageobjects.c2ctransfer.C2CTransfers - Trying clicking on Etopup
2022-06-20 17:39:12,176 [main] INFO angular.pageobjects.c2ctransfer.C2CTransfers - Clicked Etopup.
2022-06-20 17:39:12,180 [main] INFO angular.pageobjects.c2ctransfer.C2CTransfers - Trying to select C2C Buyer Type
2022-06-20 17:39:12,410 [main] INFO angular.pageobjects.c2ctransfer.C2CTransfers - C2C Buyer Type selected : //ng-select[@id='searchBy']//ng-dropdown-panel[contains(@class,'ng-star-inserted')]//span[text()='Mobile Number']
2022-06-20 17:39:12,413 [main] INFO angular.pageobjects.c2ctransfer.C2CTransfers - Entering C2C MSISDN
2022-06-20 17:39:12,547 [main] INFO angular.pageobjects.c2ctransfer.C2CTransfers - Entered C2C MSISDN : 8964109634
2022-06-20 17:39:22,560 [main] INFO angular.pageobjects.c2ctransfer.C2CTransfers - Trying clicking on PROCEED button on C2C
2022-06-20 17:39:32,697 [main] INFO angular.pageobjects.c2ctransfer.C2CTransfers - Clicked PROCEED button on C2C.
2022-06-20 17:39:32,725 [main] INFO angular.pageobjects.c2ctransfer.C2CTransfers - Trying to initiate C2C Topups
2022-06-20 17:39:32,910 [main] INFO angular.pageobjects.c2ctransfer.C2CTransfers - rowCount of c2c topups available on screen : 2
2022-06-20 17:39:32,912 [main] INFO angular.pageobjects.c2ctransfer.C2CTransfers - sheetProductCode : eTopUP
2022-06-20 17:39:32,985 [main] INFO angular.pageobjects.c2ctransfer.C2CTransfers - quantity : 2
2022-06-20 17:39:32,990 [main] INFO angular.pageobjects.c2ctransfer.C2CTransfers - String.valueOf(quantity) SEND KEYS : 2
2022-06-20 17:39:32,995 [main] INFO angular.pageobjects.c2ctransfer.C2CTransfers - sheetProductCode : PeTopUP
2022-06-20 17:39:33,000 [main] INFO angular.pageobjects.c2ctransfer.C2CTransfers - Entered Quantities: 
2022-06-20 17:39:33,147 [main] INFO angular.pageobjects.c2ctransfer.C2CTransfers - Entered Reference Number
2022-06-20 17:39:33,408 [main] INFO angular.pageobjects.c2ctransfer.C2CTransfers - User entered Remarks
2022-06-20 17:39:33,411 [main] INFO angular.pageobjects.c2ctransfer.C2CTransfers - Trying to select Payment mode : Cash
2022-06-20 17:39:33,779 [main] INFO angular.pageobjects.c2ctransfer.C2CTransfers - Selected Payment Mode : Cash
2022-06-20 17:39:33,783 [main] INFO angular.pageobjects.c2ctransfer.C2CTransfers - Trying to select Payment Instrument Number
2022-06-20 17:39:33,934 [main] INFO angular.pageobjects.c2ctransfer.C2CTransfers - User entered PaymentInstNum: 124231
2022-06-20 17:39:38,950 [main] INFO angular.pageobjects.c2ctransfer.C2CTransfers - Trying to select Date
2022-06-20 17:39:38,978 [main] INFO angular.pageobjects.c2ctransfer.C2CTransfers - Trying to enter Payment Instrument Date
2022-06-20 17:39:42,191 [main] INFO angular.pageobjects.c2ctransfer.C2CTransfers - User entered PaymentInstDate: 20/06/22
2022-06-20 17:39:42,233 [main] INFO angular.pageobjects.c2ctransfer.C2CTransfers - Trying clicking on C2C TRANSFER button
2022-06-20 17:39:42,380 [main] INFO angular.pageobjects.c2ctransfer.C2CTransfers - Clicked C2C Transfer Button
2022-06-20 17:39:43,529 [main] INFO angular.pageobjects.c2ctransfer.C2CTransfers - PIN PopUP is visible.
2022-06-20 17:39:43,533 [main] INFO angular.pageobjects.c2ctransfer.C2CTransfers - Trying to Enter Channel User PIN for C2C
2022-06-20 17:39:43,647 [main] INFO angular.pageobjects.c2ctransfer.C2CTransfers - User entered PIN: 2468
2022-06-20 17:39:43,651 [main] INFO angular.pageobjects.c2ctransfer.C2CTransfers - Trying clicking on C2C TRANSFER button
2022-06-20 17:39:43,781 [main] INFO angular.pageobjects.c2ctransfer.C2CTransfers - Clicked C2C Transfer Button
2022-06-20 17:39:44,928 [main] INFO angular.pageobjects.c2ctransfer.C2CTransfers - PIN PopUP is visible.
2022-06-20 17:39:44,933 [main] INFO angular.pageobjects.c2ctransfer.C2CTransfers - Fetching C2C Buy Request Initiated Message
2022-06-20 17:39:45,017 [main] INFO angular.pageobjects.c2ctransfer.C2CTransfers - C2C Transfer Buy Initiated Message : Stock Purchase Request Initiated
2022-06-20 17:39:45,021 [main] INFO angular.pageobjects.c2ctransfer.C2CTransfers - Trying to get C2C Topups Done
2022-06-20 17:39:45,129 [main] INFO angular.pageobjects.c2ctransfer.C2CTransfers - C2C [[ChromeDriver: chrome on WINDOWS (1bab47f7b41f2b3fdd7e0468923e6b5b)] -> xpath: (//label[@class='labelposPrd'])[1]] : [[ChromeDriver: chrome on WINDOWS (1bab47f7b41f2b3fdd7e0468923e6b5b)] -> xpath: (//label[@class='labelposPrd'])[1]/following-sibling::label]
2022-06-20 17:39:45,134 [main] INFO angular.pageobjects.c2ctransfer.C2CTransfers -  C2C TOPUPS Done and Info Printed Above
2022-06-20 17:39:50,147 [main] INFO angular.pageobjects.c2ctransfer.C2CTransfers - Fetching C2C Purchase Transaction ID
2022-06-20 17:39:50,220 [main] INFO angular.pageobjects.c2ctransfer.C2CTransfers - C2C Purchase Transaction ID : CT220620.1731.100001
2022-06-20 17:40:11,267 [main] ERROR com.sshmanager.SSHService - Error while getting SSH Server Instance : com.jcraft.jsch.JSchException: java.net.ConnectException: Connection timed out: connect
2022-06-20 17:40:11,436 [main] INFO angular.pageobjects.c2ctransfer.C2CTransfers - Trying to Click DONE button after C2C Purchase initiated
2022-06-20 17:40:11,592 [main] INFO angular.pageobjects.c2ctransfer.C2CTransfers - Clicked Done for Initiated C2C
2022-06-20 17:40:11,595 [main] INFO angular.feature.C2CBuyRevamp - Exiting performC2CBuyMobileBuyerType
2022-06-20 17:40:11,601 [main] INFO angular.feature.C2CBuyRevamp - Entered performC2CTransferMobileBuyerType(Super Distributor, Retailer, 2468)
2022-06-20 17:40:11,745 [main] INFO angular.classes.LoginRevamp - Login ID Found as: suser
2022-06-20 17:40:11,750 [main] INFO angular.classes.LoginRevamp - Password Found as: Com@2469
2022-06-20 17:40:11,753 [main] INFO angular.feature.C2CBuyRevamp - LOGINID : suser
2022-06-20 17:40:11,808 [main] INFO angular.classes.LoginRevamp - LoginID found as: suser
2022-06-20 17:40:11,813 [main] INFO angular.classes.LoginRevamp - Password found as: Com@2469
2022-06-20 17:40:11,818 [main] INFO angular.classes.LoginRevamp - Username found as:  suser
2022-06-20 17:40:12,698 [main] INFO angular.pageobjects.loginpages.LoginPageRevamp - Trying to select Language
2022-06-20 17:40:22,941 [main] INFO angular.pageobjects.loginpages.LoginPageRevamp - <b>Language Selector Not Found:</b>
2022-06-20 17:40:22,968 [main] INFO angular.pageobjects.loginpages.LoginPageRevamp - Trying to enter Login ID
2022-06-20 17:40:23,166 [main] INFO angular.pageobjects.loginpages.LoginPageRevamp - Login ID entered successfully as: suser
2022-06-20 17:40:23,171 [main] INFO angular.pageobjects.loginpages.LoginPageRevamp - Trying to enter Password
2022-06-20 17:40:23,381 [main] INFO angular.pageobjects.loginpages.LoginPageRevamp - Password entered successfully as: Com@2469
2022-06-20 17:40:23,385 [main] INFO angular.pageobjects.loginpages.LoginPageRevamp - Trying to click Login Button
2022-06-20 17:40:23,521 [main] INFO angular.pageobjects.loginpages.LoginPageRevamp - Login button clicked successfully
2022-06-20 17:40:23,583 [main] INFO angular.pageobjects.loginpages.LoginPageRevamp - Error Message Found on Login Screen: 
2022-06-20 17:40:32,708 [main] INFO angular.pageobjects.c2capproval.C2CApproval - Trying clicking on C2C Heading
2022-06-20 17:40:32,836 [main] INFO angular.pageobjects.c2capproval.C2CApproval - User clicked C2C Heading Link.
2022-06-20 17:40:32,841 [main] INFO angular.pageobjects.c2capproval.C2CApproval - Trying clicking on C2C Approval Level 1 Heading
2022-06-20 17:40:33,006 [main] INFO angular.pageobjects.c2capproval.C2CApproval - User clicked C2C Approval Level 1 Heading Link.
2022-06-20 17:40:33,010 [main] INFO angular.feature.C2CBuyRevamp - C2C Heading and Transaction Heading is clicked
2022-06-20 17:40:33,015 [main] INFO angular.pageobjects.c2capproval.C2CApproval - Waiting for spinner
2022-06-20 17:40:33,102 [main] INFO angular.pageobjects.c2capproval.C2CApproval - Waiting for spinner to stop
2022-06-20 17:40:34,810 [main] INFO angular.pageobjects.c2capproval.C2CApproval - Spinner stopped
2022-06-20 17:40:34,814 [main] INFO angular.pageobjects.c2capproval.C2CApproval - Trying clicking on C2C Single Operation Heading
2022-06-20 17:40:34,916 [main] INFO angular.pageobjects.c2capproval.C2CApproval - User clicked C2C Single Operation Heading.
2022-06-20 17:40:34,927 [main] INFO angular.pageobjects.c2capproval.C2CApproval - Trying clicking on etopUp Heading
2022-06-20 17:40:35,033 [main] INFO angular.pageobjects.c2capproval.C2CApproval - User clicked eTopup Heading Link.
2022-06-20 17:40:35,036 [main] INFO angular.pageobjects.c2capproval.C2CApproval - Trying to enter the TransactionId
2022-06-20 17:40:35,437 [main] INFO angular.pageobjects.c2capproval.C2CApproval - Entered the TransactionId
2022-06-20 17:40:35,441 [main] INFO angular.pageobjects.c2capproval.C2CApproval - Trying to Click the approve button
2022-06-20 17:40:35,613 [main] INFO angular.pageobjects.c2capproval.C2CApproval - User clicked Approve Button	.
2022-06-20 17:40:35,618 [main] INFO angular.pageobjects.c2capproval.C2CApproval - Trying to enter the remarks
2022-06-20 17:40:35,821 [main] INFO angular.pageobjects.c2capproval.C2CApproval - Entered the TransactionId
2022-06-20 17:40:36,829 [main] INFO angular.pageobjects.c2capproval.C2CApproval - Trying to Click the approve button
2022-06-20 17:40:36,962 [main] INFO angular.pageobjects.c2capproval.C2CApproval - User clicked Approve Button	.
2022-06-20 17:40:36,967 [main] INFO angular.pageobjects.c2capproval.C2CApproval - Trying to Click the yes button
2022-06-20 17:40:37,113 [main] INFO angular.pageobjects.c2capproval.C2CApproval - User clicked Yes Button.
2022-06-20 17:40:37,745 [main] INFO angular.pageobjects.c2capproval.C2CApproval - PopUP is visible.
2022-06-20 17:40:37,751 [main] INFO angular.pageobjects.c2capproval.C2CApproval - Trying to get the Success Msg
2022-06-20 17:40:37,824 [main] INFO angular.pageobjects.c2capproval.C2CApproval - Successfully Retrieved Success Msg
2022-06-20 17:40:58,852 [main] ERROR com.sshmanager.SSHService - Error while getting SSH Server Instance : com.jcraft.jsch.JSchException: java.net.ConnectException: Connection timed out: connect
2022-06-20 17:40:59,182 [main] INFO angular.feature.C2CBuyRevamp - Entered performC2CTransferMobileBuyerType(Super Distributor, Retailer, 2468)
2022-06-20 17:40:59,220 [main] INFO angular.classes.LoginRevamp - Login ID Found as: suser
2022-06-20 17:40:59,222 [main] INFO angular.classes.LoginRevamp - Password Found as: Com@2469
2022-06-20 17:40:59,223 [main] INFO angular.feature.C2CBuyRevamp - LOGINID : suser
2022-06-20 17:40:59,245 [main] INFO angular.classes.LoginRevamp - LoginID found as: suser
2022-06-20 17:40:59,247 [main] INFO angular.classes.LoginRevamp - Password found as: Com@2469
2022-06-20 17:40:59,248 [main] INFO angular.classes.LoginRevamp - Username found as:  suser
2022-06-20 17:40:59,569 [main] INFO angular.pageobjects.loginpages.LoginPageRevamp - Trying to select Language
2022-06-20 17:41:09,925 [main] INFO angular.pageobjects.loginpages.LoginPageRevamp - <b>Language Selector Not Found:</b>
2022-06-20 17:41:09,952 [main] INFO angular.pageobjects.loginpages.LoginPageRevamp - Trying to enter Login ID
2022-06-20 17:41:10,248 [main] INFO angular.pageobjects.loginpages.LoginPageRevamp - Login ID entered successfully as: suser
2022-06-20 17:41:10,252 [main] INFO angular.pageobjects.loginpages.LoginPageRevamp - Trying to enter Password
2022-06-20 17:41:10,490 [main] INFO angular.pageobjects.loginpages.LoginPageRevamp - Password entered successfully as: Com@2469
2022-06-20 17:41:10,492 [main] INFO angular.pageobjects.loginpages.LoginPageRevamp - Trying to click Login Button
2022-06-20 17:41:10,667 [main] INFO angular.pageobjects.loginpages.LoginPageRevamp - Login button clicked successfully
2022-06-20 17:41:10,726 [main] INFO angular.pageobjects.loginpages.LoginPageRevamp - Error Message Found on Login Screen: 
2022-06-20 17:41:19,827 [main] INFO angular.pageobjects.c2capproval.C2CApproval - Trying clicking on C2C Heading
2022-06-20 17:41:19,916 [main] INFO angular.pageobjects.c2capproval.C2CApproval - User clicked C2C Heading Link.
2022-06-20 17:41:19,919 [main] INFO angular.pageobjects.c2capproval.C2CApproval - Trying clicking on C2C Approval Level 2 Heading
2022-06-20 17:41:20,086 [main] INFO angular.pageobjects.c2capproval.C2CApproval - User clicked C2C Approval Level 2 Heading Link.
2022-06-20 17:41:20,088 [main] INFO angular.feature.C2CBuyRevamp - C2C Heading and Transaction Heading is clicked
2022-06-20 17:41:20,090 [main] INFO angular.pageobjects.c2capproval.C2CApproval - Waiting for spinner
2022-06-20 17:41:20,178 [main] INFO angular.pageobjects.c2capproval.C2CApproval - Waiting for spinner to stop
2022-06-20 17:41:21,849 [main] INFO angular.pageobjects.c2capproval.C2CApproval - Spinner stopped
2022-06-20 17:41:21,850 [main] INFO angular.pageobjects.c2capproval.C2CApproval - Trying clicking on C2C Single Operation Heading
2022-06-20 17:41:21,920 [main] INFO angular.pageobjects.c2capproval.C2CApproval - User clicked C2C Single Operation Heading.
2022-06-20 17:41:21,923 [main] INFO angular.pageobjects.c2capproval.C2CApproval - Trying clicking on etopUp Heading
2022-06-20 17:41:21,999 [main] INFO angular.pageobjects.c2capproval.C2CApproval - User clicked eTopup Heading Link.
2022-06-20 17:41:22,000 [main] INFO angular.pageobjects.c2capproval.C2CApproval - Trying to enter the TransactionId
2022-06-20 17:41:42,160 [main] INFO com.classes.BaseTest - org.openqa.selenium.TimeoutException: Expected condition failed: waiting for visibility of element located by By.xpath: //input[@aria-controls='parentTable'] (tried for 20 second(s) with 500 milliseconds interval)
2022-06-20 17:42:03,202 [main] ERROR com.sshmanager.SSHService - Error while getting SSH Server Instance : com.jcraft.jsch.JSchException: java.net.ConnectException: Connection timed out: connect
2022-06-20 17:42:03,631 [main] INFO angular.testscripts.prereuisitesangular.PreRequisite_C2CBuy_Revamp - ------------------ Test Case Execution Started For A_01_Test_C2CBuyMobileBuyerType -------------------
2022-06-20 17:42:03,631 [main] INFO angular.testscripts.prereuisitesangular.PreRequisite_C2CBuy_Revamp - Entered A_01_Test_C2CBuyMobileBuyerType(Retailer, Dealer, 9081573214, 2468, Distributor, Super Distributor, SA, 2)
2022-06-20 17:42:03,633 [main] INFO com.dbrepository.OracleRepository - Entered getPreference(SE, NG, MAX_APPROVAL_LEVEL_C2C_TRANSFER)
2022-06-20 17:42:03,634 [main] INFO com.dbrepository.DBConnectionPool - Active Size:0 Cache Size:10
2022-06-20 17:42:03,791 [main] INFO com.dbrepository.OracleRepository - Service Class Preference Not Found
2022-06-20 17:42:03,794 [main] INFO com.dbrepository.OracleRepository - Trying to get Preference value from Control Preferences
2022-06-20 17:42:03,997 [main] INFO com.dbrepository.OracleRepository - Query Repository Returns: DEFAULT_VALUE (3)
2022-06-20 17:42:04,049 [main] INFO com.utils.CommonUtils - Category Code for Retailer: RET
2022-06-20 17:42:04,069 [main] INFO com.dbrepository.OracleRepository - Entered webInterface(Retailer)
2022-06-20 17:42:04,071 [main] INFO com.dbrepository.DBConnectionPool - Active Size:0 Cache Size:10
2022-06-20 17:42:04,073 [main] INFO com.dbrepository.OracleRepository - webInterface() :: select query: Select WEB_INTERFACE_ALLOWED from categories where category_name= ?
2022-06-20 17:42:04,307 [main] INFO com.dbrepository.OracleRepository - Database Returns: WEB_INTERFACE_ALLOWED (Y)
2022-06-20 17:42:04,309 [main] INFO com.dbrepository.OracleRepository - Exited webInterface()
2022-06-20 17:42:04,314 [main] INFO angular.feature.C2CBuyRevamp - Entered performC2CBuyMobileBuyerType(Retailer, Dealer, 9081573214, 2468)
2022-06-20 17:42:04,366 [main] INFO angular.classes.LoginRevamp - Login ID Found as: sourabhretailer
2022-06-20 17:42:04,368 [main] INFO angular.classes.LoginRevamp - Password Found as: Com@2468
2022-06-20 17:42:04,371 [main] INFO angular.feature.C2CBuyRevamp - LOGINID : sourabhretailer
2022-06-20 17:42:04,390 [main] INFO angular.classes.LoginRevamp - LoginID found as: sourabhretailer
2022-06-20 17:42:04,392 [main] INFO angular.classes.LoginRevamp - Password found as: Com@2468
2022-06-20 17:42:04,393 [main] INFO angular.classes.LoginRevamp - Username found as: userretnew
2022-06-20 17:42:04,711 [main] INFO angular.pageobjects.loginpages.LoginPageRevamp - Trying to select Language
2022-06-20 17:42:15,086 [main] INFO angular.pageobjects.loginpages.LoginPageRevamp - <b>Language Selector Not Found:</b>
2022-06-20 17:42:15,113 [main] INFO angular.pageobjects.loginpages.LoginPageRevamp - Trying to enter Login ID
2022-06-20 17:42:15,379 [main] INFO angular.pageobjects.loginpages.LoginPageRevamp - Login ID entered successfully as: sourabhretailer
2022-06-20 17:42:15,381 [main] INFO angular.pageobjects.loginpages.LoginPageRevamp - Trying to enter Password
2022-06-20 17:42:15,596 [main] INFO angular.pageobjects.loginpages.LoginPageRevamp - Password entered successfully as: Com@2468
2022-06-20 17:42:15,598 [main] INFO angular.pageobjects.loginpages.LoginPageRevamp - Trying to click Login Button
2022-06-20 17:42:15,767 [main] INFO angular.pageobjects.loginpages.LoginPageRevamp - Login button clicked successfully
2022-06-20 17:42:15,828 [main] INFO angular.pageobjects.loginpages.LoginPageRevamp - Error Message Found on Login Screen: 
2022-06-20 17:42:23,956 [main] INFO angular.pageobjects.c2ctransfer.C2CTransfers - Trying clicking on C2C Heading
2022-06-20 17:42:24,076 [main] INFO angular.pageobjects.c2ctransfer.C2CTransfers - User clicked C2C Heading Link.
2022-06-20 17:42:24,078 [main] INFO angular.pageobjects.c2ctransfer.C2CTransfers - Trying clicking on C2C Transaction Heading
2022-06-20 17:42:24,215 [main] INFO angular.pageobjects.c2ctransfer.C2CTransfers - User clicked C2C Transaction Heading Link.
2022-06-20 17:42:24,217 [main] INFO angular.feature.C2CBuyRevamp - C2C Heading and Transaction Heading is clicked
2022-06-20 17:42:24,219 [main] INFO angular.pageobjects.c2ctransfer.C2CTransfers - Trying clicking on C2C Single Operation Heading
2022-06-20 17:42:24,354 [main] INFO angular.pageobjects.c2ctransfer.C2CTransfers - User clicked C2C Single Operation Heading.
2022-06-20 17:42:24,357 [main] INFO angular.pageobjects.c2ctransfer.C2CTransfers - Trying clicking on C2C Buy Heading
2022-06-20 17:42:24,586 [main] INFO angular.pageobjects.c2ctransfer.C2CTransfers - User clicked C2C Buy Heading.
2022-06-20 17:42:24,589 [main] INFO angular.pageobjects.c2ctransfer.C2CTransfers - Trying clicking on Etopup
2022-06-20 17:42:24,738 [main] INFO angular.pageobjects.c2ctransfer.C2CTransfers - Clicked Etopup.
2022-06-20 17:42:24,739 [main] INFO angular.pageobjects.c2ctransfer.C2CTransfers - Trying to select C2C Buyer Type
2022-06-20 17:42:24,936 [main] INFO angular.pageobjects.c2ctransfer.C2CTransfers - C2C Buyer Type selected : //ng-select[@id='searchBy']//ng-dropdown-panel[contains(@class,'ng-star-inserted')]//span[text()='Mobile Number']
2022-06-20 17:42:24,937 [main] INFO angular.pageobjects.c2ctransfer.C2CTransfers - Entering C2C MSISDN
2022-06-20 17:42:25,077 [main] INFO angular.pageobjects.c2ctransfer.C2CTransfers - Entered C2C MSISDN : 9081573214
2022-06-20 17:42:35,080 [main] INFO angular.pageobjects.c2ctransfer.C2CTransfers - Trying clicking on PROCEED button on C2C
2022-06-20 17:42:45,283 [main] INFO angular.pageobjects.c2ctransfer.C2CTransfers - Clicked PROCEED button on C2C.
2022-06-20 17:42:45,318 [main] INFO angular.pageobjects.c2ctransfer.C2CTransfers - Trying to initiate C2C Topups
2022-06-20 17:42:45,568 [main] INFO angular.pageobjects.c2ctransfer.C2CTransfers - rowCount of c2c topups available on screen : 2
2022-06-20 17:42:45,570 [main] INFO angular.pageobjects.c2ctransfer.C2CTransfers - sheetProductCode : eTopUP
2022-06-20 17:42:45,670 [main] INFO angular.pageobjects.c2ctransfer.C2CTransfers - quantity : 3
2022-06-20 17:42:45,674 [main] INFO angular.pageobjects.c2ctransfer.C2CTransfers - String.valueOf(quantity) SEND KEYS : 3
2022-06-20 17:42:45,676 [main] INFO angular.pageobjects.c2ctransfer.C2CTransfers - sheetProductCode : PeTopUP
2022-06-20 17:42:45,679 [main] INFO angular.pageobjects.c2ctransfer.C2CTransfers - Entered Quantities: 
2022-06-20 17:42:45,980 [main] INFO angular.pageobjects.c2ctransfer.C2CTransfers - Entered Reference Number
2022-06-20 17:42:46,345 [main] INFO angular.pageobjects.c2ctransfer.C2CTransfers - User entered Remarks
2022-06-20 17:42:46,349 [main] INFO angular.pageobjects.c2ctransfer.C2CTransfers - Trying to select Payment mode : Cash
2022-06-20 17:42:46,812 [main] INFO angular.pageobjects.c2ctransfer.C2CTransfers - Selected Payment Mode : Cash
2022-06-20 17:42:46,818 [main] INFO angular.pageobjects.c2ctransfer.C2CTransfers - Trying to select Payment Instrument Number
2022-06-20 17:42:47,051 [main] INFO angular.pageobjects.c2ctransfer.C2CTransfers - User entered PaymentInstNum: 124231
2022-06-20 17:42:52,057 [main] INFO angular.pageobjects.c2ctransfer.C2CTransfers - Trying to select Date
2022-06-20 17:42:52,089 [main] INFO angular.pageobjects.c2ctransfer.C2CTransfers - Trying to enter Payment Instrument Date
2022-06-20 17:42:55,430 [main] INFO angular.pageobjects.c2ctransfer.C2CTransfers - User entered PaymentInstDate: 20/06/22
2022-06-20 17:42:55,471 [main] INFO angular.pageobjects.c2ctransfer.C2CTransfers - Trying clicking on C2C TRANSFER button
2022-06-20 17:42:55,736 [main] INFO angular.pageobjects.c2ctransfer.C2CTransfers - Clicked C2C Transfer Button
2022-06-20 17:42:56,368 [main] INFO angular.pageobjects.c2ctransfer.C2CTransfers - PIN PopUP is visible.
2022-06-20 17:42:56,373 [main] INFO angular.pageobjects.c2ctransfer.C2CTransfers - Trying to Enter Channel User PIN for C2C
2022-06-20 17:42:56,590 [main] INFO angular.pageobjects.c2ctransfer.C2CTransfers - User entered PIN: 2468
2022-06-20 17:42:56,595 [main] INFO angular.pageobjects.c2ctransfer.C2CTransfers - Trying clicking on C2C TRANSFER button
2022-06-20 17:42:56,787 [main] INFO angular.pageobjects.c2ctransfer.C2CTransfers - Clicked C2C Transfer Button
2022-06-20 17:42:57,456 [main] INFO angular.pageobjects.c2ctransfer.C2CTransfers - PIN PopUP is visible.
2022-06-20 17:42:57,462 [main] INFO angular.pageobjects.c2ctransfer.C2CTransfers - Fetching C2C Buy Request Initiated Message
2022-06-20 17:42:57,598 [main] INFO angular.pageobjects.c2ctransfer.C2CTransfers - C2C Transfer Buy Initiated Message : Stock Purchase Request Initiated
2022-06-20 17:42:57,602 [main] INFO angular.pageobjects.c2ctransfer.C2CTransfers - Trying to get C2C Topups Done
2022-06-20 17:42:57,772 [main] INFO angular.pageobjects.c2ctransfer.C2CTransfers - C2C [[ChromeDriver: chrome on WINDOWS (1bab47f7b41f2b3fdd7e0468923e6b5b)] -> xpath: (//label[@class='labelposPrd'])[1]] : [[ChromeDriver: chrome on WINDOWS (1bab47f7b41f2b3fdd7e0468923e6b5b)] -> xpath: (//label[@class='labelposPrd'])[1]/following-sibling::label]
2022-06-20 17:42:57,776 [main] INFO angular.pageobjects.c2ctransfer.C2CTransfers -  C2C TOPUPS Done and Info Printed Above
2022-06-20 17:43:02,793 [main] INFO angular.pageobjects.c2ctransfer.C2CTransfers - Fetching C2C Purchase Transaction ID
2022-06-20 17:43:02,924 [main] INFO angular.pageobjects.c2ctransfer.C2CTransfers - C2C Purchase Transaction ID : CT220620.1734.100001
2022-06-20 17:43:23,964 [main] ERROR com.sshmanager.SSHService - Error while getting SSH Server Instance : com.jcraft.jsch.JSchException: java.net.ConnectException: Connection timed out: connect
2022-06-20 17:43:24,253 [main] INFO angular.pageobjects.c2ctransfer.C2CTransfers - Trying to Click DONE button after C2C Purchase initiated
2022-06-20 17:43:24,524 [main] INFO angular.pageobjects.c2ctransfer.C2CTransfers - Clicked Done for Initiated C2C
2022-06-20 17:43:24,528 [main] INFO angular.feature.C2CBuyRevamp - Exiting performC2CBuyMobileBuyerType
2022-06-20 17:43:24,532 [main] INFO angular.feature.C2CBuyRevamp - Entered performC2CTransferMobileBuyerType(Dealer, Retailer, 2468)
2022-06-20 17:43:24,585 [main] INFO angular.classes.LoginRevamp - Login ID Found as: newdealusrr
2022-06-20 17:43:24,587 [main] INFO angular.classes.LoginRevamp - Password Found as: Com@2468
2022-06-20 17:43:24,588 [main] INFO angular.feature.C2CBuyRevamp - LOGINID : newdealusrr
2022-06-20 17:43:24,611 [main] INFO angular.classes.LoginRevamp - LoginID found as: newdealusrr
2022-06-20 17:43:24,613 [main] INFO angular.classes.LoginRevamp - Password found as: Com@2468
2022-06-20 17:43:24,615 [main] INFO angular.classes.LoginRevamp - Username found as: dealuser
2022-06-20 17:43:25,603 [main] INFO angular.pageobjects.loginpages.LoginPageRevamp - Trying to select Language
2022-06-20 17:43:35,812 [main] INFO angular.pageobjects.loginpages.LoginPageRevamp - <b>Language Selector Not Found:</b>
2022-06-20 17:43:35,814 [main] INFO angular.pageobjects.loginpages.LoginPageRevamp - Trying to enter Login ID
2022-06-20 17:43:36,078 [main] INFO angular.pageobjects.loginpages.LoginPageRevamp - Login ID entered successfully as: newdealusrr
2022-06-20 17:43:36,081 [main] INFO angular.pageobjects.loginpages.LoginPageRevamp - Trying to enter Password
2022-06-20 17:43:36,310 [main] INFO angular.pageobjects.loginpages.LoginPageRevamp - Password entered successfully as: Com@2468
2022-06-20 17:43:36,313 [main] INFO angular.pageobjects.loginpages.LoginPageRevamp - Trying to click Login Button
2022-06-20 17:43:36,496 [main] INFO angular.pageobjects.loginpages.LoginPageRevamp - Login button clicked successfully
2022-06-20 17:43:36,562 [main] INFO angular.pageobjects.loginpages.LoginPageRevamp - Error Message Found on Login Screen: 
2022-06-20 17:43:44,631 [main] INFO angular.pageobjects.c2capproval.C2CApproval - Trying clicking on C2C Heading
2022-06-20 17:43:44,736 [main] INFO angular.pageobjects.c2capproval.C2CApproval - User clicked C2C Heading Link.
2022-06-20 17:43:44,740 [main] INFO angular.pageobjects.c2capproval.C2CApproval - Trying clicking on C2C Approval Level 1 Heading
2022-06-20 17:43:44,906 [main] INFO angular.pageobjects.c2capproval.C2CApproval - User clicked C2C Approval Level 1 Heading Link.
2022-06-20 17:43:44,908 [main] INFO angular.feature.C2CBuyRevamp - C2C Heading and Transaction Heading is clicked
2022-06-20 17:43:44,910 [main] INFO angular.pageobjects.c2capproval.C2CApproval - Waiting for spinner
2022-06-20 17:43:45,004 [main] INFO angular.pageobjects.c2capproval.C2CApproval - Waiting for spinner to stop
2022-06-20 17:43:46,123 [main] INFO angular.pageobjects.c2capproval.C2CApproval - Spinner stopped
2022-06-20 17:43:46,125 [main] INFO angular.pageobjects.c2capproval.C2CApproval - Trying clicking on C2C Single Operation Heading
2022-06-20 17:43:46,210 [main] INFO angular.pageobjects.c2capproval.C2CApproval - User clicked C2C Single Operation Heading.
2022-06-20 17:43:46,212 [main] INFO angular.pageobjects.c2capproval.C2CApproval - Trying clicking on etopUp Heading
2022-06-20 17:43:46,289 [main] INFO angular.pageobjects.c2capproval.C2CApproval - User clicked eTopup Heading Link.
2022-06-20 17:43:46,291 [main] INFO angular.pageobjects.c2capproval.C2CApproval - Trying to enter the TransactionId
2022-06-20 17:43:46,693 [main] INFO angular.pageobjects.c2capproval.C2CApproval - Entered the TransactionId
2022-06-20 17:43:46,696 [main] INFO angular.pageobjects.c2capproval.C2CApproval - Trying to Click the approve button
2022-06-20 17:43:46,826 [main] INFO angular.pageobjects.c2capproval.C2CApproval - User clicked Approve Button	.
2022-06-20 17:43:46,827 [main] INFO angular.pageobjects.c2capproval.C2CApproval - Trying to enter the remarks
2022-06-20 17:43:47,018 [main] INFO angular.pageobjects.c2capproval.C2CApproval - Entered the TransactionId
2022-06-20 17:43:48,035 [main] INFO angular.pageobjects.c2capproval.C2CApproval - Trying to Click the approve button
2022-06-20 17:43:48,124 [main] INFO angular.pageobjects.c2capproval.C2CApproval - User clicked Approve Button	.
2022-06-20 17:43:48,126 [main] INFO angular.pageobjects.c2capproval.C2CApproval - Trying to Click the yes button
2022-06-20 17:43:48,246 [main] INFO angular.pageobjects.c2capproval.C2CApproval - User clicked Yes Button.
2022-06-20 17:43:48,825 [main] INFO angular.pageobjects.c2capproval.C2CApproval - PopUP is visible.
2022-06-20 17:43:48,828 [main] INFO angular.pageobjects.c2capproval.C2CApproval - Trying to get the Success Msg
2022-06-20 17:43:48,884 [main] INFO angular.pageobjects.c2capproval.C2CApproval - Successfully Retrieved Success Msg
2022-06-20 17:44:09,917 [main] ERROR com.sshmanager.SSHService - Error while getting SSH Server Instance : com.jcraft.jsch.JSchException: java.net.ConnectException: Connection timed out: connect
2022-06-20 17:44:10,255 [main] INFO angular.feature.C2CBuyRevamp - Entered performC2CTransferMobileBuyerType(Dealer, Retailer, 2468)
2022-06-20 17:44:10,299 [main] INFO angular.classes.LoginRevamp - Login ID Found as: newdealusrr
2022-06-20 17:44:10,301 [main] INFO angular.classes.LoginRevamp - Password Found as: Com@2468
2022-06-20 17:44:10,303 [main] INFO angular.feature.C2CBuyRevamp - LOGINID : newdealusrr
2022-06-20 17:44:10,333 [main] INFO angular.classes.LoginRevamp - LoginID found as: newdealusrr
2022-06-20 17:44:10,336 [main] INFO angular.classes.LoginRevamp - Password found as: Com@2468
2022-06-20 17:44:10,338 [main] INFO angular.classes.LoginRevamp - Username found as: dealuser
2022-06-20 17:44:10,695 [main] INFO angular.pageobjects.loginpages.LoginPageRevamp - Trying to select Language
2022-06-20 17:44:20,981 [main] INFO angular.pageobjects.loginpages.LoginPageRevamp - <b>Language Selector Not Found:</b>
2022-06-20 17:44:20,983 [main] INFO angular.pageobjects.loginpages.LoginPageRevamp - Trying to enter Login ID
2022-06-20 17:44:21,269 [main] INFO angular.pageobjects.loginpages.LoginPageRevamp - Login ID entered successfully as: newdealusrr
2022-06-20 17:44:21,273 [main] INFO angular.pageobjects.loginpages.LoginPageRevamp - Trying to enter Password
2022-06-20 17:44:21,533 [main] INFO angular.pageobjects.loginpages.LoginPageRevamp - Password entered successfully as: Com@2468
2022-06-20 17:44:21,534 [main] INFO angular.pageobjects.loginpages.LoginPageRevamp - Trying to click Login Button
2022-06-20 17:44:21,690 [main] INFO angular.pageobjects.loginpages.LoginPageRevamp - Login button clicked successfully
2022-06-20 17:44:21,757 [main] INFO angular.pageobjects.loginpages.LoginPageRevamp - Error Message Found on Login Screen: 
2022-06-20 17:44:29,856 [main] INFO angular.pageobjects.c2capproval.C2CApproval - Trying clicking on C2C Heading
2022-06-20 17:44:29,963 [main] INFO angular.pageobjects.c2capproval.C2CApproval - User clicked C2C Heading Link.
2022-06-20 17:44:29,965 [main] INFO angular.pageobjects.c2capproval.C2CApproval - Trying clicking on C2C Approval Level 2 Heading
2022-06-20 17:44:30,131 [main] INFO angular.pageobjects.c2capproval.C2CApproval - User clicked C2C Approval Level 2 Heading Link.
2022-06-20 17:44:30,133 [main] INFO angular.feature.C2CBuyRevamp - C2C Heading and Transaction Heading is clicked
2022-06-20 17:44:30,137 [main] INFO angular.pageobjects.c2capproval.C2CApproval - Waiting for spinner
2022-06-20 17:44:30,229 [main] INFO angular.pageobjects.c2capproval.C2CApproval - Waiting for spinner to stop
2022-06-20 17:44:31,330 [main] INFO angular.pageobjects.c2capproval.C2CApproval - Spinner stopped
2022-06-20 17:44:31,334 [main] INFO angular.pageobjects.c2capproval.C2CApproval - Trying clicking on C2C Single Operation Heading
2022-06-20 17:44:31,416 [main] INFO angular.pageobjects.c2capproval.C2CApproval - User clicked C2C Single Operation Heading.
2022-06-20 17:44:31,418 [main] INFO angular.pageobjects.c2capproval.C2CApproval - Trying clicking on etopUp Heading
2022-06-20 17:44:31,494 [main] INFO angular.pageobjects.c2capproval.C2CApproval - User clicked eTopup Heading Link.
2022-06-20 17:44:31,496 [main] INFO angular.pageobjects.c2capproval.C2CApproval - Trying to enter the TransactionId
2022-06-20 17:44:51,747 [main] INFO com.classes.BaseTest - org.openqa.selenium.TimeoutException: Expected condition failed: waiting for visibility of element located by By.xpath: //input[@aria-controls='parentTable'] (tried for 20 second(s) with 500 milliseconds interval)
2022-06-20 17:45:12,799 [main] ERROR com.sshmanager.SSHService - Error while getting SSH Server Instance : com.jcraft.jsch.JSchException: java.net.ConnectException: Connection timed out: connect
2022-06-20 17:45:13,250 [main] INFO angular.testscripts.prereuisitesangular.PreRequisite_C2CBuy_Revamp - ------------------ Test Case Execution Started For A_01_Test_C2CBuyMobileBuyerType -------------------
2022-06-20 17:45:13,250 [main] INFO angular.testscripts.prereuisitesangular.PreRequisite_C2CBuy_Revamp - Entered A_01_Test_C2CBuyMobileBuyerType(Retailer, Agent, 7802617823, 2468, Distributor, Super Distributor, SA, 3)
2022-06-20 17:45:13,253 [main] INFO com.dbrepository.OracleRepository - Entered getPreference(AG, NG, MAX_APPROVAL_LEVEL_C2C_TRANSFER)
2022-06-20 17:45:13,254 [main] INFO com.dbrepository.DBConnectionPool - Active Size:0 Cache Size:10
2022-06-20 17:45:14,880 [main] INFO com.dbrepository.OracleRepository - Service Class Preference Not Found
2022-06-20 17:45:14,882 [main] INFO com.dbrepository.OracleRepository - Trying to get Preference value from Control Preferences
2022-06-20 17:45:15,047 [main] INFO com.dbrepository.OracleRepository - Query Repository Returns: DEFAULT_VALUE (0)
2022-06-20 17:45:15,101 [main] INFO com.utils.CommonUtils - Category Code for Retailer: RET
2022-06-20 17:45:15,126 [main] INFO com.dbrepository.OracleRepository - Entered webInterface(Retailer)
2022-06-20 17:45:15,127 [main] INFO com.dbrepository.DBConnectionPool - Active Size:0 Cache Size:10
2022-06-20 17:45:15,131 [main] INFO com.dbrepository.OracleRepository - webInterface() :: select query: Select WEB_INTERFACE_ALLOWED from categories where category_name= ?
2022-06-20 17:45:16,587 [main] INFO com.dbrepository.OracleRepository - Database Returns: WEB_INTERFACE_ALLOWED (Y)
2022-06-20 17:45:16,589 [main] INFO com.dbrepository.OracleRepository - Exited webInterface()
2022-06-20 17:45:16,593 [main] INFO angular.feature.C2CBuyRevamp - Entered performC2CBuyMobileBuyerType(Retailer, Agent, 7802617823, 2468)
2022-06-20 17:45:16,637 [main] INFO angular.classes.LoginRevamp - Login ID Found as: sourabhretailer
2022-06-20 17:45:16,639 [main] INFO angular.classes.LoginRevamp - Password Found as: Com@2468
2022-06-20 17:45:16,642 [main] INFO angular.feature.C2CBuyRevamp - LOGINID : sourabhretailer
2022-06-20 17:45:16,672 [main] INFO angular.classes.LoginRevamp - LoginID found as: sourabhretailer
2022-06-20 17:45:16,675 [main] INFO angular.classes.LoginRevamp - Password found as: Com@2468
2022-06-20 17:45:16,678 [main] INFO angular.classes.LoginRevamp - Username found as: userretnew
2022-06-20 17:45:17,560 [main] INFO angular.pageobjects.loginpages.LoginPageRevamp - Trying to select Language
2022-06-20 17:45:27,775 [main] INFO angular.pageobjects.loginpages.LoginPageRevamp - <b>Language Selector Not Found:</b>
2022-06-20 17:45:27,801 [main] INFO angular.pageobjects.loginpages.LoginPageRevamp - Trying to enter Login ID
2022-06-20 17:45:28,064 [main] INFO angular.pageobjects.loginpages.LoginPageRevamp - Login ID entered successfully as: sourabhretailer
2022-06-20 17:45:28,068 [main] INFO angular.pageobjects.loginpages.LoginPageRevamp - Trying to enter Password
2022-06-20 17:45:28,303 [main] INFO angular.pageobjects.loginpages.LoginPageRevamp - Password entered successfully as: Com@2468
2022-06-20 17:45:28,307 [main] INFO angular.pageobjects.loginpages.LoginPageRevamp - Trying to click Login Button
2022-06-20 17:45:28,463 [main] INFO angular.pageobjects.loginpages.LoginPageRevamp - Login button clicked successfully
2022-06-20 17:45:28,540 [main] INFO angular.pageobjects.loginpages.LoginPageRevamp - Error Message Found on Login Screen: 
2022-06-20 17:45:36,255 [main] INFO angular.pageobjects.c2ctransfer.C2CTransfers - Trying clicking on C2C Heading
2022-06-20 17:45:36,357 [main] INFO angular.pageobjects.c2ctransfer.C2CTransfers - User clicked C2C Heading Link.
2022-06-20 17:45:36,361 [main] INFO angular.pageobjects.c2ctransfer.C2CTransfers - Trying clicking on C2C Transaction Heading
2022-06-20 17:45:36,510 [main] INFO angular.pageobjects.c2ctransfer.C2CTransfers - User clicked C2C Transaction Heading Link.
2022-06-20 17:45:36,514 [main] INFO angular.feature.C2CBuyRevamp - C2C Heading and Transaction Heading is clicked
2022-06-20 17:45:36,517 [main] INFO angular.pageobjects.c2ctransfer.C2CTransfers - Trying clicking on C2C Single Operation Heading
2022-06-20 17:45:36,648 [main] INFO angular.pageobjects.c2ctransfer.C2CTransfers - User clicked C2C Single Operation Heading.
2022-06-20 17:45:36,649 [main] INFO angular.pageobjects.c2ctransfer.C2CTransfers - Trying clicking on C2C Buy Heading
2022-06-20 17:45:36,809 [main] INFO angular.pageobjects.c2ctransfer.C2CTransfers - User clicked C2C Buy Heading.
2022-06-20 17:45:36,812 [main] INFO angular.pageobjects.c2ctransfer.C2CTransfers - Trying clicking on Etopup
2022-06-20 17:45:36,909 [main] INFO angular.pageobjects.c2ctransfer.C2CTransfers - Clicked Etopup.
2022-06-20 17:45:36,913 [main] INFO angular.pageobjects.c2ctransfer.C2CTransfers - Trying to select C2C Buyer Type
2022-06-20 17:45:37,108 [main] INFO angular.pageobjects.c2ctransfer.C2CTransfers - C2C Buyer Type selected : //ng-select[@id='searchBy']//ng-dropdown-panel[contains(@class,'ng-star-inserted')]//span[text()='Mobile Number']
2022-06-20 17:45:37,109 [main] INFO angular.pageobjects.c2ctransfer.C2CTransfers - Entering C2C MSISDN
2022-06-20 17:45:37,237 [main] INFO angular.pageobjects.c2ctransfer.C2CTransfers - Entered C2C MSISDN : 7802617823
2022-06-20 17:45:47,242 [main] INFO angular.pageobjects.c2ctransfer.C2CTransfers - Trying clicking on PROCEED button on C2C
2022-06-20 17:45:57,505 [main] INFO angular.pageobjects.c2ctransfer.C2CTransfers - Clicked PROCEED button on C2C.
2022-06-20 17:45:57,539 [main] INFO angular.pageobjects.c2ctransfer.C2CTransfers - Trying to initiate C2C Topups
2022-06-20 17:45:57,795 [main] INFO angular.pageobjects.c2ctransfer.C2CTransfers - rowCount of c2c topups available on screen : 2
2022-06-20 17:45:57,798 [main] INFO angular.pageobjects.c2ctransfer.C2CTransfers - sheetProductCode : eTopUP
2022-06-20 17:45:57,898 [main] INFO angular.pageobjects.c2ctransfer.C2CTransfers - quantity : 3
2022-06-20 17:45:57,901 [main] INFO angular.pageobjects.c2ctransfer.C2CTransfers - String.valueOf(quantity) SEND KEYS : 3
2022-06-20 17:45:57,904 [main] INFO angular.pageobjects.c2ctransfer.C2CTransfers - sheetProductCode : PeTopUP
2022-06-20 17:45:57,908 [main] INFO angular.pageobjects.c2ctransfer.C2CTransfers - Entered Quantities: 
2022-06-20 17:45:58,199 [main] INFO angular.pageobjects.c2ctransfer.C2CTransfers - Entered Reference Number
2022-06-20 17:45:58,560 [main] INFO angular.pageobjects.c2ctransfer.C2CTransfers - User entered Remarks
2022-06-20 17:45:58,564 [main] INFO angular.pageobjects.c2ctransfer.C2CTransfers - Trying to select Payment mode : Cash
2022-06-20 17:45:58,986 [main] INFO angular.pageobjects.c2ctransfer.C2CTransfers - Selected Payment Mode : Cash
2022-06-20 17:45:58,988 [main] INFO angular.pageobjects.c2ctransfer.C2CTransfers - Trying to select Payment Instrument Number
2022-06-20 17:45:59,210 [main] INFO angular.pageobjects.c2ctransfer.C2CTransfers - User entered PaymentInstNum: 124231
2022-06-20 17:46:04,217 [main] INFO angular.pageobjects.c2ctransfer.C2CTransfers - Trying to select Date
2022-06-20 17:46:04,252 [main] INFO angular.pageobjects.c2ctransfer.C2CTransfers - Trying to enter Payment Instrument Date
2022-06-20 17:46:07,634 [main] INFO angular.pageobjects.c2ctransfer.C2CTransfers - User entered PaymentInstDate: 20/06/22
2022-06-20 17:46:07,676 [main] INFO angular.pageobjects.c2ctransfer.C2CTransfers - Trying clicking on C2C TRANSFER button
2022-06-20 17:46:07,900 [main] INFO angular.pageobjects.c2ctransfer.C2CTransfers - Clicked C2C Transfer Button
2022-06-20 17:46:08,549 [main] INFO angular.pageobjects.c2ctransfer.C2CTransfers - PIN PopUP is visible.
2022-06-20 17:46:08,551 [main] INFO angular.pageobjects.c2ctransfer.C2CTransfers - Trying to Enter Channel User PIN for C2C
2022-06-20 17:46:08,773 [main] INFO angular.pageobjects.c2ctransfer.C2CTransfers - User entered PIN: 2468
2022-06-20 17:46:08,775 [main] INFO angular.pageobjects.c2ctransfer.C2CTransfers - Trying clicking on C2C TRANSFER button
2022-06-20 17:46:08,991 [main] INFO angular.pageobjects.c2ctransfer.C2CTransfers - Clicked C2C Transfer Button
2022-06-20 17:46:09,641 [main] INFO angular.pageobjects.c2ctransfer.C2CTransfers - PIN PopUP is visible.
2022-06-20 17:46:09,644 [main] INFO angular.pageobjects.c2ctransfer.C2CTransfers - Fetching C2C Buy Request Initiated Message
2022-06-20 17:46:09,768 [main] INFO angular.pageobjects.c2ctransfer.C2CTransfers - C2C Transfer Buy Initiated Message : Stock Purchase Request Initiated
2022-06-20 17:46:09,772 [main] INFO angular.pageobjects.c2ctransfer.C2CTransfers - Trying to get C2C Topups Done
2022-06-20 17:46:09,963 [main] INFO angular.pageobjects.c2ctransfer.C2CTransfers - C2C [[ChromeDriver: chrome on WINDOWS (1bab47f7b41f2b3fdd7e0468923e6b5b)] -> xpath: (//label[@class='labelposPrd'])[1]] : [[ChromeDriver: chrome on WINDOWS (1bab47f7b41f2b3fdd7e0468923e6b5b)] -> xpath: (//label[@class='labelposPrd'])[1]/following-sibling::label]
2022-06-20 17:46:09,965 [main] INFO angular.pageobjects.c2ctransfer.C2CTransfers -  C2C TOPUPS Done and Info Printed Above
2022-06-20 17:46:14,975 [main] INFO angular.pageobjects.c2ctransfer.C2CTransfers - Fetching C2C Purchase Transaction ID
2022-06-20 17:46:15,115 [main] INFO angular.pageobjects.c2ctransfer.C2CTransfers - C2C Purchase Transaction ID : CT220620.1737.100001
2022-06-20 17:46:36,148 [main] ERROR com.sshmanager.SSHService - Error while getting SSH Server Instance : com.jcraft.jsch.JSchException: java.net.ConnectException: Connection timed out: connect
2022-06-20 17:46:36,489 [main] INFO angular.pageobjects.c2ctransfer.C2CTransfers - Trying to Click DONE button after C2C Purchase initiated
2022-06-20 17:46:36,768 [main] INFO angular.pageobjects.c2ctransfer.C2CTransfers - Clicked Done for Initiated C2C
2022-06-20 17:46:36,771 [main] INFO angular.feature.C2CBuyRevamp - Exiting performC2CBuyMobileBuyerType
2022-06-20 17:46:36,773 [main] INFO angular.testscripts.prereuisitesangular.PreRequisite_C2CBuy_Revamp - C2C vocuher transfer Approval is perform at c2c transfer itself
2022-06-20 17:46:36,781 [main] INFO angular.testscripts.prereuisitesangular.PreRequisite_C2CBuy_Revamp -  -----------------  Test Case Execution completed for A_01_Test_C2CBuyMobileBuyerType -----------------
2022-06-20 17:46:36,962 [main] INFO angular.testscripts.prereuisitesangular.PreRequisite_C2CBuy_Revamp - ------------------ Test Case Execution Started For A_01_Test_C2CBuyMobileBuyerType -------------------
2022-06-20 17:46:36,962 [main] INFO angular.testscripts.prereuisitesangular.PreRequisite_C2CBuy_Revamp - Entered A_01_Test_C2CBuyMobileBuyerType(Retailer, Agent, 8905169743, 2468, Distributor, Dealer, SA, 4)
2022-06-20 17:46:36,964 [main] INFO com.dbrepository.OracleRepository - Entered getPreference(AG, NG, MAX_APPROVAL_LEVEL_C2C_TRANSFER)
2022-06-20 17:46:36,966 [main] INFO com.dbrepository.DBConnectionPool - Active Size:0 Cache Size:10
2022-06-20 17:46:37,068 [main] INFO com.dbrepository.OracleRepository - Service Class Preference Not Found
2022-06-20 17:46:37,071 [main] INFO com.dbrepository.OracleRepository - Trying to get Preference value from Control Preferences
2022-06-20 17:46:37,177 [main] INFO com.dbrepository.OracleRepository - Query Repository Returns: DEFAULT_VALUE (0)
2022-06-20 17:46:37,234 [main] INFO com.utils.CommonUtils - Category Code for Retailer: RET
2022-06-20 17:46:37,264 [main] INFO com.dbrepository.OracleRepository - Entered webInterface(Retailer)
2022-06-20 17:46:37,266 [main] INFO com.dbrepository.DBConnectionPool - Active Size:0 Cache Size:10
2022-06-20 17:46:37,268 [main] INFO com.dbrepository.OracleRepository - webInterface() :: select query: Select WEB_INTERFACE_ALLOWED from categories where category_name= ?
2022-06-20 17:46:37,369 [main] INFO com.dbrepository.OracleRepository - Database Returns: WEB_INTERFACE_ALLOWED (Y)
2022-06-20 17:46:37,373 [main] INFO com.dbrepository.OracleRepository - Exited webInterface()
2022-06-20 17:46:37,381 [main] INFO angular.feature.C2CBuyRevamp - Entered performC2CBuyMobileBuyerType(Retailer, Agent, 8905169743, 2468)
2022-06-20 17:46:37,437 [main] INFO angular.classes.LoginRevamp - Login ID Found as: sourabhretailer
2022-06-20 17:46:37,440 [main] INFO angular.classes.LoginRevamp - Password Found as: Com@2468
2022-06-20 17:46:37,441 [main] INFO angular.feature.C2CBuyRevamp - LOGINID : sourabhretailer
2022-06-20 17:46:37,462 [main] INFO angular.classes.LoginRevamp - LoginID found as: sourabhretailer
2022-06-20 17:46:37,464 [main] INFO angular.classes.LoginRevamp - Password found as: Com@2468
2022-06-20 17:46:37,466 [main] INFO angular.classes.LoginRevamp - Username found as: userretnew
2022-06-20 17:46:38,473 [main] INFO angular.pageobjects.loginpages.LoginPageRevamp - Trying to select Language
2022-06-20 17:46:48,678 [main] INFO angular.pageobjects.loginpages.LoginPageRevamp - <b>Language Selector Not Found:</b>
2022-06-20 17:46:48,711 [main] INFO angular.pageobjects.loginpages.LoginPageRevamp - Trying to enter Login ID
2022-06-20 17:46:48,969 [main] INFO angular.pageobjects.loginpages.LoginPageRevamp - Login ID entered successfully as: sourabhretailer
2022-06-20 17:46:48,972 [main] INFO angular.pageobjects.loginpages.LoginPageRevamp - Trying to enter Password
2022-06-20 17:46:49,216 [main] INFO angular.pageobjects.loginpages.LoginPageRevamp - Password entered successfully as: Com@2468
2022-06-20 17:46:49,220 [main] INFO angular.pageobjects.loginpages.LoginPageRevamp - Trying to click Login Button
2022-06-20 17:46:49,373 [main] INFO angular.pageobjects.loginpages.LoginPageRevamp - Login button clicked successfully
2022-06-20 17:46:49,443 [main] INFO angular.pageobjects.loginpages.LoginPageRevamp - Error Message Found on Login Screen: 
2022-06-20 17:46:57,464 [main] INFO angular.pageobjects.c2ctransfer.C2CTransfers - Trying clicking on C2C Heading
2022-06-20 17:46:57,572 [main] INFO angular.pageobjects.c2ctransfer.C2CTransfers - User clicked C2C Heading Link.
2022-06-20 17:46:57,576 [main] INFO angular.pageobjects.c2ctransfer.C2CTransfers - Trying clicking on C2C Transaction Heading
2022-06-20 17:46:57,717 [main] INFO angular.pageobjects.c2ctransfer.C2CTransfers - User clicked C2C Transaction Heading Link.
2022-06-20 17:46:57,720 [main] INFO angular.feature.C2CBuyRevamp - C2C Heading and Transaction Heading is clicked
2022-06-20 17:46:57,722 [main] INFO angular.pageobjects.c2ctransfer.C2CTransfers - Trying clicking on C2C Single Operation Heading
2022-06-20 17:46:57,844 [main] INFO angular.pageobjects.c2ctransfer.C2CTransfers - User clicked C2C Single Operation Heading.
2022-06-20 17:46:57,847 [main] INFO angular.pageobjects.c2ctransfer.C2CTransfers - Trying clicking on C2C Buy Heading
2022-06-20 17:46:58,048 [main] INFO angular.pageobjects.c2ctransfer.C2CTransfers - User clicked C2C Buy Heading.
2022-06-20 17:46:58,050 [main] INFO angular.pageobjects.c2ctransfer.C2CTransfers - Trying clicking on Etopup
2022-06-20 17:46:58,171 [main] INFO angular.pageobjects.c2ctransfer.C2CTransfers - Clicked Etopup.
2022-06-20 17:46:58,176 [main] INFO angular.pageobjects.c2ctransfer.C2CTransfers - Trying to select C2C Buyer Type
2022-06-20 17:46:58,482 [main] INFO angular.pageobjects.c2ctransfer.C2CTransfers - C2C Buyer Type selected : //ng-select[@id='searchBy']//ng-dropdown-panel[contains(@class,'ng-star-inserted')]//span[text()='Mobile Number']
2022-06-20 17:46:58,486 [main] INFO angular.pageobjects.c2ctransfer.C2CTransfers - Entering C2C MSISDN
2022-06-20 17:46:58,623 [main] INFO angular.pageobjects.c2ctransfer.C2CTransfers - Entered C2C MSISDN : 8905169743
2022-06-20 17:47:08,625 [main] INFO angular.pageobjects.c2ctransfer.C2CTransfers - Trying clicking on PROCEED button on C2C
2022-06-20 17:47:18,853 [main] INFO angular.pageobjects.c2ctransfer.C2CTransfers - Clicked PROCEED button on C2C.
2022-06-20 17:47:18,895 [main] INFO angular.pageobjects.c2ctransfer.C2CTransfers - Trying to initiate C2C Topups
2022-06-20 17:47:19,112 [main] INFO angular.pageobjects.c2ctransfer.C2CTransfers - rowCount of c2c topups available on screen : 2
2022-06-20 17:47:19,114 [main] INFO angular.pageobjects.c2ctransfer.C2CTransfers - sheetProductCode : eTopUP
2022-06-20 17:47:19,246 [main] INFO angular.pageobjects.c2ctransfer.C2CTransfers - quantity : 3
2022-06-20 17:47:19,250 [main] INFO angular.pageobjects.c2ctransfer.C2CTransfers - String.valueOf(quantity) SEND KEYS : 3
2022-06-20 17:47:19,254 [main] INFO angular.pageobjects.c2ctransfer.C2CTransfers - sheetProductCode : PeTopUP
2022-06-20 17:47:19,258 [main] INFO angular.pageobjects.c2ctransfer.C2CTransfers - Entered Quantities: 
2022-06-20 17:47:19,534 [main] INFO angular.pageobjects.c2ctransfer.C2CTransfers - Entered Reference Number
2022-06-20 17:47:19,910 [main] INFO angular.pageobjects.c2ctransfer.C2CTransfers - User entered Remarks
2022-06-20 17:47:19,914 [main] INFO angular.pageobjects.c2ctransfer.C2CTransfers - Trying to select Payment mode : Cash
2022-06-20 17:47:20,338 [main] INFO angular.pageobjects.c2ctransfer.C2CTransfers - Selected Payment Mode : Cash
2022-06-20 17:47:20,344 [main] INFO angular.pageobjects.c2ctransfer.C2CTransfers - Trying to select Payment Instrument Number
2022-06-20 17:47:20,575 [main] INFO angular.pageobjects.c2ctransfer.C2CTransfers - User entered PaymentInstNum: 124231
2022-06-20 17:47:25,588 [main] INFO angular.pageobjects.c2ctransfer.C2CTransfers - Trying to select Date
2022-06-20 17:47:25,623 [main] INFO angular.pageobjects.c2ctransfer.C2CTransfers - Trying to enter Payment Instrument Date
2022-06-20 17:47:28,968 [main] INFO angular.pageobjects.c2ctransfer.C2CTransfers - User entered PaymentInstDate: 20/06/22
2022-06-20 17:47:29,004 [main] INFO angular.pageobjects.c2ctransfer.C2CTransfers - Trying clicking on C2C TRANSFER button
2022-06-20 17:47:29,239 [main] INFO angular.pageobjects.c2ctransfer.C2CTransfers - Clicked C2C Transfer Button
2022-06-20 17:47:29,909 [main] INFO angular.pageobjects.c2ctransfer.C2CTransfers - PIN PopUP is visible.
2022-06-20 17:47:29,912 [main] INFO angular.pageobjects.c2ctransfer.C2CTransfers - Trying to Enter Channel User PIN for C2C
2022-06-20 17:47:30,134 [main] INFO angular.pageobjects.c2ctransfer.C2CTransfers - User entered PIN: 2468
2022-06-20 17:47:30,138 [main] INFO angular.pageobjects.c2ctransfer.C2CTransfers - Trying clicking on C2C TRANSFER button
2022-06-20 17:47:30,395 [main] INFO angular.pageobjects.c2ctransfer.C2CTransfers - Clicked C2C Transfer Button
2022-06-20 17:47:31,540 [main] INFO angular.pageobjects.c2ctransfer.C2CTransfers - PIN PopUP is visible.
2022-06-20 17:47:31,542 [main] INFO angular.pageobjects.c2ctransfer.C2CTransfers - Fetching C2C Buy Request Initiated Message
2022-06-20 17:47:31,679 [main] INFO angular.pageobjects.c2ctransfer.C2CTransfers - C2C Transfer Buy Initiated Message : Stock Purchase Request Initiated
2022-06-20 17:47:31,681 [main] INFO angular.pageobjects.c2ctransfer.C2CTransfers - Trying to get C2C Topups Done
2022-06-20 17:47:31,847 [main] INFO angular.pageobjects.c2ctransfer.C2CTransfers - C2C [[ChromeDriver: chrome on WINDOWS (1bab47f7b41f2b3fdd7e0468923e6b5b)] -> xpath: (//label[@class='labelposPrd'])[1]] : [[ChromeDriver: chrome on WINDOWS (1bab47f7b41f2b3fdd7e0468923e6b5b)] -> xpath: (//label[@class='labelposPrd'])[1]/following-sibling::label]
2022-06-20 17:47:31,850 [main] INFO angular.pageobjects.c2ctransfer.C2CTransfers -  C2C TOPUPS Done and Info Printed Above
2022-06-20 17:47:36,864 [main] INFO angular.pageobjects.c2ctransfer.C2CTransfers - Fetching C2C Purchase Transaction ID
2022-06-20 17:47:36,993 [main] INFO angular.pageobjects.c2ctransfer.C2CTransfers - C2C Purchase Transaction ID : CT220620.1739.100001
2022-06-20 17:47:58,021 [main] ERROR com.sshmanager.SSHService - Error while getting SSH Server Instance : com.jcraft.jsch.JSchException: java.net.ConnectException: Connection timed out: connect
2022-06-20 17:47:58,340 [main] INFO angular.pageobjects.c2ctransfer.C2CTransfers - Trying to Click DONE button after C2C Purchase initiated
2022-06-20 17:47:58,616 [main] INFO angular.pageobjects.c2ctransfer.C2CTransfers - Clicked Done for Initiated C2C
2022-06-20 17:47:58,621 [main] INFO angular.feature.C2CBuyRevamp - Exiting performC2CBuyMobileBuyerType
2022-06-20 17:47:58,626 [main] INFO angular.testscripts.prereuisitesangular.PreRequisite_C2CBuy_Revamp - C2C vocuher transfer Approval is perform at c2c transfer itself
2022-06-20 17:47:58,629 [main] INFO angular.testscripts.prereuisitesangular.PreRequisite_C2CBuy_Revamp -  -----------------  Test Case Execution completed for A_01_Test_C2CBuyMobileBuyerType -----------------
2022-06-20 17:47:58,941 [main] INFO com.utils.ExcelUtility - java.lang.NullPointerException

2022-06-20 17:47:59,116 [main] INFO com.utils.ExcelUtility - java.lang.NullPointerException

2022-06-20 17:47:59,157 [main] INFO com.utils.ExcelUtility - java.lang.NullPointerException

2022-06-20 17:47:59,245 [main] INFO com.utils.ExcelUtility - java.lang.NullPointerException

2022-06-20 17:47:59,293 [main] INFO com.utils.ExcelUtility - java.lang.NullPointerException

2022-06-20 17:47:59,354 [main] INFO com.utils.ExcelUtility - java.lang.NullPointerException

2022-06-20 17:47:59,535 [main] INFO com.dbrepository.OracleRepository - Entered getSystemPreference(TRF_RULE_USER_LEVEL_ALLOW)
2022-06-20 17:47:59,537 [main] INFO com.dbrepository.DBConnectionPool - Active Size:0 Cache Size:10
2022-06-20 17:47:59,540 [main] INFO com.dbrepository.OracleRepository - getSystemPreference() :: select query: select DEFAULT_VALUE from system_preferences where PREFERENCE_CODE = ?
2022-06-20 17:47:59,641 [main] INFO com.dbrepository.OracleRepository - Database Returns: DEFAULT_VALUE (true)
2022-06-20 17:47:59,643 [main] INFO com.dbrepository.OracleRepository - Exiting getSystemPreference()
2022-06-20 17:47:59,650 [main] INFO angular.testscripts.prereuisitesangular.PreRequisite_C2CBuy_Revamp - ------------------ Test Case Execution Started For A_02_Test_C2CTransferLoginBuyerType -------------------
2022-06-20 17:47:59,651 [main] INFO angular.testscripts.prereuisitesangular.PreRequisite_C2CBuy_Revamp - Entered A_02_Test_C2CTransferLoginBuyerType(Dealer, Super Distributor, 8964109634, 2468, Distributor, Root, AR, 1)
2022-06-20 17:47:59,655 [main] INFO com.dbrepository.OracleRepository - Entered getPreference(DIST, NG, MAX_APPROVAL_LEVEL_C2C_TRANSFER)
2022-06-20 17:47:59,660 [main] INFO com.dbrepository.DBConnectionPool - Active Size:0 Cache Size:10
2022-06-20 17:47:59,760 [main] INFO com.dbrepository.OracleRepository - Service Class Preference Not Found
2022-06-20 17:47:59,765 [main] INFO com.dbrepository.OracleRepository - Trying to get Preference value from Control Preferences
2022-06-20 17:47:59,867 [main] INFO com.dbrepository.OracleRepository - Query Repository Returns: DEFAULT_VALUE (3)
2022-06-20 17:47:59,918 [main] INFO com.utils.CommonUtils - Category Code for Dealer: SE
2022-06-20 17:47:59,941 [main] INFO com.dbrepository.OracleRepository - Entered webInterface(Dealer)
2022-06-20 17:47:59,943 [main] INFO com.dbrepository.DBConnectionPool - Active Size:0 Cache Size:10
2022-06-20 17:47:59,944 [main] INFO com.dbrepository.OracleRepository - webInterface() :: select query: Select WEB_INTERFACE_ALLOWED from categories where category_name= ?
2022-06-20 17:48:00,046 [main] INFO com.dbrepository.OracleRepository - Database Returns: WEB_INTERFACE_ALLOWED (Y)
2022-06-20 17:48:00,049 [main] INFO com.dbrepository.OracleRepository - Exited webInterface()
2022-06-20 17:48:00,056 [main] INFO angular.feature.C2CBuyRevamp - Entered performC2CTransfer(Dealer, Super Distributor, 8964109634, 2468)
2022-06-20 17:48:00,106 [main] INFO angular.classes.LoginRevamp - Login ID Found as: newdealusrr
2022-06-20 17:48:00,108 [main] INFO angular.classes.LoginRevamp - Password Found as: Com@2468
2022-06-20 17:48:00,110 [main] INFO angular.feature.C2CBuyRevamp - LOGINID : newdealusrr
2022-06-20 17:48:00,135 [main] INFO angular.classes.LoginRevamp - LoginID found as: newdealusrr
2022-06-20 17:48:00,138 [main] INFO angular.classes.LoginRevamp - Password found as: Com@2468
2022-06-20 17:48:00,140 [main] INFO angular.classes.LoginRevamp - Username found as: dealuser
2022-06-20 17:48:00,463 [main] INFO angular.pageobjects.loginpages.LoginPageRevamp - Trying to select Language
2022-06-20 17:48:10,863 [main] INFO angular.pageobjects.loginpages.LoginPageRevamp - <b>Language Selector Not Found:</b>
2022-06-20 17:48:10,888 [main] INFO angular.pageobjects.loginpages.LoginPageRevamp - Trying to enter Login ID
2022-06-20 17:48:11,135 [main] INFO angular.pageobjects.loginpages.LoginPageRevamp - Login ID entered successfully as: newdealusrr
2022-06-20 17:48:11,137 [main] INFO angular.pageobjects.loginpages.LoginPageRevamp - Trying to enter Password
2022-06-20 17:48:11,394 [main] INFO angular.pageobjects.loginpages.LoginPageRevamp - Password entered successfully as: Com@2468
2022-06-20 17:48:11,397 [main] INFO angular.pageobjects.loginpages.LoginPageRevamp - Trying to click Login Button
2022-06-20 17:48:11,575 [main] INFO angular.pageobjects.loginpages.LoginPageRevamp - Login button clicked successfully
2022-06-20 17:48:11,648 [main] INFO angular.pageobjects.loginpages.LoginPageRevamp - Error Message Found on Login Screen: 
2022-06-20 17:48:19,774 [main] INFO angular.pageobjects.c2ctransfer.C2CTransfers - Trying clicking on C2C Heading
2022-06-20 17:48:19,907 [main] INFO angular.pageobjects.c2ctransfer.C2CTransfers - User clicked C2C Heading Link.
2022-06-20 17:48:19,911 [main] INFO angular.pageobjects.c2ctransfer.C2CTransfers - Trying clicking on C2C Transaction Heading
2022-06-20 17:48:20,083 [main] INFO angular.pageobjects.c2ctransfer.C2CTransfers - User clicked C2C Transaction Heading Link.
2022-06-20 17:48:20,087 [main] INFO angular.feature.C2CBuyRevamp - C2C Heading and Transaction Heading is clicked
2022-06-20 17:48:20,091 [main] INFO angular.pageobjects.c2ctransfer.C2CTransfers - Trying clicking on C2C Single Operation Heading
2022-06-20 17:48:20,223 [main] INFO angular.pageobjects.c2ctransfer.C2CTransfers - User clicked C2C Single Operation Heading.
2022-06-20 17:48:20,229 [main] INFO angular.pageobjects.c2ctransfer.C2CTransfers - Trying clicking on C2C Buy Heading
2022-06-20 17:48:20,399 [main] INFO angular.pageobjects.c2ctransfer.C2CTransfers - User clicked C2C Buy Heading.
2022-06-20 17:48:20,404 [main] INFO angular.pageobjects.c2ctransfer.C2CTransfers - Trying clicking on Etopup
2022-06-20 17:48:20,537 [main] INFO angular.pageobjects.c2ctransfer.C2CTransfers - Clicked Etopup.
2022-06-20 17:48:20,542 [main] INFO angular.pageobjects.c2ctransfer.C2CTransfers - Trying to select C2C Buyer Type
2022-06-20 17:48:20,799 [main] INFO angular.pageobjects.c2ctransfer.C2CTransfers - C2C Buyer Type selected : //ng-select[@id='searchBy']//ng-dropdown-panel[contains(@class,'ng-star-inserted')]//span[text()='Login Id']
2022-06-20 17:48:20,805 [main] INFO angular.pageobjects.c2ctransfer.C2CTransfers - Trying to select Category for C2C 
2022-06-20 17:48:20,993 [main] INFO com.classes.BaseTest - org.openqa.selenium.NoSuchElementException: no such element: Unable to locate element: {"method":"xpath","selector":"//ng-select[@id='categorySelect']//ng-dropdown-panel//span[contains(text(),'Super Distributor')]"}
  (Session info: chrome=102.0.5005.115)
For documentation on this error, please visit: http://seleniumhq.org/exceptions/no_such_element.html
Build info: version: '3.10.0', revision: '176b4a9', time: '2018-03-02T19:03:16.397Z'
System info: host: 'MCKL-20005142', ip: '192.168.1.40', os.name: 'Windows 10', os.arch: 'amd64', os.version: '10.0', java.version: '1.8.0_291'
Driver info: org.openqa.selenium.chrome.ChromeDriver
Capabilities {acceptInsecureCerts: false, browserName: chrome, browserVersion: 102.0.5005.115, chrome: {chromedriverVersion: 102.0.5005.61 (0e59bcc00cc4..., userDataDir: C:\Users\SOURAB~1.AWA\AppDa...}, goog:chromeOptions: {debuggerAddress: localhost:60243}, javascriptEnabled: true, networkConnectionEnabled: false, pageLoadStrategy: normal, platform: WINDOWS, platformName: WINDOWS, proxy: Proxy(), setWindowRect: true, strictFileInteractability: false, timeouts: {implicit: 0, pageLoad: 300000, script: 30000}, unhandledPromptBehavior: dismiss and notify, webauthn:extension:credBlob: true, webauthn:extension:largeBlob: true, webauthn:virtualAuthenticators: true}
Session ID: 1bab47f7b41f2b3fdd7e0468923e6b5b
*** Element info: {Using=xpath, value=//ng-select[@id='categorySelect']//ng-dropdown-panel//span[contains(text(),'Super Distributor')]}
2022-06-20 17:48:42,028 [main] ERROR com.sshmanager.SSHService - Error while getting SSH Server Instance : com.jcraft.jsch.JSchException: java.net.ConnectException: Connection timed out: connect
2022-06-20 17:48:42,391 [main] INFO angular.testscripts.prereuisitesangular.PreRequisite_C2CBuy_Revamp - ------------------ Test Case Execution Started For A_02_Test_C2CTransferLoginBuyerType -------------------
2022-06-20 17:48:42,391 [main] INFO angular.testscripts.prereuisitesangular.PreRequisite_C2CBuy_Revamp - Entered A_02_Test_C2CTransferLoginBuyerType(Agent, Super Distributor, 8964109634, 2468, Distributor, Root, AR, 1)
2022-06-20 17:48:42,397 [main] INFO com.dbrepository.OracleRepository - Entered getPreference(DIST, NG, MAX_APPROVAL_LEVEL_C2C_TRANSFER)
2022-06-20 17:48:42,402 [main] INFO com.dbrepository.DBConnectionPool - Active Size:0 Cache Size:10
2022-06-20 17:48:42,507 [main] INFO com.dbrepository.OracleRepository - Service Class Preference Not Found
2022-06-20 17:48:42,513 [main] INFO com.dbrepository.OracleRepository - Trying to get Preference value from Control Preferences
2022-06-20 17:48:42,689 [main] INFO com.dbrepository.OracleRepository - Query Repository Returns: DEFAULT_VALUE (3)
2022-06-20 17:48:42,804 [main] INFO com.utils.CommonUtils - Category Code for Agent: AG
2022-06-20 17:48:42,858 [main] INFO com.dbrepository.OracleRepository - Entered webInterface(Agent)
2022-06-20 17:48:42,863 [main] INFO com.dbrepository.DBConnectionPool - Active Size:0 Cache Size:10
2022-06-20 17:48:42,869 [main] INFO com.dbrepository.OracleRepository - webInterface() :: select query: Select WEB_INTERFACE_ALLOWED from categories where category_name= ?
2022-06-20 17:48:43,098 [main] INFO com.dbrepository.OracleRepository - Database Returns: WEB_INTERFACE_ALLOWED (Y)
2022-06-20 17:48:43,104 [main] INFO com.dbrepository.OracleRepository - Exited webInterface()
2022-06-20 17:48:43,111 [main] INFO angular.feature.C2CBuyRevamp - Entered performC2CTransfer(Agent, Super Distributor, 8964109634, 2468)
2022-06-20 17:48:43,228 [main] INFO angular.classes.LoginRevamp - Login ID Found as: agusernew
2022-06-20 17:48:43,234 [main] INFO angular.classes.LoginRevamp - Password Found as: Com@2468
2022-06-20 17:48:43,239 [main] INFO angular.feature.C2CBuyRevamp - LOGINID : agusernew
2022-06-20 17:48:43,295 [main] INFO angular.classes.LoginRevamp - LoginID found as: agusernew
2022-06-20 17:48:43,301 [main] INFO angular.classes.LoginRevamp - Password found as: Com@2468
2022-06-20 17:48:43,308 [main] INFO angular.classes.LoginRevamp - Username found as: agentuser
2022-06-20 17:48:44,226 [main] INFO angular.pageobjects.loginpages.LoginPageRevamp - Trying to select Language
2022-06-20 17:48:54,441 [main] INFO angular.pageobjects.loginpages.LoginPageRevamp - <b>Language Selector Not Found:</b>
2022-06-20 17:48:54,468 [main] INFO angular.pageobjects.loginpages.LoginPageRevamp - Trying to enter Login ID
2022-06-20 17:48:54,684 [main] INFO angular.pageobjects.loginpages.LoginPageRevamp - Login ID entered successfully as: agusernew
2022-06-20 17:48:54,689 [main] INFO angular.pageobjects.loginpages.LoginPageRevamp - Trying to enter Password
2022-06-20 17:48:54,907 [main] INFO angular.pageobjects.loginpages.LoginPageRevamp - Password entered successfully as: Com@2468
2022-06-20 17:48:54,912 [main] INFO angular.pageobjects.loginpages.LoginPageRevamp - Trying to click Login Button
2022-06-20 17:48:55,048 [main] INFO angular.pageobjects.loginpages.LoginPageRevamp - Login button clicked successfully
2022-06-20 17:48:55,105 [main] INFO angular.pageobjects.loginpages.LoginPageRevamp - Error Message Found on Login Screen: 
2022-06-20 17:49:03,177 [main] INFO angular.pageobjects.c2ctransfer.C2CTransfers - Trying clicking on C2C Heading
2022-06-20 17:49:03,284 [main] INFO angular.pageobjects.c2ctransfer.C2CTransfers - User clicked C2C Heading Link.
2022-06-20 17:49:03,289 [main] INFO angular.pageobjects.c2ctransfer.C2CTransfers - Trying clicking on C2C Transaction Heading
2022-06-20 17:49:03,489 [main] INFO angular.pageobjects.c2ctransfer.C2CTransfers - User clicked C2C Transaction Heading Link.
2022-06-20 17:49:03,494 [main] INFO angular.feature.C2CBuyRevamp - C2C Heading and Transaction Heading is clicked
2022-06-20 17:49:03,500 [main] INFO angular.pageobjects.c2ctransfer.C2CTransfers - Trying clicking on C2C Single Operation Heading
2022-06-20 17:49:03,624 [main] INFO angular.pageobjects.c2ctransfer.C2CTransfers - User clicked C2C Single Operation Heading.
2022-06-20 17:49:03,629 [main] INFO angular.pageobjects.c2ctransfer.C2CTransfers - Trying clicking on C2C Buy Heading
2022-06-20 17:49:03,873 [main] INFO angular.pageobjects.c2ctransfer.C2CTransfers - User clicked C2C Buy Heading.
2022-06-20 17:49:03,879 [main] INFO angular.pageobjects.c2ctransfer.C2CTransfers - Trying clicking on Etopup
2022-06-20 17:49:04,074 [main] INFO angular.pageobjects.c2ctransfer.C2CTransfers - Clicked Etopup.
2022-06-20 17:49:04,077 [main] INFO angular.pageobjects.c2ctransfer.C2CTransfers - Trying to select C2C Buyer Type
2022-06-20 17:49:04,394 [main] INFO angular.pageobjects.c2ctransfer.C2CTransfers - C2C Buyer Type selected : //ng-select[@id='searchBy']//ng-dropdown-panel[contains(@class,'ng-star-inserted')]//span[text()='Login Id']
2022-06-20 17:49:04,400 [main] INFO angular.pageobjects.c2ctransfer.C2CTransfers - Trying to select Category for C2C 
2022-06-20 17:49:04,645 [main] INFO com.classes.BaseTest - org.openqa.selenium.NoSuchElementException: no such element: Unable to locate element: {"method":"xpath","selector":"//ng-select[@id='categorySelect']//ng-dropdown-panel//span[contains(text(),'Super Distributor')]"}
  (Session info: chrome=102.0.5005.115)
For documentation on this error, please visit: http://seleniumhq.org/exceptions/no_such_element.html
Build info: version: '3.10.0', revision: '176b4a9', time: '2018-03-02T19:03:16.397Z'
System info: host: 'MCKL-20005142', ip: '192.168.1.40', os.name: 'Windows 10', os.arch: 'amd64', os.version: '10.0', java.version: '1.8.0_291'
Driver info: org.openqa.selenium.chrome.ChromeDriver
Capabilities {acceptInsecureCerts: false, browserName: chrome, browserVersion: 102.0.5005.115, chrome: {chromedriverVersion: 102.0.5005.61 (0e59bcc00cc4..., userDataDir: C:\Users\SOURAB~1.AWA\AppDa...}, goog:chromeOptions: {debuggerAddress: localhost:60243}, javascriptEnabled: true, networkConnectionEnabled: false, pageLoadStrategy: normal, platform: WINDOWS, platformName: WINDOWS, proxy: Proxy(), setWindowRect: true, strictFileInteractability: false, timeouts: {implicit: 0, pageLoad: 300000, script: 30000}, unhandledPromptBehavior: dismiss and notify, webauthn:extension:credBlob: true, webauthn:extension:largeBlob: true, webauthn:virtualAuthenticators: true}
Session ID: 1bab47f7b41f2b3fdd7e0468923e6b5b
*** Element info: {Using=xpath, value=//ng-select[@id='categorySelect']//ng-dropdown-panel//span[contains(text(),'Super Distributor')]}
2022-06-20 17:49:25,703 [main] ERROR com.sshmanager.SSHService - Error while getting SSH Server Instance : com.jcraft.jsch.JSchException: java.net.ConnectException: Connection timed out: connect
2022-06-20 17:49:26,239 [main] INFO angular.testscripts.prereuisitesangular.PreRequisite_C2CBuy_Revamp - ------------------ Test Case Execution Started For A_02_Test_C2CTransferLoginBuyerType -------------------
2022-06-20 17:49:26,239 [main] INFO angular.testscripts.prereuisitesangular.PreRequisite_C2CBuy_Revamp - Entered A_02_Test_C2CTransferLoginBuyerType(Agent, Dealer, 9081573214, 2468, Distributor, Super Distributor, SA, 2)
2022-06-20 17:49:26,245 [main] INFO com.dbrepository.OracleRepository - Entered getPreference(SE, NG, MAX_APPROVAL_LEVEL_C2C_TRANSFER)
2022-06-20 17:49:26,251 [main] INFO com.dbrepository.DBConnectionPool - Active Size:0 Cache Size:10
2022-06-20 17:49:26,357 [main] INFO com.dbrepository.OracleRepository - Service Class Preference Not Found
2022-06-20 17:49:26,362 [main] INFO com.dbrepository.OracleRepository - Trying to get Preference value from Control Preferences
2022-06-20 17:49:26,463 [main] INFO com.dbrepository.OracleRepository - Query Repository Returns: DEFAULT_VALUE (3)
2022-06-20 17:49:26,585 [main] INFO com.utils.CommonUtils - Category Code for Agent: AG
2022-06-20 17:49:26,651 [main] INFO com.dbrepository.OracleRepository - Entered webInterface(Agent)
2022-06-20 17:49:26,658 [main] INFO com.dbrepository.DBConnectionPool - Active Size:0 Cache Size:10
2022-06-20 17:49:26,663 [main] INFO com.dbrepository.OracleRepository - webInterface() :: select query: Select WEB_INTERFACE_ALLOWED from categories where category_name= ?
2022-06-20 17:49:26,764 [main] INFO com.dbrepository.OracleRepository - Database Returns: WEB_INTERFACE_ALLOWED (Y)
2022-06-20 17:49:26,767 [main] INFO com.dbrepository.OracleRepository - Exited webInterface()
2022-06-20 17:49:26,772 [main] INFO angular.feature.C2CBuyRevamp - Entered performC2CTransfer(Agent, Dealer, 9081573214, 2468)
2022-06-20 17:49:26,896 [main] INFO angular.classes.LoginRevamp - Login ID Found as: agusernew
2022-06-20 17:49:26,901 [main] INFO angular.classes.LoginRevamp - Password Found as: Com@2468
2022-06-20 17:49:26,906 [main] INFO angular.feature.C2CBuyRevamp - LOGINID : agusernew
2022-06-20 17:49:26,962 [main] INFO angular.classes.LoginRevamp - LoginID found as: agusernew
2022-06-20 17:49:26,967 [main] INFO angular.classes.LoginRevamp - Password found as: Com@2468
2022-06-20 17:49:26,973 [main] INFO angular.classes.LoginRevamp - Username found as: agentuser
2022-06-20 17:49:27,369 [main] INFO angular.pageobjects.loginpages.LoginPageRevamp - Trying to select Language
2022-06-20 17:49:37,681 [main] INFO angular.pageobjects.loginpages.LoginPageRevamp - <b>Language Selector Not Found:</b>
2022-06-20 17:49:37,708 [main] INFO angular.pageobjects.loginpages.LoginPageRevamp - Trying to enter Login ID
2022-06-20 17:49:37,975 [main] INFO angular.pageobjects.loginpages.LoginPageRevamp - Login ID entered successfully as: agusernew
2022-06-20 17:49:37,980 [main] INFO angular.pageobjects.loginpages.LoginPageRevamp - Trying to enter Password
2022-06-20 17:49:38,236 [main] INFO angular.pageobjects.loginpages.LoginPageRevamp - Password entered successfully as: Com@2468
2022-06-20 17:49:38,242 [main] INFO angular.pageobjects.loginpages.LoginPageRevamp - Trying to click Login Button
2022-06-20 17:49:38,415 [main] INFO angular.pageobjects.loginpages.LoginPageRevamp - Login button clicked successfully
2022-06-20 17:49:38,496 [main] INFO angular.pageobjects.loginpages.LoginPageRevamp - Error Message Found on Login Screen: 
2022-06-20 17:49:47,126 [main] INFO angular.pageobjects.c2ctransfer.C2CTransfers - Trying clicking on C2C Heading
2022-06-20 17:49:47,293 [main] INFO angular.pageobjects.c2ctransfer.C2CTransfers - User clicked C2C Heading Link.
2022-06-20 17:49:47,298 [main] INFO angular.pageobjects.c2ctransfer.C2CTransfers - Trying clicking on C2C Transaction Heading
2022-06-20 17:49:47,478 [main] INFO angular.pageobjects.c2ctransfer.C2CTransfers - User clicked C2C Transaction Heading Link.
2022-06-20 17:49:47,485 [main] INFO angular.feature.C2CBuyRevamp - C2C Heading and Transaction Heading is clicked
2022-06-20 17:49:47,490 [main] INFO angular.pageobjects.c2ctransfer.C2CTransfers - Trying clicking on C2C Single Operation Heading
2022-06-20 17:49:47,632 [main] INFO angular.pageobjects.c2ctransfer.C2CTransfers - User clicked C2C Single Operation Heading.
2022-06-20 17:49:47,637 [main] INFO angular.pageobjects.c2ctransfer.C2CTransfers - Trying clicking on C2C Buy Heading
2022-06-20 17:49:47,864 [main] INFO angular.pageobjects.c2ctransfer.C2CTransfers - User clicked C2C Buy Heading.
2022-06-20 17:49:47,870 [main] INFO angular.pageobjects.c2ctransfer.C2CTransfers - Trying clicking on Etopup
2022-06-20 17:49:48,030 [main] INFO angular.pageobjects.c2ctransfer.C2CTransfers - Clicked Etopup.
2022-06-20 17:49:48,037 [main] INFO angular.pageobjects.c2ctransfer.C2CTransfers - Trying to select C2C Buyer Type
2022-06-20 17:49:48,274 [main] INFO angular.pageobjects.c2ctransfer.C2CTransfers - C2C Buyer Type selected : //ng-select[@id='searchBy']//ng-dropdown-panel[contains(@class,'ng-star-inserted')]//span[text()='Login Id']
2022-06-20 17:49:48,279 [main] INFO angular.pageobjects.c2ctransfer.C2CTransfers - Trying to select Category for C2C 
2022-06-20 17:49:48,548 [main] INFO angular.pageobjects.c2ctransfer.C2CTransfers - Selected category : Dealer
2022-06-20 17:49:48,554 [main] INFO com.dbrepository.OracleRepository - Entered getLoginidFromMsisdn(9081573214)
2022-06-20 17:49:48,559 [main] INFO com.dbrepository.DBConnectionPool - Active Size:0 Cache Size:10
2022-06-20 17:49:48,564 [main] INFO com.dbrepository.OracleRepository - getLoginidFromMsisdn() :: select query: select LOGIN_ID from USERS where MSISDN = ?
2022-06-20 17:49:49,247 [main] INFO com.dbrepository.OracleRepository - Database Returns: user_Name (9081573214)
2022-06-20 17:49:49,252 [main] INFO com.dbrepository.OracleRepository - Exiting getLoginidFromMsisdn()
2022-06-20 17:49:49,256 [main] INFO angular.pageobjects.c2ctransfer.C2CTransfers - Trying to enter Loginid for LOGINID Buyer Type
2022-06-20 17:49:49,432 [main] INFO angular.pageobjects.c2ctransfer.C2CTransfers - Enter Loginid for LOGINID Buyer Type
2022-06-20 17:49:50,438 [main] INFO angular.pageobjects.c2ctransfer.C2CTransfers - Trying clicking on PROCEED button on C2C
2022-06-20 17:50:00,587 [main] INFO angular.pageobjects.c2ctransfer.C2CTransfers - Clicked PROCEED button on C2C.
2022-06-20 17:50:00,615 [main] INFO angular.pageobjects.c2ctransfer.C2CTransfers - Trying to initiate C2C Topups
