2023-06-30 12:23:44,695 [main] INFO com.classes.BaseTest - Loading all methods from -masterVO class
2023-06-30 12:23:44,699 [main] INFO com.utils._masterVO - Loading Properties file from: .//src//test//resources//sysconfig//Constant.properties
2023-06-30 12:23:44,704 [main] INFO com.utils._masterVO - Properties File Loaded successfully
2023-06-30 12:23:44,705 [main] INFO com.utils._masterVO - Loading Master Sheet from: src//test//resources//config//DataProvider.xlsx
2023-06-30 12:23:45,489 [main] INFO com.utils._masterVO - Master Sheet Loaded successfully
2023-06-30 12:23:45,491 [main] INFO com.utils._masterVO - Loading Client Library for Client Versioning from: .//src//test//resources//sysconfig//ClientLib.properties
2023-06-30 12:23:45,503 [main] INFO com.utils._masterVO - Client Library Loaded successfully
2023-06-30 12:23:45,876 [main] INFO com.utils._masterVO - loadGeoDomains Map returns ::ZO - AUTbKlI - AUToKa1C
2023-06-30 12:23:45,999 [main] INFO com.utils._masterVO - loadGeoDomains Map returns ::AR - AUT7dba - AUT63dCN
2023-06-30 12:23:46,105 [main] INFO com.utils._masterVO - loadGeoDomains Map returns ::SA - AUTO2Fm - AUTNelnh
2023-06-30 12:23:46,519 [main] INFO com.utils._masterVO - Loading test case file file from: .//src//test//resources//sysconfig//testCaseFile.properties
2023-06-30 12:23:46,540 [main] INFO com.utils._masterVO - Test cases file Loaded successfully
2023-06-30 12:23:46,541 [main] INFO com.utils._masterVO - Loading Web Cases Master file from: .//src//test//resources//config//testCaseFile.properties
2023-06-30 12:23:46,557 [main] INFO com.utils._masterVO - Gateway Cases Master File Loaded successfully
2023-06-30 12:23:46,611 [main] INFO com.dbrepository.DBHandler - Entered Access Handler :: PostGreSQL
2023-06-30 12:23:46,626 [main] INFO com.commons.CacheController - New Cache DAO Loaded :: UPDATECACHE_VER = 1
2023-06-30 12:23:46,672 [MLog-Init-Reporter] INFO com.mchange.v2.log.MLog - MLog clients using log4j logging.
2023-06-30 12:23:46,801 [main] INFO com.mchange.v2.c3p0.C3P0Registry - Initializing c3p0-0.9.5.2 [built 08-December-2015 22:06:04 -0800; debug? true; trace: 10]
2023-06-30 12:23:46,878 [main] INFO com.mchange.v2.c3p0.impl.AbstractPoolBackedDataSource - Initializing c3p0 pool... com.mchange.v2.c3p0.ComboPooledDataSource [ acquireIncrement -> 5, acquireRetryAttempts -> 30, acquireRetryDelay -> 1000, autoCommitOnClose -> false, automaticTestTable -> null, breakAfterAcquireFailure -> false, checkoutTimeout -> 0, connectionCustomizerClassName -> null, connectionTesterClassName -> com.mchange.v2.c3p0.impl.DefaultConnectionTester, contextClassLoaderSource -> caller, dataSourceName -> 1br1d7eax32o1g386csnn|3932c79a, debugUnreturnedConnectionStackTraces -> false, description -> null, driverClass -> org.postgresql.Driver, extensions -> {}, factoryClassLocation -> null, forceIgnoreUnresolvedTransactions -> false, forceSynchronousCheckins -> false, forceUseNamedDriverClass -> false, identityToken -> 1br1d7eax32o1g386csnn|3932c79a, idleConnectionTestPeriod -> 0, initialPoolSize -> 10, jdbcUrl -> jdbc:postgresql://172.30.38.120:5432/pretups_trunk_dev, maxAdministrativeTaskTime -> 0, maxConnectionAge -> 0, maxIdleTime -> 0, maxIdleTimeExcessConnections -> 0, maxPoolSize -> 20, maxStatements -> 0, maxStatementsPerConnection -> 0, minPoolSize -> 10, numHelperThreads -> 3, preferredTestQuery -> null, privilegeSpawnedThreads -> false, properties -> {user=******, password=******}, propertyCycle -> 0, statementCacheNumDeferredCloseThreads -> 0, testConnectionOnCheckin -> false, testConnectionOnCheckout -> false, unreturnedConnectionTimeout -> 0, userOverrides -> {}, usesTraditionalReflectiveProxies -> false ]
2023-06-30 12:23:47,289 [main] INFO com.dbrepository.PostGreSQLRepository - Entered :: getNetworkName()
2023-06-30 12:23:47,333 [main] INFO com.dbrepository.PostGreSQLRepository - Query Repository Returns: Network Name (Network GGN)
2023-06-30 12:23:47,334 [main] INFO com.dbrepository.PostGreSQLRepository - Entered :: getSystemPreference(AMOUNT_MULT_FACTOR)
2023-06-30 12:23:47,335 [main] INFO com.dbrepository.DBConnectionPool - Active Size:1 Cache Size:2
2023-06-30 12:23:47,377 [main] INFO com.dbrepository.PostGreSQLRepository - Query Repository Returns: DEFAULT_VALUE (100)
2023-06-30 12:23:47,379 [main] INFO com.dbrepository.PostGreSQLRepository - Entered :: getSystemPreference(MSISDN_PREFIX_LENGTH)
2023-06-30 12:23:47,380 [main] INFO com.dbrepository.DBConnectionPool - Active Size:2 Cache Size:1
2023-06-30 12:23:47,420 [main] INFO com.dbrepository.PostGreSQLRepository - Query Repository Returns: DEFAULT_VALUE (2)
2023-06-30 12:23:47,422 [main] INFO com.dbrepository.PostGreSQLRepository - Entered :: getSystemPreference(MAX_MSISDN_LENGTH)
2023-06-30 12:23:47,422 [main] INFO com.dbrepository.DBConnectionPool - Active Size:3 Cache Size:0
2023-06-30 12:23:47,516 [main] INFO com.dbrepository.PostGreSQLRepository - Query Repository Returns: DEFAULT_VALUE (15)
2023-06-30 12:23:47,519 [main] INFO com.dbrepository.PostGreSQLRepository - Entered :: getSystemPreference(USER_PRODUCT_MULTIPLE_WALLET)
2023-06-30 12:23:47,520 [main] INFO com.dbrepository.DBConnectionPool - Active Size:4 Cache Size:2
2023-06-30 12:23:47,560 [main] INFO com.dbrepository.PostGreSQLRepository - Query Repository Returns: DEFAULT_VALUE (false)
2023-06-30 12:23:47,561 [main] INFO com.dbrepository.PostGreSQLRepository - Entered :: getSystemPreference(EXTERNAL_DATE_FORMAT)
2023-06-30 12:23:47,562 [main] INFO com.dbrepository.DBConnectionPool - Active Size:5 Cache Size:1
2023-06-30 12:23:47,603 [main] INFO com.dbrepository.PostGreSQLRepository - Query Repository Returns: DEFAULT_VALUE (dd/MM/yyyy)
2023-06-30 12:23:47,604 [main] INFO com.dbrepository.PostGreSQLRepository - Entered :: getSystemPreference(DATE_FORMAT_CAL_JAVA)
2023-06-30 12:23:47,605 [main] INFO com.dbrepository.DBConnectionPool - Active Size:6 Cache Size:0
2023-06-30 12:23:47,707 [main] INFO com.dbrepository.PostGreSQLRepository - Query Repository Returns: DEFAULT_VALUE (dd/MM/yyyy)
2023-06-30 12:23:47,708 [main] INFO com.dbrepository.PostGreSQLRepository - Entered :: getSystemPreference(OTH_COM_CHNL)
2023-06-30 12:23:47,710 [main] INFO com.dbrepository.DBConnectionPool - Active Size:0 Cache Size:9
2023-06-30 12:23:47,748 [main] INFO com.dbrepository.PostGreSQLRepository - Query Repository Returns: DEFAULT_VALUE (false)
2023-06-30 12:23:47,749 [main] INFO com.dbrepository.PostGreSQLRepository - Entered :: getSystemPreference(DW_ALLOWED_GATEWAYS)
2023-06-30 12:23:47,750 [main] INFO com.dbrepository.DBConnectionPool - Active Size:0 Cache Size:9
2023-06-30 12:23:47,789 [main] INFO com.dbrepository.PostGreSQLRepository - Query Repository Returns: DEFAULT_VALUE (EXTGW,DWEXTGW)
2023-06-30 12:23:47,790 [main] INFO com.dbrepository.PostGreSQLRepository - Entered :: getSystemPreference(DEFAULT_LANGUAGE)
2023-06-30 12:23:47,791 [main] INFO com.dbrepository.DBConnectionPool - Active Size:0 Cache Size:9
2023-06-30 12:23:47,831 [main] INFO com.dbrepository.PostGreSQLRepository - Query Repository Returns: DEFAULT_VALUE (en)
2023-06-30 12:23:47,832 [main] INFO com.dbrepository.PostGreSQLRepository - Entered :: getSystemPreference(DEFAULT_COUNTRY)
2023-06-30 12:23:47,833 [main] INFO com.dbrepository.DBConnectionPool - Active Size:0 Cache Size:9
2023-06-30 12:23:47,873 [main] INFO com.dbrepository.PostGreSQLRepository - Query Repository Returns: DEFAULT_VALUE (US)
2023-06-30 12:23:47,874 [main] INFO com.utils._masterVO - Display Locale set to: en_US
2023-06-30 12:23:49,885 [main] INFO com.sshmanager.SSHService - Exiting getFileFromSFTP()
2023-06-30 12:23:50,475 [main] INFO com.sshmanager.SSHService - Exiting getFileFromSFTP()
2023-06-30 12:23:50,476 [main] INFO com.utils._masterVO - Loading Messages Resource properties File from: .//src//test//resources//sysconfig//English.properties
2023-06-30 12:23:50,506 [main] INFO com.utils._masterVO - Messages Resource Properties file Loaded successfully
2023-06-30 12:23:50,507 [main] INFO com.utils._masterVO - Loading Messages Resource properties File from: .//src//test//resources//sysconfig//C2S_English.properties
2023-06-30 12:23:50,520 [main] INFO com.utils._masterVO - Messages Resource Properties file Loaded successfully
2023-06-30 12:23:50,561 [main] INFO com.sshmanager.SSHService - Executing: grep '^[^#]' /data1/pretupsapp/tomcat9_pgdev/conf/pretups/LogConfig.props|grep '^log4j.appender.OneLineTXNLogC2S.File[ =]'|cut -d'=' -f2|sed 's/^[ 	]*//;s/[ 	]*$//'
2023-06-30 12:23:50,682 [main] INFO com.sshmanager.SSHService - Channel Exit Status: 0
2023-06-30 12:23:50,684 [main] INFO com.sshmanager.SSHService - Executing: grep '^[^#]' /data1/pretupsapp/tomcat9_pgdev/conf/pretups/LogConfig.props|grep '^log4j.appender.ChannelRequestDailyLog.File[ =]'|cut -d'=' -f2|sed 's/^[ 	]*//;s/[ 	]*$//'
2023-06-30 12:23:50,802 [main] INFO com.sshmanager.SSHService - Channel Exit Status: 0
2023-06-30 12:23:50,803 [main] INFO com.classes.BaseTest - Completed loading all methods from -masterVO class
2023-06-30 12:25:22,554 [main] INFO angular.testscripts.prereuisitesangular.NetworkProductMapping_TestScript - DataNetwork Admin
2023-06-30 12:25:22,566 [main] INFO angular.testscripts.prereuisitesangular.NetworkProductMapping_TestScript - Databtnadm
2023-06-30 12:25:22,567 [main] INFO angular.testscripts.prereuisitesangular.NetworkProductMapping_TestScript - DataCom@1111
2023-06-30 12:25:22,569 [main] INFO angular.testscripts.prereuisitesangular.NetworkProductMapping_TestScript - Value of k0
2023-06-30 12:25:22,579 [main] INFO angular.testscripts.prereuisitesangular.NetworkProductMapping_TestScript - ------------------ Test Case Execution Started For A_01_Test_CheckResetButton -------------------
2023-06-30 12:25:22,579 [main] INFO angular.testscripts.prereuisitesangular.NetworkProductMapping_TestScript - Entered A_01_Test_CheckResetButton(Network Admin, btnadm, Com@1111)
2023-06-30 12:25:22,980 [main] INFO angular.pageobjects.loginpages.LoginPageRevamp - Trying to select Language
2023-06-30 12:25:23,949 [main] INFO angular.pageobjects.loginpages.LoginPageRevamp - Language selected successfully as: English
2023-06-30 12:25:23,951 [main] INFO angular.pageobjects.loginpages.LoginPageRevamp - Trying to enter Login ID
2023-06-30 12:25:24,146 [main] INFO angular.pageobjects.loginpages.LoginPageRevamp - Login ID entered successfully as: btnadm
2023-06-30 12:25:24,148 [main] INFO angular.pageobjects.loginpages.LoginPageRevamp - Trying to enter Password
2023-06-30 12:25:24,288 [main] INFO angular.pageobjects.loginpages.LoginPageRevamp - Password entered successfully as: Com@1111
2023-06-30 12:25:24,289 [main] INFO angular.pageobjects.loginpages.LoginPageRevamp - Trying to click Login Button
2023-06-30 12:25:24,383 [main] INFO angular.pageobjects.loginpages.LoginPageRevamp - Login button clicked successfully
2023-06-30 12:25:24,441 [main] INFO angular.pageobjects.loginpages.LoginPageRevamp - Error Message Found on Login Screen: 
2023-06-30 12:25:24,443 [main] INFO angular.pageobjects.NetworkProductMapping - Trying to click on eTopUp tab
2023-06-30 12:25:24,444 [main] INFO angular.pageobjects.NetworkProductMapping - Checking visibility of eTopUp Tab
2023-06-30 12:25:32,047 [main] INFO angular.pageobjects.NetworkProductMapping - eTopUp tab is visible
2023-06-30 12:25:32,125 [main] INFO angular.pageobjects.NetworkProductMapping - Clicked on eTopUp tab
2023-06-30 12:25:32,127 [main] INFO angular.pageobjects.NetworkProductMapping - Checking visibility of Network Product Mapping Link
2023-06-30 12:25:32,183 [main] INFO angular.pageobjects.NetworkProductMapping - Network Product Mapping link is vsisble
2023-06-30 12:25:32,263 [main] INFO angular.pageobjects.NetworkProductMapping - Clicked on Network Product mapping
2023-06-30 12:25:32,265 [main] INFO angular.pageobjects.NetworkProductMapping - Trying to click on Status dropdown
2023-06-30 12:25:32,286 [main] INFO com.classes.BaseTest - org.openqa.selenium.NoSuchElementException: no such element: Unable to locate element: {"method":"xpath","selector":"(//td[@id='status']//span[contains(@class,'ng-arrow-wrapper')])[1]"}
  (Session info: chrome=114.0.5735.199)
For documentation on this error, please visit: http://seleniumhq.org/exceptions/no_such_element.html
Build info: version: '3.10.0', revision: '176b4a9', time: '2018-03-02T19:03:16.397Z'
System info: host: 'MCKL-20005142', ip: '172.25.16.26', os.name: 'Windows 10', os.arch: 'amd64', os.version: '10.0', java.version: '1.8.0_291'
Driver info: org.openqa.selenium.chrome.ChromeDriver
Capabilities {acceptInsecureCerts: false, browserName: chrome, browserVersion: 114.0.5735.199, chrome: {chromedriverVersion: 114.0.5735.90 (386bc09e8f4f..., userDataDir: C:\Users\SOURAB~1.AWA\AppDa...}, goog:chromeOptions: {debuggerAddress: localhost:61282}, javascriptEnabled: true, networkConnectionEnabled: false, pageLoadStrategy: normal, platform: WINDOWS, platformName: WINDOWS, proxy: Proxy(), setWindowRect: true, strictFileInteractability: false, timeouts: {implicit: 0, pageLoad: 300000, script: 30000}, unhandledPromptBehavior: dismiss and notify, webauthn:extension:credBlob: true, webauthn:extension:largeBlob: true, webauthn:extension:minPinLength: true, webauthn:extension:prf: true, webauthn:virtualAuthenticators: true}
Session ID: 0047c335b4cd2cd6eceff76ca222d575
*** Element info: {Using=xpath, value=(//td[@id='status']//span[contains(@class,'ng-arrow-wrapper')])[1]}
2023-06-30 12:25:32,329 [main] INFO com.sshmanager.SSHService - Executing: tail -n 1000 /data1/pretupsapp/tomcat9_pgdev/logs/catalina.out

2023-06-30 12:25:33,710 [main] INFO com.sshmanager.SSHService - Channel Exit Status: 0
2023-06-30 12:25:34,543 [main] INFO angular.testscripts.prereuisitesangular.NetworkProductMapping_TestScript - DataNetwork Admin
2023-06-30 12:25:34,545 [main] INFO angular.testscripts.prereuisitesangular.NetworkProductMapping_TestScript - Databtnadm
2023-06-30 12:25:34,547 [main] INFO angular.testscripts.prereuisitesangular.NetworkProductMapping_TestScript - DataCom@1111
2023-06-30 12:25:34,549 [main] INFO angular.testscripts.prereuisitesangular.NetworkProductMapping_TestScript - Value of k0
2023-06-30 12:25:34,552 [main] INFO angular.testscripts.prereuisitesangular.NetworkProductMapping_TestScript - ------------------ Test Case Execution Started For A_01_Test_Modify_Usage -------------------
2023-06-30 12:25:34,552 [main] INFO angular.testscripts.prereuisitesangular.NetworkProductMapping_TestScript - Entered A_01_Test_Modify_Usage(Network Admin, btnadm, Com@1111)
2023-06-30 12:25:34,815 [main] INFO angular.pageobjects.loginpages.LoginPageRevamp - Trying to select Language
2023-06-30 12:25:35,233 [main] INFO angular.pageobjects.loginpages.LoginPageRevamp - Language selected successfully as: English
2023-06-30 12:25:35,236 [main] INFO angular.pageobjects.loginpages.LoginPageRevamp - Trying to enter Login ID
2023-06-30 12:25:35,385 [main] INFO angular.pageobjects.loginpages.LoginPageRevamp - Login ID entered successfully as: btnadm
2023-06-30 12:25:35,386 [main] INFO angular.pageobjects.loginpages.LoginPageRevamp - Trying to enter Password
2023-06-30 12:25:35,529 [main] INFO angular.pageobjects.loginpages.LoginPageRevamp - Password entered successfully as: Com@1111
2023-06-30 12:25:35,530 [main] INFO angular.pageobjects.loginpages.LoginPageRevamp - Trying to click Login Button
2023-06-30 12:25:35,623 [main] INFO angular.pageobjects.loginpages.LoginPageRevamp - Login button clicked successfully
2023-06-30 12:25:35,660 [main] INFO angular.pageobjects.loginpages.LoginPageRevamp - Error Message Found on Login Screen: 
2023-06-30 12:25:35,661 [main] INFO angular.pageobjects.NetworkProductMapping - Trying to click on eTopUp tab
2023-06-30 12:25:35,662 [main] INFO angular.pageobjects.NetworkProductMapping - Checking visibility of eTopUp Tab
2023-06-30 12:25:42,117 [main] INFO angular.pageobjects.NetworkProductMapping - eTopUp tab is visible
2023-06-30 12:25:42,186 [main] INFO angular.pageobjects.NetworkProductMapping - Clicked on eTopUp tab
2023-06-30 12:25:42,188 [main] INFO angular.pageobjects.NetworkProductMapping - Checking visibility of Network Product Mapping Link
2023-06-30 12:25:42,239 [main] INFO angular.pageobjects.NetworkProductMapping - Network Product Mapping link is vsisble
2023-06-30 12:25:42,307 [main] INFO angular.pageobjects.NetworkProductMapping - Clicked on Network Product mapping
2023-06-30 12:25:42,309 [main] INFO angular.pageobjects.NetworkProductMapping - Trying to click on Usage Dropdown
2023-06-30 12:25:43,062 [main] INFO angular.pageobjects.NetworkProductMapping - Clicked on  Usage Dropdown
2023-06-30 12:25:43,064 [main] INFO angular.pageobjects.NetworkProductMapping - Trying to fect data in Usage Dropdown
2023-06-30 12:25:43,108 [main] INFO angular.pageobjects.NetworkProductMapping - Data present in the Usage field is : Both
2023-06-30 12:25:44,224 [main] INFO com.classes.BaseTest - org.openqa.selenium.ElementClickInterceptedException: element click intercepted: Element <span class="ng-value-label ng-star-inserted" ng-reflect-ng-item-label="..." ng-reflect-escape="false">Both</span> is not clickable at point (901, 257). Other element would receive the click: <div class="ng-input">...</div>
  (Session info: chrome=114.0.5735.199)
Build info: version: '3.10.0', revision: '176b4a9', time: '2018-03-02T19:03:16.397Z'
System info: host: 'MCKL-20005142', ip: '172.25.16.26', os.name: 'Windows 10', os.arch: 'amd64', os.version: '10.0', java.version: '1.8.0_291'
Driver info: org.openqa.selenium.chrome.ChromeDriver
Capabilities {acceptInsecureCerts: false, browserName: chrome, browserVersion: 114.0.5735.199, chrome: {chromedriverVersion: 114.0.5735.90 (386bc09e8f4f..., userDataDir: C:\Users\SOURAB~1.AWA\AppDa...}, goog:chromeOptions: {debuggerAddress: localhost:61282}, javascriptEnabled: true, networkConnectionEnabled: false, pageLoadStrategy: normal, platform: WINDOWS, platformName: WINDOWS, proxy: Proxy(), setWindowRect: true, strictFileInteractability: false, timeouts: {implicit: 0, pageLoad: 300000, script: 30000}, unhandledPromptBehavior: dismiss and notify, webauthn:extension:credBlob: true, webauthn:extension:largeBlob: true, webauthn:extension:minPinLength: true, webauthn:extension:prf: true, webauthn:virtualAuthenticators: true}
Session ID: 0047c335b4cd2cd6eceff76ca222d575
2023-06-30 12:25:44,295 [main] INFO com.sshmanager.SSHService - Executing: tail -n 1000 /data1/pretupsapp/tomcat9_pgdev/logs/catalina.out

2023-06-30 12:25:44,588 [main] INFO com.sshmanager.SSHService - Channel Exit Status: 0
2023-06-30 12:25:44,950 [main] INFO angular.testscripts.prereuisitesangular.NetworkProductMapping_TestScript - DataNetwork Admin
2023-06-30 12:25:44,952 [main] INFO angular.testscripts.prereuisitesangular.NetworkProductMapping_TestScript - Databtnadm
2023-06-30 12:25:44,954 [main] INFO angular.testscripts.prereuisitesangular.NetworkProductMapping_TestScript - DataCom@1111
2023-06-30 12:25:44,956 [main] INFO angular.testscripts.prereuisitesangular.NetworkProductMapping_TestScript - Value of k0
2023-06-30 12:25:44,959 [main] INFO angular.testscripts.prereuisitesangular.NetworkProductMapping_TestScript - ------------------ Test Case Execution Started For A_01_Test_modify_AlertingBalance -------------------
2023-06-30 12:25:44,959 [main] INFO angular.testscripts.prereuisitesangular.NetworkProductMapping_TestScript - Entered A_01_Test_modify_AlertingBalance(Network Admin, btnadm, Com@1111)
2023-06-30 12:25:45,305 [main] INFO angular.pageobjects.loginpages.LoginPageRevamp - Trying to select Language
2023-06-30 12:25:45,667 [main] INFO angular.pageobjects.loginpages.LoginPageRevamp - Language selected successfully as: English
2023-06-30 12:25:45,668 [main] INFO angular.pageobjects.loginpages.LoginPageRevamp - Trying to enter Login ID
2023-06-30 12:25:45,809 [main] INFO angular.pageobjects.loginpages.LoginPageRevamp - Login ID entered successfully as: btnadm
2023-06-30 12:25:45,811 [main] INFO angular.pageobjects.loginpages.LoginPageRevamp - Trying to enter Password
2023-06-30 12:25:45,952 [main] INFO angular.pageobjects.loginpages.LoginPageRevamp - Password entered successfully as: Com@1111
2023-06-30 12:25:45,954 [main] INFO angular.pageobjects.loginpages.LoginPageRevamp - Trying to click Login Button
2023-06-30 12:25:46,043 [main] INFO angular.pageobjects.loginpages.LoginPageRevamp - Login button clicked successfully
2023-06-30 12:25:46,080 [main] INFO angular.pageobjects.loginpages.LoginPageRevamp - Error Message Found on Login Screen: 
2023-06-30 12:25:46,081 [main] INFO angular.pageobjects.NetworkProductMapping - Trying to click on eTopUp tab
2023-06-30 12:25:46,082 [main] INFO angular.pageobjects.NetworkProductMapping - Checking visibility of eTopUp Tab
2023-06-30 12:25:52,133 [main] INFO angular.pageobjects.NetworkProductMapping - eTopUp tab is visible
2023-06-30 12:25:52,205 [main] INFO angular.pageobjects.NetworkProductMapping - Clicked on eTopUp tab
2023-06-30 12:25:52,206 [main] INFO angular.pageobjects.NetworkProductMapping - Checking visibility of Network Product Mapping Link
2023-06-30 12:25:52,243 [main] INFO angular.pageobjects.NetworkProductMapping - Network Product Mapping link is vsisble
2023-06-30 12:25:52,329 [main] INFO angular.pageobjects.NetworkProductMapping - Clicked on Network Product mapping
2023-06-30 12:25:52,331 [main] INFO angular.pageobjects.NetworkProductMapping - Trying to click on Alerting Balance field
2023-06-30 12:25:52,360 [main] INFO com.classes.BaseTest - org.openqa.selenium.NoSuchElementException: no such element: Unable to locate element: {"method":"xpath","selector":"(//td//input[@id='alertingBalance'])[1]"}
  (Session info: chrome=114.0.5735.199)
For documentation on this error, please visit: http://seleniumhq.org/exceptions/no_such_element.html
Build info: version: '3.10.0', revision: '176b4a9', time: '2018-03-02T19:03:16.397Z'
System info: host: 'MCKL-20005142', ip: '172.25.16.26', os.name: 'Windows 10', os.arch: 'amd64', os.version: '10.0', java.version: '1.8.0_291'
Driver info: org.openqa.selenium.chrome.ChromeDriver
Capabilities {acceptInsecureCerts: false, browserName: chrome, browserVersion: 114.0.5735.199, chrome: {chromedriverVersion: 114.0.5735.90 (386bc09e8f4f..., userDataDir: C:\Users\SOURAB~1.AWA\AppDa...}, goog:chromeOptions: {debuggerAddress: localhost:61282}, javascriptEnabled: true, networkConnectionEnabled: false, pageLoadStrategy: normal, platform: WINDOWS, platformName: WINDOWS, proxy: Proxy(), setWindowRect: true, strictFileInteractability: false, timeouts: {implicit: 0, pageLoad: 300000, script: 30000}, unhandledPromptBehavior: dismiss and notify, webauthn:extension:credBlob: true, webauthn:extension:largeBlob: true, webauthn:extension:minPinLength: true, webauthn:extension:prf: true, webauthn:virtualAuthenticators: true}
Session ID: 0047c335b4cd2cd6eceff76ca222d575
*** Element info: {Using=xpath, value=(//td//input[@id='alertingBalance'])[1]}
2023-06-30 12:25:52,402 [main] INFO com.sshmanager.SSHService - Executing: tail -n 1000 /data1/pretupsapp/tomcat9_pgdev/logs/catalina.out

2023-06-30 12:25:52,659 [main] INFO com.sshmanager.SSHService - Channel Exit Status: 0
2023-06-30 12:25:53,043 [main] INFO angular.testscripts.prereuisitesangular.NetworkProductMapping_TestScript - DataNetwork Admin
2023-06-30 12:25:53,044 [main] INFO angular.testscripts.prereuisitesangular.NetworkProductMapping_TestScript - Databtnadm
2023-06-30 12:25:53,046 [main] INFO angular.testscripts.prereuisitesangular.NetworkProductMapping_TestScript - DataCom@1111
2023-06-30 12:25:53,048 [main] INFO angular.testscripts.prereuisitesangular.NetworkProductMapping_TestScript - Value of k0
2023-06-30 12:25:53,050 [main] INFO angular.testscripts.prereuisitesangular.NetworkProductMapping_TestScript - ------------------ Test Case Execution Started For A_01_Test_modify_Language1 -------------------
2023-06-30 12:25:53,051 [main] INFO angular.testscripts.prereuisitesangular.NetworkProductMapping_TestScript - Entered A_01_Test_modify_Language1(Network Admin, btnadm, Com@1111)
2023-06-30 12:25:53,312 [main] INFO angular.pageobjects.loginpages.LoginPageRevamp - Trying to select Language
2023-06-30 12:25:53,602 [main] INFO angular.pageobjects.loginpages.LoginPageRevamp - Language selected successfully as: English
2023-06-30 12:25:53,604 [main] INFO angular.pageobjects.loginpages.LoginPageRevamp - Trying to enter Login ID
2023-06-30 12:25:53,739 [main] INFO angular.pageobjects.loginpages.LoginPageRevamp - Login ID entered successfully as: btnadm
2023-06-30 12:25:53,741 [main] INFO angular.pageobjects.loginpages.LoginPageRevamp - Trying to enter Password
2023-06-30 12:25:53,886 [main] INFO angular.pageobjects.loginpages.LoginPageRevamp - Password entered successfully as: Com@1111
2023-06-30 12:25:53,887 [main] INFO angular.pageobjects.loginpages.LoginPageRevamp - Trying to click Login Button
2023-06-30 12:25:53,965 [main] INFO angular.pageobjects.loginpages.LoginPageRevamp - Login button clicked successfully
2023-06-30 12:25:54,017 [main] INFO angular.pageobjects.loginpages.LoginPageRevamp - Error Message Found on Login Screen: 
2023-06-30 12:25:54,018 [main] INFO angular.pageobjects.NetworkProductMapping - Trying to click on eTopUp tab
2023-06-30 12:25:54,019 [main] INFO angular.pageobjects.NetworkProductMapping - Checking visibility of eTopUp Tab
2023-06-30 12:26:00,037 [main] INFO angular.pageobjects.NetworkProductMapping - eTopUp tab is visible
2023-06-30 12:26:00,096 [main] INFO angular.pageobjects.NetworkProductMapping - Clicked on eTopUp tab
2023-06-30 12:26:00,097 [main] INFO angular.pageobjects.NetworkProductMapping - Checking visibility of Network Product Mapping Link
2023-06-30 12:26:00,134 [main] INFO angular.pageobjects.NetworkProductMapping - Network Product Mapping link is vsisble
2023-06-30 12:26:00,233 [main] INFO angular.pageobjects.NetworkProductMapping - Clicked on Network Product mapping
2023-06-30 12:26:00,234 [main] INFO angular.pageobjects.NetworkProductMapping - Trying to click on Language1message field
2023-06-30 12:26:00,340 [main] INFO com.classes.BaseTest - org.openqa.selenium.NoSuchElementException: no such element: Unable to locate element: {"method":"xpath","selector":"(//td[@id='language1Message'])[1]"}
  (Session info: chrome=114.0.5735.199)
For documentation on this error, please visit: http://seleniumhq.org/exceptions/no_such_element.html
Build info: version: '3.10.0', revision: '176b4a9', time: '2018-03-02T19:03:16.397Z'
System info: host: 'MCKL-20005142', ip: '172.25.16.26', os.name: 'Windows 10', os.arch: 'amd64', os.version: '10.0', java.version: '1.8.0_291'
Driver info: org.openqa.selenium.chrome.ChromeDriver
Capabilities {acceptInsecureCerts: false, browserName: chrome, browserVersion: 114.0.5735.199, chrome: {chromedriverVersion: 114.0.5735.90 (386bc09e8f4f..., userDataDir: C:\Users\SOURAB~1.AWA\AppDa...}, goog:chromeOptions: {debuggerAddress: localhost:61282}, javascriptEnabled: true, networkConnectionEnabled: false, pageLoadStrategy: normal, platform: WINDOWS, platformName: WINDOWS, proxy: Proxy(), setWindowRect: true, strictFileInteractability: false, timeouts: {implicit: 0, pageLoad: 300000, script: 30000}, unhandledPromptBehavior: dismiss and notify, webauthn:extension:credBlob: true, webauthn:extension:largeBlob: true, webauthn:extension:minPinLength: true, webauthn:extension:prf: true, webauthn:virtualAuthenticators: true}
Session ID: 0047c335b4cd2cd6eceff76ca222d575
*** Element info: {Using=xpath, value=(//td[@id='language1Message'])[1]}
2023-06-30 12:26:00,382 [main] INFO com.sshmanager.SSHService - Executing: tail -n 1000 /data1/pretupsapp/tomcat9_pgdev/logs/catalina.out

2023-06-30 12:26:00,617 [main] INFO com.sshmanager.SSHService - Channel Exit Status: 0
2023-06-30 12:26:00,998 [main] INFO angular.testscripts.prereuisitesangular.NetworkProductMapping_TestScript - DataNetwork Admin
2023-06-30 12:26:01,000 [main] INFO angular.testscripts.prereuisitesangular.NetworkProductMapping_TestScript - Databtnadm
2023-06-30 12:26:01,002 [main] INFO angular.testscripts.prereuisitesangular.NetworkProductMapping_TestScript - DataCom@1111
2023-06-30 12:26:01,004 [main] INFO angular.testscripts.prereuisitesangular.NetworkProductMapping_TestScript - Value of k0
2023-06-30 12:26:01,007 [main] INFO angular.testscripts.prereuisitesangular.NetworkProductMapping_TestScript - ------------------ Test Case Execution Started For A_02_Test_Modify_Status -------------------
2023-06-30 12:26:01,007 [main] INFO angular.testscripts.prereuisitesangular.NetworkProductMapping_TestScript - Entered A_02_Test_Modify_Status(Network Admin, btnadm, Com@1111)
2023-06-30 12:26:01,275 [main] INFO angular.pageobjects.loginpages.LoginPageRevamp - Trying to select Language
2023-06-30 12:26:01,592 [main] INFO angular.pageobjects.loginpages.LoginPageRevamp - Language selected successfully as: English
2023-06-30 12:26:01,594 [main] INFO angular.pageobjects.loginpages.LoginPageRevamp - Trying to enter Login ID
2023-06-30 12:26:01,730 [main] INFO angular.pageobjects.loginpages.LoginPageRevamp - Login ID entered successfully as: btnadm
2023-06-30 12:26:01,731 [main] INFO angular.pageobjects.loginpages.LoginPageRevamp - Trying to enter Password
2023-06-30 12:26:01,877 [main] INFO angular.pageobjects.loginpages.LoginPageRevamp - Password entered successfully as: Com@1111
2023-06-30 12:26:01,878 [main] INFO angular.pageobjects.loginpages.LoginPageRevamp - Trying to click Login Button
2023-06-30 12:26:01,970 [main] INFO angular.pageobjects.loginpages.LoginPageRevamp - Login button clicked successfully
2023-06-30 12:26:02,009 [main] INFO angular.pageobjects.loginpages.LoginPageRevamp - Error Message Found on Login Screen: 
2023-06-30 12:26:02,010 [main] INFO angular.pageobjects.NetworkProductMapping - Trying to click on eTopUp tab
2023-06-30 12:26:02,011 [main] INFO angular.pageobjects.NetworkProductMapping - Checking visibility of eTopUp Tab
2023-06-30 12:26:08,027 [main] INFO angular.pageobjects.NetworkProductMapping - eTopUp tab is visible
2023-06-30 12:26:08,103 [main] INFO angular.pageobjects.NetworkProductMapping - Clicked on eTopUp tab
2023-06-30 12:26:08,104 [main] INFO angular.pageobjects.NetworkProductMapping - Checking visibility of Network Product Mapping Link
2023-06-30 12:26:08,132 [main] INFO angular.pageobjects.NetworkProductMapping - Network Product Mapping link is vsisble
2023-06-30 12:26:08,218 [main] INFO angular.pageobjects.NetworkProductMapping - Clicked on Network Product mapping
2023-06-30 12:26:08,219 [main] INFO angular.pageobjects.NetworkProductMapping - Trying to click on Status dropdown
2023-06-30 12:26:08,264 [main] INFO com.classes.BaseTest - org.openqa.selenium.NoSuchElementException: no such element: Unable to locate element: {"method":"xpath","selector":"(//td[@id='status']//span[contains(@class,'ng-arrow-wrapper')])[1]"}
  (Session info: chrome=114.0.5735.199)
For documentation on this error, please visit: http://seleniumhq.org/exceptions/no_such_element.html
Build info: version: '3.10.0', revision: '176b4a9', time: '2018-03-02T19:03:16.397Z'
System info: host: 'MCKL-20005142', ip: '172.25.16.26', os.name: 'Windows 10', os.arch: 'amd64', os.version: '10.0', java.version: '1.8.0_291'
Driver info: org.openqa.selenium.chrome.ChromeDriver
Capabilities {acceptInsecureCerts: false, browserName: chrome, browserVersion: 114.0.5735.199, chrome: {chromedriverVersion: 114.0.5735.90 (386bc09e8f4f..., userDataDir: C:\Users\SOURAB~1.AWA\AppDa...}, goog:chromeOptions: {debuggerAddress: localhost:61282}, javascriptEnabled: true, networkConnectionEnabled: false, pageLoadStrategy: normal, platform: WINDOWS, platformName: WINDOWS, proxy: Proxy(), setWindowRect: true, strictFileInteractability: false, timeouts: {implicit: 0, pageLoad: 300000, script: 30000}, unhandledPromptBehavior: dismiss and notify, webauthn:extension:credBlob: true, webauthn:extension:largeBlob: true, webauthn:extension:minPinLength: true, webauthn:extension:prf: true, webauthn:virtualAuthenticators: true}
Session ID: 0047c335b4cd2cd6eceff76ca222d575
*** Element info: {Using=xpath, value=(//td[@id='status']//span[contains(@class,'ng-arrow-wrapper')])[1]}
2023-06-30 12:26:08,304 [main] INFO com.sshmanager.SSHService - Executing: tail -n 1000 /data1/pretupsapp/tomcat9_pgdev/logs/catalina.out

2023-06-30 12:26:08,554 [main] INFO com.sshmanager.SSHService - Channel Exit Status: 0
