2022-07-01 16:07:19,687 [main] INFO com.classes.BaseTest - Loading all methods from -masterVO class
2022-07-01 16:07:19,691 [main] INFO com.utils._masterVO - Loading Properties file from: .//src//test//resources//sysconfig//Constant.properties
2022-07-01 16:07:19,695 [main] INFO com.utils._masterVO - Properties File Loaded successfully
2022-07-01 16:07:19,696 [main] INFO com.utils._masterVO - Loading Master Sheet from: src//test//resources//config//DataProvider.xlsx
2022-07-01 16:07:20,512 [main] INFO com.utils._masterVO - Master Sheet Loaded successfully
2022-07-01 16:07:20,514 [main] INFO com.utils._masterVO - Loading Client Library for Client Versioning from: .//src//test//resources//sysconfig//ClientLib.properties
2022-07-01 16:07:20,526 [main] INFO com.utils._masterVO - Client Library Loaded successfully
2022-07-01 16:07:21,279 [main] INFO com.utils._masterVO - Loading test case file file from: .//src//test//resources//sysconfig//testCaseFile.properties
2022-07-01 16:07:21,296 [main] INFO com.utils._masterVO - Test cases file Loaded successfully
2022-07-01 16:07:21,297 [main] INFO com.utils._masterVO - Loading Web Cases Master file from: .//src//test//resources//config//testCaseFile.properties
2022-07-01 16:07:21,314 [main] INFO com.utils._masterVO - Gateway Cases Master File Loaded successfully
2022-07-01 16:07:21,344 [main] INFO com.dbrepository.DBHandler - Entered Access Handler :: Oracle
2022-07-01 16:07:21,347 [main] INFO com.commons.CacheController - New Cache DAO Loaded :: UPDATECACHE_VER = 1
2022-07-01 16:07:21,349 [main] INFO com.dbrepository.OracleRepository - Entered getNetworkName(NG)
2022-07-01 16:07:21,382 [MLog-Init-Reporter] INFO com.mchange.v2.log.MLog - MLog clients using log4j logging.
2022-07-01 16:07:21,504 [main] INFO com.mchange.v2.c3p0.C3P0Registry - Initializing c3p0-0.9.5.2 [built 08-December-2015 22:06:04 -0800; debug? true; trace: 10]
2022-07-01 16:07:21,638 [main] INFO com.mchange.v2.c3p0.impl.AbstractPoolBackedDataSource - Initializing c3p0 pool... com.mchange.v2.c3p0.ComboPooledDataSource [ acquireIncrement -> 5, acquireRetryAttempts -> 30, acquireRetryDelay -> 1000, autoCommitOnClose -> false, automaticTestTable -> null, breakAfterAcquireFailure -> false, checkoutTimeout -> 0, connectionCustomizerClassName -> null, connectionTesterClassName -> com.mchange.v2.c3p0.impl.DefaultConnectionTester, contextClassLoaderSource -> caller, dataSourceName -> 1hge148ap1ff9xft4jop32|3cce57c7, debugUnreturnedConnectionStackTraces -> false, description -> null, driverClass -> oracle.jdbc.driver.OracleDriver, extensions -> {}, factoryClassLocation -> null, forceIgnoreUnresolvedTransactions -> false, forceSynchronousCheckins -> false, forceUseNamedDriverClass -> false, identityToken -> 1hge148ap1ff9xft4jop32|3cce57c7, idleConnectionTestPeriod -> 0, initialPoolSize -> 10, jdbcUrl -> jdbc:oracle:thin:@172.30.38.232:1526:test, maxAdministrativeTaskTime -> 0, maxConnectionAge -> 0, maxIdleTime -> 0, maxIdleTimeExcessConnections -> 0, maxPoolSize -> 20, maxStatements -> 0, maxStatementsPerConnection -> 0, minPoolSize -> 10, numHelperThreads -> 3, preferredTestQuery -> null, privilegeSpawnedThreads -> false, properties -> {user=******, password=******}, propertyCycle -> 0, statementCacheNumDeferredCloseThreads -> 0, testConnectionOnCheckin -> false, testConnectionOnCheckout -> false, unreturnedConnectionTimeout -> 0, userOverrides -> {}, usesTraditionalReflectiveProxies -> false ]
2022-07-01 16:07:23,287 [main] INFO com.dbrepository.OracleRepository - getNetworkName() :: select query: Select network_name from networks where network_code = ?
2022-07-01 16:07:23,427 [main] INFO com.dbrepository.OracleRepository - Database Returns: Network Name (Network GGN)
2022-07-01 16:07:23,429 [main] INFO com.dbrepository.OracleRepository - Exiting getNetworkName()
2022-07-01 16:07:23,430 [main] INFO com.dbrepository.OracleRepository - Entered getSystemPreference(AMOUNT_MULT_FACTOR)
2022-07-01 16:07:23,431 [main] INFO com.dbrepository.DBConnectionPool - Active Size:1 Cache Size:2
2022-07-01 16:07:23,433 [main] INFO com.dbrepository.OracleRepository - getSystemPreference() :: select query: select DEFAULT_VALUE from system_preferences where PREFERENCE_CODE = ?
2022-07-01 16:07:23,514 [main] INFO com.dbrepository.OracleRepository - Database Returns: DEFAULT_VALUE (100)
2022-07-01 16:07:23,515 [main] INFO com.dbrepository.OracleRepository - Exiting getSystemPreference()
2022-07-01 16:07:23,517 [main] INFO com.dbrepository.OracleRepository - Entered getSystemPreference(MSISDN_PREFIX_LENGTH)
2022-07-01 16:07:23,518 [main] INFO com.dbrepository.DBConnectionPool - Active Size:2 Cache Size:1
2022-07-01 16:07:23,520 [main] INFO com.dbrepository.OracleRepository - getSystemPreference() :: select query: select DEFAULT_VALUE from system_preferences where PREFERENCE_CODE = ?
2022-07-01 16:07:23,603 [main] INFO com.dbrepository.OracleRepository - Database Returns: DEFAULT_VALUE (2)
2022-07-01 16:07:23,604 [main] INFO com.dbrepository.OracleRepository - Exiting getSystemPreference()
2022-07-01 16:07:23,605 [main] INFO com.dbrepository.OracleRepository - Entered getSystemPreference(MAX_MSISDN_LENGTH)
2022-07-01 16:07:23,606 [main] INFO com.dbrepository.DBConnectionPool - Active Size:3 Cache Size:0
2022-07-01 16:07:24,036 [main] INFO com.dbrepository.OracleRepository - getSystemPreference() :: select query: select DEFAULT_VALUE from system_preferences where PREFERENCE_CODE = ?
2022-07-01 16:07:24,117 [main] INFO com.dbrepository.OracleRepository - Database Returns: DEFAULT_VALUE (15)
2022-07-01 16:07:24,118 [main] INFO com.dbrepository.OracleRepository - Exiting getSystemPreference()
2022-07-01 16:07:24,119 [main] INFO com.dbrepository.OracleRepository - Entered getSystemPreference(USER_PRODUCT_MULTIPLE_WALLET)
2022-07-01 16:07:24,120 [main] INFO com.dbrepository.DBConnectionPool - Active Size:4 Cache Size:1
2022-07-01 16:07:24,121 [main] INFO com.dbrepository.OracleRepository - getSystemPreference() :: select query: select DEFAULT_VALUE from system_preferences where PREFERENCE_CODE = ?
2022-07-01 16:07:24,203 [main] INFO com.dbrepository.OracleRepository - Database Returns: DEFAULT_VALUE (false)
2022-07-01 16:07:24,204 [main] INFO com.dbrepository.OracleRepository - Exiting getSystemPreference()
2022-07-01 16:07:24,205 [main] INFO com.dbrepository.OracleRepository - Entered getSystemPreference(EXTERNAL_DATE_FORMAT)
2022-07-01 16:07:24,206 [main] INFO com.dbrepository.DBConnectionPool - Active Size:5 Cache Size:0
2022-07-01 16:07:24,876 [main] INFO com.dbrepository.OracleRepository - getSystemPreference() :: select query: select DEFAULT_VALUE from system_preferences where PREFERENCE_CODE = ?
2022-07-01 16:07:24,960 [main] INFO com.dbrepository.OracleRepository - Database Returns: DEFAULT_VALUE (dd/MM/yy)
2022-07-01 16:07:24,962 [main] INFO com.dbrepository.OracleRepository - Exiting getSystemPreference()
2022-07-01 16:07:24,964 [main] INFO com.dbrepository.OracleRepository - Entered getSystemPreference(DATE_FORMAT_CAL_JAVA)
2022-07-01 16:07:24,965 [main] INFO com.dbrepository.DBConnectionPool - Active Size:6 Cache Size:1
2022-07-01 16:07:24,967 [main] INFO com.dbrepository.OracleRepository - getSystemPreference() :: select query: select DEFAULT_VALUE from system_preferences where PREFERENCE_CODE = ?
2022-07-01 16:07:25,051 [main] INFO com.dbrepository.OracleRepository - Database Returns: DEFAULT_VALUE (dd/MM/yy)
2022-07-01 16:07:25,052 [main] INFO com.dbrepository.OracleRepository - Exiting getSystemPreference()
2022-07-01 16:07:25,053 [main] INFO com.dbrepository.OracleRepository - Entered getSystemPreference(OTH_COM_CHNL)
2022-07-01 16:07:25,054 [main] INFO com.dbrepository.DBConnectionPool - Active Size:0 Cache Size:8
2022-07-01 16:07:25,055 [main] INFO com.dbrepository.OracleRepository - getSystemPreference() :: select query: select DEFAULT_VALUE from system_preferences where PREFERENCE_CODE = ?
2022-07-01 16:07:25,171 [main] INFO com.dbrepository.OracleRepository - Database Returns: DEFAULT_VALUE (false)
2022-07-01 16:07:25,172 [main] INFO com.dbrepository.OracleRepository - Exiting getSystemPreference()
2022-07-01 16:07:25,173 [main] INFO com.dbrepository.OracleRepository - Entered getSystemPreference(DW_ALLOWED_GATEWAYS)
2022-07-01 16:07:25,174 [main] INFO com.dbrepository.DBConnectionPool - Active Size:0 Cache Size:8
2022-07-01 16:07:25,175 [main] INFO com.dbrepository.OracleRepository - getSystemPreference() :: select query: select DEFAULT_VALUE from system_preferences where PREFERENCE_CODE = ?
2022-07-01 16:07:25,287 [main] INFO com.dbrepository.OracleRepository - Database Returns: DEFAULT_VALUE (EXTGW,DWEXTGW)
2022-07-01 16:07:25,288 [main] INFO com.dbrepository.OracleRepository - Exiting getSystemPreference()
2022-07-01 16:07:25,289 [main] INFO com.dbrepository.OracleRepository - Entered getSystemPreference(DEFAULT_LANGUAGE)
2022-07-01 16:07:25,290 [main] INFO com.dbrepository.DBConnectionPool - Active Size:0 Cache Size:8
2022-07-01 16:07:25,291 [main] INFO com.dbrepository.OracleRepository - getSystemPreference() :: select query: select DEFAULT_VALUE from system_preferences where PREFERENCE_CODE = ?
2022-07-01 16:07:25,373 [main] INFO com.dbrepository.OracleRepository - Database Returns: DEFAULT_VALUE (en)
2022-07-01 16:07:25,374 [main] INFO com.dbrepository.OracleRepository - Exiting getSystemPreference()
2022-07-01 16:07:25,375 [main] INFO com.dbrepository.OracleRepository - Entered getSystemPreference(DEFAULT_COUNTRY)
2022-07-01 16:07:25,376 [main] INFO com.dbrepository.DBConnectionPool - Active Size:0 Cache Size:8
2022-07-01 16:07:25,378 [main] INFO com.dbrepository.OracleRepository - getSystemPreference() :: select query: select DEFAULT_VALUE from system_preferences where PREFERENCE_CODE = ?
2022-07-01 16:07:25,462 [main] INFO com.dbrepository.OracleRepository - Database Returns: DEFAULT_VALUE (US)
2022-07-01 16:07:25,463 [main] INFO com.dbrepository.OracleRepository - Exiting getSystemPreference()
2022-07-01 16:07:25,464 [main] INFO com.utils._masterVO - Display Locale set to: en_US
2022-07-01 16:07:46,527 [main] ERROR com.sshmanager.SSHService - Error while getting SSH Server Instance : com.jcraft.jsch.JSchException: java.net.ConnectException: Connection timed out: connect
2022-07-01 16:07:46,537 [main] INFO com.utils._masterVO - Loading Messages Resource properties File from: .//src//test//resources//sysconfig//English-2.properties
2022-07-01 16:07:46,571 [main] INFO com.utils._masterVO - Messages Resource Properties file Loaded successfully
2022-07-01 16:07:46,573 [main] INFO com.utils._masterVO - Loading Messages Resource properties File from: .//src//test//resources//sysconfig//C2S_English-2.properties
2022-07-01 16:07:46,585 [main] INFO com.utils._masterVO - Messages Resource Properties file Loaded successfully
2022-07-01 16:07:46,586 [main] INFO com.dbrepository.OracleRepository - Entered getGatewayDetails('EXTGW','USSD','SMSC')
2022-07-01 16:07:46,587 [main] INFO com.dbrepository.DBConnectionPool - Active Size:0 Cache Size:10
2022-07-01 16:07:46,589 [main] INFO com.dbrepository.OracleRepository - getGatewayDetails() :: select query: SELECT rmg.gateway_code, mg.gateway_type, rmg.login_id, rmg.PASSWORD, rmg.content_type, rmg.service_port, mg.req_password_plain FROM message_gateway mg, req_message_gateway rmg WHERE mg.gateway_code = rmg.gateway_code AND rmg.gateway_code IN ('EXTGW','USSD','SMSC')
2022-07-01 16:07:46,681 [main] INFO com.dbrepository.OracleRepository - Database Returns: [[Ljava.lang.Object;@299321e2[{{EXTGW,EXTGW,pretups,0971500a350af5c3d1c0b12221a0558c,XML,190,Y},{SMSC,SMSC,pretups,0971500a350af5c3d1c0b12221a0558c,PLAIN,190,Y},{USSD,USSD,pretups,0971500a350af5c3d1c0b12221a0558c,XML,190,Y}}]
2022-07-01 16:07:46,683 [main] INFO com.dbrepository.OracleRepository - Exiting getGatewayDetails()
2022-07-01 16:07:46,689 [main] INFO com.utils._APIUtil - Entered getAPIServices(EXTGW)
2022-07-01 16:07:46,699 [main] INFO com.utils._APIUtil - Exiting getAPIServices([])
2022-07-01 16:07:46,703 [main] INFO com.utils._masterVO - Loading Gateway Cases Master file from: .//src//test//resources//config//GatewayMaster.xlsx
2022-07-01 16:07:46,853 [main] INFO com.utils.ExcelUtility - java.lang.NullPointerException
	at com.utils.ExcelUtility.getCellData(ExcelUtility.java:311)
	at com.utils._masterVO.loadGatewayCases(_masterVO.java:115)
	at com.utils._masterVO.loadExternalServices(_masterVO.java:448)
	at com.utils._masterVO.loadVO(_masterVO.java:81)
	at com.classes.BaseTest.setupReporter(BaseTest.java:99)
	at sun.reflect.NativeMethodAccessorImpl.invoke0(Native Method)
	at sun.reflect.NativeMethodAccessorImpl.invoke(Unknown Source)
	at sun.reflect.DelegatingMethodAccessorImpl.invoke(Unknown Source)
	at java.lang.reflect.Method.invoke(Unknown Source)
	at org.testng.internal.MethodInvocationHelper.invokeMethod(MethodInvocationHelper.java:124)
	at org.testng.internal.MethodInvocationHelper.invokeMethodConsideringTimeout(MethodInvocationHelper.java:59)
	at org.testng.internal.Invoker.invokeConfigurationMethod(Invoker.java:455)
	at org.testng.internal.Invoker.invokeConfigurations(Invoker.java:222)
	at org.testng.internal.Invoker.invokeConfigurations(Invoker.java:142)
	at org.testng.SuiteRunner.privateRun(SuiteRunner.java:401)
	at org.testng.SuiteRunner.run(SuiteRunner.java:364)
	at org.testng.SuiteRunnerWorker.runSuite(SuiteRunnerWorker.java:52)
	at org.testng.SuiteRunnerWorker.run(SuiteRunnerWorker.java:84)
	at org.testng.TestNG.runSuitesSequentially(TestNG.java:1208)
	at org.testng.TestNG.runSuitesLocally(TestNG.java:1137)
	at org.testng.TestNG.runSuites(TestNG.java:1049)
	at org.testng.TestNG.run(TestNG.java:1017)
	at org.testng.remote.AbstractRemoteTestNG.run(AbstractRemoteTestNG.java:115)
	at org.testng.remote.RemoteTestNG.initAndRun(RemoteTestNG.java:251)
	at org.testng.remote.RemoteTestNG.main(RemoteTestNG.java:77)

2022-07-01 16:07:46,872 [main] INFO com.utils.ExcelUtility - java.lang.NullPointerException
	at com.utils.ExcelUtility.getCellData(ExcelUtility.java:311)
	at com.utils._masterVO.loadGatewayCases(_masterVO.java:115)
	at com.utils._masterVO.loadExternalServices(_masterVO.java:448)
	at com.utils._masterVO.loadVO(_masterVO.java:81)
	at com.classes.BaseTest.setupReporter(BaseTest.java:99)
	at sun.reflect.NativeMethodAccessorImpl.invoke0(Native Method)
	at sun.reflect.NativeMethodAccessorImpl.invoke(Unknown Source)
	at sun.reflect.DelegatingMethodAccessorImpl.invoke(Unknown Source)
	at java.lang.reflect.Method.invoke(Unknown Source)
	at org.testng.internal.MethodInvocationHelper.invokeMethod(MethodInvocationHelper.java:124)
	at org.testng.internal.MethodInvocationHelper.invokeMethodConsideringTimeout(MethodInvocationHelper.java:59)
	at org.testng.internal.Invoker.invokeConfigurationMethod(Invoker.java:455)
	at org.testng.internal.Invoker.invokeConfigurations(Invoker.java:222)
	at org.testng.internal.Invoker.invokeConfigurations(Invoker.java:142)
	at org.testng.SuiteRunner.privateRun(SuiteRunner.java:401)
	at org.testng.SuiteRunner.run(SuiteRunner.java:364)
	at org.testng.SuiteRunnerWorker.runSuite(SuiteRunnerWorker.java:52)
	at org.testng.SuiteRunnerWorker.run(SuiteRunnerWorker.java:84)
	at org.testng.TestNG.runSuitesSequentially(TestNG.java:1208)
	at org.testng.TestNG.runSuitesLocally(TestNG.java:1137)
	at org.testng.TestNG.runSuites(TestNG.java:1049)
	at org.testng.TestNG.run(TestNG.java:1017)
	at org.testng.remote.AbstractRemoteTestNG.run(AbstractRemoteTestNG.java:115)
	at org.testng.remote.RemoteTestNG.initAndRun(RemoteTestNG.java:251)
	at org.testng.remote.RemoteTestNG.main(RemoteTestNG.java:77)

2022-07-01 16:07:46,874 [main] INFO com.utils.ExcelUtility - java.lang.NullPointerException
	at com.utils.ExcelUtility.getCellData(ExcelUtility.java:311)
	at com.utils._masterVO.loadGatewayCases(_masterVO.java:115)
	at com.utils._masterVO.loadExternalServices(_masterVO.java:448)
	at com.utils._masterVO.loadVO(_masterVO.java:81)
	at com.classes.BaseTest.setupReporter(BaseTest.java:99)
	at sun.reflect.NativeMethodAccessorImpl.invoke0(Native Method)
	at sun.reflect.NativeMethodAccessorImpl.invoke(Unknown Source)
	at sun.reflect.DelegatingMethodAccessorImpl.invoke(Unknown Source)
	at java.lang.reflect.Method.invoke(Unknown Source)
	at org.testng.internal.MethodInvocationHelper.invokeMethod(MethodInvocationHelper.java:124)
	at org.testng.internal.MethodInvocationHelper.invokeMethodConsideringTimeout(MethodInvocationHelper.java:59)
	at org.testng.internal.Invoker.invokeConfigurationMethod(Invoker.java:455)
	at org.testng.internal.Invoker.invokeConfigurations(Invoker.java:222)
	at org.testng.internal.Invoker.invokeConfigurations(Invoker.java:142)
	at org.testng.SuiteRunner.privateRun(SuiteRunner.java:401)
	at org.testng.SuiteRunner.run(SuiteRunner.java:364)
	at org.testng.SuiteRunnerWorker.runSuite(SuiteRunnerWorker.java:52)
	at org.testng.SuiteRunnerWorker.run(SuiteRunnerWorker.java:84)
	at org.testng.TestNG.runSuitesSequentially(TestNG.java:1208)
	at org.testng.TestNG.runSuitesLocally(TestNG.java:1137)
	at org.testng.TestNG.runSuites(TestNG.java:1049)
	at org.testng.TestNG.run(TestNG.java:1017)
	at org.testng.remote.AbstractRemoteTestNG.run(AbstractRemoteTestNG.java:115)
	at org.testng.remote.RemoteTestNG.initAndRun(RemoteTestNG.java:251)
	at org.testng.remote.RemoteTestNG.main(RemoteTestNG.java:77)

2022-07-01 16:07:46,906 [main] INFO com.utils.ExcelUtility - java.lang.NullPointerException
	at com.utils.ExcelUtility.getCellData(ExcelUtility.java:311)
	at com.utils._masterVO.loadGatewayCases(_masterVO.java:115)
	at com.utils._masterVO.loadExternalServices(_masterVO.java:448)
	at com.utils._masterVO.loadVO(_masterVO.java:81)
	at com.classes.BaseTest.setupReporter(BaseTest.java:99)
	at sun.reflect.NativeMethodAccessorImpl.invoke0(Native Method)
	at sun.reflect.NativeMethodAccessorImpl.invoke(Unknown Source)
	at sun.reflect.DelegatingMethodAccessorImpl.invoke(Unknown Source)
	at java.lang.reflect.Method.invoke(Unknown Source)
	at org.testng.internal.MethodInvocationHelper.invokeMethod(MethodInvocationHelper.java:124)
	at org.testng.internal.MethodInvocationHelper.invokeMethodConsideringTimeout(MethodInvocationHelper.java:59)
	at org.testng.internal.Invoker.invokeConfigurationMethod(Invoker.java:455)
	at org.testng.internal.Invoker.invokeConfigurations(Invoker.java:222)
	at org.testng.internal.Invoker.invokeConfigurations(Invoker.java:142)
	at org.testng.SuiteRunner.privateRun(SuiteRunner.java:401)
	at org.testng.SuiteRunner.run(SuiteRunner.java:364)
	at org.testng.SuiteRunnerWorker.runSuite(SuiteRunnerWorker.java:52)
	at org.testng.SuiteRunnerWorker.run(SuiteRunnerWorker.java:84)
	at org.testng.TestNG.runSuitesSequentially(TestNG.java:1208)
	at org.testng.TestNG.runSuitesLocally(TestNG.java:1137)
	at org.testng.TestNG.runSuites(TestNG.java:1049)
	at org.testng.TestNG.run(TestNG.java:1017)
	at org.testng.remote.AbstractRemoteTestNG.run(AbstractRemoteTestNG.java:115)
	at org.testng.remote.RemoteTestNG.initAndRun(RemoteTestNG.java:251)
	at org.testng.remote.RemoteTestNG.main(RemoteTestNG.java:77)

2022-07-01 16:07:46,946 [main] INFO com.utils.ExcelUtility - java.lang.NullPointerException
	at com.utils.ExcelUtility.getCellData(ExcelUtility.java:311)
	at com.utils._masterVO.loadGatewayCases(_masterVO.java:115)
	at com.utils._masterVO.loadExternalServices(_masterVO.java:448)
	at com.utils._masterVO.loadVO(_masterVO.java:81)
	at com.classes.BaseTest.setupReporter(BaseTest.java:99)
	at sun.reflect.NativeMethodAccessorImpl.invoke0(Native Method)
	at sun.reflect.NativeMethodAccessorImpl.invoke(Unknown Source)
	at sun.reflect.DelegatingMethodAccessorImpl.invoke(Unknown Source)
	at java.lang.reflect.Method.invoke(Unknown Source)
	at org.testng.internal.MethodInvocationHelper.invokeMethod(MethodInvocationHelper.java:124)
	at org.testng.internal.MethodInvocationHelper.invokeMethodConsideringTimeout(MethodInvocationHelper.java:59)
	at org.testng.internal.Invoker.invokeConfigurationMethod(Invoker.java:455)
	at org.testng.internal.Invoker.invokeConfigurations(Invoker.java:222)
	at org.testng.internal.Invoker.invokeConfigurations(Invoker.java:142)
	at org.testng.SuiteRunner.privateRun(SuiteRunner.java:401)
	at org.testng.SuiteRunner.run(SuiteRunner.java:364)
	at org.testng.SuiteRunnerWorker.runSuite(SuiteRunnerWorker.java:52)
	at org.testng.SuiteRunnerWorker.run(SuiteRunnerWorker.java:84)
	at org.testng.TestNG.runSuitesSequentially(TestNG.java:1208)
	at org.testng.TestNG.runSuitesLocally(TestNG.java:1137)
	at org.testng.TestNG.runSuites(TestNG.java:1049)
	at org.testng.TestNG.run(TestNG.java:1017)
	at org.testng.remote.AbstractRemoteTestNG.run(AbstractRemoteTestNG.java:115)
	at org.testng.remote.RemoteTestNG.initAndRun(RemoteTestNG.java:251)
	at org.testng.remote.RemoteTestNG.main(RemoteTestNG.java:77)

2022-07-01 16:07:46,974 [main] INFO com.utils.ExcelUtility - java.lang.NullPointerException
	at com.utils.ExcelUtility.getCellData(ExcelUtility.java:311)
	at com.utils._masterVO.loadGatewayCases(_masterVO.java:115)
	at com.utils._masterVO.loadExternalServices(_masterVO.java:448)
	at com.utils._masterVO.loadVO(_masterVO.java:81)
	at com.classes.BaseTest.setupReporter(BaseTest.java:99)
	at sun.reflect.NativeMethodAccessorImpl.invoke0(Native Method)
	at sun.reflect.NativeMethodAccessorImpl.invoke(Unknown Source)
	at sun.reflect.DelegatingMethodAccessorImpl.invoke(Unknown Source)
	at java.lang.reflect.Method.invoke(Unknown Source)
	at org.testng.internal.MethodInvocationHelper.invokeMethod(MethodInvocationHelper.java:124)
	at org.testng.internal.MethodInvocationHelper.invokeMethodConsideringTimeout(MethodInvocationHelper.java:59)
	at org.testng.internal.Invoker.invokeConfigurationMethod(Invoker.java:455)
	at org.testng.internal.Invoker.invokeConfigurations(Invoker.java:222)
	at org.testng.internal.Invoker.invokeConfigurations(Invoker.java:142)
	at org.testng.SuiteRunner.privateRun(SuiteRunner.java:401)
	at org.testng.SuiteRunner.run(SuiteRunner.java:364)
	at org.testng.SuiteRunnerWorker.runSuite(SuiteRunnerWorker.java:52)
	at org.testng.SuiteRunnerWorker.run(SuiteRunnerWorker.java:84)
	at org.testng.TestNG.runSuitesSequentially(TestNG.java:1208)
	at org.testng.TestNG.runSuitesLocally(TestNG.java:1137)
	at org.testng.TestNG.runSuites(TestNG.java:1049)
	at org.testng.TestNG.run(TestNG.java:1017)
	at org.testng.remote.AbstractRemoteTestNG.run(AbstractRemoteTestNG.java:115)
	at org.testng.remote.RemoteTestNG.initAndRun(RemoteTestNG.java:251)
	at org.testng.remote.RemoteTestNG.main(RemoteTestNG.java:77)

2022-07-01 16:07:46,974 [main] INFO com.utils.ExcelUtility - java.lang.NullPointerException
	at com.utils.ExcelUtility.getCellData(ExcelUtility.java:311)
	at com.utils._masterVO.loadGatewayCases(_masterVO.java:115)
	at com.utils._masterVO.loadExternalServices(_masterVO.java:448)
	at com.utils._masterVO.loadVO(_masterVO.java:81)
	at com.classes.BaseTest.setupReporter(BaseTest.java:99)
	at sun.reflect.NativeMethodAccessorImpl.invoke0(Native Method)
	at sun.reflect.NativeMethodAccessorImpl.invoke(Unknown Source)
	at sun.reflect.DelegatingMethodAccessorImpl.invoke(Unknown Source)
	at java.lang.reflect.Method.invoke(Unknown Source)
	at org.testng.internal.MethodInvocationHelper.invokeMethod(MethodInvocationHelper.java:124)
	at org.testng.internal.MethodInvocationHelper.invokeMethodConsideringTimeout(MethodInvocationHelper.java:59)
	at org.testng.internal.Invoker.invokeConfigurationMethod(Invoker.java:455)
	at org.testng.internal.Invoker.invokeConfigurations(Invoker.java:222)
	at org.testng.internal.Invoker.invokeConfigurations(Invoker.java:142)
	at org.testng.SuiteRunner.privateRun(SuiteRunner.java:401)
	at org.testng.SuiteRunner.run(SuiteRunner.java:364)
	at org.testng.SuiteRunnerWorker.runSuite(SuiteRunnerWorker.java:52)
	at org.testng.SuiteRunnerWorker.run(SuiteRunnerWorker.java:84)
	at org.testng.TestNG.runSuitesSequentially(TestNG.java:1208)
	at org.testng.TestNG.runSuitesLocally(TestNG.java:1137)
	at org.testng.TestNG.runSuites(TestNG.java:1049)
	at org.testng.TestNG.run(TestNG.java:1017)
	at org.testng.remote.AbstractRemoteTestNG.run(AbstractRemoteTestNG.java:115)
	at org.testng.remote.RemoteTestNG.initAndRun(RemoteTestNG.java:251)
	at org.testng.remote.RemoteTestNG.main(RemoteTestNG.java:77)

2022-07-01 16:07:46,983 [main] INFO com.utils.ExcelUtility - java.lang.NullPointerException
	at com.utils.ExcelUtility.getCellData(ExcelUtility.java:311)
	at com.utils._masterVO.loadGatewayCases(_masterVO.java:115)
	at com.utils._masterVO.loadExternalServices(_masterVO.java:448)
	at com.utils._masterVO.loadVO(_masterVO.java:81)
	at com.classes.BaseTest.setupReporter(BaseTest.java:99)
	at sun.reflect.NativeMethodAccessorImpl.invoke0(Native Method)
	at sun.reflect.NativeMethodAccessorImpl.invoke(Unknown Source)
	at sun.reflect.DelegatingMethodAccessorImpl.invoke(Unknown Source)
	at java.lang.reflect.Method.invoke(Unknown Source)
	at org.testng.internal.MethodInvocationHelper.invokeMethod(MethodInvocationHelper.java:124)
	at org.testng.internal.MethodInvocationHelper.invokeMethodConsideringTimeout(MethodInvocationHelper.java:59)
	at org.testng.internal.Invoker.invokeConfigurationMethod(Invoker.java:455)
	at org.testng.internal.Invoker.invokeConfigurations(Invoker.java:222)
	at org.testng.internal.Invoker.invokeConfigurations(Invoker.java:142)
	at org.testng.SuiteRunner.privateRun(SuiteRunner.java:401)
	at org.testng.SuiteRunner.run(SuiteRunner.java:364)
	at org.testng.SuiteRunnerWorker.runSuite(SuiteRunnerWorker.java:52)
	at org.testng.SuiteRunnerWorker.run(SuiteRunnerWorker.java:84)
	at org.testng.TestNG.runSuitesSequentially(TestNG.java:1208)
	at org.testng.TestNG.runSuitesLocally(TestNG.java:1137)
	at org.testng.TestNG.runSuites(TestNG.java:1049)
	at org.testng.TestNG.run(TestNG.java:1017)
	at org.testng.remote.AbstractRemoteTestNG.run(AbstractRemoteTestNG.java:115)
	at org.testng.remote.RemoteTestNG.initAndRun(RemoteTestNG.java:251)
	at org.testng.remote.RemoteTestNG.main(RemoteTestNG.java:77)

2022-07-01 16:07:46,984 [main] INFO com.utils.ExcelUtility - java.lang.NullPointerException
	at com.utils.ExcelUtility.getCellData(ExcelUtility.java:311)
	at com.utils._masterVO.loadGatewayCases(_masterVO.java:115)
	at com.utils._masterVO.loadExternalServices(_masterVO.java:448)
	at com.utils._masterVO.loadVO(_masterVO.java:81)
	at com.classes.BaseTest.setupReporter(BaseTest.java:99)
	at sun.reflect.NativeMethodAccessorImpl.invoke0(Native Method)
	at sun.reflect.NativeMethodAccessorImpl.invoke(Unknown Source)
	at sun.reflect.DelegatingMethodAccessorImpl.invoke(Unknown Source)
	at java.lang.reflect.Method.invoke(Unknown Source)
	at org.testng.internal.MethodInvocationHelper.invokeMethod(MethodInvocationHelper.java:124)
	at org.testng.internal.MethodInvocationHelper.invokeMethodConsideringTimeout(MethodInvocationHelper.java:59)
	at org.testng.internal.Invoker.invokeConfigurationMethod(Invoker.java:455)
	at org.testng.internal.Invoker.invokeConfigurations(Invoker.java:222)
	at org.testng.internal.Invoker.invokeConfigurations(Invoker.java:142)
	at org.testng.SuiteRunner.privateRun(SuiteRunner.java:401)
	at org.testng.SuiteRunner.run(SuiteRunner.java:364)
	at org.testng.SuiteRunnerWorker.runSuite(SuiteRunnerWorker.java:52)
	at org.testng.SuiteRunnerWorker.run(SuiteRunnerWorker.java:84)
	at org.testng.TestNG.runSuitesSequentially(TestNG.java:1208)
	at org.testng.TestNG.runSuitesLocally(TestNG.java:1137)
	at org.testng.TestNG.runSuites(TestNG.java:1049)
	at org.testng.TestNG.run(TestNG.java:1017)
	at org.testng.remote.AbstractRemoteTestNG.run(AbstractRemoteTestNG.java:115)
	at org.testng.remote.RemoteTestNG.initAndRun(RemoteTestNG.java:251)
	at org.testng.remote.RemoteTestNG.main(RemoteTestNG.java:77)

2022-07-01 16:07:46,984 [main] INFO com.utils.ExcelUtility - java.lang.NullPointerException
	at com.utils.ExcelUtility.getCellData(ExcelUtility.java:311)
	at com.utils._masterVO.loadGatewayCases(_masterVO.java:115)
	at com.utils._masterVO.loadExternalServices(_masterVO.java:448)
	at com.utils._masterVO.loadVO(_masterVO.java:81)
	at com.classes.BaseTest.setupReporter(BaseTest.java:99)
	at sun.reflect.NativeMethodAccessorImpl.invoke0(Native Method)
	at sun.reflect.NativeMethodAccessorImpl.invoke(Unknown Source)
	at sun.reflect.DelegatingMethodAccessorImpl.invoke(Unknown Source)
	at java.lang.reflect.Method.invoke(Unknown Source)
	at org.testng.internal.MethodInvocationHelper.invokeMethod(MethodInvocationHelper.java:124)
	at org.testng.internal.MethodInvocationHelper.invokeMethodConsideringTimeout(MethodInvocationHelper.java:59)
	at org.testng.internal.Invoker.invokeConfigurationMethod(Invoker.java:455)
	at org.testng.internal.Invoker.invokeConfigurations(Invoker.java:222)
	at org.testng.internal.Invoker.invokeConfigurations(Invoker.java:142)
	at org.testng.SuiteRunner.privateRun(SuiteRunner.java:401)
	at org.testng.SuiteRunner.run(SuiteRunner.java:364)
	at org.testng.SuiteRunnerWorker.runSuite(SuiteRunnerWorker.java:52)
	at org.testng.SuiteRunnerWorker.run(SuiteRunnerWorker.java:84)
	at org.testng.TestNG.runSuitesSequentially(TestNG.java:1208)
	at org.testng.TestNG.runSuitesLocally(TestNG.java:1137)
	at org.testng.TestNG.runSuites(TestNG.java:1049)
	at org.testng.TestNG.run(TestNG.java:1017)
	at org.testng.remote.AbstractRemoteTestNG.run(AbstractRemoteTestNG.java:115)
	at org.testng.remote.RemoteTestNG.initAndRun(RemoteTestNG.java:251)
	at org.testng.remote.RemoteTestNG.main(RemoteTestNG.java:77)

2022-07-01 16:07:46,985 [main] INFO com.utils.ExcelUtility - java.lang.NullPointerException
	at com.utils.ExcelUtility.getCellData(ExcelUtility.java:311)
	at com.utils._masterVO.loadGatewayCases(_masterVO.java:115)
	at com.utils._masterVO.loadExternalServices(_masterVO.java:448)
	at com.utils._masterVO.loadVO(_masterVO.java:81)
	at com.classes.BaseTest.setupReporter(BaseTest.java:99)
	at sun.reflect.NativeMethodAccessorImpl.invoke0(Native Method)
	at sun.reflect.NativeMethodAccessorImpl.invoke(Unknown Source)
	at sun.reflect.DelegatingMethodAccessorImpl.invoke(Unknown Source)
	at java.lang.reflect.Method.invoke(Unknown Source)
	at org.testng.internal.MethodInvocationHelper.invokeMethod(MethodInvocationHelper.java:124)
	at org.testng.internal.MethodInvocationHelper.invokeMethodConsideringTimeout(MethodInvocationHelper.java:59)
	at org.testng.internal.Invoker.invokeConfigurationMethod(Invoker.java:455)
	at org.testng.internal.Invoker.invokeConfigurations(Invoker.java:222)
	at org.testng.internal.Invoker.invokeConfigurations(Invoker.java:142)
	at org.testng.SuiteRunner.privateRun(SuiteRunner.java:401)
	at org.testng.SuiteRunner.run(SuiteRunner.java:364)
	at org.testng.SuiteRunnerWorker.runSuite(SuiteRunnerWorker.java:52)
	at org.testng.SuiteRunnerWorker.run(SuiteRunnerWorker.java:84)
	at org.testng.TestNG.runSuitesSequentially(TestNG.java:1208)
	at org.testng.TestNG.runSuitesLocally(TestNG.java:1137)
	at org.testng.TestNG.runSuites(TestNG.java:1049)
	at org.testng.TestNG.run(TestNG.java:1017)
	at org.testng.remote.AbstractRemoteTestNG.run(AbstractRemoteTestNG.java:115)
	at org.testng.remote.RemoteTestNG.initAndRun(RemoteTestNG.java:251)
	at org.testng.remote.RemoteTestNG.main(RemoteTestNG.java:77)

2022-07-01 16:07:46,988 [main] INFO com.utils.ExcelUtility - java.lang.NullPointerException
	at com.utils.ExcelUtility.getCellData(ExcelUtility.java:311)
	at com.utils._masterVO.loadGatewayCases(_masterVO.java:115)
	at com.utils._masterVO.loadExternalServices(_masterVO.java:448)
	at com.utils._masterVO.loadVO(_masterVO.java:81)
	at com.classes.BaseTest.setupReporter(BaseTest.java:99)
	at sun.reflect.NativeMethodAccessorImpl.invoke0(Native Method)
	at sun.reflect.NativeMethodAccessorImpl.invoke(Unknown Source)
	at sun.reflect.DelegatingMethodAccessorImpl.invoke(Unknown Source)
	at java.lang.reflect.Method.invoke(Unknown Source)
	at org.testng.internal.MethodInvocationHelper.invokeMethod(MethodInvocationHelper.java:124)
	at org.testng.internal.MethodInvocationHelper.invokeMethodConsideringTimeout(MethodInvocationHelper.java:59)
	at org.testng.internal.Invoker.invokeConfigurationMethod(Invoker.java:455)
	at org.testng.internal.Invoker.invokeConfigurations(Invoker.java:222)
	at org.testng.internal.Invoker.invokeConfigurations(Invoker.java:142)
	at org.testng.SuiteRunner.privateRun(SuiteRunner.java:401)
	at org.testng.SuiteRunner.run(SuiteRunner.java:364)
	at org.testng.SuiteRunnerWorker.runSuite(SuiteRunnerWorker.java:52)
	at org.testng.SuiteRunnerWorker.run(SuiteRunnerWorker.java:84)
	at org.testng.TestNG.runSuitesSequentially(TestNG.java:1208)
	at org.testng.TestNG.runSuitesLocally(TestNG.java:1137)
	at org.testng.TestNG.runSuites(TestNG.java:1049)
	at org.testng.TestNG.run(TestNG.java:1017)
	at org.testng.remote.AbstractRemoteTestNG.run(AbstractRemoteTestNG.java:115)
	at org.testng.remote.RemoteTestNG.initAndRun(RemoteTestNG.java:251)
	at org.testng.remote.RemoteTestNG.main(RemoteTestNG.java:77)

2022-07-01 16:07:46,988 [main] INFO com.utils.ExcelUtility - java.lang.NullPointerException
	at com.utils.ExcelUtility.getCellData(ExcelUtility.java:311)
	at com.utils._masterVO.loadGatewayCases(_masterVO.java:115)
	at com.utils._masterVO.loadExternalServices(_masterVO.java:448)
	at com.utils._masterVO.loadVO(_masterVO.java:81)
	at com.classes.BaseTest.setupReporter(BaseTest.java:99)
	at sun.reflect.NativeMethodAccessorImpl.invoke0(Native Method)
	at sun.reflect.NativeMethodAccessorImpl.invoke(Unknown Source)
	at sun.reflect.DelegatingMethodAccessorImpl.invoke(Unknown Source)
	at java.lang.reflect.Method.invoke(Unknown Source)
	at org.testng.internal.MethodInvocationHelper.invokeMethod(MethodInvocationHelper.java:124)
	at org.testng.internal.MethodInvocationHelper.invokeMethodConsideringTimeout(MethodInvocationHelper.java:59)
	at org.testng.internal.Invoker.invokeConfigurationMethod(Invoker.java:455)
	at org.testng.internal.Invoker.invokeConfigurations(Invoker.java:222)
	at org.testng.internal.Invoker.invokeConfigurations(Invoker.java:142)
	at org.testng.SuiteRunner.privateRun(SuiteRunner.java:401)
	at org.testng.SuiteRunner.run(SuiteRunner.java:364)
	at org.testng.SuiteRunnerWorker.runSuite(SuiteRunnerWorker.java:52)
	at org.testng.SuiteRunnerWorker.run(SuiteRunnerWorker.java:84)
	at org.testng.TestNG.runSuitesSequentially(TestNG.java:1208)
	at org.testng.TestNG.runSuitesLocally(TestNG.java:1137)
	at org.testng.TestNG.runSuites(TestNG.java:1049)
	at org.testng.TestNG.run(TestNG.java:1017)
	at org.testng.remote.AbstractRemoteTestNG.run(AbstractRemoteTestNG.java:115)
	at org.testng.remote.RemoteTestNG.initAndRun(RemoteTestNG.java:251)
	at org.testng.remote.RemoteTestNG.main(RemoteTestNG.java:77)

2022-07-01 16:07:46,989 [main] INFO com.utils.ExcelUtility - java.lang.NullPointerException
	at com.utils.ExcelUtility.getCellData(ExcelUtility.java:311)
	at com.utils._masterVO.loadGatewayCases(_masterVO.java:115)
	at com.utils._masterVO.loadExternalServices(_masterVO.java:448)
	at com.utils._masterVO.loadVO(_masterVO.java:81)
	at com.classes.BaseTest.setupReporter(BaseTest.java:99)
	at sun.reflect.NativeMethodAccessorImpl.invoke0(Native Method)
	at sun.reflect.NativeMethodAccessorImpl.invoke(Unknown Source)
	at sun.reflect.DelegatingMethodAccessorImpl.invoke(Unknown Source)
	at java.lang.reflect.Method.invoke(Unknown Source)
	at org.testng.internal.MethodInvocationHelper.invokeMethod(MethodInvocationHelper.java:124)
	at org.testng.internal.MethodInvocationHelper.invokeMethodConsideringTimeout(MethodInvocationHelper.java:59)
	at org.testng.internal.Invoker.invokeConfigurationMethod(Invoker.java:455)
	at org.testng.internal.Invoker.invokeConfigurations(Invoker.java:222)
	at org.testng.internal.Invoker.invokeConfigurations(Invoker.java:142)
	at org.testng.SuiteRunner.privateRun(SuiteRunner.java:401)
	at org.testng.SuiteRunner.run(SuiteRunner.java:364)
	at org.testng.SuiteRunnerWorker.runSuite(SuiteRunnerWorker.java:52)
	at org.testng.SuiteRunnerWorker.run(SuiteRunnerWorker.java:84)
	at org.testng.TestNG.runSuitesSequentially(TestNG.java:1208)
	at org.testng.TestNG.runSuitesLocally(TestNG.java:1137)
	at org.testng.TestNG.runSuites(TestNG.java:1049)
	at org.testng.TestNG.run(TestNG.java:1017)
	at org.testng.remote.AbstractRemoteTestNG.run(AbstractRemoteTestNG.java:115)
	at org.testng.remote.RemoteTestNG.initAndRun(RemoteTestNG.java:251)
	at org.testng.remote.RemoteTestNG.main(RemoteTestNG.java:77)

2022-07-01 16:07:46,989 [main] INFO com.utils.ExcelUtility - java.lang.NullPointerException
	at com.utils.ExcelUtility.getCellData(ExcelUtility.java:311)
	at com.utils._masterVO.loadGatewayCases(_masterVO.java:115)
	at com.utils._masterVO.loadExternalServices(_masterVO.java:448)
	at com.utils._masterVO.loadVO(_masterVO.java:81)
	at com.classes.BaseTest.setupReporter(BaseTest.java:99)
	at sun.reflect.NativeMethodAccessorImpl.invoke0(Native Method)
	at sun.reflect.NativeMethodAccessorImpl.invoke(Unknown Source)
	at sun.reflect.DelegatingMethodAccessorImpl.invoke(Unknown Source)
	at java.lang.reflect.Method.invoke(Unknown Source)
	at org.testng.internal.MethodInvocationHelper.invokeMethod(MethodInvocationHelper.java:124)
	at org.testng.internal.MethodInvocationHelper.invokeMethodConsideringTimeout(MethodInvocationHelper.java:59)
	at org.testng.internal.Invoker.invokeConfigurationMethod(Invoker.java:455)
	at org.testng.internal.Invoker.invokeConfigurations(Invoker.java:222)
	at org.testng.internal.Invoker.invokeConfigurations(Invoker.java:142)
	at org.testng.SuiteRunner.privateRun(SuiteRunner.java:401)
	at org.testng.SuiteRunner.run(SuiteRunner.java:364)
	at org.testng.SuiteRunnerWorker.runSuite(SuiteRunnerWorker.java:52)
	at org.testng.SuiteRunnerWorker.run(SuiteRunnerWorker.java:84)
	at org.testng.TestNG.runSuitesSequentially(TestNG.java:1208)
	at org.testng.TestNG.runSuitesLocally(TestNG.java:1137)
	at org.testng.TestNG.runSuites(TestNG.java:1049)
	at org.testng.TestNG.run(TestNG.java:1017)
	at org.testng.remote.AbstractRemoteTestNG.run(AbstractRemoteTestNG.java:115)
	at org.testng.remote.RemoteTestNG.initAndRun(RemoteTestNG.java:251)
	at org.testng.remote.RemoteTestNG.main(RemoteTestNG.java:77)

2022-07-01 16:07:47,029 [main] INFO com.utils.ExcelUtility - java.lang.NullPointerException
	at com.utils.ExcelUtility.getCellData(ExcelUtility.java:311)
	at com.utils._masterVO.loadGatewayCases(_masterVO.java:115)
	at com.utils._masterVO.loadExternalServices(_masterVO.java:448)
	at com.utils._masterVO.loadVO(_masterVO.java:81)
	at com.classes.BaseTest.setupReporter(BaseTest.java:99)
	at sun.reflect.NativeMethodAccessorImpl.invoke0(Native Method)
	at sun.reflect.NativeMethodAccessorImpl.invoke(Unknown Source)
	at sun.reflect.DelegatingMethodAccessorImpl.invoke(Unknown Source)
	at java.lang.reflect.Method.invoke(Unknown Source)
	at org.testng.internal.MethodInvocationHelper.invokeMethod(MethodInvocationHelper.java:124)
	at org.testng.internal.MethodInvocationHelper.invokeMethodConsideringTimeout(MethodInvocationHelper.java:59)
	at org.testng.internal.Invoker.invokeConfigurationMethod(Invoker.java:455)
	at org.testng.internal.Invoker.invokeConfigurations(Invoker.java:222)
	at org.testng.internal.Invoker.invokeConfigurations(Invoker.java:142)
	at org.testng.SuiteRunner.privateRun(SuiteRunner.java:401)
	at org.testng.SuiteRunner.run(SuiteRunner.java:364)
	at org.testng.SuiteRunnerWorker.runSuite(SuiteRunnerWorker.java:52)
	at org.testng.SuiteRunnerWorker.run(SuiteRunnerWorker.java:84)
	at org.testng.TestNG.runSuitesSequentially(TestNG.java:1208)
	at org.testng.TestNG.runSuitesLocally(TestNG.java:1137)
	at org.testng.TestNG.runSuites(TestNG.java:1049)
	at org.testng.TestNG.run(TestNG.java:1017)
	at org.testng.remote.AbstractRemoteTestNG.run(AbstractRemoteTestNG.java:115)
	at org.testng.remote.RemoteTestNG.initAndRun(RemoteTestNG.java:251)
	at org.testng.remote.RemoteTestNG.main(RemoteTestNG.java:77)

2022-07-01 16:07:47,030 [main] INFO com.utils.ExcelUtility - java.lang.NullPointerException
	at com.utils.ExcelUtility.getCellData(ExcelUtility.java:311)
	at com.utils._masterVO.loadGatewayCases(_masterVO.java:115)
	at com.utils._masterVO.loadExternalServices(_masterVO.java:448)
	at com.utils._masterVO.loadVO(_masterVO.java:81)
	at com.classes.BaseTest.setupReporter(BaseTest.java:99)
	at sun.reflect.NativeMethodAccessorImpl.invoke0(Native Method)
	at sun.reflect.NativeMethodAccessorImpl.invoke(Unknown Source)
	at sun.reflect.DelegatingMethodAccessorImpl.invoke(Unknown Source)
	at java.lang.reflect.Method.invoke(Unknown Source)
	at org.testng.internal.MethodInvocationHelper.invokeMethod(MethodInvocationHelper.java:124)
	at org.testng.internal.MethodInvocationHelper.invokeMethodConsideringTimeout(MethodInvocationHelper.java:59)
	at org.testng.internal.Invoker.invokeConfigurationMethod(Invoker.java:455)
	at org.testng.internal.Invoker.invokeConfigurations(Invoker.java:222)
	at org.testng.internal.Invoker.invokeConfigurations(Invoker.java:142)
	at org.testng.SuiteRunner.privateRun(SuiteRunner.java:401)
	at org.testng.SuiteRunner.run(SuiteRunner.java:364)
	at org.testng.SuiteRunnerWorker.runSuite(SuiteRunnerWorker.java:52)
	at org.testng.SuiteRunnerWorker.run(SuiteRunnerWorker.java:84)
	at org.testng.TestNG.runSuitesSequentially(TestNG.java:1208)
	at org.testng.TestNG.runSuitesLocally(TestNG.java:1137)
	at org.testng.TestNG.runSuites(TestNG.java:1049)
	at org.testng.TestNG.run(TestNG.java:1017)
	at org.testng.remote.AbstractRemoteTestNG.run(AbstractRemoteTestNG.java:115)
	at org.testng.remote.RemoteTestNG.initAndRun(RemoteTestNG.java:251)
	at org.testng.remote.RemoteTestNG.main(RemoteTestNG.java:77)

2022-07-01 16:07:47,034 [main] INFO com.utils.ExcelUtility - java.lang.NullPointerException
	at com.utils.ExcelUtility.getCellData(ExcelUtility.java:311)
	at com.utils._masterVO.loadGatewayCases(_masterVO.java:115)
	at com.utils._masterVO.loadExternalServices(_masterVO.java:448)
	at com.utils._masterVO.loadVO(_masterVO.java:81)
	at com.classes.BaseTest.setupReporter(BaseTest.java:99)
	at sun.reflect.NativeMethodAccessorImpl.invoke0(Native Method)
	at sun.reflect.NativeMethodAccessorImpl.invoke(Unknown Source)
	at sun.reflect.DelegatingMethodAccessorImpl.invoke(Unknown Source)
	at java.lang.reflect.Method.invoke(Unknown Source)
	at org.testng.internal.MethodInvocationHelper.invokeMethod(MethodInvocationHelper.java:124)
	at org.testng.internal.MethodInvocationHelper.invokeMethodConsideringTimeout(MethodInvocationHelper.java:59)
	at org.testng.internal.Invoker.invokeConfigurationMethod(Invoker.java:455)
	at org.testng.internal.Invoker.invokeConfigurations(Invoker.java:222)
	at org.testng.internal.Invoker.invokeConfigurations(Invoker.java:142)
	at org.testng.SuiteRunner.privateRun(SuiteRunner.java:401)
	at org.testng.SuiteRunner.run(SuiteRunner.java:364)
	at org.testng.SuiteRunnerWorker.runSuite(SuiteRunnerWorker.java:52)
	at org.testng.SuiteRunnerWorker.run(SuiteRunnerWorker.java:84)
	at org.testng.TestNG.runSuitesSequentially(TestNG.java:1208)
	at org.testng.TestNG.runSuitesLocally(TestNG.java:1137)
	at org.testng.TestNG.runSuites(TestNG.java:1049)
	at org.testng.TestNG.run(TestNG.java:1017)
	at org.testng.remote.AbstractRemoteTestNG.run(AbstractRemoteTestNG.java:115)
	at org.testng.remote.RemoteTestNG.initAndRun(RemoteTestNG.java:251)
	at org.testng.remote.RemoteTestNG.main(RemoteTestNG.java:77)

2022-07-01 16:07:47,034 [main] INFO com.utils.ExcelUtility - java.lang.NullPointerException
	at com.utils.ExcelUtility.getCellData(ExcelUtility.java:311)
	at com.utils._masterVO.loadGatewayCases(_masterVO.java:115)
	at com.utils._masterVO.loadExternalServices(_masterVO.java:448)
	at com.utils._masterVO.loadVO(_masterVO.java:81)
	at com.classes.BaseTest.setupReporter(BaseTest.java:99)
	at sun.reflect.NativeMethodAccessorImpl.invoke0(Native Method)
	at sun.reflect.NativeMethodAccessorImpl.invoke(Unknown Source)
	at sun.reflect.DelegatingMethodAccessorImpl.invoke(Unknown Source)
	at java.lang.reflect.Method.invoke(Unknown Source)
	at org.testng.internal.MethodInvocationHelper.invokeMethod(MethodInvocationHelper.java:124)
	at org.testng.internal.MethodInvocationHelper.invokeMethodConsideringTimeout(MethodInvocationHelper.java:59)
	at org.testng.internal.Invoker.invokeConfigurationMethod(Invoker.java:455)
	at org.testng.internal.Invoker.invokeConfigurations(Invoker.java:222)
	at org.testng.internal.Invoker.invokeConfigurations(Invoker.java:142)
	at org.testng.SuiteRunner.privateRun(SuiteRunner.java:401)
	at org.testng.SuiteRunner.run(SuiteRunner.java:364)
	at org.testng.SuiteRunnerWorker.runSuite(SuiteRunnerWorker.java:52)
	at org.testng.SuiteRunnerWorker.run(SuiteRunnerWorker.java:84)
	at org.testng.TestNG.runSuitesSequentially(TestNG.java:1208)
	at org.testng.TestNG.runSuitesLocally(TestNG.java:1137)
	at org.testng.TestNG.runSuites(TestNG.java:1049)
	at org.testng.TestNG.run(TestNG.java:1017)
	at org.testng.remote.AbstractRemoteTestNG.run(AbstractRemoteTestNG.java:115)
	at org.testng.remote.RemoteTestNG.initAndRun(RemoteTestNG.java:251)
	at org.testng.remote.RemoteTestNG.main(RemoteTestNG.java:77)

2022-07-01 16:07:47,035 [main] INFO com.utils.ExcelUtility - java.lang.NullPointerException
	at com.utils.ExcelUtility.getCellData(ExcelUtility.java:311)
	at com.utils._masterVO.loadGatewayCases(_masterVO.java:115)
	at com.utils._masterVO.loadExternalServices(_masterVO.java:448)
	at com.utils._masterVO.loadVO(_masterVO.java:81)
	at com.classes.BaseTest.setupReporter(BaseTest.java:99)
	at sun.reflect.NativeMethodAccessorImpl.invoke0(Native Method)
	at sun.reflect.NativeMethodAccessorImpl.invoke(Unknown Source)
	at sun.reflect.DelegatingMethodAccessorImpl.invoke(Unknown Source)
	at java.lang.reflect.Method.invoke(Unknown Source)
	at org.testng.internal.MethodInvocationHelper.invokeMethod(MethodInvocationHelper.java:124)
	at org.testng.internal.MethodInvocationHelper.invokeMethodConsideringTimeout(MethodInvocationHelper.java:59)
	at org.testng.internal.Invoker.invokeConfigurationMethod(Invoker.java:455)
	at org.testng.internal.Invoker.invokeConfigurations(Invoker.java:222)
	at org.testng.internal.Invoker.invokeConfigurations(Invoker.java:142)
	at org.testng.SuiteRunner.privateRun(SuiteRunner.java:401)
	at org.testng.SuiteRunner.run(SuiteRunner.java:364)
	at org.testng.SuiteRunnerWorker.runSuite(SuiteRunnerWorker.java:52)
	at org.testng.SuiteRunnerWorker.run(SuiteRunnerWorker.java:84)
	at org.testng.TestNG.runSuitesSequentially(TestNG.java:1208)
	at org.testng.TestNG.runSuitesLocally(TestNG.java:1137)
	at org.testng.TestNG.runSuites(TestNG.java:1049)
	at org.testng.TestNG.run(TestNG.java:1017)
	at org.testng.remote.AbstractRemoteTestNG.run(AbstractRemoteTestNG.java:115)
	at org.testng.remote.RemoteTestNG.initAndRun(RemoteTestNG.java:251)
	at org.testng.remote.RemoteTestNG.main(RemoteTestNG.java:77)

2022-07-01 16:07:47,035 [main] INFO com.utils.ExcelUtility - java.lang.NullPointerException
	at com.utils.ExcelUtility.getCellData(ExcelUtility.java:311)
	at com.utils._masterVO.loadGatewayCases(_masterVO.java:115)
	at com.utils._masterVO.loadExternalServices(_masterVO.java:448)
	at com.utils._masterVO.loadVO(_masterVO.java:81)
	at com.classes.BaseTest.setupReporter(BaseTest.java:99)
	at sun.reflect.NativeMethodAccessorImpl.invoke0(Native Method)
	at sun.reflect.NativeMethodAccessorImpl.invoke(Unknown Source)
	at sun.reflect.DelegatingMethodAccessorImpl.invoke(Unknown Source)
	at java.lang.reflect.Method.invoke(Unknown Source)
	at org.testng.internal.MethodInvocationHelper.invokeMethod(MethodInvocationHelper.java:124)
	at org.testng.internal.MethodInvocationHelper.invokeMethodConsideringTimeout(MethodInvocationHelper.java:59)
	at org.testng.internal.Invoker.invokeConfigurationMethod(Invoker.java:455)
	at org.testng.internal.Invoker.invokeConfigurations(Invoker.java:222)
	at org.testng.internal.Invoker.invokeConfigurations(Invoker.java:142)
	at org.testng.SuiteRunner.privateRun(SuiteRunner.java:401)
	at org.testng.SuiteRunner.run(SuiteRunner.java:364)
	at org.testng.SuiteRunnerWorker.runSuite(SuiteRunnerWorker.java:52)
	at org.testng.SuiteRunnerWorker.run(SuiteRunnerWorker.java:84)
	at org.testng.TestNG.runSuitesSequentially(TestNG.java:1208)
	at org.testng.TestNG.runSuitesLocally(TestNG.java:1137)
	at org.testng.TestNG.runSuites(TestNG.java:1049)
	at org.testng.TestNG.run(TestNG.java:1017)
	at org.testng.remote.AbstractRemoteTestNG.run(AbstractRemoteTestNG.java:115)
	at org.testng.remote.RemoteTestNG.initAndRun(RemoteTestNG.java:251)
	at org.testng.remote.RemoteTestNG.main(RemoteTestNG.java:77)

2022-07-01 16:07:47,036 [main] INFO com.utils.ExcelUtility - java.lang.NullPointerException
	at com.utils.ExcelUtility.getCellData(ExcelUtility.java:311)
	at com.utils._masterVO.loadGatewayCases(_masterVO.java:115)
	at com.utils._masterVO.loadExternalServices(_masterVO.java:448)
	at com.utils._masterVO.loadVO(_masterVO.java:81)
	at com.classes.BaseTest.setupReporter(BaseTest.java:99)
	at sun.reflect.NativeMethodAccessorImpl.invoke0(Native Method)
	at sun.reflect.NativeMethodAccessorImpl.invoke(Unknown Source)
	at sun.reflect.DelegatingMethodAccessorImpl.invoke(Unknown Source)
	at java.lang.reflect.Method.invoke(Unknown Source)
	at org.testng.internal.MethodInvocationHelper.invokeMethod(MethodInvocationHelper.java:124)
	at org.testng.internal.MethodInvocationHelper.invokeMethodConsideringTimeout(MethodInvocationHelper.java:59)
	at org.testng.internal.Invoker.invokeConfigurationMethod(Invoker.java:455)
	at org.testng.internal.Invoker.invokeConfigurations(Invoker.java:222)
	at org.testng.internal.Invoker.invokeConfigurations(Invoker.java:142)
	at org.testng.SuiteRunner.privateRun(SuiteRunner.java:401)
	at org.testng.SuiteRunner.run(SuiteRunner.java:364)
	at org.testng.SuiteRunnerWorker.runSuite(SuiteRunnerWorker.java:52)
	at org.testng.SuiteRunnerWorker.run(SuiteRunnerWorker.java:84)
	at org.testng.TestNG.runSuitesSequentially(TestNG.java:1208)
	at org.testng.TestNG.runSuitesLocally(TestNG.java:1137)
	at org.testng.TestNG.runSuites(TestNG.java:1049)
	at org.testng.TestNG.run(TestNG.java:1017)
	at org.testng.remote.AbstractRemoteTestNG.run(AbstractRemoteTestNG.java:115)
	at org.testng.remote.RemoteTestNG.initAndRun(RemoteTestNG.java:251)
	at org.testng.remote.RemoteTestNG.main(RemoteTestNG.java:77)

2022-07-01 16:07:47,036 [main] INFO com.utils.ExcelUtility - java.lang.NullPointerException
	at com.utils.ExcelUtility.getCellData(ExcelUtility.java:311)
	at com.utils._masterVO.loadGatewayCases(_masterVO.java:115)
	at com.utils._masterVO.loadExternalServices(_masterVO.java:448)
	at com.utils._masterVO.loadVO(_masterVO.java:81)
	at com.classes.BaseTest.setupReporter(BaseTest.java:99)
	at sun.reflect.NativeMethodAccessorImpl.invoke0(Native Method)
	at sun.reflect.NativeMethodAccessorImpl.invoke(Unknown Source)
	at sun.reflect.DelegatingMethodAccessorImpl.invoke(Unknown Source)
	at java.lang.reflect.Method.invoke(Unknown Source)
	at org.testng.internal.MethodInvocationHelper.invokeMethod(MethodInvocationHelper.java:124)
	at org.testng.internal.MethodInvocationHelper.invokeMethodConsideringTimeout(MethodInvocationHelper.java:59)
	at org.testng.internal.Invoker.invokeConfigurationMethod(Invoker.java:455)
	at org.testng.internal.Invoker.invokeConfigurations(Invoker.java:222)
	at org.testng.internal.Invoker.invokeConfigurations(Invoker.java:142)
	at org.testng.SuiteRunner.privateRun(SuiteRunner.java:401)
	at org.testng.SuiteRunner.run(SuiteRunner.java:364)
	at org.testng.SuiteRunnerWorker.runSuite(SuiteRunnerWorker.java:52)
	at org.testng.SuiteRunnerWorker.run(SuiteRunnerWorker.java:84)
	at org.testng.TestNG.runSuitesSequentially(TestNG.java:1208)
	at org.testng.TestNG.runSuitesLocally(TestNG.java:1137)
	at org.testng.TestNG.runSuites(TestNG.java:1049)
	at org.testng.TestNG.run(TestNG.java:1017)
	at org.testng.remote.AbstractRemoteTestNG.run(AbstractRemoteTestNG.java:115)
	at org.testng.remote.RemoteTestNG.initAndRun(RemoteTestNG.java:251)
	at org.testng.remote.RemoteTestNG.main(RemoteTestNG.java:77)

2022-07-01 16:07:47,037 [main] INFO com.utils.ExcelUtility - java.lang.NullPointerException
	at com.utils.ExcelUtility.getCellData(ExcelUtility.java:311)
	at com.utils._masterVO.loadGatewayCases(_masterVO.java:115)
	at com.utils._masterVO.loadExternalServices(_masterVO.java:448)
	at com.utils._masterVO.loadVO(_masterVO.java:81)
	at com.classes.BaseTest.setupReporter(BaseTest.java:99)
	at sun.reflect.NativeMethodAccessorImpl.invoke0(Native Method)
	at sun.reflect.NativeMethodAccessorImpl.invoke(Unknown Source)
	at sun.reflect.DelegatingMethodAccessorImpl.invoke(Unknown Source)
	at java.lang.reflect.Method.invoke(Unknown Source)
	at org.testng.internal.MethodInvocationHelper.invokeMethod(MethodInvocationHelper.java:124)
	at org.testng.internal.MethodInvocationHelper.invokeMethodConsideringTimeout(MethodInvocationHelper.java:59)
	at org.testng.internal.Invoker.invokeConfigurationMethod(Invoker.java:455)
	at org.testng.internal.Invoker.invokeConfigurations(Invoker.java:222)
	at org.testng.internal.Invoker.invokeConfigurations(Invoker.java:142)
	at org.testng.SuiteRunner.privateRun(SuiteRunner.java:401)
	at org.testng.SuiteRunner.run(SuiteRunner.java:364)
	at org.testng.SuiteRunnerWorker.runSuite(SuiteRunnerWorker.java:52)
	at org.testng.SuiteRunnerWorker.run(SuiteRunnerWorker.java:84)
	at org.testng.TestNG.runSuitesSequentially(TestNG.java:1208)
	at org.testng.TestNG.runSuitesLocally(TestNG.java:1137)
	at org.testng.TestNG.runSuites(TestNG.java:1049)
	at org.testng.TestNG.run(TestNG.java:1017)
	at org.testng.remote.AbstractRemoteTestNG.run(AbstractRemoteTestNG.java:115)
	at org.testng.remote.RemoteTestNG.initAndRun(RemoteTestNG.java:251)
	at org.testng.remote.RemoteTestNG.main(RemoteTestNG.java:77)

2022-07-01 16:07:47,037 [main] INFO com.utils.ExcelUtility - java.lang.NullPointerException
	at com.utils.ExcelUtility.getCellData(ExcelUtility.java:311)
	at com.utils._masterVO.loadGatewayCases(_masterVO.java:115)
	at com.utils._masterVO.loadExternalServices(_masterVO.java:448)
	at com.utils._masterVO.loadVO(_masterVO.java:81)
	at com.classes.BaseTest.setupReporter(BaseTest.java:99)
	at sun.reflect.NativeMethodAccessorImpl.invoke0(Native Method)
	at sun.reflect.NativeMethodAccessorImpl.invoke(Unknown Source)
	at sun.reflect.DelegatingMethodAccessorImpl.invoke(Unknown Source)
	at java.lang.reflect.Method.invoke(Unknown Source)
	at org.testng.internal.MethodInvocationHelper.invokeMethod(MethodInvocationHelper.java:124)
	at org.testng.internal.MethodInvocationHelper.invokeMethodConsideringTimeout(MethodInvocationHelper.java:59)
	at org.testng.internal.Invoker.invokeConfigurationMethod(Invoker.java:455)
	at org.testng.internal.Invoker.invokeConfigurations(Invoker.java:222)
	at org.testng.internal.Invoker.invokeConfigurations(Invoker.java:142)
	at org.testng.SuiteRunner.privateRun(SuiteRunner.java:401)
	at org.testng.SuiteRunner.run(SuiteRunner.java:364)
	at org.testng.SuiteRunnerWorker.runSuite(SuiteRunnerWorker.java:52)
	at org.testng.SuiteRunnerWorker.run(SuiteRunnerWorker.java:84)
	at org.testng.TestNG.runSuitesSequentially(TestNG.java:1208)
	at org.testng.TestNG.runSuitesLocally(TestNG.java:1137)
	at org.testng.TestNG.runSuites(TestNG.java:1049)
	at org.testng.TestNG.run(TestNG.java:1017)
	at org.testng.remote.AbstractRemoteTestNG.run(AbstractRemoteTestNG.java:115)
	at org.testng.remote.RemoteTestNG.initAndRun(RemoteTestNG.java:251)
	at org.testng.remote.RemoteTestNG.main(RemoteTestNG.java:77)

2022-07-01 16:07:47,038 [main] INFO com.utils.ExcelUtility - java.lang.NullPointerException
	at com.utils.ExcelUtility.getCellData(ExcelUtility.java:311)
	at com.utils._masterVO.loadGatewayCases(_masterVO.java:115)
	at com.utils._masterVO.loadExternalServices(_masterVO.java:448)
	at com.utils._masterVO.loadVO(_masterVO.java:81)
	at com.classes.BaseTest.setupReporter(BaseTest.java:99)
	at sun.reflect.NativeMethodAccessorImpl.invoke0(Native Method)
	at sun.reflect.NativeMethodAccessorImpl.invoke(Unknown Source)
	at sun.reflect.DelegatingMethodAccessorImpl.invoke(Unknown Source)
	at java.lang.reflect.Method.invoke(Unknown Source)
	at org.testng.internal.MethodInvocationHelper.invokeMethod(MethodInvocationHelper.java:124)
	at org.testng.internal.MethodInvocationHelper.invokeMethodConsideringTimeout(MethodInvocationHelper.java:59)
	at org.testng.internal.Invoker.invokeConfigurationMethod(Invoker.java:455)
	at org.testng.internal.Invoker.invokeConfigurations(Invoker.java:222)
	at org.testng.internal.Invoker.invokeConfigurations(Invoker.java:142)
	at org.testng.SuiteRunner.privateRun(SuiteRunner.java:401)
	at org.testng.SuiteRunner.run(SuiteRunner.java:364)
	at org.testng.SuiteRunnerWorker.runSuite(SuiteRunnerWorker.java:52)
	at org.testng.SuiteRunnerWorker.run(SuiteRunnerWorker.java:84)
	at org.testng.TestNG.runSuitesSequentially(TestNG.java:1208)
	at org.testng.TestNG.runSuitesLocally(TestNG.java:1137)
	at org.testng.TestNG.runSuites(TestNG.java:1049)
	at org.testng.TestNG.run(TestNG.java:1017)
	at org.testng.remote.AbstractRemoteTestNG.run(AbstractRemoteTestNG.java:115)
	at org.testng.remote.RemoteTestNG.initAndRun(RemoteTestNG.java:251)
	at org.testng.remote.RemoteTestNG.main(RemoteTestNG.java:77)

2022-07-01 16:07:47,040 [main] INFO com.utils.ExcelUtility - java.lang.NullPointerException
	at com.utils.ExcelUtility.getCellData(ExcelUtility.java:311)
	at com.utils._masterVO.loadGatewayCases(_masterVO.java:115)
	at com.utils._masterVO.loadExternalServices(_masterVO.java:448)
	at com.utils._masterVO.loadVO(_masterVO.java:81)
	at com.classes.BaseTest.setupReporter(BaseTest.java:99)
	at sun.reflect.NativeMethodAccessorImpl.invoke0(Native Method)
	at sun.reflect.NativeMethodAccessorImpl.invoke(Unknown Source)
	at sun.reflect.DelegatingMethodAccessorImpl.invoke(Unknown Source)
	at java.lang.reflect.Method.invoke(Unknown Source)
	at org.testng.internal.MethodInvocationHelper.invokeMethod(MethodInvocationHelper.java:124)
	at org.testng.internal.MethodInvocationHelper.invokeMethodConsideringTimeout(MethodInvocationHelper.java:59)
	at org.testng.internal.Invoker.invokeConfigurationMethod(Invoker.java:455)
	at org.testng.internal.Invoker.invokeConfigurations(Invoker.java:222)
	at org.testng.internal.Invoker.invokeConfigurations(Invoker.java:142)
	at org.testng.SuiteRunner.privateRun(SuiteRunner.java:401)
	at org.testng.SuiteRunner.run(SuiteRunner.java:364)
	at org.testng.SuiteRunnerWorker.runSuite(SuiteRunnerWorker.java:52)
	at org.testng.SuiteRunnerWorker.run(SuiteRunnerWorker.java:84)
	at org.testng.TestNG.runSuitesSequentially(TestNG.java:1208)
	at org.testng.TestNG.runSuitesLocally(TestNG.java:1137)
	at org.testng.TestNG.runSuites(TestNG.java:1049)
	at org.testng.TestNG.run(TestNG.java:1017)
	at org.testng.remote.AbstractRemoteTestNG.run(AbstractRemoteTestNG.java:115)
	at org.testng.remote.RemoteTestNG.initAndRun(RemoteTestNG.java:251)
	at org.testng.remote.RemoteTestNG.main(RemoteTestNG.java:77)

2022-07-01 16:07:47,040 [main] INFO com.utils.ExcelUtility - java.lang.NullPointerException
	at com.utils.ExcelUtility.getCellData(ExcelUtility.java:311)
	at com.utils._masterVO.loadGatewayCases(_masterVO.java:115)
	at com.utils._masterVO.loadExternalServices(_masterVO.java:448)
	at com.utils._masterVO.loadVO(_masterVO.java:81)
	at com.classes.BaseTest.setupReporter(BaseTest.java:99)
	at sun.reflect.NativeMethodAccessorImpl.invoke0(Native Method)
	at sun.reflect.NativeMethodAccessorImpl.invoke(Unknown Source)
	at sun.reflect.DelegatingMethodAccessorImpl.invoke(Unknown Source)
	at java.lang.reflect.Method.invoke(Unknown Source)
	at org.testng.internal.MethodInvocationHelper.invokeMethod(MethodInvocationHelper.java:124)
	at org.testng.internal.MethodInvocationHelper.invokeMethodConsideringTimeout(MethodInvocationHelper.java:59)
	at org.testng.internal.Invoker.invokeConfigurationMethod(Invoker.java:455)
	at org.testng.internal.Invoker.invokeConfigurations(Invoker.java:222)
	at org.testng.internal.Invoker.invokeConfigurations(Invoker.java:142)
	at org.testng.SuiteRunner.privateRun(SuiteRunner.java:401)
	at org.testng.SuiteRunner.run(SuiteRunner.java:364)
	at org.testng.SuiteRunnerWorker.runSuite(SuiteRunnerWorker.java:52)
	at org.testng.SuiteRunnerWorker.run(SuiteRunnerWorker.java:84)
	at org.testng.TestNG.runSuitesSequentially(TestNG.java:1208)
	at org.testng.TestNG.runSuitesLocally(TestNG.java:1137)
	at org.testng.TestNG.runSuites(TestNG.java:1049)
	at org.testng.TestNG.run(TestNG.java:1017)
	at org.testng.remote.AbstractRemoteTestNG.run(AbstractRemoteTestNG.java:115)
	at org.testng.remote.RemoteTestNG.initAndRun(RemoteTestNG.java:251)
	at org.testng.remote.RemoteTestNG.main(RemoteTestNG.java:77)

2022-07-01 16:07:47,041 [main] INFO com.utils.ExcelUtility - java.lang.NullPointerException
	at com.utils.ExcelUtility.getCellData(ExcelUtility.java:311)
	at com.utils._masterVO.loadGatewayCases(_masterVO.java:115)
	at com.utils._masterVO.loadExternalServices(_masterVO.java:448)
	at com.utils._masterVO.loadVO(_masterVO.java:81)
	at com.classes.BaseTest.setupReporter(BaseTest.java:99)
	at sun.reflect.NativeMethodAccessorImpl.invoke0(Native Method)
	at sun.reflect.NativeMethodAccessorImpl.invoke(Unknown Source)
	at sun.reflect.DelegatingMethodAccessorImpl.invoke(Unknown Source)
	at java.lang.reflect.Method.invoke(Unknown Source)
	at org.testng.internal.MethodInvocationHelper.invokeMethod(MethodInvocationHelper.java:124)
	at org.testng.internal.MethodInvocationHelper.invokeMethodConsideringTimeout(MethodInvocationHelper.java:59)
	at org.testng.internal.Invoker.invokeConfigurationMethod(Invoker.java:455)
	at org.testng.internal.Invoker.invokeConfigurations(Invoker.java:222)
	at org.testng.internal.Invoker.invokeConfigurations(Invoker.java:142)
	at org.testng.SuiteRunner.privateRun(SuiteRunner.java:401)
	at org.testng.SuiteRunner.run(SuiteRunner.java:364)
	at org.testng.SuiteRunnerWorker.runSuite(SuiteRunnerWorker.java:52)
	at org.testng.SuiteRunnerWorker.run(SuiteRunnerWorker.java:84)
	at org.testng.TestNG.runSuitesSequentially(TestNG.java:1208)
	at org.testng.TestNG.runSuitesLocally(TestNG.java:1137)
	at org.testng.TestNG.runSuites(TestNG.java:1049)
	at org.testng.TestNG.run(TestNG.java:1017)
	at org.testng.remote.AbstractRemoteTestNG.run(AbstractRemoteTestNG.java:115)
	at org.testng.remote.RemoteTestNG.initAndRun(RemoteTestNG.java:251)
	at org.testng.remote.RemoteTestNG.main(RemoteTestNG.java:77)

2022-07-01 16:07:47,041 [main] INFO com.utils.ExcelUtility - java.lang.NullPointerException
	at com.utils.ExcelUtility.getCellData(ExcelUtility.java:311)
	at com.utils._masterVO.loadGatewayCases(_masterVO.java:115)
	at com.utils._masterVO.loadExternalServices(_masterVO.java:448)
	at com.utils._masterVO.loadVO(_masterVO.java:81)
	at com.classes.BaseTest.setupReporter(BaseTest.java:99)
	at sun.reflect.NativeMethodAccessorImpl.invoke0(Native Method)
	at sun.reflect.NativeMethodAccessorImpl.invoke(Unknown Source)
	at sun.reflect.DelegatingMethodAccessorImpl.invoke(Unknown Source)
	at java.lang.reflect.Method.invoke(Unknown Source)
	at org.testng.internal.MethodInvocationHelper.invokeMethod(MethodInvocationHelper.java:124)
	at org.testng.internal.MethodInvocationHelper.invokeMethodConsideringTimeout(MethodInvocationHelper.java:59)
	at org.testng.internal.Invoker.invokeConfigurationMethod(Invoker.java:455)
	at org.testng.internal.Invoker.invokeConfigurations(Invoker.java:222)
	at org.testng.internal.Invoker.invokeConfigurations(Invoker.java:142)
	at org.testng.SuiteRunner.privateRun(SuiteRunner.java:401)
	at org.testng.SuiteRunner.run(SuiteRunner.java:364)
	at org.testng.SuiteRunnerWorker.runSuite(SuiteRunnerWorker.java:52)
	at org.testng.SuiteRunnerWorker.run(SuiteRunnerWorker.java:84)
	at org.testng.TestNG.runSuitesSequentially(TestNG.java:1208)
	at org.testng.TestNG.runSuitesLocally(TestNG.java:1137)
	at org.testng.TestNG.runSuites(TestNG.java:1049)
	at org.testng.TestNG.run(TestNG.java:1017)
	at org.testng.remote.AbstractRemoteTestNG.run(AbstractRemoteTestNG.java:115)
	at org.testng.remote.RemoteTestNG.initAndRun(RemoteTestNG.java:251)
	at org.testng.remote.RemoteTestNG.main(RemoteTestNG.java:77)

2022-07-01 16:07:47,041 [main] INFO com.utils.ExcelUtility - java.lang.NullPointerException
	at com.utils.ExcelUtility.getCellData(ExcelUtility.java:311)
	at com.utils._masterVO.loadGatewayCases(_masterVO.java:115)
	at com.utils._masterVO.loadExternalServices(_masterVO.java:448)
	at com.utils._masterVO.loadVO(_masterVO.java:81)
	at com.classes.BaseTest.setupReporter(BaseTest.java:99)
	at sun.reflect.NativeMethodAccessorImpl.invoke0(Native Method)
	at sun.reflect.NativeMethodAccessorImpl.invoke(Unknown Source)
	at sun.reflect.DelegatingMethodAccessorImpl.invoke(Unknown Source)
	at java.lang.reflect.Method.invoke(Unknown Source)
	at org.testng.internal.MethodInvocationHelper.invokeMethod(MethodInvocationHelper.java:124)
	at org.testng.internal.MethodInvocationHelper.invokeMethodConsideringTimeout(MethodInvocationHelper.java:59)
	at org.testng.internal.Invoker.invokeConfigurationMethod(Invoker.java:455)
	at org.testng.internal.Invoker.invokeConfigurations(Invoker.java:222)
	at org.testng.internal.Invoker.invokeConfigurations(Invoker.java:142)
	at org.testng.SuiteRunner.privateRun(SuiteRunner.java:401)
	at org.testng.SuiteRunner.run(SuiteRunner.java:364)
	at org.testng.SuiteRunnerWorker.runSuite(SuiteRunnerWorker.java:52)
	at org.testng.SuiteRunnerWorker.run(SuiteRunnerWorker.java:84)
	at org.testng.TestNG.runSuitesSequentially(TestNG.java:1208)
	at org.testng.TestNG.runSuitesLocally(TestNG.java:1137)
	at org.testng.TestNG.runSuites(TestNG.java:1049)
	at org.testng.TestNG.run(TestNG.java:1017)
	at org.testng.remote.AbstractRemoteTestNG.run(AbstractRemoteTestNG.java:115)
	at org.testng.remote.RemoteTestNG.initAndRun(RemoteTestNG.java:251)
	at org.testng.remote.RemoteTestNG.main(RemoteTestNG.java:77)

2022-07-01 16:07:47,042 [main] INFO com.utils.ExcelUtility - java.lang.NullPointerException
	at com.utils.ExcelUtility.getCellData(ExcelUtility.java:311)
	at com.utils._masterVO.loadGatewayCases(_masterVO.java:115)
	at com.utils._masterVO.loadExternalServices(_masterVO.java:448)
	at com.utils._masterVO.loadVO(_masterVO.java:81)
	at com.classes.BaseTest.setupReporter(BaseTest.java:99)
	at sun.reflect.NativeMethodAccessorImpl.invoke0(Native Method)
	at sun.reflect.NativeMethodAccessorImpl.invoke(Unknown Source)
	at sun.reflect.DelegatingMethodAccessorImpl.invoke(Unknown Source)
	at java.lang.reflect.Method.invoke(Unknown Source)
	at org.testng.internal.MethodInvocationHelper.invokeMethod(MethodInvocationHelper.java:124)
	at org.testng.internal.MethodInvocationHelper.invokeMethodConsideringTimeout(MethodInvocationHelper.java:59)
	at org.testng.internal.Invoker.invokeConfigurationMethod(Invoker.java:455)
	at org.testng.internal.Invoker.invokeConfigurations(Invoker.java:222)
	at org.testng.internal.Invoker.invokeConfigurations(Invoker.java:142)
	at org.testng.SuiteRunner.privateRun(SuiteRunner.java:401)
	at org.testng.SuiteRunner.run(SuiteRunner.java:364)
	at org.testng.SuiteRunnerWorker.runSuite(SuiteRunnerWorker.java:52)
	at org.testng.SuiteRunnerWorker.run(SuiteRunnerWorker.java:84)
	at org.testng.TestNG.runSuitesSequentially(TestNG.java:1208)
	at org.testng.TestNG.runSuitesLocally(TestNG.java:1137)
	at org.testng.TestNG.runSuites(TestNG.java:1049)
	at org.testng.TestNG.run(TestNG.java:1017)
	at org.testng.remote.AbstractRemoteTestNG.run(AbstractRemoteTestNG.java:115)
	at org.testng.remote.RemoteTestNG.initAndRun(RemoteTestNG.java:251)
	at org.testng.remote.RemoteTestNG.main(RemoteTestNG.java:77)

2022-07-01 16:07:47,042 [main] INFO com.utils.ExcelUtility - java.lang.NullPointerException
	at com.utils.ExcelUtility.getCellData(ExcelUtility.java:311)
	at com.utils._masterVO.loadGatewayCases(_masterVO.java:115)
	at com.utils._masterVO.loadExternalServices(_masterVO.java:448)
	at com.utils._masterVO.loadVO(_masterVO.java:81)
	at com.classes.BaseTest.setupReporter(BaseTest.java:99)
	at sun.reflect.NativeMethodAccessorImpl.invoke0(Native Method)
	at sun.reflect.NativeMethodAccessorImpl.invoke(Unknown Source)
	at sun.reflect.DelegatingMethodAccessorImpl.invoke(Unknown Source)
	at java.lang.reflect.Method.invoke(Unknown Source)
	at org.testng.internal.MethodInvocationHelper.invokeMethod(MethodInvocationHelper.java:124)
	at org.testng.internal.MethodInvocationHelper.invokeMethodConsideringTimeout(MethodInvocationHelper.java:59)
	at org.testng.internal.Invoker.invokeConfigurationMethod(Invoker.java:455)
	at org.testng.internal.Invoker.invokeConfigurations(Invoker.java:222)
	at org.testng.internal.Invoker.invokeConfigurations(Invoker.java:142)
	at org.testng.SuiteRunner.privateRun(SuiteRunner.java:401)
	at org.testng.SuiteRunner.run(SuiteRunner.java:364)
	at org.testng.SuiteRunnerWorker.runSuite(SuiteRunnerWorker.java:52)
	at org.testng.SuiteRunnerWorker.run(SuiteRunnerWorker.java:84)
	at org.testng.TestNG.runSuitesSequentially(TestNG.java:1208)
	at org.testng.TestNG.runSuitesLocally(TestNG.java:1137)
	at org.testng.TestNG.runSuites(TestNG.java:1049)
	at org.testng.TestNG.run(TestNG.java:1017)
	at org.testng.remote.AbstractRemoteTestNG.run(AbstractRemoteTestNG.java:115)
	at org.testng.remote.RemoteTestNG.initAndRun(RemoteTestNG.java:251)
	at org.testng.remote.RemoteTestNG.main(RemoteTestNG.java:77)

2022-07-01 16:07:47,042 [main] INFO com.utils.ExcelUtility - java.lang.NullPointerException
	at com.utils.ExcelUtility.getCellData(ExcelUtility.java:311)
	at com.utils._masterVO.loadGatewayCases(_masterVO.java:115)
	at com.utils._masterVO.loadExternalServices(_masterVO.java:448)
	at com.utils._masterVO.loadVO(_masterVO.java:81)
	at com.classes.BaseTest.setupReporter(BaseTest.java:99)
	at sun.reflect.NativeMethodAccessorImpl.invoke0(Native Method)
	at sun.reflect.NativeMethodAccessorImpl.invoke(Unknown Source)
	at sun.reflect.DelegatingMethodAccessorImpl.invoke(Unknown Source)
	at java.lang.reflect.Method.invoke(Unknown Source)
	at org.testng.internal.MethodInvocationHelper.invokeMethod(MethodInvocationHelper.java:124)
	at org.testng.internal.MethodInvocationHelper.invokeMethodConsideringTimeout(MethodInvocationHelper.java:59)
	at org.testng.internal.Invoker.invokeConfigurationMethod(Invoker.java:455)
	at org.testng.internal.Invoker.invokeConfigurations(Invoker.java:222)
	at org.testng.internal.Invoker.invokeConfigurations(Invoker.java:142)
	at org.testng.SuiteRunner.privateRun(SuiteRunner.java:401)
	at org.testng.SuiteRunner.run(SuiteRunner.java:364)
	at org.testng.SuiteRunnerWorker.runSuite(SuiteRunnerWorker.java:52)
	at org.testng.SuiteRunnerWorker.run(SuiteRunnerWorker.java:84)
	at org.testng.TestNG.runSuitesSequentially(TestNG.java:1208)
	at org.testng.TestNG.runSuitesLocally(TestNG.java:1137)
	at org.testng.TestNG.runSuites(TestNG.java:1049)
	at org.testng.TestNG.run(TestNG.java:1017)
	at org.testng.remote.AbstractRemoteTestNG.run(AbstractRemoteTestNG.java:115)
	at org.testng.remote.RemoteTestNG.initAndRun(RemoteTestNG.java:251)
	at org.testng.remote.RemoteTestNG.main(RemoteTestNG.java:77)

2022-07-01 16:07:47,044 [main] INFO com.utils.ExcelUtility - java.lang.NullPointerException
	at com.utils.ExcelUtility.getCellData(ExcelUtility.java:311)
	at com.utils._masterVO.loadGatewayCases(_masterVO.java:115)
	at com.utils._masterVO.loadExternalServices(_masterVO.java:448)
	at com.utils._masterVO.loadVO(_masterVO.java:81)
	at com.classes.BaseTest.setupReporter(BaseTest.java:99)
	at sun.reflect.NativeMethodAccessorImpl.invoke0(Native Method)
	at sun.reflect.NativeMethodAccessorImpl.invoke(Unknown Source)
	at sun.reflect.DelegatingMethodAccessorImpl.invoke(Unknown Source)
	at java.lang.reflect.Method.invoke(Unknown Source)
	at org.testng.internal.MethodInvocationHelper.invokeMethod(MethodInvocationHelper.java:124)
	at org.testng.internal.MethodInvocationHelper.invokeMethodConsideringTimeout(MethodInvocationHelper.java:59)
	at org.testng.internal.Invoker.invokeConfigurationMethod(Invoker.java:455)
	at org.testng.internal.Invoker.invokeConfigurations(Invoker.java:222)
	at org.testng.internal.Invoker.invokeConfigurations(Invoker.java:142)
	at org.testng.SuiteRunner.privateRun(SuiteRunner.java:401)
	at org.testng.SuiteRunner.run(SuiteRunner.java:364)
	at org.testng.SuiteRunnerWorker.runSuite(SuiteRunnerWorker.java:52)
	at org.testng.SuiteRunnerWorker.run(SuiteRunnerWorker.java:84)
	at org.testng.TestNG.runSuitesSequentially(TestNG.java:1208)
	at org.testng.TestNG.runSuitesLocally(TestNG.java:1137)
	at org.testng.TestNG.runSuites(TestNG.java:1049)
	at org.testng.TestNG.run(TestNG.java:1017)
	at org.testng.remote.AbstractRemoteTestNG.run(AbstractRemoteTestNG.java:115)
	at org.testng.remote.RemoteTestNG.initAndRun(RemoteTestNG.java:251)
	at org.testng.remote.RemoteTestNG.main(RemoteTestNG.java:77)

2022-07-01 16:07:47,060 [main] INFO com.utils.ExcelUtility - java.lang.NullPointerException
	at com.utils.ExcelUtility.getCellData(ExcelUtility.java:311)
	at com.utils._masterVO.loadGatewayCases(_masterVO.java:115)
	at com.utils._masterVO.loadExternalServices(_masterVO.java:448)
	at com.utils._masterVO.loadVO(_masterVO.java:81)
	at com.classes.BaseTest.setupReporter(BaseTest.java:99)
	at sun.reflect.NativeMethodAccessorImpl.invoke0(Native Method)
	at sun.reflect.NativeMethodAccessorImpl.invoke(Unknown Source)
	at sun.reflect.DelegatingMethodAccessorImpl.invoke(Unknown Source)
	at java.lang.reflect.Method.invoke(Unknown Source)
	at org.testng.internal.MethodInvocationHelper.invokeMethod(MethodInvocationHelper.java:124)
	at org.testng.internal.MethodInvocationHelper.invokeMethodConsideringTimeout(MethodInvocationHelper.java:59)
	at org.testng.internal.Invoker.invokeConfigurationMethod(Invoker.java:455)
	at org.testng.internal.Invoker.invokeConfigurations(Invoker.java:222)
	at org.testng.internal.Invoker.invokeConfigurations(Invoker.java:142)
	at org.testng.SuiteRunner.privateRun(SuiteRunner.java:401)
	at org.testng.SuiteRunner.run(SuiteRunner.java:364)
	at org.testng.SuiteRunnerWorker.runSuite(SuiteRunnerWorker.java:52)
	at org.testng.SuiteRunnerWorker.run(SuiteRunnerWorker.java:84)
	at org.testng.TestNG.runSuitesSequentially(TestNG.java:1208)
	at org.testng.TestNG.runSuitesLocally(TestNG.java:1137)
	at org.testng.TestNG.runSuites(TestNG.java:1049)
	at org.testng.TestNG.run(TestNG.java:1017)
	at org.testng.remote.AbstractRemoteTestNG.run(AbstractRemoteTestNG.java:115)
	at org.testng.remote.RemoteTestNG.initAndRun(RemoteTestNG.java:251)
	at org.testng.remote.RemoteTestNG.main(RemoteTestNG.java:77)

2022-07-01 16:07:47,061 [main] INFO com.utils.ExcelUtility - java.lang.NullPointerException
	at com.utils.ExcelUtility.getCellData(ExcelUtility.java:311)
	at com.utils._masterVO.loadGatewayCases(_masterVO.java:115)
	at com.utils._masterVO.loadExternalServices(_masterVO.java:448)
	at com.utils._masterVO.loadVO(_masterVO.java:81)
	at com.classes.BaseTest.setupReporter(BaseTest.java:99)
	at sun.reflect.NativeMethodAccessorImpl.invoke0(Native Method)
	at sun.reflect.NativeMethodAccessorImpl.invoke(Unknown Source)
	at sun.reflect.DelegatingMethodAccessorImpl.invoke(Unknown Source)
	at java.lang.reflect.Method.invoke(Unknown Source)
	at org.testng.internal.MethodInvocationHelper.invokeMethod(MethodInvocationHelper.java:124)
	at org.testng.internal.MethodInvocationHelper.invokeMethodConsideringTimeout(MethodInvocationHelper.java:59)
	at org.testng.internal.Invoker.invokeConfigurationMethod(Invoker.java:455)
	at org.testng.internal.Invoker.invokeConfigurations(Invoker.java:222)
	at org.testng.internal.Invoker.invokeConfigurations(Invoker.java:142)
	at org.testng.SuiteRunner.privateRun(SuiteRunner.java:401)
	at org.testng.SuiteRunner.run(SuiteRunner.java:364)
	at org.testng.SuiteRunnerWorker.runSuite(SuiteRunnerWorker.java:52)
	at org.testng.SuiteRunnerWorker.run(SuiteRunnerWorker.java:84)
	at org.testng.TestNG.runSuitesSequentially(TestNG.java:1208)
	at org.testng.TestNG.runSuitesLocally(TestNG.java:1137)
	at org.testng.TestNG.runSuites(TestNG.java:1049)
	at org.testng.TestNG.run(TestNG.java:1017)
	at org.testng.remote.AbstractRemoteTestNG.run(AbstractRemoteTestNG.java:115)
	at org.testng.remote.RemoteTestNG.initAndRun(RemoteTestNG.java:251)
	at org.testng.remote.RemoteTestNG.main(RemoteTestNG.java:77)

2022-07-01 16:07:47,061 [main] INFO com.utils.ExcelUtility - java.lang.NullPointerException
	at com.utils.ExcelUtility.getCellData(ExcelUtility.java:311)
	at com.utils._masterVO.loadGatewayCases(_masterVO.java:115)
	at com.utils._masterVO.loadExternalServices(_masterVO.java:448)
	at com.utils._masterVO.loadVO(_masterVO.java:81)
	at com.classes.BaseTest.setupReporter(BaseTest.java:99)
	at sun.reflect.NativeMethodAccessorImpl.invoke0(Native Method)
	at sun.reflect.NativeMethodAccessorImpl.invoke(Unknown Source)
	at sun.reflect.DelegatingMethodAccessorImpl.invoke(Unknown Source)
	at java.lang.reflect.Method.invoke(Unknown Source)
	at org.testng.internal.MethodInvocationHelper.invokeMethod(MethodInvocationHelper.java:124)
	at org.testng.internal.MethodInvocationHelper.invokeMethodConsideringTimeout(MethodInvocationHelper.java:59)
	at org.testng.internal.Invoker.invokeConfigurationMethod(Invoker.java:455)
	at org.testng.internal.Invoker.invokeConfigurations(Invoker.java:222)
	at org.testng.internal.Invoker.invokeConfigurations(Invoker.java:142)
	at org.testng.SuiteRunner.privateRun(SuiteRunner.java:401)
	at org.testng.SuiteRunner.run(SuiteRunner.java:364)
	at org.testng.SuiteRunnerWorker.runSuite(SuiteRunnerWorker.java:52)
	at org.testng.SuiteRunnerWorker.run(SuiteRunnerWorker.java:84)
	at org.testng.TestNG.runSuitesSequentially(TestNG.java:1208)
	at org.testng.TestNG.runSuitesLocally(TestNG.java:1137)
	at org.testng.TestNG.runSuites(TestNG.java:1049)
	at org.testng.TestNG.run(TestNG.java:1017)
	at org.testng.remote.AbstractRemoteTestNG.run(AbstractRemoteTestNG.java:115)
	at org.testng.remote.RemoteTestNG.initAndRun(RemoteTestNG.java:251)
	at org.testng.remote.RemoteTestNG.main(RemoteTestNG.java:77)

2022-07-01 16:07:47,062 [main] INFO com.utils.ExcelUtility - java.lang.NullPointerException
	at com.utils.ExcelUtility.getCellData(ExcelUtility.java:311)
	at com.utils._masterVO.loadGatewayCases(_masterVO.java:115)
	at com.utils._masterVO.loadExternalServices(_masterVO.java:448)
	at com.utils._masterVO.loadVO(_masterVO.java:81)
	at com.classes.BaseTest.setupReporter(BaseTest.java:99)
	at sun.reflect.NativeMethodAccessorImpl.invoke0(Native Method)
	at sun.reflect.NativeMethodAccessorImpl.invoke(Unknown Source)
	at sun.reflect.DelegatingMethodAccessorImpl.invoke(Unknown Source)
	at java.lang.reflect.Method.invoke(Unknown Source)
	at org.testng.internal.MethodInvocationHelper.invokeMethod(MethodInvocationHelper.java:124)
	at org.testng.internal.MethodInvocationHelper.invokeMethodConsideringTimeout(MethodInvocationHelper.java:59)
	at org.testng.internal.Invoker.invokeConfigurationMethod(Invoker.java:455)
	at org.testng.internal.Invoker.invokeConfigurations(Invoker.java:222)
	at org.testng.internal.Invoker.invokeConfigurations(Invoker.java:142)
	at org.testng.SuiteRunner.privateRun(SuiteRunner.java:401)
	at org.testng.SuiteRunner.run(SuiteRunner.java:364)
	at org.testng.SuiteRunnerWorker.runSuite(SuiteRunnerWorker.java:52)
	at org.testng.SuiteRunnerWorker.run(SuiteRunnerWorker.java:84)
	at org.testng.TestNG.runSuitesSequentially(TestNG.java:1208)
	at org.testng.TestNG.runSuitesLocally(TestNG.java:1137)
	at org.testng.TestNG.runSuites(TestNG.java:1049)
	at org.testng.TestNG.run(TestNG.java:1017)
	at org.testng.remote.AbstractRemoteTestNG.run(AbstractRemoteTestNG.java:115)
	at org.testng.remote.RemoteTestNG.initAndRun(RemoteTestNG.java:251)
	at org.testng.remote.RemoteTestNG.main(RemoteTestNG.java:77)

2022-07-01 16:07:47,062 [main] INFO com.utils.ExcelUtility - java.lang.NullPointerException
	at com.utils.ExcelUtility.getCellData(ExcelUtility.java:311)
	at com.utils._masterVO.loadGatewayCases(_masterVO.java:115)
	at com.utils._masterVO.loadExternalServices(_masterVO.java:448)
	at com.utils._masterVO.loadVO(_masterVO.java:81)
	at com.classes.BaseTest.setupReporter(BaseTest.java:99)
	at sun.reflect.NativeMethodAccessorImpl.invoke0(Native Method)
	at sun.reflect.NativeMethodAccessorImpl.invoke(Unknown Source)
	at sun.reflect.DelegatingMethodAccessorImpl.invoke(Unknown Source)
	at java.lang.reflect.Method.invoke(Unknown Source)
	at org.testng.internal.MethodInvocationHelper.invokeMethod(MethodInvocationHelper.java:124)
	at org.testng.internal.MethodInvocationHelper.invokeMethodConsideringTimeout(MethodInvocationHelper.java:59)
	at org.testng.internal.Invoker.invokeConfigurationMethod(Invoker.java:455)
	at org.testng.internal.Invoker.invokeConfigurations(Invoker.java:222)
	at org.testng.internal.Invoker.invokeConfigurations(Invoker.java:142)
	at org.testng.SuiteRunner.privateRun(SuiteRunner.java:401)
	at org.testng.SuiteRunner.run(SuiteRunner.java:364)
	at org.testng.SuiteRunnerWorker.runSuite(SuiteRunnerWorker.java:52)
	at org.testng.SuiteRunnerWorker.run(SuiteRunnerWorker.java:84)
	at org.testng.TestNG.runSuitesSequentially(TestNG.java:1208)
	at org.testng.TestNG.runSuitesLocally(TestNG.java:1137)
	at org.testng.TestNG.runSuites(TestNG.java:1049)
	at org.testng.TestNG.run(TestNG.java:1017)
	at org.testng.remote.AbstractRemoteTestNG.run(AbstractRemoteTestNG.java:115)
	at org.testng.remote.RemoteTestNG.initAndRun(RemoteTestNG.java:251)
	at org.testng.remote.RemoteTestNG.main(RemoteTestNG.java:77)

2022-07-01 16:07:47,062 [main] INFO com.utils.ExcelUtility - java.lang.NullPointerException
	at com.utils.ExcelUtility.getCellData(ExcelUtility.java:311)
	at com.utils._masterVO.loadGatewayCases(_masterVO.java:115)
	at com.utils._masterVO.loadExternalServices(_masterVO.java:448)
	at com.utils._masterVO.loadVO(_masterVO.java:81)
	at com.classes.BaseTest.setupReporter(BaseTest.java:99)
	at sun.reflect.NativeMethodAccessorImpl.invoke0(Native Method)
	at sun.reflect.NativeMethodAccessorImpl.invoke(Unknown Source)
	at sun.reflect.DelegatingMethodAccessorImpl.invoke(Unknown Source)
	at java.lang.reflect.Method.invoke(Unknown Source)
	at org.testng.internal.MethodInvocationHelper.invokeMethod(MethodInvocationHelper.java:124)
	at org.testng.internal.MethodInvocationHelper.invokeMethodConsideringTimeout(MethodInvocationHelper.java:59)
	at org.testng.internal.Invoker.invokeConfigurationMethod(Invoker.java:455)
	at org.testng.internal.Invoker.invokeConfigurations(Invoker.java:222)
	at org.testng.internal.Invoker.invokeConfigurations(Invoker.java:142)
	at org.testng.SuiteRunner.privateRun(SuiteRunner.java:401)
	at org.testng.SuiteRunner.run(SuiteRunner.java:364)
	at org.testng.SuiteRunnerWorker.runSuite(SuiteRunnerWorker.java:52)
	at org.testng.SuiteRunnerWorker.run(SuiteRunnerWorker.java:84)
	at org.testng.TestNG.runSuitesSequentially(TestNG.java:1208)
	at org.testng.TestNG.runSuitesLocally(TestNG.java:1137)
	at org.testng.TestNG.runSuites(TestNG.java:1049)
	at org.testng.TestNG.run(TestNG.java:1017)
	at org.testng.remote.AbstractRemoteTestNG.run(AbstractRemoteTestNG.java:115)
	at org.testng.remote.RemoteTestNG.initAndRun(RemoteTestNG.java:251)
	at org.testng.remote.RemoteTestNG.main(RemoteTestNG.java:77)

2022-07-01 16:07:47,063 [main] INFO com.utils.ExcelUtility - java.lang.NullPointerException
	at com.utils.ExcelUtility.getCellData(ExcelUtility.java:311)
	at com.utils._masterVO.loadGatewayCases(_masterVO.java:115)
	at com.utils._masterVO.loadExternalServices(_masterVO.java:448)
	at com.utils._masterVO.loadVO(_masterVO.java:81)
	at com.classes.BaseTest.setupReporter(BaseTest.java:99)
	at sun.reflect.NativeMethodAccessorImpl.invoke0(Native Method)
	at sun.reflect.NativeMethodAccessorImpl.invoke(Unknown Source)
	at sun.reflect.DelegatingMethodAccessorImpl.invoke(Unknown Source)
	at java.lang.reflect.Method.invoke(Unknown Source)
	at org.testng.internal.MethodInvocationHelper.invokeMethod(MethodInvocationHelper.java:124)
	at org.testng.internal.MethodInvocationHelper.invokeMethodConsideringTimeout(MethodInvocationHelper.java:59)
	at org.testng.internal.Invoker.invokeConfigurationMethod(Invoker.java:455)
	at org.testng.internal.Invoker.invokeConfigurations(Invoker.java:222)
	at org.testng.internal.Invoker.invokeConfigurations(Invoker.java:142)
	at org.testng.SuiteRunner.privateRun(SuiteRunner.java:401)
	at org.testng.SuiteRunner.run(SuiteRunner.java:364)
	at org.testng.SuiteRunnerWorker.runSuite(SuiteRunnerWorker.java:52)
	at org.testng.SuiteRunnerWorker.run(SuiteRunnerWorker.java:84)
	at org.testng.TestNG.runSuitesSequentially(TestNG.java:1208)
	at org.testng.TestNG.runSuitesLocally(TestNG.java:1137)
	at org.testng.TestNG.runSuites(TestNG.java:1049)
	at org.testng.TestNG.run(TestNG.java:1017)
	at org.testng.remote.AbstractRemoteTestNG.run(AbstractRemoteTestNG.java:115)
	at org.testng.remote.RemoteTestNG.initAndRun(RemoteTestNG.java:251)
	at org.testng.remote.RemoteTestNG.main(RemoteTestNG.java:77)

2022-07-01 16:07:47,063 [main] INFO com.utils.ExcelUtility - java.lang.NullPointerException
	at com.utils.ExcelUtility.getCellData(ExcelUtility.java:311)
	at com.utils._masterVO.loadGatewayCases(_masterVO.java:115)
	at com.utils._masterVO.loadExternalServices(_masterVO.java:448)
	at com.utils._masterVO.loadVO(_masterVO.java:81)
	at com.classes.BaseTest.setupReporter(BaseTest.java:99)
	at sun.reflect.NativeMethodAccessorImpl.invoke0(Native Method)
	at sun.reflect.NativeMethodAccessorImpl.invoke(Unknown Source)
	at sun.reflect.DelegatingMethodAccessorImpl.invoke(Unknown Source)
	at java.lang.reflect.Method.invoke(Unknown Source)
	at org.testng.internal.MethodInvocationHelper.invokeMethod(MethodInvocationHelper.java:124)
	at org.testng.internal.MethodInvocationHelper.invokeMethodConsideringTimeout(MethodInvocationHelper.java:59)
	at org.testng.internal.Invoker.invokeConfigurationMethod(Invoker.java:455)
	at org.testng.internal.Invoker.invokeConfigurations(Invoker.java:222)
	at org.testng.internal.Invoker.invokeConfigurations(Invoker.java:142)
	at org.testng.SuiteRunner.privateRun(SuiteRunner.java:401)
	at org.testng.SuiteRunner.run(SuiteRunner.java:364)
	at org.testng.SuiteRunnerWorker.runSuite(SuiteRunnerWorker.java:52)
	at org.testng.SuiteRunnerWorker.run(SuiteRunnerWorker.java:84)
	at org.testng.TestNG.runSuitesSequentially(TestNG.java:1208)
	at org.testng.TestNG.runSuitesLocally(TestNG.java:1137)
	at org.testng.TestNG.runSuites(TestNG.java:1049)
	at org.testng.TestNG.run(TestNG.java:1017)
	at org.testng.remote.AbstractRemoteTestNG.run(AbstractRemoteTestNG.java:115)
	at org.testng.remote.RemoteTestNG.initAndRun(RemoteTestNG.java:251)
	at org.testng.remote.RemoteTestNG.main(RemoteTestNG.java:77)

2022-07-01 16:07:47,063 [main] INFO com.utils.ExcelUtility - java.lang.NullPointerException
	at com.utils.ExcelUtility.getCellData(ExcelUtility.java:311)
	at com.utils._masterVO.loadGatewayCases(_masterVO.java:115)
	at com.utils._masterVO.loadExternalServices(_masterVO.java:448)
	at com.utils._masterVO.loadVO(_masterVO.java:81)
	at com.classes.BaseTest.setupReporter(BaseTest.java:99)
	at sun.reflect.NativeMethodAccessorImpl.invoke0(Native Method)
	at sun.reflect.NativeMethodAccessorImpl.invoke(Unknown Source)
	at sun.reflect.DelegatingMethodAccessorImpl.invoke(Unknown Source)
	at java.lang.reflect.Method.invoke(Unknown Source)
	at org.testng.internal.MethodInvocationHelper.invokeMethod(MethodInvocationHelper.java:124)
	at org.testng.internal.MethodInvocationHelper.invokeMethodConsideringTimeout(MethodInvocationHelper.java:59)
	at org.testng.internal.Invoker.invokeConfigurationMethod(Invoker.java:455)
	at org.testng.internal.Invoker.invokeConfigurations(Invoker.java:222)
	at org.testng.internal.Invoker.invokeConfigurations(Invoker.java:142)
	at org.testng.SuiteRunner.privateRun(SuiteRunner.java:401)
	at org.testng.SuiteRunner.run(SuiteRunner.java:364)
	at org.testng.SuiteRunnerWorker.runSuite(SuiteRunnerWorker.java:52)
	at org.testng.SuiteRunnerWorker.run(SuiteRunnerWorker.java:84)
	at org.testng.TestNG.runSuitesSequentially(TestNG.java:1208)
	at org.testng.TestNG.runSuitesLocally(TestNG.java:1137)
	at org.testng.TestNG.runSuites(TestNG.java:1049)
	at org.testng.TestNG.run(TestNG.java:1017)
	at org.testng.remote.AbstractRemoteTestNG.run(AbstractRemoteTestNG.java:115)
	at org.testng.remote.RemoteTestNG.initAndRun(RemoteTestNG.java:251)
	at org.testng.remote.RemoteTestNG.main(RemoteTestNG.java:77)

2022-07-01 16:07:47,433 [main] INFO com.utils._masterVO - Gateway Cases Master File Loaded successfully
2022-07-01 16:07:47,436 [main] INFO com.utils._APIUtil - Entered getAPIServices(USSD)
2022-07-01 16:07:47,438 [main] INFO com.utils._APIUtil - Exiting getAPIServices([])
2022-07-01 16:07:47,440 [main] INFO com.utils._masterVO - Loading Gateway Cases Master file from: .//src//test//resources//config//GatewayMaster.xlsx
2022-07-01 16:07:47,761 [main] INFO com.utils._masterVO - Gateway Cases Master File Loaded successfully
2022-07-01 16:07:47,762 [main] INFO com.utils._masterVO - Loading Gateway Cases Master file from: .//src//test//resources//config//GatewayMaster.xlsx
2022-07-01 16:07:48,182 [main] INFO com.utils._masterVO - Gateway Cases Master File Loaded successfully
2022-07-01 16:08:09,248 [main] ERROR com.sshmanager.SSHService - Error while getting SSH Server Instance : com.jcraft.jsch.JSchException: java.net.ConnectException: Connection timed out: connect
2022-07-01 16:08:09,258 [main] INFO com.classes.BaseTest - Completed loading all methods from -masterVO class
2022-07-01 16:09:44,812 [main] INFO com.utils.ExcelUtility - java.lang.NullPointerException
	at com.utils.ExcelUtility.getCellData(ExcelUtility.java:311)
	at angular.testscripts.prereuisitesangular.PreRequisite_C2CWithdrawal_Revamp.TestDataFeed1(PreRequisite_C2CWithdrawal_Revamp.java:317)
	at sun.reflect.NativeMethodAccessorImpl.invoke0(Native Method)
	at sun.reflect.NativeMethodAccessorImpl.invoke(Unknown Source)
	at sun.reflect.DelegatingMethodAccessorImpl.invoke(Unknown Source)
	at java.lang.reflect.Method.invoke(Unknown Source)
	at org.testng.internal.MethodInvocationHelper.invokeMethod(MethodInvocationHelper.java:124)
	at org.testng.internal.MethodInvocationHelper.invokeMethod(MethodInvocationHelper.java:74)
	at org.testng.internal.MethodInvocationHelper.invokeMethodNoCheckedException(MethodInvocationHelper.java:45)
	at org.testng.internal.MethodInvocationHelper.invokeDataProvider(MethodInvocationHelper.java:131)
	at org.testng.internal.Parameters.handleParameters(Parameters.java:706)
	at org.testng.internal.ParameterHandler.handleParameters(ParameterHandler.java:49)
	at org.testng.internal.ParameterHandler.createParameters(ParameterHandler.java:37)
	at org.testng.internal.Invoker.invokeTestMethods(Invoker.java:923)
	at org.testng.internal.TestMethodWorker.invokeTestMethods(TestMethodWorker.java:125)
	at org.testng.internal.TestMethodWorker.run(TestMethodWorker.java:109)
	at org.testng.TestRunner.privateRun(TestRunner.java:648)
	at org.testng.TestRunner.run(TestRunner.java:505)
	at org.testng.SuiteRunner.runTest(SuiteRunner.java:455)
	at org.testng.SuiteRunner.runSequentially(SuiteRunner.java:450)
	at org.testng.SuiteRunner.privateRun(SuiteRunner.java:415)
	at org.testng.SuiteRunner.run(SuiteRunner.java:364)
	at org.testng.SuiteRunnerWorker.runSuite(SuiteRunnerWorker.java:52)
	at org.testng.SuiteRunnerWorker.run(SuiteRunnerWorker.java:84)
	at org.testng.TestNG.runSuitesSequentially(TestNG.java:1208)
	at org.testng.TestNG.runSuitesLocally(TestNG.java:1137)
	at org.testng.TestNG.runSuites(TestNG.java:1049)
	at org.testng.TestNG.run(TestNG.java:1017)
	at org.testng.remote.AbstractRemoteTestNG.run(AbstractRemoteTestNG.java:115)
	at org.testng.remote.RemoteTestNG.initAndRun(RemoteTestNG.java:251)
	at org.testng.remote.RemoteTestNG.main(RemoteTestNG.java:77)

2022-07-01 16:09:44,904 [main] INFO com.utils.ExcelUtility - java.lang.NullPointerException
	at com.utils.ExcelUtility.getCellData(ExcelUtility.java:311)
	at angular.testscripts.prereuisitesangular.PreRequisite_C2CWithdrawal_Revamp.TestDataFeed1(PreRequisite_C2CWithdrawal_Revamp.java:317)
	at sun.reflect.NativeMethodAccessorImpl.invoke0(Native Method)
	at sun.reflect.NativeMethodAccessorImpl.invoke(Unknown Source)
	at sun.reflect.DelegatingMethodAccessorImpl.invoke(Unknown Source)
	at java.lang.reflect.Method.invoke(Unknown Source)
	at org.testng.internal.MethodInvocationHelper.invokeMethod(MethodInvocationHelper.java:124)
	at org.testng.internal.MethodInvocationHelper.invokeMethod(MethodInvocationHelper.java:74)
	at org.testng.internal.MethodInvocationHelper.invokeMethodNoCheckedException(MethodInvocationHelper.java:45)
	at org.testng.internal.MethodInvocationHelper.invokeDataProvider(MethodInvocationHelper.java:131)
	at org.testng.internal.Parameters.handleParameters(Parameters.java:706)
	at org.testng.internal.ParameterHandler.handleParameters(ParameterHandler.java:49)
	at org.testng.internal.ParameterHandler.createParameters(ParameterHandler.java:37)
	at org.testng.internal.Invoker.invokeTestMethods(Invoker.java:923)
	at org.testng.internal.TestMethodWorker.invokeTestMethods(TestMethodWorker.java:125)
	at org.testng.internal.TestMethodWorker.run(TestMethodWorker.java:109)
	at org.testng.TestRunner.privateRun(TestRunner.java:648)
	at org.testng.TestRunner.run(TestRunner.java:505)
	at org.testng.SuiteRunner.runTest(SuiteRunner.java:455)
	at org.testng.SuiteRunner.runSequentially(SuiteRunner.java:450)
	at org.testng.SuiteRunner.privateRun(SuiteRunner.java:415)
	at org.testng.SuiteRunner.run(SuiteRunner.java:364)
	at org.testng.SuiteRunnerWorker.runSuite(SuiteRunnerWorker.java:52)
	at org.testng.SuiteRunnerWorker.run(SuiteRunnerWorker.java:84)
	at org.testng.TestNG.runSuitesSequentially(TestNG.java:1208)
	at org.testng.TestNG.runSuitesLocally(TestNG.java:1137)
	at org.testng.TestNG.runSuites(TestNG.java:1049)
	at org.testng.TestNG.run(TestNG.java:1017)
	at org.testng.remote.AbstractRemoteTestNG.run(AbstractRemoteTestNG.java:115)
	at org.testng.remote.RemoteTestNG.initAndRun(RemoteTestNG.java:251)
	at org.testng.remote.RemoteTestNG.main(RemoteTestNG.java:77)

2022-07-01 16:09:45,044 [main] INFO com.utils.ExcelUtility - java.lang.NullPointerException
	at com.utils.ExcelUtility.getCellData(ExcelUtility.java:311)
	at angular.testscripts.prereuisitesangular.PreRequisite_C2CWithdrawal_Revamp.TestDataFeed1(PreRequisite_C2CWithdrawal_Revamp.java:317)
	at sun.reflect.NativeMethodAccessorImpl.invoke0(Native Method)
	at sun.reflect.NativeMethodAccessorImpl.invoke(Unknown Source)
	at sun.reflect.DelegatingMethodAccessorImpl.invoke(Unknown Source)
	at java.lang.reflect.Method.invoke(Unknown Source)
	at org.testng.internal.MethodInvocationHelper.invokeMethod(MethodInvocationHelper.java:124)
	at org.testng.internal.MethodInvocationHelper.invokeMethod(MethodInvocationHelper.java:74)
	at org.testng.internal.MethodInvocationHelper.invokeMethodNoCheckedException(MethodInvocationHelper.java:45)
	at org.testng.internal.MethodInvocationHelper.invokeDataProvider(MethodInvocationHelper.java:131)
	at org.testng.internal.Parameters.handleParameters(Parameters.java:706)
	at org.testng.internal.ParameterHandler.handleParameters(ParameterHandler.java:49)
	at org.testng.internal.ParameterHandler.createParameters(ParameterHandler.java:37)
	at org.testng.internal.Invoker.invokeTestMethods(Invoker.java:923)
	at org.testng.internal.TestMethodWorker.invokeTestMethods(TestMethodWorker.java:125)
	at org.testng.internal.TestMethodWorker.run(TestMethodWorker.java:109)
	at org.testng.TestRunner.privateRun(TestRunner.java:648)
	at org.testng.TestRunner.run(TestRunner.java:505)
	at org.testng.SuiteRunner.runTest(SuiteRunner.java:455)
	at org.testng.SuiteRunner.runSequentially(SuiteRunner.java:450)
	at org.testng.SuiteRunner.privateRun(SuiteRunner.java:415)
	at org.testng.SuiteRunner.run(SuiteRunner.java:364)
	at org.testng.SuiteRunnerWorker.runSuite(SuiteRunnerWorker.java:52)
	at org.testng.SuiteRunnerWorker.run(SuiteRunnerWorker.java:84)
	at org.testng.TestNG.runSuitesSequentially(TestNG.java:1208)
	at org.testng.TestNG.runSuitesLocally(TestNG.java:1137)
	at org.testng.TestNG.runSuites(TestNG.java:1049)
	at org.testng.TestNG.run(TestNG.java:1017)
	at org.testng.remote.AbstractRemoteTestNG.run(AbstractRemoteTestNG.java:115)
	at org.testng.remote.RemoteTestNG.initAndRun(RemoteTestNG.java:251)
	at org.testng.remote.RemoteTestNG.main(RemoteTestNG.java:77)

2022-07-01 16:09:45,231 [main] INFO com.utils.ExcelUtility - java.lang.NullPointerException
	at com.utils.ExcelUtility.getCellData(ExcelUtility.java:311)
	at angular.testscripts.prereuisitesangular.PreRequisite_C2CWithdrawal_Revamp.TestDataFeed1(PreRequisite_C2CWithdrawal_Revamp.java:317)
	at sun.reflect.NativeMethodAccessorImpl.invoke0(Native Method)
	at sun.reflect.NativeMethodAccessorImpl.invoke(Unknown Source)
	at sun.reflect.DelegatingMethodAccessorImpl.invoke(Unknown Source)
	at java.lang.reflect.Method.invoke(Unknown Source)
	at org.testng.internal.MethodInvocationHelper.invokeMethod(MethodInvocationHelper.java:124)
	at org.testng.internal.MethodInvocationHelper.invokeMethod(MethodInvocationHelper.java:74)
	at org.testng.internal.MethodInvocationHelper.invokeMethodNoCheckedException(MethodInvocationHelper.java:45)
	at org.testng.internal.MethodInvocationHelper.invokeDataProvider(MethodInvocationHelper.java:131)
	at org.testng.internal.Parameters.handleParameters(Parameters.java:706)
	at org.testng.internal.ParameterHandler.handleParameters(ParameterHandler.java:49)
	at org.testng.internal.ParameterHandler.createParameters(ParameterHandler.java:37)
	at org.testng.internal.Invoker.invokeTestMethods(Invoker.java:923)
	at org.testng.internal.TestMethodWorker.invokeTestMethods(TestMethodWorker.java:125)
	at org.testng.internal.TestMethodWorker.run(TestMethodWorker.java:109)
	at org.testng.TestRunner.privateRun(TestRunner.java:648)
	at org.testng.TestRunner.run(TestRunner.java:505)
	at org.testng.SuiteRunner.runTest(SuiteRunner.java:455)
	at org.testng.SuiteRunner.runSequentially(SuiteRunner.java:450)
	at org.testng.SuiteRunner.privateRun(SuiteRunner.java:415)
	at org.testng.SuiteRunner.run(SuiteRunner.java:364)
	at org.testng.SuiteRunnerWorker.runSuite(SuiteRunnerWorker.java:52)
	at org.testng.SuiteRunnerWorker.run(SuiteRunnerWorker.java:84)
	at org.testng.TestNG.runSuitesSequentially(TestNG.java:1208)
	at org.testng.TestNG.runSuitesLocally(TestNG.java:1137)
	at org.testng.TestNG.runSuites(TestNG.java:1049)
	at org.testng.TestNG.run(TestNG.java:1017)
	at org.testng.remote.AbstractRemoteTestNG.run(AbstractRemoteTestNG.java:115)
	at org.testng.remote.RemoteTestNG.initAndRun(RemoteTestNG.java:251)
	at org.testng.remote.RemoteTestNG.main(RemoteTestNG.java:77)

2022-07-01 16:09:45,319 [main] INFO com.utils.ExcelUtility - java.lang.NullPointerException
	at com.utils.ExcelUtility.getCellData(ExcelUtility.java:311)
	at angular.testscripts.prereuisitesangular.PreRequisite_C2CWithdrawal_Revamp.TestDataFeed1(PreRequisite_C2CWithdrawal_Revamp.java:317)
	at sun.reflect.NativeMethodAccessorImpl.invoke0(Native Method)
	at sun.reflect.NativeMethodAccessorImpl.invoke(Unknown Source)
	at sun.reflect.DelegatingMethodAccessorImpl.invoke(Unknown Source)
	at java.lang.reflect.Method.invoke(Unknown Source)
	at org.testng.internal.MethodInvocationHelper.invokeMethod(MethodInvocationHelper.java:124)
	at org.testng.internal.MethodInvocationHelper.invokeMethod(MethodInvocationHelper.java:74)
	at org.testng.internal.MethodInvocationHelper.invokeMethodNoCheckedException(MethodInvocationHelper.java:45)
	at org.testng.internal.MethodInvocationHelper.invokeDataProvider(MethodInvocationHelper.java:131)
	at org.testng.internal.Parameters.handleParameters(Parameters.java:706)
	at org.testng.internal.ParameterHandler.handleParameters(ParameterHandler.java:49)
	at org.testng.internal.ParameterHandler.createParameters(ParameterHandler.java:37)
	at org.testng.internal.Invoker.invokeTestMethods(Invoker.java:923)
	at org.testng.internal.TestMethodWorker.invokeTestMethods(TestMethodWorker.java:125)
	at org.testng.internal.TestMethodWorker.run(TestMethodWorker.java:109)
	at org.testng.TestRunner.privateRun(TestRunner.java:648)
	at org.testng.TestRunner.run(TestRunner.java:505)
	at org.testng.SuiteRunner.runTest(SuiteRunner.java:455)
	at org.testng.SuiteRunner.runSequentially(SuiteRunner.java:450)
	at org.testng.SuiteRunner.privateRun(SuiteRunner.java:415)
	at org.testng.SuiteRunner.run(SuiteRunner.java:364)
	at org.testng.SuiteRunnerWorker.runSuite(SuiteRunnerWorker.java:52)
	at org.testng.SuiteRunnerWorker.run(SuiteRunnerWorker.java:84)
	at org.testng.TestNG.runSuitesSequentially(TestNG.java:1208)
	at org.testng.TestNG.runSuitesLocally(TestNG.java:1137)
	at org.testng.TestNG.runSuites(TestNG.java:1049)
	at org.testng.TestNG.run(TestNG.java:1017)
	at org.testng.remote.AbstractRemoteTestNG.run(AbstractRemoteTestNG.java:115)
	at org.testng.remote.RemoteTestNG.initAndRun(RemoteTestNG.java:251)
	at org.testng.remote.RemoteTestNG.main(RemoteTestNG.java:77)

2022-07-01 16:09:45,503 [main] INFO com.utils.ExcelUtility - java.lang.NullPointerException
	at com.utils.ExcelUtility.getCellData(ExcelUtility.java:311)
	at angular.testscripts.prereuisitesangular.PreRequisite_C2CWithdrawal_Revamp.TestDataFeed1(PreRequisite_C2CWithdrawal_Revamp.java:317)
	at sun.reflect.NativeMethodAccessorImpl.invoke0(Native Method)
	at sun.reflect.NativeMethodAccessorImpl.invoke(Unknown Source)
	at sun.reflect.DelegatingMethodAccessorImpl.invoke(Unknown Source)
	at java.lang.reflect.Method.invoke(Unknown Source)
	at org.testng.internal.MethodInvocationHelper.invokeMethod(MethodInvocationHelper.java:124)
	at org.testng.internal.MethodInvocationHelper.invokeMethod(MethodInvocationHelper.java:74)
	at org.testng.internal.MethodInvocationHelper.invokeMethodNoCheckedException(MethodInvocationHelper.java:45)
	at org.testng.internal.MethodInvocationHelper.invokeDataProvider(MethodInvocationHelper.java:131)
	at org.testng.internal.Parameters.handleParameters(Parameters.java:706)
	at org.testng.internal.ParameterHandler.handleParameters(ParameterHandler.java:49)
	at org.testng.internal.ParameterHandler.createParameters(ParameterHandler.java:37)
	at org.testng.internal.Invoker.invokeTestMethods(Invoker.java:923)
	at org.testng.internal.TestMethodWorker.invokeTestMethods(TestMethodWorker.java:125)
	at org.testng.internal.TestMethodWorker.run(TestMethodWorker.java:109)
	at org.testng.TestRunner.privateRun(TestRunner.java:648)
	at org.testng.TestRunner.run(TestRunner.java:505)
	at org.testng.SuiteRunner.runTest(SuiteRunner.java:455)
	at org.testng.SuiteRunner.runSequentially(SuiteRunner.java:450)
	at org.testng.SuiteRunner.privateRun(SuiteRunner.java:415)
	at org.testng.SuiteRunner.run(SuiteRunner.java:364)
	at org.testng.SuiteRunnerWorker.runSuite(SuiteRunnerWorker.java:52)
	at org.testng.SuiteRunnerWorker.run(SuiteRunnerWorker.java:84)
	at org.testng.TestNG.runSuitesSequentially(TestNG.java:1208)
	at org.testng.TestNG.runSuitesLocally(TestNG.java:1137)
	at org.testng.TestNG.runSuites(TestNG.java:1049)
	at org.testng.TestNG.run(TestNG.java:1017)
	at org.testng.remote.AbstractRemoteTestNG.run(AbstractRemoteTestNG.java:115)
	at org.testng.remote.RemoteTestNG.initAndRun(RemoteTestNG.java:251)
	at org.testng.remote.RemoteTestNG.main(RemoteTestNG.java:77)

2022-07-01 16:09:46,648 [main] INFO com.dbrepository.OracleRepository - Entered getSystemPreference(TRF_RULE_USER_LEVEL_ALLOW)
2022-07-01 16:09:46,665 [main] INFO com.dbrepository.DBConnectionPool - Active Size:0 Cache Size:10
2022-07-01 16:09:46,667 [main] INFO com.dbrepository.OracleRepository - getSystemPreference() :: select query: select DEFAULT_VALUE from system_preferences where PREFERENCE_CODE = ?
2022-07-01 16:09:46,750 [main] INFO com.dbrepository.OracleRepository - Database Returns: DEFAULT_VALUE (true)
2022-07-01 16:09:46,752 [main] INFO com.dbrepository.OracleRepository - Exiting getSystemPreference()
2022-07-01 16:09:46,777 [main] INFO angular.testscripts.prereuisitesangular.PreRequisite_C2CWithdrawal_Revamp - ------------------ Test Case Execution Started For A_01_Test_C2CWithdrawlMobileBuyerType -------------------
2022-07-01 16:09:46,777 [main] INFO angular.testscripts.prereuisitesangular.PreRequisite_C2CWithdrawal_Revamp - Entered A_01_Test_C2CWithdrawlMobileBuyerType(Super Distributor, Dealer, 9081573214, 2468, Distributor, Super Distributor, SA, 2)
2022-07-01 16:09:46,784 [main] INFO com.dbrepository.OracleRepository - Entered getPreference(SE, NG, MAX_APPROVAL_LEVEL_C2C_TRANSFER)
2022-07-01 16:09:46,795 [main] INFO com.dbrepository.DBConnectionPool - Active Size:0 Cache Size:10
2022-07-01 16:09:46,884 [main] INFO com.dbrepository.OracleRepository - Service Class Preference Not Found
2022-07-01 16:09:46,887 [main] INFO com.dbrepository.OracleRepository - Trying to get Preference value from Control Preferences
2022-07-01 16:09:47,029 [main] INFO com.dbrepository.OracleRepository - Query Repository Returns: DEFAULT_VALUE (3)
2022-07-01 16:09:47,088 [main] INFO com.utils.CommonUtils - Category Code for Super Distributor: DIST
2022-07-01 16:09:47,127 [main] INFO com.dbrepository.OracleRepository - Entered webInterface(Super Distributor)
2022-07-01 16:09:47,129 [main] INFO com.dbrepository.DBConnectionPool - Active Size:0 Cache Size:10
2022-07-01 16:09:47,132 [main] INFO com.dbrepository.OracleRepository - webInterface() :: select query: Select WEB_INTERFACE_ALLOWED from categories where category_name= ?
2022-07-01 16:09:47,214 [main] INFO com.dbrepository.OracleRepository - Database Returns: WEB_INTERFACE_ALLOWED (Y)
2022-07-01 16:09:47,216 [main] INFO com.dbrepository.OracleRepository - Exited webInterface()
2022-07-01 16:09:47,275 [main] INFO angular.feature.C2CTransferRevamp - Entered performC2CTransferMobileBuyerType(Super Distributor, Dealer, 9081573214, 2468)
2022-07-01 16:09:47,338 [main] INFO angular.classes.LoginRevamp - Login ID Found as: suser
2022-07-01 16:09:47,339 [main] INFO angular.classes.LoginRevamp - Password Found as: Com@2469
2022-07-01 16:09:47,340 [main] INFO angular.feature.C2CTransferRevamp - LOGINID : suser
2022-07-01 16:09:47,363 [main] INFO angular.classes.LoginRevamp - LoginID found as: suser
2022-07-01 16:09:47,364 [main] INFO angular.classes.LoginRevamp - Password found as: Com@2469
2022-07-01 16:09:47,366 [main] INFO angular.classes.LoginRevamp - Username found as:  suser
2022-07-01 16:09:47,939 [main] INFO angular.pageobjects.loginpages.LoginPageRevamp - Trying to select Language
2022-07-01 16:09:58,116 [main] INFO angular.pageobjects.loginpages.LoginPageRevamp - <b>Language Selector Not Found:</b>
2022-07-01 16:09:58,132 [main] INFO angular.pageobjects.loginpages.LoginPageRevamp - Trying to enter Login ID
2022-07-01 16:09:58,289 [main] INFO angular.pageobjects.loginpages.LoginPageRevamp - Login ID entered successfully as: suser
2022-07-01 16:09:58,290 [main] INFO angular.pageobjects.loginpages.LoginPageRevamp - Trying to enter Password
2022-07-01 16:09:58,654 [main] INFO angular.pageobjects.loginpages.LoginPageRevamp - Password entered successfully as: Com@2469
2022-07-01 16:09:58,656 [main] INFO angular.pageobjects.loginpages.LoginPageRevamp - Trying to click Login Button
2022-07-01 16:09:58,743 [main] INFO angular.pageobjects.loginpages.LoginPageRevamp - Login button clicked successfully
2022-07-01 16:09:58,812 [main] INFO angular.pageobjects.loginpages.LoginPageRevamp - Error Message Found on Login Screen: 
2022-07-01 16:10:09,291 [main] INFO angular.pageobjects.c2ctransfer.C2CTransfers - Trying clicking on C2C Heading
2022-07-01 16:10:09,455 [main] INFO angular.pageobjects.c2ctransfer.C2CTransfers - User clicked C2C Heading Link.
2022-07-01 16:10:09,457 [main] INFO angular.pageobjects.c2ctransfer.C2CTransfers - Trying clicking on C2C Transaction Heading
2022-07-01 16:10:09,570 [main] INFO angular.pageobjects.c2ctransfer.C2CTransfers - User clicked C2C Transaction Heading Link.
2022-07-01 16:10:09,572 [main] INFO angular.feature.C2CTransferRevamp - C2C Heading and Transaction Heading is clicked
2022-07-01 16:10:09,574 [main] INFO angular.pageobjects.c2ctransfer.C2CTransfers - Trying clicking on C2C Single Operation Heading
2022-07-01 16:10:11,304 [main] INFO angular.pageobjects.c2ctransfer.C2CTransfers - User clicked C2C Single Operation Heading.
2022-07-01 16:10:11,305 [main] INFO angular.pageobjects.c2ctransfer.C2CTransfers - Trying clicking on C2C Transfer Heading
2022-07-01 16:10:11,391 [main] INFO angular.pageobjects.c2ctransfer.C2CTransfers - User clicked C2C Transfer Heading.
2022-07-01 16:10:11,394 [main] INFO angular.pageobjects.c2ctransfer.C2CTransfers - Trying clicking on Etopup
2022-07-01 16:10:11,498 [main] INFO angular.pageobjects.c2ctransfer.C2CTransfers - Clicked Etopup.
2022-07-01 16:10:11,500 [main] INFO angular.pageobjects.c2ctransfer.C2CTransfers - Trying to select C2C Buyer Type
2022-07-01 16:10:11,657 [main] INFO angular.pageobjects.c2ctransfer.C2CTransfers - C2C Buyer Type selected : //ng-select[@id='searchBy']//ng-dropdown-panel[contains(@class,'ng-star-inserted')]//span[text()='Mobile Number']
2022-07-01 16:10:11,661 [main] INFO angular.pageobjects.c2ctransfer.C2CTransfers - Entering C2C MSISDN
2022-07-01 16:10:11,786 [main] INFO angular.pageobjects.c2ctransfer.C2CTransfers - Entered C2C MSISDN : 9081573214
2022-07-01 16:10:21,802 [main] INFO angular.pageobjects.c2ctransfer.C2CTransfers - Trying clicking on PROCEED button on C2C
2022-07-01 16:10:23,916 [main] INFO angular.pageobjects.c2ctransfer.C2CTransfers - Clicked PROCEED button on C2C.
2022-07-01 16:10:23,927 [main] INFO angular.pageobjects.c2ctransfer.C2CTransfers - Trying to initiate C2C Topups
2022-07-01 16:10:24,066 [main] INFO angular.pageobjects.c2ctransfer.C2CTransfers - rowCount of c2c topups available on screen : 2
2022-07-01 16:10:24,067 [main] INFO angular.pageobjects.c2ctransfer.C2CTransfers - sheetProductCode : eTopUP
2022-07-01 16:10:24,069 [main] INFO angular.pageobjects.c2ctransfer.C2CTransfers - sheetProductCode : PeTopUP
2022-07-01 16:10:24,110 [main] INFO angular.pageobjects.c2ctransfer.C2CTransfers - quantity : 2
2022-07-01 16:10:24,112 [main] INFO angular.pageobjects.c2ctransfer.C2CTransfers - String.valueOf(quantity) SEND KEYS : 2
2022-07-01 16:10:24,208 [main] INFO angular.pageobjects.c2ctransfer.C2CTransfers - rowCount of c2c topups available on screen : 2
2022-07-01 16:10:24,209 [main] INFO angular.pageobjects.c2ctransfer.C2CTransfers - sheetProductCode : eTopUP
2022-07-01 16:10:24,633 [main] INFO angular.pageobjects.c2ctransfer.C2CTransfers - quantity : 1
2022-07-01 16:10:24,635 [main] INFO angular.pageobjects.c2ctransfer.C2CTransfers - String.valueOf(quantity) SEND KEYS : 1
2022-07-01 16:10:24,637 [main] INFO angular.pageobjects.c2ctransfer.C2CTransfers - sheetProductCode : PeTopUP
2022-07-01 16:10:24,640 [main] INFO angular.pageobjects.c2ctransfer.C2CTransfers - Entered Quantities: 
2022-07-01 16:10:24,743 [main] INFO angular.pageobjects.c2ctransfer.C2CTransfers - Entered Reference Number
2022-07-01 16:10:24,907 [main] INFO angular.pageobjects.c2ctransfer.C2CTransfers - User entered Remarks
2022-07-01 16:10:24,908 [main] INFO angular.pageobjects.c2ctransfer.C2CTransfers - Trying to select Payment mode : Cash
2022-07-01 16:10:28,112 [main] INFO angular.pageobjects.c2ctransfer.C2CTransfers - Selected Payment Mode : Cash
2022-07-01 16:10:28,125 [main] INFO angular.pageobjects.c2ctransfer.C2CTransfers - Trying to select Payment Instrument Number
2022-07-01 16:10:28,223 [main] INFO angular.pageobjects.c2ctransfer.C2CTransfers - User entered PaymentInstNum: 124231
2022-07-01 16:10:28,227 [main] INFO angular.feature.C2CTransferRevamp - Trying to select Date
2022-07-01 16:10:28,231 [main] INFO angular.pageobjects.c2ctransfer.C2CTransfers - Trying to enter Payment Instrument Date
2022-07-01 16:10:28,381 [main] INFO angular.pageobjects.c2ctransfer.C2CTransfers - User entered PaymentInstDate: 01/07/22
2022-07-01 16:10:28,383 [main] INFO angular.pageobjects.c2ctransfer.C2CTransfers - Trying clicking on C2C TRANSFER button
2022-07-01 16:10:28,496 [main] INFO angular.pageobjects.c2ctransfer.C2CTransfers - Clicked C2C Transfer Button
2022-07-01 16:10:29,623 [main] INFO angular.pageobjects.c2ctransfer.C2CTransfers - PIN PopUP is visible.
2022-07-01 16:10:29,625 [main] INFO angular.pageobjects.c2ctransfer.C2CTransfers - Trying to Enter Channel User PIN for C2C
2022-07-01 16:10:29,718 [main] INFO angular.pageobjects.c2ctransfer.C2CTransfers - User entered PIN: 2468
2022-07-01 16:10:29,720 [main] INFO angular.pageobjects.c2ctransfer.C2CTransfers - Trying clicking on C2C TRANSFER button
2022-07-01 16:10:29,803 [main] INFO angular.pageobjects.c2ctransfer.C2CTransfers - Clicked C2C Transfer Button
2022-07-01 16:10:30,911 [main] INFO angular.pageobjects.c2ctransfer.C2CTransfers - PIN PopUP is visible.
2022-07-01 16:10:30,913 [main] INFO angular.pageobjects.c2ctransfer.C2CTransfers - Fetching C2C Transfer Request Initiated Message
2022-07-01 16:10:30,969 [main] INFO angular.pageobjects.c2ctransfer.C2CTransfers - C2C Transfer Request Initiated Message : Transfer Request Initiated
2022-07-01 16:10:30,971 [main] INFO angular.pageobjects.c2ctransfer.C2CTransfers - Trying to get C2C Topups Done
2022-07-01 16:10:31,087 [main] INFO angular.pageobjects.c2ctransfer.C2CTransfers - C2C [[ChromeDriver: chrome on WINDOWS (02e48b05d87e3e2705f2f977025f5c45)] -> xpath: (//label[@class='labelposPrd'])[1]] : [[ChromeDriver: chrome on WINDOWS (02e48b05d87e3e2705f2f977025f5c45)] -> xpath: (//label[@class='labelposPrd'])[1]/following-sibling::label]
2022-07-01 16:10:31,115 [main] INFO angular.pageobjects.c2ctransfer.C2CTransfers - C2C [[ChromeDriver: chrome on WINDOWS (02e48b05d87e3e2705f2f977025f5c45)] -> xpath: (//label[@class='labelposPrd'])[2]] : [[ChromeDriver: chrome on WINDOWS (02e48b05d87e3e2705f2f977025f5c45)] -> xpath: (//label[@class='labelposPrd'])[2]/following-sibling::label]
2022-07-01 16:10:31,117 [main] INFO angular.pageobjects.c2ctransfer.C2CTransfers -  C2C TOPUPS Done and Info Printed Above
2022-07-01 16:10:31,118 [main] INFO angular.pageobjects.c2ctransfer.C2CTransfers - Fetching C2C Transfer Transaction ID
2022-07-01 16:10:31,174 [main] INFO angular.pageobjects.c2ctransfer.C2CTransfers - C2C Transfer Transaction ID : CT220701.1602.100001
2022-07-01 16:10:52,222 [main] ERROR com.sshmanager.SSHService - Error while getting SSH Server Instance : com.jcraft.jsch.JSchException: java.net.ConnectException: Connection timed out: connect
2022-07-01 16:10:52,233 [main] INFO angular.pageobjects.c2ctransfer.C2CTransfers - Trying to Click DONE button after C2C Transfer initiated
2022-07-01 16:10:52,322 [main] INFO angular.pageobjects.c2ctransfer.C2CTransfers - Clicked Done for Initiated C2C
2022-07-01 16:10:52,324 [main] INFO angular.feature.C2CTransferRevamp - Exiting performC2CTransferMobileBuyerType
2022-07-01 16:10:52,327 [main] INFO angular.feature.C2CTransferRevamp - Entered performC2CTransferMobileBuyerType(Super Distributor, Dealer, 9081573214, 2468)
2022-07-01 16:10:52,373 [main] INFO angular.classes.LoginRevamp - Login ID Found as: suser
2022-07-01 16:10:52,375 [main] INFO angular.classes.LoginRevamp - Password Found as: Com@2469
2022-07-01 16:10:52,377 [main] INFO angular.feature.C2CTransferRevamp - LOGINID : suser
2022-07-01 16:10:52,402 [main] INFO angular.classes.LoginRevamp - LoginID found as: suser
2022-07-01 16:10:52,404 [main] INFO angular.classes.LoginRevamp - Password found as: Com@2469
2022-07-01 16:10:52,406 [main] INFO angular.classes.LoginRevamp - Username found as:  suser
2022-07-01 16:10:52,749 [main] INFO angular.pageobjects.loginpages.LoginPageRevamp - Trying to select Language
2022-07-01 16:11:03,088 [main] INFO angular.pageobjects.loginpages.LoginPageRevamp - <b>Language Selector Not Found:</b>
2022-07-01 16:11:03,098 [main] INFO angular.pageobjects.loginpages.LoginPageRevamp - Trying to enter Login ID
2022-07-01 16:11:03,245 [main] INFO angular.pageobjects.loginpages.LoginPageRevamp - Login ID entered successfully as: suser
2022-07-01 16:11:03,247 [main] INFO angular.pageobjects.loginpages.LoginPageRevamp - Trying to enter Password
2022-07-01 16:11:03,374 [main] INFO angular.pageobjects.loginpages.LoginPageRevamp - Password entered successfully as: Com@2469
2022-07-01 16:11:03,376 [main] INFO angular.pageobjects.loginpages.LoginPageRevamp - Trying to click Login Button
2022-07-01 16:11:03,483 [main] INFO angular.pageobjects.loginpages.LoginPageRevamp - Login button clicked successfully
2022-07-01 16:11:03,531 [main] INFO angular.pageobjects.loginpages.LoginPageRevamp - Error Message Found on Login Screen: 
2022-07-01 16:11:12,674 [main] INFO angular.pageobjects.c2capproval.C2CApproval - Trying clicking on C2C Heading
2022-07-01 16:11:12,817 [main] INFO angular.pageobjects.c2capproval.C2CApproval - User clicked C2C Heading Link.
2022-07-01 16:11:12,833 [main] INFO angular.pageobjects.c2capproval.C2CApproval - Trying clicking on C2C Approval Level 1 Heading
2022-07-01 16:11:13,102 [main] INFO angular.pageobjects.c2capproval.C2CApproval - User clicked C2C Approval Level 1 Heading Link.
2022-07-01 16:11:13,104 [main] INFO angular.feature.C2CTransferRevamp - C2C Heading and Transaction Heading is clicked
2022-07-01 16:11:13,106 [main] INFO angular.pageobjects.c2capproval.C2CApproval - Waiting for spinner
2022-07-01 16:11:13,682 [main] INFO angular.pageobjects.c2capproval.C2CApproval - Waiting for spinner to stop
2022-07-01 16:11:16,063 [main] INFO angular.pageobjects.c2capproval.C2CApproval - Spinner stopped
2022-07-01 16:11:16,075 [main] INFO angular.pageobjects.c2capproval.C2CApproval - Trying clicking on C2C Single Operation Heading
2022-07-01 16:11:16,147 [main] INFO angular.pageobjects.c2capproval.C2CApproval - User clicked C2C Single Operation Heading.
2022-07-01 16:11:16,148 [main] INFO angular.pageobjects.c2capproval.C2CApproval - Trying clicking on etopUp Heading
2022-07-01 16:11:16,230 [main] INFO angular.pageobjects.c2capproval.C2CApproval - User clicked eTopup Heading Link.
2022-07-01 16:11:16,231 [main] INFO angular.pageobjects.c2capproval.C2CApproval - Trying to enter the TransactionId
2022-07-01 16:11:16,604 [main] INFO angular.pageobjects.c2capproval.C2CApproval - Entered the TransactionId
2022-07-01 16:11:16,619 [main] INFO angular.pageobjects.c2capproval.C2CApproval - Trying to Click the approve button
2022-07-01 16:11:16,743 [main] INFO angular.pageobjects.c2capproval.C2CApproval - User clicked Approve Button	.
2022-07-01 16:11:16,745 [main] INFO angular.pageobjects.c2capproval.C2CApproval - Trying to enter the remarks
2022-07-01 16:11:16,901 [main] INFO angular.pageobjects.c2capproval.C2CApproval - Entered the TransactionId
2022-07-01 16:11:18,935 [main] INFO angular.pageobjects.c2capproval.C2CApproval - Trying to Click the approve button
2022-07-01 16:11:19,039 [main] INFO angular.pageobjects.c2capproval.C2CApproval - User clicked Approve Button	.
2022-07-01 16:11:20,052 [main] INFO angular.pageobjects.c2capproval.C2CApproval - Trying to Click the yes button
2022-07-01 16:11:20,154 [main] INFO angular.pageobjects.c2capproval.C2CApproval - User clicked Yes Button.
2022-07-01 16:11:21,256 [main] INFO angular.pageobjects.c2capproval.C2CApproval - PopUP is visible.
2022-07-01 16:11:21,258 [main] INFO angular.pageobjects.c2capproval.C2CApproval - Trying to get the Success Msg
2022-07-01 16:11:21,298 [main] INFO angular.pageobjects.c2capproval.C2CApproval - Successfully Retrieved Success Msg
2022-07-01 16:11:21,302 [main] INFO com.utils.Assertion - <pre><b>Expected: </b>Transaction Approved<br><b>Found: </b>Transaction Approved</pre>
2022-07-01 16:11:21,739 [main] INFO angular.pageobjects.c2capproval.C2CApproval - Trying to get the TxndID
2022-07-01 16:11:21,783 [main] INFO angular.pageobjects.c2capproval.C2CApproval - Successfully retrieved TxnId
2022-07-01 16:11:42,818 [main] ERROR com.sshmanager.SSHService - Error while getting SSH Server Instance : com.jcraft.jsch.JSchException: java.net.ConnectException: Connection timed out: connect
2022-07-01 16:11:42,830 [main] INFO angular.pageobjects.c2capproval.C2CApproval - Trying to click Done Button
2022-07-01 16:11:42,922 [main] INFO angular.pageobjects.c2capproval.C2CApproval - Done Button successfully clicked
2022-07-01 16:11:42,924 [main] INFO angular.feature.C2CTransferRevamp - Entered performC2CTransferMobileBuyerType(Super Distributor, Dealer, 9081573214, 2468)
2022-07-01 16:11:42,985 [main] INFO angular.classes.LoginRevamp - Login ID Found as: suser
2022-07-01 16:11:42,987 [main] INFO angular.classes.LoginRevamp - Password Found as: Com@2469
2022-07-01 16:11:42,988 [main] INFO angular.feature.C2CTransferRevamp - LOGINID : suser
2022-07-01 16:11:43,019 [main] INFO angular.classes.LoginRevamp - LoginID found as: suser
2022-07-01 16:11:43,021 [main] INFO angular.classes.LoginRevamp - Password found as: Com@2469
2022-07-01 16:11:43,023 [main] INFO angular.classes.LoginRevamp - Username found as:  suser
2022-07-01 16:11:43,383 [main] INFO angular.pageobjects.loginpages.LoginPageRevamp - Trying to select Language
2022-07-01 16:11:53,689 [main] INFO angular.pageobjects.loginpages.LoginPageRevamp - <b>Language Selector Not Found:</b>
2022-07-01 16:11:53,700 [main] INFO angular.pageobjects.loginpages.LoginPageRevamp - Trying to enter Login ID
2022-07-01 16:11:53,848 [main] INFO angular.pageobjects.loginpages.LoginPageRevamp - Login ID entered successfully as: suser
2022-07-01 16:11:53,851 [main] INFO angular.pageobjects.loginpages.LoginPageRevamp - Trying to enter Password
2022-07-01 16:11:53,997 [main] INFO angular.pageobjects.loginpages.LoginPageRevamp - Password entered successfully as: Com@2469
2022-07-01 16:11:53,999 [main] INFO angular.pageobjects.loginpages.LoginPageRevamp - Trying to click Login Button
2022-07-01 16:11:54,085 [main] INFO angular.pageobjects.loginpages.LoginPageRevamp - Login button clicked successfully
2022-07-01 16:11:54,137 [main] INFO angular.pageobjects.loginpages.LoginPageRevamp - Error Message Found on Login Screen: 
2022-07-01 16:12:03,710 [main] INFO angular.pageobjects.c2capproval.C2CApproval - Trying clicking on C2C Heading
2022-07-01 16:12:03,785 [main] INFO angular.pageobjects.c2capproval.C2CApproval - User clicked C2C Heading Link.
2022-07-01 16:12:03,789 [main] INFO angular.pageobjects.c2capproval.C2CApproval - Trying clicking on C2C Approval Level 2 Heading
2022-07-01 16:12:04,000 [main] INFO angular.pageobjects.c2capproval.C2CApproval - User clicked C2C Approval Level 2 Heading Link.
2022-07-01 16:12:04,002 [main] INFO angular.feature.C2CTransferRevamp - C2C Heading and Transaction Heading is clicked
2022-07-01 16:12:04,016 [main] INFO angular.pageobjects.c2capproval.C2CApproval - Waiting for spinner
2022-07-01 16:12:04,107 [main] INFO angular.pageobjects.c2capproval.C2CApproval - Waiting for spinner to stop
2022-07-01 16:12:05,236 [main] INFO angular.pageobjects.c2capproval.C2CApproval - Spinner stopped
2022-07-01 16:12:05,237 [main] INFO angular.pageobjects.c2capproval.C2CApproval - Trying clicking on C2C Single Operation Heading
2022-07-01 16:12:05,307 [main] INFO angular.pageobjects.c2capproval.C2CApproval - User clicked C2C Single Operation Heading.
2022-07-01 16:12:05,309 [main] INFO angular.pageobjects.c2capproval.C2CApproval - Trying clicking on etopUp Heading
2022-07-01 16:12:05,384 [main] INFO angular.pageobjects.c2capproval.C2CApproval - User clicked eTopup Heading Link.
2022-07-01 16:12:05,387 [main] INFO angular.pageobjects.c2capproval.C2CApproval - Trying to enter the TransactionId
2022-07-01 16:12:05,714 [main] INFO angular.pageobjects.c2capproval.C2CApproval - Entered the TransactionId
2022-07-01 16:12:05,715 [main] INFO angular.pageobjects.c2capproval.C2CApproval - Trying to Click the approve button
2022-07-01 16:12:05,864 [main] INFO angular.pageobjects.c2capproval.C2CApproval - User clicked Approve Button	.
2022-07-01 16:12:05,866 [main] INFO angular.pageobjects.c2capproval.C2CApproval - Trying to enter the remarks
2022-07-01 16:12:06,026 [main] INFO angular.pageobjects.c2capproval.C2CApproval - Entered the TransactionId
2022-07-01 16:12:07,035 [main] INFO angular.pageobjects.c2capproval.C2CApproval - Trying to Click the approve button
2022-07-01 16:12:07,119 [main] INFO angular.pageobjects.c2capproval.C2CApproval - User clicked Approve Button	.
2022-07-01 16:12:08,129 [main] INFO angular.pageobjects.c2capproval.C2CApproval - Trying to Click the yes button
2022-07-01 16:12:08,211 [main] INFO angular.pageobjects.c2capproval.C2CApproval - User clicked Yes Button.
2022-07-01 16:12:09,322 [main] INFO angular.pageobjects.c2capproval.C2CApproval - PopUP is visible.
2022-07-01 16:12:09,323 [main] INFO angular.pageobjects.c2capproval.C2CApproval - Trying to get the Success Msg
2022-07-01 16:12:09,362 [main] INFO angular.pageobjects.c2capproval.C2CApproval - Successfully Retrieved Success Msg
2022-07-01 16:12:09,365 [main] INFO com.utils.Assertion - <pre><b>Expected: </b>Transaction Approved<br><b>Found: </b>Transaction Approved</pre>
2022-07-01 16:12:09,505 [main] INFO angular.pageobjects.c2capproval.C2CApproval - Trying to get the TxndID
2022-07-01 16:12:09,548 [main] INFO angular.pageobjects.c2capproval.C2CApproval - Successfully retrieved TxnId
2022-07-01 16:12:30,579 [main] ERROR com.sshmanager.SSHService - Error while getting SSH Server Instance : com.jcraft.jsch.JSchException: java.net.ConnectException: Connection timed out: connect
2022-07-01 16:12:30,590 [main] INFO angular.pageobjects.c2capproval.C2CApproval - Trying to click Done Button
2022-07-01 16:12:30,683 [main] INFO angular.pageobjects.c2capproval.C2CApproval - Done Button successfully clicked
2022-07-01 16:12:30,686 [main] INFO angular.feature.C2CTransferRevamp - Entered performC2CTransferMobileBuyerType(Super Distributor, Dealer, 9081573214, 2468)
2022-07-01 16:12:30,755 [main] INFO angular.classes.LoginRevamp - Login ID Found as: suser
2022-07-01 16:12:30,759 [main] INFO angular.classes.LoginRevamp - Password Found as: Com@2469
2022-07-01 16:12:30,761 [main] INFO angular.feature.C2CTransferRevamp - LOGINID : suser
2022-07-01 16:12:30,790 [main] INFO angular.classes.LoginRevamp - LoginID found as: suser
2022-07-01 16:12:30,794 [main] INFO angular.classes.LoginRevamp - Password found as: Com@2469
2022-07-01 16:12:30,795 [main] INFO angular.classes.LoginRevamp - Username found as:  suser
2022-07-01 16:12:31,096 [main] INFO angular.pageobjects.loginpages.LoginPageRevamp - Trying to select Language
2022-07-01 16:12:41,469 [main] INFO angular.pageobjects.loginpages.LoginPageRevamp - <b>Language Selector Not Found:</b>
2022-07-01 16:12:41,480 [main] INFO angular.pageobjects.loginpages.LoginPageRevamp - Trying to enter Login ID
2022-07-01 16:12:41,627 [main] INFO angular.pageobjects.loginpages.LoginPageRevamp - Login ID entered successfully as: suser
2022-07-01 16:12:41,629 [main] INFO angular.pageobjects.loginpages.LoginPageRevamp - Trying to enter Password
2022-07-01 16:12:41,761 [main] INFO angular.pageobjects.loginpages.LoginPageRevamp - Password entered successfully as: Com@2469
2022-07-01 16:12:41,763 [main] INFO angular.pageobjects.loginpages.LoginPageRevamp - Trying to click Login Button
2022-07-01 16:12:41,847 [main] INFO angular.pageobjects.loginpages.LoginPageRevamp - Login button clicked successfully
2022-07-01 16:12:41,899 [main] INFO angular.pageobjects.loginpages.LoginPageRevamp - Error Message Found on Login Screen: 
2022-07-01 16:12:50,993 [main] INFO angular.pageobjects.c2capproval.C2CApproval - Trying clicking on C2C Heading
2022-07-01 16:12:51,109 [main] INFO angular.pageobjects.c2capproval.C2CApproval - User clicked C2C Heading Link.
2022-07-01 16:12:51,111 [main] INFO angular.pageobjects.c2capproval.C2CApproval - Trying clicking on C2C Approval Level 3 Heading
2022-07-01 16:12:51,256 [main] INFO angular.pageobjects.c2capproval.C2CApproval - User clicked C2C Approval Level 3 Heading Link.
2022-07-01 16:12:51,258 [main] INFO angular.feature.C2CTransferRevamp - C2C Heading and Transaction Heading is clicked
2022-07-01 16:12:51,260 [main] INFO angular.pageobjects.c2capproval.C2CApproval - Waiting for spinner
2022-07-01 16:12:51,340 [main] INFO angular.pageobjects.c2capproval.C2CApproval - Waiting for spinner to stop
2022-07-01 16:12:52,991 [main] INFO angular.pageobjects.c2capproval.C2CApproval - Spinner stopped
2022-07-01 16:12:52,992 [main] INFO angular.pageobjects.c2capproval.C2CApproval - Trying clicking on C2C Single Operation Heading
2022-07-01 16:12:53,060 [main] INFO angular.pageobjects.c2capproval.C2CApproval - User clicked C2C Single Operation Heading.
2022-07-01 16:12:53,062 [main] INFO angular.pageobjects.c2capproval.C2CApproval - Trying clicking on etopUp Heading
2022-07-01 16:12:53,127 [main] INFO angular.pageobjects.c2capproval.C2CApproval - User clicked eTopup Heading Link.
2022-07-01 16:12:53,128 [main] INFO angular.pageobjects.c2capproval.C2CApproval - Trying to enter the TransactionId
2022-07-01 16:12:53,528 [main] INFO angular.pageobjects.c2capproval.C2CApproval - Entered the TransactionId
2022-07-01 16:12:53,531 [main] INFO angular.pageobjects.c2capproval.C2CApproval - Trying to Click the approve button
2022-07-01 16:12:53,696 [main] INFO angular.pageobjects.c2capproval.C2CApproval - User clicked Approve Button	.
2022-07-01 16:12:53,710 [main] INFO angular.pageobjects.c2capproval.C2CApproval - Trying to enter the remarks
2022-07-01 16:12:53,997 [main] INFO angular.pageobjects.c2capproval.C2CApproval - Entered the TransactionId
2022-07-01 16:12:55,004 [main] INFO angular.pageobjects.c2capproval.C2CApproval - Trying to Click the approve button
2022-07-01 16:12:55,089 [main] INFO angular.pageobjects.c2capproval.C2CApproval - User clicked Approve Button	.
2022-07-01 16:12:56,097 [main] INFO angular.pageobjects.c2capproval.C2CApproval - Trying to Click the yes button
2022-07-01 16:12:56,199 [main] INFO angular.pageobjects.c2capproval.C2CApproval - User clicked Yes Button.
2022-07-01 16:12:57,303 [main] INFO angular.pageobjects.c2capproval.C2CApproval - PopUP is visible.
2022-07-01 16:12:57,304 [main] INFO angular.pageobjects.c2capproval.C2CApproval - Trying to get the Success Msg
2022-07-01 16:12:57,349 [main] INFO angular.pageobjects.c2capproval.C2CApproval - Successfully Retrieved Success Msg
2022-07-01 16:12:57,350 [main] INFO com.utils.Assertion - <pre><b>Expected: </b>Transaction Approved<br><b>Found: </b>Transaction Approved</pre>
2022-07-01 16:12:57,500 [main] INFO angular.pageobjects.c2capproval.C2CApproval - Trying to get the TxndID
2022-07-01 16:12:57,543 [main] INFO angular.pageobjects.c2capproval.C2CApproval - Successfully retrieved TxnId
2022-07-01 16:13:18,580 [main] ERROR com.sshmanager.SSHService - Error while getting SSH Server Instance : com.jcraft.jsch.JSchException: java.net.ConnectException: Connection timed out: connect
2022-07-01 16:13:18,595 [main] INFO angular.pageobjects.c2capproval.C2CApproval - Trying to click Done Button
2022-07-01 16:13:18,731 [main] INFO angular.pageobjects.c2capproval.C2CApproval - Done Button successfully clicked
2022-07-01 16:13:18,735 [main] INFO angular.feature.C2CTransferRevamp - Entered performC2CWithdrawalMobileBuyerType(Super Distributor, Dealer, 9081573214, 2468)
2022-07-01 16:13:18,849 [main] INFO angular.classes.LoginRevamp - Login ID Found as: suser
2022-07-01 16:13:18,870 [main] INFO angular.classes.LoginRevamp - Password Found as: Com@2469
2022-07-01 16:13:18,873 [main] INFO angular.feature.C2CTransferRevamp - LOGINID : suser
2022-07-01 16:13:18,953 [main] INFO angular.classes.LoginRevamp - LoginID found as: suser
2022-07-01 16:13:18,956 [main] INFO angular.classes.LoginRevamp - Password found as: Com@2469
2022-07-01 16:13:18,959 [main] INFO angular.classes.LoginRevamp - Username found as:  suser
2022-07-01 16:13:19,373 [main] INFO angular.pageobjects.loginpages.LoginPageRevamp - Trying to select Language
2022-07-01 16:13:29,689 [main] INFO angular.pageobjects.loginpages.LoginPageRevamp - <b>Language Selector Not Found:</b>
2022-07-01 16:13:29,700 [main] INFO angular.pageobjects.loginpages.LoginPageRevamp - Trying to enter Login ID
2022-07-01 16:13:29,850 [main] INFO angular.pageobjects.loginpages.LoginPageRevamp - Login ID entered successfully as: suser
2022-07-01 16:13:29,852 [main] INFO angular.pageobjects.loginpages.LoginPageRevamp - Trying to enter Password
2022-07-01 16:13:29,998 [main] INFO angular.pageobjects.loginpages.LoginPageRevamp - Password entered successfully as: Com@2469
2022-07-01 16:13:29,999 [main] INFO angular.pageobjects.loginpages.LoginPageRevamp - Trying to click Login Button
2022-07-01 16:13:30,089 [main] INFO angular.pageobjects.loginpages.LoginPageRevamp - Login button clicked successfully
2022-07-01 16:13:30,137 [main] INFO angular.pageobjects.loginpages.LoginPageRevamp - Error Message Found on Login Screen: 
2022-07-01 16:13:39,186 [main] INFO angular.pageobjects.c2ctransfer.C2CTransfers - Trying clicking on C2C Heading
2022-07-01 16:13:39,295 [main] INFO angular.pageobjects.c2ctransfer.C2CTransfers - User clicked C2C Heading Link.
2022-07-01 16:13:39,297 [main] INFO angular.pageobjects.c2ctransfer.C2CTransfers - Trying clicking on C2C Transaction Heading
2022-07-01 16:13:39,420 [main] INFO angular.pageobjects.c2ctransfer.C2CTransfers - User clicked C2C Transaction Heading Link.
2022-07-01 16:13:39,421 [main] INFO angular.feature.C2CTransferRevamp - C2C Heading and Transaction Heading is clicked
2022-07-01 16:13:39,423 [main] INFO angular.pageobjects.c2ctransfer.C2CTransfers - Trying clicking on C2C Withdrawal Heading
2022-07-01 16:13:39,528 [main] INFO angular.pageobjects.c2ctransfer.C2CTransfers - User clicked C2C Withdrawal Heading.
2022-07-01 16:13:39,531 [main] INFO angular.pageobjects.c2ctransfer.C2CTransfers - Trying to select C2C Buyer Type
2022-07-01 16:13:39,758 [main] INFO angular.pageobjects.c2ctransfer.C2CTransfers - C2C Buyer Type selected : //ng-select[@id='searchBy']//ng-dropdown-panel[contains(@class,'ng-star-inserted')]//span[text()='Mobile Number']
2022-07-01 16:13:39,761 [main] INFO angular.pageobjects.c2ctransfer.C2CTransfers - Entering C2C MSISDN
2022-07-01 16:13:39,884 [main] INFO angular.pageobjects.c2ctransfer.C2CTransfers - Entered C2C MSISDN : 9081573214
2022-07-01 16:13:49,892 [main] INFO angular.pageobjects.c2ctransfer.C2CTransfers - Trying clicking on PROCEED button on C2C
2022-07-01 16:13:52,000 [main] INFO angular.pageobjects.c2ctransfer.C2CTransfers - Clicked PROCEED button on C2C.
2022-07-01 16:13:52,013 [main] INFO angular.pageobjects.c2ctransfer.C2CTransfers - Trying to initiate C2C Topups
2022-07-01 16:14:12,175 [main] INFO com.classes.BaseTest - org.openqa.selenium.TimeoutException: Expected condition failed: waiting for visibility of element located by By.xpath: //label[@class='denoTableHeader'] (tried for 20 second(s) with 500 milliseconds interval)
2022-07-01 16:14:33,217 [main] ERROR com.sshmanager.SSHService - Error while getting SSH Server Instance : com.jcraft.jsch.JSchException: java.net.ConnectException: Connection timed out: connect
2022-07-01 16:14:33,654 [main] INFO angular.testscripts.prereuisitesangular.PreRequisite_C2CWithdrawal_Revamp - ------------------ Test Case Execution Started For A_01_Test_C2CWithdrawlMobileBuyerType -------------------
2022-07-01 16:14:33,654 [main] INFO angular.testscripts.prereuisitesangular.PreRequisite_C2CWithdrawal_Revamp - Entered A_01_Test_C2CWithdrawlMobileBuyerType(Super Distributor, Agent, 7802617823, 2468, Distributor, Super Distributor, SA, 3)
2022-07-01 16:14:33,656 [main] INFO com.dbrepository.OracleRepository - Entered getPreference(AG, NG, MAX_APPROVAL_LEVEL_C2C_TRANSFER)
2022-07-01 16:14:33,657 [main] INFO com.dbrepository.DBConnectionPool - Active Size:0 Cache Size:10
2022-07-01 16:14:33,740 [main] INFO com.dbrepository.OracleRepository - Service Class Preference Not Found
2022-07-01 16:14:33,741 [main] INFO com.dbrepository.OracleRepository - Trying to get Preference value from Control Preferences
2022-07-01 16:14:33,822 [main] INFO com.dbrepository.OracleRepository - Query Repository Returns: DEFAULT_VALUE (0)
2022-07-01 16:14:33,883 [main] INFO com.utils.CommonUtils - Category Code for Super Distributor: DIST
2022-07-01 16:14:33,923 [main] INFO com.dbrepository.OracleRepository - Entered webInterface(Super Distributor)
2022-07-01 16:14:33,925 [main] INFO com.dbrepository.DBConnectionPool - Active Size:0 Cache Size:10
2022-07-01 16:14:33,927 [main] INFO com.dbrepository.OracleRepository - webInterface() :: select query: Select WEB_INTERFACE_ALLOWED from categories where category_name= ?
2022-07-01 16:14:34,009 [main] INFO com.dbrepository.OracleRepository - Database Returns: WEB_INTERFACE_ALLOWED (Y)
2022-07-01 16:14:34,011 [main] INFO com.dbrepository.OracleRepository - Exited webInterface()
2022-07-01 16:14:34,015 [main] INFO angular.feature.C2CTransferRevamp - Entered performC2CTransferMobileBuyerType(Super Distributor, Agent, 7802617823, 2468)
2022-07-01 16:14:34,064 [main] INFO angular.classes.LoginRevamp - Login ID Found as: suser
2022-07-01 16:14:34,066 [main] INFO angular.classes.LoginRevamp - Password Found as: Com@2469
2022-07-01 16:14:34,067 [main] INFO angular.feature.C2CTransferRevamp - LOGINID : suser
2022-07-01 16:14:34,090 [main] INFO angular.classes.LoginRevamp - LoginID found as: suser
2022-07-01 16:14:34,092 [main] INFO angular.classes.LoginRevamp - Password found as: Com@2469
2022-07-01 16:14:34,094 [main] INFO angular.classes.LoginRevamp - Username found as:  suser
2022-07-01 16:14:34,401 [main] INFO angular.pageobjects.loginpages.LoginPageRevamp - Trying to select Language
2022-07-01 16:14:44,791 [main] INFO angular.pageobjects.loginpages.LoginPageRevamp - <b>Language Selector Not Found:</b>
2022-07-01 16:14:44,803 [main] INFO angular.pageobjects.loginpages.LoginPageRevamp - Trying to enter Login ID
2022-07-01 16:14:44,946 [main] INFO angular.pageobjects.loginpages.LoginPageRevamp - Login ID entered successfully as: suser
2022-07-01 16:14:44,948 [main] INFO angular.pageobjects.loginpages.LoginPageRevamp - Trying to enter Password
2022-07-01 16:14:45,095 [main] INFO angular.pageobjects.loginpages.LoginPageRevamp - Password entered successfully as: Com@2469
2022-07-01 16:14:45,096 [main] INFO angular.pageobjects.loginpages.LoginPageRevamp - Trying to click Login Button
2022-07-01 16:14:45,193 [main] INFO angular.pageobjects.loginpages.LoginPageRevamp - Login button clicked successfully
2022-07-01 16:14:45,241 [main] INFO angular.pageobjects.loginpages.LoginPageRevamp - Error Message Found on Login Screen: 
2022-07-01 16:14:54,268 [main] INFO angular.pageobjects.c2ctransfer.C2CTransfers - Trying clicking on C2C Heading
2022-07-01 16:14:54,403 [main] INFO angular.pageobjects.c2ctransfer.C2CTransfers - User clicked C2C Heading Link.
2022-07-01 16:14:54,405 [main] INFO angular.pageobjects.c2ctransfer.C2CTransfers - Trying clicking on C2C Transaction Heading
2022-07-01 16:14:54,548 [main] INFO angular.pageobjects.c2ctransfer.C2CTransfers - User clicked C2C Transaction Heading Link.
2022-07-01 16:14:54,550 [main] INFO angular.feature.C2CTransferRevamp - C2C Heading and Transaction Heading is clicked
2022-07-01 16:14:54,551 [main] INFO angular.pageobjects.c2ctransfer.C2CTransfers - Trying clicking on C2C Single Operation Heading
2022-07-01 16:14:54,634 [main] INFO angular.pageobjects.c2ctransfer.C2CTransfers - User clicked C2C Single Operation Heading.
2022-07-01 16:14:54,636 [main] INFO angular.pageobjects.c2ctransfer.C2CTransfers - Trying clicking on C2C Transfer Heading
2022-07-01 16:14:54,764 [main] INFO angular.pageobjects.c2ctransfer.C2CTransfers - User clicked C2C Transfer Heading.
2022-07-01 16:14:54,766 [main] INFO angular.pageobjects.c2ctransfer.C2CTransfers - Trying clicking on Etopup
2022-07-01 16:14:54,859 [main] INFO angular.pageobjects.c2ctransfer.C2CTransfers - Clicked Etopup.
2022-07-01 16:14:54,861 [main] INFO angular.pageobjects.c2ctransfer.C2CTransfers - Trying to select C2C Buyer Type
2022-07-01 16:14:55,045 [main] INFO angular.pageobjects.c2ctransfer.C2CTransfers - C2C Buyer Type selected : //ng-select[@id='searchBy']//ng-dropdown-panel[contains(@class,'ng-star-inserted')]//span[text()='Mobile Number']
2022-07-01 16:14:55,046 [main] INFO angular.pageobjects.c2ctransfer.C2CTransfers - Entering C2C MSISDN
2022-07-01 16:14:55,191 [main] INFO angular.pageobjects.c2ctransfer.C2CTransfers - Entered C2C MSISDN : 7802617823
2022-07-01 16:15:05,200 [main] INFO angular.pageobjects.c2ctransfer.C2CTransfers - Trying clicking on PROCEED button on C2C
2022-07-01 16:15:07,332 [main] INFO angular.pageobjects.c2ctransfer.C2CTransfers - Clicked PROCEED button on C2C.
2022-07-01 16:15:07,344 [main] INFO angular.pageobjects.c2ctransfer.C2CTransfers - Trying to initiate C2C Topups
2022-07-01 16:15:07,500 [main] INFO angular.pageobjects.c2ctransfer.C2CTransfers - rowCount of c2c topups available on screen : 2
2022-07-01 16:15:07,502 [main] INFO angular.pageobjects.c2ctransfer.C2CTransfers - sheetProductCode : eTopUP
2022-07-01 16:15:07,504 [main] INFO angular.pageobjects.c2ctransfer.C2CTransfers - sheetProductCode : PeTopUP
2022-07-01 16:15:07,558 [main] INFO angular.pageobjects.c2ctransfer.C2CTransfers - quantity : 2
2022-07-01 16:15:07,560 [main] INFO angular.pageobjects.c2ctransfer.C2CTransfers - String.valueOf(quantity) SEND KEYS : 2
2022-07-01 16:15:07,653 [main] INFO angular.pageobjects.c2ctransfer.C2CTransfers - rowCount of c2c topups available on screen : 2
2022-07-01 16:15:07,654 [main] INFO angular.pageobjects.c2ctransfer.C2CTransfers - sheetProductCode : eTopUP
2022-07-01 16:15:07,701 [main] INFO angular.pageobjects.c2ctransfer.C2CTransfers - quantity : 1
2022-07-01 16:15:07,703 [main] INFO angular.pageobjects.c2ctransfer.C2CTransfers - String.valueOf(quantity) SEND KEYS : 1
2022-07-01 16:15:07,704 [main] INFO angular.pageobjects.c2ctransfer.C2CTransfers - sheetProductCode : PeTopUP
2022-07-01 16:15:07,705 [main] INFO angular.pageobjects.c2ctransfer.C2CTransfers - Entered Quantities: 
2022-07-01 16:15:07,821 [main] INFO angular.pageobjects.c2ctransfer.C2CTransfers - Entered Reference Number
2022-07-01 16:15:07,976 [main] INFO angular.pageobjects.c2ctransfer.C2CTransfers - User entered Remarks
2022-07-01 16:15:07,979 [main] INFO angular.pageobjects.c2ctransfer.C2CTransfers - Trying to select Payment mode : Cash
2022-07-01 16:15:11,215 [main] INFO angular.pageobjects.c2ctransfer.C2CTransfers - Selected Payment Mode : Cash
2022-07-01 16:15:11,228 [main] INFO angular.pageobjects.c2ctransfer.C2CTransfers - Trying to select Payment Instrument Number
2022-07-01 16:15:11,325 [main] INFO angular.pageobjects.c2ctransfer.C2CTransfers - User entered PaymentInstNum: 124231
2022-07-01 16:15:11,327 [main] INFO angular.feature.C2CTransferRevamp - Trying to select Date
2022-07-01 16:15:11,329 [main] INFO angular.pageobjects.c2ctransfer.C2CTransfers - Trying to enter Payment Instrument Date
2022-07-01 16:15:11,483 [main] INFO angular.pageobjects.c2ctransfer.C2CTransfers - User entered PaymentInstDate: 01/07/22
2022-07-01 16:15:11,485 [main] INFO angular.pageobjects.c2ctransfer.C2CTransfers - Trying clicking on C2C TRANSFER button
2022-07-01 16:15:11,582 [main] INFO angular.pageobjects.c2ctransfer.C2CTransfers - Clicked C2C Transfer Button
2022-07-01 16:15:12,684 [main] INFO angular.pageobjects.c2ctransfer.C2CTransfers - PIN PopUP is visible.
2022-07-01 16:15:12,685 [main] INFO angular.pageobjects.c2ctransfer.C2CTransfers - Trying to Enter Channel User PIN for C2C
2022-07-01 16:15:12,777 [main] INFO angular.pageobjects.c2ctransfer.C2CTransfers - User entered PIN: 2468
2022-07-01 16:15:12,779 [main] INFO angular.pageobjects.c2ctransfer.C2CTransfers - Trying clicking on C2C TRANSFER button
2022-07-01 16:15:12,863 [main] INFO angular.pageobjects.c2ctransfer.C2CTransfers - Clicked C2C Transfer Button
2022-07-01 16:15:13,986 [main] INFO angular.pageobjects.c2ctransfer.C2CTransfers - PIN PopUP is visible.
2022-07-01 16:15:13,988 [main] INFO angular.pageobjects.c2ctransfer.C2CTransfers - Fetching C2C Transfer Request Initiated Message
2022-07-01 16:15:14,044 [main] INFO angular.pageobjects.c2ctransfer.C2CTransfers - C2C Transfer Request Initiated Message : Transfer Request Initiated
2022-07-01 16:15:14,045 [main] INFO angular.pageobjects.c2ctransfer.C2CTransfers - Trying to get C2C Topups Done
2022-07-01 16:15:14,159 [main] INFO angular.pageobjects.c2ctransfer.C2CTransfers - C2C [[ChromeDriver: chrome on WINDOWS (02e48b05d87e3e2705f2f977025f5c45)] -> xpath: (//label[@class='labelposPrd'])[1]] : [[ChromeDriver: chrome on WINDOWS (02e48b05d87e3e2705f2f977025f5c45)] -> xpath: (//label[@class='labelposPrd'])[1]/following-sibling::label]
2022-07-01 16:15:14,191 [main] INFO angular.pageobjects.c2ctransfer.C2CTransfers - C2C [[ChromeDriver: chrome on WINDOWS (02e48b05d87e3e2705f2f977025f5c45)] -> xpath: (//label[@class='labelposPrd'])[2]] : [[ChromeDriver: chrome on WINDOWS (02e48b05d87e3e2705f2f977025f5c45)] -> xpath: (//label[@class='labelposPrd'])[2]/following-sibling::label]
2022-07-01 16:15:14,193 [main] INFO angular.pageobjects.c2ctransfer.C2CTransfers -  C2C TOPUPS Done and Info Printed Above
2022-07-01 16:15:14,195 [main] INFO angular.pageobjects.c2ctransfer.C2CTransfers - Fetching C2C Transfer Transaction ID
2022-07-01 16:15:14,265 [main] INFO angular.pageobjects.c2ctransfer.C2CTransfers - C2C Transfer Transaction ID : CT220701.1607.100001
2022-07-01 16:15:35,321 [main] ERROR com.sshmanager.SSHService - Error while getting SSH Server Instance : com.jcraft.jsch.JSchException: java.net.ConnectException: Connection timed out: connect
2022-07-01 16:15:35,332 [main] INFO angular.pageobjects.c2ctransfer.C2CTransfers - Trying to Click DONE button after C2C Transfer initiated
2022-07-01 16:15:35,423 [main] INFO angular.pageobjects.c2ctransfer.C2CTransfers - Clicked Done for Initiated C2C
2022-07-01 16:15:35,425 [main] INFO angular.feature.C2CTransferRevamp - Exiting performC2CTransferMobileBuyerType
2022-07-01 16:15:35,428 [main] INFO angular.testscripts.prereuisitesangular.PreRequisite_C2CWithdrawal_Revamp - C2C vocuher transfer Approval is perform at c2c transfer itself
2022-07-01 16:15:35,430 [main] INFO angular.feature.C2CTransferRevamp - Entered performC2CWithdrawalMobileBuyerType(Super Distributor, Agent, 7802617823, 2468)
2022-07-01 16:15:35,475 [main] INFO angular.classes.LoginRevamp - Login ID Found as: suser
2022-07-01 16:15:35,477 [main] INFO angular.classes.LoginRevamp - Password Found as: Com@2469
2022-07-01 16:15:35,479 [main] INFO angular.feature.C2CTransferRevamp - LOGINID : suser
2022-07-01 16:15:35,501 [main] INFO angular.classes.LoginRevamp - LoginID found as: suser
2022-07-01 16:15:35,503 [main] INFO angular.classes.LoginRevamp - Password found as: Com@2469
2022-07-01 16:15:35,504 [main] INFO angular.classes.LoginRevamp - Username found as:  suser
2022-07-01 16:15:35,778 [main] INFO angular.pageobjects.loginpages.LoginPageRevamp - Trying to select Language
2022-07-01 16:15:46,220 [main] INFO angular.pageobjects.loginpages.LoginPageRevamp - <b>Language Selector Not Found:</b>
2022-07-01 16:15:46,230 [main] INFO angular.pageobjects.loginpages.LoginPageRevamp - Trying to enter Login ID
2022-07-01 16:15:46,379 [main] INFO angular.pageobjects.loginpages.LoginPageRevamp - Login ID entered successfully as: suser
2022-07-01 16:15:46,381 [main] INFO angular.pageobjects.loginpages.LoginPageRevamp - Trying to enter Password
2022-07-01 16:15:46,525 [main] INFO angular.pageobjects.loginpages.LoginPageRevamp - Password entered successfully as: Com@2469
2022-07-01 16:15:46,527 [main] INFO angular.pageobjects.loginpages.LoginPageRevamp - Trying to click Login Button
2022-07-01 16:15:46,615 [main] INFO angular.pageobjects.loginpages.LoginPageRevamp - Login button clicked successfully
2022-07-01 16:15:46,655 [main] INFO angular.pageobjects.loginpages.LoginPageRevamp - Error Message Found on Login Screen: 
2022-07-01 16:15:55,695 [main] INFO angular.pageobjects.c2ctransfer.C2CTransfers - Trying clicking on C2C Heading
2022-07-01 16:15:55,782 [main] INFO angular.pageobjects.c2ctransfer.C2CTransfers - User clicked C2C Heading Link.
2022-07-01 16:15:55,784 [main] INFO angular.pageobjects.c2ctransfer.C2CTransfers - Trying clicking on C2C Transaction Heading
2022-07-01 16:15:55,917 [main] INFO angular.pageobjects.c2ctransfer.C2CTransfers - User clicked C2C Transaction Heading Link.
2022-07-01 16:15:55,919 [main] INFO angular.feature.C2CTransferRevamp - C2C Heading and Transaction Heading is clicked
2022-07-01 16:15:55,921 [main] INFO angular.pageobjects.c2ctransfer.C2CTransfers - Trying clicking on C2C Withdrawal Heading
2022-07-01 16:15:56,071 [main] INFO angular.pageobjects.c2ctransfer.C2CTransfers - User clicked C2C Withdrawal Heading.
2022-07-01 16:15:56,074 [main] INFO angular.pageobjects.c2ctransfer.C2CTransfers - Trying to select C2C Buyer Type
2022-07-01 16:15:56,238 [main] INFO angular.pageobjects.c2ctransfer.C2CTransfers - C2C Buyer Type selected : //ng-select[@id='searchBy']//ng-dropdown-panel[contains(@class,'ng-star-inserted')]//span[text()='Mobile Number']
2022-07-01 16:15:56,239 [main] INFO angular.pageobjects.c2ctransfer.C2CTransfers - Entering C2C MSISDN
2022-07-01 16:15:56,346 [main] INFO angular.pageobjects.c2ctransfer.C2CTransfers - Entered C2C MSISDN : 7802617823
2022-07-01 16:16:06,348 [main] INFO angular.pageobjects.c2ctransfer.C2CTransfers - Trying clicking on PROCEED button on C2C
2022-07-01 16:16:08,446 [main] INFO angular.pageobjects.c2ctransfer.C2CTransfers - Clicked PROCEED button on C2C.
2022-07-01 16:16:08,456 [main] INFO angular.pageobjects.c2ctransfer.C2CTransfers - Trying to initiate C2C Topups
2022-07-01 16:16:28,509 [main] INFO com.classes.BaseTest - org.openqa.selenium.TimeoutException: Expected condition failed: waiting for visibility of element located by By.xpath: //label[@class='denoTableHeader'] (tried for 20 second(s) with 500 milliseconds interval)
2022-07-01 16:16:49,567 [main] ERROR com.sshmanager.SSHService - Error while getting SSH Server Instance : com.jcraft.jsch.JSchException: java.net.ConnectException: Connection timed out: connect
2022-07-01 16:16:49,800 [main] INFO angular.testscripts.prereuisitesangular.PreRequisite_C2CWithdrawal_Revamp - ------------------ Test Case Execution Started For A_01_Test_C2CWithdrawlMobileBuyerType -------------------
2022-07-01 16:16:49,800 [main] INFO angular.testscripts.prereuisitesangular.PreRequisite_C2CWithdrawal_Revamp - Entered A_01_Test_C2CWithdrawlMobileBuyerType(Super Distributor, Agent, 8905169743, 2468, Distributor, Dealer, SA, 4)
2022-07-01 16:16:49,802 [main] INFO com.dbrepository.OracleRepository - Entered getPreference(AG, NG, MAX_APPROVAL_LEVEL_C2C_TRANSFER)
2022-07-01 16:16:49,804 [main] INFO com.dbrepository.DBConnectionPool - Active Size:0 Cache Size:10
2022-07-01 16:16:49,976 [main] INFO com.dbrepository.OracleRepository - Service Class Preference Not Found
2022-07-01 16:16:49,978 [main] INFO com.dbrepository.OracleRepository - Trying to get Preference value from Control Preferences
2022-07-01 16:16:50,068 [main] INFO com.dbrepository.OracleRepository - Query Repository Returns: DEFAULT_VALUE (0)
2022-07-01 16:16:50,107 [main] INFO com.utils.CommonUtils - Category Code for Super Distributor: DIST
2022-07-01 16:16:50,131 [main] INFO com.dbrepository.OracleRepository - Entered webInterface(Super Distributor)
2022-07-01 16:16:50,133 [main] INFO com.dbrepository.DBConnectionPool - Active Size:0 Cache Size:10
2022-07-01 16:16:50,135 [main] INFO com.dbrepository.OracleRepository - webInterface() :: select query: Select WEB_INTERFACE_ALLOWED from categories where category_name= ?
2022-07-01 16:16:50,216 [main] INFO com.dbrepository.OracleRepository - Database Returns: WEB_INTERFACE_ALLOWED (Y)
2022-07-01 16:16:50,218 [main] INFO com.dbrepository.OracleRepository - Exited webInterface()
2022-07-01 16:16:50,220 [main] INFO angular.feature.C2CTransferRevamp - Entered performC2CTransferMobileBuyerType(Super Distributor, Agent, 8905169743, 2468)
2022-07-01 16:16:50,258 [main] INFO angular.classes.LoginRevamp - Login ID Found as: suser
2022-07-01 16:16:50,259 [main] INFO angular.classes.LoginRevamp - Password Found as: Com@2469
2022-07-01 16:16:50,261 [main] INFO angular.feature.C2CTransferRevamp - LOGINID : suser
2022-07-01 16:16:50,286 [main] INFO angular.classes.LoginRevamp - LoginID found as: suser
2022-07-01 16:16:50,287 [main] INFO angular.classes.LoginRevamp - Password found as: Com@2469
2022-07-01 16:16:50,289 [main] INFO angular.classes.LoginRevamp - Username found as:  suser
2022-07-01 16:16:50,546 [main] INFO angular.pageobjects.loginpages.LoginPageRevamp - Trying to select Language
2022-07-01 16:17:00,916 [main] INFO angular.pageobjects.loginpages.LoginPageRevamp - <b>Language Selector Not Found:</b>
2022-07-01 16:17:00,931 [main] INFO angular.pageobjects.loginpages.LoginPageRevamp - Trying to enter Login ID
2022-07-01 16:17:01,076 [main] INFO angular.pageobjects.loginpages.LoginPageRevamp - Login ID entered successfully as: suser
2022-07-01 16:17:01,078 [main] INFO angular.pageobjects.loginpages.LoginPageRevamp - Trying to enter Password
2022-07-01 16:17:01,225 [main] INFO angular.pageobjects.loginpages.LoginPageRevamp - Password entered successfully as: Com@2469
2022-07-01 16:17:01,226 [main] INFO angular.pageobjects.loginpages.LoginPageRevamp - Trying to click Login Button
2022-07-01 16:17:01,313 [main] INFO angular.pageobjects.loginpages.LoginPageRevamp - Login button clicked successfully
2022-07-01 16:17:01,368 [main] INFO angular.pageobjects.loginpages.LoginPageRevamp - Error Message Found on Login Screen: 
2022-07-01 16:17:11,434 [main] INFO angular.pageobjects.c2ctransfer.C2CTransfers - Trying clicking on C2C Heading
2022-07-01 16:17:11,524 [main] INFO angular.pageobjects.c2ctransfer.C2CTransfers - User clicked C2C Heading Link.
2022-07-01 16:17:11,525 [main] INFO angular.pageobjects.c2ctransfer.C2CTransfers - Trying clicking on C2C Transaction Heading
2022-07-01 16:17:11,660 [main] INFO angular.pageobjects.c2ctransfer.C2CTransfers - User clicked C2C Transaction Heading Link.
2022-07-01 16:17:11,662 [main] INFO angular.feature.C2CTransferRevamp - C2C Heading and Transaction Heading is clicked
2022-07-01 16:17:11,663 [main] INFO angular.pageobjects.c2ctransfer.C2CTransfers - Trying clicking on C2C Single Operation Heading
2022-07-01 16:17:11,749 [main] INFO angular.pageobjects.c2ctransfer.C2CTransfers - User clicked C2C Single Operation Heading.
2022-07-01 16:17:11,751 [main] INFO angular.pageobjects.c2ctransfer.C2CTransfers - Trying clicking on C2C Transfer Heading
2022-07-01 16:17:11,846 [main] INFO angular.pageobjects.c2ctransfer.C2CTransfers - User clicked C2C Transfer Heading.
2022-07-01 16:17:11,847 [main] INFO angular.pageobjects.c2ctransfer.C2CTransfers - Trying clicking on Etopup
2022-07-01 16:17:11,931 [main] INFO angular.pageobjects.c2ctransfer.C2CTransfers - Clicked Etopup.
2022-07-01 16:17:11,934 [main] INFO angular.pageobjects.c2ctransfer.C2CTransfers - Trying to select C2C Buyer Type
2022-07-01 16:17:12,126 [main] INFO angular.pageobjects.c2ctransfer.C2CTransfers - C2C Buyer Type selected : //ng-select[@id='searchBy']//ng-dropdown-panel[contains(@class,'ng-star-inserted')]//span[text()='Mobile Number']
2022-07-01 16:17:12,127 [main] INFO angular.pageobjects.c2ctransfer.C2CTransfers - Entering C2C MSISDN
2022-07-01 16:17:12,250 [main] INFO angular.pageobjects.c2ctransfer.C2CTransfers - Entered C2C MSISDN : 8905169743
2022-07-01 16:17:22,257 [main] INFO angular.pageobjects.c2ctransfer.C2CTransfers - Trying clicking on PROCEED button on C2C
2022-07-01 16:17:24,394 [main] INFO angular.pageobjects.c2ctransfer.C2CTransfers - Clicked PROCEED button on C2C.
2022-07-01 16:17:24,405 [main] INFO angular.pageobjects.c2ctransfer.C2CTransfers - Trying to initiate C2C Topups
2022-07-01 16:17:24,541 [main] INFO angular.pageobjects.c2ctransfer.C2CTransfers - rowCount of c2c topups available on screen : 2
2022-07-01 16:17:24,543 [main] INFO angular.pageobjects.c2ctransfer.C2CTransfers - sheetProductCode : eTopUP
2022-07-01 16:17:24,545 [main] INFO angular.pageobjects.c2ctransfer.C2CTransfers - sheetProductCode : PeTopUP
2022-07-01 16:17:24,589 [main] INFO angular.pageobjects.c2ctransfer.C2CTransfers - quantity : 2
2022-07-01 16:17:24,590 [main] INFO angular.pageobjects.c2ctransfer.C2CTransfers - String.valueOf(quantity) SEND KEYS : 2
2022-07-01 16:17:24,681 [main] INFO angular.pageobjects.c2ctransfer.C2CTransfers - rowCount of c2c topups available on screen : 2
2022-07-01 16:17:24,683 [main] INFO angular.pageobjects.c2ctransfer.C2CTransfers - sheetProductCode : eTopUP
2022-07-01 16:17:24,767 [main] INFO angular.pageobjects.c2ctransfer.C2CTransfers - quantity : 1
2022-07-01 16:17:24,783 [main] INFO angular.pageobjects.c2ctransfer.C2CTransfers - String.valueOf(quantity) SEND KEYS : 1
2022-07-01 16:17:24,786 [main] INFO angular.pageobjects.c2ctransfer.C2CTransfers - sheetProductCode : PeTopUP
2022-07-01 16:17:24,789 [main] INFO angular.pageobjects.c2ctransfer.C2CTransfers - Entered Quantities: 
2022-07-01 16:17:24,995 [main] INFO angular.pageobjects.c2ctransfer.C2CTransfers - Entered Reference Number
2022-07-01 16:17:25,164 [main] INFO angular.pageobjects.c2ctransfer.C2CTransfers - User entered Remarks
2022-07-01 16:17:25,166 [main] INFO angular.pageobjects.c2ctransfer.C2CTransfers - Trying to select Payment mode : Cash
2022-07-01 16:17:28,390 [main] INFO angular.pageobjects.c2ctransfer.C2CTransfers - Selected Payment Mode : Cash
2022-07-01 16:17:28,403 [main] INFO angular.pageobjects.c2ctransfer.C2CTransfers - Trying to select Payment Instrument Number
2022-07-01 16:17:28,496 [main] INFO angular.pageobjects.c2ctransfer.C2CTransfers - User entered PaymentInstNum: 124231
2022-07-01 16:17:28,499 [main] INFO angular.feature.C2CTransferRevamp - Trying to select Date
2022-07-01 16:17:28,502 [main] INFO angular.pageobjects.c2ctransfer.C2CTransfers - Trying to enter Payment Instrument Date
2022-07-01 16:17:28,655 [main] INFO angular.pageobjects.c2ctransfer.C2CTransfers - User entered PaymentInstDate: 01/07/22
2022-07-01 16:17:28,657 [main] INFO angular.pageobjects.c2ctransfer.C2CTransfers - Trying clicking on C2C TRANSFER button
2022-07-01 16:17:28,759 [main] INFO angular.pageobjects.c2ctransfer.C2CTransfers - Clicked C2C Transfer Button
2022-07-01 16:17:29,861 [main] INFO angular.pageobjects.c2ctransfer.C2CTransfers - PIN PopUP is visible.
2022-07-01 16:17:29,864 [main] INFO angular.pageobjects.c2ctransfer.C2CTransfers - Trying to Enter Channel User PIN for C2C
2022-07-01 16:17:29,956 [main] INFO angular.pageobjects.c2ctransfer.C2CTransfers - User entered PIN: 2468
2022-07-01 16:17:29,958 [main] INFO angular.pageobjects.c2ctransfer.C2CTransfers - Trying clicking on C2C TRANSFER button
2022-07-01 16:17:30,050 [main] INFO angular.pageobjects.c2ctransfer.C2CTransfers - Clicked C2C Transfer Button
2022-07-01 16:17:31,168 [main] INFO angular.pageobjects.c2ctransfer.C2CTransfers - PIN PopUP is visible.
2022-07-01 16:17:31,169 [main] INFO angular.pageobjects.c2ctransfer.C2CTransfers - Fetching C2C Transfer Request Initiated Message
2022-07-01 16:17:31,228 [main] INFO angular.pageobjects.c2ctransfer.C2CTransfers - C2C Transfer Request Initiated Message : Transfer Request Initiated
2022-07-01 16:17:31,229 [main] INFO angular.pageobjects.c2ctransfer.C2CTransfers - Trying to get C2C Topups Done
2022-07-01 16:17:31,345 [main] INFO angular.pageobjects.c2ctransfer.C2CTransfers - C2C [[ChromeDriver: chrome on WINDOWS (02e48b05d87e3e2705f2f977025f5c45)] -> xpath: (//label[@class='labelposPrd'])[1]] : [[ChromeDriver: chrome on WINDOWS (02e48b05d87e3e2705f2f977025f5c45)] -> xpath: (//label[@class='labelposPrd'])[1]/following-sibling::label]
2022-07-01 16:17:31,374 [main] INFO angular.pageobjects.c2ctransfer.C2CTransfers - C2C [[ChromeDriver: chrome on WINDOWS (02e48b05d87e3e2705f2f977025f5c45)] -> xpath: (//label[@class='labelposPrd'])[2]] : [[ChromeDriver: chrome on WINDOWS (02e48b05d87e3e2705f2f977025f5c45)] -> xpath: (//label[@class='labelposPrd'])[2]/following-sibling::label]
2022-07-01 16:17:31,376 [main] INFO angular.pageobjects.c2ctransfer.C2CTransfers -  C2C TOPUPS Done and Info Printed Above
2022-07-01 16:17:31,377 [main] INFO angular.pageobjects.c2ctransfer.C2CTransfers - Fetching C2C Transfer Transaction ID
2022-07-01 16:17:31,430 [main] INFO angular.pageobjects.c2ctransfer.C2CTransfers - C2C Transfer Transaction ID : CT220701.1609.100001
2022-07-01 16:17:52,457 [main] ERROR com.sshmanager.SSHService - Error while getting SSH Server Instance : com.jcraft.jsch.JSchException: java.net.ConnectException: Connection timed out: connect
2022-07-01 16:17:52,469 [main] INFO angular.pageobjects.c2ctransfer.C2CTransfers - Trying to Click DONE button after C2C Transfer initiated
2022-07-01 16:17:52,558 [main] INFO angular.pageobjects.c2ctransfer.C2CTransfers - Clicked Done for Initiated C2C
2022-07-01 16:17:52,560 [main] INFO angular.feature.C2CTransferRevamp - Exiting performC2CTransferMobileBuyerType
2022-07-01 16:17:52,563 [main] INFO angular.testscripts.prereuisitesangular.PreRequisite_C2CWithdrawal_Revamp - C2C vocuher transfer Approval is perform at c2c transfer itself
2022-07-01 16:17:52,565 [main] INFO angular.feature.C2CTransferRevamp - Entered performC2CWithdrawalMobileBuyerType(Super Distributor, Agent, 8905169743, 2468)
2022-07-01 16:17:52,609 [main] INFO angular.classes.LoginRevamp - Login ID Found as: suser
2022-07-01 16:17:52,611 [main] INFO angular.classes.LoginRevamp - Password Found as: Com@2469
2022-07-01 16:17:52,613 [main] INFO angular.feature.C2CTransferRevamp - LOGINID : suser
2022-07-01 16:17:52,636 [main] INFO angular.classes.LoginRevamp - LoginID found as: suser
2022-07-01 16:17:52,639 [main] INFO angular.classes.LoginRevamp - Password found as: Com@2469
2022-07-01 16:17:52,642 [main] INFO angular.classes.LoginRevamp - Username found as:  suser
2022-07-01 16:17:52,910 [main] INFO angular.pageobjects.loginpages.LoginPageRevamp - Trying to select Language
2022-07-01 16:18:03,279 [main] INFO angular.pageobjects.loginpages.LoginPageRevamp - <b>Language Selector Not Found:</b>
2022-07-01 16:18:03,290 [main] INFO angular.pageobjects.loginpages.LoginPageRevamp - Trying to enter Login ID
2022-07-01 16:18:03,433 [main] INFO angular.pageobjects.loginpages.LoginPageRevamp - Login ID entered successfully as: suser
2022-07-01 16:18:03,434 [main] INFO angular.pageobjects.loginpages.LoginPageRevamp - Trying to enter Password
2022-07-01 16:18:03,585 [main] INFO angular.pageobjects.loginpages.LoginPageRevamp - Password entered successfully as: Com@2469
2022-07-01 16:18:03,586 [main] INFO angular.pageobjects.loginpages.LoginPageRevamp - Trying to click Login Button
2022-07-01 16:18:03,674 [main] INFO angular.pageobjects.loginpages.LoginPageRevamp - Login button clicked successfully
2022-07-01 16:18:03,729 [main] INFO angular.pageobjects.loginpages.LoginPageRevamp - Error Message Found on Login Screen: 
2022-07-01 16:18:12,770 [main] INFO angular.pageobjects.c2ctransfer.C2CTransfers - Trying clicking on C2C Heading
2022-07-01 16:18:12,856 [main] INFO angular.pageobjects.c2ctransfer.C2CTransfers - User clicked C2C Heading Link.
2022-07-01 16:18:12,858 [main] INFO angular.pageobjects.c2ctransfer.C2CTransfers - Trying clicking on C2C Transaction Heading
2022-07-01 16:18:13,004 [main] INFO angular.pageobjects.c2ctransfer.C2CTransfers - User clicked C2C Transaction Heading Link.
2022-07-01 16:18:13,006 [main] INFO angular.feature.C2CTransferRevamp - C2C Heading and Transaction Heading is clicked
2022-07-01 16:18:13,007 [main] INFO angular.pageobjects.c2ctransfer.C2CTransfers - Trying clicking on C2C Withdrawal Heading
2022-07-01 16:18:13,108 [main] INFO angular.pageobjects.c2ctransfer.C2CTransfers - User clicked C2C Withdrawal Heading.
2022-07-01 16:18:13,111 [main] INFO angular.pageobjects.c2ctransfer.C2CTransfers - Trying to select C2C Buyer Type
2022-07-01 16:18:13,287 [main] INFO angular.pageobjects.c2ctransfer.C2CTransfers - C2C Buyer Type selected : //ng-select[@id='searchBy']//ng-dropdown-panel[contains(@class,'ng-star-inserted')]//span[text()='Mobile Number']
2022-07-01 16:18:13,289 [main] INFO angular.pageobjects.c2ctransfer.C2CTransfers - Entering C2C MSISDN
2022-07-01 16:18:13,426 [main] INFO angular.pageobjects.c2ctransfer.C2CTransfers - Entered C2C MSISDN : 8905169743
2022-07-01 16:18:23,437 [main] INFO angular.pageobjects.c2ctransfer.C2CTransfers - Trying clicking on PROCEED button on C2C
2022-07-01 16:18:25,550 [main] INFO angular.pageobjects.c2ctransfer.C2CTransfers - Clicked PROCEED button on C2C.
2022-07-01 16:18:25,561 [main] INFO angular.pageobjects.c2ctransfer.C2CTransfers - Trying to initiate C2C Topups
2022-07-01 16:18:45,657 [main] INFO com.classes.BaseTest - org.openqa.selenium.TimeoutException: Expected condition failed: waiting for visibility of element located by By.xpath: //label[@class='denoTableHeader'] (tried for 20 second(s) with 500 milliseconds interval)
2022-07-01 16:19:06,691 [main] ERROR com.sshmanager.SSHService - Error while getting SSH Server Instance : com.jcraft.jsch.JSchException: java.net.ConnectException: Connection timed out: connect
2022-07-01 16:19:06,898 [main] INFO angular.testscripts.prereuisitesangular.PreRequisite_C2CWithdrawal_Revamp - ------------------ Test Case Execution Started For A_01_Test_C2CWithdrawlMobileBuyerType -------------------
2022-07-01 16:19:06,898 [main] INFO angular.testscripts.prereuisitesangular.PreRequisite_C2CWithdrawal_Revamp - Entered A_01_Test_C2CWithdrawlMobileBuyerType(Super Distributor, Retailer, 8051782315, 2468, Distributor, Agent, SA, 5)
2022-07-01 16:19:06,899 [main] INFO com.dbrepository.OracleRepository - Entered getPreference(RET, NG, MAX_APPROVAL_LEVEL_C2C_TRANSFER)
2022-07-01 16:19:06,901 [main] INFO com.dbrepository.DBConnectionPool - Active Size:0 Cache Size:10
2022-07-01 16:19:06,986 [main] INFO com.dbrepository.OracleRepository - Service Class Preference Not Found
2022-07-01 16:19:06,987 [main] INFO com.dbrepository.OracleRepository - Trying to get Preference value from Control Preferences
2022-07-01 16:19:07,069 [main] INFO com.dbrepository.OracleRepository - Query Repository Returns: DEFAULT_VALUE (3)
2022-07-01 16:19:07,137 [main] INFO com.utils.CommonUtils - Category Code for Super Distributor: DIST
2022-07-01 16:19:07,174 [main] INFO com.dbrepository.OracleRepository - Entered webInterface(Super Distributor)
2022-07-01 16:19:07,176 [main] INFO com.dbrepository.DBConnectionPool - Active Size:0 Cache Size:10
2022-07-01 16:19:07,178 [main] INFO com.dbrepository.OracleRepository - webInterface() :: select query: Select WEB_INTERFACE_ALLOWED from categories where category_name= ?
2022-07-01 16:19:07,264 [main] INFO com.dbrepository.OracleRepository - Database Returns: WEB_INTERFACE_ALLOWED (Y)
2022-07-01 16:19:07,265 [main] INFO com.dbrepository.OracleRepository - Exited webInterface()
2022-07-01 16:19:07,267 [main] INFO angular.feature.C2CTransferRevamp - Entered performC2CTransferMobileBuyerType(Super Distributor, Retailer, 8051782315, 2468)
2022-07-01 16:19:07,308 [main] INFO angular.classes.LoginRevamp - Login ID Found as: suser
2022-07-01 16:19:07,310 [main] INFO angular.classes.LoginRevamp - Password Found as: Com@2469
2022-07-01 16:19:07,311 [main] INFO angular.feature.C2CTransferRevamp - LOGINID : suser
2022-07-01 16:19:07,334 [main] INFO angular.classes.LoginRevamp - LoginID found as: suser
2022-07-01 16:19:07,336 [main] INFO angular.classes.LoginRevamp - Password found as: Com@2469
2022-07-01 16:19:07,339 [main] INFO angular.classes.LoginRevamp - Username found as:  suser
2022-07-01 16:19:07,643 [main] INFO angular.pageobjects.loginpages.LoginPageRevamp - Trying to select Language
2022-07-01 16:19:18,102 [main] INFO angular.pageobjects.loginpages.LoginPageRevamp - <b>Language Selector Not Found:</b>
2022-07-01 16:19:18,114 [main] INFO angular.pageobjects.loginpages.LoginPageRevamp - Trying to enter Login ID
2022-07-01 16:19:18,261 [main] INFO angular.pageobjects.loginpages.LoginPageRevamp - Login ID entered successfully as: suser
2022-07-01 16:19:18,262 [main] INFO angular.pageobjects.loginpages.LoginPageRevamp - Trying to enter Password
2022-07-01 16:19:18,390 [main] INFO angular.pageobjects.loginpages.LoginPageRevamp - Password entered successfully as: Com@2469
2022-07-01 16:19:18,393 [main] INFO angular.pageobjects.loginpages.LoginPageRevamp - Trying to click Login Button
2022-07-01 16:19:18,485 [main] INFO angular.pageobjects.loginpages.LoginPageRevamp - Login button clicked successfully
2022-07-01 16:19:18,534 [main] INFO angular.pageobjects.loginpages.LoginPageRevamp - Error Message Found on Login Screen: 
2022-07-01 16:19:27,675 [main] INFO angular.pageobjects.c2ctransfer.C2CTransfers - Trying clicking on C2C Heading
2022-07-01 16:19:27,775 [main] INFO angular.pageobjects.c2ctransfer.C2CTransfers - User clicked C2C Heading Link.
2022-07-01 16:19:27,777 [main] INFO angular.pageobjects.c2ctransfer.C2CTransfers - Trying clicking on C2C Transaction Heading
2022-07-01 16:19:27,915 [main] INFO angular.pageobjects.c2ctransfer.C2CTransfers - User clicked C2C Transaction Heading Link.
2022-07-01 16:19:27,917 [main] INFO angular.feature.C2CTransferRevamp - C2C Heading and Transaction Heading is clicked
2022-07-01 16:19:27,919 [main] INFO angular.pageobjects.c2ctransfer.C2CTransfers - Trying clicking on C2C Single Operation Heading
2022-07-01 16:19:28,034 [main] INFO angular.pageobjects.c2ctransfer.C2CTransfers - User clicked C2C Single Operation Heading.
2022-07-01 16:19:28,036 [main] INFO angular.pageobjects.c2ctransfer.C2CTransfers - Trying clicking on C2C Transfer Heading
2022-07-01 16:19:28,124 [main] INFO angular.pageobjects.c2ctransfer.C2CTransfers - User clicked C2C Transfer Heading.
2022-07-01 16:19:28,125 [main] INFO angular.pageobjects.c2ctransfer.C2CTransfers - Trying clicking on Etopup
2022-07-01 16:19:28,224 [main] INFO angular.pageobjects.c2ctransfer.C2CTransfers - Clicked Etopup.
2022-07-01 16:19:28,226 [main] INFO angular.pageobjects.c2ctransfer.C2CTransfers - Trying to select C2C Buyer Type
2022-07-01 16:19:28,403 [main] INFO angular.pageobjects.c2ctransfer.C2CTransfers - C2C Buyer Type selected : //ng-select[@id='searchBy']//ng-dropdown-panel[contains(@class,'ng-star-inserted')]//span[text()='Mobile Number']
2022-07-01 16:19:28,404 [main] INFO angular.pageobjects.c2ctransfer.C2CTransfers - Entering C2C MSISDN
2022-07-01 16:19:28,552 [main] INFO angular.pageobjects.c2ctransfer.C2CTransfers - Entered C2C MSISDN : 8051782315
2022-07-01 16:19:38,561 [main] INFO angular.pageobjects.c2ctransfer.C2CTransfers - Trying clicking on PROCEED button on C2C
2022-07-01 16:19:40,675 [main] INFO angular.pageobjects.c2ctransfer.C2CTransfers - Clicked PROCEED button on C2C.
2022-07-01 16:19:40,686 [main] INFO angular.pageobjects.c2ctransfer.C2CTransfers - Trying to initiate C2C Topups
2022-07-01 16:19:40,830 [main] INFO angular.pageobjects.c2ctransfer.C2CTransfers - rowCount of c2c topups available on screen : 2
2022-07-01 16:19:40,832 [main] INFO angular.pageobjects.c2ctransfer.C2CTransfers - sheetProductCode : eTopUP
2022-07-01 16:19:40,892 [main] INFO angular.pageobjects.c2ctransfer.C2CTransfers - quantity : 1
2022-07-01 16:19:40,893 [main] INFO angular.pageobjects.c2ctransfer.C2CTransfers - String.valueOf(quantity) SEND KEYS : 1
2022-07-01 16:19:40,895 [main] INFO angular.pageobjects.c2ctransfer.C2CTransfers - sheetProductCode : PeTopUP
2022-07-01 16:19:40,896 [main] INFO angular.pageobjects.c2ctransfer.C2CTransfers - Entered Quantities: 
2022-07-01 16:19:41,008 [main] INFO angular.pageobjects.c2ctransfer.C2CTransfers - Entered Reference Number
2022-07-01 16:19:41,199 [main] INFO angular.pageobjects.c2ctransfer.C2CTransfers - User entered Remarks
2022-07-01 16:19:41,202 [main] INFO angular.pageobjects.c2ctransfer.C2CTransfers - Trying to select Payment mode : Cash
2022-07-01 16:19:44,411 [main] INFO angular.pageobjects.c2ctransfer.C2CTransfers - Selected Payment Mode : Cash
2022-07-01 16:19:44,424 [main] INFO angular.pageobjects.c2ctransfer.C2CTransfers - Trying to select Payment Instrument Number
2022-07-01 16:19:44,545 [main] INFO angular.pageobjects.c2ctransfer.C2CTransfers - User entered PaymentInstNum: 124231
2022-07-01 16:19:44,547 [main] INFO angular.feature.C2CTransferRevamp - Trying to select Date
2022-07-01 16:19:44,549 [main] INFO angular.pageobjects.c2ctransfer.C2CTransfers - Trying to enter Payment Instrument Date
2022-07-01 16:19:44,704 [main] INFO angular.pageobjects.c2ctransfer.C2CTransfers - User entered PaymentInstDate: 01/07/22
2022-07-01 16:19:44,706 [main] INFO angular.pageobjects.c2ctransfer.C2CTransfers - Trying clicking on C2C TRANSFER button
2022-07-01 16:19:44,799 [main] INFO angular.pageobjects.c2ctransfer.C2CTransfers - Clicked C2C Transfer Button
2022-07-01 16:19:45,901 [main] INFO angular.pageobjects.c2ctransfer.C2CTransfers - PIN PopUP is visible.
2022-07-01 16:19:45,902 [main] INFO angular.pageobjects.c2ctransfer.C2CTransfers - Trying to Enter Channel User PIN for C2C
2022-07-01 16:19:45,998 [main] INFO angular.pageobjects.c2ctransfer.C2CTransfers - User entered PIN: 2468
2022-07-01 16:19:45,999 [main] INFO angular.pageobjects.c2ctransfer.C2CTransfers - Trying clicking on C2C TRANSFER button
2022-07-01 16:19:46,079 [main] INFO angular.pageobjects.c2ctransfer.C2CTransfers - Clicked C2C Transfer Button
2022-07-01 16:19:47,192 [main] INFO angular.pageobjects.c2ctransfer.C2CTransfers - PIN PopUP is visible.
2022-07-01 16:19:47,194 [main] INFO angular.pageobjects.c2ctransfer.C2CTransfers - Fetching C2C Transfer Request Initiated Message
2022-07-01 16:19:47,250 [main] INFO angular.pageobjects.c2ctransfer.C2CTransfers - C2C Transfer Request Initiated Message : Transfer Request Initiated
2022-07-01 16:19:47,251 [main] INFO angular.pageobjects.c2ctransfer.C2CTransfers - Trying to get C2C Topups Done
2022-07-01 16:19:47,351 [main] INFO angular.pageobjects.c2ctransfer.C2CTransfers - C2C [[ChromeDriver: chrome on WINDOWS (02e48b05d87e3e2705f2f977025f5c45)] -> xpath: (//label[@class='labelposPrd'])[1]] : [[ChromeDriver: chrome on WINDOWS (02e48b05d87e3e2705f2f977025f5c45)] -> xpath: (//label[@class='labelposPrd'])[1]/following-sibling::label]
2022-07-01 16:19:47,352 [main] INFO angular.pageobjects.c2ctransfer.C2CTransfers -  C2C TOPUPS Done and Info Printed Above
2022-07-01 16:19:47,354 [main] INFO angular.pageobjects.c2ctransfer.C2CTransfers - Fetching C2C Transfer Transaction ID
2022-07-01 16:19:47,403 [main] INFO angular.pageobjects.c2ctransfer.C2CTransfers - C2C Transfer Transaction ID : CT220701.1611.100001
2022-07-01 16:20:08,438 [main] ERROR com.sshmanager.SSHService - Error while getting SSH Server Instance : com.jcraft.jsch.JSchException: java.net.ConnectException: Connection timed out: connect
2022-07-01 16:20:08,449 [main] INFO angular.pageobjects.c2ctransfer.C2CTransfers - Trying to Click DONE button after C2C Transfer initiated
2022-07-01 16:20:08,539 [main] INFO angular.pageobjects.c2ctransfer.C2CTransfers - Clicked Done for Initiated C2C
2022-07-01 16:20:08,541 [main] INFO angular.feature.C2CTransferRevamp - Exiting performC2CTransferMobileBuyerType
2022-07-01 16:20:08,543 [main] INFO angular.feature.C2CTransferRevamp - Entered performC2CTransferMobileBuyerType(Super Distributor, Retailer, 8051782315, 2468)
2022-07-01 16:20:08,586 [main] INFO angular.classes.LoginRevamp - Login ID Found as: suser
2022-07-01 16:20:08,588 [main] INFO angular.classes.LoginRevamp - Password Found as: Com@2469
2022-07-01 16:20:08,589 [main] INFO angular.feature.C2CTransferRevamp - LOGINID : suser
2022-07-01 16:20:08,612 [main] INFO angular.classes.LoginRevamp - LoginID found as: suser
2022-07-01 16:20:08,614 [main] INFO angular.classes.LoginRevamp - Password found as: Com@2469
2022-07-01 16:20:08,616 [main] INFO angular.classes.LoginRevamp - Username found as:  suser
2022-07-01 16:20:08,947 [main] INFO angular.pageobjects.loginpages.LoginPageRevamp - Trying to select Language
2022-07-01 16:20:19,364 [main] INFO angular.pageobjects.loginpages.LoginPageRevamp - <b>Language Selector Not Found:</b>
2022-07-01 16:20:19,376 [main] INFO angular.pageobjects.loginpages.LoginPageRevamp - Trying to enter Login ID
2022-07-01 16:20:19,517 [main] INFO angular.pageobjects.loginpages.LoginPageRevamp - Login ID entered successfully as: suser
2022-07-01 16:20:19,518 [main] INFO angular.pageobjects.loginpages.LoginPageRevamp - Trying to enter Password
2022-07-01 16:20:19,673 [main] INFO angular.pageobjects.loginpages.LoginPageRevamp - Password entered successfully as: Com@2469
2022-07-01 16:20:19,675 [main] INFO angular.pageobjects.loginpages.LoginPageRevamp - Trying to click Login Button
2022-07-01 16:20:19,756 [main] INFO angular.pageobjects.loginpages.LoginPageRevamp - Login button clicked successfully
2022-07-01 16:20:19,798 [main] INFO angular.pageobjects.loginpages.LoginPageRevamp - Error Message Found on Login Screen: 
2022-07-01 16:20:28,795 [main] INFO angular.pageobjects.c2capproval.C2CApproval - Trying clicking on C2C Heading
2022-07-01 16:20:28,911 [main] INFO angular.pageobjects.c2capproval.C2CApproval - User clicked C2C Heading Link.
2022-07-01 16:20:28,914 [main] INFO angular.pageobjects.c2capproval.C2CApproval - Trying clicking on C2C Approval Level 1 Heading
2022-07-01 16:20:29,163 [main] INFO angular.pageobjects.c2capproval.C2CApproval - User clicked C2C Approval Level 1 Heading Link.
2022-07-01 16:20:29,165 [main] INFO angular.feature.C2CTransferRevamp - C2C Heading and Transaction Heading is clicked
2022-07-01 16:20:29,168 [main] INFO angular.pageobjects.c2capproval.C2CApproval - Waiting for spinner
2022-07-01 16:20:29,235 [main] INFO angular.pageobjects.c2capproval.C2CApproval - Waiting for spinner to stop
2022-07-01 16:20:31,697 [main] INFO angular.pageobjects.c2capproval.C2CApproval - Spinner stopped
2022-07-01 16:20:31,707 [main] INFO angular.pageobjects.c2capproval.C2CApproval - Trying clicking on C2C Single Operation Heading
2022-07-01 16:20:31,788 [main] INFO angular.pageobjects.c2capproval.C2CApproval - User clicked C2C Single Operation Heading.
2022-07-01 16:20:31,791 [main] INFO angular.pageobjects.c2capproval.C2CApproval - Trying clicking on etopUp Heading
2022-07-01 16:20:31,864 [main] INFO angular.pageobjects.c2capproval.C2CApproval - User clicked eTopup Heading Link.
2022-07-01 16:20:31,866 [main] INFO angular.pageobjects.c2capproval.C2CApproval - Trying to enter the TransactionId
2022-07-01 16:20:32,277 [main] INFO angular.pageobjects.c2capproval.C2CApproval - Entered the TransactionId
2022-07-01 16:20:32,281 [main] INFO angular.pageobjects.c2capproval.C2CApproval - Trying to Click the approve button
2022-07-01 16:20:32,428 [main] INFO angular.pageobjects.c2capproval.C2CApproval - User clicked Approve Button	.
2022-07-01 16:20:32,431 [main] INFO angular.pageobjects.c2capproval.C2CApproval - Trying to enter the remarks
2022-07-01 16:20:32,580 [main] INFO angular.pageobjects.c2capproval.C2CApproval - Entered the TransactionId
2022-07-01 16:20:34,611 [main] INFO angular.pageobjects.c2capproval.C2CApproval - Trying to Click the approve button
2022-07-01 16:20:34,690 [main] INFO angular.pageobjects.c2capproval.C2CApproval - User clicked Approve Button	.
2022-07-01 16:20:35,700 [main] INFO angular.pageobjects.c2capproval.C2CApproval - Trying to Click the yes button
2022-07-01 16:20:35,782 [main] INFO angular.pageobjects.c2capproval.C2CApproval - User clicked Yes Button.
2022-07-01 16:20:36,888 [main] INFO angular.pageobjects.c2capproval.C2CApproval - PopUP is visible.
2022-07-01 16:20:36,890 [main] INFO angular.pageobjects.c2capproval.C2CApproval - Trying to get the Success Msg
2022-07-01 16:20:36,932 [main] INFO angular.pageobjects.c2capproval.C2CApproval - Successfully Retrieved Success Msg
2022-07-01 16:20:36,934 [main] INFO com.utils.Assertion - <pre><b>Expected: </b>Transaction Approved<br><b>Found: </b>Transaction Approved</pre>
2022-07-01 16:20:37,066 [main] INFO angular.pageobjects.c2capproval.C2CApproval - Trying to get the TxndID
2022-07-01 16:20:37,104 [main] INFO angular.pageobjects.c2capproval.C2CApproval - Successfully retrieved TxnId
2022-07-01 16:20:58,146 [main] ERROR com.sshmanager.SSHService - Error while getting SSH Server Instance : com.jcraft.jsch.JSchException: java.net.ConnectException: Connection timed out: connect
2022-07-01 16:20:58,160 [main] INFO angular.pageobjects.c2capproval.C2CApproval - Trying to click Done Button
2022-07-01 16:20:58,262 [main] INFO angular.pageobjects.c2capproval.C2CApproval - Done Button successfully clicked
2022-07-01 16:20:58,264 [main] INFO angular.feature.C2CTransferRevamp - Entered performC2CTransferMobileBuyerType(Super Distributor, Retailer, 8051782315, 2468)
2022-07-01 16:20:58,316 [main] INFO angular.classes.LoginRevamp - Login ID Found as: suser
2022-07-01 16:20:58,318 [main] INFO angular.classes.LoginRevamp - Password Found as: Com@2469
2022-07-01 16:20:58,320 [main] INFO angular.feature.C2CTransferRevamp - LOGINID : suser
2022-07-01 16:20:58,343 [main] INFO angular.classes.LoginRevamp - LoginID found as: suser
2022-07-01 16:20:58,345 [main] INFO angular.classes.LoginRevamp - Password found as: Com@2469
2022-07-01 16:20:58,350 [main] INFO angular.classes.LoginRevamp - Username found as:  suser
2022-07-01 16:20:58,626 [main] INFO angular.pageobjects.loginpages.LoginPageRevamp - Trying to select Language
2022-07-01 16:21:09,063 [main] INFO angular.pageobjects.loginpages.LoginPageRevamp - <b>Language Selector Not Found:</b>
2022-07-01 16:21:09,075 [main] INFO angular.pageobjects.loginpages.LoginPageRevamp - Trying to enter Login ID
2022-07-01 16:21:09,222 [main] INFO angular.pageobjects.loginpages.LoginPageRevamp - Login ID entered successfully as: suser
2022-07-01 16:21:09,224 [main] INFO angular.pageobjects.loginpages.LoginPageRevamp - Trying to enter Password
2022-07-01 16:21:09,353 [main] INFO angular.pageobjects.loginpages.LoginPageRevamp - Password entered successfully as: Com@2469
2022-07-01 16:21:09,354 [main] INFO angular.pageobjects.loginpages.LoginPageRevamp - Trying to click Login Button
2022-07-01 16:21:09,444 [main] INFO angular.pageobjects.loginpages.LoginPageRevamp - Login button clicked successfully
2022-07-01 16:21:09,489 [main] INFO angular.pageobjects.loginpages.LoginPageRevamp - Error Message Found on Login Screen: 
2022-07-01 16:21:18,525 [main] INFO angular.pageobjects.c2capproval.C2CApproval - Trying clicking on C2C Heading
2022-07-01 16:21:18,673 [main] INFO angular.pageobjects.c2capproval.C2CApproval - User clicked C2C Heading Link.
2022-07-01 16:21:18,675 [main] INFO angular.pageobjects.c2capproval.C2CApproval - Trying clicking on C2C Approval Level 2 Heading
2022-07-01 16:21:18,892 [main] INFO angular.pageobjects.c2capproval.C2CApproval - User clicked C2C Approval Level 2 Heading Link.
2022-07-01 16:21:18,896 [main] INFO angular.feature.C2CTransferRevamp - C2C Heading and Transaction Heading is clicked
2022-07-01 16:21:18,898 [main] INFO angular.pageobjects.c2capproval.C2CApproval - Waiting for spinner
2022-07-01 16:21:18,970 [main] INFO angular.pageobjects.c2capproval.C2CApproval - Waiting for spinner to stop
2022-07-01 16:21:20,650 [main] INFO angular.pageobjects.c2capproval.C2CApproval - Spinner stopped
2022-07-01 16:21:20,652 [main] INFO angular.pageobjects.c2capproval.C2CApproval - Trying clicking on C2C Single Operation Heading
2022-07-01 16:21:20,721 [main] INFO angular.pageobjects.c2capproval.C2CApproval - User clicked C2C Single Operation Heading.
2022-07-01 16:21:20,724 [main] INFO angular.pageobjects.c2capproval.C2CApproval - Trying clicking on etopUp Heading
2022-07-01 16:21:20,799 [main] INFO angular.pageobjects.c2capproval.C2CApproval - User clicked eTopup Heading Link.
2022-07-01 16:21:20,800 [main] INFO angular.pageobjects.c2capproval.C2CApproval - Trying to enter the TransactionId
2022-07-01 16:21:21,206 [main] INFO angular.pageobjects.c2capproval.C2CApproval - Entered the TransactionId
2022-07-01 16:21:21,208 [main] INFO angular.pageobjects.c2capproval.C2CApproval - Trying to Click the approve button
2022-07-01 16:21:21,331 [main] INFO angular.pageobjects.c2capproval.C2CApproval - User clicked Approve Button	.
2022-07-01 16:21:21,334 [main] INFO angular.pageobjects.c2capproval.C2CApproval - Trying to enter the remarks
2022-07-01 16:21:21,507 [main] INFO angular.pageobjects.c2capproval.C2CApproval - Entered the TransactionId
2022-07-01 16:21:22,517 [main] INFO angular.pageobjects.c2capproval.C2CApproval - Trying to Click the approve button
2022-07-01 16:21:22,603 [main] INFO angular.pageobjects.c2capproval.C2CApproval - User clicked Approve Button	.
2022-07-01 16:21:23,611 [main] INFO angular.pageobjects.c2capproval.C2CApproval - Trying to Click the yes button
2022-07-01 16:21:23,697 [main] INFO angular.pageobjects.c2capproval.C2CApproval - User clicked Yes Button.
2022-07-01 16:21:24,275 [main] INFO angular.pageobjects.c2capproval.C2CApproval - PopUP is visible.
2022-07-01 16:21:24,277 [main] INFO angular.pageobjects.c2capproval.C2CApproval - Trying to get the Success Msg
2022-07-01 16:21:24,318 [main] INFO angular.pageobjects.c2capproval.C2CApproval - Successfully Retrieved Success Msg
2022-07-01 16:21:24,321 [main] INFO com.utils.Assertion - <pre><b>Expected: </b>Transaction Approved<br><b>Found: </b>Transaction Approved</pre>
2022-07-01 16:21:24,490 [main] INFO angular.pageobjects.c2capproval.C2CApproval - Trying to get the TxndID
2022-07-01 16:21:24,535 [main] INFO angular.pageobjects.c2capproval.C2CApproval - Successfully retrieved TxnId
2022-07-01 16:21:45,583 [main] ERROR com.sshmanager.SSHService - Error while getting SSH Server Instance : com.jcraft.jsch.JSchException: java.net.ConnectException: Connection timed out: connect
2022-07-01 16:21:45,598 [main] INFO angular.pageobjects.c2capproval.C2CApproval - Trying to click Done Button
2022-07-01 16:21:45,699 [main] INFO angular.pageobjects.c2capproval.C2CApproval - Done Button successfully clicked
2022-07-01 16:21:45,701 [main] INFO angular.feature.C2CTransferRevamp - Entered performC2CTransferMobileBuyerType(Super Distributor, Retailer, 8051782315, 2468)
2022-07-01 16:21:45,753 [main] INFO angular.classes.LoginRevamp - Login ID Found as: suser
2022-07-01 16:21:45,755 [main] INFO angular.classes.LoginRevamp - Password Found as: Com@2469
2022-07-01 16:21:45,757 [main] INFO angular.feature.C2CTransferRevamp - LOGINID : suser
2022-07-01 16:21:45,784 [main] INFO angular.classes.LoginRevamp - LoginID found as: suser
2022-07-01 16:21:45,785 [main] INFO angular.classes.LoginRevamp - Password found as: Com@2469
2022-07-01 16:21:45,787 [main] INFO angular.classes.LoginRevamp - Username found as:  suser
2022-07-01 16:21:46,172 [main] INFO angular.pageobjects.loginpages.LoginPageRevamp - Trying to select Language
2022-07-01 16:21:56,569 [main] INFO angular.pageobjects.loginpages.LoginPageRevamp - <b>Language Selector Not Found:</b>
2022-07-01 16:21:56,580 [main] INFO angular.pageobjects.loginpages.LoginPageRevamp - Trying to enter Login ID
2022-07-01 16:21:56,728 [main] INFO angular.pageobjects.loginpages.LoginPageRevamp - Login ID entered successfully as: suser
2022-07-01 16:21:56,730 [main] INFO angular.pageobjects.loginpages.LoginPageRevamp - Trying to enter Password
2022-07-01 16:21:56,874 [main] INFO angular.pageobjects.loginpages.LoginPageRevamp - Password entered successfully as: Com@2469
2022-07-01 16:21:56,875 [main] INFO angular.pageobjects.loginpages.LoginPageRevamp - Trying to click Login Button
2022-07-01 16:21:56,981 [main] INFO angular.pageobjects.loginpages.LoginPageRevamp - Login button clicked successfully
2022-07-01 16:21:57,033 [main] INFO angular.pageobjects.loginpages.LoginPageRevamp - Error Message Found on Login Screen: 
2022-07-01 16:22:06,064 [main] INFO angular.pageobjects.c2capproval.C2CApproval - Trying clicking on C2C Heading
2022-07-01 16:22:06,168 [main] INFO angular.pageobjects.c2capproval.C2CApproval - User clicked C2C Heading Link.
2022-07-01 16:22:06,171 [main] INFO angular.pageobjects.c2capproval.C2CApproval - Trying clicking on C2C Approval Level 3 Heading
2022-07-01 16:22:06,374 [main] INFO angular.pageobjects.c2capproval.C2CApproval - User clicked C2C Approval Level 3 Heading Link.
2022-07-01 16:22:06,377 [main] INFO angular.feature.C2CTransferRevamp - C2C Heading and Transaction Heading is clicked
2022-07-01 16:22:06,379 [main] INFO angular.pageobjects.c2capproval.C2CApproval - Waiting for spinner
2022-07-01 16:22:06,437 [main] INFO angular.pageobjects.c2capproval.C2CApproval - Waiting for spinner to stop
2022-07-01 16:22:08,087 [main] INFO angular.pageobjects.c2capproval.C2CApproval - Spinner stopped
2022-07-01 16:22:08,089 [main] INFO angular.pageobjects.c2capproval.C2CApproval - Trying clicking on C2C Single Operation Heading
2022-07-01 16:22:08,160 [main] INFO angular.pageobjects.c2capproval.C2CApproval - User clicked C2C Single Operation Heading.
2022-07-01 16:22:08,161 [main] INFO angular.pageobjects.c2capproval.C2CApproval - Trying clicking on etopUp Heading
2022-07-01 16:22:08,234 [main] INFO angular.pageobjects.c2capproval.C2CApproval - User clicked eTopup Heading Link.
2022-07-01 16:22:08,237 [main] INFO angular.pageobjects.c2capproval.C2CApproval - Trying to enter the TransactionId
2022-07-01 16:22:08,656 [main] INFO angular.pageobjects.c2capproval.C2CApproval - Entered the TransactionId
2022-07-01 16:22:08,658 [main] INFO angular.pageobjects.c2capproval.C2CApproval - Trying to Click the approve button
2022-07-01 16:22:08,779 [main] INFO angular.pageobjects.c2capproval.C2CApproval - User clicked Approve Button	.
2022-07-01 16:22:08,781 [main] INFO angular.pageobjects.c2capproval.C2CApproval - Trying to enter the remarks
2022-07-01 16:22:08,928 [main] INFO angular.pageobjects.c2capproval.C2CApproval - Entered the TransactionId
2022-07-01 16:22:09,936 [main] INFO angular.pageobjects.c2capproval.C2CApproval - Trying to Click the approve button
2022-07-01 16:22:10,023 [main] INFO angular.pageobjects.c2capproval.C2CApproval - User clicked Approve Button	.
2022-07-01 16:22:11,032 [main] INFO angular.pageobjects.c2capproval.C2CApproval - Trying to Click the yes button
2022-07-01 16:22:11,117 [main] INFO angular.pageobjects.c2capproval.C2CApproval - User clicked Yes Button.
2022-07-01 16:22:12,216 [main] INFO angular.pageobjects.c2capproval.C2CApproval - PopUP is visible.
2022-07-01 16:22:12,218 [main] INFO angular.pageobjects.c2capproval.C2CApproval - Trying to get the Success Msg
2022-07-01 16:22:12,259 [main] INFO angular.pageobjects.c2capproval.C2CApproval - Successfully Retrieved Success Msg
2022-07-01 16:22:12,261 [main] INFO com.utils.Assertion - <pre><b>Expected: </b>Transaction Approved<br><b>Found: </b>Transaction Approved</pre>
2022-07-01 16:22:12,388 [main] INFO angular.pageobjects.c2capproval.C2CApproval - Trying to get the TxndID
2022-07-01 16:22:12,432 [main] INFO angular.pageobjects.c2capproval.C2CApproval - Successfully retrieved TxnId
2022-07-01 16:22:33,468 [main] ERROR com.sshmanager.SSHService - Error while getting SSH Server Instance : com.jcraft.jsch.JSchException: java.net.ConnectException: Connection timed out: connect
2022-07-01 16:22:33,479 [main] INFO angular.pageobjects.c2capproval.C2CApproval - Trying to click Done Button
2022-07-01 16:22:33,569 [main] INFO angular.pageobjects.c2capproval.C2CApproval - Done Button successfully clicked
2022-07-01 16:22:33,571 [main] INFO angular.feature.C2CTransferRevamp - Entered performC2CWithdrawalMobileBuyerType(Super Distributor, Retailer, 8051782315, 2468)
2022-07-01 16:22:33,630 [main] INFO angular.classes.LoginRevamp - Login ID Found as: suser
2022-07-01 16:22:33,632 [main] INFO angular.classes.LoginRevamp - Password Found as: Com@2469
2022-07-01 16:22:33,634 [main] INFO angular.feature.C2CTransferRevamp - LOGINID : suser
2022-07-01 16:22:33,666 [main] INFO angular.classes.LoginRevamp - LoginID found as: suser
2022-07-01 16:22:33,668 [main] INFO angular.classes.LoginRevamp - Password found as: Com@2469
2022-07-01 16:22:33,669 [main] INFO angular.classes.LoginRevamp - Username found as:  suser
2022-07-01 16:22:33,998 [main] INFO angular.pageobjects.loginpages.LoginPageRevamp - Trying to select Language
2022-07-01 16:22:44,336 [main] INFO angular.pageobjects.loginpages.LoginPageRevamp - <b>Language Selector Not Found:</b>
2022-07-01 16:22:44,347 [main] INFO angular.pageobjects.loginpages.LoginPageRevamp - Trying to enter Login ID
2022-07-01 16:22:44,493 [main] INFO angular.pageobjects.loginpages.LoginPageRevamp - Login ID entered successfully as: suser
2022-07-01 16:22:44,495 [main] INFO angular.pageobjects.loginpages.LoginPageRevamp - Trying to enter Password
2022-07-01 16:22:44,648 [main] INFO angular.pageobjects.loginpages.LoginPageRevamp - Password entered successfully as: Com@2469
2022-07-01 16:22:44,650 [main] INFO angular.pageobjects.loginpages.LoginPageRevamp - Trying to click Login Button
2022-07-01 16:22:44,729 [main] INFO angular.pageobjects.loginpages.LoginPageRevamp - Login button clicked successfully
2022-07-01 16:22:44,787 [main] INFO angular.pageobjects.loginpages.LoginPageRevamp - Error Message Found on Login Screen: 
2022-07-01 16:22:54,326 [main] INFO angular.pageobjects.c2ctransfer.C2CTransfers - Trying clicking on C2C Heading
2022-07-01 16:22:54,474 [main] INFO angular.pageobjects.c2ctransfer.C2CTransfers - User clicked C2C Heading Link.
2022-07-01 16:22:54,477 [main] INFO angular.pageobjects.c2ctransfer.C2CTransfers - Trying clicking on C2C Transaction Heading
2022-07-01 16:22:54,622 [main] INFO angular.pageobjects.c2ctransfer.C2CTransfers - User clicked C2C Transaction Heading Link.
2022-07-01 16:22:54,623 [main] INFO angular.feature.C2CTransferRevamp - C2C Heading and Transaction Heading is clicked
2022-07-01 16:22:54,625 [main] INFO angular.pageobjects.c2ctransfer.C2CTransfers - Trying clicking on C2C Withdrawal Heading
2022-07-01 16:22:54,735 [main] INFO angular.pageobjects.c2ctransfer.C2CTransfers - User clicked C2C Withdrawal Heading.
2022-07-01 16:22:54,739 [main] INFO angular.pageobjects.c2ctransfer.C2CTransfers - Trying to select C2C Buyer Type
2022-07-01 16:22:55,000 [main] INFO angular.pageobjects.c2ctransfer.C2CTransfers - C2C Buyer Type selected : //ng-select[@id='searchBy']//ng-dropdown-panel[contains(@class,'ng-star-inserted')]//span[text()='Mobile Number']
2022-07-01 16:22:55,002 [main] INFO angular.pageobjects.c2ctransfer.C2CTransfers - Entering C2C MSISDN
2022-07-01 16:22:55,122 [main] INFO angular.pageobjects.c2ctransfer.C2CTransfers - Entered C2C MSISDN : 8051782315
2022-07-01 16:23:05,130 [main] INFO angular.pageobjects.c2ctransfer.C2CTransfers - Trying clicking on PROCEED button on C2C
2022-07-01 16:23:07,231 [main] INFO angular.pageobjects.c2ctransfer.C2CTransfers - Clicked PROCEED button on C2C.
2022-07-01 16:23:07,242 [main] INFO angular.pageobjects.c2ctransfer.C2CTransfers - Trying to initiate C2C Topups
2022-07-01 16:23:27,307 [main] INFO com.classes.BaseTest - org.openqa.selenium.TimeoutException: Expected condition failed: waiting for visibility of element located by By.xpath: //label[@class='denoTableHeader'] (tried for 20 second(s) with 500 milliseconds interval)
2022-07-01 16:23:48,357 [main] ERROR com.sshmanager.SSHService - Error while getting SSH Server Instance : com.jcraft.jsch.JSchException: java.net.ConnectException: Connection timed out: connect
2022-07-01 16:23:48,587 [main] INFO angular.testscripts.prereuisitesangular.PreRequisite_C2CWithdrawal_Revamp - ------------------ Test Case Execution Started For A_01_Test_C2CWithdrawlMobileBuyerType -------------------
2022-07-01 16:23:48,587 [main] INFO angular.testscripts.prereuisitesangular.PreRequisite_C2CWithdrawal_Revamp - Entered A_01_Test_C2CWithdrawlMobileBuyerType(Dealer, Agent, 7802617823, 2468, Distributor, Super Distributor, SA, 3)
2022-07-01 16:23:48,589 [main] INFO com.dbrepository.OracleRepository - Entered getPreference(AG, NG, MAX_APPROVAL_LEVEL_C2C_TRANSFER)
2022-07-01 16:23:48,592 [main] INFO com.dbrepository.DBConnectionPool - Active Size:0 Cache Size:10
2022-07-01 16:23:48,675 [main] INFO com.dbrepository.OracleRepository - Service Class Preference Not Found
2022-07-01 16:23:48,677 [main] INFO com.dbrepository.OracleRepository - Trying to get Preference value from Control Preferences
2022-07-01 16:23:48,759 [main] INFO com.dbrepository.OracleRepository - Query Repository Returns: DEFAULT_VALUE (0)
2022-07-01 16:23:48,807 [main] INFO com.utils.CommonUtils - Category Code for Dealer: SE
2022-07-01 16:23:48,897 [main] INFO com.dbrepository.OracleRepository - Entered webInterface(Dealer)
2022-07-01 16:23:48,899 [main] INFO com.dbrepository.DBConnectionPool - Active Size:0 Cache Size:10
2022-07-01 16:23:48,900 [main] INFO com.dbrepository.OracleRepository - webInterface() :: select query: Select WEB_INTERFACE_ALLOWED from categories where category_name= ?
2022-07-01 16:23:48,987 [main] INFO com.dbrepository.OracleRepository - Database Returns: WEB_INTERFACE_ALLOWED (Y)
2022-07-01 16:23:48,989 [main] INFO com.dbrepository.OracleRepository - Exited webInterface()
2022-07-01 16:23:48,993 [main] INFO angular.feature.C2CTransferRevamp - Entered performC2CTransferMobileBuyerType(Dealer, Agent, 7802617823, 2468)
2022-07-01 16:23:49,038 [main] INFO angular.classes.LoginRevamp - Login ID Found as: newdealusrr
2022-07-01 16:23:49,041 [main] INFO angular.classes.LoginRevamp - Password Found as: Com@2468
2022-07-01 16:23:49,044 [main] INFO angular.feature.C2CTransferRevamp - LOGINID : newdealusrr
2022-07-01 16:23:49,089 [main] INFO angular.classes.LoginRevamp - LoginID found as: newdealusrr
2022-07-01 16:23:49,092 [main] INFO angular.classes.LoginRevamp - Password found as: Com@2468
2022-07-01 16:23:49,094 [main] INFO angular.classes.LoginRevamp - Username found as: dealuser
2022-07-01 16:23:49,884 [main] INFO angular.pageobjects.loginpages.LoginPageRevamp - Trying to select Language
2022-07-01 16:24:00,334 [main] INFO angular.pageobjects.loginpages.LoginPageRevamp - <b>Language Selector Not Found:</b>
2022-07-01 16:24:00,346 [main] INFO angular.pageobjects.loginpages.LoginPageRevamp - Trying to enter Login ID
2022-07-01 16:24:00,495 [main] INFO angular.pageobjects.loginpages.LoginPageRevamp - Login ID entered successfully as: newdealusrr
2022-07-01 16:24:00,497 [main] INFO angular.pageobjects.loginpages.LoginPageRevamp - Trying to enter Password
2022-07-01 16:24:00,656 [main] INFO angular.pageobjects.loginpages.LoginPageRevamp - Password entered successfully as: Com@2468
2022-07-01 16:24:00,657 [main] INFO angular.pageobjects.loginpages.LoginPageRevamp - Trying to click Login Button
2022-07-01 16:24:00,747 [main] INFO angular.pageobjects.loginpages.LoginPageRevamp - Login button clicked successfully
2022-07-01 16:24:00,796 [main] INFO angular.pageobjects.loginpages.LoginPageRevamp - Error Message Found on Login Screen: 
2022-07-01 16:24:08,726 [main] INFO angular.pageobjects.c2ctransfer.C2CTransfers - Trying clicking on C2C Heading
2022-07-01 16:24:08,829 [main] INFO angular.pageobjects.c2ctransfer.C2CTransfers - User clicked C2C Heading Link.
2022-07-01 16:24:08,834 [main] INFO angular.pageobjects.c2ctransfer.C2CTransfers - Trying clicking on C2C Transaction Heading
2022-07-01 16:24:09,044 [main] INFO angular.pageobjects.c2ctransfer.C2CTransfers - User clicked C2C Transaction Heading Link.
2022-07-01 16:24:09,045 [main] INFO angular.feature.C2CTransferRevamp - C2C Heading and Transaction Heading is clicked
2022-07-01 16:24:09,047 [main] INFO angular.pageobjects.c2ctransfer.C2CTransfers - Trying clicking on C2C Single Operation Heading
2022-07-01 16:24:09,138 [main] INFO angular.pageobjects.c2ctransfer.C2CTransfers - User clicked C2C Single Operation Heading.
2022-07-01 16:24:09,140 [main] INFO angular.pageobjects.c2ctransfer.C2CTransfers - Trying clicking on C2C Transfer Heading
2022-07-01 16:24:09,231 [main] INFO angular.pageobjects.c2ctransfer.C2CTransfers - User clicked C2C Transfer Heading.
2022-07-01 16:24:09,233 [main] INFO angular.pageobjects.c2ctransfer.C2CTransfers - Trying clicking on Etopup
2022-07-01 16:24:09,331 [main] INFO angular.pageobjects.c2ctransfer.C2CTransfers - Clicked Etopup.
2022-07-01 16:24:09,332 [main] INFO angular.pageobjects.c2ctransfer.C2CTransfers - Trying to select C2C Buyer Type
2022-07-01 16:24:09,499 [main] INFO angular.pageobjects.c2ctransfer.C2CTransfers - C2C Buyer Type selected : //ng-select[@id='searchBy']//ng-dropdown-panel[contains(@class,'ng-star-inserted')]//span[text()='Mobile Number']
2022-07-01 16:24:09,501 [main] INFO angular.pageobjects.c2ctransfer.C2CTransfers - Entering C2C MSISDN
2022-07-01 16:24:09,637 [main] INFO angular.pageobjects.c2ctransfer.C2CTransfers - Entered C2C MSISDN : 7802617823
2022-07-01 16:24:19,651 [main] INFO angular.pageobjects.c2ctransfer.C2CTransfers - Trying clicking on PROCEED button on C2C
2022-07-01 16:24:21,764 [main] INFO angular.pageobjects.c2ctransfer.C2CTransfers - Clicked PROCEED button on C2C.
2022-07-01 16:24:21,775 [main] INFO angular.pageobjects.c2ctransfer.C2CTransfers - Trying to initiate C2C Topups
2022-07-01 16:24:21,917 [main] INFO angular.pageobjects.c2ctransfer.C2CTransfers - rowCount of c2c topups available on screen : 2
2022-07-01 16:24:21,919 [main] INFO angular.pageobjects.c2ctransfer.C2CTransfers - sheetProductCode : eTopUP
2022-07-01 16:24:21,920 [main] INFO angular.pageobjects.c2ctransfer.C2CTransfers - sheetProductCode : PeTopUP
2022-07-01 16:24:21,963 [main] INFO angular.pageobjects.c2ctransfer.C2CTransfers - quantity : 2
2022-07-01 16:24:21,965 [main] INFO angular.pageobjects.c2ctransfer.C2CTransfers - String.valueOf(quantity) SEND KEYS : 2
2022-07-01 16:24:22,058 [main] INFO angular.pageobjects.c2ctransfer.C2CTransfers - rowCount of c2c topups available on screen : 2
2022-07-01 16:24:22,060 [main] INFO angular.pageobjects.c2ctransfer.C2CTransfers - sheetProductCode : eTopUP
2022-07-01 16:24:22,113 [main] INFO angular.pageobjects.c2ctransfer.C2CTransfers - quantity : 3
2022-07-01 16:24:22,114 [main] INFO angular.pageobjects.c2ctransfer.C2CTransfers - String.valueOf(quantity) SEND KEYS : 3
2022-07-01 16:24:22,116 [main] INFO angular.pageobjects.c2ctransfer.C2CTransfers - sheetProductCode : PeTopUP
2022-07-01 16:24:22,117 [main] INFO angular.pageobjects.c2ctransfer.C2CTransfers - Entered Quantities: 
2022-07-01 16:24:22,228 [main] INFO angular.pageobjects.c2ctransfer.C2CTransfers - Entered Reference Number
2022-07-01 16:24:22,395 [main] INFO angular.pageobjects.c2ctransfer.C2CTransfers - User entered Remarks
2022-07-01 16:24:22,398 [main] INFO angular.pageobjects.c2ctransfer.C2CTransfers - Trying to select Payment mode : Cash
2022-07-01 16:24:25,643 [main] INFO angular.pageobjects.c2ctransfer.C2CTransfers - Selected Payment Mode : Cash
2022-07-01 16:24:25,657 [main] INFO angular.pageobjects.c2ctransfer.C2CTransfers - Trying to select Payment Instrument Number
2022-07-01 16:24:25,769 [main] INFO angular.pageobjects.c2ctransfer.C2CTransfers - User entered PaymentInstNum: 124231
2022-07-01 16:24:25,772 [main] INFO angular.feature.C2CTransferRevamp - Trying to select Date
2022-07-01 16:24:25,773 [main] INFO angular.pageobjects.c2ctransfer.C2CTransfers - Trying to enter Payment Instrument Date
2022-07-01 16:24:25,969 [main] INFO angular.pageobjects.c2ctransfer.C2CTransfers - User entered PaymentInstDate: 01/07/22
2022-07-01 16:24:25,972 [main] INFO angular.pageobjects.c2ctransfer.C2CTransfers - Trying clicking on C2C TRANSFER button
2022-07-01 16:24:26,097 [main] INFO angular.pageobjects.c2ctransfer.C2CTransfers - Clicked C2C Transfer Button
2022-07-01 16:24:27,236 [main] INFO angular.pageobjects.c2ctransfer.C2CTransfers - PIN PopUP is visible.
2022-07-01 16:24:27,237 [main] INFO angular.pageobjects.c2ctransfer.C2CTransfers - Trying to Enter Channel User PIN for C2C
2022-07-01 16:24:27,337 [main] INFO angular.pageobjects.c2ctransfer.C2CTransfers - User entered PIN: 2468
2022-07-01 16:24:27,339 [main] INFO angular.pageobjects.c2ctransfer.C2CTransfers - Trying clicking on C2C TRANSFER button
2022-07-01 16:24:27,435 [main] INFO angular.pageobjects.c2ctransfer.C2CTransfers - Clicked C2C Transfer Button
2022-07-01 16:24:28,537 [main] INFO angular.pageobjects.c2ctransfer.C2CTransfers - PIN PopUP is visible.
2022-07-01 16:24:28,539 [main] INFO angular.pageobjects.c2ctransfer.C2CTransfers - Fetching C2C Transfer Request Initiated Message
2022-07-01 16:24:28,594 [main] INFO angular.pageobjects.c2ctransfer.C2CTransfers - C2C Transfer Request Initiated Message : Transfer Request Initiated
2022-07-01 16:24:28,595 [main] INFO angular.pageobjects.c2ctransfer.C2CTransfers - Trying to get C2C Topups Done
2022-07-01 16:24:28,712 [main] INFO angular.pageobjects.c2ctransfer.C2CTransfers - C2C [[ChromeDriver: chrome on WINDOWS (02e48b05d87e3e2705f2f977025f5c45)] -> xpath: (//label[@class='labelposPrd'])[1]] : [[ChromeDriver: chrome on WINDOWS (02e48b05d87e3e2705f2f977025f5c45)] -> xpath: (//label[@class='labelposPrd'])[1]/following-sibling::label]
2022-07-01 16:24:28,740 [main] INFO angular.pageobjects.c2ctransfer.C2CTransfers - C2C [[ChromeDriver: chrome on WINDOWS (02e48b05d87e3e2705f2f977025f5c45)] -> xpath: (//label[@class='labelposPrd'])[2]] : [[ChromeDriver: chrome on WINDOWS (02e48b05d87e3e2705f2f977025f5c45)] -> xpath: (//label[@class='labelposPrd'])[2]/following-sibling::label]
2022-07-01 16:24:28,742 [main] INFO angular.pageobjects.c2ctransfer.C2CTransfers -  C2C TOPUPS Done and Info Printed Above
2022-07-01 16:24:28,743 [main] INFO angular.pageobjects.c2ctransfer.C2CTransfers - Fetching C2C Transfer Transaction ID
2022-07-01 16:24:28,797 [main] INFO angular.pageobjects.c2ctransfer.C2CTransfers - C2C Transfer Transaction ID : CT220701.1616.100001
2022-07-01 16:24:49,841 [main] ERROR com.sshmanager.SSHService - Error while getting SSH Server Instance : com.jcraft.jsch.JSchException: java.net.ConnectException: Connection timed out: connect
2022-07-01 16:24:49,851 [main] INFO angular.pageobjects.c2ctransfer.C2CTransfers - Trying to Click DONE button after C2C Transfer initiated
2022-07-01 16:24:49,944 [main] INFO angular.pageobjects.c2ctransfer.C2CTransfers - Clicked Done for Initiated C2C
2022-07-01 16:24:49,946 [main] INFO angular.feature.C2CTransferRevamp - Exiting performC2CTransferMobileBuyerType
2022-07-01 16:24:49,949 [main] INFO angular.testscripts.prereuisitesangular.PreRequisite_C2CWithdrawal_Revamp - C2C vocuher transfer Approval is perform at c2c transfer itself
2022-07-01 16:24:49,951 [main] INFO angular.feature.C2CTransferRevamp - Entered performC2CWithdrawalMobileBuyerType(Dealer, Agent, 7802617823, 2468)
2022-07-01 16:24:49,999 [main] INFO angular.classes.LoginRevamp - Login ID Found as: newdealusrr
2022-07-01 16:24:50,001 [main] INFO angular.classes.LoginRevamp - Password Found as: Com@2468
2022-07-01 16:24:50,003 [main] INFO angular.feature.C2CTransferRevamp - LOGINID : newdealusrr
2022-07-01 16:24:50,030 [main] INFO angular.classes.LoginRevamp - LoginID found as: newdealusrr
2022-07-01 16:24:50,033 [main] INFO angular.classes.LoginRevamp - Password found as: Com@2468
2022-07-01 16:24:50,034 [main] INFO angular.classes.LoginRevamp - Username found as: dealuser
2022-07-01 16:24:50,447 [main] INFO angular.pageobjects.loginpages.LoginPageRevamp - Trying to select Language
2022-07-01 16:25:00,799 [main] INFO angular.pageobjects.loginpages.LoginPageRevamp - <b>Language Selector Not Found:</b>
2022-07-01 16:25:00,812 [main] INFO angular.pageobjects.loginpages.LoginPageRevamp - Trying to enter Login ID
2022-07-01 16:25:00,983 [main] INFO angular.pageobjects.loginpages.LoginPageRevamp - Login ID entered successfully as: newdealusrr
2022-07-01 16:25:00,985 [main] INFO angular.pageobjects.loginpages.LoginPageRevamp - Trying to enter Password
2022-07-01 16:25:01,157 [main] INFO angular.pageobjects.loginpages.LoginPageRevamp - Password entered successfully as: Com@2468
2022-07-01 16:25:01,158 [main] INFO angular.pageobjects.loginpages.LoginPageRevamp - Trying to click Login Button
2022-07-01 16:25:01,242 [main] INFO angular.pageobjects.loginpages.LoginPageRevamp - Login button clicked successfully
2022-07-01 16:25:01,286 [main] INFO angular.pageobjects.loginpages.LoginPageRevamp - Error Message Found on Login Screen: 
2022-07-01 16:25:09,871 [main] INFO angular.pageobjects.c2ctransfer.C2CTransfers - Trying clicking on C2C Heading
2022-07-01 16:25:09,982 [main] INFO angular.pageobjects.c2ctransfer.C2CTransfers - User clicked C2C Heading Link.
2022-07-01 16:25:09,984 [main] INFO angular.pageobjects.c2ctransfer.C2CTransfers - Trying clicking on C2C Transaction Heading
2022-07-01 16:25:10,196 [main] INFO angular.pageobjects.c2ctransfer.C2CTransfers - User clicked C2C Transaction Heading Link.
2022-07-01 16:25:10,197 [main] INFO angular.feature.C2CTransferRevamp - C2C Heading and Transaction Heading is clicked
2022-07-01 16:25:10,199 [main] INFO angular.pageobjects.c2ctransfer.C2CTransfers - Trying clicking on C2C Withdrawal Heading
2022-07-01 16:25:10,304 [main] INFO angular.pageobjects.c2ctransfer.C2CTransfers - User clicked C2C Withdrawal Heading.
2022-07-01 16:25:10,306 [main] INFO angular.pageobjects.c2ctransfer.C2CTransfers - Trying to select C2C Buyer Type
2022-07-01 16:25:10,495 [main] INFO angular.pageobjects.c2ctransfer.C2CTransfers - C2C Buyer Type selected : //ng-select[@id='searchBy']//ng-dropdown-panel[contains(@class,'ng-star-inserted')]//span[text()='Mobile Number']
2022-07-01 16:25:10,497 [main] INFO angular.pageobjects.c2ctransfer.C2CTransfers - Entering C2C MSISDN
2022-07-01 16:25:10,614 [main] INFO angular.pageobjects.c2ctransfer.C2CTransfers - Entered C2C MSISDN : 7802617823
2022-07-01 16:25:20,626 [main] INFO angular.pageobjects.c2ctransfer.C2CTransfers - Trying clicking on PROCEED button on C2C
2022-07-01 16:25:22,766 [main] INFO angular.pageobjects.c2ctransfer.C2CTransfers - Clicked PROCEED button on C2C.
2022-07-01 16:25:22,777 [main] INFO angular.pageobjects.c2ctransfer.C2CTransfers - Trying to initiate C2C Topups
2022-07-01 16:25:22,881 [main] INFO angular.pageobjects.c2ctransfer.C2CTransfers - rowCount of c2c topups available on screen : 2
2022-07-01 16:25:22,883 [main] INFO angular.pageobjects.c2ctransfer.C2CTransfers - sheetProductCode : eTopUP
2022-07-01 16:25:22,884 [main] INFO angular.pageobjects.c2ctransfer.C2CTransfers - sheetProductCode : PeTopUP
2022-07-01 16:25:22,943 [main] INFO angular.pageobjects.c2ctransfer.C2CTransfers - rowCount of c2c topups available on screen : 2
2022-07-01 16:25:22,945 [main] INFO angular.pageobjects.c2ctransfer.C2CTransfers - sheetProductCode : eTopUP
2022-07-01 16:25:22,947 [main] INFO angular.pageobjects.c2ctransfer.C2CTransfers - sheetProductCode : PeTopUP
2022-07-01 16:25:22,948 [main] INFO angular.pageobjects.c2ctransfer.C2CTransfers - Entered Quantities: 
2022-07-01 16:25:23,120 [main] INFO angular.pageobjects.c2ctransfer.C2CTransfers - User entered Remarks
2022-07-01 16:25:23,122 [main] INFO angular.pageobjects.c2ctransfer.C2CTransfers - Trying clicking on C2C Withdraw button
2022-07-01 16:25:23,260 [main] INFO angular.pageobjects.c2ctransfer.C2CTransfers - Clicked C2C Withdraw Button
2022-07-01 16:25:43,373 [main] INFO angular.pageobjects.c2ctransfer.C2CTransfers - PIN Popup is not visible.
2022-07-01 16:26:04,415 [main] ERROR com.sshmanager.SSHService - Error while getting SSH Server Instance : com.jcraft.jsch.JSchException: java.net.ConnectException: Connection timed out: connect
2022-07-01 16:26:04,567 [main] INFO angular.feature.C2CTransferRevamp - Exiting performC2CWithdrawalMobileBuyerType
2022-07-01 16:26:04,569 [main] INFO angular.testscripts.prereuisitesangular.PreRequisite_C2CWithdrawal_Revamp -  -----------------  Test Case Execution completed for A_01_Test_C2CWithdrawlMobileBuyerType -----------------
2022-07-01 16:26:04,660 [main] INFO angular.testscripts.prereuisitesangular.PreRequisite_C2CWithdrawal_Revamp - ------------------ Test Case Execution Started For A_01_Test_C2CWithdrawlMobileBuyerType -------------------
2022-07-01 16:26:04,660 [main] INFO angular.testscripts.prereuisitesangular.PreRequisite_C2CWithdrawal_Revamp - Entered A_01_Test_C2CWithdrawlMobileBuyerType(Dealer, Agent, 8905169743, 2468, Distributor, Dealer, SA, 4)
2022-07-01 16:26:04,662 [main] INFO com.dbrepository.OracleRepository - Entered getPreference(AG, NG, MAX_APPROVAL_LEVEL_C2C_TRANSFER)
2022-07-01 16:26:04,663 [main] INFO com.dbrepository.DBConnectionPool - Active Size:0 Cache Size:10
2022-07-01 16:26:04,746 [main] INFO com.dbrepository.OracleRepository - Service Class Preference Not Found
2022-07-01 16:26:04,747 [main] INFO com.dbrepository.OracleRepository - Trying to get Preference value from Control Preferences
2022-07-01 16:26:04,829 [main] INFO com.dbrepository.OracleRepository - Query Repository Returns: DEFAULT_VALUE (0)
2022-07-01 16:26:04,870 [main] INFO com.utils.CommonUtils - Category Code for Dealer: SE
2022-07-01 16:26:04,894 [main] INFO com.dbrepository.OracleRepository - Entered webInterface(Dealer)
2022-07-01 16:26:04,896 [main] INFO com.dbrepository.DBConnectionPool - Active Size:0 Cache Size:10
2022-07-01 16:26:04,897 [main] INFO com.dbrepository.OracleRepository - webInterface() :: select query: Select WEB_INTERFACE_ALLOWED from categories where category_name= ?
2022-07-01 16:26:04,987 [main] INFO com.dbrepository.OracleRepository - Database Returns: WEB_INTERFACE_ALLOWED (Y)
2022-07-01 16:26:04,989 [main] INFO com.dbrepository.OracleRepository - Exited webInterface()
2022-07-01 16:26:04,991 [main] INFO angular.feature.C2CTransferRevamp - Entered performC2CTransferMobileBuyerType(Dealer, Agent, 8905169743, 2468)
2022-07-01 16:26:05,050 [main] INFO angular.classes.LoginRevamp - Login ID Found as: newdealusrr
2022-07-01 16:26:05,051 [main] INFO angular.classes.LoginRevamp - Password Found as: Com@2468
2022-07-01 16:26:05,053 [main] INFO angular.feature.C2CTransferRevamp - LOGINID : newdealusrr
2022-07-01 16:26:05,080 [main] INFO angular.classes.LoginRevamp - LoginID found as: newdealusrr
2022-07-01 16:26:05,082 [main] INFO angular.classes.LoginRevamp - Password found as: Com@2468
2022-07-01 16:26:05,084 [main] INFO angular.classes.LoginRevamp - Username found as: dealuser
2022-07-01 16:26:05,530 [main] INFO angular.pageobjects.loginpages.LoginPageRevamp - Trying to select Language
