2022-06-17 14:53:19,692 [main] INFO com.classes.BaseTest - Loading all methods from -masterVO class
2022-06-17 14:53:19,696 [main] INFO com.utils._masterVO - Loading Properties file from: .//src//test//resources//sysconfig//Constant.properties
2022-06-17 14:53:19,701 [main] INFO com.utils._masterVO - Properties File Loaded successfully
2022-06-17 14:53:19,703 [main] INFO com.utils._masterVO - Loading Master Sheet from: src//test//resources//config//DataProvider.xlsx
2022-06-17 14:53:20,342 [main] INFO com.utils._masterVO - Master Sheet Loaded successfully
2022-06-17 14:53:20,344 [main] INFO com.utils._masterVO - Loading Client Library for Client Versioning from: .//src//test//resources//sysconfig//ClientLib.properties
2022-06-17 14:53:20,357 [main] INFO com.utils._masterVO - Client Library Loaded successfully
2022-06-17 14:53:20,973 [main] INFO com.utils._masterVO - Loading test case file file from: .//src//test//resources//sysconfig//testCaseFile.properties
2022-06-17 14:53:20,993 [main] INFO com.utils._masterVO - Test cases file Loaded successfully
2022-06-17 14:53:20,995 [main] INFO com.utils._masterVO - Loading Web Cases Master file from: .//src//test//resources//config//testCaseFile.properties
2022-06-17 14:53:21,015 [main] INFO com.utils._masterVO - Gateway Cases Master File Loaded successfully
2022-06-17 14:53:21,050 [main] INFO com.dbrepository.DBHandler - Entered Access Handler :: Oracle
2022-06-17 14:53:21,059 [main] INFO com.commons.CacheController - New Cache DAO Loaded :: UPDATECACHE_VER = 1
2022-06-17 14:53:21,061 [main] INFO com.dbrepository.OracleRepository - Entered getNetworkName(NG)
2022-06-17 14:53:21,104 [MLog-Init-Reporter] INFO com.mchange.v2.log.MLog - MLog clients using log4j logging.
2022-06-17 14:53:21,215 [main] INFO com.mchange.v2.c3p0.C3P0Registry - Initializing c3p0-0.9.5.2 [built 08-December-2015 22:06:04 -0800; debug? true; trace: 10]
2022-06-17 14:53:21,295 [main] INFO com.mchange.v2.c3p0.impl.AbstractPoolBackedDataSource - Initializing c3p0 pool... com.mchange.v2.c3p0.ComboPooledDataSource [ acquireIncrement -> 5, acquireRetryAttempts -> 30, acquireRetryDelay -> 1000, autoCommitOnClose -> false, automaticTestTable -> null, breakAfterAcquireFailure -> false, checkoutTimeout -> 0, connectionCustomizerClassName -> null, connectionTesterClassName -> com.mchange.v2.c3p0.impl.DefaultConnectionTester, contextClassLoaderSource -> caller, dataSourceName -> 1hge148apvcgtyz1i5j5g1|6c7a164b, debugUnreturnedConnectionStackTraces -> false, description -> null, driverClass -> oracle.jdbc.driver.OracleDriver, extensions -> {}, factoryClassLocation -> null, forceIgnoreUnresolvedTransactions -> false, forceSynchronousCheckins -> false, forceUseNamedDriverClass -> false, identityToken -> 1hge148apvcgtyz1i5j5g1|6c7a164b, idleConnectionTestPeriod -> 0, initialPoolSize -> 10, jdbcUrl -> jdbc:oracle:thin:@172.30.38.232:1526:test, maxAdministrativeTaskTime -> 0, maxConnectionAge -> 0, maxIdleTime -> 0, maxIdleTimeExcessConnections -> 0, maxPoolSize -> 20, maxStatements -> 0, maxStatementsPerConnection -> 0, minPoolSize -> 10, numHelperThreads -> 3, preferredTestQuery -> null, privilegeSpawnedThreads -> false, properties -> {user=******, password=******}, propertyCycle -> 0, statementCacheNumDeferredCloseThreads -> 0, testConnectionOnCheckin -> false, testConnectionOnCheckout -> false, unreturnedConnectionTimeout -> 0, userOverrides -> {}, usesTraditionalReflectiveProxies -> false ]
2022-06-17 14:53:23,126 [main] INFO com.dbrepository.OracleRepository - getNetworkName() :: select query: Select network_name from networks where network_code = ?
2022-06-17 14:53:23,294 [main] INFO com.dbrepository.OracleRepository - Database Returns: Network Name (Network GGN)
2022-06-17 14:53:23,296 [main] INFO com.dbrepository.OracleRepository - Exiting getNetworkName()
2022-06-17 14:53:23,298 [main] INFO com.dbrepository.OracleRepository - Entered getSystemPreference(AMOUNT_MULT_FACTOR)
2022-06-17 14:53:23,300 [main] INFO com.dbrepository.DBConnectionPool - Active Size:1 Cache Size:2
2022-06-17 14:53:23,303 [main] INFO com.dbrepository.OracleRepository - getSystemPreference() :: select query: select DEFAULT_VALUE from system_preferences where PREFERENCE_CODE = ?
2022-06-17 14:53:23,429 [main] INFO com.dbrepository.OracleRepository - Database Returns: DEFAULT_VALUE (100)
2022-06-17 14:53:23,430 [main] INFO com.dbrepository.OracleRepository - Exiting getSystemPreference()
2022-06-17 14:53:23,432 [main] INFO com.dbrepository.OracleRepository - Entered getSystemPreference(MSISDN_PREFIX_LENGTH)
2022-06-17 14:53:23,433 [main] INFO com.dbrepository.DBConnectionPool - Active Size:2 Cache Size:1
2022-06-17 14:53:23,435 [main] INFO com.dbrepository.OracleRepository - getSystemPreference() :: select query: select DEFAULT_VALUE from system_preferences where PREFERENCE_CODE = ?
2022-06-17 14:53:23,582 [main] INFO com.dbrepository.OracleRepository - Database Returns: DEFAULT_VALUE (2)
2022-06-17 14:53:23,584 [main] INFO com.dbrepository.OracleRepository - Exiting getSystemPreference()
2022-06-17 14:53:23,585 [main] INFO com.dbrepository.OracleRepository - Entered getSystemPreference(MAX_MSISDN_LENGTH)
2022-06-17 14:53:23,586 [main] INFO com.dbrepository.DBConnectionPool - Active Size:3 Cache Size:0
2022-06-17 14:53:24,146 [main] INFO com.dbrepository.OracleRepository - getSystemPreference() :: select query: select DEFAULT_VALUE from system_preferences where PREFERENCE_CODE = ?
2022-06-17 14:53:24,265 [main] INFO com.dbrepository.OracleRepository - Database Returns: DEFAULT_VALUE (15)
2022-06-17 14:53:24,266 [main] INFO com.dbrepository.OracleRepository - Exiting getSystemPreference()
2022-06-17 14:53:24,268 [main] INFO com.dbrepository.OracleRepository - Entered getSystemPreference(USER_PRODUCT_MULTIPLE_WALLET)
2022-06-17 14:53:24,269 [main] INFO com.dbrepository.DBConnectionPool - Active Size:4 Cache Size:2
2022-06-17 14:53:24,271 [main] INFO com.dbrepository.OracleRepository - getSystemPreference() :: select query: select DEFAULT_VALUE from system_preferences where PREFERENCE_CODE = ?
2022-06-17 14:53:24,378 [main] INFO com.dbrepository.OracleRepository - Database Returns: DEFAULT_VALUE (false)
2022-06-17 14:53:24,380 [main] INFO com.dbrepository.OracleRepository - Exiting getSystemPreference()
2022-06-17 14:53:24,381 [main] INFO com.dbrepository.OracleRepository - Entered getSystemPreference(EXTERNAL_DATE_FORMAT)
2022-06-17 14:53:24,383 [main] INFO com.dbrepository.DBConnectionPool - Active Size:5 Cache Size:1
2022-06-17 14:53:24,386 [main] INFO com.dbrepository.OracleRepository - getSystemPreference() :: select query: select DEFAULT_VALUE from system_preferences where PREFERENCE_CODE = ?
2022-06-17 14:53:24,507 [main] INFO com.dbrepository.OracleRepository - Database Returns: DEFAULT_VALUE (dd/MM/yy)
2022-06-17 14:53:24,508 [main] INFO com.dbrepository.OracleRepository - Exiting getSystemPreference()
2022-06-17 14:53:24,510 [main] INFO com.dbrepository.OracleRepository - Entered getSystemPreference(DATE_FORMAT_CAL_JAVA)
2022-06-17 14:53:24,511 [main] INFO com.dbrepository.DBConnectionPool - Active Size:6 Cache Size:0
2022-06-17 14:53:25,448 [main] INFO com.dbrepository.OracleRepository - getSystemPreference() :: select query: select DEFAULT_VALUE from system_preferences where PREFERENCE_CODE = ?
2022-06-17 14:53:25,578 [main] INFO com.dbrepository.OracleRepository - Database Returns: DEFAULT_VALUE (dd/MM/yy)
2022-06-17 14:53:25,580 [main] INFO com.dbrepository.OracleRepository - Exiting getSystemPreference()
2022-06-17 14:53:25,581 [main] INFO com.dbrepository.OracleRepository - Entered getSystemPreference(OTH_COM_CHNL)
2022-06-17 14:53:25,582 [main] INFO com.dbrepository.DBConnectionPool - Active Size:0 Cache Size:9
2022-06-17 14:53:25,583 [main] INFO com.dbrepository.OracleRepository - getSystemPreference() :: select query: select DEFAULT_VALUE from system_preferences where PREFERENCE_CODE = ?
2022-06-17 14:53:25,752 [main] INFO com.dbrepository.OracleRepository - Database Returns: DEFAULT_VALUE (false)
2022-06-17 14:53:25,753 [main] INFO com.dbrepository.OracleRepository - Exiting getSystemPreference()
2022-06-17 14:53:25,755 [main] INFO com.dbrepository.OracleRepository - Entered getSystemPreference(DW_ALLOWED_GATEWAYS)
2022-06-17 14:53:25,756 [main] INFO com.dbrepository.DBConnectionPool - Active Size:0 Cache Size:9
2022-06-17 14:53:25,758 [main] INFO com.dbrepository.OracleRepository - getSystemPreference() :: select query: select DEFAULT_VALUE from system_preferences where PREFERENCE_CODE = ?
2022-06-17 14:53:25,903 [main] INFO com.dbrepository.OracleRepository - Database Returns: DEFAULT_VALUE (EXTGW,DWEXTGW)
2022-06-17 14:53:25,905 [main] INFO com.dbrepository.OracleRepository - Exiting getSystemPreference()
2022-06-17 14:53:25,906 [main] INFO com.dbrepository.OracleRepository - Entered getSystemPreference(DEFAULT_LANGUAGE)
2022-06-17 14:53:25,908 [main] INFO com.dbrepository.DBConnectionPool - Active Size:0 Cache Size:9
2022-06-17 14:53:25,909 [main] INFO com.dbrepository.OracleRepository - getSystemPreference() :: select query: select DEFAULT_VALUE from system_preferences where PREFERENCE_CODE = ?
2022-06-17 14:53:26,018 [main] INFO com.dbrepository.OracleRepository - Database Returns: DEFAULT_VALUE (en)
2022-06-17 14:53:26,019 [main] INFO com.dbrepository.OracleRepository - Exiting getSystemPreference()
2022-06-17 14:53:26,020 [main] INFO com.dbrepository.OracleRepository - Entered getSystemPreference(DEFAULT_COUNTRY)
2022-06-17 14:53:26,022 [main] INFO com.dbrepository.DBConnectionPool - Active Size:0 Cache Size:9
2022-06-17 14:53:26,023 [main] INFO com.dbrepository.OracleRepository - getSystemPreference() :: select query: select DEFAULT_VALUE from system_preferences where PREFERENCE_CODE = ?
2022-06-17 14:53:26,133 [main] INFO com.dbrepository.OracleRepository - Database Returns: DEFAULT_VALUE (US)
2022-06-17 14:53:26,134 [main] INFO com.dbrepository.OracleRepository - Exiting getSystemPreference()
2022-06-17 14:53:26,135 [main] INFO com.utils._masterVO - Display Locale set to: en_US
2022-06-17 14:53:47,179 [main] ERROR com.sshmanager.SSHService - Error while getting SSH Server Instance : com.jcraft.jsch.JSchException: java.net.ConnectException: Connection timed out: connect
2022-06-17 14:53:47,189 [main] INFO com.utils._masterVO - Loading Messages Resource properties File from: .//src//test//resources//sysconfig//English-2.properties
2022-06-17 14:53:47,220 [main] INFO com.utils._masterVO - Messages Resource Properties file Loaded successfully
2022-06-17 14:53:47,221 [main] INFO com.utils._masterVO - Loading Messages Resource properties File from: .//src//test//resources//sysconfig//C2S_English-2.properties
2022-06-17 14:53:47,236 [main] INFO com.utils._masterVO - Messages Resource Properties file Loaded successfully
2022-06-17 14:53:47,237 [main] INFO com.dbrepository.OracleRepository - Entered getGatewayDetails('EXTGW','USSD','SMSC')
2022-06-17 14:53:47,238 [main] INFO com.dbrepository.DBConnectionPool - Active Size:0 Cache Size:10
2022-06-17 14:53:47,240 [main] INFO com.dbrepository.OracleRepository - getGatewayDetails() :: select query: SELECT rmg.gateway_code, mg.gateway_type, rmg.login_id, rmg.PASSWORD, rmg.content_type, rmg.service_port, mg.req_password_plain FROM message_gateway mg, req_message_gateway rmg WHERE mg.gateway_code = rmg.gateway_code AND rmg.gateway_code IN ('EXTGW','USSD','SMSC')
2022-06-17 14:53:47,358 [main] INFO com.dbrepository.OracleRepository - Database Returns: [[Ljava.lang.Object;@acdb094[{{EXTGW,EXTGW,pretups,0971500a350af5c3d1c0b12221a0558c,XML,190,Y},{SMSC,SMSC,pretups,0971500a350af5c3d1c0b12221a0558c,PLAIN,190,Y},{USSD,USSD,pretups,0971500a350af5c3d1c0b12221a0558c,XML,190,Y}}]
2022-06-17 14:53:47,360 [main] INFO com.dbrepository.OracleRepository - Exiting getGatewayDetails()
2022-06-17 14:53:47,368 [main] INFO com.utils._APIUtil - Entered getAPIServices(EXTGW)
2022-06-17 14:53:47,381 [main] INFO com.utils._APIUtil - Exiting getAPIServices([])
2022-06-17 14:53:47,385 [main] INFO com.utils._masterVO - Loading Gateway Cases Master file from: .//src//test//resources//config//GatewayMaster.xlsx
2022-06-17 14:53:47,536 [main] INFO com.utils.ExcelUtility - java.lang.NullPointerException
	at com.utils.ExcelUtility.getCellData(ExcelUtility.java:311)
	at com.utils._masterVO.loadGatewayCases(_masterVO.java:115)
	at com.utils._masterVO.loadExternalServices(_masterVO.java:448)
	at com.utils._masterVO.loadVO(_masterVO.java:81)
	at com.classes.BaseTest.setupReporter(BaseTest.java:85)
	at sun.reflect.NativeMethodAccessorImpl.invoke0(Native Method)
	at sun.reflect.NativeMethodAccessorImpl.invoke(Unknown Source)
	at sun.reflect.DelegatingMethodAccessorImpl.invoke(Unknown Source)
	at java.lang.reflect.Method.invoke(Unknown Source)
	at org.testng.internal.MethodInvocationHelper.invokeMethod(MethodInvocationHelper.java:124)
	at org.testng.internal.MethodInvocationHelper.invokeMethodConsideringTimeout(MethodInvocationHelper.java:59)
	at org.testng.internal.Invoker.invokeConfigurationMethod(Invoker.java:455)
	at org.testng.internal.Invoker.invokeConfigurations(Invoker.java:222)
	at org.testng.internal.Invoker.invokeConfigurations(Invoker.java:142)
	at org.testng.SuiteRunner.privateRun(SuiteRunner.java:401)
	at org.testng.SuiteRunner.run(SuiteRunner.java:364)
	at org.testng.SuiteRunnerWorker.runSuite(SuiteRunnerWorker.java:52)
	at org.testng.SuiteRunnerWorker.run(SuiteRunnerWorker.java:84)
	at org.testng.TestNG.runSuitesSequentially(TestNG.java:1208)
	at org.testng.TestNG.runSuitesLocally(TestNG.java:1137)
	at org.testng.TestNG.runSuites(TestNG.java:1049)
	at org.testng.TestNG.run(TestNG.java:1017)
	at org.testng.remote.AbstractRemoteTestNG.run(AbstractRemoteTestNG.java:115)
	at org.testng.remote.RemoteTestNG.initAndRun(RemoteTestNG.java:251)
	at org.testng.remote.RemoteTestNG.main(RemoteTestNG.java:77)

2022-06-17 14:53:47,541 [main] INFO com.utils.ExcelUtility - java.lang.NullPointerException
	at com.utils.ExcelUtility.getCellData(ExcelUtility.java:311)
	at com.utils._masterVO.loadGatewayCases(_masterVO.java:115)
	at com.utils._masterVO.loadExternalServices(_masterVO.java:448)
	at com.utils._masterVO.loadVO(_masterVO.java:81)
	at com.classes.BaseTest.setupReporter(BaseTest.java:85)
	at sun.reflect.NativeMethodAccessorImpl.invoke0(Native Method)
	at sun.reflect.NativeMethodAccessorImpl.invoke(Unknown Source)
	at sun.reflect.DelegatingMethodAccessorImpl.invoke(Unknown Source)
	at java.lang.reflect.Method.invoke(Unknown Source)
	at org.testng.internal.MethodInvocationHelper.invokeMethod(MethodInvocationHelper.java:124)
	at org.testng.internal.MethodInvocationHelper.invokeMethodConsideringTimeout(MethodInvocationHelper.java:59)
	at org.testng.internal.Invoker.invokeConfigurationMethod(Invoker.java:455)
	at org.testng.internal.Invoker.invokeConfigurations(Invoker.java:222)
	at org.testng.internal.Invoker.invokeConfigurations(Invoker.java:142)
	at org.testng.SuiteRunner.privateRun(SuiteRunner.java:401)
	at org.testng.SuiteRunner.run(SuiteRunner.java:364)
	at org.testng.SuiteRunnerWorker.runSuite(SuiteRunnerWorker.java:52)
	at org.testng.SuiteRunnerWorker.run(SuiteRunnerWorker.java:84)
	at org.testng.TestNG.runSuitesSequentially(TestNG.java:1208)
	at org.testng.TestNG.runSuitesLocally(TestNG.java:1137)
	at org.testng.TestNG.runSuites(TestNG.java:1049)
	at org.testng.TestNG.run(TestNG.java:1017)
	at org.testng.remote.AbstractRemoteTestNG.run(AbstractRemoteTestNG.java:115)
	at org.testng.remote.RemoteTestNG.initAndRun(RemoteTestNG.java:251)
	at org.testng.remote.RemoteTestNG.main(RemoteTestNG.java:77)

2022-06-17 14:53:47,543 [main] INFO com.utils.ExcelUtility - java.lang.NullPointerException
	at com.utils.ExcelUtility.getCellData(ExcelUtility.java:311)
	at com.utils._masterVO.loadGatewayCases(_masterVO.java:115)
	at com.utils._masterVO.loadExternalServices(_masterVO.java:448)
	at com.utils._masterVO.loadVO(_masterVO.java:81)
	at com.classes.BaseTest.setupReporter(BaseTest.java:85)
	at sun.reflect.NativeMethodAccessorImpl.invoke0(Native Method)
	at sun.reflect.NativeMethodAccessorImpl.invoke(Unknown Source)
	at sun.reflect.DelegatingMethodAccessorImpl.invoke(Unknown Source)
	at java.lang.reflect.Method.invoke(Unknown Source)
	at org.testng.internal.MethodInvocationHelper.invokeMethod(MethodInvocationHelper.java:124)
	at org.testng.internal.MethodInvocationHelper.invokeMethodConsideringTimeout(MethodInvocationHelper.java:59)
	at org.testng.internal.Invoker.invokeConfigurationMethod(Invoker.java:455)
	at org.testng.internal.Invoker.invokeConfigurations(Invoker.java:222)
	at org.testng.internal.Invoker.invokeConfigurations(Invoker.java:142)
	at org.testng.SuiteRunner.privateRun(SuiteRunner.java:401)
	at org.testng.SuiteRunner.run(SuiteRunner.java:364)
	at org.testng.SuiteRunnerWorker.runSuite(SuiteRunnerWorker.java:52)
	at org.testng.SuiteRunnerWorker.run(SuiteRunnerWorker.java:84)
	at org.testng.TestNG.runSuitesSequentially(TestNG.java:1208)
	at org.testng.TestNG.runSuitesLocally(TestNG.java:1137)
	at org.testng.TestNG.runSuites(TestNG.java:1049)
	at org.testng.TestNG.run(TestNG.java:1017)
	at org.testng.remote.AbstractRemoteTestNG.run(AbstractRemoteTestNG.java:115)
	at org.testng.remote.RemoteTestNG.initAndRun(RemoteTestNG.java:251)
	at org.testng.remote.RemoteTestNG.main(RemoteTestNG.java:77)

2022-06-17 14:53:47,555 [main] INFO com.utils.ExcelUtility - java.lang.NullPointerException
	at com.utils.ExcelUtility.getCellData(ExcelUtility.java:311)
	at com.utils._masterVO.loadGatewayCases(_masterVO.java:115)
	at com.utils._masterVO.loadExternalServices(_masterVO.java:448)
	at com.utils._masterVO.loadVO(_masterVO.java:81)
	at com.classes.BaseTest.setupReporter(BaseTest.java:85)
	at sun.reflect.NativeMethodAccessorImpl.invoke0(Native Method)
	at sun.reflect.NativeMethodAccessorImpl.invoke(Unknown Source)
	at sun.reflect.DelegatingMethodAccessorImpl.invoke(Unknown Source)
	at java.lang.reflect.Method.invoke(Unknown Source)
	at org.testng.internal.MethodInvocationHelper.invokeMethod(MethodInvocationHelper.java:124)
	at org.testng.internal.MethodInvocationHelper.invokeMethodConsideringTimeout(MethodInvocationHelper.java:59)
	at org.testng.internal.Invoker.invokeConfigurationMethod(Invoker.java:455)
	at org.testng.internal.Invoker.invokeConfigurations(Invoker.java:222)
	at org.testng.internal.Invoker.invokeConfigurations(Invoker.java:142)
	at org.testng.SuiteRunner.privateRun(SuiteRunner.java:401)
	at org.testng.SuiteRunner.run(SuiteRunner.java:364)
	at org.testng.SuiteRunnerWorker.runSuite(SuiteRunnerWorker.java:52)
	at org.testng.SuiteRunnerWorker.run(SuiteRunnerWorker.java:84)
	at org.testng.TestNG.runSuitesSequentially(TestNG.java:1208)
	at org.testng.TestNG.runSuitesLocally(TestNG.java:1137)
	at org.testng.TestNG.runSuites(TestNG.java:1049)
	at org.testng.TestNG.run(TestNG.java:1017)
	at org.testng.remote.AbstractRemoteTestNG.run(AbstractRemoteTestNG.java:115)
	at org.testng.remote.RemoteTestNG.initAndRun(RemoteTestNG.java:251)
	at org.testng.remote.RemoteTestNG.main(RemoteTestNG.java:77)

2022-06-17 14:53:47,593 [main] INFO com.utils.ExcelUtility - java.lang.NullPointerException
	at com.utils.ExcelUtility.getCellData(ExcelUtility.java:311)
	at com.utils._masterVO.loadGatewayCases(_masterVO.java:115)
	at com.utils._masterVO.loadExternalServices(_masterVO.java:448)
	at com.utils._masterVO.loadVO(_masterVO.java:81)
	at com.classes.BaseTest.setupReporter(BaseTest.java:85)
	at sun.reflect.NativeMethodAccessorImpl.invoke0(Native Method)
	at sun.reflect.NativeMethodAccessorImpl.invoke(Unknown Source)
	at sun.reflect.DelegatingMethodAccessorImpl.invoke(Unknown Source)
	at java.lang.reflect.Method.invoke(Unknown Source)
	at org.testng.internal.MethodInvocationHelper.invokeMethod(MethodInvocationHelper.java:124)
	at org.testng.internal.MethodInvocationHelper.invokeMethodConsideringTimeout(MethodInvocationHelper.java:59)
	at org.testng.internal.Invoker.invokeConfigurationMethod(Invoker.java:455)
	at org.testng.internal.Invoker.invokeConfigurations(Invoker.java:222)
	at org.testng.internal.Invoker.invokeConfigurations(Invoker.java:142)
	at org.testng.SuiteRunner.privateRun(SuiteRunner.java:401)
	at org.testng.SuiteRunner.run(SuiteRunner.java:364)
	at org.testng.SuiteRunnerWorker.runSuite(SuiteRunnerWorker.java:52)
	at org.testng.SuiteRunnerWorker.run(SuiteRunnerWorker.java:84)
	at org.testng.TestNG.runSuitesSequentially(TestNG.java:1208)
	at org.testng.TestNG.runSuitesLocally(TestNG.java:1137)
	at org.testng.TestNG.runSuites(TestNG.java:1049)
	at org.testng.TestNG.run(TestNG.java:1017)
	at org.testng.remote.AbstractRemoteTestNG.run(AbstractRemoteTestNG.java:115)
	at org.testng.remote.RemoteTestNG.initAndRun(RemoteTestNG.java:251)
	at org.testng.remote.RemoteTestNG.main(RemoteTestNG.java:77)

2022-06-17 14:53:47,617 [main] INFO com.utils.ExcelUtility - java.lang.NullPointerException
	at com.utils.ExcelUtility.getCellData(ExcelUtility.java:311)
	at com.utils._masterVO.loadGatewayCases(_masterVO.java:115)
	at com.utils._masterVO.loadExternalServices(_masterVO.java:448)
	at com.utils._masterVO.loadVO(_masterVO.java:81)
	at com.classes.BaseTest.setupReporter(BaseTest.java:85)
	at sun.reflect.NativeMethodAccessorImpl.invoke0(Native Method)
	at sun.reflect.NativeMethodAccessorImpl.invoke(Unknown Source)
	at sun.reflect.DelegatingMethodAccessorImpl.invoke(Unknown Source)
	at java.lang.reflect.Method.invoke(Unknown Source)
	at org.testng.internal.MethodInvocationHelper.invokeMethod(MethodInvocationHelper.java:124)
	at org.testng.internal.MethodInvocationHelper.invokeMethodConsideringTimeout(MethodInvocationHelper.java:59)
	at org.testng.internal.Invoker.invokeConfigurationMethod(Invoker.java:455)
	at org.testng.internal.Invoker.invokeConfigurations(Invoker.java:222)
	at org.testng.internal.Invoker.invokeConfigurations(Invoker.java:142)
	at org.testng.SuiteRunner.privateRun(SuiteRunner.java:401)
	at org.testng.SuiteRunner.run(SuiteRunner.java:364)
	at org.testng.SuiteRunnerWorker.runSuite(SuiteRunnerWorker.java:52)
	at org.testng.SuiteRunnerWorker.run(SuiteRunnerWorker.java:84)
	at org.testng.TestNG.runSuitesSequentially(TestNG.java:1208)
	at org.testng.TestNG.runSuitesLocally(TestNG.java:1137)
	at org.testng.TestNG.runSuites(TestNG.java:1049)
	at org.testng.TestNG.run(TestNG.java:1017)
	at org.testng.remote.AbstractRemoteTestNG.run(AbstractRemoteTestNG.java:115)
	at org.testng.remote.RemoteTestNG.initAndRun(RemoteTestNG.java:251)
	at org.testng.remote.RemoteTestNG.main(RemoteTestNG.java:77)

2022-06-17 14:53:47,618 [main] INFO com.utils.ExcelUtility - java.lang.NullPointerException
	at com.utils.ExcelUtility.getCellData(ExcelUtility.java:311)
	at com.utils._masterVO.loadGatewayCases(_masterVO.java:115)
	at com.utils._masterVO.loadExternalServices(_masterVO.java:448)
	at com.utils._masterVO.loadVO(_masterVO.java:81)
	at com.classes.BaseTest.setupReporter(BaseTest.java:85)
	at sun.reflect.NativeMethodAccessorImpl.invoke0(Native Method)
	at sun.reflect.NativeMethodAccessorImpl.invoke(Unknown Source)
	at sun.reflect.DelegatingMethodAccessorImpl.invoke(Unknown Source)
	at java.lang.reflect.Method.invoke(Unknown Source)
	at org.testng.internal.MethodInvocationHelper.invokeMethod(MethodInvocationHelper.java:124)
	at org.testng.internal.MethodInvocationHelper.invokeMethodConsideringTimeout(MethodInvocationHelper.java:59)
	at org.testng.internal.Invoker.invokeConfigurationMethod(Invoker.java:455)
	at org.testng.internal.Invoker.invokeConfigurations(Invoker.java:222)
	at org.testng.internal.Invoker.invokeConfigurations(Invoker.java:142)
	at org.testng.SuiteRunner.privateRun(SuiteRunner.java:401)
	at org.testng.SuiteRunner.run(SuiteRunner.java:364)
	at org.testng.SuiteRunnerWorker.runSuite(SuiteRunnerWorker.java:52)
	at org.testng.SuiteRunnerWorker.run(SuiteRunnerWorker.java:84)
	at org.testng.TestNG.runSuitesSequentially(TestNG.java:1208)
	at org.testng.TestNG.runSuitesLocally(TestNG.java:1137)
	at org.testng.TestNG.runSuites(TestNG.java:1049)
	at org.testng.TestNG.run(TestNG.java:1017)
	at org.testng.remote.AbstractRemoteTestNG.run(AbstractRemoteTestNG.java:115)
	at org.testng.remote.RemoteTestNG.initAndRun(RemoteTestNG.java:251)
	at org.testng.remote.RemoteTestNG.main(RemoteTestNG.java:77)

2022-06-17 14:53:47,628 [main] INFO com.utils.ExcelUtility - java.lang.NullPointerException
	at com.utils.ExcelUtility.getCellData(ExcelUtility.java:311)
	at com.utils._masterVO.loadGatewayCases(_masterVO.java:115)
	at com.utils._masterVO.loadExternalServices(_masterVO.java:448)
	at com.utils._masterVO.loadVO(_masterVO.java:81)
	at com.classes.BaseTest.setupReporter(BaseTest.java:85)
	at sun.reflect.NativeMethodAccessorImpl.invoke0(Native Method)
	at sun.reflect.NativeMethodAccessorImpl.invoke(Unknown Source)
	at sun.reflect.DelegatingMethodAccessorImpl.invoke(Unknown Source)
	at java.lang.reflect.Method.invoke(Unknown Source)
	at org.testng.internal.MethodInvocationHelper.invokeMethod(MethodInvocationHelper.java:124)
	at org.testng.internal.MethodInvocationHelper.invokeMethodConsideringTimeout(MethodInvocationHelper.java:59)
	at org.testng.internal.Invoker.invokeConfigurationMethod(Invoker.java:455)
	at org.testng.internal.Invoker.invokeConfigurations(Invoker.java:222)
	at org.testng.internal.Invoker.invokeConfigurations(Invoker.java:142)
	at org.testng.SuiteRunner.privateRun(SuiteRunner.java:401)
	at org.testng.SuiteRunner.run(SuiteRunner.java:364)
	at org.testng.SuiteRunnerWorker.runSuite(SuiteRunnerWorker.java:52)
	at org.testng.SuiteRunnerWorker.run(SuiteRunnerWorker.java:84)
	at org.testng.TestNG.runSuitesSequentially(TestNG.java:1208)
	at org.testng.TestNG.runSuitesLocally(TestNG.java:1137)
	at org.testng.TestNG.runSuites(TestNG.java:1049)
	at org.testng.TestNG.run(TestNG.java:1017)
	at org.testng.remote.AbstractRemoteTestNG.run(AbstractRemoteTestNG.java:115)
	at org.testng.remote.RemoteTestNG.initAndRun(RemoteTestNG.java:251)
	at org.testng.remote.RemoteTestNG.main(RemoteTestNG.java:77)

2022-06-17 14:53:47,629 [main] INFO com.utils.ExcelUtility - java.lang.NullPointerException
	at com.utils.ExcelUtility.getCellData(ExcelUtility.java:311)
	at com.utils._masterVO.loadGatewayCases(_masterVO.java:115)
	at com.utils._masterVO.loadExternalServices(_masterVO.java:448)
	at com.utils._masterVO.loadVO(_masterVO.java:81)
	at com.classes.BaseTest.setupReporter(BaseTest.java:85)
	at sun.reflect.NativeMethodAccessorImpl.invoke0(Native Method)
	at sun.reflect.NativeMethodAccessorImpl.invoke(Unknown Source)
	at sun.reflect.DelegatingMethodAccessorImpl.invoke(Unknown Source)
	at java.lang.reflect.Method.invoke(Unknown Source)
	at org.testng.internal.MethodInvocationHelper.invokeMethod(MethodInvocationHelper.java:124)
	at org.testng.internal.MethodInvocationHelper.invokeMethodConsideringTimeout(MethodInvocationHelper.java:59)
	at org.testng.internal.Invoker.invokeConfigurationMethod(Invoker.java:455)
	at org.testng.internal.Invoker.invokeConfigurations(Invoker.java:222)
	at org.testng.internal.Invoker.invokeConfigurations(Invoker.java:142)
	at org.testng.SuiteRunner.privateRun(SuiteRunner.java:401)
	at org.testng.SuiteRunner.run(SuiteRunner.java:364)
	at org.testng.SuiteRunnerWorker.runSuite(SuiteRunnerWorker.java:52)
	at org.testng.SuiteRunnerWorker.run(SuiteRunnerWorker.java:84)
	at org.testng.TestNG.runSuitesSequentially(TestNG.java:1208)
	at org.testng.TestNG.runSuitesLocally(TestNG.java:1137)
	at org.testng.TestNG.runSuites(TestNG.java:1049)
	at org.testng.TestNG.run(TestNG.java:1017)
	at org.testng.remote.AbstractRemoteTestNG.run(AbstractRemoteTestNG.java:115)
	at org.testng.remote.RemoteTestNG.initAndRun(RemoteTestNG.java:251)
	at org.testng.remote.RemoteTestNG.main(RemoteTestNG.java:77)

2022-06-17 14:53:47,630 [main] INFO com.utils.ExcelUtility - java.lang.NullPointerException
	at com.utils.ExcelUtility.getCellData(ExcelUtility.java:311)
	at com.utils._masterVO.loadGatewayCases(_masterVO.java:115)
	at com.utils._masterVO.loadExternalServices(_masterVO.java:448)
	at com.utils._masterVO.loadVO(_masterVO.java:81)
	at com.classes.BaseTest.setupReporter(BaseTest.java:85)
	at sun.reflect.NativeMethodAccessorImpl.invoke0(Native Method)
	at sun.reflect.NativeMethodAccessorImpl.invoke(Unknown Source)
	at sun.reflect.DelegatingMethodAccessorImpl.invoke(Unknown Source)
	at java.lang.reflect.Method.invoke(Unknown Source)
	at org.testng.internal.MethodInvocationHelper.invokeMethod(MethodInvocationHelper.java:124)
	at org.testng.internal.MethodInvocationHelper.invokeMethodConsideringTimeout(MethodInvocationHelper.java:59)
	at org.testng.internal.Invoker.invokeConfigurationMethod(Invoker.java:455)
	at org.testng.internal.Invoker.invokeConfigurations(Invoker.java:222)
	at org.testng.internal.Invoker.invokeConfigurations(Invoker.java:142)
	at org.testng.SuiteRunner.privateRun(SuiteRunner.java:401)
	at org.testng.SuiteRunner.run(SuiteRunner.java:364)
	at org.testng.SuiteRunnerWorker.runSuite(SuiteRunnerWorker.java:52)
	at org.testng.SuiteRunnerWorker.run(SuiteRunnerWorker.java:84)
	at org.testng.TestNG.runSuitesSequentially(TestNG.java:1208)
	at org.testng.TestNG.runSuitesLocally(TestNG.java:1137)
	at org.testng.TestNG.runSuites(TestNG.java:1049)
	at org.testng.TestNG.run(TestNG.java:1017)
	at org.testng.remote.AbstractRemoteTestNG.run(AbstractRemoteTestNG.java:115)
	at org.testng.remote.RemoteTestNG.initAndRun(RemoteTestNG.java:251)
	at org.testng.remote.RemoteTestNG.main(RemoteTestNG.java:77)

2022-06-17 14:53:47,630 [main] INFO com.utils.ExcelUtility - java.lang.NullPointerException
	at com.utils.ExcelUtility.getCellData(ExcelUtility.java:311)
	at com.utils._masterVO.loadGatewayCases(_masterVO.java:115)
	at com.utils._masterVO.loadExternalServices(_masterVO.java:448)
	at com.utils._masterVO.loadVO(_masterVO.java:81)
	at com.classes.BaseTest.setupReporter(BaseTest.java:85)
	at sun.reflect.NativeMethodAccessorImpl.invoke0(Native Method)
	at sun.reflect.NativeMethodAccessorImpl.invoke(Unknown Source)
	at sun.reflect.DelegatingMethodAccessorImpl.invoke(Unknown Source)
	at java.lang.reflect.Method.invoke(Unknown Source)
	at org.testng.internal.MethodInvocationHelper.invokeMethod(MethodInvocationHelper.java:124)
	at org.testng.internal.MethodInvocationHelper.invokeMethodConsideringTimeout(MethodInvocationHelper.java:59)
	at org.testng.internal.Invoker.invokeConfigurationMethod(Invoker.java:455)
	at org.testng.internal.Invoker.invokeConfigurations(Invoker.java:222)
	at org.testng.internal.Invoker.invokeConfigurations(Invoker.java:142)
	at org.testng.SuiteRunner.privateRun(SuiteRunner.java:401)
	at org.testng.SuiteRunner.run(SuiteRunner.java:364)
	at org.testng.SuiteRunnerWorker.runSuite(SuiteRunnerWorker.java:52)
	at org.testng.SuiteRunnerWorker.run(SuiteRunnerWorker.java:84)
	at org.testng.TestNG.runSuitesSequentially(TestNG.java:1208)
	at org.testng.TestNG.runSuitesLocally(TestNG.java:1137)
	at org.testng.TestNG.runSuites(TestNG.java:1049)
	at org.testng.TestNG.run(TestNG.java:1017)
	at org.testng.remote.AbstractRemoteTestNG.run(AbstractRemoteTestNG.java:115)
	at org.testng.remote.RemoteTestNG.initAndRun(RemoteTestNG.java:251)
	at org.testng.remote.RemoteTestNG.main(RemoteTestNG.java:77)

2022-06-17 14:53:47,633 [main] INFO com.utils.ExcelUtility - java.lang.NullPointerException
	at com.utils.ExcelUtility.getCellData(ExcelUtility.java:311)
	at com.utils._masterVO.loadGatewayCases(_masterVO.java:115)
	at com.utils._masterVO.loadExternalServices(_masterVO.java:448)
	at com.utils._masterVO.loadVO(_masterVO.java:81)
	at com.classes.BaseTest.setupReporter(BaseTest.java:85)
	at sun.reflect.NativeMethodAccessorImpl.invoke0(Native Method)
	at sun.reflect.NativeMethodAccessorImpl.invoke(Unknown Source)
	at sun.reflect.DelegatingMethodAccessorImpl.invoke(Unknown Source)
	at java.lang.reflect.Method.invoke(Unknown Source)
	at org.testng.internal.MethodInvocationHelper.invokeMethod(MethodInvocationHelper.java:124)
	at org.testng.internal.MethodInvocationHelper.invokeMethodConsideringTimeout(MethodInvocationHelper.java:59)
	at org.testng.internal.Invoker.invokeConfigurationMethod(Invoker.java:455)
	at org.testng.internal.Invoker.invokeConfigurations(Invoker.java:222)
	at org.testng.internal.Invoker.invokeConfigurations(Invoker.java:142)
	at org.testng.SuiteRunner.privateRun(SuiteRunner.java:401)
	at org.testng.SuiteRunner.run(SuiteRunner.java:364)
	at org.testng.SuiteRunnerWorker.runSuite(SuiteRunnerWorker.java:52)
	at org.testng.SuiteRunnerWorker.run(SuiteRunnerWorker.java:84)
	at org.testng.TestNG.runSuitesSequentially(TestNG.java:1208)
	at org.testng.TestNG.runSuitesLocally(TestNG.java:1137)
	at org.testng.TestNG.runSuites(TestNG.java:1049)
	at org.testng.TestNG.run(TestNG.java:1017)
	at org.testng.remote.AbstractRemoteTestNG.run(AbstractRemoteTestNG.java:115)
	at org.testng.remote.RemoteTestNG.initAndRun(RemoteTestNG.java:251)
	at org.testng.remote.RemoteTestNG.main(RemoteTestNG.java:77)

2022-06-17 14:53:47,633 [main] INFO com.utils.ExcelUtility - java.lang.NullPointerException
	at com.utils.ExcelUtility.getCellData(ExcelUtility.java:311)
	at com.utils._masterVO.loadGatewayCases(_masterVO.java:115)
	at com.utils._masterVO.loadExternalServices(_masterVO.java:448)
	at com.utils._masterVO.loadVO(_masterVO.java:81)
	at com.classes.BaseTest.setupReporter(BaseTest.java:85)
	at sun.reflect.NativeMethodAccessorImpl.invoke0(Native Method)
	at sun.reflect.NativeMethodAccessorImpl.invoke(Unknown Source)
	at sun.reflect.DelegatingMethodAccessorImpl.invoke(Unknown Source)
	at java.lang.reflect.Method.invoke(Unknown Source)
	at org.testng.internal.MethodInvocationHelper.invokeMethod(MethodInvocationHelper.java:124)
	at org.testng.internal.MethodInvocationHelper.invokeMethodConsideringTimeout(MethodInvocationHelper.java:59)
	at org.testng.internal.Invoker.invokeConfigurationMethod(Invoker.java:455)
	at org.testng.internal.Invoker.invokeConfigurations(Invoker.java:222)
	at org.testng.internal.Invoker.invokeConfigurations(Invoker.java:142)
	at org.testng.SuiteRunner.privateRun(SuiteRunner.java:401)
	at org.testng.SuiteRunner.run(SuiteRunner.java:364)
	at org.testng.SuiteRunnerWorker.runSuite(SuiteRunnerWorker.java:52)
	at org.testng.SuiteRunnerWorker.run(SuiteRunnerWorker.java:84)
	at org.testng.TestNG.runSuitesSequentially(TestNG.java:1208)
	at org.testng.TestNG.runSuitesLocally(TestNG.java:1137)
	at org.testng.TestNG.runSuites(TestNG.java:1049)
	at org.testng.TestNG.run(TestNG.java:1017)
	at org.testng.remote.AbstractRemoteTestNG.run(AbstractRemoteTestNG.java:115)
	at org.testng.remote.RemoteTestNG.initAndRun(RemoteTestNG.java:251)
	at org.testng.remote.RemoteTestNG.main(RemoteTestNG.java:77)

2022-06-17 14:53:47,634 [main] INFO com.utils.ExcelUtility - java.lang.NullPointerException
	at com.utils.ExcelUtility.getCellData(ExcelUtility.java:311)
	at com.utils._masterVO.loadGatewayCases(_masterVO.java:115)
	at com.utils._masterVO.loadExternalServices(_masterVO.java:448)
	at com.utils._masterVO.loadVO(_masterVO.java:81)
	at com.classes.BaseTest.setupReporter(BaseTest.java:85)
	at sun.reflect.NativeMethodAccessorImpl.invoke0(Native Method)
	at sun.reflect.NativeMethodAccessorImpl.invoke(Unknown Source)
	at sun.reflect.DelegatingMethodAccessorImpl.invoke(Unknown Source)
	at java.lang.reflect.Method.invoke(Unknown Source)
	at org.testng.internal.MethodInvocationHelper.invokeMethod(MethodInvocationHelper.java:124)
	at org.testng.internal.MethodInvocationHelper.invokeMethodConsideringTimeout(MethodInvocationHelper.java:59)
	at org.testng.internal.Invoker.invokeConfigurationMethod(Invoker.java:455)
	at org.testng.internal.Invoker.invokeConfigurations(Invoker.java:222)
	at org.testng.internal.Invoker.invokeConfigurations(Invoker.java:142)
	at org.testng.SuiteRunner.privateRun(SuiteRunner.java:401)
	at org.testng.SuiteRunner.run(SuiteRunner.java:364)
	at org.testng.SuiteRunnerWorker.runSuite(SuiteRunnerWorker.java:52)
	at org.testng.SuiteRunnerWorker.run(SuiteRunnerWorker.java:84)
	at org.testng.TestNG.runSuitesSequentially(TestNG.java:1208)
	at org.testng.TestNG.runSuitesLocally(TestNG.java:1137)
	at org.testng.TestNG.runSuites(TestNG.java:1049)
	at org.testng.TestNG.run(TestNG.java:1017)
	at org.testng.remote.AbstractRemoteTestNG.run(AbstractRemoteTestNG.java:115)
	at org.testng.remote.RemoteTestNG.initAndRun(RemoteTestNG.java:251)
	at org.testng.remote.RemoteTestNG.main(RemoteTestNG.java:77)

2022-06-17 14:53:47,634 [main] INFO com.utils.ExcelUtility - java.lang.NullPointerException
	at com.utils.ExcelUtility.getCellData(ExcelUtility.java:311)
	at com.utils._masterVO.loadGatewayCases(_masterVO.java:115)
	at com.utils._masterVO.loadExternalServices(_masterVO.java:448)
	at com.utils._masterVO.loadVO(_masterVO.java:81)
	at com.classes.BaseTest.setupReporter(BaseTest.java:85)
	at sun.reflect.NativeMethodAccessorImpl.invoke0(Native Method)
	at sun.reflect.NativeMethodAccessorImpl.invoke(Unknown Source)
	at sun.reflect.DelegatingMethodAccessorImpl.invoke(Unknown Source)
	at java.lang.reflect.Method.invoke(Unknown Source)
	at org.testng.internal.MethodInvocationHelper.invokeMethod(MethodInvocationHelper.java:124)
	at org.testng.internal.MethodInvocationHelper.invokeMethodConsideringTimeout(MethodInvocationHelper.java:59)
	at org.testng.internal.Invoker.invokeConfigurationMethod(Invoker.java:455)
	at org.testng.internal.Invoker.invokeConfigurations(Invoker.java:222)
	at org.testng.internal.Invoker.invokeConfigurations(Invoker.java:142)
	at org.testng.SuiteRunner.privateRun(SuiteRunner.java:401)
	at org.testng.SuiteRunner.run(SuiteRunner.java:364)
	at org.testng.SuiteRunnerWorker.runSuite(SuiteRunnerWorker.java:52)
	at org.testng.SuiteRunnerWorker.run(SuiteRunnerWorker.java:84)
	at org.testng.TestNG.runSuitesSequentially(TestNG.java:1208)
	at org.testng.TestNG.runSuitesLocally(TestNG.java:1137)
	at org.testng.TestNG.runSuites(TestNG.java:1049)
	at org.testng.TestNG.run(TestNG.java:1017)
	at org.testng.remote.AbstractRemoteTestNG.run(AbstractRemoteTestNG.java:115)
	at org.testng.remote.RemoteTestNG.initAndRun(RemoteTestNG.java:251)
	at org.testng.remote.RemoteTestNG.main(RemoteTestNG.java:77)

2022-06-17 14:53:47,660 [main] INFO com.utils.ExcelUtility - java.lang.NullPointerException
	at com.utils.ExcelUtility.getCellData(ExcelUtility.java:311)
	at com.utils._masterVO.loadGatewayCases(_masterVO.java:115)
	at com.utils._masterVO.loadExternalServices(_masterVO.java:448)
	at com.utils._masterVO.loadVO(_masterVO.java:81)
	at com.classes.BaseTest.setupReporter(BaseTest.java:85)
	at sun.reflect.NativeMethodAccessorImpl.invoke0(Native Method)
	at sun.reflect.NativeMethodAccessorImpl.invoke(Unknown Source)
	at sun.reflect.DelegatingMethodAccessorImpl.invoke(Unknown Source)
	at java.lang.reflect.Method.invoke(Unknown Source)
	at org.testng.internal.MethodInvocationHelper.invokeMethod(MethodInvocationHelper.java:124)
	at org.testng.internal.MethodInvocationHelper.invokeMethodConsideringTimeout(MethodInvocationHelper.java:59)
	at org.testng.internal.Invoker.invokeConfigurationMethod(Invoker.java:455)
	at org.testng.internal.Invoker.invokeConfigurations(Invoker.java:222)
	at org.testng.internal.Invoker.invokeConfigurations(Invoker.java:142)
	at org.testng.SuiteRunner.privateRun(SuiteRunner.java:401)
	at org.testng.SuiteRunner.run(SuiteRunner.java:364)
	at org.testng.SuiteRunnerWorker.runSuite(SuiteRunnerWorker.java:52)
	at org.testng.SuiteRunnerWorker.run(SuiteRunnerWorker.java:84)
	at org.testng.TestNG.runSuitesSequentially(TestNG.java:1208)
	at org.testng.TestNG.runSuitesLocally(TestNG.java:1137)
	at org.testng.TestNG.runSuites(TestNG.java:1049)
	at org.testng.TestNG.run(TestNG.java:1017)
	at org.testng.remote.AbstractRemoteTestNG.run(AbstractRemoteTestNG.java:115)
	at org.testng.remote.RemoteTestNG.initAndRun(RemoteTestNG.java:251)
	at org.testng.remote.RemoteTestNG.main(RemoteTestNG.java:77)

2022-06-17 14:53:47,660 [main] INFO com.utils.ExcelUtility - java.lang.NullPointerException
	at com.utils.ExcelUtility.getCellData(ExcelUtility.java:311)
	at com.utils._masterVO.loadGatewayCases(_masterVO.java:115)
	at com.utils._masterVO.loadExternalServices(_masterVO.java:448)
	at com.utils._masterVO.loadVO(_masterVO.java:81)
	at com.classes.BaseTest.setupReporter(BaseTest.java:85)
	at sun.reflect.NativeMethodAccessorImpl.invoke0(Native Method)
	at sun.reflect.NativeMethodAccessorImpl.invoke(Unknown Source)
	at sun.reflect.DelegatingMethodAccessorImpl.invoke(Unknown Source)
	at java.lang.reflect.Method.invoke(Unknown Source)
	at org.testng.internal.MethodInvocationHelper.invokeMethod(MethodInvocationHelper.java:124)
	at org.testng.internal.MethodInvocationHelper.invokeMethodConsideringTimeout(MethodInvocationHelper.java:59)
	at org.testng.internal.Invoker.invokeConfigurationMethod(Invoker.java:455)
	at org.testng.internal.Invoker.invokeConfigurations(Invoker.java:222)
	at org.testng.internal.Invoker.invokeConfigurations(Invoker.java:142)
	at org.testng.SuiteRunner.privateRun(SuiteRunner.java:401)
	at org.testng.SuiteRunner.run(SuiteRunner.java:364)
	at org.testng.SuiteRunnerWorker.runSuite(SuiteRunnerWorker.java:52)
	at org.testng.SuiteRunnerWorker.run(SuiteRunnerWorker.java:84)
	at org.testng.TestNG.runSuitesSequentially(TestNG.java:1208)
	at org.testng.TestNG.runSuitesLocally(TestNG.java:1137)
	at org.testng.TestNG.runSuites(TestNG.java:1049)
	at org.testng.TestNG.run(TestNG.java:1017)
	at org.testng.remote.AbstractRemoteTestNG.run(AbstractRemoteTestNG.java:115)
	at org.testng.remote.RemoteTestNG.initAndRun(RemoteTestNG.java:251)
	at org.testng.remote.RemoteTestNG.main(RemoteTestNG.java:77)

2022-06-17 14:53:47,663 [main] INFO com.utils.ExcelUtility - java.lang.NullPointerException
	at com.utils.ExcelUtility.getCellData(ExcelUtility.java:311)
	at com.utils._masterVO.loadGatewayCases(_masterVO.java:115)
	at com.utils._masterVO.loadExternalServices(_masterVO.java:448)
	at com.utils._masterVO.loadVO(_masterVO.java:81)
	at com.classes.BaseTest.setupReporter(BaseTest.java:85)
	at sun.reflect.NativeMethodAccessorImpl.invoke0(Native Method)
	at sun.reflect.NativeMethodAccessorImpl.invoke(Unknown Source)
	at sun.reflect.DelegatingMethodAccessorImpl.invoke(Unknown Source)
	at java.lang.reflect.Method.invoke(Unknown Source)
	at org.testng.internal.MethodInvocationHelper.invokeMethod(MethodInvocationHelper.java:124)
	at org.testng.internal.MethodInvocationHelper.invokeMethodConsideringTimeout(MethodInvocationHelper.java:59)
	at org.testng.internal.Invoker.invokeConfigurationMethod(Invoker.java:455)
	at org.testng.internal.Invoker.invokeConfigurations(Invoker.java:222)
	at org.testng.internal.Invoker.invokeConfigurations(Invoker.java:142)
	at org.testng.SuiteRunner.privateRun(SuiteRunner.java:401)
	at org.testng.SuiteRunner.run(SuiteRunner.java:364)
	at org.testng.SuiteRunnerWorker.runSuite(SuiteRunnerWorker.java:52)
	at org.testng.SuiteRunnerWorker.run(SuiteRunnerWorker.java:84)
	at org.testng.TestNG.runSuitesSequentially(TestNG.java:1208)
	at org.testng.TestNG.runSuitesLocally(TestNG.java:1137)
	at org.testng.TestNG.runSuites(TestNG.java:1049)
	at org.testng.TestNG.run(TestNG.java:1017)
	at org.testng.remote.AbstractRemoteTestNG.run(AbstractRemoteTestNG.java:115)
	at org.testng.remote.RemoteTestNG.initAndRun(RemoteTestNG.java:251)
	at org.testng.remote.RemoteTestNG.main(RemoteTestNG.java:77)

2022-06-17 14:53:47,664 [main] INFO com.utils.ExcelUtility - java.lang.NullPointerException
	at com.utils.ExcelUtility.getCellData(ExcelUtility.java:311)
	at com.utils._masterVO.loadGatewayCases(_masterVO.java:115)
	at com.utils._masterVO.loadExternalServices(_masterVO.java:448)
	at com.utils._masterVO.loadVO(_masterVO.java:81)
	at com.classes.BaseTest.setupReporter(BaseTest.java:85)
	at sun.reflect.NativeMethodAccessorImpl.invoke0(Native Method)
	at sun.reflect.NativeMethodAccessorImpl.invoke(Unknown Source)
	at sun.reflect.DelegatingMethodAccessorImpl.invoke(Unknown Source)
	at java.lang.reflect.Method.invoke(Unknown Source)
	at org.testng.internal.MethodInvocationHelper.invokeMethod(MethodInvocationHelper.java:124)
	at org.testng.internal.MethodInvocationHelper.invokeMethodConsideringTimeout(MethodInvocationHelper.java:59)
	at org.testng.internal.Invoker.invokeConfigurationMethod(Invoker.java:455)
	at org.testng.internal.Invoker.invokeConfigurations(Invoker.java:222)
	at org.testng.internal.Invoker.invokeConfigurations(Invoker.java:142)
	at org.testng.SuiteRunner.privateRun(SuiteRunner.java:401)
	at org.testng.SuiteRunner.run(SuiteRunner.java:364)
	at org.testng.SuiteRunnerWorker.runSuite(SuiteRunnerWorker.java:52)
	at org.testng.SuiteRunnerWorker.run(SuiteRunnerWorker.java:84)
	at org.testng.TestNG.runSuitesSequentially(TestNG.java:1208)
	at org.testng.TestNG.runSuitesLocally(TestNG.java:1137)
	at org.testng.TestNG.runSuites(TestNG.java:1049)
	at org.testng.TestNG.run(TestNG.java:1017)
	at org.testng.remote.AbstractRemoteTestNG.run(AbstractRemoteTestNG.java:115)
	at org.testng.remote.RemoteTestNG.initAndRun(RemoteTestNG.java:251)
	at org.testng.remote.RemoteTestNG.main(RemoteTestNG.java:77)

2022-06-17 14:53:47,665 [main] INFO com.utils.ExcelUtility - java.lang.NullPointerException
	at com.utils.ExcelUtility.getCellData(ExcelUtility.java:311)
	at com.utils._masterVO.loadGatewayCases(_masterVO.java:115)
	at com.utils._masterVO.loadExternalServices(_masterVO.java:448)
	at com.utils._masterVO.loadVO(_masterVO.java:81)
	at com.classes.BaseTest.setupReporter(BaseTest.java:85)
	at sun.reflect.NativeMethodAccessorImpl.invoke0(Native Method)
	at sun.reflect.NativeMethodAccessorImpl.invoke(Unknown Source)
	at sun.reflect.DelegatingMethodAccessorImpl.invoke(Unknown Source)
	at java.lang.reflect.Method.invoke(Unknown Source)
	at org.testng.internal.MethodInvocationHelper.invokeMethod(MethodInvocationHelper.java:124)
	at org.testng.internal.MethodInvocationHelper.invokeMethodConsideringTimeout(MethodInvocationHelper.java:59)
	at org.testng.internal.Invoker.invokeConfigurationMethod(Invoker.java:455)
	at org.testng.internal.Invoker.invokeConfigurations(Invoker.java:222)
	at org.testng.internal.Invoker.invokeConfigurations(Invoker.java:142)
	at org.testng.SuiteRunner.privateRun(SuiteRunner.java:401)
	at org.testng.SuiteRunner.run(SuiteRunner.java:364)
	at org.testng.SuiteRunnerWorker.runSuite(SuiteRunnerWorker.java:52)
	at org.testng.SuiteRunnerWorker.run(SuiteRunnerWorker.java:84)
	at org.testng.TestNG.runSuitesSequentially(TestNG.java:1208)
	at org.testng.TestNG.runSuitesLocally(TestNG.java:1137)
	at org.testng.TestNG.runSuites(TestNG.java:1049)
	at org.testng.TestNG.run(TestNG.java:1017)
	at org.testng.remote.AbstractRemoteTestNG.run(AbstractRemoteTestNG.java:115)
	at org.testng.remote.RemoteTestNG.initAndRun(RemoteTestNG.java:251)
	at org.testng.remote.RemoteTestNG.main(RemoteTestNG.java:77)

2022-06-17 14:53:47,665 [main] INFO com.utils.ExcelUtility - java.lang.NullPointerException
	at com.utils.ExcelUtility.getCellData(ExcelUtility.java:311)
	at com.utils._masterVO.loadGatewayCases(_masterVO.java:115)
	at com.utils._masterVO.loadExternalServices(_masterVO.java:448)
	at com.utils._masterVO.loadVO(_masterVO.java:81)
	at com.classes.BaseTest.setupReporter(BaseTest.java:85)
	at sun.reflect.NativeMethodAccessorImpl.invoke0(Native Method)
	at sun.reflect.NativeMethodAccessorImpl.invoke(Unknown Source)
	at sun.reflect.DelegatingMethodAccessorImpl.invoke(Unknown Source)
	at java.lang.reflect.Method.invoke(Unknown Source)
	at org.testng.internal.MethodInvocationHelper.invokeMethod(MethodInvocationHelper.java:124)
	at org.testng.internal.MethodInvocationHelper.invokeMethodConsideringTimeout(MethodInvocationHelper.java:59)
	at org.testng.internal.Invoker.invokeConfigurationMethod(Invoker.java:455)
	at org.testng.internal.Invoker.invokeConfigurations(Invoker.java:222)
	at org.testng.internal.Invoker.invokeConfigurations(Invoker.java:142)
	at org.testng.SuiteRunner.privateRun(SuiteRunner.java:401)
	at org.testng.SuiteRunner.run(SuiteRunner.java:364)
	at org.testng.SuiteRunnerWorker.runSuite(SuiteRunnerWorker.java:52)
	at org.testng.SuiteRunnerWorker.run(SuiteRunnerWorker.java:84)
	at org.testng.TestNG.runSuitesSequentially(TestNG.java:1208)
	at org.testng.TestNG.runSuitesLocally(TestNG.java:1137)
	at org.testng.TestNG.runSuites(TestNG.java:1049)
	at org.testng.TestNG.run(TestNG.java:1017)
	at org.testng.remote.AbstractRemoteTestNG.run(AbstractRemoteTestNG.java:115)
	at org.testng.remote.RemoteTestNG.initAndRun(RemoteTestNG.java:251)
	at org.testng.remote.RemoteTestNG.main(RemoteTestNG.java:77)

2022-06-17 14:53:47,665 [main] INFO com.utils.ExcelUtility - java.lang.NullPointerException
	at com.utils.ExcelUtility.getCellData(ExcelUtility.java:311)
	at com.utils._masterVO.loadGatewayCases(_masterVO.java:115)
	at com.utils._masterVO.loadExternalServices(_masterVO.java:448)
	at com.utils._masterVO.loadVO(_masterVO.java:81)
	at com.classes.BaseTest.setupReporter(BaseTest.java:85)
	at sun.reflect.NativeMethodAccessorImpl.invoke0(Native Method)
	at sun.reflect.NativeMethodAccessorImpl.invoke(Unknown Source)
	at sun.reflect.DelegatingMethodAccessorImpl.invoke(Unknown Source)
	at java.lang.reflect.Method.invoke(Unknown Source)
	at org.testng.internal.MethodInvocationHelper.invokeMethod(MethodInvocationHelper.java:124)
	at org.testng.internal.MethodInvocationHelper.invokeMethodConsideringTimeout(MethodInvocationHelper.java:59)
	at org.testng.internal.Invoker.invokeConfigurationMethod(Invoker.java:455)
	at org.testng.internal.Invoker.invokeConfigurations(Invoker.java:222)
	at org.testng.internal.Invoker.invokeConfigurations(Invoker.java:142)
	at org.testng.SuiteRunner.privateRun(SuiteRunner.java:401)
	at org.testng.SuiteRunner.run(SuiteRunner.java:364)
	at org.testng.SuiteRunnerWorker.runSuite(SuiteRunnerWorker.java:52)
	at org.testng.SuiteRunnerWorker.run(SuiteRunnerWorker.java:84)
	at org.testng.TestNG.runSuitesSequentially(TestNG.java:1208)
	at org.testng.TestNG.runSuitesLocally(TestNG.java:1137)
	at org.testng.TestNG.runSuites(TestNG.java:1049)
	at org.testng.TestNG.run(TestNG.java:1017)
	at org.testng.remote.AbstractRemoteTestNG.run(AbstractRemoteTestNG.java:115)
	at org.testng.remote.RemoteTestNG.initAndRun(RemoteTestNG.java:251)
	at org.testng.remote.RemoteTestNG.main(RemoteTestNG.java:77)

2022-06-17 14:53:47,666 [main] INFO com.utils.ExcelUtility - java.lang.NullPointerException
	at com.utils.ExcelUtility.getCellData(ExcelUtility.java:311)
	at com.utils._masterVO.loadGatewayCases(_masterVO.java:115)
	at com.utils._masterVO.loadExternalServices(_masterVO.java:448)
	at com.utils._masterVO.loadVO(_masterVO.java:81)
	at com.classes.BaseTest.setupReporter(BaseTest.java:85)
	at sun.reflect.NativeMethodAccessorImpl.invoke0(Native Method)
	at sun.reflect.NativeMethodAccessorImpl.invoke(Unknown Source)
	at sun.reflect.DelegatingMethodAccessorImpl.invoke(Unknown Source)
	at java.lang.reflect.Method.invoke(Unknown Source)
	at org.testng.internal.MethodInvocationHelper.invokeMethod(MethodInvocationHelper.java:124)
	at org.testng.internal.MethodInvocationHelper.invokeMethodConsideringTimeout(MethodInvocationHelper.java:59)
	at org.testng.internal.Invoker.invokeConfigurationMethod(Invoker.java:455)
	at org.testng.internal.Invoker.invokeConfigurations(Invoker.java:222)
	at org.testng.internal.Invoker.invokeConfigurations(Invoker.java:142)
	at org.testng.SuiteRunner.privateRun(SuiteRunner.java:401)
	at org.testng.SuiteRunner.run(SuiteRunner.java:364)
	at org.testng.SuiteRunnerWorker.runSuite(SuiteRunnerWorker.java:52)
	at org.testng.SuiteRunnerWorker.run(SuiteRunnerWorker.java:84)
	at org.testng.TestNG.runSuitesSequentially(TestNG.java:1208)
	at org.testng.TestNG.runSuitesLocally(TestNG.java:1137)
	at org.testng.TestNG.runSuites(TestNG.java:1049)
	at org.testng.TestNG.run(TestNG.java:1017)
	at org.testng.remote.AbstractRemoteTestNG.run(AbstractRemoteTestNG.java:115)
	at org.testng.remote.RemoteTestNG.initAndRun(RemoteTestNG.java:251)
	at org.testng.remote.RemoteTestNG.main(RemoteTestNG.java:77)

2022-06-17 14:53:47,666 [main] INFO com.utils.ExcelUtility - java.lang.NullPointerException
	at com.utils.ExcelUtility.getCellData(ExcelUtility.java:311)
	at com.utils._masterVO.loadGatewayCases(_masterVO.java:115)
	at com.utils._masterVO.loadExternalServices(_masterVO.java:448)
	at com.utils._masterVO.loadVO(_masterVO.java:81)
	at com.classes.BaseTest.setupReporter(BaseTest.java:85)
	at sun.reflect.NativeMethodAccessorImpl.invoke0(Native Method)
	at sun.reflect.NativeMethodAccessorImpl.invoke(Unknown Source)
	at sun.reflect.DelegatingMethodAccessorImpl.invoke(Unknown Source)
	at java.lang.reflect.Method.invoke(Unknown Source)
	at org.testng.internal.MethodInvocationHelper.invokeMethod(MethodInvocationHelper.java:124)
	at org.testng.internal.MethodInvocationHelper.invokeMethodConsideringTimeout(MethodInvocationHelper.java:59)
	at org.testng.internal.Invoker.invokeConfigurationMethod(Invoker.java:455)
	at org.testng.internal.Invoker.invokeConfigurations(Invoker.java:222)
	at org.testng.internal.Invoker.invokeConfigurations(Invoker.java:142)
	at org.testng.SuiteRunner.privateRun(SuiteRunner.java:401)
	at org.testng.SuiteRunner.run(SuiteRunner.java:364)
	at org.testng.SuiteRunnerWorker.runSuite(SuiteRunnerWorker.java:52)
	at org.testng.SuiteRunnerWorker.run(SuiteRunnerWorker.java:84)
	at org.testng.TestNG.runSuitesSequentially(TestNG.java:1208)
	at org.testng.TestNG.runSuitesLocally(TestNG.java:1137)
	at org.testng.TestNG.runSuites(TestNG.java:1049)
	at org.testng.TestNG.run(TestNG.java:1017)
	at org.testng.remote.AbstractRemoteTestNG.run(AbstractRemoteTestNG.java:115)
	at org.testng.remote.RemoteTestNG.initAndRun(RemoteTestNG.java:251)
	at org.testng.remote.RemoteTestNG.main(RemoteTestNG.java:77)

2022-06-17 14:53:47,666 [main] INFO com.utils.ExcelUtility - java.lang.NullPointerException
	at com.utils.ExcelUtility.getCellData(ExcelUtility.java:311)
	at com.utils._masterVO.loadGatewayCases(_masterVO.java:115)
	at com.utils._masterVO.loadExternalServices(_masterVO.java:448)
	at com.utils._masterVO.loadVO(_masterVO.java:81)
	at com.classes.BaseTest.setupReporter(BaseTest.java:85)
	at sun.reflect.NativeMethodAccessorImpl.invoke0(Native Method)
	at sun.reflect.NativeMethodAccessorImpl.invoke(Unknown Source)
	at sun.reflect.DelegatingMethodAccessorImpl.invoke(Unknown Source)
	at java.lang.reflect.Method.invoke(Unknown Source)
	at org.testng.internal.MethodInvocationHelper.invokeMethod(MethodInvocationHelper.java:124)
	at org.testng.internal.MethodInvocationHelper.invokeMethodConsideringTimeout(MethodInvocationHelper.java:59)
	at org.testng.internal.Invoker.invokeConfigurationMethod(Invoker.java:455)
	at org.testng.internal.Invoker.invokeConfigurations(Invoker.java:222)
	at org.testng.internal.Invoker.invokeConfigurations(Invoker.java:142)
	at org.testng.SuiteRunner.privateRun(SuiteRunner.java:401)
	at org.testng.SuiteRunner.run(SuiteRunner.java:364)
	at org.testng.SuiteRunnerWorker.runSuite(SuiteRunnerWorker.java:52)
	at org.testng.SuiteRunnerWorker.run(SuiteRunnerWorker.java:84)
	at org.testng.TestNG.runSuitesSequentially(TestNG.java:1208)
	at org.testng.TestNG.runSuitesLocally(TestNG.java:1137)
	at org.testng.TestNG.runSuites(TestNG.java:1049)
	at org.testng.TestNG.run(TestNG.java:1017)
	at org.testng.remote.AbstractRemoteTestNG.run(AbstractRemoteTestNG.java:115)
	at org.testng.remote.RemoteTestNG.initAndRun(RemoteTestNG.java:251)
	at org.testng.remote.RemoteTestNG.main(RemoteTestNG.java:77)

2022-06-17 14:53:47,666 [main] INFO com.utils.ExcelUtility - java.lang.NullPointerException
	at com.utils.ExcelUtility.getCellData(ExcelUtility.java:311)
	at com.utils._masterVO.loadGatewayCases(_masterVO.java:115)
	at com.utils._masterVO.loadExternalServices(_masterVO.java:448)
	at com.utils._masterVO.loadVO(_masterVO.java:81)
	at com.classes.BaseTest.setupReporter(BaseTest.java:85)
	at sun.reflect.NativeMethodAccessorImpl.invoke0(Native Method)
	at sun.reflect.NativeMethodAccessorImpl.invoke(Unknown Source)
	at sun.reflect.DelegatingMethodAccessorImpl.invoke(Unknown Source)
	at java.lang.reflect.Method.invoke(Unknown Source)
	at org.testng.internal.MethodInvocationHelper.invokeMethod(MethodInvocationHelper.java:124)
	at org.testng.internal.MethodInvocationHelper.invokeMethodConsideringTimeout(MethodInvocationHelper.java:59)
	at org.testng.internal.Invoker.invokeConfigurationMethod(Invoker.java:455)
	at org.testng.internal.Invoker.invokeConfigurations(Invoker.java:222)
	at org.testng.internal.Invoker.invokeConfigurations(Invoker.java:142)
	at org.testng.SuiteRunner.privateRun(SuiteRunner.java:401)
	at org.testng.SuiteRunner.run(SuiteRunner.java:364)
	at org.testng.SuiteRunnerWorker.runSuite(SuiteRunnerWorker.java:52)
	at org.testng.SuiteRunnerWorker.run(SuiteRunnerWorker.java:84)
	at org.testng.TestNG.runSuitesSequentially(TestNG.java:1208)
	at org.testng.TestNG.runSuitesLocally(TestNG.java:1137)
	at org.testng.TestNG.runSuites(TestNG.java:1049)
	at org.testng.TestNG.run(TestNG.java:1017)
	at org.testng.remote.AbstractRemoteTestNG.run(AbstractRemoteTestNG.java:115)
	at org.testng.remote.RemoteTestNG.initAndRun(RemoteTestNG.java:251)
	at org.testng.remote.RemoteTestNG.main(RemoteTestNG.java:77)

2022-06-17 14:53:47,667 [main] INFO com.utils.ExcelUtility - java.lang.NullPointerException
	at com.utils.ExcelUtility.getCellData(ExcelUtility.java:311)
	at com.utils._masterVO.loadGatewayCases(_masterVO.java:115)
	at com.utils._masterVO.loadExternalServices(_masterVO.java:448)
	at com.utils._masterVO.loadVO(_masterVO.java:81)
	at com.classes.BaseTest.setupReporter(BaseTest.java:85)
	at sun.reflect.NativeMethodAccessorImpl.invoke0(Native Method)
	at sun.reflect.NativeMethodAccessorImpl.invoke(Unknown Source)
	at sun.reflect.DelegatingMethodAccessorImpl.invoke(Unknown Source)
	at java.lang.reflect.Method.invoke(Unknown Source)
	at org.testng.internal.MethodInvocationHelper.invokeMethod(MethodInvocationHelper.java:124)
	at org.testng.internal.MethodInvocationHelper.invokeMethodConsideringTimeout(MethodInvocationHelper.java:59)
	at org.testng.internal.Invoker.invokeConfigurationMethod(Invoker.java:455)
	at org.testng.internal.Invoker.invokeConfigurations(Invoker.java:222)
	at org.testng.internal.Invoker.invokeConfigurations(Invoker.java:142)
	at org.testng.SuiteRunner.privateRun(SuiteRunner.java:401)
	at org.testng.SuiteRunner.run(SuiteRunner.java:364)
	at org.testng.SuiteRunnerWorker.runSuite(SuiteRunnerWorker.java:52)
	at org.testng.SuiteRunnerWorker.run(SuiteRunnerWorker.java:84)
	at org.testng.TestNG.runSuitesSequentially(TestNG.java:1208)
	at org.testng.TestNG.runSuitesLocally(TestNG.java:1137)
	at org.testng.TestNG.runSuites(TestNG.java:1049)
	at org.testng.TestNG.run(TestNG.java:1017)
	at org.testng.remote.AbstractRemoteTestNG.run(AbstractRemoteTestNG.java:115)
	at org.testng.remote.RemoteTestNG.initAndRun(RemoteTestNG.java:251)
	at org.testng.remote.RemoteTestNG.main(RemoteTestNG.java:77)

2022-06-17 14:53:47,667 [main] INFO com.utils.ExcelUtility - java.lang.NullPointerException
	at com.utils.ExcelUtility.getCellData(ExcelUtility.java:311)
	at com.utils._masterVO.loadGatewayCases(_masterVO.java:115)
	at com.utils._masterVO.loadExternalServices(_masterVO.java:448)
	at com.utils._masterVO.loadVO(_masterVO.java:81)
	at com.classes.BaseTest.setupReporter(BaseTest.java:85)
	at sun.reflect.NativeMethodAccessorImpl.invoke0(Native Method)
	at sun.reflect.NativeMethodAccessorImpl.invoke(Unknown Source)
	at sun.reflect.DelegatingMethodAccessorImpl.invoke(Unknown Source)
	at java.lang.reflect.Method.invoke(Unknown Source)
	at org.testng.internal.MethodInvocationHelper.invokeMethod(MethodInvocationHelper.java:124)
	at org.testng.internal.MethodInvocationHelper.invokeMethodConsideringTimeout(MethodInvocationHelper.java:59)
	at org.testng.internal.Invoker.invokeConfigurationMethod(Invoker.java:455)
	at org.testng.internal.Invoker.invokeConfigurations(Invoker.java:222)
	at org.testng.internal.Invoker.invokeConfigurations(Invoker.java:142)
	at org.testng.SuiteRunner.privateRun(SuiteRunner.java:401)
	at org.testng.SuiteRunner.run(SuiteRunner.java:364)
	at org.testng.SuiteRunnerWorker.runSuite(SuiteRunnerWorker.java:52)
	at org.testng.SuiteRunnerWorker.run(SuiteRunnerWorker.java:84)
	at org.testng.TestNG.runSuitesSequentially(TestNG.java:1208)
	at org.testng.TestNG.runSuitesLocally(TestNG.java:1137)
	at org.testng.TestNG.runSuites(TestNG.java:1049)
	at org.testng.TestNG.run(TestNG.java:1017)
	at org.testng.remote.AbstractRemoteTestNG.run(AbstractRemoteTestNG.java:115)
	at org.testng.remote.RemoteTestNG.initAndRun(RemoteTestNG.java:251)
	at org.testng.remote.RemoteTestNG.main(RemoteTestNG.java:77)

2022-06-17 14:53:47,667 [main] INFO com.utils.ExcelUtility - java.lang.NullPointerException
	at com.utils.ExcelUtility.getCellData(ExcelUtility.java:311)
	at com.utils._masterVO.loadGatewayCases(_masterVO.java:115)
	at com.utils._masterVO.loadExternalServices(_masterVO.java:448)
	at com.utils._masterVO.loadVO(_masterVO.java:81)
	at com.classes.BaseTest.setupReporter(BaseTest.java:85)
	at sun.reflect.NativeMethodAccessorImpl.invoke0(Native Method)
	at sun.reflect.NativeMethodAccessorImpl.invoke(Unknown Source)
	at sun.reflect.DelegatingMethodAccessorImpl.invoke(Unknown Source)
	at java.lang.reflect.Method.invoke(Unknown Source)
	at org.testng.internal.MethodInvocationHelper.invokeMethod(MethodInvocationHelper.java:124)
	at org.testng.internal.MethodInvocationHelper.invokeMethodConsideringTimeout(MethodInvocationHelper.java:59)
	at org.testng.internal.Invoker.invokeConfigurationMethod(Invoker.java:455)
	at org.testng.internal.Invoker.invokeConfigurations(Invoker.java:222)
	at org.testng.internal.Invoker.invokeConfigurations(Invoker.java:142)
	at org.testng.SuiteRunner.privateRun(SuiteRunner.java:401)
	at org.testng.SuiteRunner.run(SuiteRunner.java:364)
	at org.testng.SuiteRunnerWorker.runSuite(SuiteRunnerWorker.java:52)
	at org.testng.SuiteRunnerWorker.run(SuiteRunnerWorker.java:84)
	at org.testng.TestNG.runSuitesSequentially(TestNG.java:1208)
	at org.testng.TestNG.runSuitesLocally(TestNG.java:1137)
	at org.testng.TestNG.runSuites(TestNG.java:1049)
	at org.testng.TestNG.run(TestNG.java:1017)
	at org.testng.remote.AbstractRemoteTestNG.run(AbstractRemoteTestNG.java:115)
	at org.testng.remote.RemoteTestNG.initAndRun(RemoteTestNG.java:251)
	at org.testng.remote.RemoteTestNG.main(RemoteTestNG.java:77)

2022-06-17 14:53:47,667 [main] INFO com.utils.ExcelUtility - java.lang.NullPointerException
	at com.utils.ExcelUtility.getCellData(ExcelUtility.java:311)
	at com.utils._masterVO.loadGatewayCases(_masterVO.java:115)
	at com.utils._masterVO.loadExternalServices(_masterVO.java:448)
	at com.utils._masterVO.loadVO(_masterVO.java:81)
	at com.classes.BaseTest.setupReporter(BaseTest.java:85)
	at sun.reflect.NativeMethodAccessorImpl.invoke0(Native Method)
	at sun.reflect.NativeMethodAccessorImpl.invoke(Unknown Source)
	at sun.reflect.DelegatingMethodAccessorImpl.invoke(Unknown Source)
	at java.lang.reflect.Method.invoke(Unknown Source)
	at org.testng.internal.MethodInvocationHelper.invokeMethod(MethodInvocationHelper.java:124)
	at org.testng.internal.MethodInvocationHelper.invokeMethodConsideringTimeout(MethodInvocationHelper.java:59)
	at org.testng.internal.Invoker.invokeConfigurationMethod(Invoker.java:455)
	at org.testng.internal.Invoker.invokeConfigurations(Invoker.java:222)
	at org.testng.internal.Invoker.invokeConfigurations(Invoker.java:142)
	at org.testng.SuiteRunner.privateRun(SuiteRunner.java:401)
	at org.testng.SuiteRunner.run(SuiteRunner.java:364)
	at org.testng.SuiteRunnerWorker.runSuite(SuiteRunnerWorker.java:52)
	at org.testng.SuiteRunnerWorker.run(SuiteRunnerWorker.java:84)
	at org.testng.TestNG.runSuitesSequentially(TestNG.java:1208)
	at org.testng.TestNG.runSuitesLocally(TestNG.java:1137)
	at org.testng.TestNG.runSuites(TestNG.java:1049)
	at org.testng.TestNG.run(TestNG.java:1017)
	at org.testng.remote.AbstractRemoteTestNG.run(AbstractRemoteTestNG.java:115)
	at org.testng.remote.RemoteTestNG.initAndRun(RemoteTestNG.java:251)
	at org.testng.remote.RemoteTestNG.main(RemoteTestNG.java:77)

2022-06-17 14:53:47,668 [main] INFO com.utils.ExcelUtility - java.lang.NullPointerException
	at com.utils.ExcelUtility.getCellData(ExcelUtility.java:311)
	at com.utils._masterVO.loadGatewayCases(_masterVO.java:115)
	at com.utils._masterVO.loadExternalServices(_masterVO.java:448)
	at com.utils._masterVO.loadVO(_masterVO.java:81)
	at com.classes.BaseTest.setupReporter(BaseTest.java:85)
	at sun.reflect.NativeMethodAccessorImpl.invoke0(Native Method)
	at sun.reflect.NativeMethodAccessorImpl.invoke(Unknown Source)
	at sun.reflect.DelegatingMethodAccessorImpl.invoke(Unknown Source)
	at java.lang.reflect.Method.invoke(Unknown Source)
	at org.testng.internal.MethodInvocationHelper.invokeMethod(MethodInvocationHelper.java:124)
	at org.testng.internal.MethodInvocationHelper.invokeMethodConsideringTimeout(MethodInvocationHelper.java:59)
	at org.testng.internal.Invoker.invokeConfigurationMethod(Invoker.java:455)
	at org.testng.internal.Invoker.invokeConfigurations(Invoker.java:222)
	at org.testng.internal.Invoker.invokeConfigurations(Invoker.java:142)
	at org.testng.SuiteRunner.privateRun(SuiteRunner.java:401)
	at org.testng.SuiteRunner.run(SuiteRunner.java:364)
	at org.testng.SuiteRunnerWorker.runSuite(SuiteRunnerWorker.java:52)
	at org.testng.SuiteRunnerWorker.run(SuiteRunnerWorker.java:84)
	at org.testng.TestNG.runSuitesSequentially(TestNG.java:1208)
	at org.testng.TestNG.runSuitesLocally(TestNG.java:1137)
	at org.testng.TestNG.runSuites(TestNG.java:1049)
	at org.testng.TestNG.run(TestNG.java:1017)
	at org.testng.remote.AbstractRemoteTestNG.run(AbstractRemoteTestNG.java:115)
	at org.testng.remote.RemoteTestNG.initAndRun(RemoteTestNG.java:251)
	at org.testng.remote.RemoteTestNG.main(RemoteTestNG.java:77)

2022-06-17 14:53:47,668 [main] INFO com.utils.ExcelUtility - java.lang.NullPointerException
	at com.utils.ExcelUtility.getCellData(ExcelUtility.java:311)
	at com.utils._masterVO.loadGatewayCases(_masterVO.java:115)
	at com.utils._masterVO.loadExternalServices(_masterVO.java:448)
	at com.utils._masterVO.loadVO(_masterVO.java:81)
	at com.classes.BaseTest.setupReporter(BaseTest.java:85)
	at sun.reflect.NativeMethodAccessorImpl.invoke0(Native Method)
	at sun.reflect.NativeMethodAccessorImpl.invoke(Unknown Source)
	at sun.reflect.DelegatingMethodAccessorImpl.invoke(Unknown Source)
	at java.lang.reflect.Method.invoke(Unknown Source)
	at org.testng.internal.MethodInvocationHelper.invokeMethod(MethodInvocationHelper.java:124)
	at org.testng.internal.MethodInvocationHelper.invokeMethodConsideringTimeout(MethodInvocationHelper.java:59)
	at org.testng.internal.Invoker.invokeConfigurationMethod(Invoker.java:455)
	at org.testng.internal.Invoker.invokeConfigurations(Invoker.java:222)
	at org.testng.internal.Invoker.invokeConfigurations(Invoker.java:142)
	at org.testng.SuiteRunner.privateRun(SuiteRunner.java:401)
	at org.testng.SuiteRunner.run(SuiteRunner.java:364)
	at org.testng.SuiteRunnerWorker.runSuite(SuiteRunnerWorker.java:52)
	at org.testng.SuiteRunnerWorker.run(SuiteRunnerWorker.java:84)
	at org.testng.TestNG.runSuitesSequentially(TestNG.java:1208)
	at org.testng.TestNG.runSuitesLocally(TestNG.java:1137)
	at org.testng.TestNG.runSuites(TestNG.java:1049)
	at org.testng.TestNG.run(TestNG.java:1017)
	at org.testng.remote.AbstractRemoteTestNG.run(AbstractRemoteTestNG.java:115)
	at org.testng.remote.RemoteTestNG.initAndRun(RemoteTestNG.java:251)
	at org.testng.remote.RemoteTestNG.main(RemoteTestNG.java:77)

2022-06-17 14:53:47,668 [main] INFO com.utils.ExcelUtility - java.lang.NullPointerException
	at com.utils.ExcelUtility.getCellData(ExcelUtility.java:311)
	at com.utils._masterVO.loadGatewayCases(_masterVO.java:115)
	at com.utils._masterVO.loadExternalServices(_masterVO.java:448)
	at com.utils._masterVO.loadVO(_masterVO.java:81)
	at com.classes.BaseTest.setupReporter(BaseTest.java:85)
	at sun.reflect.NativeMethodAccessorImpl.invoke0(Native Method)
	at sun.reflect.NativeMethodAccessorImpl.invoke(Unknown Source)
	at sun.reflect.DelegatingMethodAccessorImpl.invoke(Unknown Source)
	at java.lang.reflect.Method.invoke(Unknown Source)
	at org.testng.internal.MethodInvocationHelper.invokeMethod(MethodInvocationHelper.java:124)
	at org.testng.internal.MethodInvocationHelper.invokeMethodConsideringTimeout(MethodInvocationHelper.java:59)
	at org.testng.internal.Invoker.invokeConfigurationMethod(Invoker.java:455)
	at org.testng.internal.Invoker.invokeConfigurations(Invoker.java:222)
	at org.testng.internal.Invoker.invokeConfigurations(Invoker.java:142)
	at org.testng.SuiteRunner.privateRun(SuiteRunner.java:401)
	at org.testng.SuiteRunner.run(SuiteRunner.java:364)
	at org.testng.SuiteRunnerWorker.runSuite(SuiteRunnerWorker.java:52)
	at org.testng.SuiteRunnerWorker.run(SuiteRunnerWorker.java:84)
	at org.testng.TestNG.runSuitesSequentially(TestNG.java:1208)
	at org.testng.TestNG.runSuitesLocally(TestNG.java:1137)
	at org.testng.TestNG.runSuites(TestNG.java:1049)
	at org.testng.TestNG.run(TestNG.java:1017)
	at org.testng.remote.AbstractRemoteTestNG.run(AbstractRemoteTestNG.java:115)
	at org.testng.remote.RemoteTestNG.initAndRun(RemoteTestNG.java:251)
	at org.testng.remote.RemoteTestNG.main(RemoteTestNG.java:77)

2022-06-17 14:53:47,669 [main] INFO com.utils.ExcelUtility - java.lang.NullPointerException
	at com.utils.ExcelUtility.getCellData(ExcelUtility.java:311)
	at com.utils._masterVO.loadGatewayCases(_masterVO.java:115)
	at com.utils._masterVO.loadExternalServices(_masterVO.java:448)
	at com.utils._masterVO.loadVO(_masterVO.java:81)
	at com.classes.BaseTest.setupReporter(BaseTest.java:85)
	at sun.reflect.NativeMethodAccessorImpl.invoke0(Native Method)
	at sun.reflect.NativeMethodAccessorImpl.invoke(Unknown Source)
	at sun.reflect.DelegatingMethodAccessorImpl.invoke(Unknown Source)
	at java.lang.reflect.Method.invoke(Unknown Source)
	at org.testng.internal.MethodInvocationHelper.invokeMethod(MethodInvocationHelper.java:124)
	at org.testng.internal.MethodInvocationHelper.invokeMethodConsideringTimeout(MethodInvocationHelper.java:59)
	at org.testng.internal.Invoker.invokeConfigurationMethod(Invoker.java:455)
	at org.testng.internal.Invoker.invokeConfigurations(Invoker.java:222)
	at org.testng.internal.Invoker.invokeConfigurations(Invoker.java:142)
	at org.testng.SuiteRunner.privateRun(SuiteRunner.java:401)
	at org.testng.SuiteRunner.run(SuiteRunner.java:364)
	at org.testng.SuiteRunnerWorker.runSuite(SuiteRunnerWorker.java:52)
	at org.testng.SuiteRunnerWorker.run(SuiteRunnerWorker.java:84)
	at org.testng.TestNG.runSuitesSequentially(TestNG.java:1208)
	at org.testng.TestNG.runSuitesLocally(TestNG.java:1137)
	at org.testng.TestNG.runSuites(TestNG.java:1049)
	at org.testng.TestNG.run(TestNG.java:1017)
	at org.testng.remote.AbstractRemoteTestNG.run(AbstractRemoteTestNG.java:115)
	at org.testng.remote.RemoteTestNG.initAndRun(RemoteTestNG.java:251)
	at org.testng.remote.RemoteTestNG.main(RemoteTestNG.java:77)

2022-06-17 14:53:47,670 [main] INFO com.utils.ExcelUtility - java.lang.NullPointerException
	at com.utils.ExcelUtility.getCellData(ExcelUtility.java:311)
	at com.utils._masterVO.loadGatewayCases(_masterVO.java:115)
	at com.utils._masterVO.loadExternalServices(_masterVO.java:448)
	at com.utils._masterVO.loadVO(_masterVO.java:81)
	at com.classes.BaseTest.setupReporter(BaseTest.java:85)
	at sun.reflect.NativeMethodAccessorImpl.invoke0(Native Method)
	at sun.reflect.NativeMethodAccessorImpl.invoke(Unknown Source)
	at sun.reflect.DelegatingMethodAccessorImpl.invoke(Unknown Source)
	at java.lang.reflect.Method.invoke(Unknown Source)
	at org.testng.internal.MethodInvocationHelper.invokeMethod(MethodInvocationHelper.java:124)
	at org.testng.internal.MethodInvocationHelper.invokeMethodConsideringTimeout(MethodInvocationHelper.java:59)
	at org.testng.internal.Invoker.invokeConfigurationMethod(Invoker.java:455)
	at org.testng.internal.Invoker.invokeConfigurations(Invoker.java:222)
	at org.testng.internal.Invoker.invokeConfigurations(Invoker.java:142)
	at org.testng.SuiteRunner.privateRun(SuiteRunner.java:401)
	at org.testng.SuiteRunner.run(SuiteRunner.java:364)
	at org.testng.SuiteRunnerWorker.runSuite(SuiteRunnerWorker.java:52)
	at org.testng.SuiteRunnerWorker.run(SuiteRunnerWorker.java:84)
	at org.testng.TestNG.runSuitesSequentially(TestNG.java:1208)
	at org.testng.TestNG.runSuitesLocally(TestNG.java:1137)
	at org.testng.TestNG.runSuites(TestNG.java:1049)
	at org.testng.TestNG.run(TestNG.java:1017)
	at org.testng.remote.AbstractRemoteTestNG.run(AbstractRemoteTestNG.java:115)
	at org.testng.remote.RemoteTestNG.initAndRun(RemoteTestNG.java:251)
	at org.testng.remote.RemoteTestNG.main(RemoteTestNG.java:77)

2022-06-17 14:53:47,671 [main] INFO com.utils.ExcelUtility - java.lang.NullPointerException
	at com.utils.ExcelUtility.getCellData(ExcelUtility.java:311)
	at com.utils._masterVO.loadGatewayCases(_masterVO.java:115)
	at com.utils._masterVO.loadExternalServices(_masterVO.java:448)
	at com.utils._masterVO.loadVO(_masterVO.java:81)
	at com.classes.BaseTest.setupReporter(BaseTest.java:85)
	at sun.reflect.NativeMethodAccessorImpl.invoke0(Native Method)
	at sun.reflect.NativeMethodAccessorImpl.invoke(Unknown Source)
	at sun.reflect.DelegatingMethodAccessorImpl.invoke(Unknown Source)
	at java.lang.reflect.Method.invoke(Unknown Source)
	at org.testng.internal.MethodInvocationHelper.invokeMethod(MethodInvocationHelper.java:124)
	at org.testng.internal.MethodInvocationHelper.invokeMethodConsideringTimeout(MethodInvocationHelper.java:59)
	at org.testng.internal.Invoker.invokeConfigurationMethod(Invoker.java:455)
	at org.testng.internal.Invoker.invokeConfigurations(Invoker.java:222)
	at org.testng.internal.Invoker.invokeConfigurations(Invoker.java:142)
	at org.testng.SuiteRunner.privateRun(SuiteRunner.java:401)
	at org.testng.SuiteRunner.run(SuiteRunner.java:364)
	at org.testng.SuiteRunnerWorker.runSuite(SuiteRunnerWorker.java:52)
	at org.testng.SuiteRunnerWorker.run(SuiteRunnerWorker.java:84)
	at org.testng.TestNG.runSuitesSequentially(TestNG.java:1208)
	at org.testng.TestNG.runSuitesLocally(TestNG.java:1137)
	at org.testng.TestNG.runSuites(TestNG.java:1049)
	at org.testng.TestNG.run(TestNG.java:1017)
	at org.testng.remote.AbstractRemoteTestNG.run(AbstractRemoteTestNG.java:115)
	at org.testng.remote.RemoteTestNG.initAndRun(RemoteTestNG.java:251)
	at org.testng.remote.RemoteTestNG.main(RemoteTestNG.java:77)

2022-06-17 14:53:47,671 [main] INFO com.utils.ExcelUtility - java.lang.NullPointerException
	at com.utils.ExcelUtility.getCellData(ExcelUtility.java:311)
	at com.utils._masterVO.loadGatewayCases(_masterVO.java:115)
	at com.utils._masterVO.loadExternalServices(_masterVO.java:448)
	at com.utils._masterVO.loadVO(_masterVO.java:81)
	at com.classes.BaseTest.setupReporter(BaseTest.java:85)
	at sun.reflect.NativeMethodAccessorImpl.invoke0(Native Method)
	at sun.reflect.NativeMethodAccessorImpl.invoke(Unknown Source)
	at sun.reflect.DelegatingMethodAccessorImpl.invoke(Unknown Source)
	at java.lang.reflect.Method.invoke(Unknown Source)
	at org.testng.internal.MethodInvocationHelper.invokeMethod(MethodInvocationHelper.java:124)
	at org.testng.internal.MethodInvocationHelper.invokeMethodConsideringTimeout(MethodInvocationHelper.java:59)
	at org.testng.internal.Invoker.invokeConfigurationMethod(Invoker.java:455)
	at org.testng.internal.Invoker.invokeConfigurations(Invoker.java:222)
	at org.testng.internal.Invoker.invokeConfigurations(Invoker.java:142)
	at org.testng.SuiteRunner.privateRun(SuiteRunner.java:401)
	at org.testng.SuiteRunner.run(SuiteRunner.java:364)
	at org.testng.SuiteRunnerWorker.runSuite(SuiteRunnerWorker.java:52)
	at org.testng.SuiteRunnerWorker.run(SuiteRunnerWorker.java:84)
	at org.testng.TestNG.runSuitesSequentially(TestNG.java:1208)
	at org.testng.TestNG.runSuitesLocally(TestNG.java:1137)
	at org.testng.TestNG.runSuites(TestNG.java:1049)
	at org.testng.TestNG.run(TestNG.java:1017)
	at org.testng.remote.AbstractRemoteTestNG.run(AbstractRemoteTestNG.java:115)
	at org.testng.remote.RemoteTestNG.initAndRun(RemoteTestNG.java:251)
	at org.testng.remote.RemoteTestNG.main(RemoteTestNG.java:77)

2022-06-17 14:53:47,672 [main] INFO com.utils.ExcelUtility - java.lang.NullPointerException
	at com.utils.ExcelUtility.getCellData(ExcelUtility.java:311)
	at com.utils._masterVO.loadGatewayCases(_masterVO.java:115)
	at com.utils._masterVO.loadExternalServices(_masterVO.java:448)
	at com.utils._masterVO.loadVO(_masterVO.java:81)
	at com.classes.BaseTest.setupReporter(BaseTest.java:85)
	at sun.reflect.NativeMethodAccessorImpl.invoke0(Native Method)
	at sun.reflect.NativeMethodAccessorImpl.invoke(Unknown Source)
	at sun.reflect.DelegatingMethodAccessorImpl.invoke(Unknown Source)
	at java.lang.reflect.Method.invoke(Unknown Source)
	at org.testng.internal.MethodInvocationHelper.invokeMethod(MethodInvocationHelper.java:124)
	at org.testng.internal.MethodInvocationHelper.invokeMethodConsideringTimeout(MethodInvocationHelper.java:59)
	at org.testng.internal.Invoker.invokeConfigurationMethod(Invoker.java:455)
	at org.testng.internal.Invoker.invokeConfigurations(Invoker.java:222)
	at org.testng.internal.Invoker.invokeConfigurations(Invoker.java:142)
	at org.testng.SuiteRunner.privateRun(SuiteRunner.java:401)
	at org.testng.SuiteRunner.run(SuiteRunner.java:364)
	at org.testng.SuiteRunnerWorker.runSuite(SuiteRunnerWorker.java:52)
	at org.testng.SuiteRunnerWorker.run(SuiteRunnerWorker.java:84)
	at org.testng.TestNG.runSuitesSequentially(TestNG.java:1208)
	at org.testng.TestNG.runSuitesLocally(TestNG.java:1137)
	at org.testng.TestNG.runSuites(TestNG.java:1049)
	at org.testng.TestNG.run(TestNG.java:1017)
	at org.testng.remote.AbstractRemoteTestNG.run(AbstractRemoteTestNG.java:115)
	at org.testng.remote.RemoteTestNG.initAndRun(RemoteTestNG.java:251)
	at org.testng.remote.RemoteTestNG.main(RemoteTestNG.java:77)

2022-06-17 14:53:47,672 [main] INFO com.utils.ExcelUtility - java.lang.NullPointerException
	at com.utils.ExcelUtility.getCellData(ExcelUtility.java:311)
	at com.utils._masterVO.loadGatewayCases(_masterVO.java:115)
	at com.utils._masterVO.loadExternalServices(_masterVO.java:448)
	at com.utils._masterVO.loadVO(_masterVO.java:81)
	at com.classes.BaseTest.setupReporter(BaseTest.java:85)
	at sun.reflect.NativeMethodAccessorImpl.invoke0(Native Method)
	at sun.reflect.NativeMethodAccessorImpl.invoke(Unknown Source)
	at sun.reflect.DelegatingMethodAccessorImpl.invoke(Unknown Source)
	at java.lang.reflect.Method.invoke(Unknown Source)
	at org.testng.internal.MethodInvocationHelper.invokeMethod(MethodInvocationHelper.java:124)
	at org.testng.internal.MethodInvocationHelper.invokeMethodConsideringTimeout(MethodInvocationHelper.java:59)
	at org.testng.internal.Invoker.invokeConfigurationMethod(Invoker.java:455)
	at org.testng.internal.Invoker.invokeConfigurations(Invoker.java:222)
	at org.testng.internal.Invoker.invokeConfigurations(Invoker.java:142)
	at org.testng.SuiteRunner.privateRun(SuiteRunner.java:401)
	at org.testng.SuiteRunner.run(SuiteRunner.java:364)
	at org.testng.SuiteRunnerWorker.runSuite(SuiteRunnerWorker.java:52)
	at org.testng.SuiteRunnerWorker.run(SuiteRunnerWorker.java:84)
	at org.testng.TestNG.runSuitesSequentially(TestNG.java:1208)
	at org.testng.TestNG.runSuitesLocally(TestNG.java:1137)
	at org.testng.TestNG.runSuites(TestNG.java:1049)
	at org.testng.TestNG.run(TestNG.java:1017)
	at org.testng.remote.AbstractRemoteTestNG.run(AbstractRemoteTestNG.java:115)
	at org.testng.remote.RemoteTestNG.initAndRun(RemoteTestNG.java:251)
	at org.testng.remote.RemoteTestNG.main(RemoteTestNG.java:77)

2022-06-17 14:53:47,672 [main] INFO com.utils.ExcelUtility - java.lang.NullPointerException
	at com.utils.ExcelUtility.getCellData(ExcelUtility.java:311)
	at com.utils._masterVO.loadGatewayCases(_masterVO.java:115)
	at com.utils._masterVO.loadExternalServices(_masterVO.java:448)
	at com.utils._masterVO.loadVO(_masterVO.java:81)
	at com.classes.BaseTest.setupReporter(BaseTest.java:85)
	at sun.reflect.NativeMethodAccessorImpl.invoke0(Native Method)
	at sun.reflect.NativeMethodAccessorImpl.invoke(Unknown Source)
	at sun.reflect.DelegatingMethodAccessorImpl.invoke(Unknown Source)
	at java.lang.reflect.Method.invoke(Unknown Source)
	at org.testng.internal.MethodInvocationHelper.invokeMethod(MethodInvocationHelper.java:124)
	at org.testng.internal.MethodInvocationHelper.invokeMethodConsideringTimeout(MethodInvocationHelper.java:59)
	at org.testng.internal.Invoker.invokeConfigurationMethod(Invoker.java:455)
	at org.testng.internal.Invoker.invokeConfigurations(Invoker.java:222)
	at org.testng.internal.Invoker.invokeConfigurations(Invoker.java:142)
	at org.testng.SuiteRunner.privateRun(SuiteRunner.java:401)
	at org.testng.SuiteRunner.run(SuiteRunner.java:364)
	at org.testng.SuiteRunnerWorker.runSuite(SuiteRunnerWorker.java:52)
	at org.testng.SuiteRunnerWorker.run(SuiteRunnerWorker.java:84)
	at org.testng.TestNG.runSuitesSequentially(TestNG.java:1208)
	at org.testng.TestNG.runSuitesLocally(TestNG.java:1137)
	at org.testng.TestNG.runSuites(TestNG.java:1049)
	at org.testng.TestNG.run(TestNG.java:1017)
	at org.testng.remote.AbstractRemoteTestNG.run(AbstractRemoteTestNG.java:115)
	at org.testng.remote.RemoteTestNG.initAndRun(RemoteTestNG.java:251)
	at org.testng.remote.RemoteTestNG.main(RemoteTestNG.java:77)

2022-06-17 14:53:47,673 [main] INFO com.utils.ExcelUtility - java.lang.NullPointerException
	at com.utils.ExcelUtility.getCellData(ExcelUtility.java:311)
	at com.utils._masterVO.loadGatewayCases(_masterVO.java:115)
	at com.utils._masterVO.loadExternalServices(_masterVO.java:448)
	at com.utils._masterVO.loadVO(_masterVO.java:81)
	at com.classes.BaseTest.setupReporter(BaseTest.java:85)
	at sun.reflect.NativeMethodAccessorImpl.invoke0(Native Method)
	at sun.reflect.NativeMethodAccessorImpl.invoke(Unknown Source)
	at sun.reflect.DelegatingMethodAccessorImpl.invoke(Unknown Source)
	at java.lang.reflect.Method.invoke(Unknown Source)
	at org.testng.internal.MethodInvocationHelper.invokeMethod(MethodInvocationHelper.java:124)
	at org.testng.internal.MethodInvocationHelper.invokeMethodConsideringTimeout(MethodInvocationHelper.java:59)
	at org.testng.internal.Invoker.invokeConfigurationMethod(Invoker.java:455)
	at org.testng.internal.Invoker.invokeConfigurations(Invoker.java:222)
	at org.testng.internal.Invoker.invokeConfigurations(Invoker.java:142)
	at org.testng.SuiteRunner.privateRun(SuiteRunner.java:401)
	at org.testng.SuiteRunner.run(SuiteRunner.java:364)
	at org.testng.SuiteRunnerWorker.runSuite(SuiteRunnerWorker.java:52)
	at org.testng.SuiteRunnerWorker.run(SuiteRunnerWorker.java:84)
	at org.testng.TestNG.runSuitesSequentially(TestNG.java:1208)
	at org.testng.TestNG.runSuitesLocally(TestNG.java:1137)
	at org.testng.TestNG.runSuites(TestNG.java:1049)
	at org.testng.TestNG.run(TestNG.java:1017)
	at org.testng.remote.AbstractRemoteTestNG.run(AbstractRemoteTestNG.java:115)
	at org.testng.remote.RemoteTestNG.initAndRun(RemoteTestNG.java:251)
	at org.testng.remote.RemoteTestNG.main(RemoteTestNG.java:77)

2022-06-17 14:53:47,673 [main] INFO com.utils.ExcelUtility - java.lang.NullPointerException
	at com.utils.ExcelUtility.getCellData(ExcelUtility.java:311)
	at com.utils._masterVO.loadGatewayCases(_masterVO.java:115)
	at com.utils._masterVO.loadExternalServices(_masterVO.java:448)
	at com.utils._masterVO.loadVO(_masterVO.java:81)
	at com.classes.BaseTest.setupReporter(BaseTest.java:85)
	at sun.reflect.NativeMethodAccessorImpl.invoke0(Native Method)
	at sun.reflect.NativeMethodAccessorImpl.invoke(Unknown Source)
	at sun.reflect.DelegatingMethodAccessorImpl.invoke(Unknown Source)
	at java.lang.reflect.Method.invoke(Unknown Source)
	at org.testng.internal.MethodInvocationHelper.invokeMethod(MethodInvocationHelper.java:124)
	at org.testng.internal.MethodInvocationHelper.invokeMethodConsideringTimeout(MethodInvocationHelper.java:59)
	at org.testng.internal.Invoker.invokeConfigurationMethod(Invoker.java:455)
	at org.testng.internal.Invoker.invokeConfigurations(Invoker.java:222)
	at org.testng.internal.Invoker.invokeConfigurations(Invoker.java:142)
	at org.testng.SuiteRunner.privateRun(SuiteRunner.java:401)
	at org.testng.SuiteRunner.run(SuiteRunner.java:364)
	at org.testng.SuiteRunnerWorker.runSuite(SuiteRunnerWorker.java:52)
	at org.testng.SuiteRunnerWorker.run(SuiteRunnerWorker.java:84)
	at org.testng.TestNG.runSuitesSequentially(TestNG.java:1208)
	at org.testng.TestNG.runSuitesLocally(TestNG.java:1137)
	at org.testng.TestNG.runSuites(TestNG.java:1049)
	at org.testng.TestNG.run(TestNG.java:1017)
	at org.testng.remote.AbstractRemoteTestNG.run(AbstractRemoteTestNG.java:115)
	at org.testng.remote.RemoteTestNG.initAndRun(RemoteTestNG.java:251)
	at org.testng.remote.RemoteTestNG.main(RemoteTestNG.java:77)

2022-06-17 14:53:47,673 [main] INFO com.utils.ExcelUtility - java.lang.NullPointerException
	at com.utils.ExcelUtility.getCellData(ExcelUtility.java:311)
	at com.utils._masterVO.loadGatewayCases(_masterVO.java:115)
	at com.utils._masterVO.loadExternalServices(_masterVO.java:448)
	at com.utils._masterVO.loadVO(_masterVO.java:81)
	at com.classes.BaseTest.setupReporter(BaseTest.java:85)
	at sun.reflect.NativeMethodAccessorImpl.invoke0(Native Method)
	at sun.reflect.NativeMethodAccessorImpl.invoke(Unknown Source)
	at sun.reflect.DelegatingMethodAccessorImpl.invoke(Unknown Source)
	at java.lang.reflect.Method.invoke(Unknown Source)
	at org.testng.internal.MethodInvocationHelper.invokeMethod(MethodInvocationHelper.java:124)
	at org.testng.internal.MethodInvocationHelper.invokeMethodConsideringTimeout(MethodInvocationHelper.java:59)
	at org.testng.internal.Invoker.invokeConfigurationMethod(Invoker.java:455)
	at org.testng.internal.Invoker.invokeConfigurations(Invoker.java:222)
	at org.testng.internal.Invoker.invokeConfigurations(Invoker.java:142)
	at org.testng.SuiteRunner.privateRun(SuiteRunner.java:401)
	at org.testng.SuiteRunner.run(SuiteRunner.java:364)
	at org.testng.SuiteRunnerWorker.runSuite(SuiteRunnerWorker.java:52)
	at org.testng.SuiteRunnerWorker.run(SuiteRunnerWorker.java:84)
	at org.testng.TestNG.runSuitesSequentially(TestNG.java:1208)
	at org.testng.TestNG.runSuitesLocally(TestNG.java:1137)
	at org.testng.TestNG.runSuites(TestNG.java:1049)
	at org.testng.TestNG.run(TestNG.java:1017)
	at org.testng.remote.AbstractRemoteTestNG.run(AbstractRemoteTestNG.java:115)
	at org.testng.remote.RemoteTestNG.initAndRun(RemoteTestNG.java:251)
	at org.testng.remote.RemoteTestNG.main(RemoteTestNG.java:77)

2022-06-17 14:53:47,674 [main] INFO com.utils.ExcelUtility - java.lang.NullPointerException
	at com.utils.ExcelUtility.getCellData(ExcelUtility.java:311)
	at com.utils._masterVO.loadGatewayCases(_masterVO.java:115)
	at com.utils._masterVO.loadExternalServices(_masterVO.java:448)
	at com.utils._masterVO.loadVO(_masterVO.java:81)
	at com.classes.BaseTest.setupReporter(BaseTest.java:85)
	at sun.reflect.NativeMethodAccessorImpl.invoke0(Native Method)
	at sun.reflect.NativeMethodAccessorImpl.invoke(Unknown Source)
	at sun.reflect.DelegatingMethodAccessorImpl.invoke(Unknown Source)
	at java.lang.reflect.Method.invoke(Unknown Source)
	at org.testng.internal.MethodInvocationHelper.invokeMethod(MethodInvocationHelper.java:124)
	at org.testng.internal.MethodInvocationHelper.invokeMethodConsideringTimeout(MethodInvocationHelper.java:59)
	at org.testng.internal.Invoker.invokeConfigurationMethod(Invoker.java:455)
	at org.testng.internal.Invoker.invokeConfigurations(Invoker.java:222)
	at org.testng.internal.Invoker.invokeConfigurations(Invoker.java:142)
	at org.testng.SuiteRunner.privateRun(SuiteRunner.java:401)
	at org.testng.SuiteRunner.run(SuiteRunner.java:364)
	at org.testng.SuiteRunnerWorker.runSuite(SuiteRunnerWorker.java:52)
	at org.testng.SuiteRunnerWorker.run(SuiteRunnerWorker.java:84)
	at org.testng.TestNG.runSuitesSequentially(TestNG.java:1208)
	at org.testng.TestNG.runSuitesLocally(TestNG.java:1137)
	at org.testng.TestNG.runSuites(TestNG.java:1049)
	at org.testng.TestNG.run(TestNG.java:1017)
	at org.testng.remote.AbstractRemoteTestNG.run(AbstractRemoteTestNG.java:115)
	at org.testng.remote.RemoteTestNG.initAndRun(RemoteTestNG.java:251)
	at org.testng.remote.RemoteTestNG.main(RemoteTestNG.java:77)

2022-06-17 14:53:48,038 [main] INFO com.utils._masterVO - Gateway Cases Master File Loaded successfully
2022-06-17 14:53:48,040 [main] INFO com.utils._APIUtil - Entered getAPIServices(USSD)
2022-06-17 14:53:48,042 [main] INFO com.utils._APIUtil - Exiting getAPIServices([])
2022-06-17 14:53:48,044 [main] INFO com.utils._masterVO - Loading Gateway Cases Master file from: .//src//test//resources//config//GatewayMaster.xlsx
2022-06-17 14:53:48,241 [main] INFO com.utils._masterVO - Gateway Cases Master File Loaded successfully
2022-06-17 14:53:48,243 [main] INFO com.utils._masterVO - Loading Gateway Cases Master file from: .//src//test//resources//config//GatewayMaster.xlsx
2022-06-17 14:53:48,399 [main] INFO com.utils._masterVO - Gateway Cases Master File Loaded successfully
2022-06-17 14:54:09,453 [main] ERROR com.sshmanager.SSHService - Error while getting SSH Server Instance : com.jcraft.jsch.JSchException: java.net.ConnectException: Connection timed out: connect
2022-06-17 14:54:09,470 [main] INFO com.classes.BaseTest - Completed loading all methods from -masterVO class
2022-06-17 14:55:54,025 [main] INFO angular.testscripts.prereuisitesangular.PreRequisite_C2STransferBulk_Revamp - ------------------ Test Case Execution Started For A_01_Test_C2SBulkTransferDaily -------------------
2022-06-17 14:55:54,025 [main] INFO angular.testscripts.prereuisitesangular.PreRequisite_C2STransferBulk_Revamp - Entered A_01_Test_C2SBulkTransferDaily(Root, Super Distributor, 2468, RC)
2022-06-17 14:55:54,105 [main] INFO com.utils.CommonUtils - Category Code for Super Distributor: DIST
2022-06-17 14:55:54,142 [main] INFO com.dbrepository.OracleRepository - Entered webInterface(Super Distributor)
2022-06-17 14:55:54,145 [main] INFO com.dbrepository.DBConnectionPool - Active Size:0 Cache Size:10
2022-06-17 14:55:54,147 [main] INFO com.dbrepository.OracleRepository - webInterface() :: select query: Select WEB_INTERFACE_ALLOWED from categories where category_name= ?
2022-06-17 14:55:54,320 [main] INFO com.dbrepository.OracleRepository - Database Returns: WEB_INTERFACE_ALLOWED (Y)
2022-06-17 14:55:54,322 [main] INFO com.dbrepository.OracleRepository - Exited webInterface()
2022-06-17 14:55:54,339 [main] INFO angular.feature.C2SBulkTransferRevamp - Entered performC2STransferDaily(Root, Super Distributor, 2468, RC)
2022-06-17 14:55:54,420 [main] INFO angular.classes.LoginRevamp - LoginID found as: suser
2022-06-17 14:55:54,422 [main] INFO angular.classes.LoginRevamp - Password found as: Com@2469
2022-06-17 14:55:54,424 [main] INFO angular.classes.LoginRevamp - Username found as:  suser
2022-06-17 14:55:55,088 [main] INFO angular.pageobjects.loginpages.LoginPageRevamp - Trying to select Language
2022-06-17 14:56:05,335 [main] INFO angular.pageobjects.loginpages.LoginPageRevamp - <b>Language Selector Not Found:</b>
2022-06-17 14:56:05,346 [main] INFO angular.pageobjects.loginpages.LoginPageRevamp - Trying to enter Login ID
2022-06-17 14:56:05,491 [main] INFO angular.pageobjects.loginpages.LoginPageRevamp - Login ID entered successfully as: suser
2022-06-17 14:56:05,493 [main] INFO angular.pageobjects.loginpages.LoginPageRevamp - Trying to enter Password
2022-06-17 14:56:05,637 [main] INFO angular.pageobjects.loginpages.LoginPageRevamp - Password entered successfully as: Com@2469
2022-06-17 14:56:05,638 [main] INFO angular.pageobjects.loginpages.LoginPageRevamp - Trying to click Login Button
2022-06-17 14:56:05,728 [main] INFO angular.pageobjects.loginpages.LoginPageRevamp - Login button clicked successfully
2022-06-17 14:56:05,776 [main] INFO angular.pageobjects.loginpages.LoginPageRevamp - Error Message Found on Login Screen: 
2022-06-17 14:56:18,036 [main] INFO angular.pageobjects.RechargeBulk.RechargesBulk - Trying to click on Recharge Heading Link...
2022-06-17 14:56:18,121 [main] INFO angular.pageobjects.RechargeBulk.RechargesBulk - User clicked Recharged Heading Link.
2022-06-17 14:56:18,124 [main] INFO angular.pageobjects.RechargeBulk.RechargesBulk - Trying to click on Recharge Link...
2022-06-17 14:56:18,362 [main] INFO angular.pageobjects.RechargeBulk.RechargesBulk - User clicked Recharge Link
2022-06-17 14:56:18,364 [main] INFO angular.pageobjects.RechargeBulk.RechargesBulk - Trying clicking on C2S Bulk Operation Heading
2022-06-17 14:56:21,481 [main] INFO angular.pageobjects.RechargeBulk.RechargesBulk - User clicked C2S Bulk Operation Heading.
2022-06-17 14:56:26,488 [main] INFO angular.pageobjects.RechargeBulk.RechargesBulk - User Trying to click Bulk Prepaid Recharge
2022-06-17 14:56:46,612 [main] INFO com.classes.BaseTest - org.openqa.selenium.TimeoutException: Expected condition failed: waiting for visibility of element located by By.xpath: //div//a[@href='/pretups-ui/recharge/bulkRecharge'] (tried for 20 second(s) with 500 milliseconds interval)
2022-06-17 14:57:07,667 [main] ERROR com.sshmanager.SSHService - Error while getting SSH Server Instance : com.jcraft.jsch.JSchException: java.net.ConnectException: Connection timed out: connect
2022-06-17 14:57:08,942 [main] INFO angular.testscripts.prereuisitesangular.PreRequisite_C2STransferBulk_Revamp - ------------------ Test Case Execution Started For A_02_Test_C2SBulkTransferWeekly -------------------
2022-06-17 14:57:08,943 [main] INFO angular.testscripts.prereuisitesangular.PreRequisite_C2STransferBulk_Revamp - Entered A_02_Test_C2SBulkTransferWeekly(Root, Super Distributor, 2468, RC)
2022-06-17 14:57:08,992 [main] INFO com.utils.CommonUtils - Category Code for Super Distributor: DIST
2022-06-17 14:57:09,021 [main] INFO com.dbrepository.OracleRepository - Entered webInterface(Super Distributor)
2022-06-17 14:57:09,023 [main] INFO com.dbrepository.DBConnectionPool - Active Size:0 Cache Size:10
2022-06-17 14:57:09,024 [main] INFO com.dbrepository.OracleRepository - webInterface() :: select query: Select WEB_INTERFACE_ALLOWED from categories where category_name= ?
2022-06-17 14:57:09,286 [main] INFO com.dbrepository.OracleRepository - Database Returns: WEB_INTERFACE_ALLOWED (Y)
2022-06-17 14:57:09,288 [main] INFO com.dbrepository.OracleRepository - Exited webInterface()
2022-06-17 14:57:09,289 [main] INFO angular.feature.C2SBulkTransferRevamp - Entered performC2STransferWeekly(Root, Super Distributor, 2468, RC)
2022-06-17 14:57:09,339 [main] INFO angular.classes.LoginRevamp - LoginID found as: suser
2022-06-17 14:57:09,341 [main] INFO angular.classes.LoginRevamp - Password found as: Com@2469
2022-06-17 14:57:09,343 [main] INFO angular.classes.LoginRevamp - Username found as:  suser
2022-06-17 14:57:09,662 [main] INFO angular.pageobjects.loginpages.LoginPageRevamp - Trying to select Language
2022-06-17 14:57:20,012 [main] INFO angular.pageobjects.loginpages.LoginPageRevamp - <b>Language Selector Not Found:</b>
2022-06-17 14:57:20,022 [main] INFO angular.pageobjects.loginpages.LoginPageRevamp - Trying to enter Login ID
2022-06-17 14:57:20,172 [main] INFO angular.pageobjects.loginpages.LoginPageRevamp - Login ID entered successfully as: suser
2022-06-17 14:57:20,174 [main] INFO angular.pageobjects.loginpages.LoginPageRevamp - Trying to enter Password
2022-06-17 14:57:20,308 [main] INFO angular.pageobjects.loginpages.LoginPageRevamp - Password entered successfully as: Com@2469
2022-06-17 14:57:20,309 [main] INFO angular.pageobjects.loginpages.LoginPageRevamp - Trying to click Login Button
2022-06-17 14:57:20,417 [main] INFO angular.pageobjects.loginpages.LoginPageRevamp - Login button clicked successfully
2022-06-17 14:57:20,467 [main] INFO angular.pageobjects.loginpages.LoginPageRevamp - Error Message Found on Login Screen: 
2022-06-17 14:57:30,613 [main] INFO angular.pageobjects.RechargeBulk.RechargesBulk - Trying to click on Recharge Heading Link...
2022-06-17 14:57:30,729 [main] INFO angular.pageobjects.RechargeBulk.RechargesBulk - User clicked Recharged Heading Link.
2022-06-17 14:57:30,731 [main] INFO angular.pageobjects.RechargeBulk.RechargesBulk - Trying to click on Recharge Link...
2022-06-17 14:57:30,981 [main] INFO angular.pageobjects.RechargeBulk.RechargesBulk - User clicked Recharge Link
2022-06-17 14:57:30,984 [main] INFO angular.pageobjects.RechargeBulk.RechargesBulk - Trying clicking on C2S Bulk Operation Heading
2022-06-17 14:57:31,592 [main] INFO angular.pageobjects.RechargeBulk.RechargesBulk - User clicked C2S Bulk Operation Heading.
2022-06-17 14:57:36,598 [main] INFO angular.pageobjects.RechargeBulk.RechargesBulk - User Trying to click Bulk Prepaid Recharge
2022-06-17 14:57:56,732 [main] INFO com.classes.BaseTest - org.openqa.selenium.TimeoutException: Expected condition failed: waiting for visibility of element located by By.xpath: //div//a[@href='/pretups-ui/recharge/bulkRecharge'] (tried for 20 second(s) with 500 milliseconds interval)
2022-06-17 14:58:17,761 [main] ERROR com.sshmanager.SSHService - Error while getting SSH Server Instance : com.jcraft.jsch.JSchException: java.net.ConnectException: Connection timed out: connect
2022-06-17 14:58:18,662 [main] INFO angular.testscripts.prereuisitesangular.PreRequisite_C2STransferBulk_Revamp - ------------------ Test Case Execution Started For A_03_Test_C2SBulkTransferMonthly -------------------
2022-06-17 14:58:18,662 [main] INFO angular.testscripts.prereuisitesangular.PreRequisite_C2STransferBulk_Revamp - Entered A_03_Test_C2SBulkTransferMonthly(Root, Super Distributor, 2468, RC)
2022-06-17 14:58:18,716 [main] INFO com.utils.CommonUtils - Category Code for Super Distributor: DIST
2022-06-17 14:58:18,750 [main] INFO com.dbrepository.OracleRepository - Entered webInterface(Super Distributor)
2022-06-17 14:58:18,752 [main] INFO com.dbrepository.DBConnectionPool - Active Size:0 Cache Size:10
2022-06-17 14:58:18,754 [main] INFO com.dbrepository.OracleRepository - webInterface() :: select query: Select WEB_INTERFACE_ALLOWED from categories where category_name= ?
2022-06-17 14:58:18,866 [main] INFO com.dbrepository.OracleRepository - Database Returns: WEB_INTERFACE_ALLOWED (Y)
2022-06-17 14:58:18,867 [main] INFO com.dbrepository.OracleRepository - Exited webInterface()
2022-06-17 14:58:18,869 [main] INFO angular.feature.C2SBulkTransferRevamp - Entered performC2STransferMonthly(Root, Super Distributor, 2468, RC)
2022-06-17 14:58:18,925 [main] INFO angular.classes.LoginRevamp - LoginID found as: suser
2022-06-17 14:58:18,929 [main] INFO angular.classes.LoginRevamp - Password found as: Com@2469
2022-06-17 14:58:18,932 [main] INFO angular.classes.LoginRevamp - Username found as:  suser
2022-06-17 14:58:19,287 [main] INFO angular.pageobjects.loginpages.LoginPageRevamp - Trying to select Language
2022-06-17 14:58:29,608 [main] INFO angular.pageobjects.loginpages.LoginPageRevamp - <b>Language Selector Not Found:</b>
2022-06-17 14:58:29,623 [main] INFO angular.pageobjects.loginpages.LoginPageRevamp - Trying to enter Login ID
2022-06-17 14:58:29,795 [main] INFO angular.pageobjects.loginpages.LoginPageRevamp - Login ID entered successfully as: suser
2022-06-17 14:58:29,800 [main] INFO angular.pageobjects.loginpages.LoginPageRevamp - Trying to enter Password
2022-06-17 14:58:29,979 [main] INFO angular.pageobjects.loginpages.LoginPageRevamp - Password entered successfully as: Com@2469
2022-06-17 14:58:29,983 [main] INFO angular.pageobjects.loginpages.LoginPageRevamp - Trying to click Login Button
2022-06-17 14:58:30,110 [main] INFO angular.pageobjects.loginpages.LoginPageRevamp - Login button clicked successfully
2022-06-17 14:58:30,158 [main] INFO angular.pageobjects.loginpages.LoginPageRevamp - Error Message Found on Login Screen: 
2022-06-17 14:58:39,417 [main] INFO angular.pageobjects.RechargeBulk.RechargesBulk - Trying to click on Recharge Heading Link...
2022-06-17 14:58:39,503 [main] INFO angular.pageobjects.RechargeBulk.RechargesBulk - User clicked Recharged Heading Link.
2022-06-17 14:58:39,506 [main] INFO angular.pageobjects.RechargeBulk.RechargesBulk - Trying to click on Recharge Link...
2022-06-17 14:58:39,813 [main] INFO angular.pageobjects.RechargeBulk.RechargesBulk - User clicked Recharge Link
2022-06-17 14:58:39,815 [main] INFO angular.pageobjects.RechargeBulk.RechargesBulk - Trying clicking on C2S Bulk Operation Heading
2022-06-17 14:58:40,499 [main] INFO angular.pageobjects.RechargeBulk.RechargesBulk - User clicked C2S Bulk Operation Heading.
2022-06-17 14:58:45,509 [main] INFO angular.pageobjects.RechargeBulk.RechargesBulk - User Trying to click Bulk Prepaid Recharge
2022-06-17 14:59:05,615 [main] INFO com.classes.BaseTest - org.openqa.selenium.TimeoutException: Expected condition failed: waiting for visibility of element located by By.xpath: //div//a[@href='/pretups-ui/recharge/bulkRecharge'] (tried for 20 second(s) with 500 milliseconds interval)
2022-06-17 14:59:26,669 [main] ERROR com.sshmanager.SSHService - Error while getting SSH Server Instance : com.jcraft.jsch.JSchException: java.net.ConnectException: Connection timed out: connect
2022-06-17 14:59:27,542 [main] INFO angular.testscripts.prereuisitesangular.PreRequisite_C2STransferBulk_Revamp - ------------------ Test Case Execution Started For A_04_Test_C2SBulkTransferInvalidMSISDN -------------------
2022-06-17 14:59:27,542 [main] INFO angular.testscripts.prereuisitesangular.PreRequisite_C2STransferBulk_Revamp - Entered A_04_Test_C2SBulkTransferInvalidMSISDN(Root, Super Distributor, 2468, RC)
2022-06-17 14:59:27,592 [main] INFO com.utils.CommonUtils - Category Code for Super Distributor: DIST
2022-06-17 14:59:27,625 [main] INFO com.dbrepository.OracleRepository - Entered webInterface(Super Distributor)
2022-06-17 14:59:27,628 [main] INFO com.dbrepository.DBConnectionPool - Active Size:0 Cache Size:10
2022-06-17 14:59:27,630 [main] INFO com.dbrepository.OracleRepository - webInterface() :: select query: Select WEB_INTERFACE_ALLOWED from categories where category_name= ?
2022-06-17 14:59:27,737 [main] INFO com.dbrepository.OracleRepository - Database Returns: WEB_INTERFACE_ALLOWED (Y)
2022-06-17 14:59:27,739 [main] INFO com.dbrepository.OracleRepository - Exited webInterface()
2022-06-17 14:59:27,741 [main] INFO angular.feature.C2SBulkTransferRevamp - Entered performC2SBulkTransferInvalidMSISDN(Root, Super Distributor, 2468, RC)
2022-06-17 14:59:27,796 [main] INFO angular.classes.LoginRevamp - LoginID found as: suser
2022-06-17 14:59:27,798 [main] INFO angular.classes.LoginRevamp - Password found as: Com@2469
2022-06-17 14:59:27,800 [main] INFO angular.classes.LoginRevamp - Username found as:  suser
2022-06-17 14:59:28,105 [main] INFO angular.pageobjects.loginpages.LoginPageRevamp - Trying to select Language
2022-06-17 14:59:38,500 [main] INFO angular.pageobjects.loginpages.LoginPageRevamp - <b>Language Selector Not Found:</b>
2022-06-17 14:59:38,511 [main] INFO angular.pageobjects.loginpages.LoginPageRevamp - Trying to enter Login ID
2022-06-17 14:59:38,663 [main] INFO angular.pageobjects.loginpages.LoginPageRevamp - Login ID entered successfully as: suser
2022-06-17 14:59:38,666 [main] INFO angular.pageobjects.loginpages.LoginPageRevamp - Trying to enter Password
2022-06-17 14:59:38,805 [main] INFO angular.pageobjects.loginpages.LoginPageRevamp - Password entered successfully as: Com@2469
2022-06-17 14:59:38,806 [main] INFO angular.pageobjects.loginpages.LoginPageRevamp - Trying to click Login Button
2022-06-17 14:59:38,924 [main] INFO angular.pageobjects.loginpages.LoginPageRevamp - Login button clicked successfully
2022-06-17 14:59:38,974 [main] INFO angular.pageobjects.loginpages.LoginPageRevamp - Error Message Found on Login Screen: 
2022-06-17 14:59:48,599 [main] INFO angular.pageobjects.RechargeBulk.RechargesBulk - Trying to click on Recharge Heading Link...
2022-06-17 14:59:48,682 [main] INFO angular.pageobjects.RechargeBulk.RechargesBulk - User clicked Recharged Heading Link.
2022-06-17 14:59:48,684 [main] INFO angular.pageobjects.RechargeBulk.RechargesBulk - Trying to click on Recharge Link...
2022-06-17 14:59:48,937 [main] INFO angular.pageobjects.RechargeBulk.RechargesBulk - User clicked Recharge Link
2022-06-17 14:59:48,942 [main] INFO angular.pageobjects.RechargeBulk.RechargesBulk - Trying clicking on C2S Bulk Operation Heading
2022-06-17 14:59:49,413 [main] INFO angular.pageobjects.RechargeBulk.RechargesBulk - User clicked C2S Bulk Operation Heading.
2022-06-17 14:59:54,423 [main] INFO angular.pageobjects.RechargeBulk.RechargesBulk - User Trying to click Bulk Prepaid Recharge
2022-06-17 15:00:14,496 [main] INFO com.classes.BaseTest - org.openqa.selenium.TimeoutException: Expected condition failed: waiting for visibility of element located by By.xpath: //div//a[@href='/pretups-ui/recharge/bulkRecharge'] (tried for 20 second(s) with 500 milliseconds interval)
2022-06-17 15:00:35,547 [main] ERROR com.sshmanager.SSHService - Error while getting SSH Server Instance : com.jcraft.jsch.JSchException: java.net.ConnectException: Connection timed out: connect
2022-06-17 15:00:36,408 [main] INFO angular.testscripts.prereuisitesangular.PreRequisite_C2STransferBulk_Revamp - ------------------ Test Case Execution Started For A_05_Test_C2SBulkTransferNegativeAmount -------------------
2022-06-17 15:00:36,409 [main] INFO angular.testscripts.prereuisitesangular.PreRequisite_C2STransferBulk_Revamp - Entered A_05_Test_C2SBulkTransferNegativeAmount(Root, Super Distributor, 2468, RC)
2022-06-17 15:00:36,456 [main] INFO com.utils.CommonUtils - Category Code for Super Distributor: DIST
2022-06-17 15:00:36,480 [main] INFO com.dbrepository.OracleRepository - Entered webInterface(Super Distributor)
2022-06-17 15:00:36,482 [main] INFO com.dbrepository.DBConnectionPool - Active Size:0 Cache Size:10
2022-06-17 15:00:36,483 [main] INFO com.dbrepository.OracleRepository - webInterface() :: select query: Select WEB_INTERFACE_ALLOWED from categories where category_name= ?
2022-06-17 15:00:36,877 [main] INFO com.dbrepository.OracleRepository - Database Returns: WEB_INTERFACE_ALLOWED (Y)
2022-06-17 15:00:36,879 [main] INFO com.dbrepository.OracleRepository - Exited webInterface()
2022-06-17 15:00:36,880 [main] INFO angular.feature.C2SBulkTransferRevamp - Entered performC2SBulkTransferNegativeAmount(Root, Super Distributor, 2468, RC)
2022-06-17 15:00:36,936 [main] INFO angular.classes.LoginRevamp - LoginID found as: suser
2022-06-17 15:00:36,939 [main] INFO angular.classes.LoginRevamp - Password found as: Com@2469
2022-06-17 15:00:36,941 [main] INFO angular.classes.LoginRevamp - Username found as:  suser
2022-06-17 15:00:37,242 [main] INFO angular.pageobjects.loginpages.LoginPageRevamp - Trying to select Language
2022-06-17 15:00:47,595 [main] INFO angular.pageobjects.loginpages.LoginPageRevamp - <b>Language Selector Not Found:</b>
2022-06-17 15:00:47,607 [main] INFO angular.pageobjects.loginpages.LoginPageRevamp - Trying to enter Login ID
2022-06-17 15:00:47,765 [main] INFO angular.pageobjects.loginpages.LoginPageRevamp - Login ID entered successfully as: suser
2022-06-17 15:00:47,767 [main] INFO angular.pageobjects.loginpages.LoginPageRevamp - Trying to enter Password
2022-06-17 15:00:47,945 [main] INFO angular.pageobjects.loginpages.LoginPageRevamp - Password entered successfully as: Com@2469
2022-06-17 15:00:47,946 [main] INFO angular.pageobjects.loginpages.LoginPageRevamp - Trying to click Login Button
2022-06-17 15:00:48,045 [main] INFO angular.pageobjects.loginpages.LoginPageRevamp - Login button clicked successfully
2022-06-17 15:00:48,095 [main] INFO angular.pageobjects.loginpages.LoginPageRevamp - Error Message Found on Login Screen: 
2022-06-17 15:00:57,140 [main] INFO angular.pageobjects.RechargeBulk.RechargesBulk - Trying to click on Recharge Heading Link...
2022-06-17 15:00:57,238 [main] INFO angular.pageobjects.RechargeBulk.RechargesBulk - User clicked Recharged Heading Link.
2022-06-17 15:00:57,241 [main] INFO angular.pageobjects.RechargeBulk.RechargesBulk - Trying to click on Recharge Link...
2022-06-17 15:00:57,677 [main] INFO angular.pageobjects.RechargeBulk.RechargesBulk - User clicked Recharge Link
2022-06-17 15:00:57,679 [main] INFO angular.pageobjects.RechargeBulk.RechargesBulk - Trying clicking on C2S Bulk Operation Heading
2022-06-17 15:01:17,802 [main] INFO com.classes.BaseTest - org.openqa.selenium.TimeoutException: Expected condition failed: waiting for visibility of element located by By.xpath: //mat-button-toggle//button[@id='bulk1-button'] (tried for 20 second(s) with 500 milliseconds interval)
2022-06-17 15:01:38,847 [main] ERROR com.sshmanager.SSHService - Error while getting SSH Server Instance : com.jcraft.jsch.JSchException: java.net.ConnectException: Connection timed out: connect
2022-06-17 15:01:41,850 [main] INFO angular.testscripts.prereuisitesangular.PreRequisite_C2STransferBulk_Revamp - ------------------ Test Case Execution Started For A_06_Test_C2SBulkTransferZeroAmount -------------------
2022-06-17 15:01:41,850 [main] INFO angular.testscripts.prereuisitesangular.PreRequisite_C2STransferBulk_Revamp - Entered A_06_Test_C2SBulkTransferZeroAmount(Root, Super Distributor, 2468, RC)
2022-06-17 15:01:41,896 [main] INFO com.utils.CommonUtils - Category Code for Super Distributor: DIST
2022-06-17 15:01:41,920 [main] INFO com.dbrepository.OracleRepository - Entered webInterface(Super Distributor)
2022-06-17 15:01:41,922 [main] INFO com.dbrepository.DBConnectionPool - Active Size:0 Cache Size:10
2022-06-17 15:01:41,923 [main] INFO com.dbrepository.OracleRepository - webInterface() :: select query: Select WEB_INTERFACE_ALLOWED from categories where category_name= ?
2022-06-17 15:01:42,075 [main] INFO com.dbrepository.OracleRepository - Database Returns: WEB_INTERFACE_ALLOWED (Y)
2022-06-17 15:01:42,076 [main] INFO com.dbrepository.OracleRepository - Exited webInterface()
2022-06-17 15:01:42,078 [main] INFO angular.feature.C2SBulkTransferRevamp - Entered performC2SBulkTransferZeroAmount(Root, Super Distributor, 2468, RC)
2022-06-17 15:01:42,120 [main] INFO angular.classes.LoginRevamp - LoginID found as: suser
2022-06-17 15:01:42,122 [main] INFO angular.classes.LoginRevamp - Password found as: Com@2469
2022-06-17 15:01:42,123 [main] INFO angular.classes.LoginRevamp - Username found as:  suser
2022-06-17 15:01:42,539 [main] INFO angular.pageobjects.loginpages.LoginPageRevamp - Trying to select Language
2022-06-17 15:01:52,838 [main] INFO angular.pageobjects.loginpages.LoginPageRevamp - <b>Language Selector Not Found:</b>
2022-06-17 15:01:52,848 [main] INFO angular.pageobjects.loginpages.LoginPageRevamp - Trying to enter Login ID
2022-06-17 15:01:53,005 [main] INFO angular.pageobjects.loginpages.LoginPageRevamp - Login ID entered successfully as: suser
2022-06-17 15:01:53,007 [main] INFO angular.pageobjects.loginpages.LoginPageRevamp - Trying to enter Password
2022-06-17 15:01:53,149 [main] INFO angular.pageobjects.loginpages.LoginPageRevamp - Password entered successfully as: Com@2469
2022-06-17 15:01:53,153 [main] INFO angular.pageobjects.loginpages.LoginPageRevamp - Trying to click Login Button
2022-06-17 15:01:53,282 [main] INFO angular.pageobjects.loginpages.LoginPageRevamp - Login button clicked successfully
2022-06-17 15:01:53,331 [main] INFO angular.pageobjects.loginpages.LoginPageRevamp - Error Message Found on Login Screen: 
2022-06-17 15:02:02,912 [main] INFO angular.pageobjects.RechargeBulk.RechargesBulk - Trying to click on Recharge Heading Link...
2022-06-17 15:02:03,018 [main] INFO angular.pageobjects.RechargeBulk.RechargesBulk - User clicked Recharged Heading Link.
2022-06-17 15:02:03,021 [main] INFO angular.pageobjects.RechargeBulk.RechargesBulk - Trying to click on Recharge Link...
2022-06-17 15:02:03,296 [main] INFO angular.pageobjects.RechargeBulk.RechargesBulk - User clicked Recharge Link
2022-06-17 15:02:03,298 [main] INFO angular.pageobjects.RechargeBulk.RechargesBulk - Trying clicking on C2S Bulk Operation Heading
2022-06-17 15:02:03,923 [main] INFO angular.pageobjects.RechargeBulk.RechargesBulk - User clicked C2S Bulk Operation Heading.
2022-06-17 15:02:08,925 [main] INFO angular.pageobjects.RechargeBulk.RechargesBulk - User Trying to click Bulk Prepaid Recharge
2022-06-17 15:02:29,093 [main] INFO com.classes.BaseTest - org.openqa.selenium.TimeoutException: Expected condition failed: waiting for visibility of element located by By.xpath: //div//a[@href='/pretups-ui/recharge/bulkRecharge'] (tried for 20 second(s) with 500 milliseconds interval)
2022-06-17 15:02:50,115 [main] ERROR com.sshmanager.SSHService - Error while getting SSH Server Instance : com.jcraft.jsch.JSchException: java.net.ConnectException: Connection timed out: connect
2022-06-17 15:02:50,949 [main] INFO angular.testscripts.prereuisitesangular.PreRequisite_C2STransferBulk_Revamp - ------------------ Test Case Execution Started For A_07_Test_C2SBulkTransferBlankAmount -------------------
2022-06-17 15:02:50,950 [main] INFO angular.testscripts.prereuisitesangular.PreRequisite_C2STransferBulk_Revamp - Entered A_07_Test_C2SBulkTransferBlankAmount(Root, Super Distributor, 2468, RC)
2022-06-17 15:02:51,001 [main] INFO com.utils.CommonUtils - Category Code for Super Distributor: DIST
2022-06-17 15:02:51,028 [main] INFO com.dbrepository.OracleRepository - Entered webInterface(Super Distributor)
2022-06-17 15:02:51,029 [main] INFO com.dbrepository.DBConnectionPool - Active Size:0 Cache Size:10
2022-06-17 15:02:51,031 [main] INFO com.dbrepository.OracleRepository - webInterface() :: select query: Select WEB_INTERFACE_ALLOWED from categories where category_name= ?
2022-06-17 15:02:51,163 [main] INFO com.dbrepository.OracleRepository - Database Returns: WEB_INTERFACE_ALLOWED (Y)
2022-06-17 15:02:51,180 [main] INFO com.dbrepository.OracleRepository - Exited webInterface()
2022-06-17 15:02:51,182 [main] INFO angular.feature.C2SBulkTransferRevamp - Entered performC2SBulkTransferBlankAmount(Root, Super Distributor, 2468, RC)
2022-06-17 15:02:51,233 [main] INFO angular.classes.LoginRevamp - LoginID found as: suser
2022-06-17 15:02:51,234 [main] INFO angular.classes.LoginRevamp - Password found as: Com@2469
2022-06-17 15:02:51,236 [main] INFO angular.classes.LoginRevamp - Username found as:  suser
2022-06-17 15:02:51,536 [main] INFO angular.pageobjects.loginpages.LoginPageRevamp - Trying to select Language
2022-06-17 15:03:01,834 [main] INFO angular.pageobjects.loginpages.LoginPageRevamp - <b>Language Selector Not Found:</b>
2022-06-17 15:03:01,845 [main] INFO angular.pageobjects.loginpages.LoginPageRevamp - Trying to enter Login ID
2022-06-17 15:03:01,997 [main] INFO angular.pageobjects.loginpages.LoginPageRevamp - Login ID entered successfully as: suser
2022-06-17 15:03:01,999 [main] INFO angular.pageobjects.loginpages.LoginPageRevamp - Trying to enter Password
2022-06-17 15:03:02,151 [main] INFO angular.pageobjects.loginpages.LoginPageRevamp - Password entered successfully as: Com@2469
2022-06-17 15:03:02,152 [main] INFO angular.pageobjects.loginpages.LoginPageRevamp - Trying to click Login Button
2022-06-17 15:03:02,255 [main] INFO angular.pageobjects.loginpages.LoginPageRevamp - Login button clicked successfully
2022-06-17 15:03:02,299 [main] INFO angular.pageobjects.loginpages.LoginPageRevamp - Error Message Found on Login Screen: 
2022-06-17 15:03:11,340 [main] INFO angular.pageobjects.RechargeBulk.RechargesBulk - Trying to click on Recharge Heading Link...
2022-06-17 15:03:11,440 [main] INFO angular.pageobjects.RechargeBulk.RechargesBulk - User clicked Recharged Heading Link.
2022-06-17 15:03:11,442 [main] INFO angular.pageobjects.RechargeBulk.RechargesBulk - Trying to click on Recharge Link...
2022-06-17 15:03:11,695 [main] INFO angular.pageobjects.RechargeBulk.RechargesBulk - User clicked Recharge Link
2022-06-17 15:03:11,697 [main] INFO angular.pageobjects.RechargeBulk.RechargesBulk - Trying clicking on C2S Bulk Operation Heading
2022-06-17 15:03:12,155 [main] INFO angular.pageobjects.RechargeBulk.RechargesBulk - User clicked C2S Bulk Operation Heading.
2022-06-17 15:03:17,163 [main] INFO angular.pageobjects.RechargeBulk.RechargesBulk - User Trying to click Bulk Prepaid Recharge
2022-06-17 15:03:37,195 [main] INFO com.classes.BaseTest - org.openqa.selenium.TimeoutException: Expected condition failed: waiting for visibility of element located by By.xpath: //div//a[@href='/pretups-ui/recharge/bulkRecharge'] (tried for 20 second(s) with 500 milliseconds interval)
2022-06-17 15:03:58,254 [main] ERROR com.sshmanager.SSHService - Error while getting SSH Server Instance : com.jcraft.jsch.JSchException: java.net.ConnectException: Connection timed out: connect
2022-06-17 15:03:59,020 [main] INFO angular.testscripts.prereuisitesangular.PreRequisite_C2STransferBulk_Revamp - ------------------ Test Case Execution Started For A_08_Test_C2SBulkTransferBlankMSISDN -------------------
2022-06-17 15:03:59,020 [main] INFO angular.testscripts.prereuisitesangular.PreRequisite_C2STransferBulk_Revamp - Entered A_08_Test_C2SBulkTransferBlankMSISDN(Root, Super Distributor, 2468, RC)
2022-06-17 15:03:59,064 [main] INFO com.utils.CommonUtils - Category Code for Super Distributor: DIST
2022-06-17 15:03:59,101 [main] INFO com.dbrepository.OracleRepository - Entered webInterface(Super Distributor)
2022-06-17 15:03:59,102 [main] INFO com.dbrepository.DBConnectionPool - Active Size:0 Cache Size:10
2022-06-17 15:03:59,104 [main] INFO com.dbrepository.OracleRepository - webInterface() :: select query: Select WEB_INTERFACE_ALLOWED from categories where category_name= ?
2022-06-17 15:03:59,217 [main] INFO com.dbrepository.OracleRepository - Database Returns: WEB_INTERFACE_ALLOWED (Y)
2022-06-17 15:03:59,218 [main] INFO com.dbrepository.OracleRepository - Exited webInterface()
2022-06-17 15:03:59,220 [main] INFO angular.feature.C2SBulkTransferRevamp - Entered performC2SBulkTransferBlankMSISDN(Root, Super Distributor, 2468, RC)
2022-06-17 15:03:59,269 [main] INFO angular.classes.LoginRevamp - LoginID found as: suser
2022-06-17 15:03:59,272 [main] INFO angular.classes.LoginRevamp - Password found as: Com@2469
2022-06-17 15:03:59,274 [main] INFO angular.classes.LoginRevamp - Username found as:  suser
2022-06-17 15:03:59,514 [main] INFO angular.pageobjects.loginpages.LoginPageRevamp - Trying to select Language
2022-06-17 15:04:09,916 [main] INFO angular.pageobjects.loginpages.LoginPageRevamp - <b>Language Selector Not Found:</b>
2022-06-17 15:04:09,927 [main] INFO angular.pageobjects.loginpages.LoginPageRevamp - Trying to enter Login ID
2022-06-17 15:04:10,076 [main] INFO angular.pageobjects.loginpages.LoginPageRevamp - Login ID entered successfully as: suser
2022-06-17 15:04:10,078 [main] INFO angular.pageobjects.loginpages.LoginPageRevamp - Trying to enter Password
2022-06-17 15:04:10,219 [main] INFO angular.pageobjects.loginpages.LoginPageRevamp - Password entered successfully as: Com@2469
2022-06-17 15:04:10,220 [main] INFO angular.pageobjects.loginpages.LoginPageRevamp - Trying to click Login Button
2022-06-17 15:04:10,311 [main] INFO angular.pageobjects.loginpages.LoginPageRevamp - Login button clicked successfully
2022-06-17 15:04:10,361 [main] INFO angular.pageobjects.loginpages.LoginPageRevamp - Error Message Found on Login Screen: 
2022-06-17 15:04:19,372 [main] INFO angular.pageobjects.RechargeBulk.RechargesBulk - Trying to click on Recharge Heading Link...
2022-06-17 15:04:19,484 [main] INFO angular.pageobjects.RechargeBulk.RechargesBulk - User clicked Recharged Heading Link.
2022-06-17 15:04:19,487 [main] INFO angular.pageobjects.RechargeBulk.RechargesBulk - Trying to click on Recharge Link...
2022-06-17 15:04:19,735 [main] INFO angular.pageobjects.RechargeBulk.RechargesBulk - User clicked Recharge Link
2022-06-17 15:04:19,737 [main] INFO angular.pageobjects.RechargeBulk.RechargesBulk - Trying clicking on C2S Bulk Operation Heading
2022-06-17 15:04:20,267 [main] INFO angular.pageobjects.RechargeBulk.RechargesBulk - User clicked C2S Bulk Operation Heading.
2022-06-17 15:04:25,272 [main] INFO angular.pageobjects.RechargeBulk.RechargesBulk - User Trying to click Bulk Prepaid Recharge
2022-06-17 15:04:45,380 [main] INFO com.classes.BaseTest - org.openqa.selenium.TimeoutException: Expected condition failed: waiting for visibility of element located by By.xpath: //div//a[@href='/pretups-ui/recharge/bulkRecharge'] (tried for 20 second(s) with 500 milliseconds interval)
2022-06-17 15:05:06,419 [main] ERROR com.sshmanager.SSHService - Error while getting SSH Server Instance : com.jcraft.jsch.JSchException: java.net.ConnectException: Connection timed out: connect
2022-06-17 15:05:07,216 [main] INFO angular.testscripts.prereuisitesangular.PreRequisite_C2STransferBulk_Revamp - ------------------ Test Case Execution Started For A_09_Test_C2SBulkTransferBlankSubService -------------------
2022-06-17 15:05:07,216 [main] INFO angular.testscripts.prereuisitesangular.PreRequisite_C2STransferBulk_Revamp - Entered A_09_Test_C2SBulkTransferBlankSubService(Root, Super Distributor, 2468, RC)
2022-06-17 15:05:07,266 [main] INFO com.utils.CommonUtils - Category Code for Super Distributor: DIST
2022-06-17 15:05:07,299 [main] INFO com.dbrepository.OracleRepository - Entered webInterface(Super Distributor)
2022-06-17 15:05:07,301 [main] INFO com.dbrepository.DBConnectionPool - Active Size:0 Cache Size:10
2022-06-17 15:05:07,304 [main] INFO com.dbrepository.OracleRepository - webInterface() :: select query: Select WEB_INTERFACE_ALLOWED from categories where category_name= ?
2022-06-17 15:05:07,416 [main] INFO com.dbrepository.OracleRepository - Database Returns: WEB_INTERFACE_ALLOWED (Y)
2022-06-17 15:05:07,417 [main] INFO com.dbrepository.OracleRepository - Exited webInterface()
2022-06-17 15:05:07,419 [main] INFO angular.feature.C2SBulkTransferRevamp - Entered performC2SBulkTransferBlankSubService(Root, Super Distributor, 2468, RC)
2022-06-17 15:05:07,461 [main] INFO angular.classes.LoginRevamp - LoginID found as: suser
2022-06-17 15:05:07,463 [main] INFO angular.classes.LoginRevamp - Password found as: Com@2469
2022-06-17 15:05:07,465 [main] INFO angular.classes.LoginRevamp - Username found as:  suser
2022-06-17 15:05:07,742 [main] INFO angular.pageobjects.loginpages.LoginPageRevamp - Trying to select Language
2022-06-17 15:05:18,085 [main] INFO angular.pageobjects.loginpages.LoginPageRevamp - <b>Language Selector Not Found:</b>
2022-06-17 15:05:18,096 [main] INFO angular.pageobjects.loginpages.LoginPageRevamp - Trying to enter Login ID
2022-06-17 15:05:18,249 [main] INFO angular.pageobjects.loginpages.LoginPageRevamp - Login ID entered successfully as: suser
2022-06-17 15:05:18,251 [main] INFO angular.pageobjects.loginpages.LoginPageRevamp - Trying to enter Password
2022-06-17 15:05:18,399 [main] INFO angular.pageobjects.loginpages.LoginPageRevamp - Password entered successfully as: Com@2469
2022-06-17 15:05:18,400 [main] INFO angular.pageobjects.loginpages.LoginPageRevamp - Trying to click Login Button
2022-06-17 15:05:18,490 [main] INFO angular.pageobjects.loginpages.LoginPageRevamp - Login button clicked successfully
2022-06-17 15:05:18,536 [main] INFO angular.pageobjects.loginpages.LoginPageRevamp - Error Message Found on Login Screen: 
2022-06-17 15:05:27,591 [main] INFO angular.pageobjects.RechargeBulk.RechargesBulk - Trying to click on Recharge Heading Link...
2022-06-17 15:05:27,684 [main] INFO angular.pageobjects.RechargeBulk.RechargesBulk - User clicked Recharged Heading Link.
2022-06-17 15:05:27,686 [main] INFO angular.pageobjects.RechargeBulk.RechargesBulk - Trying to click on Recharge Link...
2022-06-17 15:05:27,926 [main] INFO angular.pageobjects.RechargeBulk.RechargesBulk - User clicked Recharge Link
2022-06-17 15:05:27,927 [main] INFO angular.pageobjects.RechargeBulk.RechargesBulk - Trying clicking on C2S Bulk Operation Heading
2022-06-17 15:05:28,388 [main] INFO angular.pageobjects.RechargeBulk.RechargesBulk - User clicked C2S Bulk Operation Heading.
2022-06-17 15:05:33,397 [main] INFO angular.pageobjects.RechargeBulk.RechargesBulk - User Trying to click Bulk Prepaid Recharge
2022-06-17 15:05:53,427 [main] INFO com.classes.BaseTest - org.openqa.selenium.TimeoutException: Expected condition failed: waiting for visibility of element located by By.xpath: //div//a[@href='/pretups-ui/recharge/bulkRecharge'] (tried for 20 second(s) with 500 milliseconds interval)
2022-06-17 15:06:14,457 [main] ERROR com.sshmanager.SSHService - Error while getting SSH Server Instance : com.jcraft.jsch.JSchException: java.net.ConnectException: Connection timed out: connect
2022-06-17 15:06:15,173 [main] INFO angular.testscripts.prereuisitesangular.PreRequisite_C2STransferBulk_Revamp - ------------------ Test Case Execution Started For A_10_Test_C2SBulkTransferBlankLanguageCode -------------------
2022-06-17 15:06:15,173 [main] INFO angular.testscripts.prereuisitesangular.PreRequisite_C2STransferBulk_Revamp - Entered A_10_Test_C2SBulkTransferBlankLanguageCode(Root, Super Distributor, 2468, RC)
2022-06-17 15:06:15,216 [main] INFO com.utils.CommonUtils - Category Code for Super Distributor: DIST
2022-06-17 15:06:15,242 [main] INFO com.dbrepository.OracleRepository - Entered webInterface(Super Distributor)
2022-06-17 15:06:15,243 [main] INFO com.dbrepository.DBConnectionPool - Active Size:0 Cache Size:10
2022-06-17 15:06:15,246 [main] INFO com.dbrepository.OracleRepository - webInterface() :: select query: Select WEB_INTERFACE_ALLOWED from categories where category_name= ?
2022-06-17 15:06:15,365 [main] INFO com.dbrepository.OracleRepository - Database Returns: WEB_INTERFACE_ALLOWED (Y)
2022-06-17 15:06:15,367 [main] INFO com.dbrepository.OracleRepository - Exited webInterface()
2022-06-17 15:06:15,368 [main] INFO angular.feature.C2SBulkTransferRevamp - Entered performC2SBulkTransferInvalidLanguage(Root, Super Distributor, 2468, RC)
2022-06-17 15:06:15,406 [main] INFO angular.classes.LoginRevamp - LoginID found as: suser
2022-06-17 15:06:15,408 [main] INFO angular.classes.LoginRevamp - Password found as: Com@2469
2022-06-17 15:06:15,410 [main] INFO angular.classes.LoginRevamp - Username found as:  suser
2022-06-17 15:06:15,699 [main] INFO angular.pageobjects.loginpages.LoginPageRevamp - Trying to select Language
2022-06-17 15:06:26,072 [main] INFO angular.pageobjects.loginpages.LoginPageRevamp - <b>Language Selector Not Found:</b>
2022-06-17 15:06:26,084 [main] INFO angular.pageobjects.loginpages.LoginPageRevamp - Trying to enter Login ID
2022-06-17 15:06:26,231 [main] INFO angular.pageobjects.loginpages.LoginPageRevamp - Login ID entered successfully as: suser
2022-06-17 15:06:26,233 [main] INFO angular.pageobjects.loginpages.LoginPageRevamp - Trying to enter Password
2022-06-17 15:06:26,378 [main] INFO angular.pageobjects.loginpages.LoginPageRevamp - Password entered successfully as: Com@2469
2022-06-17 15:06:26,380 [main] INFO angular.pageobjects.loginpages.LoginPageRevamp - Trying to click Login Button
2022-06-17 15:06:26,473 [main] INFO angular.pageobjects.loginpages.LoginPageRevamp - Login button clicked successfully
2022-06-17 15:06:26,516 [main] INFO angular.pageobjects.loginpages.LoginPageRevamp - Error Message Found on Login Screen: 
2022-06-17 15:06:35,100 [main] INFO angular.pageobjects.RechargeBulk.RechargesBulk - Trying to click on Recharge Heading Link...
2022-06-17 15:06:35,188 [main] INFO angular.pageobjects.RechargeBulk.RechargesBulk - User clicked Recharged Heading Link.
2022-06-17 15:06:35,191 [main] INFO angular.pageobjects.RechargeBulk.RechargesBulk - Trying to click on Recharge Link...
2022-06-17 15:06:35,453 [main] INFO angular.pageobjects.RechargeBulk.RechargesBulk - User clicked Recharge Link
2022-06-17 15:06:35,455 [main] INFO angular.pageobjects.RechargeBulk.RechargesBulk - Trying clicking on C2S Bulk Operation Heading
2022-06-17 15:06:36,327 [main] INFO angular.pageobjects.RechargeBulk.RechargesBulk - User clicked C2S Bulk Operation Heading.
2022-06-17 15:06:41,339 [main] INFO angular.pageobjects.RechargeBulk.RechargesBulk - User Trying to click Bulk Prepaid Recharge
2022-06-17 15:07:01,423 [main] INFO com.classes.BaseTest - org.openqa.selenium.TimeoutException: Expected condition failed: waiting for visibility of element located by By.xpath: //div//a[@href='/pretups-ui/recharge/bulkRecharge'] (tried for 20 second(s) with 500 milliseconds interval)
2022-06-17 15:07:22,473 [main] ERROR com.sshmanager.SSHService - Error while getting SSH Server Instance : com.jcraft.jsch.JSchException: java.net.ConnectException: Connection timed out: connect
2022-06-17 15:07:23,382 [main] INFO angular.testscripts.prereuisitesangular.PreRequisite_C2STransferBulk_Revamp - ------------------ Test Case Execution Started For A_11_Test_C2SBulkTransferInvalidLanguageCode -------------------
2022-06-17 15:07:23,382 [main] INFO angular.testscripts.prereuisitesangular.PreRequisite_C2STransferBulk_Revamp - Entered A_11_Test_C2SBulkTransferInvalidLanguageCode(Root, Super Distributor, 2468, RC)
2022-06-17 15:07:23,428 [main] INFO com.utils.CommonUtils - Category Code for Super Distributor: DIST
2022-06-17 15:07:23,451 [main] INFO com.dbrepository.OracleRepository - Entered webInterface(Super Distributor)
2022-06-17 15:07:23,453 [main] INFO com.dbrepository.DBConnectionPool - Active Size:0 Cache Size:10
2022-06-17 15:07:23,457 [main] INFO com.dbrepository.OracleRepository - webInterface() :: select query: Select WEB_INTERFACE_ALLOWED from categories where category_name= ?
2022-06-17 15:07:23,574 [main] INFO com.dbrepository.OracleRepository - Database Returns: WEB_INTERFACE_ALLOWED (Y)
2022-06-17 15:07:23,577 [main] INFO com.dbrepository.OracleRepository - Exited webInterface()
2022-06-17 15:07:23,579 [main] INFO angular.feature.C2SBulkTransferRevamp - Entered performC2SBulkTransferInvalidLanguage(Root, Super Distributor, 2468, RC)
2022-06-17 15:07:23,634 [main] INFO angular.classes.LoginRevamp - LoginID found as: suser
2022-06-17 15:07:23,636 [main] INFO angular.classes.LoginRevamp - Password found as: Com@2469
2022-06-17 15:07:23,639 [main] INFO angular.classes.LoginRevamp - Username found as:  suser
2022-06-17 15:07:23,977 [main] INFO angular.pageobjects.loginpages.LoginPageRevamp - Trying to select Language
2022-06-17 15:07:34,311 [main] INFO angular.pageobjects.loginpages.LoginPageRevamp - <b>Language Selector Not Found:</b>
2022-06-17 15:07:34,323 [main] INFO angular.pageobjects.loginpages.LoginPageRevamp - Trying to enter Login ID
2022-06-17 15:07:34,472 [main] INFO angular.pageobjects.loginpages.LoginPageRevamp - Login ID entered successfully as: suser
2022-06-17 15:07:34,473 [main] INFO angular.pageobjects.loginpages.LoginPageRevamp - Trying to enter Password
2022-06-17 15:07:34,623 [main] INFO angular.pageobjects.loginpages.LoginPageRevamp - Password entered successfully as: Com@2469
2022-06-17 15:07:34,625 [main] INFO angular.pageobjects.loginpages.LoginPageRevamp - Trying to click Login Button
2022-06-17 15:07:34,730 [main] INFO angular.pageobjects.loginpages.LoginPageRevamp - Login button clicked successfully
2022-06-17 15:07:34,773 [main] INFO angular.pageobjects.loginpages.LoginPageRevamp - Error Message Found on Login Screen: 
2022-06-17 15:07:43,352 [main] INFO angular.pageobjects.RechargeBulk.RechargesBulk - Trying to click on Recharge Heading Link...
2022-06-17 15:07:43,478 [main] INFO angular.pageobjects.RechargeBulk.RechargesBulk - User clicked Recharged Heading Link.
2022-06-17 15:07:43,480 [main] INFO angular.pageobjects.RechargeBulk.RechargesBulk - Trying to click on Recharge Link...
2022-06-17 15:07:43,743 [main] INFO angular.pageobjects.RechargeBulk.RechargesBulk - User clicked Recharge Link
2022-06-17 15:07:43,745 [main] INFO angular.pageobjects.RechargeBulk.RechargesBulk - Trying clicking on C2S Bulk Operation Heading
2022-06-17 15:07:44,320 [main] INFO angular.pageobjects.RechargeBulk.RechargesBulk - User clicked C2S Bulk Operation Heading.
2022-06-17 15:07:49,330 [main] INFO angular.pageobjects.RechargeBulk.RechargesBulk - User Trying to click Bulk Prepaid Recharge
2022-06-17 15:08:09,474 [main] INFO com.classes.BaseTest - org.openqa.selenium.TimeoutException: Expected condition failed: waiting for visibility of element located by By.xpath: //div//a[@href='/pretups-ui/recharge/bulkRecharge'] (tried for 20 second(s) with 500 milliseconds interval)
2022-06-17 15:08:30,503 [main] ERROR com.sshmanager.SSHService - Error while getting SSH Server Instance : com.jcraft.jsch.JSchException: java.net.ConnectException: Connection timed out: connect
2022-06-17 15:08:31,475 [main] INFO angular.testscripts.prereuisitesangular.PreRequisite_C2STransferBulk_Revamp - ------------------ Test Case Execution Started For A_12_Test_C2SBulkTransferInvalidSubService -------------------
2022-06-17 15:08:31,475 [main] INFO angular.testscripts.prereuisitesangular.PreRequisite_C2STransferBulk_Revamp - Entered A_12_Test_C2SBulkTransferInvalidSubService(Root, Super Distributor, 2468, RC)
2022-06-17 15:08:31,541 [main] INFO com.utils.CommonUtils - Category Code for Super Distributor: DIST
2022-06-17 15:08:31,573 [main] INFO com.dbrepository.OracleRepository - Entered webInterface(Super Distributor)
2022-06-17 15:08:31,575 [main] INFO com.dbrepository.DBConnectionPool - Active Size:0 Cache Size:10
2022-06-17 15:08:31,578 [main] INFO com.dbrepository.OracleRepository - webInterface() :: select query: Select WEB_INTERFACE_ALLOWED from categories where category_name= ?
2022-06-17 15:08:31,686 [main] INFO com.dbrepository.OracleRepository - Database Returns: WEB_INTERFACE_ALLOWED (Y)
2022-06-17 15:08:31,688 [main] INFO com.dbrepository.OracleRepository - Exited webInterface()
2022-06-17 15:08:31,690 [main] INFO angular.feature.C2SBulkTransferRevamp - Entered performC2SBulkTransferInvalidSubService(Root, Super Distributor, 2468, RC)
2022-06-17 15:08:31,751 [main] INFO angular.classes.LoginRevamp - LoginID found as: suser
2022-06-17 15:08:31,754 [main] INFO angular.classes.LoginRevamp - Password found as: Com@2469
2022-06-17 15:08:31,757 [main] INFO angular.classes.LoginRevamp - Username found as:  suser
2022-06-17 15:08:32,152 [main] INFO angular.pageobjects.loginpages.LoginPageRevamp - Trying to select Language
2022-06-17 15:08:42,444 [main] INFO angular.pageobjects.loginpages.LoginPageRevamp - <b>Language Selector Not Found:</b>
2022-06-17 15:08:42,456 [main] INFO angular.pageobjects.loginpages.LoginPageRevamp - Trying to enter Login ID
2022-06-17 15:08:42,613 [main] INFO angular.pageobjects.loginpages.LoginPageRevamp - Login ID entered successfully as: suser
2022-06-17 15:08:42,615 [main] INFO angular.pageobjects.loginpages.LoginPageRevamp - Trying to enter Password
2022-06-17 15:08:42,762 [main] INFO angular.pageobjects.loginpages.LoginPageRevamp - Password entered successfully as: Com@2469
2022-06-17 15:08:42,764 [main] INFO angular.pageobjects.loginpages.LoginPageRevamp - Trying to click Login Button
2022-06-17 15:08:42,864 [main] INFO angular.pageobjects.loginpages.LoginPageRevamp - Login button clicked successfully
2022-06-17 15:08:42,914 [main] INFO angular.pageobjects.loginpages.LoginPageRevamp - Error Message Found on Login Screen: 
2022-06-17 15:08:51,992 [main] INFO angular.pageobjects.RechargeBulk.RechargesBulk - Trying to click on Recharge Heading Link...
2022-06-17 15:08:52,105 [main] INFO angular.pageobjects.RechargeBulk.RechargesBulk - User clicked Recharged Heading Link.
2022-06-17 15:08:52,108 [main] INFO angular.pageobjects.RechargeBulk.RechargesBulk - Trying to click on Recharge Link...
2022-06-17 15:08:52,386 [main] INFO angular.pageobjects.RechargeBulk.RechargesBulk - User clicked Recharge Link
2022-06-17 15:08:52,388 [main] INFO angular.pageobjects.RechargeBulk.RechargesBulk - Trying clicking on C2S Bulk Operation Heading
2022-06-17 15:08:52,876 [main] INFO angular.pageobjects.RechargeBulk.RechargesBulk - User clicked C2S Bulk Operation Heading.
2022-06-17 15:08:57,894 [main] INFO angular.pageobjects.RechargeBulk.RechargesBulk - User Trying to click Bulk Prepaid Recharge
2022-06-17 15:09:18,057 [main] INFO com.classes.BaseTest - org.openqa.selenium.TimeoutException: Expected condition failed: waiting for visibility of element located by By.xpath: //div//a[@href='/pretups-ui/recharge/bulkRecharge'] (tried for 20 second(s) with 500 milliseconds interval)
2022-06-17 15:09:39,109 [main] ERROR com.sshmanager.SSHService - Error while getting SSH Server Instance : com.jcraft.jsch.JSchException: java.net.ConnectException: Connection timed out: connect
2022-06-17 15:09:39,983 [main] INFO angular.testscripts.prereuisitesangular.PreRequisite_C2STransferBulk_Revamp - ------------------ Test Case Execution Started For A_13_Test_C2SBulkTransferAlphanumericAmount -------------------
2022-06-17 15:09:39,983 [main] INFO angular.testscripts.prereuisitesangular.PreRequisite_C2STransferBulk_Revamp - Entered A_13_Test_C2SBulkTransferAlphanumericAmount(Root, Super Distributor, 2468, RC)
2022-06-17 15:09:40,042 [main] INFO com.utils.CommonUtils - Category Code for Super Distributor: DIST
2022-06-17 15:09:40,069 [main] INFO com.dbrepository.OracleRepository - Entered webInterface(Super Distributor)
2022-06-17 15:09:40,072 [main] INFO com.dbrepository.DBConnectionPool - Active Size:0 Cache Size:10
2022-06-17 15:09:40,075 [main] INFO com.dbrepository.OracleRepository - webInterface() :: select query: Select WEB_INTERFACE_ALLOWED from categories where category_name= ?
2022-06-17 15:09:40,183 [main] INFO com.dbrepository.OracleRepository - Database Returns: WEB_INTERFACE_ALLOWED (Y)
2022-06-17 15:09:40,185 [main] INFO com.dbrepository.OracleRepository - Exited webInterface()
2022-06-17 15:09:40,186 [main] INFO angular.feature.C2SBulkTransferRevamp - Entered performC2SBulkTransferAlphanumericAmount(Root, Super Distributor, 2468, RC)
2022-06-17 15:09:40,229 [main] INFO angular.classes.LoginRevamp - LoginID found as: suser
2022-06-17 15:09:40,231 [main] INFO angular.classes.LoginRevamp - Password found as: Com@2469
2022-06-17 15:09:40,233 [main] INFO angular.classes.LoginRevamp - Username found as:  suser
2022-06-17 15:09:40,553 [main] INFO angular.pageobjects.loginpages.LoginPageRevamp - Trying to select Language
2022-06-17 15:09:50,882 [main] INFO angular.pageobjects.loginpages.LoginPageRevamp - <b>Language Selector Not Found:</b>
2022-06-17 15:09:50,894 [main] INFO angular.pageobjects.loginpages.LoginPageRevamp - Trying to enter Login ID
2022-06-17 15:09:51,048 [main] INFO angular.pageobjects.loginpages.LoginPageRevamp - Login ID entered successfully as: suser
2022-06-17 15:09:51,051 [main] INFO angular.pageobjects.loginpages.LoginPageRevamp - Trying to enter Password
2022-06-17 15:09:51,195 [main] INFO angular.pageobjects.loginpages.LoginPageRevamp - Password entered successfully as: Com@2469
2022-06-17 15:09:51,197 [main] INFO angular.pageobjects.loginpages.LoginPageRevamp - Trying to click Login Button
2022-06-17 15:09:51,290 [main] INFO angular.pageobjects.loginpages.LoginPageRevamp - Login button clicked successfully
2022-06-17 15:09:51,335 [main] INFO angular.pageobjects.loginpages.LoginPageRevamp - Error Message Found on Login Screen: 
2022-06-17 15:10:00,382 [main] INFO angular.pageobjects.RechargeBulk.RechargesBulk - Trying to click on Recharge Heading Link...
2022-06-17 15:10:00,470 [main] INFO angular.pageobjects.RechargeBulk.RechargesBulk - User clicked Recharged Heading Link.
2022-06-17 15:10:00,472 [main] INFO angular.pageobjects.RechargeBulk.RechargesBulk - Trying to click on Recharge Link...
2022-06-17 15:10:00,732 [main] INFO angular.pageobjects.RechargeBulk.RechargesBulk - User clicked Recharge Link
2022-06-17 15:10:00,736 [main] INFO angular.pageobjects.RechargeBulk.RechargesBulk - Trying clicking on C2S Bulk Operation Heading
2022-06-17 15:10:01,185 [main] INFO angular.pageobjects.RechargeBulk.RechargesBulk - User clicked C2S Bulk Operation Heading.
2022-06-17 15:10:06,189 [main] INFO angular.pageobjects.RechargeBulk.RechargesBulk - User Trying to click Bulk Prepaid Recharge
2022-06-17 15:10:26,212 [main] INFO com.classes.BaseTest - org.openqa.selenium.TimeoutException: Expected condition failed: waiting for visibility of element located by By.xpath: //div//a[@href='/pretups-ui/recharge/bulkRecharge'] (tried for 20 second(s) with 500 milliseconds interval)
2022-06-17 15:10:47,242 [main] ERROR com.sshmanager.SSHService - Error while getting SSH Server Instance : com.jcraft.jsch.JSchException: java.net.ConnectException: Connection timed out: connect
2022-06-17 15:10:47,983 [main] INFO angular.testscripts.prereuisitesangular.PreRequisite_C2STransferBulk_Revamp - ------------------ Test Case Execution Started For A_14_Test_C2SBulkTransferAlphanumericMSISDN -------------------
2022-06-17 15:10:47,983 [main] INFO angular.testscripts.prereuisitesangular.PreRequisite_C2STransferBulk_Revamp - Entered A_14_Test_C2SBulkTransferAlphanumericMSISDN(Root, Super Distributor, 2468, RC)
2022-06-17 15:10:48,021 [main] INFO com.utils.CommonUtils - Category Code for Super Distributor: DIST
2022-06-17 15:10:48,046 [main] INFO com.dbrepository.OracleRepository - Entered webInterface(Super Distributor)
2022-06-17 15:10:48,049 [main] INFO com.dbrepository.DBConnectionPool - Active Size:0 Cache Size:10
2022-06-17 15:10:48,050 [main] INFO com.dbrepository.OracleRepository - webInterface() :: select query: Select WEB_INTERFACE_ALLOWED from categories where category_name= ?
2022-06-17 15:10:48,165 [main] INFO com.dbrepository.OracleRepository - Database Returns: WEB_INTERFACE_ALLOWED (Y)
2022-06-17 15:10:48,166 [main] INFO com.dbrepository.OracleRepository - Exited webInterface()
2022-06-17 15:10:48,168 [main] INFO angular.feature.C2SBulkTransferRevamp - Entered performC2SBulkTransferAlphanumericMSISDN(Root, Super Distributor, 2468, RC)
2022-06-17 15:10:48,206 [main] INFO angular.classes.LoginRevamp - LoginID found as: suser
2022-06-17 15:10:48,207 [main] INFO angular.classes.LoginRevamp - Password found as: Com@2469
2022-06-17 15:10:48,209 [main] INFO angular.classes.LoginRevamp - Username found as:  suser
2022-06-17 15:10:48,469 [main] INFO angular.pageobjects.loginpages.LoginPageRevamp - Trying to select Language
2022-06-17 15:10:58,845 [main] INFO angular.pageobjects.loginpages.LoginPageRevamp - <b>Language Selector Not Found:</b>
2022-06-17 15:10:58,858 [main] INFO angular.pageobjects.loginpages.LoginPageRevamp - Trying to enter Login ID
2022-06-17 15:10:59,009 [main] INFO angular.pageobjects.loginpages.LoginPageRevamp - Login ID entered successfully as: suser
2022-06-17 15:10:59,011 [main] INFO angular.pageobjects.loginpages.LoginPageRevamp - Trying to enter Password
2022-06-17 15:10:59,160 [main] INFO angular.pageobjects.loginpages.LoginPageRevamp - Password entered successfully as: Com@2469
2022-06-17 15:10:59,161 [main] INFO angular.pageobjects.loginpages.LoginPageRevamp - Trying to click Login Button
2022-06-17 15:10:59,258 [main] INFO angular.pageobjects.loginpages.LoginPageRevamp - Login button clicked successfully
2022-06-17 15:10:59,308 [main] INFO angular.pageobjects.loginpages.LoginPageRevamp - Error Message Found on Login Screen: 
2022-06-17 15:11:07,818 [main] INFO angular.pageobjects.RechargeBulk.RechargesBulk - Trying to click on Recharge Heading Link...
2022-06-17 15:11:07,916 [main] INFO angular.pageobjects.RechargeBulk.RechargesBulk - User clicked Recharged Heading Link.
2022-06-17 15:11:07,918 [main] INFO angular.pageobjects.RechargeBulk.RechargesBulk - Trying to click on Recharge Link...
2022-06-17 15:11:08,173 [main] INFO angular.pageobjects.RechargeBulk.RechargesBulk - User clicked Recharge Link
2022-06-17 15:11:08,175 [main] INFO angular.pageobjects.RechargeBulk.RechargesBulk - Trying clicking on C2S Bulk Operation Heading
2022-06-17 15:11:08,819 [main] INFO angular.pageobjects.RechargeBulk.RechargesBulk - User clicked C2S Bulk Operation Heading.
2022-06-17 15:11:13,837 [main] INFO angular.pageobjects.RechargeBulk.RechargesBulk - User Trying to click Bulk Prepaid Recharge
2022-06-17 15:11:33,897 [main] INFO com.classes.BaseTest - org.openqa.selenium.TimeoutException: Expected condition failed: waiting for visibility of element located by By.xpath: //div//a[@href='/pretups-ui/recharge/bulkRecharge'] (tried for 20 second(s) with 500 milliseconds interval)
2022-06-17 15:11:54,934 [main] ERROR com.sshmanager.SSHService - Error while getting SSH Server Instance : com.jcraft.jsch.JSchException: java.net.ConnectException: Connection timed out: connect
2022-06-17 15:11:55,753 [main] INFO angular.testscripts.prereuisitesangular.PreRequisite_C2STransferBulk_Revamp - ------------------ Test Case Execution Started For A_15_Test_C2SBulkTransferResetButton -------------------
2022-06-17 15:11:55,753 [main] INFO angular.testscripts.prereuisitesangular.PreRequisite_C2STransferBulk_Revamp - Entered A_15_Test_C2SBulkTransferResetButton(Root, Super Distributor, 2468, RC)
2022-06-17 15:11:55,795 [main] INFO com.utils.CommonUtils - Category Code for Super Distributor: DIST
2022-06-17 15:11:55,815 [main] INFO com.dbrepository.OracleRepository - Entered webInterface(Super Distributor)
2022-06-17 15:11:55,817 [main] INFO com.dbrepository.DBConnectionPool - Active Size:0 Cache Size:10
2022-06-17 15:11:55,818 [main] INFO com.dbrepository.OracleRepository - webInterface() :: select query: Select WEB_INTERFACE_ALLOWED from categories where category_name= ?
2022-06-17 15:11:55,939 [main] INFO com.dbrepository.OracleRepository - Database Returns: WEB_INTERFACE_ALLOWED (Y)
2022-06-17 15:11:55,941 [main] INFO com.dbrepository.OracleRepository - Exited webInterface()
2022-06-17 15:11:55,943 [main] INFO angular.feature.C2SBulkTransferRevamp - Entered performC2SBulkTransferResetButton(Root, Super Distributor, 2468, RC)
2022-06-17 15:11:55,979 [main] INFO angular.classes.LoginRevamp - LoginID found as: suser
2022-06-17 15:11:55,981 [main] INFO angular.classes.LoginRevamp - Password found as: Com@2469
2022-06-17 15:11:55,984 [main] INFO angular.classes.LoginRevamp - Username found as:  suser
2022-06-17 15:11:56,321 [main] INFO angular.pageobjects.loginpages.LoginPageRevamp - Trying to select Language
2022-06-17 15:12:06,625 [main] INFO angular.pageobjects.loginpages.LoginPageRevamp - <b>Language Selector Not Found:</b>
2022-06-17 15:12:06,636 [main] INFO angular.pageobjects.loginpages.LoginPageRevamp - Trying to enter Login ID
2022-06-17 15:12:06,787 [main] INFO angular.pageobjects.loginpages.LoginPageRevamp - Login ID entered successfully as: suser
2022-06-17 15:12:06,790 [main] INFO angular.pageobjects.loginpages.LoginPageRevamp - Trying to enter Password
2022-06-17 15:12:06,936 [main] INFO angular.pageobjects.loginpages.LoginPageRevamp - Password entered successfully as: Com@2469
2022-06-17 15:12:06,937 [main] INFO angular.pageobjects.loginpages.LoginPageRevamp - Trying to click Login Button
2022-06-17 15:12:07,029 [main] INFO angular.pageobjects.loginpages.LoginPageRevamp - Login button clicked successfully
2022-06-17 15:12:07,069 [main] INFO angular.pageobjects.loginpages.LoginPageRevamp - Error Message Found on Login Screen: 
2022-06-17 15:12:16,088 [main] INFO angular.pageobjects.RechargeBulk.RechargesBulk - Trying to click on Recharge Heading Link...
2022-06-17 15:12:16,189 [main] INFO angular.pageobjects.RechargeBulk.RechargesBulk - User clicked Recharged Heading Link.
2022-06-17 15:12:16,192 [main] INFO angular.pageobjects.RechargeBulk.RechargesBulk - Trying to click on Recharge Link...
2022-06-17 15:12:16,451 [main] INFO angular.pageobjects.RechargeBulk.RechargesBulk - User clicked Recharge Link
2022-06-17 15:12:16,453 [main] INFO angular.pageobjects.RechargeBulk.RechargesBulk - Trying clicking on C2S Bulk Operation Heading
2022-06-17 15:12:17,176 [main] INFO angular.pageobjects.RechargeBulk.RechargesBulk - User clicked C2S Bulk Operation Heading.
2022-06-17 15:12:22,181 [main] INFO angular.pageobjects.RechargeBulk.RechargesBulk - User Trying to click Bulk Prepaid Recharge
2022-06-17 15:12:42,269 [main] INFO com.classes.BaseTest - org.openqa.selenium.TimeoutException: Expected condition failed: waiting for visibility of element located by By.xpath: //div//a[@href='/pretups-ui/recharge/bulkRecharge'] (tried for 20 second(s) with 500 milliseconds interval)
2022-06-17 15:13:03,306 [main] ERROR com.sshmanager.SSHService - Error while getting SSH Server Instance : com.jcraft.jsch.JSchException: java.net.ConnectException: Connection timed out: connect
2022-06-17 15:13:04,028 [main] INFO angular.testscripts.prereuisitesangular.PreRequisite_C2STransferBulk_Revamp - ------------------ Test Case Execution Started For A_16_Test_C2SBulkTransferInvalidPIN -------------------
2022-06-17 15:13:04,028 [main] INFO angular.testscripts.prereuisitesangular.PreRequisite_C2STransferBulk_Revamp - Entered A_16_Test_C2SBulkTransferInvalidPIN(Root, Super Distributor, 2468, RC)
2022-06-17 15:13:04,074 [main] INFO com.utils.CommonUtils - Category Code for Super Distributor: DIST
2022-06-17 15:13:04,100 [main] INFO com.dbrepository.OracleRepository - Entered webInterface(Super Distributor)
2022-06-17 15:13:04,102 [main] INFO com.dbrepository.DBConnectionPool - Active Size:0 Cache Size:10
2022-06-17 15:13:04,104 [main] INFO com.dbrepository.OracleRepository - webInterface() :: select query: Select WEB_INTERFACE_ALLOWED from categories where category_name= ?
2022-06-17 15:13:04,210 [main] INFO com.dbrepository.OracleRepository - Database Returns: WEB_INTERFACE_ALLOWED (Y)
2022-06-17 15:13:04,212 [main] INFO com.dbrepository.OracleRepository - Exited webInterface()
2022-06-17 15:13:04,213 [main] INFO angular.feature.C2SBulkTransferRevamp - Entered performC2SBulkTransferInvalidPIN(Root, Super Distributor, 2468, RC)
2022-06-17 15:13:04,254 [main] INFO angular.classes.LoginRevamp - LoginID found as: suser
2022-06-17 15:13:04,257 [main] INFO angular.classes.LoginRevamp - Password found as: Com@2469
2022-06-17 15:13:04,260 [main] INFO angular.classes.LoginRevamp - Username found as:  suser
2022-06-17 15:13:04,516 [main] INFO angular.pageobjects.loginpages.LoginPageRevamp - Trying to select Language
2022-06-17 15:13:14,912 [main] INFO angular.pageobjects.loginpages.LoginPageRevamp - <b>Language Selector Not Found:</b>
2022-06-17 15:13:14,922 [main] INFO angular.pageobjects.loginpages.LoginPageRevamp - Trying to enter Login ID
2022-06-17 15:13:15,090 [main] INFO angular.pageobjects.loginpages.LoginPageRevamp - Login ID entered successfully as: suser
2022-06-17 15:13:15,092 [main] INFO angular.pageobjects.loginpages.LoginPageRevamp - Trying to enter Password
2022-06-17 15:13:15,226 [main] INFO angular.pageobjects.loginpages.LoginPageRevamp - Password entered successfully as: Com@2469
2022-06-17 15:13:15,228 [main] INFO angular.pageobjects.loginpages.LoginPageRevamp - Trying to click Login Button
2022-06-17 15:13:15,322 [main] INFO angular.pageobjects.loginpages.LoginPageRevamp - Login button clicked successfully
2022-06-17 15:13:15,370 [main] INFO angular.pageobjects.loginpages.LoginPageRevamp - Error Message Found on Login Screen: 
2022-06-17 15:13:23,925 [main] INFO angular.pageobjects.RechargeBulk.RechargesBulk - Trying to click on Recharge Heading Link...
2022-06-17 15:13:24,015 [main] INFO angular.pageobjects.RechargeBulk.RechargesBulk - User clicked Recharged Heading Link.
2022-06-17 15:13:24,017 [main] INFO angular.pageobjects.RechargeBulk.RechargesBulk - Trying to click on Recharge Link...
2022-06-17 15:13:24,263 [main] INFO angular.pageobjects.RechargeBulk.RechargesBulk - User clicked Recharge Link
2022-06-17 15:13:24,265 [main] INFO angular.pageobjects.RechargeBulk.RechargesBulk - Trying clicking on C2S Bulk Operation Heading
2022-06-17 15:13:24,932 [main] INFO angular.pageobjects.RechargeBulk.RechargesBulk - User clicked C2S Bulk Operation Heading.
2022-06-17 15:13:29,941 [main] INFO angular.pageobjects.RechargeBulk.RechargesBulk - User Trying to click Bulk Prepaid Recharge
2022-06-17 15:13:50,069 [main] INFO com.classes.BaseTest - org.openqa.selenium.TimeoutException: Expected condition failed: waiting for visibility of element located by By.xpath: //div//a[@href='/pretups-ui/recharge/bulkRecharge'] (tried for 20 second(s) with 500 milliseconds interval)
2022-06-17 15:14:11,106 [main] ERROR com.sshmanager.SSHService - Error while getting SSH Server Instance : com.jcraft.jsch.JSchException: java.net.ConnectException: Connection timed out: connect
2022-06-17 15:14:11,859 [main] INFO angular.testscripts.prereuisitesangular.PreRequisite_C2STransferBulk_Revamp - ------------------ Test Case Execution Started For A_17_Test_C2SBulkTransferBlankPIN -------------------
2022-06-17 15:14:11,860 [main] INFO angular.testscripts.prereuisitesangular.PreRequisite_C2STransferBulk_Revamp - Entered A_17_Test_C2SBulkTransferBlankPIN(Root, Super Distributor, 2468, RC)
2022-06-17 15:14:11,898 [main] INFO com.utils.CommonUtils - Category Code for Super Distributor: DIST
2022-06-17 15:14:11,921 [main] INFO com.dbrepository.OracleRepository - Entered webInterface(Super Distributor)
2022-06-17 15:14:11,923 [main] INFO com.dbrepository.DBConnectionPool - Active Size:0 Cache Size:10
2022-06-17 15:14:11,924 [main] INFO com.dbrepository.OracleRepository - webInterface() :: select query: Select WEB_INTERFACE_ALLOWED from categories where category_name= ?
2022-06-17 15:14:12,019 [main] INFO com.dbrepository.OracleRepository - Database Returns: WEB_INTERFACE_ALLOWED (Y)
2022-06-17 15:14:12,020 [main] INFO com.dbrepository.OracleRepository - Exited webInterface()
2022-06-17 15:14:12,022 [main] INFO angular.feature.C2SBulkTransferRevamp - Entered performC2SBulkTransferBlankPIN(Root, Super Distributor, 2468, RC)
2022-06-17 15:14:12,063 [main] INFO angular.classes.LoginRevamp - LoginID found as: suser
2022-06-17 15:14:12,065 [main] INFO angular.classes.LoginRevamp - Password found as: Com@2469
2022-06-17 15:14:12,066 [main] INFO angular.classes.LoginRevamp - Username found as:  suser
2022-06-17 15:14:12,378 [main] INFO angular.pageobjects.loginpages.LoginPageRevamp - Trying to select Language
2022-06-17 15:14:22,701 [main] INFO angular.pageobjects.loginpages.LoginPageRevamp - <b>Language Selector Not Found:</b>
2022-06-17 15:14:22,713 [main] INFO angular.pageobjects.loginpages.LoginPageRevamp - Trying to enter Login ID
2022-06-17 15:14:22,868 [main] INFO angular.pageobjects.loginpages.LoginPageRevamp - Login ID entered successfully as: suser
2022-06-17 15:14:22,870 [main] INFO angular.pageobjects.loginpages.LoginPageRevamp - Trying to enter Password
2022-06-17 15:14:23,011 [main] INFO angular.pageobjects.loginpages.LoginPageRevamp - Password entered successfully as: Com@2469
2022-06-17 15:14:23,012 [main] INFO angular.pageobjects.loginpages.LoginPageRevamp - Trying to click Login Button
2022-06-17 15:14:23,112 [main] INFO angular.pageobjects.loginpages.LoginPageRevamp - Login button clicked successfully
2022-06-17 15:14:23,169 [main] INFO angular.pageobjects.loginpages.LoginPageRevamp - Error Message Found on Login Screen: 
2022-06-17 15:14:32,236 [main] INFO angular.pageobjects.RechargeBulk.RechargesBulk - Trying to click on Recharge Heading Link...
2022-06-17 15:14:32,339 [main] INFO angular.pageobjects.RechargeBulk.RechargesBulk - User clicked Recharged Heading Link.
2022-06-17 15:14:32,341 [main] INFO angular.pageobjects.RechargeBulk.RechargesBulk - Trying to click on Recharge Link...
2022-06-17 15:14:32,577 [main] INFO angular.pageobjects.RechargeBulk.RechargesBulk - User clicked Recharge Link
2022-06-17 15:14:32,578 [main] INFO angular.pageobjects.RechargeBulk.RechargesBulk - Trying clicking on C2S Bulk Operation Heading
2022-06-17 15:14:33,059 [main] INFO angular.pageobjects.RechargeBulk.RechargesBulk - User clicked C2S Bulk Operation Heading.
2022-06-17 15:14:38,065 [main] INFO angular.pageobjects.RechargeBulk.RechargesBulk - User Trying to click Bulk Prepaid Recharge
2022-06-17 15:14:58,233 [main] INFO com.classes.BaseTest - org.openqa.selenium.TimeoutException: Expected condition failed: waiting for visibility of element located by By.xpath: //div//a[@href='/pretups-ui/recharge/bulkRecharge'] (tried for 20 second(s) with 500 milliseconds interval)
2022-06-17 15:15:19,288 [main] ERROR com.sshmanager.SSHService - Error while getting SSH Server Instance : com.jcraft.jsch.JSchException: java.net.ConnectException: Connection timed out: connect
2022-06-17 15:15:20,083 [main] INFO angular.testscripts.prereuisitesangular.PreRequisite_C2STransferBulk_Revamp - ------------------ Test Case Execution Started For A_18_Test_C2SBulkTransferBlankScheduleDate -------------------
2022-06-17 15:15:20,083 [main] INFO angular.testscripts.prereuisitesangular.PreRequisite_C2STransferBulk_Revamp - Entered A_18_Test_C2SBulkTransferBlankScheduleDate(Root, Super Distributor, 2468, RC)
2022-06-17 15:15:20,123 [main] INFO com.utils.CommonUtils - Category Code for Super Distributor: DIST
2022-06-17 15:15:20,148 [main] INFO com.dbrepository.OracleRepository - Entered webInterface(Super Distributor)
2022-06-17 15:15:20,150 [main] INFO com.dbrepository.DBConnectionPool - Active Size:0 Cache Size:10
2022-06-17 15:15:20,152 [main] INFO com.dbrepository.OracleRepository - webInterface() :: select query: Select WEB_INTERFACE_ALLOWED from categories where category_name= ?
2022-06-17 15:15:20,251 [main] INFO com.dbrepository.OracleRepository - Database Returns: WEB_INTERFACE_ALLOWED (Y)
2022-06-17 15:15:20,253 [main] INFO com.dbrepository.OracleRepository - Exited webInterface()
2022-06-17 15:15:20,255 [main] INFO angular.feature.C2SBulkTransferRevamp - Entered performC2SBulkTransferBlankScheduleDate(Root, Super Distributor, 2468, RC)
2022-06-17 15:15:20,294 [main] INFO angular.classes.LoginRevamp - LoginID found as: suser
2022-06-17 15:15:20,294 [main] INFO angular.classes.LoginRevamp - Password found as: Com@2469
2022-06-17 15:15:20,297 [main] INFO angular.classes.LoginRevamp - Username found as:  suser
2022-06-17 15:15:20,579 [main] INFO angular.pageobjects.loginpages.LoginPageRevamp - Trying to select Language
2022-06-17 15:15:30,923 [main] INFO angular.pageobjects.loginpages.LoginPageRevamp - <b>Language Selector Not Found:</b>
2022-06-17 15:15:30,933 [main] INFO angular.pageobjects.loginpages.LoginPageRevamp - Trying to enter Login ID
2022-06-17 15:15:31,102 [main] INFO angular.pageobjects.loginpages.LoginPageRevamp - Login ID entered successfully as: suser
2022-06-17 15:15:31,105 [main] INFO angular.pageobjects.loginpages.LoginPageRevamp - Trying to enter Password
2022-06-17 15:15:31,250 [main] INFO angular.pageobjects.loginpages.LoginPageRevamp - Password entered successfully as: Com@2469
2022-06-17 15:15:31,254 [main] INFO angular.pageobjects.loginpages.LoginPageRevamp - Trying to click Login Button
2022-06-17 15:15:31,347 [main] INFO angular.pageobjects.loginpages.LoginPageRevamp - Login button clicked successfully
2022-06-17 15:15:31,390 [main] INFO angular.pageobjects.loginpages.LoginPageRevamp - Error Message Found on Login Screen: 
2022-06-17 15:15:40,418 [main] INFO angular.pageobjects.RechargeBulk.RechargesBulk - Trying to click on Recharge Heading Link...
2022-06-17 15:15:40,509 [main] INFO angular.pageobjects.RechargeBulk.RechargesBulk - User clicked Recharged Heading Link.
2022-06-17 15:15:40,512 [main] INFO angular.pageobjects.RechargeBulk.RechargesBulk - Trying to click on Recharge Link...
2022-06-17 15:15:40,754 [main] INFO angular.pageobjects.RechargeBulk.RechargesBulk - User clicked Recharge Link
2022-06-17 15:15:40,758 [main] INFO angular.pageobjects.RechargeBulk.RechargesBulk - Trying clicking on C2S Bulk Operation Heading
2022-06-17 15:15:41,194 [main] INFO angular.pageobjects.RechargeBulk.RechargesBulk - User clicked C2S Bulk Operation Heading.
2022-06-17 15:15:46,208 [main] INFO angular.pageobjects.RechargeBulk.RechargesBulk - User Trying to click Bulk Prepaid Recharge
2022-06-17 15:16:06,346 [main] INFO com.classes.BaseTest - org.openqa.selenium.TimeoutException: Expected condition failed: waiting for visibility of element located by By.xpath: //div//a[@href='/pretups-ui/recharge/bulkRecharge'] (tried for 20 second(s) with 500 milliseconds interval)
2022-06-17 15:16:27,397 [main] ERROR com.sshmanager.SSHService - Error while getting SSH Server Instance : com.jcraft.jsch.JSchException: java.net.ConnectException: Connection timed out: connect
2022-06-17 15:16:28,086 [main] INFO angular.testscripts.prereuisitesangular.PreRequisite_C2STransferBulk_Revamp - ------------------ Test Case Execution Started For TC_19_Test_C2SBulkTransferBlankOccurrence -------------------
2022-06-17 15:16:28,086 [main] INFO angular.testscripts.prereuisitesangular.PreRequisite_C2STransferBulk_Revamp - Entered TC_19_Test_C2SBulkTransferBlankOccurrence(Root, Super Distributor, 2468, RC)
2022-06-17 15:16:28,129 [main] INFO com.utils.CommonUtils - Category Code for Super Distributor: DIST
2022-06-17 15:16:28,154 [main] INFO com.dbrepository.OracleRepository - Entered webInterface(Super Distributor)
2022-06-17 15:16:28,155 [main] INFO com.dbrepository.DBConnectionPool - Active Size:0 Cache Size:10
2022-06-17 15:16:28,156 [main] INFO com.dbrepository.OracleRepository - webInterface() :: select query: Select WEB_INTERFACE_ALLOWED from categories where category_name= ?
2022-06-17 15:16:28,305 [main] INFO com.dbrepository.OracleRepository - Database Returns: WEB_INTERFACE_ALLOWED (Y)
2022-06-17 15:16:28,307 [main] INFO com.dbrepository.OracleRepository - Exited webInterface()
2022-06-17 15:16:28,308 [main] INFO angular.feature.C2SBulkTransferRevamp - Entered performC2SBulkTransferBlankOccurrence(Root, Super Distributor, 2468, RC)
2022-06-17 15:16:28,348 [main] INFO angular.classes.LoginRevamp - LoginID found as: suser
2022-06-17 15:16:28,350 [main] INFO angular.classes.LoginRevamp - Password found as: Com@2469
2022-06-17 15:16:28,353 [main] INFO angular.classes.LoginRevamp - Username found as:  suser
2022-06-17 15:16:28,694 [main] INFO angular.pageobjects.loginpages.LoginPageRevamp - Trying to select Language
2022-06-17 15:16:39,031 [main] INFO angular.pageobjects.loginpages.LoginPageRevamp - <b>Language Selector Not Found:</b>
2022-06-17 15:16:39,044 [main] INFO angular.pageobjects.loginpages.LoginPageRevamp - Trying to enter Login ID
2022-06-17 15:16:39,191 [main] INFO angular.pageobjects.loginpages.LoginPageRevamp - Login ID entered successfully as: suser
2022-06-17 15:16:39,194 [main] INFO angular.pageobjects.loginpages.LoginPageRevamp - Trying to enter Password
2022-06-17 15:16:39,347 [main] INFO angular.pageobjects.loginpages.LoginPageRevamp - Password entered successfully as: Com@2469
2022-06-17 15:16:39,349 [main] INFO angular.pageobjects.loginpages.LoginPageRevamp - Trying to click Login Button
2022-06-17 15:16:39,450 [main] INFO angular.pageobjects.loginpages.LoginPageRevamp - Login button clicked successfully
2022-06-17 15:16:39,494 [main] INFO angular.pageobjects.loginpages.LoginPageRevamp - Error Message Found on Login Screen: 
2022-06-17 15:16:48,028 [main] INFO angular.pageobjects.RechargeBulk.RechargesBulk - Trying to click on Recharge Heading Link...
2022-06-17 15:16:48,129 [main] INFO angular.pageobjects.RechargeBulk.RechargesBulk - User clicked Recharged Heading Link.
2022-06-17 15:16:48,131 [main] INFO angular.pageobjects.RechargeBulk.RechargesBulk - Trying to click on Recharge Link...
2022-06-17 15:16:48,390 [main] INFO angular.pageobjects.RechargeBulk.RechargesBulk - User clicked Recharge Link
2022-06-17 15:16:48,392 [main] INFO angular.pageobjects.RechargeBulk.RechargesBulk - Trying clicking on C2S Bulk Operation Heading
2022-06-17 15:16:48,974 [main] INFO angular.pageobjects.RechargeBulk.RechargesBulk - User clicked C2S Bulk Operation Heading.
2022-06-17 15:16:53,977 [main] INFO angular.pageobjects.RechargeBulk.RechargesBulk - User Trying to click Bulk Prepaid Recharge
2022-06-17 15:17:14,069 [main] INFO com.classes.BaseTest - org.openqa.selenium.TimeoutException: Expected condition failed: waiting for visibility of element located by By.xpath: //div//a[@href='/pretups-ui/recharge/bulkRecharge'] (tried for 20 second(s) with 500 milliseconds interval)
2022-06-17 15:17:35,105 [main] ERROR com.sshmanager.SSHService - Error while getting SSH Server Instance : com.jcraft.jsch.JSchException: java.net.ConnectException: Connection timed out: connect
2022-06-17 15:17:35,890 [main] INFO angular.testscripts.prereuisitesangular.PreRequisite_C2STransferBulk_Revamp - ------------------ Test Case Execution Started For TC_20_Test_C2SBulkTransferBlankNoofIterations -------------------
2022-06-17 15:17:35,890 [main] INFO angular.testscripts.prereuisitesangular.PreRequisite_C2STransferBulk_Revamp - Entered TC_20_Test_C2SBulkTransferBlankNoofIterations(Root, Super Distributor, 2468, RC)
2022-06-17 15:17:35,934 [main] INFO com.utils.CommonUtils - Category Code for Super Distributor: DIST
2022-06-17 15:17:35,954 [main] INFO com.dbrepository.OracleRepository - Entered webInterface(Super Distributor)
2022-06-17 15:17:35,956 [main] INFO com.dbrepository.DBConnectionPool - Active Size:0 Cache Size:10
2022-06-17 15:17:35,958 [main] INFO com.dbrepository.OracleRepository - webInterface() :: select query: Select WEB_INTERFACE_ALLOWED from categories where category_name= ?
2022-06-17 15:17:36,083 [main] INFO com.dbrepository.OracleRepository - Database Returns: WEB_INTERFACE_ALLOWED (Y)
2022-06-17 15:17:36,085 [main] INFO com.dbrepository.OracleRepository - Exited webInterface()
2022-06-17 15:17:36,087 [main] INFO angular.feature.C2SBulkTransferRevamp - Entered performC2SBulkTransferBlankNoofIterations(Root, Super Distributor, 2468, RC)
2022-06-17 15:17:36,131 [main] INFO angular.classes.LoginRevamp - LoginID found as: suser
2022-06-17 15:17:36,133 [main] INFO angular.classes.LoginRevamp - Password found as: Com@2469
2022-06-17 15:17:36,134 [main] INFO angular.classes.LoginRevamp - Username found as:  suser
2022-06-17 15:17:36,411 [main] INFO angular.pageobjects.loginpages.LoginPageRevamp - Trying to select Language
2022-06-17 15:17:46,716 [main] INFO angular.pageobjects.loginpages.LoginPageRevamp - <b>Language Selector Not Found:</b>
2022-06-17 15:17:46,726 [main] INFO angular.pageobjects.loginpages.LoginPageRevamp - Trying to enter Login ID
2022-06-17 15:17:46,879 [main] INFO angular.pageobjects.loginpages.LoginPageRevamp - Login ID entered successfully as: suser
2022-06-17 15:17:46,882 [main] INFO angular.pageobjects.loginpages.LoginPageRevamp - Trying to enter Password
2022-06-17 15:17:47,030 [main] INFO angular.pageobjects.loginpages.LoginPageRevamp - Password entered successfully as: Com@2469
2022-06-17 15:17:47,033 [main] INFO angular.pageobjects.loginpages.LoginPageRevamp - Trying to click Login Button
2022-06-17 15:17:47,134 [main] INFO angular.pageobjects.loginpages.LoginPageRevamp - Login button clicked successfully
2022-06-17 15:17:47,174 [main] INFO angular.pageobjects.loginpages.LoginPageRevamp - Error Message Found on Login Screen: 
2022-06-17 15:17:56,226 [main] INFO angular.pageobjects.RechargeBulk.RechargesBulk - Trying to click on Recharge Heading Link...
2022-06-17 15:17:56,319 [main] INFO angular.pageobjects.RechargeBulk.RechargesBulk - User clicked Recharged Heading Link.
2022-06-17 15:17:56,322 [main] INFO angular.pageobjects.RechargeBulk.RechargesBulk - Trying to click on Recharge Link...
2022-06-17 15:17:56,578 [main] INFO angular.pageobjects.RechargeBulk.RechargesBulk - User clicked Recharge Link
2022-06-17 15:17:56,580 [main] INFO angular.pageobjects.RechargeBulk.RechargesBulk - Trying clicking on C2S Bulk Operation Heading
2022-06-17 15:17:57,290 [main] INFO angular.pageobjects.RechargeBulk.RechargesBulk - User clicked C2S Bulk Operation Heading.
2022-06-17 15:18:02,302 [main] INFO angular.pageobjects.RechargeBulk.RechargesBulk - User Trying to click Bulk Prepaid Recharge
2022-06-17 15:18:22,334 [main] INFO com.classes.BaseTest - org.openqa.selenium.TimeoutException: Expected condition failed: waiting for visibility of element located by By.xpath: //div//a[@href='/pretups-ui/recharge/bulkRecharge'] (tried for 20 second(s) with 500 milliseconds interval)
2022-06-17 15:18:43,373 [main] ERROR com.sshmanager.SSHService - Error while getting SSH Server Instance : com.jcraft.jsch.JSchException: java.net.ConnectException: Connection timed out: connect
2022-06-17 15:18:44,126 [main] INFO angular.testscripts.prereuisitesangular.PreRequisite_C2STransferBulk_Revamp - ------------------ Test Case Execution Started For TC_21_Test_C2SBulkTransferWithoutUploadingFile -------------------
2022-06-17 15:18:44,126 [main] INFO angular.testscripts.prereuisitesangular.PreRequisite_C2STransferBulk_Revamp - Entered TC_21_Test_C2SBulkTransferWithoutUploadingFile(Root, Super Distributor, 2468, RC)
2022-06-17 15:18:44,167 [main] INFO com.utils.CommonUtils - Category Code for Super Distributor: DIST
2022-06-17 15:18:44,191 [main] INFO com.dbrepository.OracleRepository - Entered webInterface(Super Distributor)
2022-06-17 15:18:44,193 [main] INFO com.dbrepository.DBConnectionPool - Active Size:0 Cache Size:10
2022-06-17 15:18:44,195 [main] INFO com.dbrepository.OracleRepository - webInterface() :: select query: Select WEB_INTERFACE_ALLOWED from categories where category_name= ?
2022-06-17 15:18:44,605 [main] INFO com.dbrepository.OracleRepository - Database Returns: WEB_INTERFACE_ALLOWED (Y)
2022-06-17 15:18:44,606 [main] INFO com.dbrepository.OracleRepository - Exited webInterface()
2022-06-17 15:18:44,608 [main] INFO angular.feature.C2SBulkTransferRevamp - Entered performC2SBulkTransferWithoutUploadingFile(Root, Super Distributor, 2468, RC)
2022-06-17 15:18:44,652 [main] INFO angular.classes.LoginRevamp - LoginID found as: suser
2022-06-17 15:18:44,654 [main] INFO angular.classes.LoginRevamp - Password found as: Com@2469
2022-06-17 15:18:44,656 [main] INFO angular.classes.LoginRevamp - Username found as:  suser
2022-06-17 15:18:44,954 [main] INFO angular.pageobjects.loginpages.LoginPageRevamp - Trying to select Language
2022-06-17 15:18:55,262 [main] INFO angular.pageobjects.loginpages.LoginPageRevamp - <b>Language Selector Not Found:</b>
2022-06-17 15:18:55,275 [main] INFO angular.pageobjects.loginpages.LoginPageRevamp - Trying to enter Login ID
2022-06-17 15:18:55,424 [main] INFO angular.pageobjects.loginpages.LoginPageRevamp - Login ID entered successfully as: suser
2022-06-17 15:18:55,427 [main] INFO angular.pageobjects.loginpages.LoginPageRevamp - Trying to enter Password
2022-06-17 15:18:55,578 [main] INFO angular.pageobjects.loginpages.LoginPageRevamp - Password entered successfully as: Com@2469
2022-06-17 15:18:55,580 [main] INFO angular.pageobjects.loginpages.LoginPageRevamp - Trying to click Login Button
2022-06-17 15:18:55,667 [main] INFO angular.pageobjects.loginpages.LoginPageRevamp - Login button clicked successfully
2022-06-17 15:18:55,727 [main] INFO angular.pageobjects.loginpages.LoginPageRevamp - Error Message Found on Login Screen: 
2022-06-17 15:19:04,736 [main] INFO angular.pageobjects.RechargeBulk.RechargesBulk - Trying to click on Recharge Heading Link...
2022-06-17 15:19:04,832 [main] INFO angular.pageobjects.RechargeBulk.RechargesBulk - User clicked Recharged Heading Link.
2022-06-17 15:19:04,834 [main] INFO angular.pageobjects.RechargeBulk.RechargesBulk - Trying to click on Recharge Link...
2022-06-17 15:19:05,078 [main] INFO angular.pageobjects.RechargeBulk.RechargesBulk - User clicked Recharge Link
2022-06-17 15:19:05,080 [main] INFO angular.pageobjects.RechargeBulk.RechargesBulk - Trying clicking on C2S Bulk Operation Heading
2022-06-17 15:19:05,681 [main] INFO angular.pageobjects.RechargeBulk.RechargesBulk - User clicked C2S Bulk Operation Heading.
2022-06-17 15:19:10,690 [main] INFO angular.pageobjects.RechargeBulk.RechargesBulk - User Trying to click Bulk Prepaid Recharge
2022-06-17 15:19:30,795 [main] INFO com.classes.BaseTest - org.openqa.selenium.TimeoutException: Expected condition failed: waiting for visibility of element located by By.xpath: //div//a[@href='/pretups-ui/recharge/bulkRecharge'] (tried for 20 second(s) with 500 milliseconds interval)
2022-06-17 15:19:51,842 [main] ERROR com.sshmanager.SSHService - Error while getting SSH Server Instance : com.jcraft.jsch.JSchException: java.net.ConnectException: Connection timed out: connect
2022-06-17 15:19:52,556 [main] INFO angular.testscripts.prereuisitesangular.PreRequisite_C2STransferBulk_Revamp - ------------------ Test Case Execution Started For TC_23_Test_C2SBulkTransferBlankTemplateFile -------------------
2022-06-17 15:19:52,556 [main] INFO angular.testscripts.prereuisitesangular.PreRequisite_C2STransferBulk_Revamp - Entered TC_23_Test_C2SBulkTransferBlankTemplateFile(Root, Super Distributor, 2468, RC)
2022-06-17 15:19:52,596 [main] INFO com.utils.CommonUtils - Category Code for Super Distributor: DIST
2022-06-17 15:19:52,618 [main] INFO com.dbrepository.OracleRepository - Entered webInterface(Super Distributor)
2022-06-17 15:19:52,620 [main] INFO com.dbrepository.DBConnectionPool - Active Size:0 Cache Size:10
2022-06-17 15:19:52,622 [main] INFO com.dbrepository.OracleRepository - webInterface() :: select query: Select WEB_INTERFACE_ALLOWED from categories where category_name= ?
2022-06-17 15:19:52,847 [main] INFO com.dbrepository.OracleRepository - Database Returns: WEB_INTERFACE_ALLOWED (Y)
2022-06-17 15:19:52,848 [main] INFO com.dbrepository.OracleRepository - Exited webInterface()
2022-06-17 15:19:52,850 [main] INFO angular.feature.C2SBulkTransferRevamp - Entered performC2SBulkTransferBlankTemplateFile(Root, Super Distributor, 2468, RC)
2022-06-17 15:19:52,894 [main] INFO angular.classes.LoginRevamp - LoginID found as: suser
2022-06-17 15:19:52,896 [main] INFO angular.classes.LoginRevamp - Password found as: Com@2469
2022-06-17 15:19:52,898 [main] INFO angular.classes.LoginRevamp - Username found as:  suser
2022-06-17 15:19:53,157 [main] INFO angular.pageobjects.loginpages.LoginPageRevamp - Trying to select Language
2022-06-17 15:20:03,478 [main] INFO angular.pageobjects.loginpages.LoginPageRevamp - <b>Language Selector Not Found:</b>
2022-06-17 15:20:03,489 [main] INFO angular.pageobjects.loginpages.LoginPageRevamp - Trying to enter Login ID
2022-06-17 15:20:03,649 [main] INFO angular.pageobjects.loginpages.LoginPageRevamp - Login ID entered successfully as: suser
2022-06-17 15:20:03,651 [main] INFO angular.pageobjects.loginpages.LoginPageRevamp - Trying to enter Password
2022-06-17 15:20:03,789 [main] INFO angular.pageobjects.loginpages.LoginPageRevamp - Password entered successfully as: Com@2469
2022-06-17 15:20:03,790 [main] INFO angular.pageobjects.loginpages.LoginPageRevamp - Trying to click Login Button
2022-06-17 15:20:03,883 [main] INFO angular.pageobjects.loginpages.LoginPageRevamp - Login button clicked successfully
2022-06-17 15:20:03,930 [main] INFO angular.pageobjects.loginpages.LoginPageRevamp - Error Message Found on Login Screen: 
2022-06-17 15:20:12,539 [main] INFO angular.pageobjects.RechargeBulk.RechargesBulk - Trying to click on Recharge Heading Link...
2022-06-17 15:20:12,624 [main] INFO angular.pageobjects.RechargeBulk.RechargesBulk - User clicked Recharged Heading Link.
2022-06-17 15:20:12,625 [main] INFO angular.pageobjects.RechargeBulk.RechargesBulk - Trying to click on Recharge Link...
2022-06-17 15:20:12,924 [main] INFO angular.pageobjects.RechargeBulk.RechargesBulk - User clicked Recharge Link
2022-06-17 15:20:12,926 [main] INFO angular.pageobjects.RechargeBulk.RechargesBulk - Trying clicking on C2S Bulk Operation Heading
2022-06-17 15:20:13,829 [main] INFO angular.pageobjects.RechargeBulk.RechargesBulk - User clicked C2S Bulk Operation Heading.
2022-06-17 15:20:18,836 [main] INFO angular.pageobjects.RechargeBulk.RechargesBulk - User Trying to click Bulk Prepaid Recharge
2022-06-17 15:20:38,896 [main] INFO com.classes.BaseTest - org.openqa.selenium.TimeoutException: Expected condition failed: waiting for visibility of element located by By.xpath: //div//a[@href='/pretups-ui/recharge/bulkRecharge'] (tried for 20 second(s) with 500 milliseconds interval)
2022-06-17 15:20:59,943 [main] ERROR com.sshmanager.SSHService - Error while getting SSH Server Instance : com.jcraft.jsch.JSchException: java.net.ConnectException: Connection timed out: connect
2022-06-17 15:21:00,684 [main] INFO angular.testscripts.prereuisitesangular.PreRequisite_C2STransferBulk_Revamp - ------------------ Test Case Execution Started For TC_24_Test_C2SBulkTransferInvalidFileType -------------------
2022-06-17 15:21:00,684 [main] INFO angular.testscripts.prereuisitesangular.PreRequisite_C2STransferBulk_Revamp - Entered TC_24_Test_C2SBulkTransferInvalidFileType(Root, Super Distributor, 2468, RC)
2022-06-17 15:21:00,727 [main] INFO com.utils.CommonUtils - Category Code for Super Distributor: DIST
2022-06-17 15:21:00,752 [main] INFO com.dbrepository.OracleRepository - Entered webInterface(Super Distributor)
2022-06-17 15:21:00,754 [main] INFO com.dbrepository.DBConnectionPool - Active Size:0 Cache Size:10
2022-06-17 15:21:00,756 [main] INFO com.dbrepository.OracleRepository - webInterface() :: select query: Select WEB_INTERFACE_ALLOWED from categories where category_name= ?
2022-06-17 15:21:00,850 [main] INFO com.dbrepository.OracleRepository - Database Returns: WEB_INTERFACE_ALLOWED (Y)
2022-06-17 15:21:00,852 [main] INFO com.dbrepository.OracleRepository - Exited webInterface()
2022-06-17 15:21:00,854 [main] INFO angular.feature.C2SBulkTransferRevamp - Entered performC2SBulkTransferInvalidFileType(Root, Super Distributor, 2468, RC)
2022-06-17 15:21:00,898 [main] INFO angular.classes.LoginRevamp - LoginID found as: suser
2022-06-17 15:21:00,900 [main] INFO angular.classes.LoginRevamp - Password found as: Com@2469
2022-06-17 15:21:00,901 [main] INFO angular.classes.LoginRevamp - Username found as:  suser
2022-06-17 15:21:01,234 [main] INFO angular.pageobjects.loginpages.LoginPageRevamp - Trying to select Language
2022-06-17 15:21:11,557 [main] INFO angular.pageobjects.loginpages.LoginPageRevamp - <b>Language Selector Not Found:</b>
2022-06-17 15:21:11,569 [main] INFO angular.pageobjects.loginpages.LoginPageRevamp - Trying to enter Login ID
2022-06-17 15:21:11,718 [main] INFO angular.pageobjects.loginpages.LoginPageRevamp - Login ID entered successfully as: suser
2022-06-17 15:21:11,720 [main] INFO angular.pageobjects.loginpages.LoginPageRevamp - Trying to enter Password
2022-06-17 15:21:11,861 [main] INFO angular.pageobjects.loginpages.LoginPageRevamp - Password entered successfully as: Com@2469
2022-06-17 15:21:11,862 [main] INFO angular.pageobjects.loginpages.LoginPageRevamp - Trying to click Login Button
2022-06-17 15:21:11,960 [main] INFO angular.pageobjects.loginpages.LoginPageRevamp - Login button clicked successfully
2022-06-17 15:21:12,011 [main] INFO angular.pageobjects.loginpages.LoginPageRevamp - Error Message Found on Login Screen: 
2022-06-17 15:21:20,544 [main] INFO angular.pageobjects.RechargeBulk.RechargesBulk - Trying to click on Recharge Heading Link...
2022-06-17 15:21:20,653 [main] INFO angular.pageobjects.RechargeBulk.RechargesBulk - User clicked Recharged Heading Link.
2022-06-17 15:21:20,656 [main] INFO angular.pageobjects.RechargeBulk.RechargesBulk - Trying to click on Recharge Link...
2022-06-17 15:21:20,929 [main] INFO angular.pageobjects.RechargeBulk.RechargesBulk - User clicked Recharge Link
2022-06-17 15:21:20,931 [main] INFO angular.pageobjects.RechargeBulk.RechargesBulk - Trying clicking on C2S Bulk Operation Heading
2022-06-17 15:21:21,479 [main] INFO angular.pageobjects.RechargeBulk.RechargesBulk - User clicked C2S Bulk Operation Heading.
2022-06-17 15:21:26,493 [main] INFO angular.pageobjects.RechargeBulk.RechargesBulk - User Trying to click Bulk Prepaid Recharge
2022-06-17 15:21:46,568 [main] INFO com.classes.BaseTest - org.openqa.selenium.TimeoutException: Expected condition failed: waiting for visibility of element located by By.xpath: //div//a[@href='/pretups-ui/recharge/bulkRecharge'] (tried for 20 second(s) with 500 milliseconds interval)
2022-06-17 15:22:07,612 [main] ERROR com.sshmanager.SSHService - Error while getting SSH Server Instance : com.jcraft.jsch.JSchException: java.net.ConnectException: Connection timed out: connect
2022-06-17 15:22:08,327 [main] INFO angular.testscripts.prereuisitesangular.PreRequisite_C2STransferBulk_Revamp - ------------------ Test Case Execution Started For TC_25_Test_C2SBulkTransferCopyButton -------------------
2022-06-17 15:22:08,327 [main] INFO angular.testscripts.prereuisitesangular.PreRequisite_C2STransferBulk_Revamp - Entered TC_25_Test_C2SBulkTransferCopyButton(Root, Super Distributor, 2468, RC)
2022-06-17 15:22:08,367 [main] INFO com.utils.CommonUtils - Category Code for Super Distributor: DIST
2022-06-17 15:22:08,391 [main] INFO com.dbrepository.OracleRepository - Entered webInterface(Super Distributor)
2022-06-17 15:22:08,393 [main] INFO com.dbrepository.DBConnectionPool - Active Size:0 Cache Size:10
2022-06-17 15:22:08,395 [main] INFO com.dbrepository.OracleRepository - webInterface() :: select query: Select WEB_INTERFACE_ALLOWED from categories where category_name= ?
2022-06-17 15:22:08,498 [main] INFO com.dbrepository.OracleRepository - Database Returns: WEB_INTERFACE_ALLOWED (Y)
2022-06-17 15:22:08,500 [main] INFO com.dbrepository.OracleRepository - Exited webInterface()
2022-06-17 15:22:08,502 [main] INFO angular.feature.C2SBulkTransferRevamp - Entered performC2SBulkTransferCopyButton(Root, Super Distributor, 2468, RC)
2022-06-17 15:22:08,539 [main] INFO angular.classes.LoginRevamp - LoginID found as: suser
2022-06-17 15:22:08,541 [main] INFO angular.classes.LoginRevamp - Password found as: Com@2469
2022-06-17 15:22:08,542 [main] INFO angular.classes.LoginRevamp - Username found as:  suser
2022-06-17 15:22:08,860 [main] INFO angular.pageobjects.loginpages.LoginPageRevamp - Trying to select Language
2022-06-17 15:22:19,176 [main] INFO angular.pageobjects.loginpages.LoginPageRevamp - <b>Language Selector Not Found:</b>
2022-06-17 15:22:19,187 [main] INFO angular.pageobjects.loginpages.LoginPageRevamp - Trying to enter Login ID
2022-06-17 15:22:19,341 [main] INFO angular.pageobjects.loginpages.LoginPageRevamp - Login ID entered successfully as: suser
2022-06-17 15:22:19,345 [main] INFO angular.pageobjects.loginpages.LoginPageRevamp - Trying to enter Password
2022-06-17 15:22:19,483 [main] INFO angular.pageobjects.loginpages.LoginPageRevamp - Password entered successfully as: Com@2469
2022-06-17 15:22:19,484 [main] INFO angular.pageobjects.loginpages.LoginPageRevamp - Trying to click Login Button
2022-06-17 15:22:19,579 [main] INFO angular.pageobjects.loginpages.LoginPageRevamp - Login button clicked successfully
2022-06-17 15:22:19,620 [main] INFO angular.pageobjects.loginpages.LoginPageRevamp - Error Message Found on Login Screen: 
2022-06-17 15:22:28,152 [main] INFO angular.pageobjects.RechargeBulk.RechargesBulk - Trying to click on Recharge Heading Link...
2022-06-17 15:22:28,243 [main] INFO angular.pageobjects.RechargeBulk.RechargesBulk - User clicked Recharged Heading Link.
2022-06-17 15:22:28,246 [main] INFO angular.pageobjects.RechargeBulk.RechargesBulk - Trying to click on Recharge Link...
2022-06-17 15:22:28,475 [main] INFO angular.pageobjects.RechargeBulk.RechargesBulk - User clicked Recharge Link
2022-06-17 15:22:28,477 [main] INFO angular.pageobjects.RechargeBulk.RechargesBulk - Trying clicking on C2S Bulk Operation Heading
2022-06-17 15:22:29,024 [main] INFO angular.pageobjects.RechargeBulk.RechargesBulk - User clicked C2S Bulk Operation Heading.
2022-06-17 15:22:34,034 [main] INFO angular.pageobjects.RechargeBulk.RechargesBulk - User Trying to click Bulk Prepaid Recharge
2022-06-17 15:22:54,127 [main] INFO com.classes.BaseTest - org.openqa.selenium.TimeoutException: Expected condition failed: waiting for visibility of element located by By.xpath: //div//a[@href='/pretups-ui/recharge/bulkRecharge'] (tried for 20 second(s) with 500 milliseconds interval)
2022-06-17 15:23:15,166 [main] ERROR com.sshmanager.SSHService - Error while getting SSH Server Instance : com.jcraft.jsch.JSchException: java.net.ConnectException: Connection timed out: connect
