2022-03-16 10:05:53,688 [main] INFO com.classes.BaseTest - Loading all methods from -masterVO class
2022-03-16 10:05:53,691 [main] INFO com.utils._masterVO - Loading Properties file from: .//src//test//resources//sysconfig//Constant.properties
2022-03-16 10:05:53,695 [main] INFO com.utils._masterVO - Properties File Loaded successfully
2022-03-16 10:05:53,698 [main] INFO com.utils._masterVO - Loading Master Sheet from: src//test//resources//config//DataProvider.xlsx
2022-03-16 10:05:54,308 [main] INFO com.utils._masterVO - Master Sheet Loaded successfully
2022-03-16 10:05:54,309 [main] INFO com.utils._masterVO - Loading Client Library for Client Versioning from: .//src//test//resources//sysconfig//ClientLib.properties
2022-03-16 10:05:54,312 [main] INFO com.utils._masterVO - Client Library Loaded successfully
2022-03-16 10:05:54,560 [main] INFO com.utils._masterVO - loadGeoDomains Map returns ::ZO - AUTbKlI - AUToKa1C
2022-03-16 10:05:54,669 [main] INFO com.utils._masterVO - loadGeoDomains Map returns ::AR - AUT7dba - AUT63dCN
2022-03-16 10:05:54,767 [main] INFO com.utils._masterVO - loadGeoDomains Map returns ::SA - AUTO2Fm - AUTNelnh
2022-03-16 10:05:55,205 [main] INFO com.utils._masterVO - Loading test case file file from: .//src//test//resources//sysconfig//testCaseFile.properties
2022-03-16 10:05:55,216 [main] INFO com.utils._masterVO - Test cases file Loaded successfully
2022-03-16 10:05:55,217 [main] INFO com.utils._masterVO - Loading Web Cases Master file from: .//src//test//resources//config//testCaseFile.properties
2022-03-16 10:05:55,231 [main] INFO com.utils._masterVO - Gateway Cases Master File Loaded successfully
2022-03-16 10:05:55,263 [main] INFO com.dbrepository.DBHandler - Entered Access Handler :: PostGreSQL
2022-03-16 10:05:55,267 [main] INFO com.commons.CacheController - New Cache DAO Loaded :: UPDATECACHE_VER = 1
2022-03-16 10:05:55,300 [MLog-Init-Reporter] INFO com.mchange.v2.log.MLog - MLog clients using log4j logging.
2022-03-16 10:05:55,403 [main] INFO com.mchange.v2.c3p0.C3P0Registry - Initializing c3p0-0.9.5.2 [built 08-December-2015 22:06:04 -0800; debug? true; trace: 10]
2022-03-16 10:05:55,484 [main] INFO com.mchange.v2.c3p0.impl.AbstractPoolBackedDataSource - Initializing c3p0 pool... com.mchange.v2.c3p0.ComboPooledDataSource [ acquireIncrement -> 5, acquireRetryAttempts -> 30, acquireRetryDelay -> 1000, autoCommitOnClose -> false, automaticTestTable -> null, breakAfterAcquireFailure -> false, checkoutTimeout -> 0, connectionCustomizerClassName -> null, connectionTesterClassName -> com.mchange.v2.c3p0.impl.DefaultConnectionTester, contextClassLoaderSource -> caller, dataSourceName -> 1hge148an148h2z0r2jqkv|407a7f2a, debugUnreturnedConnectionStackTraces -> false, description -> null, driverClass -> org.postgresql.Driver, extensions -> {}, factoryClassLocation -> null, forceIgnoreUnresolvedTransactions -> false, forceSynchronousCheckins -> false, forceUseNamedDriverClass -> false, identityToken -> 1hge148an148h2z0r2jqkv|407a7f2a, idleConnectionTestPeriod -> 0, initialPoolSize -> 10, jdbcUrl -> jdbc:postgresql://172.30.38.120:5432/pretups_trunk, maxAdministrativeTaskTime -> 0, maxConnectionAge -> 0, maxIdleTime -> 0, maxIdleTimeExcessConnections -> 0, maxPoolSize -> 20, maxStatements -> 0, maxStatementsPerConnection -> 0, minPoolSize -> 10, numHelperThreads -> 3, preferredTestQuery -> null, privilegeSpawnedThreads -> false, properties -> {user=******, password=******}, propertyCycle -> 0, statementCacheNumDeferredCloseThreads -> 0, testConnectionOnCheckin -> false, testConnectionOnCheckout -> false, unreturnedConnectionTimeout -> 0, userOverrides -> {}, usesTraditionalReflectiveProxies -> false ]
2022-03-16 10:05:56,079 [main] INFO com.dbrepository.PostGreSQLRepository - Entered :: getNetworkName()
2022-03-16 10:05:56,212 [main] INFO com.dbrepository.PostGreSQLRepository - Query Repository Returns: Network Name (Network GGN)
2022-03-16 10:05:56,214 [main] INFO com.dbrepository.PostGreSQLRepository - Entered :: getSystemPreference(AMOUNT_MULT_FACTOR)
2022-03-16 10:05:56,215 [main] INFO com.dbrepository.DBConnectionPool - Active Size:1 Cache Size:2
2022-03-16 10:05:56,304 [main] INFO com.dbrepository.PostGreSQLRepository - Query Repository Returns: DEFAULT_VALUE (100)
2022-03-16 10:05:56,308 [main] INFO com.dbrepository.PostGreSQLRepository - Entered :: getSystemPreference(MSISDN_PREFIX_LENGTH)
2022-03-16 10:05:56,311 [main] INFO com.dbrepository.DBConnectionPool - Active Size:2 Cache Size:1
2022-03-16 10:05:56,401 [main] INFO com.dbrepository.PostGreSQLRepository - Query Repository Returns: DEFAULT_VALUE (2)
2022-03-16 10:05:56,403 [main] INFO com.dbrepository.PostGreSQLRepository - Entered :: getSystemPreference(MAX_MSISDN_LENGTH)
2022-03-16 10:05:56,406 [main] INFO com.dbrepository.DBConnectionPool - Active Size:3 Cache Size:0
2022-03-16 10:05:56,560 [main] INFO com.dbrepository.PostGreSQLRepository - Query Repository Returns: DEFAULT_VALUE (15)
2022-03-16 10:05:56,562 [main] INFO com.dbrepository.PostGreSQLRepository - Entered :: getSystemPreference(USER_PRODUCT_MULTIPLE_WALLET)
2022-03-16 10:05:56,565 [main] INFO com.dbrepository.DBConnectionPool - Active Size:4 Cache Size:2
2022-03-16 10:05:56,649 [main] INFO com.dbrepository.PostGreSQLRepository - Query Repository Returns: DEFAULT_VALUE (false)
2022-03-16 10:05:56,652 [main] INFO com.dbrepository.PostGreSQLRepository - Entered :: getSystemPreference(EXTERNAL_DATE_FORMAT)
2022-03-16 10:05:56,655 [main] INFO com.dbrepository.DBConnectionPool - Active Size:5 Cache Size:1
2022-03-16 10:05:56,741 [main] INFO com.dbrepository.PostGreSQLRepository - Query Repository Returns: DEFAULT_VALUE (yyyy/MM/dd)
2022-03-16 10:05:56,744 [main] INFO com.dbrepository.PostGreSQLRepository - Entered :: getSystemPreference(DATE_FORMAT_CAL_JAVA)
2022-03-16 10:05:56,745 [main] INFO com.dbrepository.DBConnectionPool - Active Size:6 Cache Size:0
2022-03-16 10:05:56,984 [main] INFO com.dbrepository.PostGreSQLRepository - Query Repository Returns: DEFAULT_VALUE (yyyy/MM/dd)
2022-03-16 10:05:56,986 [main] INFO com.dbrepository.PostGreSQLRepository - Entered :: getSystemPreference(OTH_COM_CHNL)
2022-03-16 10:05:56,988 [main] INFO com.dbrepository.DBConnectionPool - Active Size:0 Cache Size:8
2022-03-16 10:05:57,071 [main] INFO com.dbrepository.PostGreSQLRepository - Query Repository Returns: DEFAULT_VALUE (false)
2022-03-16 10:05:57,074 [main] INFO com.dbrepository.PostGreSQLRepository - Entered :: getSystemPreference(DW_ALLOWED_GATEWAYS)
2022-03-16 10:05:57,077 [main] INFO com.dbrepository.DBConnectionPool - Active Size:0 Cache Size:8
2022-03-16 10:05:57,158 [main] INFO com.dbrepository.PostGreSQLRepository - Query Repository Returns: DEFAULT_VALUE (null)
2022-03-16 10:05:57,159 [main] INFO com.dbrepository.PostGreSQLRepository - Entered :: getSystemPreference(DEFAULT_LANGUAGE)
2022-03-16 10:05:57,160 [main] INFO com.dbrepository.DBConnectionPool - Active Size:0 Cache Size:8
2022-03-16 10:05:57,246 [main] INFO com.dbrepository.PostGreSQLRepository - Query Repository Returns: DEFAULT_VALUE (en)
2022-03-16 10:05:57,248 [main] INFO com.dbrepository.PostGreSQLRepository - Entered :: getSystemPreference(DEFAULT_COUNTRY)
2022-03-16 10:05:57,250 [main] INFO com.dbrepository.DBConnectionPool - Active Size:0 Cache Size:9
2022-03-16 10:05:57,336 [main] INFO com.dbrepository.PostGreSQLRepository - Query Repository Returns: DEFAULT_VALUE (US)
2022-03-16 10:05:57,337 [main] INFO com.utils._masterVO - Display Locale set to: en_US
2022-03-16 10:06:18,406 [main] ERROR com.sshmanager.SSHService - Error while getting SSH Server Instance : com.jcraft.jsch.JSchException: java.net.ConnectException: Connection timed out: connect
2022-03-16 10:06:18,439 [main] INFO com.utils._masterVO - Loading Messages Resource properties File from: .//src//test//resources//sysconfig//English.properties
2022-03-16 10:06:18,475 [main] INFO com.utils._masterVO - Messages Resource Properties file Loaded successfully
2022-03-16 10:06:18,476 [main] INFO com.utils._masterVO - Loading Messages Resource properties File from: .//src//test//resources//sysconfig//C2S_English.properties
2022-03-16 10:06:18,488 [main] INFO com.utils._masterVO - Messages Resource Properties file Loaded successfully
2022-03-16 10:06:18,489 [main] INFO com.dbrepository.PostGreSQLRepository - Entered getGatewayDetails('EXTGW','USSD','SMSC')
2022-03-16 10:06:18,490 [main] INFO com.dbrepository.DBConnectionPool - Active Size:0 Cache Size:10
2022-03-16 10:06:18,495 [main] INFO com.dbrepository.PostGreSQLRepository - getGatewayDetails() :: select query: SELECT rmg.gateway_code, mg.gateway_type, rmg.login_id, rmg.PASSWORD, rmg.content_type, rmg.service_port, mg.req_password_plain FROM message_gateway mg, req_message_gateway rmg WHERE mg.gateway_code = rmg.gateway_code AND rmg.gateway_code IN ('EXTGW','USSD','SMSC')
2022-03-16 10:06:18,605 [main] INFO com.dbrepository.PostGreSQLRepository - Database Returns: [[Ljava.lang.Object;@291a7e3c[{{EXTGW,EXTGW,pretups,0971500a350af5c3d1c0b12221a0558c,XML,190,Y},{USSD,USSD,pretups,0971500a350af5c3d1c0b12221a0558c,XML,190,Y},{SMSC,SMSC,pretups,0971500a350af5c3d1c0b12221a0558c,PLAIN,190,Y}}]
2022-03-16 10:06:18,608 [main] INFO com.dbrepository.PostGreSQLRepository - Exiting getGatewayDetails()
2022-03-16 10:06:18,614 [main] INFO com.utils._APIUtil - Entered getAPIServices(EXTGW)
2022-03-16 10:06:18,627 [main] INFO com.utils._APIUtil - Exiting getAPIServices([])
2022-03-16 10:06:18,628 [main] INFO com.utils._masterVO - Loading Gateway Cases Master file from: .//src//test//resources//config//GatewayMaster.xlsx
2022-03-16 10:06:18,750 [main] INFO com.utils.ExcelUtility - java.lang.NullPointerException
	at com.utils.ExcelUtility.getCellData(ExcelUtility.java:311)
	at com.utils._masterVO.loadGatewayCases(_masterVO.java:115)
	at com.utils._masterVO.loadExternalServices(_masterVO.java:448)
	at com.utils._masterVO.loadVO(_masterVO.java:81)
	at com.classes.BaseTest.setupReporter(BaseTest.java:85)
	at sun.reflect.NativeMethodAccessorImpl.invoke0(Native Method)
	at sun.reflect.NativeMethodAccessorImpl.invoke(Unknown Source)
	at sun.reflect.DelegatingMethodAccessorImpl.invoke(Unknown Source)
	at java.lang.reflect.Method.invoke(Unknown Source)
	at org.testng.internal.MethodInvocationHelper.invokeMethod(MethodInvocationHelper.java:124)
	at org.testng.internal.MethodInvocationHelper.invokeMethodConsideringTimeout(MethodInvocationHelper.java:59)
	at org.testng.internal.Invoker.invokeConfigurationMethod(Invoker.java:455)
	at org.testng.internal.Invoker.invokeConfigurations(Invoker.java:222)
	at org.testng.internal.Invoker.invokeConfigurations(Invoker.java:142)
	at org.testng.SuiteRunner.privateRun(SuiteRunner.java:401)
	at org.testng.SuiteRunner.run(SuiteRunner.java:364)
	at org.testng.SuiteRunnerWorker.runSuite(SuiteRunnerWorker.java:52)
	at org.testng.SuiteRunnerWorker.run(SuiteRunnerWorker.java:84)
	at org.testng.TestNG.runSuitesSequentially(TestNG.java:1208)
	at org.testng.TestNG.runSuitesLocally(TestNG.java:1137)
	at org.testng.TestNG.runSuites(TestNG.java:1049)
	at org.testng.TestNG.run(TestNG.java:1017)
	at org.testng.remote.AbstractRemoteTestNG.run(AbstractRemoteTestNG.java:115)
	at org.testng.remote.RemoteTestNG.initAndRun(RemoteTestNG.java:251)
	at org.testng.remote.RemoteTestNG.main(RemoteTestNG.java:77)

2022-03-16 10:06:18,754 [main] INFO com.utils.ExcelUtility - java.lang.NullPointerException
	at com.utils.ExcelUtility.getCellData(ExcelUtility.java:311)
	at com.utils._masterVO.loadGatewayCases(_masterVO.java:115)
	at com.utils._masterVO.loadExternalServices(_masterVO.java:448)
	at com.utils._masterVO.loadVO(_masterVO.java:81)
	at com.classes.BaseTest.setupReporter(BaseTest.java:85)
	at sun.reflect.NativeMethodAccessorImpl.invoke0(Native Method)
	at sun.reflect.NativeMethodAccessorImpl.invoke(Unknown Source)
	at sun.reflect.DelegatingMethodAccessorImpl.invoke(Unknown Source)
	at java.lang.reflect.Method.invoke(Unknown Source)
	at org.testng.internal.MethodInvocationHelper.invokeMethod(MethodInvocationHelper.java:124)
	at org.testng.internal.MethodInvocationHelper.invokeMethodConsideringTimeout(MethodInvocationHelper.java:59)
	at org.testng.internal.Invoker.invokeConfigurationMethod(Invoker.java:455)
	at org.testng.internal.Invoker.invokeConfigurations(Invoker.java:222)
	at org.testng.internal.Invoker.invokeConfigurations(Invoker.java:142)
	at org.testng.SuiteRunner.privateRun(SuiteRunner.java:401)
	at org.testng.SuiteRunner.run(SuiteRunner.java:364)
	at org.testng.SuiteRunnerWorker.runSuite(SuiteRunnerWorker.java:52)
	at org.testng.SuiteRunnerWorker.run(SuiteRunnerWorker.java:84)
	at org.testng.TestNG.runSuitesSequentially(TestNG.java:1208)
	at org.testng.TestNG.runSuitesLocally(TestNG.java:1137)
	at org.testng.TestNG.runSuites(TestNG.java:1049)
	at org.testng.TestNG.run(TestNG.java:1017)
	at org.testng.remote.AbstractRemoteTestNG.run(AbstractRemoteTestNG.java:115)
	at org.testng.remote.RemoteTestNG.initAndRun(RemoteTestNG.java:251)
	at org.testng.remote.RemoteTestNG.main(RemoteTestNG.java:77)

2022-03-16 10:06:18,756 [main] INFO com.utils.ExcelUtility - java.lang.NullPointerException
	at com.utils.ExcelUtility.getCellData(ExcelUtility.java:311)
	at com.utils._masterVO.loadGatewayCases(_masterVO.java:115)
	at com.utils._masterVO.loadExternalServices(_masterVO.java:448)
	at com.utils._masterVO.loadVO(_masterVO.java:81)
	at com.classes.BaseTest.setupReporter(BaseTest.java:85)
	at sun.reflect.NativeMethodAccessorImpl.invoke0(Native Method)
	at sun.reflect.NativeMethodAccessorImpl.invoke(Unknown Source)
	at sun.reflect.DelegatingMethodAccessorImpl.invoke(Unknown Source)
	at java.lang.reflect.Method.invoke(Unknown Source)
	at org.testng.internal.MethodInvocationHelper.invokeMethod(MethodInvocationHelper.java:124)
	at org.testng.internal.MethodInvocationHelper.invokeMethodConsideringTimeout(MethodInvocationHelper.java:59)
	at org.testng.internal.Invoker.invokeConfigurationMethod(Invoker.java:455)
	at org.testng.internal.Invoker.invokeConfigurations(Invoker.java:222)
	at org.testng.internal.Invoker.invokeConfigurations(Invoker.java:142)
	at org.testng.SuiteRunner.privateRun(SuiteRunner.java:401)
	at org.testng.SuiteRunner.run(SuiteRunner.java:364)
	at org.testng.SuiteRunnerWorker.runSuite(SuiteRunnerWorker.java:52)
	at org.testng.SuiteRunnerWorker.run(SuiteRunnerWorker.java:84)
	at org.testng.TestNG.runSuitesSequentially(TestNG.java:1208)
	at org.testng.TestNG.runSuitesLocally(TestNG.java:1137)
	at org.testng.TestNG.runSuites(TestNG.java:1049)
	at org.testng.TestNG.run(TestNG.java:1017)
	at org.testng.remote.AbstractRemoteTestNG.run(AbstractRemoteTestNG.java:115)
	at org.testng.remote.RemoteTestNG.initAndRun(RemoteTestNG.java:251)
	at org.testng.remote.RemoteTestNG.main(RemoteTestNG.java:77)

2022-03-16 10:06:18,769 [main] INFO com.utils.ExcelUtility - java.lang.NullPointerException
	at com.utils.ExcelUtility.getCellData(ExcelUtility.java:311)
	at com.utils._masterVO.loadGatewayCases(_masterVO.java:115)
	at com.utils._masterVO.loadExternalServices(_masterVO.java:448)
	at com.utils._masterVO.loadVO(_masterVO.java:81)
	at com.classes.BaseTest.setupReporter(BaseTest.java:85)
	at sun.reflect.NativeMethodAccessorImpl.invoke0(Native Method)
	at sun.reflect.NativeMethodAccessorImpl.invoke(Unknown Source)
	at sun.reflect.DelegatingMethodAccessorImpl.invoke(Unknown Source)
	at java.lang.reflect.Method.invoke(Unknown Source)
	at org.testng.internal.MethodInvocationHelper.invokeMethod(MethodInvocationHelper.java:124)
	at org.testng.internal.MethodInvocationHelper.invokeMethodConsideringTimeout(MethodInvocationHelper.java:59)
	at org.testng.internal.Invoker.invokeConfigurationMethod(Invoker.java:455)
	at org.testng.internal.Invoker.invokeConfigurations(Invoker.java:222)
	at org.testng.internal.Invoker.invokeConfigurations(Invoker.java:142)
	at org.testng.SuiteRunner.privateRun(SuiteRunner.java:401)
	at org.testng.SuiteRunner.run(SuiteRunner.java:364)
	at org.testng.SuiteRunnerWorker.runSuite(SuiteRunnerWorker.java:52)
	at org.testng.SuiteRunnerWorker.run(SuiteRunnerWorker.java:84)
	at org.testng.TestNG.runSuitesSequentially(TestNG.java:1208)
	at org.testng.TestNG.runSuitesLocally(TestNG.java:1137)
	at org.testng.TestNG.runSuites(TestNG.java:1049)
	at org.testng.TestNG.run(TestNG.java:1017)
	at org.testng.remote.AbstractRemoteTestNG.run(AbstractRemoteTestNG.java:115)
	at org.testng.remote.RemoteTestNG.initAndRun(RemoteTestNG.java:251)
	at org.testng.remote.RemoteTestNG.main(RemoteTestNG.java:77)

2022-03-16 10:06:18,800 [main] INFO com.utils.ExcelUtility - java.lang.NullPointerException
	at com.utils.ExcelUtility.getCellData(ExcelUtility.java:311)
	at com.utils._masterVO.loadGatewayCases(_masterVO.java:115)
	at com.utils._masterVO.loadExternalServices(_masterVO.java:448)
	at com.utils._masterVO.loadVO(_masterVO.java:81)
	at com.classes.BaseTest.setupReporter(BaseTest.java:85)
	at sun.reflect.NativeMethodAccessorImpl.invoke0(Native Method)
	at sun.reflect.NativeMethodAccessorImpl.invoke(Unknown Source)
	at sun.reflect.DelegatingMethodAccessorImpl.invoke(Unknown Source)
	at java.lang.reflect.Method.invoke(Unknown Source)
	at org.testng.internal.MethodInvocationHelper.invokeMethod(MethodInvocationHelper.java:124)
	at org.testng.internal.MethodInvocationHelper.invokeMethodConsideringTimeout(MethodInvocationHelper.java:59)
	at org.testng.internal.Invoker.invokeConfigurationMethod(Invoker.java:455)
	at org.testng.internal.Invoker.invokeConfigurations(Invoker.java:222)
	at org.testng.internal.Invoker.invokeConfigurations(Invoker.java:142)
	at org.testng.SuiteRunner.privateRun(SuiteRunner.java:401)
	at org.testng.SuiteRunner.run(SuiteRunner.java:364)
	at org.testng.SuiteRunnerWorker.runSuite(SuiteRunnerWorker.java:52)
	at org.testng.SuiteRunnerWorker.run(SuiteRunnerWorker.java:84)
	at org.testng.TestNG.runSuitesSequentially(TestNG.java:1208)
	at org.testng.TestNG.runSuitesLocally(TestNG.java:1137)
	at org.testng.TestNG.runSuites(TestNG.java:1049)
	at org.testng.TestNG.run(TestNG.java:1017)
	at org.testng.remote.AbstractRemoteTestNG.run(AbstractRemoteTestNG.java:115)
	at org.testng.remote.RemoteTestNG.initAndRun(RemoteTestNG.java:251)
	at org.testng.remote.RemoteTestNG.main(RemoteTestNG.java:77)

2022-03-16 10:06:18,822 [main] INFO com.utils.ExcelUtility - java.lang.NullPointerException
	at com.utils.ExcelUtility.getCellData(ExcelUtility.java:311)
	at com.utils._masterVO.loadGatewayCases(_masterVO.java:115)
	at com.utils._masterVO.loadExternalServices(_masterVO.java:448)
	at com.utils._masterVO.loadVO(_masterVO.java:81)
	at com.classes.BaseTest.setupReporter(BaseTest.java:85)
	at sun.reflect.NativeMethodAccessorImpl.invoke0(Native Method)
	at sun.reflect.NativeMethodAccessorImpl.invoke(Unknown Source)
	at sun.reflect.DelegatingMethodAccessorImpl.invoke(Unknown Source)
	at java.lang.reflect.Method.invoke(Unknown Source)
	at org.testng.internal.MethodInvocationHelper.invokeMethod(MethodInvocationHelper.java:124)
	at org.testng.internal.MethodInvocationHelper.invokeMethodConsideringTimeout(MethodInvocationHelper.java:59)
	at org.testng.internal.Invoker.invokeConfigurationMethod(Invoker.java:455)
	at org.testng.internal.Invoker.invokeConfigurations(Invoker.java:222)
	at org.testng.internal.Invoker.invokeConfigurations(Invoker.java:142)
	at org.testng.SuiteRunner.privateRun(SuiteRunner.java:401)
	at org.testng.SuiteRunner.run(SuiteRunner.java:364)
	at org.testng.SuiteRunnerWorker.runSuite(SuiteRunnerWorker.java:52)
	at org.testng.SuiteRunnerWorker.run(SuiteRunnerWorker.java:84)
	at org.testng.TestNG.runSuitesSequentially(TestNG.java:1208)
	at org.testng.TestNG.runSuitesLocally(TestNG.java:1137)
	at org.testng.TestNG.runSuites(TestNG.java:1049)
	at org.testng.TestNG.run(TestNG.java:1017)
	at org.testng.remote.AbstractRemoteTestNG.run(AbstractRemoteTestNG.java:115)
	at org.testng.remote.RemoteTestNG.initAndRun(RemoteTestNG.java:251)
	at org.testng.remote.RemoteTestNG.main(RemoteTestNG.java:77)

2022-03-16 10:06:18,823 [main] INFO com.utils.ExcelUtility - java.lang.NullPointerException
	at com.utils.ExcelUtility.getCellData(ExcelUtility.java:311)
	at com.utils._masterVO.loadGatewayCases(_masterVO.java:115)
	at com.utils._masterVO.loadExternalServices(_masterVO.java:448)
	at com.utils._masterVO.loadVO(_masterVO.java:81)
	at com.classes.BaseTest.setupReporter(BaseTest.java:85)
	at sun.reflect.NativeMethodAccessorImpl.invoke0(Native Method)
	at sun.reflect.NativeMethodAccessorImpl.invoke(Unknown Source)
	at sun.reflect.DelegatingMethodAccessorImpl.invoke(Unknown Source)
	at java.lang.reflect.Method.invoke(Unknown Source)
	at org.testng.internal.MethodInvocationHelper.invokeMethod(MethodInvocationHelper.java:124)
	at org.testng.internal.MethodInvocationHelper.invokeMethodConsideringTimeout(MethodInvocationHelper.java:59)
	at org.testng.internal.Invoker.invokeConfigurationMethod(Invoker.java:455)
	at org.testng.internal.Invoker.invokeConfigurations(Invoker.java:222)
	at org.testng.internal.Invoker.invokeConfigurations(Invoker.java:142)
	at org.testng.SuiteRunner.privateRun(SuiteRunner.java:401)
	at org.testng.SuiteRunner.run(SuiteRunner.java:364)
	at org.testng.SuiteRunnerWorker.runSuite(SuiteRunnerWorker.java:52)
	at org.testng.SuiteRunnerWorker.run(SuiteRunnerWorker.java:84)
	at org.testng.TestNG.runSuitesSequentially(TestNG.java:1208)
	at org.testng.TestNG.runSuitesLocally(TestNG.java:1137)
	at org.testng.TestNG.runSuites(TestNG.java:1049)
	at org.testng.TestNG.run(TestNG.java:1017)
	at org.testng.remote.AbstractRemoteTestNG.run(AbstractRemoteTestNG.java:115)
	at org.testng.remote.RemoteTestNG.initAndRun(RemoteTestNG.java:251)
	at org.testng.remote.RemoteTestNG.main(RemoteTestNG.java:77)

2022-03-16 10:06:18,834 [main] INFO com.utils.ExcelUtility - java.lang.NullPointerException
	at com.utils.ExcelUtility.getCellData(ExcelUtility.java:311)
	at com.utils._masterVO.loadGatewayCases(_masterVO.java:115)
	at com.utils._masterVO.loadExternalServices(_masterVO.java:448)
	at com.utils._masterVO.loadVO(_masterVO.java:81)
	at com.classes.BaseTest.setupReporter(BaseTest.java:85)
	at sun.reflect.NativeMethodAccessorImpl.invoke0(Native Method)
	at sun.reflect.NativeMethodAccessorImpl.invoke(Unknown Source)
	at sun.reflect.DelegatingMethodAccessorImpl.invoke(Unknown Source)
	at java.lang.reflect.Method.invoke(Unknown Source)
	at org.testng.internal.MethodInvocationHelper.invokeMethod(MethodInvocationHelper.java:124)
	at org.testng.internal.MethodInvocationHelper.invokeMethodConsideringTimeout(MethodInvocationHelper.java:59)
	at org.testng.internal.Invoker.invokeConfigurationMethod(Invoker.java:455)
	at org.testng.internal.Invoker.invokeConfigurations(Invoker.java:222)
	at org.testng.internal.Invoker.invokeConfigurations(Invoker.java:142)
	at org.testng.SuiteRunner.privateRun(SuiteRunner.java:401)
	at org.testng.SuiteRunner.run(SuiteRunner.java:364)
	at org.testng.SuiteRunnerWorker.runSuite(SuiteRunnerWorker.java:52)
	at org.testng.SuiteRunnerWorker.run(SuiteRunnerWorker.java:84)
	at org.testng.TestNG.runSuitesSequentially(TestNG.java:1208)
	at org.testng.TestNG.runSuitesLocally(TestNG.java:1137)
	at org.testng.TestNG.runSuites(TestNG.java:1049)
	at org.testng.TestNG.run(TestNG.java:1017)
	at org.testng.remote.AbstractRemoteTestNG.run(AbstractRemoteTestNG.java:115)
	at org.testng.remote.RemoteTestNG.initAndRun(RemoteTestNG.java:251)
	at org.testng.remote.RemoteTestNG.main(RemoteTestNG.java:77)

2022-03-16 10:06:18,836 [main] INFO com.utils.ExcelUtility - java.lang.NullPointerException
	at com.utils.ExcelUtility.getCellData(ExcelUtility.java:311)
	at com.utils._masterVO.loadGatewayCases(_masterVO.java:115)
	at com.utils._masterVO.loadExternalServices(_masterVO.java:448)
	at com.utils._masterVO.loadVO(_masterVO.java:81)
	at com.classes.BaseTest.setupReporter(BaseTest.java:85)
	at sun.reflect.NativeMethodAccessorImpl.invoke0(Native Method)
	at sun.reflect.NativeMethodAccessorImpl.invoke(Unknown Source)
	at sun.reflect.DelegatingMethodAccessorImpl.invoke(Unknown Source)
	at java.lang.reflect.Method.invoke(Unknown Source)
	at org.testng.internal.MethodInvocationHelper.invokeMethod(MethodInvocationHelper.java:124)
	at org.testng.internal.MethodInvocationHelper.invokeMethodConsideringTimeout(MethodInvocationHelper.java:59)
	at org.testng.internal.Invoker.invokeConfigurationMethod(Invoker.java:455)
	at org.testng.internal.Invoker.invokeConfigurations(Invoker.java:222)
	at org.testng.internal.Invoker.invokeConfigurations(Invoker.java:142)
	at org.testng.SuiteRunner.privateRun(SuiteRunner.java:401)
	at org.testng.SuiteRunner.run(SuiteRunner.java:364)
	at org.testng.SuiteRunnerWorker.runSuite(SuiteRunnerWorker.java:52)
	at org.testng.SuiteRunnerWorker.run(SuiteRunnerWorker.java:84)
	at org.testng.TestNG.runSuitesSequentially(TestNG.java:1208)
	at org.testng.TestNG.runSuitesLocally(TestNG.java:1137)
	at org.testng.TestNG.runSuites(TestNG.java:1049)
	at org.testng.TestNG.run(TestNG.java:1017)
	at org.testng.remote.AbstractRemoteTestNG.run(AbstractRemoteTestNG.java:115)
	at org.testng.remote.RemoteTestNG.initAndRun(RemoteTestNG.java:251)
	at org.testng.remote.RemoteTestNG.main(RemoteTestNG.java:77)

2022-03-16 10:06:18,836 [main] INFO com.utils.ExcelUtility - java.lang.NullPointerException
	at com.utils.ExcelUtility.getCellData(ExcelUtility.java:311)
	at com.utils._masterVO.loadGatewayCases(_masterVO.java:115)
	at com.utils._masterVO.loadExternalServices(_masterVO.java:448)
	at com.utils._masterVO.loadVO(_masterVO.java:81)
	at com.classes.BaseTest.setupReporter(BaseTest.java:85)
	at sun.reflect.NativeMethodAccessorImpl.invoke0(Native Method)
	at sun.reflect.NativeMethodAccessorImpl.invoke(Unknown Source)
	at sun.reflect.DelegatingMethodAccessorImpl.invoke(Unknown Source)
	at java.lang.reflect.Method.invoke(Unknown Source)
	at org.testng.internal.MethodInvocationHelper.invokeMethod(MethodInvocationHelper.java:124)
	at org.testng.internal.MethodInvocationHelper.invokeMethodConsideringTimeout(MethodInvocationHelper.java:59)
	at org.testng.internal.Invoker.invokeConfigurationMethod(Invoker.java:455)
	at org.testng.internal.Invoker.invokeConfigurations(Invoker.java:222)
	at org.testng.internal.Invoker.invokeConfigurations(Invoker.java:142)
	at org.testng.SuiteRunner.privateRun(SuiteRunner.java:401)
	at org.testng.SuiteRunner.run(SuiteRunner.java:364)
	at org.testng.SuiteRunnerWorker.runSuite(SuiteRunnerWorker.java:52)
	at org.testng.SuiteRunnerWorker.run(SuiteRunnerWorker.java:84)
	at org.testng.TestNG.runSuitesSequentially(TestNG.java:1208)
	at org.testng.TestNG.runSuitesLocally(TestNG.java:1137)
	at org.testng.TestNG.runSuites(TestNG.java:1049)
	at org.testng.TestNG.run(TestNG.java:1017)
	at org.testng.remote.AbstractRemoteTestNG.run(AbstractRemoteTestNG.java:115)
	at org.testng.remote.RemoteTestNG.initAndRun(RemoteTestNG.java:251)
	at org.testng.remote.RemoteTestNG.main(RemoteTestNG.java:77)

2022-03-16 10:06:18,836 [main] INFO com.utils.ExcelUtility - java.lang.NullPointerException
	at com.utils.ExcelUtility.getCellData(ExcelUtility.java:311)
	at com.utils._masterVO.loadGatewayCases(_masterVO.java:115)
	at com.utils._masterVO.loadExternalServices(_masterVO.java:448)
	at com.utils._masterVO.loadVO(_masterVO.java:81)
	at com.classes.BaseTest.setupReporter(BaseTest.java:85)
	at sun.reflect.NativeMethodAccessorImpl.invoke0(Native Method)
	at sun.reflect.NativeMethodAccessorImpl.invoke(Unknown Source)
	at sun.reflect.DelegatingMethodAccessorImpl.invoke(Unknown Source)
	at java.lang.reflect.Method.invoke(Unknown Source)
	at org.testng.internal.MethodInvocationHelper.invokeMethod(MethodInvocationHelper.java:124)
	at org.testng.internal.MethodInvocationHelper.invokeMethodConsideringTimeout(MethodInvocationHelper.java:59)
	at org.testng.internal.Invoker.invokeConfigurationMethod(Invoker.java:455)
	at org.testng.internal.Invoker.invokeConfigurations(Invoker.java:222)
	at org.testng.internal.Invoker.invokeConfigurations(Invoker.java:142)
	at org.testng.SuiteRunner.privateRun(SuiteRunner.java:401)
	at org.testng.SuiteRunner.run(SuiteRunner.java:364)
	at org.testng.SuiteRunnerWorker.runSuite(SuiteRunnerWorker.java:52)
	at org.testng.SuiteRunnerWorker.run(SuiteRunnerWorker.java:84)
	at org.testng.TestNG.runSuitesSequentially(TestNG.java:1208)
	at org.testng.TestNG.runSuitesLocally(TestNG.java:1137)
	at org.testng.TestNG.runSuites(TestNG.java:1049)
	at org.testng.TestNG.run(TestNG.java:1017)
	at org.testng.remote.AbstractRemoteTestNG.run(AbstractRemoteTestNG.java:115)
	at org.testng.remote.RemoteTestNG.initAndRun(RemoteTestNG.java:251)
	at org.testng.remote.RemoteTestNG.main(RemoteTestNG.java:77)

2022-03-16 10:06:18,838 [main] INFO com.utils.ExcelUtility - java.lang.NullPointerException
	at com.utils.ExcelUtility.getCellData(ExcelUtility.java:311)
	at com.utils._masterVO.loadGatewayCases(_masterVO.java:115)
	at com.utils._masterVO.loadExternalServices(_masterVO.java:448)
	at com.utils._masterVO.loadVO(_masterVO.java:81)
	at com.classes.BaseTest.setupReporter(BaseTest.java:85)
	at sun.reflect.NativeMethodAccessorImpl.invoke0(Native Method)
	at sun.reflect.NativeMethodAccessorImpl.invoke(Unknown Source)
	at sun.reflect.DelegatingMethodAccessorImpl.invoke(Unknown Source)
	at java.lang.reflect.Method.invoke(Unknown Source)
	at org.testng.internal.MethodInvocationHelper.invokeMethod(MethodInvocationHelper.java:124)
	at org.testng.internal.MethodInvocationHelper.invokeMethodConsideringTimeout(MethodInvocationHelper.java:59)
	at org.testng.internal.Invoker.invokeConfigurationMethod(Invoker.java:455)
	at org.testng.internal.Invoker.invokeConfigurations(Invoker.java:222)
	at org.testng.internal.Invoker.invokeConfigurations(Invoker.java:142)
	at org.testng.SuiteRunner.privateRun(SuiteRunner.java:401)
	at org.testng.SuiteRunner.run(SuiteRunner.java:364)
	at org.testng.SuiteRunnerWorker.runSuite(SuiteRunnerWorker.java:52)
	at org.testng.SuiteRunnerWorker.run(SuiteRunnerWorker.java:84)
	at org.testng.TestNG.runSuitesSequentially(TestNG.java:1208)
	at org.testng.TestNG.runSuitesLocally(TestNG.java:1137)
	at org.testng.TestNG.runSuites(TestNG.java:1049)
	at org.testng.TestNG.run(TestNG.java:1017)
	at org.testng.remote.AbstractRemoteTestNG.run(AbstractRemoteTestNG.java:115)
	at org.testng.remote.RemoteTestNG.initAndRun(RemoteTestNG.java:251)
	at org.testng.remote.RemoteTestNG.main(RemoteTestNG.java:77)

2022-03-16 10:06:18,839 [main] INFO com.utils.ExcelUtility - java.lang.NullPointerException
	at com.utils.ExcelUtility.getCellData(ExcelUtility.java:311)
	at com.utils._masterVO.loadGatewayCases(_masterVO.java:115)
	at com.utils._masterVO.loadExternalServices(_masterVO.java:448)
	at com.utils._masterVO.loadVO(_masterVO.java:81)
	at com.classes.BaseTest.setupReporter(BaseTest.java:85)
	at sun.reflect.NativeMethodAccessorImpl.invoke0(Native Method)
	at sun.reflect.NativeMethodAccessorImpl.invoke(Unknown Source)
	at sun.reflect.DelegatingMethodAccessorImpl.invoke(Unknown Source)
	at java.lang.reflect.Method.invoke(Unknown Source)
	at org.testng.internal.MethodInvocationHelper.invokeMethod(MethodInvocationHelper.java:124)
	at org.testng.internal.MethodInvocationHelper.invokeMethodConsideringTimeout(MethodInvocationHelper.java:59)
	at org.testng.internal.Invoker.invokeConfigurationMethod(Invoker.java:455)
	at org.testng.internal.Invoker.invokeConfigurations(Invoker.java:222)
	at org.testng.internal.Invoker.invokeConfigurations(Invoker.java:142)
	at org.testng.SuiteRunner.privateRun(SuiteRunner.java:401)
	at org.testng.SuiteRunner.run(SuiteRunner.java:364)
	at org.testng.SuiteRunnerWorker.runSuite(SuiteRunnerWorker.java:52)
	at org.testng.SuiteRunnerWorker.run(SuiteRunnerWorker.java:84)
	at org.testng.TestNG.runSuitesSequentially(TestNG.java:1208)
	at org.testng.TestNG.runSuitesLocally(TestNG.java:1137)
	at org.testng.TestNG.runSuites(TestNG.java:1049)
	at org.testng.TestNG.run(TestNG.java:1017)
	at org.testng.remote.AbstractRemoteTestNG.run(AbstractRemoteTestNG.java:115)
	at org.testng.remote.RemoteTestNG.initAndRun(RemoteTestNG.java:251)
	at org.testng.remote.RemoteTestNG.main(RemoteTestNG.java:77)

2022-03-16 10:06:18,839 [main] INFO com.utils.ExcelUtility - java.lang.NullPointerException
	at com.utils.ExcelUtility.getCellData(ExcelUtility.java:311)
	at com.utils._masterVO.loadGatewayCases(_masterVO.java:115)
	at com.utils._masterVO.loadExternalServices(_masterVO.java:448)
	at com.utils._masterVO.loadVO(_masterVO.java:81)
	at com.classes.BaseTest.setupReporter(BaseTest.java:85)
	at sun.reflect.NativeMethodAccessorImpl.invoke0(Native Method)
	at sun.reflect.NativeMethodAccessorImpl.invoke(Unknown Source)
	at sun.reflect.DelegatingMethodAccessorImpl.invoke(Unknown Source)
	at java.lang.reflect.Method.invoke(Unknown Source)
	at org.testng.internal.MethodInvocationHelper.invokeMethod(MethodInvocationHelper.java:124)
	at org.testng.internal.MethodInvocationHelper.invokeMethodConsideringTimeout(MethodInvocationHelper.java:59)
	at org.testng.internal.Invoker.invokeConfigurationMethod(Invoker.java:455)
	at org.testng.internal.Invoker.invokeConfigurations(Invoker.java:222)
	at org.testng.internal.Invoker.invokeConfigurations(Invoker.java:142)
	at org.testng.SuiteRunner.privateRun(SuiteRunner.java:401)
	at org.testng.SuiteRunner.run(SuiteRunner.java:364)
	at org.testng.SuiteRunnerWorker.runSuite(SuiteRunnerWorker.java:52)
	at org.testng.SuiteRunnerWorker.run(SuiteRunnerWorker.java:84)
	at org.testng.TestNG.runSuitesSequentially(TestNG.java:1208)
	at org.testng.TestNG.runSuitesLocally(TestNG.java:1137)
	at org.testng.TestNG.runSuites(TestNG.java:1049)
	at org.testng.TestNG.run(TestNG.java:1017)
	at org.testng.remote.AbstractRemoteTestNG.run(AbstractRemoteTestNG.java:115)
	at org.testng.remote.RemoteTestNG.initAndRun(RemoteTestNG.java:251)
	at org.testng.remote.RemoteTestNG.main(RemoteTestNG.java:77)

2022-03-16 10:06:18,840 [main] INFO com.utils.ExcelUtility - java.lang.NullPointerException
	at com.utils.ExcelUtility.getCellData(ExcelUtility.java:311)
	at com.utils._masterVO.loadGatewayCases(_masterVO.java:115)
	at com.utils._masterVO.loadExternalServices(_masterVO.java:448)
	at com.utils._masterVO.loadVO(_masterVO.java:81)
	at com.classes.BaseTest.setupReporter(BaseTest.java:85)
	at sun.reflect.NativeMethodAccessorImpl.invoke0(Native Method)
	at sun.reflect.NativeMethodAccessorImpl.invoke(Unknown Source)
	at sun.reflect.DelegatingMethodAccessorImpl.invoke(Unknown Source)
	at java.lang.reflect.Method.invoke(Unknown Source)
	at org.testng.internal.MethodInvocationHelper.invokeMethod(MethodInvocationHelper.java:124)
	at org.testng.internal.MethodInvocationHelper.invokeMethodConsideringTimeout(MethodInvocationHelper.java:59)
	at org.testng.internal.Invoker.invokeConfigurationMethod(Invoker.java:455)
	at org.testng.internal.Invoker.invokeConfigurations(Invoker.java:222)
	at org.testng.internal.Invoker.invokeConfigurations(Invoker.java:142)
	at org.testng.SuiteRunner.privateRun(SuiteRunner.java:401)
	at org.testng.SuiteRunner.run(SuiteRunner.java:364)
	at org.testng.SuiteRunnerWorker.runSuite(SuiteRunnerWorker.java:52)
	at org.testng.SuiteRunnerWorker.run(SuiteRunnerWorker.java:84)
	at org.testng.TestNG.runSuitesSequentially(TestNG.java:1208)
	at org.testng.TestNG.runSuitesLocally(TestNG.java:1137)
	at org.testng.TestNG.runSuites(TestNG.java:1049)
	at org.testng.TestNG.run(TestNG.java:1017)
	at org.testng.remote.AbstractRemoteTestNG.run(AbstractRemoteTestNG.java:115)
	at org.testng.remote.RemoteTestNG.initAndRun(RemoteTestNG.java:251)
	at org.testng.remote.RemoteTestNG.main(RemoteTestNG.java:77)

2022-03-16 10:06:18,866 [main] INFO com.utils.ExcelUtility - java.lang.NullPointerException
	at com.utils.ExcelUtility.getCellData(ExcelUtility.java:311)
	at com.utils._masterVO.loadGatewayCases(_masterVO.java:115)
	at com.utils._masterVO.loadExternalServices(_masterVO.java:448)
	at com.utils._masterVO.loadVO(_masterVO.java:81)
	at com.classes.BaseTest.setupReporter(BaseTest.java:85)
	at sun.reflect.NativeMethodAccessorImpl.invoke0(Native Method)
	at sun.reflect.NativeMethodAccessorImpl.invoke(Unknown Source)
	at sun.reflect.DelegatingMethodAccessorImpl.invoke(Unknown Source)
	at java.lang.reflect.Method.invoke(Unknown Source)
	at org.testng.internal.MethodInvocationHelper.invokeMethod(MethodInvocationHelper.java:124)
	at org.testng.internal.MethodInvocationHelper.invokeMethodConsideringTimeout(MethodInvocationHelper.java:59)
	at org.testng.internal.Invoker.invokeConfigurationMethod(Invoker.java:455)
	at org.testng.internal.Invoker.invokeConfigurations(Invoker.java:222)
	at org.testng.internal.Invoker.invokeConfigurations(Invoker.java:142)
	at org.testng.SuiteRunner.privateRun(SuiteRunner.java:401)
	at org.testng.SuiteRunner.run(SuiteRunner.java:364)
	at org.testng.SuiteRunnerWorker.runSuite(SuiteRunnerWorker.java:52)
	at org.testng.SuiteRunnerWorker.run(SuiteRunnerWorker.java:84)
	at org.testng.TestNG.runSuitesSequentially(TestNG.java:1208)
	at org.testng.TestNG.runSuitesLocally(TestNG.java:1137)
	at org.testng.TestNG.runSuites(TestNG.java:1049)
	at org.testng.TestNG.run(TestNG.java:1017)
	at org.testng.remote.AbstractRemoteTestNG.run(AbstractRemoteTestNG.java:115)
	at org.testng.remote.RemoteTestNG.initAndRun(RemoteTestNG.java:251)
	at org.testng.remote.RemoteTestNG.main(RemoteTestNG.java:77)

2022-03-16 10:06:18,867 [main] INFO com.utils.ExcelUtility - java.lang.NullPointerException
	at com.utils.ExcelUtility.getCellData(ExcelUtility.java:311)
	at com.utils._masterVO.loadGatewayCases(_masterVO.java:115)
	at com.utils._masterVO.loadExternalServices(_masterVO.java:448)
	at com.utils._masterVO.loadVO(_masterVO.java:81)
	at com.classes.BaseTest.setupReporter(BaseTest.java:85)
	at sun.reflect.NativeMethodAccessorImpl.invoke0(Native Method)
	at sun.reflect.NativeMethodAccessorImpl.invoke(Unknown Source)
	at sun.reflect.DelegatingMethodAccessorImpl.invoke(Unknown Source)
	at java.lang.reflect.Method.invoke(Unknown Source)
	at org.testng.internal.MethodInvocationHelper.invokeMethod(MethodInvocationHelper.java:124)
	at org.testng.internal.MethodInvocationHelper.invokeMethodConsideringTimeout(MethodInvocationHelper.java:59)
	at org.testng.internal.Invoker.invokeConfigurationMethod(Invoker.java:455)
	at org.testng.internal.Invoker.invokeConfigurations(Invoker.java:222)
	at org.testng.internal.Invoker.invokeConfigurations(Invoker.java:142)
	at org.testng.SuiteRunner.privateRun(SuiteRunner.java:401)
	at org.testng.SuiteRunner.run(SuiteRunner.java:364)
	at org.testng.SuiteRunnerWorker.runSuite(SuiteRunnerWorker.java:52)
	at org.testng.SuiteRunnerWorker.run(SuiteRunnerWorker.java:84)
	at org.testng.TestNG.runSuitesSequentially(TestNG.java:1208)
	at org.testng.TestNG.runSuitesLocally(TestNG.java:1137)
	at org.testng.TestNG.runSuites(TestNG.java:1049)
	at org.testng.TestNG.run(TestNG.java:1017)
	at org.testng.remote.AbstractRemoteTestNG.run(AbstractRemoteTestNG.java:115)
	at org.testng.remote.RemoteTestNG.initAndRun(RemoteTestNG.java:251)
	at org.testng.remote.RemoteTestNG.main(RemoteTestNG.java:77)

2022-03-16 10:06:18,871 [main] INFO com.utils.ExcelUtility - java.lang.NullPointerException
	at com.utils.ExcelUtility.getCellData(ExcelUtility.java:311)
	at com.utils._masterVO.loadGatewayCases(_masterVO.java:115)
	at com.utils._masterVO.loadExternalServices(_masterVO.java:448)
	at com.utils._masterVO.loadVO(_masterVO.java:81)
	at com.classes.BaseTest.setupReporter(BaseTest.java:85)
	at sun.reflect.NativeMethodAccessorImpl.invoke0(Native Method)
	at sun.reflect.NativeMethodAccessorImpl.invoke(Unknown Source)
	at sun.reflect.DelegatingMethodAccessorImpl.invoke(Unknown Source)
	at java.lang.reflect.Method.invoke(Unknown Source)
	at org.testng.internal.MethodInvocationHelper.invokeMethod(MethodInvocationHelper.java:124)
	at org.testng.internal.MethodInvocationHelper.invokeMethodConsideringTimeout(MethodInvocationHelper.java:59)
	at org.testng.internal.Invoker.invokeConfigurationMethod(Invoker.java:455)
	at org.testng.internal.Invoker.invokeConfigurations(Invoker.java:222)
	at org.testng.internal.Invoker.invokeConfigurations(Invoker.java:142)
	at org.testng.SuiteRunner.privateRun(SuiteRunner.java:401)
	at org.testng.SuiteRunner.run(SuiteRunner.java:364)
	at org.testng.SuiteRunnerWorker.runSuite(SuiteRunnerWorker.java:52)
	at org.testng.SuiteRunnerWorker.run(SuiteRunnerWorker.java:84)
	at org.testng.TestNG.runSuitesSequentially(TestNG.java:1208)
	at org.testng.TestNG.runSuitesLocally(TestNG.java:1137)
	at org.testng.TestNG.runSuites(TestNG.java:1049)
	at org.testng.TestNG.run(TestNG.java:1017)
	at org.testng.remote.AbstractRemoteTestNG.run(AbstractRemoteTestNG.java:115)
	at org.testng.remote.RemoteTestNG.initAndRun(RemoteTestNG.java:251)
	at org.testng.remote.RemoteTestNG.main(RemoteTestNG.java:77)

2022-03-16 10:06:18,872 [main] INFO com.utils.ExcelUtility - java.lang.NullPointerException
	at com.utils.ExcelUtility.getCellData(ExcelUtility.java:311)
	at com.utils._masterVO.loadGatewayCases(_masterVO.java:115)
	at com.utils._masterVO.loadExternalServices(_masterVO.java:448)
	at com.utils._masterVO.loadVO(_masterVO.java:81)
	at com.classes.BaseTest.setupReporter(BaseTest.java:85)
	at sun.reflect.NativeMethodAccessorImpl.invoke0(Native Method)
	at sun.reflect.NativeMethodAccessorImpl.invoke(Unknown Source)
	at sun.reflect.DelegatingMethodAccessorImpl.invoke(Unknown Source)
	at java.lang.reflect.Method.invoke(Unknown Source)
	at org.testng.internal.MethodInvocationHelper.invokeMethod(MethodInvocationHelper.java:124)
	at org.testng.internal.MethodInvocationHelper.invokeMethodConsideringTimeout(MethodInvocationHelper.java:59)
	at org.testng.internal.Invoker.invokeConfigurationMethod(Invoker.java:455)
	at org.testng.internal.Invoker.invokeConfigurations(Invoker.java:222)
	at org.testng.internal.Invoker.invokeConfigurations(Invoker.java:142)
	at org.testng.SuiteRunner.privateRun(SuiteRunner.java:401)
	at org.testng.SuiteRunner.run(SuiteRunner.java:364)
	at org.testng.SuiteRunnerWorker.runSuite(SuiteRunnerWorker.java:52)
	at org.testng.SuiteRunnerWorker.run(SuiteRunnerWorker.java:84)
	at org.testng.TestNG.runSuitesSequentially(TestNG.java:1208)
	at org.testng.TestNG.runSuitesLocally(TestNG.java:1137)
	at org.testng.TestNG.runSuites(TestNG.java:1049)
	at org.testng.TestNG.run(TestNG.java:1017)
	at org.testng.remote.AbstractRemoteTestNG.run(AbstractRemoteTestNG.java:115)
	at org.testng.remote.RemoteTestNG.initAndRun(RemoteTestNG.java:251)
	at org.testng.remote.RemoteTestNG.main(RemoteTestNG.java:77)

2022-03-16 10:06:18,872 [main] INFO com.utils.ExcelUtility - java.lang.NullPointerException
	at com.utils.ExcelUtility.getCellData(ExcelUtility.java:311)
	at com.utils._masterVO.loadGatewayCases(_masterVO.java:115)
	at com.utils._masterVO.loadExternalServices(_masterVO.java:448)
	at com.utils._masterVO.loadVO(_masterVO.java:81)
	at com.classes.BaseTest.setupReporter(BaseTest.java:85)
	at sun.reflect.NativeMethodAccessorImpl.invoke0(Native Method)
	at sun.reflect.NativeMethodAccessorImpl.invoke(Unknown Source)
	at sun.reflect.DelegatingMethodAccessorImpl.invoke(Unknown Source)
	at java.lang.reflect.Method.invoke(Unknown Source)
	at org.testng.internal.MethodInvocationHelper.invokeMethod(MethodInvocationHelper.java:124)
	at org.testng.internal.MethodInvocationHelper.invokeMethodConsideringTimeout(MethodInvocationHelper.java:59)
	at org.testng.internal.Invoker.invokeConfigurationMethod(Invoker.java:455)
	at org.testng.internal.Invoker.invokeConfigurations(Invoker.java:222)
	at org.testng.internal.Invoker.invokeConfigurations(Invoker.java:142)
	at org.testng.SuiteRunner.privateRun(SuiteRunner.java:401)
	at org.testng.SuiteRunner.run(SuiteRunner.java:364)
	at org.testng.SuiteRunnerWorker.runSuite(SuiteRunnerWorker.java:52)
	at org.testng.SuiteRunnerWorker.run(SuiteRunnerWorker.java:84)
	at org.testng.TestNG.runSuitesSequentially(TestNG.java:1208)
	at org.testng.TestNG.runSuitesLocally(TestNG.java:1137)
	at org.testng.TestNG.runSuites(TestNG.java:1049)
	at org.testng.TestNG.run(TestNG.java:1017)
	at org.testng.remote.AbstractRemoteTestNG.run(AbstractRemoteTestNG.java:115)
	at org.testng.remote.RemoteTestNG.initAndRun(RemoteTestNG.java:251)
	at org.testng.remote.RemoteTestNG.main(RemoteTestNG.java:77)

2022-03-16 10:06:18,872 [main] INFO com.utils.ExcelUtility - java.lang.NullPointerException
	at com.utils.ExcelUtility.getCellData(ExcelUtility.java:311)
	at com.utils._masterVO.loadGatewayCases(_masterVO.java:115)
	at com.utils._masterVO.loadExternalServices(_masterVO.java:448)
	at com.utils._masterVO.loadVO(_masterVO.java:81)
	at com.classes.BaseTest.setupReporter(BaseTest.java:85)
	at sun.reflect.NativeMethodAccessorImpl.invoke0(Native Method)
	at sun.reflect.NativeMethodAccessorImpl.invoke(Unknown Source)
	at sun.reflect.DelegatingMethodAccessorImpl.invoke(Unknown Source)
	at java.lang.reflect.Method.invoke(Unknown Source)
	at org.testng.internal.MethodInvocationHelper.invokeMethod(MethodInvocationHelper.java:124)
	at org.testng.internal.MethodInvocationHelper.invokeMethodConsideringTimeout(MethodInvocationHelper.java:59)
	at org.testng.internal.Invoker.invokeConfigurationMethod(Invoker.java:455)
	at org.testng.internal.Invoker.invokeConfigurations(Invoker.java:222)
	at org.testng.internal.Invoker.invokeConfigurations(Invoker.java:142)
	at org.testng.SuiteRunner.privateRun(SuiteRunner.java:401)
	at org.testng.SuiteRunner.run(SuiteRunner.java:364)
	at org.testng.SuiteRunnerWorker.runSuite(SuiteRunnerWorker.java:52)
	at org.testng.SuiteRunnerWorker.run(SuiteRunnerWorker.java:84)
	at org.testng.TestNG.runSuitesSequentially(TestNG.java:1208)
	at org.testng.TestNG.runSuitesLocally(TestNG.java:1137)
	at org.testng.TestNG.runSuites(TestNG.java:1049)
	at org.testng.TestNG.run(TestNG.java:1017)
	at org.testng.remote.AbstractRemoteTestNG.run(AbstractRemoteTestNG.java:115)
	at org.testng.remote.RemoteTestNG.initAndRun(RemoteTestNG.java:251)
	at org.testng.remote.RemoteTestNG.main(RemoteTestNG.java:77)

2022-03-16 10:06:18,872 [main] INFO com.utils.ExcelUtility - java.lang.NullPointerException
	at com.utils.ExcelUtility.getCellData(ExcelUtility.java:311)
	at com.utils._masterVO.loadGatewayCases(_masterVO.java:115)
	at com.utils._masterVO.loadExternalServices(_masterVO.java:448)
	at com.utils._masterVO.loadVO(_masterVO.java:81)
	at com.classes.BaseTest.setupReporter(BaseTest.java:85)
	at sun.reflect.NativeMethodAccessorImpl.invoke0(Native Method)
	at sun.reflect.NativeMethodAccessorImpl.invoke(Unknown Source)
	at sun.reflect.DelegatingMethodAccessorImpl.invoke(Unknown Source)
	at java.lang.reflect.Method.invoke(Unknown Source)
	at org.testng.internal.MethodInvocationHelper.invokeMethod(MethodInvocationHelper.java:124)
	at org.testng.internal.MethodInvocationHelper.invokeMethodConsideringTimeout(MethodInvocationHelper.java:59)
	at org.testng.internal.Invoker.invokeConfigurationMethod(Invoker.java:455)
	at org.testng.internal.Invoker.invokeConfigurations(Invoker.java:222)
	at org.testng.internal.Invoker.invokeConfigurations(Invoker.java:142)
	at org.testng.SuiteRunner.privateRun(SuiteRunner.java:401)
	at org.testng.SuiteRunner.run(SuiteRunner.java:364)
	at org.testng.SuiteRunnerWorker.runSuite(SuiteRunnerWorker.java:52)
	at org.testng.SuiteRunnerWorker.run(SuiteRunnerWorker.java:84)
	at org.testng.TestNG.runSuitesSequentially(TestNG.java:1208)
	at org.testng.TestNG.runSuitesLocally(TestNG.java:1137)
	at org.testng.TestNG.runSuites(TestNG.java:1049)
	at org.testng.TestNG.run(TestNG.java:1017)
	at org.testng.remote.AbstractRemoteTestNG.run(AbstractRemoteTestNG.java:115)
	at org.testng.remote.RemoteTestNG.initAndRun(RemoteTestNG.java:251)
	at org.testng.remote.RemoteTestNG.main(RemoteTestNG.java:77)

2022-03-16 10:06:18,873 [main] INFO com.utils.ExcelUtility - java.lang.NullPointerException
	at com.utils.ExcelUtility.getCellData(ExcelUtility.java:311)
	at com.utils._masterVO.loadGatewayCases(_masterVO.java:115)
	at com.utils._masterVO.loadExternalServices(_masterVO.java:448)
	at com.utils._masterVO.loadVO(_masterVO.java:81)
	at com.classes.BaseTest.setupReporter(BaseTest.java:85)
	at sun.reflect.NativeMethodAccessorImpl.invoke0(Native Method)
	at sun.reflect.NativeMethodAccessorImpl.invoke(Unknown Source)
	at sun.reflect.DelegatingMethodAccessorImpl.invoke(Unknown Source)
	at java.lang.reflect.Method.invoke(Unknown Source)
	at org.testng.internal.MethodInvocationHelper.invokeMethod(MethodInvocationHelper.java:124)
	at org.testng.internal.MethodInvocationHelper.invokeMethodConsideringTimeout(MethodInvocationHelper.java:59)
	at org.testng.internal.Invoker.invokeConfigurationMethod(Invoker.java:455)
	at org.testng.internal.Invoker.invokeConfigurations(Invoker.java:222)
	at org.testng.internal.Invoker.invokeConfigurations(Invoker.java:142)
	at org.testng.SuiteRunner.privateRun(SuiteRunner.java:401)
	at org.testng.SuiteRunner.run(SuiteRunner.java:364)
	at org.testng.SuiteRunnerWorker.runSuite(SuiteRunnerWorker.java:52)
	at org.testng.SuiteRunnerWorker.run(SuiteRunnerWorker.java:84)
	at org.testng.TestNG.runSuitesSequentially(TestNG.java:1208)
	at org.testng.TestNG.runSuitesLocally(TestNG.java:1137)
	at org.testng.TestNG.runSuites(TestNG.java:1049)
	at org.testng.TestNG.run(TestNG.java:1017)
	at org.testng.remote.AbstractRemoteTestNG.run(AbstractRemoteTestNG.java:115)
	at org.testng.remote.RemoteTestNG.initAndRun(RemoteTestNG.java:251)
	at org.testng.remote.RemoteTestNG.main(RemoteTestNG.java:77)

2022-03-16 10:06:18,874 [main] INFO com.utils.ExcelUtility - java.lang.NullPointerException
	at com.utils.ExcelUtility.getCellData(ExcelUtility.java:311)
	at com.utils._masterVO.loadGatewayCases(_masterVO.java:115)
	at com.utils._masterVO.loadExternalServices(_masterVO.java:448)
	at com.utils._masterVO.loadVO(_masterVO.java:81)
	at com.classes.BaseTest.setupReporter(BaseTest.java:85)
	at sun.reflect.NativeMethodAccessorImpl.invoke0(Native Method)
	at sun.reflect.NativeMethodAccessorImpl.invoke(Unknown Source)
	at sun.reflect.DelegatingMethodAccessorImpl.invoke(Unknown Source)
	at java.lang.reflect.Method.invoke(Unknown Source)
	at org.testng.internal.MethodInvocationHelper.invokeMethod(MethodInvocationHelper.java:124)
	at org.testng.internal.MethodInvocationHelper.invokeMethodConsideringTimeout(MethodInvocationHelper.java:59)
	at org.testng.internal.Invoker.invokeConfigurationMethod(Invoker.java:455)
	at org.testng.internal.Invoker.invokeConfigurations(Invoker.java:222)
	at org.testng.internal.Invoker.invokeConfigurations(Invoker.java:142)
	at org.testng.SuiteRunner.privateRun(SuiteRunner.java:401)
	at org.testng.SuiteRunner.run(SuiteRunner.java:364)
	at org.testng.SuiteRunnerWorker.runSuite(SuiteRunnerWorker.java:52)
	at org.testng.SuiteRunnerWorker.run(SuiteRunnerWorker.java:84)
	at org.testng.TestNG.runSuitesSequentially(TestNG.java:1208)
	at org.testng.TestNG.runSuitesLocally(TestNG.java:1137)
	at org.testng.TestNG.runSuites(TestNG.java:1049)
	at org.testng.TestNG.run(TestNG.java:1017)
	at org.testng.remote.AbstractRemoteTestNG.run(AbstractRemoteTestNG.java:115)
	at org.testng.remote.RemoteTestNG.initAndRun(RemoteTestNG.java:251)
	at org.testng.remote.RemoteTestNG.main(RemoteTestNG.java:77)

2022-03-16 10:06:18,874 [main] INFO com.utils.ExcelUtility - java.lang.NullPointerException
	at com.utils.ExcelUtility.getCellData(ExcelUtility.java:311)
	at com.utils._masterVO.loadGatewayCases(_masterVO.java:115)
	at com.utils._masterVO.loadExternalServices(_masterVO.java:448)
	at com.utils._masterVO.loadVO(_masterVO.java:81)
	at com.classes.BaseTest.setupReporter(BaseTest.java:85)
	at sun.reflect.NativeMethodAccessorImpl.invoke0(Native Method)
	at sun.reflect.NativeMethodAccessorImpl.invoke(Unknown Source)
	at sun.reflect.DelegatingMethodAccessorImpl.invoke(Unknown Source)
	at java.lang.reflect.Method.invoke(Unknown Source)
	at org.testng.internal.MethodInvocationHelper.invokeMethod(MethodInvocationHelper.java:124)
	at org.testng.internal.MethodInvocationHelper.invokeMethodConsideringTimeout(MethodInvocationHelper.java:59)
	at org.testng.internal.Invoker.invokeConfigurationMethod(Invoker.java:455)
	at org.testng.internal.Invoker.invokeConfigurations(Invoker.java:222)
	at org.testng.internal.Invoker.invokeConfigurations(Invoker.java:142)
	at org.testng.SuiteRunner.privateRun(SuiteRunner.java:401)
	at org.testng.SuiteRunner.run(SuiteRunner.java:364)
	at org.testng.SuiteRunnerWorker.runSuite(SuiteRunnerWorker.java:52)
	at org.testng.SuiteRunnerWorker.run(SuiteRunnerWorker.java:84)
	at org.testng.TestNG.runSuitesSequentially(TestNG.java:1208)
	at org.testng.TestNG.runSuitesLocally(TestNG.java:1137)
	at org.testng.TestNG.runSuites(TestNG.java:1049)
	at org.testng.TestNG.run(TestNG.java:1017)
	at org.testng.remote.AbstractRemoteTestNG.run(AbstractRemoteTestNG.java:115)
	at org.testng.remote.RemoteTestNG.initAndRun(RemoteTestNG.java:251)
	at org.testng.remote.RemoteTestNG.main(RemoteTestNG.java:77)

2022-03-16 10:06:18,875 [main] INFO com.utils.ExcelUtility - java.lang.NullPointerException
	at com.utils.ExcelUtility.getCellData(ExcelUtility.java:311)
	at com.utils._masterVO.loadGatewayCases(_masterVO.java:115)
	at com.utils._masterVO.loadExternalServices(_masterVO.java:448)
	at com.utils._masterVO.loadVO(_masterVO.java:81)
	at com.classes.BaseTest.setupReporter(BaseTest.java:85)
	at sun.reflect.NativeMethodAccessorImpl.invoke0(Native Method)
	at sun.reflect.NativeMethodAccessorImpl.invoke(Unknown Source)
	at sun.reflect.DelegatingMethodAccessorImpl.invoke(Unknown Source)
	at java.lang.reflect.Method.invoke(Unknown Source)
	at org.testng.internal.MethodInvocationHelper.invokeMethod(MethodInvocationHelper.java:124)
	at org.testng.internal.MethodInvocationHelper.invokeMethodConsideringTimeout(MethodInvocationHelper.java:59)
	at org.testng.internal.Invoker.invokeConfigurationMethod(Invoker.java:455)
	at org.testng.internal.Invoker.invokeConfigurations(Invoker.java:222)
	at org.testng.internal.Invoker.invokeConfigurations(Invoker.java:142)
	at org.testng.SuiteRunner.privateRun(SuiteRunner.java:401)
	at org.testng.SuiteRunner.run(SuiteRunner.java:364)
	at org.testng.SuiteRunnerWorker.runSuite(SuiteRunnerWorker.java:52)
	at org.testng.SuiteRunnerWorker.run(SuiteRunnerWorker.java:84)
	at org.testng.TestNG.runSuitesSequentially(TestNG.java:1208)
	at org.testng.TestNG.runSuitesLocally(TestNG.java:1137)
	at org.testng.TestNG.runSuites(TestNG.java:1049)
	at org.testng.TestNG.run(TestNG.java:1017)
	at org.testng.remote.AbstractRemoteTestNG.run(AbstractRemoteTestNG.java:115)
	at org.testng.remote.RemoteTestNG.initAndRun(RemoteTestNG.java:251)
	at org.testng.remote.RemoteTestNG.main(RemoteTestNG.java:77)

2022-03-16 10:06:18,875 [main] INFO com.utils.ExcelUtility - java.lang.NullPointerException
	at com.utils.ExcelUtility.getCellData(ExcelUtility.java:311)
	at com.utils._masterVO.loadGatewayCases(_masterVO.java:115)
	at com.utils._masterVO.loadExternalServices(_masterVO.java:448)
	at com.utils._masterVO.loadVO(_masterVO.java:81)
	at com.classes.BaseTest.setupReporter(BaseTest.java:85)
	at sun.reflect.NativeMethodAccessorImpl.invoke0(Native Method)
	at sun.reflect.NativeMethodAccessorImpl.invoke(Unknown Source)
	at sun.reflect.DelegatingMethodAccessorImpl.invoke(Unknown Source)
	at java.lang.reflect.Method.invoke(Unknown Source)
	at org.testng.internal.MethodInvocationHelper.invokeMethod(MethodInvocationHelper.java:124)
	at org.testng.internal.MethodInvocationHelper.invokeMethodConsideringTimeout(MethodInvocationHelper.java:59)
	at org.testng.internal.Invoker.invokeConfigurationMethod(Invoker.java:455)
	at org.testng.internal.Invoker.invokeConfigurations(Invoker.java:222)
	at org.testng.internal.Invoker.invokeConfigurations(Invoker.java:142)
	at org.testng.SuiteRunner.privateRun(SuiteRunner.java:401)
	at org.testng.SuiteRunner.run(SuiteRunner.java:364)
	at org.testng.SuiteRunnerWorker.runSuite(SuiteRunnerWorker.java:52)
	at org.testng.SuiteRunnerWorker.run(SuiteRunnerWorker.java:84)
	at org.testng.TestNG.runSuitesSequentially(TestNG.java:1208)
	at org.testng.TestNG.runSuitesLocally(TestNG.java:1137)
	at org.testng.TestNG.runSuites(TestNG.java:1049)
	at org.testng.TestNG.run(TestNG.java:1017)
	at org.testng.remote.AbstractRemoteTestNG.run(AbstractRemoteTestNG.java:115)
	at org.testng.remote.RemoteTestNG.initAndRun(RemoteTestNG.java:251)
	at org.testng.remote.RemoteTestNG.main(RemoteTestNG.java:77)

2022-03-16 10:06:18,875 [main] INFO com.utils.ExcelUtility - java.lang.NullPointerException
	at com.utils.ExcelUtility.getCellData(ExcelUtility.java:311)
	at com.utils._masterVO.loadGatewayCases(_masterVO.java:115)
	at com.utils._masterVO.loadExternalServices(_masterVO.java:448)
	at com.utils._masterVO.loadVO(_masterVO.java:81)
	at com.classes.BaseTest.setupReporter(BaseTest.java:85)
	at sun.reflect.NativeMethodAccessorImpl.invoke0(Native Method)
	at sun.reflect.NativeMethodAccessorImpl.invoke(Unknown Source)
	at sun.reflect.DelegatingMethodAccessorImpl.invoke(Unknown Source)
	at java.lang.reflect.Method.invoke(Unknown Source)
	at org.testng.internal.MethodInvocationHelper.invokeMethod(MethodInvocationHelper.java:124)
	at org.testng.internal.MethodInvocationHelper.invokeMethodConsideringTimeout(MethodInvocationHelper.java:59)
	at org.testng.internal.Invoker.invokeConfigurationMethod(Invoker.java:455)
	at org.testng.internal.Invoker.invokeConfigurations(Invoker.java:222)
	at org.testng.internal.Invoker.invokeConfigurations(Invoker.java:142)
	at org.testng.SuiteRunner.privateRun(SuiteRunner.java:401)
	at org.testng.SuiteRunner.run(SuiteRunner.java:364)
	at org.testng.SuiteRunnerWorker.runSuite(SuiteRunnerWorker.java:52)
	at org.testng.SuiteRunnerWorker.run(SuiteRunnerWorker.java:84)
	at org.testng.TestNG.runSuitesSequentially(TestNG.java:1208)
	at org.testng.TestNG.runSuitesLocally(TestNG.java:1137)
	at org.testng.TestNG.runSuites(TestNG.java:1049)
	at org.testng.TestNG.run(TestNG.java:1017)
	at org.testng.remote.AbstractRemoteTestNG.run(AbstractRemoteTestNG.java:115)
	at org.testng.remote.RemoteTestNG.initAndRun(RemoteTestNG.java:251)
	at org.testng.remote.RemoteTestNG.main(RemoteTestNG.java:77)

2022-03-16 10:06:18,876 [main] INFO com.utils.ExcelUtility - java.lang.NullPointerException
	at com.utils.ExcelUtility.getCellData(ExcelUtility.java:311)
	at com.utils._masterVO.loadGatewayCases(_masterVO.java:115)
	at com.utils._masterVO.loadExternalServices(_masterVO.java:448)
	at com.utils._masterVO.loadVO(_masterVO.java:81)
	at com.classes.BaseTest.setupReporter(BaseTest.java:85)
	at sun.reflect.NativeMethodAccessorImpl.invoke0(Native Method)
	at sun.reflect.NativeMethodAccessorImpl.invoke(Unknown Source)
	at sun.reflect.DelegatingMethodAccessorImpl.invoke(Unknown Source)
	at java.lang.reflect.Method.invoke(Unknown Source)
	at org.testng.internal.MethodInvocationHelper.invokeMethod(MethodInvocationHelper.java:124)
	at org.testng.internal.MethodInvocationHelper.invokeMethodConsideringTimeout(MethodInvocationHelper.java:59)
	at org.testng.internal.Invoker.invokeConfigurationMethod(Invoker.java:455)
	at org.testng.internal.Invoker.invokeConfigurations(Invoker.java:222)
	at org.testng.internal.Invoker.invokeConfigurations(Invoker.java:142)
	at org.testng.SuiteRunner.privateRun(SuiteRunner.java:401)
	at org.testng.SuiteRunner.run(SuiteRunner.java:364)
	at org.testng.SuiteRunnerWorker.runSuite(SuiteRunnerWorker.java:52)
	at org.testng.SuiteRunnerWorker.run(SuiteRunnerWorker.java:84)
	at org.testng.TestNG.runSuitesSequentially(TestNG.java:1208)
	at org.testng.TestNG.runSuitesLocally(TestNG.java:1137)
	at org.testng.TestNG.runSuites(TestNG.java:1049)
	at org.testng.TestNG.run(TestNG.java:1017)
	at org.testng.remote.AbstractRemoteTestNG.run(AbstractRemoteTestNG.java:115)
	at org.testng.remote.RemoteTestNG.initAndRun(RemoteTestNG.java:251)
	at org.testng.remote.RemoteTestNG.main(RemoteTestNG.java:77)

2022-03-16 10:06:18,876 [main] INFO com.utils.ExcelUtility - java.lang.NullPointerException
	at com.utils.ExcelUtility.getCellData(ExcelUtility.java:311)
	at com.utils._masterVO.loadGatewayCases(_masterVO.java:115)
	at com.utils._masterVO.loadExternalServices(_masterVO.java:448)
	at com.utils._masterVO.loadVO(_masterVO.java:81)
	at com.classes.BaseTest.setupReporter(BaseTest.java:85)
	at sun.reflect.NativeMethodAccessorImpl.invoke0(Native Method)
	at sun.reflect.NativeMethodAccessorImpl.invoke(Unknown Source)
	at sun.reflect.DelegatingMethodAccessorImpl.invoke(Unknown Source)
	at java.lang.reflect.Method.invoke(Unknown Source)
	at org.testng.internal.MethodInvocationHelper.invokeMethod(MethodInvocationHelper.java:124)
	at org.testng.internal.MethodInvocationHelper.invokeMethodConsideringTimeout(MethodInvocationHelper.java:59)
	at org.testng.internal.Invoker.invokeConfigurationMethod(Invoker.java:455)
	at org.testng.internal.Invoker.invokeConfigurations(Invoker.java:222)
	at org.testng.internal.Invoker.invokeConfigurations(Invoker.java:142)
	at org.testng.SuiteRunner.privateRun(SuiteRunner.java:401)
	at org.testng.SuiteRunner.run(SuiteRunner.java:364)
	at org.testng.SuiteRunnerWorker.runSuite(SuiteRunnerWorker.java:52)
	at org.testng.SuiteRunnerWorker.run(SuiteRunnerWorker.java:84)
	at org.testng.TestNG.runSuitesSequentially(TestNG.java:1208)
	at org.testng.TestNG.runSuitesLocally(TestNG.java:1137)
	at org.testng.TestNG.runSuites(TestNG.java:1049)
	at org.testng.TestNG.run(TestNG.java:1017)
	at org.testng.remote.AbstractRemoteTestNG.run(AbstractRemoteTestNG.java:115)
	at org.testng.remote.RemoteTestNG.initAndRun(RemoteTestNG.java:251)
	at org.testng.remote.RemoteTestNG.main(RemoteTestNG.java:77)

2022-03-16 10:06:18,877 [main] INFO com.utils.ExcelUtility - java.lang.NullPointerException
	at com.utils.ExcelUtility.getCellData(ExcelUtility.java:311)
	at com.utils._masterVO.loadGatewayCases(_masterVO.java:115)
	at com.utils._masterVO.loadExternalServices(_masterVO.java:448)
	at com.utils._masterVO.loadVO(_masterVO.java:81)
	at com.classes.BaseTest.setupReporter(BaseTest.java:85)
	at sun.reflect.NativeMethodAccessorImpl.invoke0(Native Method)
	at sun.reflect.NativeMethodAccessorImpl.invoke(Unknown Source)
	at sun.reflect.DelegatingMethodAccessorImpl.invoke(Unknown Source)
	at java.lang.reflect.Method.invoke(Unknown Source)
	at org.testng.internal.MethodInvocationHelper.invokeMethod(MethodInvocationHelper.java:124)
	at org.testng.internal.MethodInvocationHelper.invokeMethodConsideringTimeout(MethodInvocationHelper.java:59)
	at org.testng.internal.Invoker.invokeConfigurationMethod(Invoker.java:455)
	at org.testng.internal.Invoker.invokeConfigurations(Invoker.java:222)
	at org.testng.internal.Invoker.invokeConfigurations(Invoker.java:142)
	at org.testng.SuiteRunner.privateRun(SuiteRunner.java:401)
	at org.testng.SuiteRunner.run(SuiteRunner.java:364)
	at org.testng.SuiteRunnerWorker.runSuite(SuiteRunnerWorker.java:52)
	at org.testng.SuiteRunnerWorker.run(SuiteRunnerWorker.java:84)
	at org.testng.TestNG.runSuitesSequentially(TestNG.java:1208)
	at org.testng.TestNG.runSuitesLocally(TestNG.java:1137)
	at org.testng.TestNG.runSuites(TestNG.java:1049)
	at org.testng.TestNG.run(TestNG.java:1017)
	at org.testng.remote.AbstractRemoteTestNG.run(AbstractRemoteTestNG.java:115)
	at org.testng.remote.RemoteTestNG.initAndRun(RemoteTestNG.java:251)
	at org.testng.remote.RemoteTestNG.main(RemoteTestNG.java:77)

2022-03-16 10:06:18,877 [main] INFO com.utils.ExcelUtility - java.lang.NullPointerException
	at com.utils.ExcelUtility.getCellData(ExcelUtility.java:311)
	at com.utils._masterVO.loadGatewayCases(_masterVO.java:115)
	at com.utils._masterVO.loadExternalServices(_masterVO.java:448)
	at com.utils._masterVO.loadVO(_masterVO.java:81)
	at com.classes.BaseTest.setupReporter(BaseTest.java:85)
	at sun.reflect.NativeMethodAccessorImpl.invoke0(Native Method)
	at sun.reflect.NativeMethodAccessorImpl.invoke(Unknown Source)
	at sun.reflect.DelegatingMethodAccessorImpl.invoke(Unknown Source)
	at java.lang.reflect.Method.invoke(Unknown Source)
	at org.testng.internal.MethodInvocationHelper.invokeMethod(MethodInvocationHelper.java:124)
	at org.testng.internal.MethodInvocationHelper.invokeMethodConsideringTimeout(MethodInvocationHelper.java:59)
	at org.testng.internal.Invoker.invokeConfigurationMethod(Invoker.java:455)
	at org.testng.internal.Invoker.invokeConfigurations(Invoker.java:222)
	at org.testng.internal.Invoker.invokeConfigurations(Invoker.java:142)
	at org.testng.SuiteRunner.privateRun(SuiteRunner.java:401)
	at org.testng.SuiteRunner.run(SuiteRunner.java:364)
	at org.testng.SuiteRunnerWorker.runSuite(SuiteRunnerWorker.java:52)
	at org.testng.SuiteRunnerWorker.run(SuiteRunnerWorker.java:84)
	at org.testng.TestNG.runSuitesSequentially(TestNG.java:1208)
	at org.testng.TestNG.runSuitesLocally(TestNG.java:1137)
	at org.testng.TestNG.runSuites(TestNG.java:1049)
	at org.testng.TestNG.run(TestNG.java:1017)
	at org.testng.remote.AbstractRemoteTestNG.run(AbstractRemoteTestNG.java:115)
	at org.testng.remote.RemoteTestNG.initAndRun(RemoteTestNG.java:251)
	at org.testng.remote.RemoteTestNG.main(RemoteTestNG.java:77)

2022-03-16 10:06:18,877 [main] INFO com.utils.ExcelUtility - java.lang.NullPointerException
	at com.utils.ExcelUtility.getCellData(ExcelUtility.java:311)
	at com.utils._masterVO.loadGatewayCases(_masterVO.java:115)
	at com.utils._masterVO.loadExternalServices(_masterVO.java:448)
	at com.utils._masterVO.loadVO(_masterVO.java:81)
	at com.classes.BaseTest.setupReporter(BaseTest.java:85)
	at sun.reflect.NativeMethodAccessorImpl.invoke0(Native Method)
	at sun.reflect.NativeMethodAccessorImpl.invoke(Unknown Source)
	at sun.reflect.DelegatingMethodAccessorImpl.invoke(Unknown Source)
	at java.lang.reflect.Method.invoke(Unknown Source)
	at org.testng.internal.MethodInvocationHelper.invokeMethod(MethodInvocationHelper.java:124)
	at org.testng.internal.MethodInvocationHelper.invokeMethodConsideringTimeout(MethodInvocationHelper.java:59)
	at org.testng.internal.Invoker.invokeConfigurationMethod(Invoker.java:455)
	at org.testng.internal.Invoker.invokeConfigurations(Invoker.java:222)
	at org.testng.internal.Invoker.invokeConfigurations(Invoker.java:142)
	at org.testng.SuiteRunner.privateRun(SuiteRunner.java:401)
	at org.testng.SuiteRunner.run(SuiteRunner.java:364)
	at org.testng.SuiteRunnerWorker.runSuite(SuiteRunnerWorker.java:52)
	at org.testng.SuiteRunnerWorker.run(SuiteRunnerWorker.java:84)
	at org.testng.TestNG.runSuitesSequentially(TestNG.java:1208)
	at org.testng.TestNG.runSuitesLocally(TestNG.java:1137)
	at org.testng.TestNG.runSuites(TestNG.java:1049)
	at org.testng.TestNG.run(TestNG.java:1017)
	at org.testng.remote.AbstractRemoteTestNG.run(AbstractRemoteTestNG.java:115)
	at org.testng.remote.RemoteTestNG.initAndRun(RemoteTestNG.java:251)
	at org.testng.remote.RemoteTestNG.main(RemoteTestNG.java:77)

2022-03-16 10:06:18,878 [main] INFO com.utils.ExcelUtility - java.lang.NullPointerException
	at com.utils.ExcelUtility.getCellData(ExcelUtility.java:311)
	at com.utils._masterVO.loadGatewayCases(_masterVO.java:115)
	at com.utils._masterVO.loadExternalServices(_masterVO.java:448)
	at com.utils._masterVO.loadVO(_masterVO.java:81)
	at com.classes.BaseTest.setupReporter(BaseTest.java:85)
	at sun.reflect.NativeMethodAccessorImpl.invoke0(Native Method)
	at sun.reflect.NativeMethodAccessorImpl.invoke(Unknown Source)
	at sun.reflect.DelegatingMethodAccessorImpl.invoke(Unknown Source)
	at java.lang.reflect.Method.invoke(Unknown Source)
	at org.testng.internal.MethodInvocationHelper.invokeMethod(MethodInvocationHelper.java:124)
	at org.testng.internal.MethodInvocationHelper.invokeMethodConsideringTimeout(MethodInvocationHelper.java:59)
	at org.testng.internal.Invoker.invokeConfigurationMethod(Invoker.java:455)
	at org.testng.internal.Invoker.invokeConfigurations(Invoker.java:222)
	at org.testng.internal.Invoker.invokeConfigurations(Invoker.java:142)
	at org.testng.SuiteRunner.privateRun(SuiteRunner.java:401)
	at org.testng.SuiteRunner.run(SuiteRunner.java:364)
	at org.testng.SuiteRunnerWorker.runSuite(SuiteRunnerWorker.java:52)
	at org.testng.SuiteRunnerWorker.run(SuiteRunnerWorker.java:84)
	at org.testng.TestNG.runSuitesSequentially(TestNG.java:1208)
	at org.testng.TestNG.runSuitesLocally(TestNG.java:1137)
	at org.testng.TestNG.runSuites(TestNG.java:1049)
	at org.testng.TestNG.run(TestNG.java:1017)
	at org.testng.remote.AbstractRemoteTestNG.run(AbstractRemoteTestNG.java:115)
	at org.testng.remote.RemoteTestNG.initAndRun(RemoteTestNG.java:251)
	at org.testng.remote.RemoteTestNG.main(RemoteTestNG.java:77)

2022-03-16 10:06:18,880 [main] INFO com.utils.ExcelUtility - java.lang.NullPointerException
	at com.utils.ExcelUtility.getCellData(ExcelUtility.java:311)
	at com.utils._masterVO.loadGatewayCases(_masterVO.java:115)
	at com.utils._masterVO.loadExternalServices(_masterVO.java:448)
	at com.utils._masterVO.loadVO(_masterVO.java:81)
	at com.classes.BaseTest.setupReporter(BaseTest.java:85)
	at sun.reflect.NativeMethodAccessorImpl.invoke0(Native Method)
	at sun.reflect.NativeMethodAccessorImpl.invoke(Unknown Source)
	at sun.reflect.DelegatingMethodAccessorImpl.invoke(Unknown Source)
	at java.lang.reflect.Method.invoke(Unknown Source)
	at org.testng.internal.MethodInvocationHelper.invokeMethod(MethodInvocationHelper.java:124)
	at org.testng.internal.MethodInvocationHelper.invokeMethodConsideringTimeout(MethodInvocationHelper.java:59)
	at org.testng.internal.Invoker.invokeConfigurationMethod(Invoker.java:455)
	at org.testng.internal.Invoker.invokeConfigurations(Invoker.java:222)
	at org.testng.internal.Invoker.invokeConfigurations(Invoker.java:142)
	at org.testng.SuiteRunner.privateRun(SuiteRunner.java:401)
	at org.testng.SuiteRunner.run(SuiteRunner.java:364)
	at org.testng.SuiteRunnerWorker.runSuite(SuiteRunnerWorker.java:52)
	at org.testng.SuiteRunnerWorker.run(SuiteRunnerWorker.java:84)
	at org.testng.TestNG.runSuitesSequentially(TestNG.java:1208)
	at org.testng.TestNG.runSuitesLocally(TestNG.java:1137)
	at org.testng.TestNG.runSuites(TestNG.java:1049)
	at org.testng.TestNG.run(TestNG.java:1017)
	at org.testng.remote.AbstractRemoteTestNG.run(AbstractRemoteTestNG.java:115)
	at org.testng.remote.RemoteTestNG.initAndRun(RemoteTestNG.java:251)
	at org.testng.remote.RemoteTestNG.main(RemoteTestNG.java:77)

2022-03-16 10:06:18,880 [main] INFO com.utils.ExcelUtility - java.lang.NullPointerException
	at com.utils.ExcelUtility.getCellData(ExcelUtility.java:311)
	at com.utils._masterVO.loadGatewayCases(_masterVO.java:115)
	at com.utils._masterVO.loadExternalServices(_masterVO.java:448)
	at com.utils._masterVO.loadVO(_masterVO.java:81)
	at com.classes.BaseTest.setupReporter(BaseTest.java:85)
	at sun.reflect.NativeMethodAccessorImpl.invoke0(Native Method)
	at sun.reflect.NativeMethodAccessorImpl.invoke(Unknown Source)
	at sun.reflect.DelegatingMethodAccessorImpl.invoke(Unknown Source)
	at java.lang.reflect.Method.invoke(Unknown Source)
	at org.testng.internal.MethodInvocationHelper.invokeMethod(MethodInvocationHelper.java:124)
	at org.testng.internal.MethodInvocationHelper.invokeMethodConsideringTimeout(MethodInvocationHelper.java:59)
	at org.testng.internal.Invoker.invokeConfigurationMethod(Invoker.java:455)
	at org.testng.internal.Invoker.invokeConfigurations(Invoker.java:222)
	at org.testng.internal.Invoker.invokeConfigurations(Invoker.java:142)
	at org.testng.SuiteRunner.privateRun(SuiteRunner.java:401)
	at org.testng.SuiteRunner.run(SuiteRunner.java:364)
	at org.testng.SuiteRunnerWorker.runSuite(SuiteRunnerWorker.java:52)
	at org.testng.SuiteRunnerWorker.run(SuiteRunnerWorker.java:84)
	at org.testng.TestNG.runSuitesSequentially(TestNG.java:1208)
	at org.testng.TestNG.runSuitesLocally(TestNG.java:1137)
	at org.testng.TestNG.runSuites(TestNG.java:1049)
	at org.testng.TestNG.run(TestNG.java:1017)
	at org.testng.remote.AbstractRemoteTestNG.run(AbstractRemoteTestNG.java:115)
	at org.testng.remote.RemoteTestNG.initAndRun(RemoteTestNG.java:251)
	at org.testng.remote.RemoteTestNG.main(RemoteTestNG.java:77)

2022-03-16 10:06:18,880 [main] INFO com.utils.ExcelUtility - java.lang.NullPointerException
	at com.utils.ExcelUtility.getCellData(ExcelUtility.java:311)
	at com.utils._masterVO.loadGatewayCases(_masterVO.java:115)
	at com.utils._masterVO.loadExternalServices(_masterVO.java:448)
	at com.utils._masterVO.loadVO(_masterVO.java:81)
	at com.classes.BaseTest.setupReporter(BaseTest.java:85)
	at sun.reflect.NativeMethodAccessorImpl.invoke0(Native Method)
	at sun.reflect.NativeMethodAccessorImpl.invoke(Unknown Source)
	at sun.reflect.DelegatingMethodAccessorImpl.invoke(Unknown Source)
	at java.lang.reflect.Method.invoke(Unknown Source)
	at org.testng.internal.MethodInvocationHelper.invokeMethod(MethodInvocationHelper.java:124)
	at org.testng.internal.MethodInvocationHelper.invokeMethodConsideringTimeout(MethodInvocationHelper.java:59)
	at org.testng.internal.Invoker.invokeConfigurationMethod(Invoker.java:455)
	at org.testng.internal.Invoker.invokeConfigurations(Invoker.java:222)
	at org.testng.internal.Invoker.invokeConfigurations(Invoker.java:142)
	at org.testng.SuiteRunner.privateRun(SuiteRunner.java:401)
	at org.testng.SuiteRunner.run(SuiteRunner.java:364)
	at org.testng.SuiteRunnerWorker.runSuite(SuiteRunnerWorker.java:52)
	at org.testng.SuiteRunnerWorker.run(SuiteRunnerWorker.java:84)
	at org.testng.TestNG.runSuitesSequentially(TestNG.java:1208)
	at org.testng.TestNG.runSuitesLocally(TestNG.java:1137)
	at org.testng.TestNG.runSuites(TestNG.java:1049)
	at org.testng.TestNG.run(TestNG.java:1017)
	at org.testng.remote.AbstractRemoteTestNG.run(AbstractRemoteTestNG.java:115)
	at org.testng.remote.RemoteTestNG.initAndRun(RemoteTestNG.java:251)
	at org.testng.remote.RemoteTestNG.main(RemoteTestNG.java:77)

2022-03-16 10:06:18,881 [main] INFO com.utils.ExcelUtility - java.lang.NullPointerException
	at com.utils.ExcelUtility.getCellData(ExcelUtility.java:311)
	at com.utils._masterVO.loadGatewayCases(_masterVO.java:115)
	at com.utils._masterVO.loadExternalServices(_masterVO.java:448)
	at com.utils._masterVO.loadVO(_masterVO.java:81)
	at com.classes.BaseTest.setupReporter(BaseTest.java:85)
	at sun.reflect.NativeMethodAccessorImpl.invoke0(Native Method)
	at sun.reflect.NativeMethodAccessorImpl.invoke(Unknown Source)
	at sun.reflect.DelegatingMethodAccessorImpl.invoke(Unknown Source)
	at java.lang.reflect.Method.invoke(Unknown Source)
	at org.testng.internal.MethodInvocationHelper.invokeMethod(MethodInvocationHelper.java:124)
	at org.testng.internal.MethodInvocationHelper.invokeMethodConsideringTimeout(MethodInvocationHelper.java:59)
	at org.testng.internal.Invoker.invokeConfigurationMethod(Invoker.java:455)
	at org.testng.internal.Invoker.invokeConfigurations(Invoker.java:222)
	at org.testng.internal.Invoker.invokeConfigurations(Invoker.java:142)
	at org.testng.SuiteRunner.privateRun(SuiteRunner.java:401)
	at org.testng.SuiteRunner.run(SuiteRunner.java:364)
	at org.testng.SuiteRunnerWorker.runSuite(SuiteRunnerWorker.java:52)
	at org.testng.SuiteRunnerWorker.run(SuiteRunnerWorker.java:84)
	at org.testng.TestNG.runSuitesSequentially(TestNG.java:1208)
	at org.testng.TestNG.runSuitesLocally(TestNG.java:1137)
	at org.testng.TestNG.runSuites(TestNG.java:1049)
	at org.testng.TestNG.run(TestNG.java:1017)
	at org.testng.remote.AbstractRemoteTestNG.run(AbstractRemoteTestNG.java:115)
	at org.testng.remote.RemoteTestNG.initAndRun(RemoteTestNG.java:251)
	at org.testng.remote.RemoteTestNG.main(RemoteTestNG.java:77)

2022-03-16 10:06:18,881 [main] INFO com.utils.ExcelUtility - java.lang.NullPointerException
	at com.utils.ExcelUtility.getCellData(ExcelUtility.java:311)
	at com.utils._masterVO.loadGatewayCases(_masterVO.java:115)
	at com.utils._masterVO.loadExternalServices(_masterVO.java:448)
	at com.utils._masterVO.loadVO(_masterVO.java:81)
	at com.classes.BaseTest.setupReporter(BaseTest.java:85)
	at sun.reflect.NativeMethodAccessorImpl.invoke0(Native Method)
	at sun.reflect.NativeMethodAccessorImpl.invoke(Unknown Source)
	at sun.reflect.DelegatingMethodAccessorImpl.invoke(Unknown Source)
	at java.lang.reflect.Method.invoke(Unknown Source)
	at org.testng.internal.MethodInvocationHelper.invokeMethod(MethodInvocationHelper.java:124)
	at org.testng.internal.MethodInvocationHelper.invokeMethodConsideringTimeout(MethodInvocationHelper.java:59)
	at org.testng.internal.Invoker.invokeConfigurationMethod(Invoker.java:455)
	at org.testng.internal.Invoker.invokeConfigurations(Invoker.java:222)
	at org.testng.internal.Invoker.invokeConfigurations(Invoker.java:142)
	at org.testng.SuiteRunner.privateRun(SuiteRunner.java:401)
	at org.testng.SuiteRunner.run(SuiteRunner.java:364)
	at org.testng.SuiteRunnerWorker.runSuite(SuiteRunnerWorker.java:52)
	at org.testng.SuiteRunnerWorker.run(SuiteRunnerWorker.java:84)
	at org.testng.TestNG.runSuitesSequentially(TestNG.java:1208)
	at org.testng.TestNG.runSuitesLocally(TestNG.java:1137)
	at org.testng.TestNG.runSuites(TestNG.java:1049)
	at org.testng.TestNG.run(TestNG.java:1017)
	at org.testng.remote.AbstractRemoteTestNG.run(AbstractRemoteTestNG.java:115)
	at org.testng.remote.RemoteTestNG.initAndRun(RemoteTestNG.java:251)
	at org.testng.remote.RemoteTestNG.main(RemoteTestNG.java:77)

2022-03-16 10:06:18,881 [main] INFO com.utils.ExcelUtility - java.lang.NullPointerException
	at com.utils.ExcelUtility.getCellData(ExcelUtility.java:311)
	at com.utils._masterVO.loadGatewayCases(_masterVO.java:115)
	at com.utils._masterVO.loadExternalServices(_masterVO.java:448)
	at com.utils._masterVO.loadVO(_masterVO.java:81)
	at com.classes.BaseTest.setupReporter(BaseTest.java:85)
	at sun.reflect.NativeMethodAccessorImpl.invoke0(Native Method)
	at sun.reflect.NativeMethodAccessorImpl.invoke(Unknown Source)
	at sun.reflect.DelegatingMethodAccessorImpl.invoke(Unknown Source)
	at java.lang.reflect.Method.invoke(Unknown Source)
	at org.testng.internal.MethodInvocationHelper.invokeMethod(MethodInvocationHelper.java:124)
	at org.testng.internal.MethodInvocationHelper.invokeMethodConsideringTimeout(MethodInvocationHelper.java:59)
	at org.testng.internal.Invoker.invokeConfigurationMethod(Invoker.java:455)
	at org.testng.internal.Invoker.invokeConfigurations(Invoker.java:222)
	at org.testng.internal.Invoker.invokeConfigurations(Invoker.java:142)
	at org.testng.SuiteRunner.privateRun(SuiteRunner.java:401)
	at org.testng.SuiteRunner.run(SuiteRunner.java:364)
	at org.testng.SuiteRunnerWorker.runSuite(SuiteRunnerWorker.java:52)
	at org.testng.SuiteRunnerWorker.run(SuiteRunnerWorker.java:84)
	at org.testng.TestNG.runSuitesSequentially(TestNG.java:1208)
	at org.testng.TestNG.runSuitesLocally(TestNG.java:1137)
	at org.testng.TestNG.runSuites(TestNG.java:1049)
	at org.testng.TestNG.run(TestNG.java:1017)
	at org.testng.remote.AbstractRemoteTestNG.run(AbstractRemoteTestNG.java:115)
	at org.testng.remote.RemoteTestNG.initAndRun(RemoteTestNG.java:251)
	at org.testng.remote.RemoteTestNG.main(RemoteTestNG.java:77)

2022-03-16 10:06:18,882 [main] INFO com.utils.ExcelUtility - java.lang.NullPointerException
	at com.utils.ExcelUtility.getCellData(ExcelUtility.java:311)
	at com.utils._masterVO.loadGatewayCases(_masterVO.java:115)
	at com.utils._masterVO.loadExternalServices(_masterVO.java:448)
	at com.utils._masterVO.loadVO(_masterVO.java:81)
	at com.classes.BaseTest.setupReporter(BaseTest.java:85)
	at sun.reflect.NativeMethodAccessorImpl.invoke0(Native Method)
	at sun.reflect.NativeMethodAccessorImpl.invoke(Unknown Source)
	at sun.reflect.DelegatingMethodAccessorImpl.invoke(Unknown Source)
	at java.lang.reflect.Method.invoke(Unknown Source)
	at org.testng.internal.MethodInvocationHelper.invokeMethod(MethodInvocationHelper.java:124)
	at org.testng.internal.MethodInvocationHelper.invokeMethodConsideringTimeout(MethodInvocationHelper.java:59)
	at org.testng.internal.Invoker.invokeConfigurationMethod(Invoker.java:455)
	at org.testng.internal.Invoker.invokeConfigurations(Invoker.java:222)
	at org.testng.internal.Invoker.invokeConfigurations(Invoker.java:142)
	at org.testng.SuiteRunner.privateRun(SuiteRunner.java:401)
	at org.testng.SuiteRunner.run(SuiteRunner.java:364)
	at org.testng.SuiteRunnerWorker.runSuite(SuiteRunnerWorker.java:52)
	at org.testng.SuiteRunnerWorker.run(SuiteRunnerWorker.java:84)
	at org.testng.TestNG.runSuitesSequentially(TestNG.java:1208)
	at org.testng.TestNG.runSuitesLocally(TestNG.java:1137)
	at org.testng.TestNG.runSuites(TestNG.java:1049)
	at org.testng.TestNG.run(TestNG.java:1017)
	at org.testng.remote.AbstractRemoteTestNG.run(AbstractRemoteTestNG.java:115)
	at org.testng.remote.RemoteTestNG.initAndRun(RemoteTestNG.java:251)
	at org.testng.remote.RemoteTestNG.main(RemoteTestNG.java:77)

2022-03-16 10:06:18,883 [main] INFO com.utils.ExcelUtility - java.lang.NullPointerException
	at com.utils.ExcelUtility.getCellData(ExcelUtility.java:311)
	at com.utils._masterVO.loadGatewayCases(_masterVO.java:115)
	at com.utils._masterVO.loadExternalServices(_masterVO.java:448)
	at com.utils._masterVO.loadVO(_masterVO.java:81)
	at com.classes.BaseTest.setupReporter(BaseTest.java:85)
	at sun.reflect.NativeMethodAccessorImpl.invoke0(Native Method)
	at sun.reflect.NativeMethodAccessorImpl.invoke(Unknown Source)
	at sun.reflect.DelegatingMethodAccessorImpl.invoke(Unknown Source)
	at java.lang.reflect.Method.invoke(Unknown Source)
	at org.testng.internal.MethodInvocationHelper.invokeMethod(MethodInvocationHelper.java:124)
	at org.testng.internal.MethodInvocationHelper.invokeMethodConsideringTimeout(MethodInvocationHelper.java:59)
	at org.testng.internal.Invoker.invokeConfigurationMethod(Invoker.java:455)
	at org.testng.internal.Invoker.invokeConfigurations(Invoker.java:222)
	at org.testng.internal.Invoker.invokeConfigurations(Invoker.java:142)
	at org.testng.SuiteRunner.privateRun(SuiteRunner.java:401)
	at org.testng.SuiteRunner.run(SuiteRunner.java:364)
	at org.testng.SuiteRunnerWorker.runSuite(SuiteRunnerWorker.java:52)
	at org.testng.SuiteRunnerWorker.run(SuiteRunnerWorker.java:84)
	at org.testng.TestNG.runSuitesSequentially(TestNG.java:1208)
	at org.testng.TestNG.runSuitesLocally(TestNG.java:1137)
	at org.testng.TestNG.runSuites(TestNG.java:1049)
	at org.testng.TestNG.run(TestNG.java:1017)
	at org.testng.remote.AbstractRemoteTestNG.run(AbstractRemoteTestNG.java:115)
	at org.testng.remote.RemoteTestNG.initAndRun(RemoteTestNG.java:251)
	at org.testng.remote.RemoteTestNG.main(RemoteTestNG.java:77)

2022-03-16 10:06:18,883 [main] INFO com.utils.ExcelUtility - java.lang.NullPointerException
	at com.utils.ExcelUtility.getCellData(ExcelUtility.java:311)
	at com.utils._masterVO.loadGatewayCases(_masterVO.java:115)
	at com.utils._masterVO.loadExternalServices(_masterVO.java:448)
	at com.utils._masterVO.loadVO(_masterVO.java:81)
	at com.classes.BaseTest.setupReporter(BaseTest.java:85)
	at sun.reflect.NativeMethodAccessorImpl.invoke0(Native Method)
	at sun.reflect.NativeMethodAccessorImpl.invoke(Unknown Source)
	at sun.reflect.DelegatingMethodAccessorImpl.invoke(Unknown Source)
	at java.lang.reflect.Method.invoke(Unknown Source)
	at org.testng.internal.MethodInvocationHelper.invokeMethod(MethodInvocationHelper.java:124)
	at org.testng.internal.MethodInvocationHelper.invokeMethodConsideringTimeout(MethodInvocationHelper.java:59)
	at org.testng.internal.Invoker.invokeConfigurationMethod(Invoker.java:455)
	at org.testng.internal.Invoker.invokeConfigurations(Invoker.java:222)
	at org.testng.internal.Invoker.invokeConfigurations(Invoker.java:142)
	at org.testng.SuiteRunner.privateRun(SuiteRunner.java:401)
	at org.testng.SuiteRunner.run(SuiteRunner.java:364)
	at org.testng.SuiteRunnerWorker.runSuite(SuiteRunnerWorker.java:52)
	at org.testng.SuiteRunnerWorker.run(SuiteRunnerWorker.java:84)
	at org.testng.TestNG.runSuitesSequentially(TestNG.java:1208)
	at org.testng.TestNG.runSuitesLocally(TestNG.java:1137)
	at org.testng.TestNG.runSuites(TestNG.java:1049)
	at org.testng.TestNG.run(TestNG.java:1017)
	at org.testng.remote.AbstractRemoteTestNG.run(AbstractRemoteTestNG.java:115)
	at org.testng.remote.RemoteTestNG.initAndRun(RemoteTestNG.java:251)
	at org.testng.remote.RemoteTestNG.main(RemoteTestNG.java:77)

2022-03-16 10:06:18,883 [main] INFO com.utils.ExcelUtility - java.lang.NullPointerException
	at com.utils.ExcelUtility.getCellData(ExcelUtility.java:311)
	at com.utils._masterVO.loadGatewayCases(_masterVO.java:115)
	at com.utils._masterVO.loadExternalServices(_masterVO.java:448)
	at com.utils._masterVO.loadVO(_masterVO.java:81)
	at com.classes.BaseTest.setupReporter(BaseTest.java:85)
	at sun.reflect.NativeMethodAccessorImpl.invoke0(Native Method)
	at sun.reflect.NativeMethodAccessorImpl.invoke(Unknown Source)
	at sun.reflect.DelegatingMethodAccessorImpl.invoke(Unknown Source)
	at java.lang.reflect.Method.invoke(Unknown Source)
	at org.testng.internal.MethodInvocationHelper.invokeMethod(MethodInvocationHelper.java:124)
	at org.testng.internal.MethodInvocationHelper.invokeMethodConsideringTimeout(MethodInvocationHelper.java:59)
	at org.testng.internal.Invoker.invokeConfigurationMethod(Invoker.java:455)
	at org.testng.internal.Invoker.invokeConfigurations(Invoker.java:222)
	at org.testng.internal.Invoker.invokeConfigurations(Invoker.java:142)
	at org.testng.SuiteRunner.privateRun(SuiteRunner.java:401)
	at org.testng.SuiteRunner.run(SuiteRunner.java:364)
	at org.testng.SuiteRunnerWorker.runSuite(SuiteRunnerWorker.java:52)
	at org.testng.SuiteRunnerWorker.run(SuiteRunnerWorker.java:84)
	at org.testng.TestNG.runSuitesSequentially(TestNG.java:1208)
	at org.testng.TestNG.runSuitesLocally(TestNG.java:1137)
	at org.testng.TestNG.runSuites(TestNG.java:1049)
	at org.testng.TestNG.run(TestNG.java:1017)
	at org.testng.remote.AbstractRemoteTestNG.run(AbstractRemoteTestNG.java:115)
	at org.testng.remote.RemoteTestNG.initAndRun(RemoteTestNG.java:251)
	at org.testng.remote.RemoteTestNG.main(RemoteTestNG.java:77)

2022-03-16 10:06:19,360 [main] INFO com.utils._masterVO - Gateway Cases Master File Loaded successfully
2022-03-16 10:06:19,362 [main] INFO com.utils._APIUtil - Entered getAPIServices(USSD)
2022-03-16 10:06:19,365 [main] INFO com.utils._APIUtil - Exiting getAPIServices([])
2022-03-16 10:06:19,367 [main] INFO com.utils._masterVO - Loading Gateway Cases Master file from: .//src//test//resources//config//GatewayMaster.xlsx
2022-03-16 10:06:19,559 [main] INFO com.utils._masterVO - Gateway Cases Master File Loaded successfully
2022-03-16 10:06:19,560 [main] INFO com.utils._masterVO - Loading Gateway Cases Master file from: .//src//test//resources//config//GatewayMaster.xlsx
2022-03-16 10:06:19,685 [main] INFO com.utils._masterVO - Gateway Cases Master File Loaded successfully
2022-03-16 10:06:40,762 [main] ERROR com.sshmanager.SSHService - Error while getting SSH Server Instance : com.jcraft.jsch.JSchException: java.net.ConnectException: Connection timed out: connect
2022-03-16 10:06:40,791 [main] INFO com.classes.BaseTest - Completed loading all methods from -masterVO class
2022-03-16 10:08:12,737 [main] INFO angular.testscripts.prereuisitesangular.PreRequisite_C2STransfer_Revamp - ------------------ Test Case Execution Started For A_01_Test_C2SRecharge -------------------
2022-03-16 10:08:12,737 [main] INFO angular.testscripts.prereuisitesangular.PreRequisite_C2STransfer_Revamp - Entered A_01_Test_C2SRecharge(Root, Super Distributor, 2468, RC)
2022-03-16 10:08:12,793 [main] INFO com.utils.CommonUtils - Category Code for Super Distributor: DIST
2022-03-16 10:08:12,822 [main] INFO com.dbrepository.PostGreSQLRepository - Entered webInterface(Super Distributor)
2022-03-16 10:08:12,825 [main] INFO com.dbrepository.DBConnectionPool - Active Size:0 Cache Size:10
2022-03-16 10:08:12,827 [main] INFO com.dbrepository.PostGreSQLRepository - webInterface() :: select query: Select WEB_INTERFACE_ALLOWED from categories where category_name= ?
2022-03-16 10:08:12,917 [main] INFO com.dbrepository.PostGreSQLRepository - Database Returns: WEB_INTERFACE_ALLOWED (Y)
2022-03-16 10:08:12,920 [main] INFO com.dbrepository.PostGreSQLRepository - Exited webInterface()
2022-03-16 10:08:12,973 [main] INFO angular.feature.C2STransferRevamp - Entered performC2STransfer(Root, Super Distributor, 2468, RC)
2022-03-16 10:08:13,032 [main] INFO angular.classes.LoginRevamp - LoginID found as: AUT_48675
2022-03-16 10:08:13,034 [main] INFO angular.classes.LoginRevamp - Password found as: Com@2468
2022-03-16 10:08:13,036 [main] INFO angular.classes.LoginRevamp - Username found as: AUTFN1393 AUTLN2379
2022-03-16 10:08:13,340 [main] INFO angular.pageobjects.loginpages.LoginPageRevamp - Trying to select Language
2022-03-16 10:08:44,021 [main] INFO angular.pageobjects.loginpages.LoginPageRevamp - <b>Language Selector Not Found:</b>
2022-03-16 10:08:44,055 [main] INFO angular.pageobjects.loginpages.LoginPageRevamp - Trying to enter Login ID
2022-03-16 10:09:45,492 [main] INFO com.classes.BaseTest - org.openqa.selenium.TimeoutException: Expected condition failed: waiting for visibility of Proxy element for: DefaultElementLocator 'By.xpath: //div[@id='loginid-container']//input[@formcontrolname='login_id']' (tried for 20 second(s) with 500 milliseconds interval)
2022-03-16 10:10:06,571 [main] ERROR com.sshmanager.SSHService - Error while getting SSH Server Instance : com.jcraft.jsch.JSchException: java.net.ConnectException: Connection timed out: connect
2022-03-16 10:10:27,992 [main] INFO angular.testscripts.prereuisitesangular.PreRequisite_C2STransfer_Revamp - ------------------ Test Case Execution Started For A_01_Test_C2SRecharge -------------------
2022-03-16 10:10:27,992 [main] INFO angular.testscripts.prereuisitesangular.PreRequisite_C2STransfer_Revamp - Entered A_01_Test_C2SRecharge(Super Distributor, Dealer, 2468, RC)
2022-03-16 10:10:28,130 [main] INFO com.utils.CommonUtils - Category Code for Dealer: SE
2022-03-16 10:10:28,206 [main] INFO com.dbrepository.PostGreSQLRepository - Entered webInterface(Dealer)
2022-03-16 10:10:28,210 [main] INFO com.dbrepository.DBConnectionPool - Active Size:0 Cache Size:10
2022-03-16 10:10:28,214 [main] INFO com.dbrepository.PostGreSQLRepository - webInterface() :: select query: Select WEB_INTERFACE_ALLOWED from categories where category_name= ?
2022-03-16 10:10:28,298 [main] INFO com.dbrepository.PostGreSQLRepository - Database Returns: WEB_INTERFACE_ALLOWED (Y)
2022-03-16 10:10:28,303 [main] INFO com.dbrepository.PostGreSQLRepository - Exited webInterface()
2022-03-16 10:10:28,308 [main] INFO angular.feature.C2STransferRevamp - Entered performC2STransfer(Super Distributor, Dealer, 2468, RC)
2022-03-16 10:10:28,439 [main] INFO angular.classes.LoginRevamp - LoginID found as: AUT_19995
2022-03-16 10:10:28,443 [main] INFO angular.classes.LoginRevamp - Password found as: Com@2468
2022-03-16 10:10:28,447 [main] INFO angular.classes.LoginRevamp - Username found as: AUTFN6751 AUTLN4189
2022-03-16 10:10:28,837 [main] INFO angular.pageobjects.loginpages.LoginPageRevamp - Trying to select Language
2022-03-16 10:10:59,502 [main] INFO angular.pageobjects.loginpages.LoginPageRevamp - <b>Language Selector Not Found:</b>
2022-03-16 10:10:59,506 [main] INFO angular.pageobjects.loginpages.LoginPageRevamp - Trying to enter Login ID
2022-03-16 10:12:00,751 [main] INFO com.classes.BaseTest - org.openqa.selenium.TimeoutException: Expected condition failed: waiting for visibility of Proxy element for: DefaultElementLocator 'By.xpath: //div[@id='loginid-container']//input[@formcontrolname='login_id']' (tried for 20 second(s) with 500 milliseconds interval)
2022-03-16 10:12:21,798 [main] ERROR com.sshmanager.SSHService - Error while getting SSH Server Instance : com.jcraft.jsch.JSchException: java.net.ConnectException: Connection timed out: connect
2022-03-16 10:12:42,616 [main] INFO angular.testscripts.prereuisitesangular.PreRequisite_C2STransfer_Revamp - ------------------ Test Case Execution Started For A_01_Test_C2SRecharge -------------------
2022-03-16 10:12:42,616 [main] INFO angular.testscripts.prereuisitesangular.PreRequisite_C2STransfer_Revamp - Entered A_01_Test_C2SRecharge(Super Distributor, Agent, 2468, RC)
2022-03-16 10:12:42,759 [main] INFO com.utils.CommonUtils - Category Code for Agent: AG
2022-03-16 10:12:42,810 [main] INFO com.dbrepository.PostGreSQLRepository - Entered webInterface(Agent)
2022-03-16 10:12:42,814 [main] INFO com.dbrepository.DBConnectionPool - Active Size:0 Cache Size:10
2022-03-16 10:12:42,817 [main] INFO com.dbrepository.PostGreSQLRepository - webInterface() :: select query: Select WEB_INTERFACE_ALLOWED from categories where category_name= ?
2022-03-16 10:12:42,899 [main] INFO com.dbrepository.PostGreSQLRepository - Database Returns: WEB_INTERFACE_ALLOWED (Y)
2022-03-16 10:12:42,902 [main] INFO com.dbrepository.PostGreSQLRepository - Exited webInterface()
2022-03-16 10:12:42,907 [main] INFO angular.feature.C2STransferRevamp - Entered performC2STransfer(Super Distributor, Agent, 2468, RC)
2022-03-16 10:12:43,013 [main] INFO angular.classes.LoginRevamp - LoginID found as: AUT_08837
2022-03-16 10:12:43,016 [main] INFO angular.classes.LoginRevamp - Password found as: Com@2468
2022-03-16 10:12:43,020 [main] INFO angular.classes.LoginRevamp - Username found as: AUTFN7086 AUTLN1035
2022-03-16 10:12:43,404 [main] INFO angular.pageobjects.loginpages.LoginPageRevamp - Trying to select Language
2022-03-16 10:13:14,048 [main] INFO angular.pageobjects.loginpages.LoginPageRevamp - <b>Language Selector Not Found:</b>
2022-03-16 10:13:14,081 [main] INFO angular.pageobjects.loginpages.LoginPageRevamp - Trying to enter Login ID
2022-03-16 10:14:15,363 [main] INFO com.classes.BaseTest - org.openqa.selenium.TimeoutException: Expected condition failed: waiting for visibility of Proxy element for: DefaultElementLocator 'By.xpath: //div[@id='loginid-container']//input[@formcontrolname='login_id']' (tried for 20 second(s) with 500 milliseconds interval)
2022-03-16 10:14:36,421 [main] ERROR com.sshmanager.SSHService - Error while getting SSH Server Instance : com.jcraft.jsch.JSchException: java.net.ConnectException: Connection timed out: connect
2022-03-16 10:14:56,900 [main] INFO angular.testscripts.prereuisitesangular.PreRequisite_C2STransfer_Revamp - ------------------ Test Case Execution Started For A_01_Test_C2SRecharge -------------------
2022-03-16 10:14:56,900 [main] INFO angular.testscripts.prereuisitesangular.PreRequisite_C2STransfer_Revamp - Entered A_01_Test_C2SRecharge(Dealer, Agent, 2468, RC)
2022-03-16 10:14:57,033 [main] INFO com.utils.CommonUtils - Category Code for Agent: AG
2022-03-16 10:14:57,099 [main] INFO com.dbrepository.PostGreSQLRepository - Entered webInterface(Agent)
2022-03-16 10:14:57,104 [main] INFO com.dbrepository.DBConnectionPool - Active Size:0 Cache Size:10
2022-03-16 10:14:57,109 [main] INFO com.dbrepository.PostGreSQLRepository - webInterface() :: select query: Select WEB_INTERFACE_ALLOWED from categories where category_name= ?
2022-03-16 10:14:57,194 [main] INFO com.dbrepository.PostGreSQLRepository - Database Returns: WEB_INTERFACE_ALLOWED (Y)
2022-03-16 10:14:57,198 [main] INFO com.dbrepository.PostGreSQLRepository - Exited webInterface()
2022-03-16 10:14:57,203 [main] INFO angular.feature.C2STransferRevamp - Entered performC2STransfer(Dealer, Agent, 2468, RC)
2022-03-16 10:14:57,336 [main] INFO angular.classes.LoginRevamp - LoginID found as: AUT_87570
2022-03-16 10:14:57,340 [main] INFO angular.classes.LoginRevamp - Password found as: Com@2468
2022-03-16 10:14:57,344 [main] INFO angular.classes.LoginRevamp - Username found as: AUTFN5575 AUTLN8034
2022-03-16 10:14:57,744 [main] INFO angular.pageobjects.loginpages.LoginPageRevamp - Trying to select Language
2022-03-16 10:15:29,281 [main] INFO angular.pageobjects.loginpages.LoginPageRevamp - <b>Language Selector Not Found:</b>
2022-03-16 10:15:29,318 [main] INFO angular.pageobjects.loginpages.LoginPageRevamp - Trying to enter Login ID
2022-03-16 10:16:30,541 [main] INFO com.classes.BaseTest - org.openqa.selenium.TimeoutException: Expected condition failed: waiting for visibility of Proxy element for: DefaultElementLocator 'By.xpath: //div[@id='loginid-container']//input[@formcontrolname='login_id']' (tried for 20 second(s) with 500 milliseconds interval)
2022-03-16 10:16:51,578 [main] ERROR com.sshmanager.SSHService - Error while getting SSH Server Instance : com.jcraft.jsch.JSchException: java.net.ConnectException: Connection timed out: connect
2022-03-16 10:17:12,057 [main] INFO angular.testscripts.prereuisitesangular.PreRequisite_C2STransfer_Revamp - ------------------ Test Case Execution Started For A_01_Test_C2SRecharge -------------------
2022-03-16 10:17:12,058 [main] INFO angular.testscripts.prereuisitesangular.PreRequisite_C2STransfer_Revamp - Entered A_01_Test_C2SRecharge(Agent, Retailer, 2468, RC)
2022-03-16 10:17:12,185 [main] INFO com.utils.CommonUtils - Category Code for Retailer: RET
2022-03-16 10:17:12,257 [main] INFO com.dbrepository.PostGreSQLRepository - Entered webInterface(Retailer)
2022-03-16 10:17:12,262 [main] INFO com.dbrepository.DBConnectionPool - Active Size:0 Cache Size:10
2022-03-16 10:17:12,267 [main] INFO com.dbrepository.PostGreSQLRepository - webInterface() :: select query: Select WEB_INTERFACE_ALLOWED from categories where category_name= ?
2022-03-16 10:17:12,352 [main] INFO com.dbrepository.PostGreSQLRepository - Database Returns: WEB_INTERFACE_ALLOWED (Y)
2022-03-16 10:17:12,356 [main] INFO com.dbrepository.PostGreSQLRepository - Exited webInterface()
2022-03-16 10:17:12,361 [main] INFO angular.feature.C2STransferRevamp - Entered performC2STransfer(Agent, Retailer, 2468, RC)
2022-03-16 10:17:12,484 [main] INFO angular.classes.LoginRevamp - LoginID found as: AUT_41726
2022-03-16 10:17:12,489 [main] INFO angular.classes.LoginRevamp - Password found as: Com@2468
2022-03-16 10:17:12,492 [main] INFO angular.classes.LoginRevamp - Username found as: AUTFN4270 AUTLN3932
2022-03-16 10:17:13,134 [main] INFO angular.pageobjects.loginpages.LoginPageRevamp - Trying to select Language
2022-03-16 10:17:43,786 [main] INFO angular.pageobjects.loginpages.LoginPageRevamp - <b>Language Selector Not Found:</b>
2022-03-16 10:17:43,818 [main] INFO angular.pageobjects.loginpages.LoginPageRevamp - Trying to enter Login ID
2022-03-16 10:18:45,085 [main] INFO com.classes.BaseTest - org.openqa.selenium.TimeoutException: Expected condition failed: waiting for visibility of Proxy element for: DefaultElementLocator 'By.xpath: //div[@id='loginid-container']//input[@formcontrolname='login_id']' (tried for 20 second(s) with 500 milliseconds interval)
2022-03-16 10:19:06,129 [main] ERROR com.sshmanager.SSHService - Error while getting SSH Server Instance : com.jcraft.jsch.JSchException: java.net.ConnectException: Connection timed out: connect
2022-03-16 10:19:27,052 [main] INFO angular.testscripts.prereuisitesangular.PreRequisite_C2STransfer_Revamp - ------------------ Test Case Execution Started For A_02_performC2STransferBlankAmount -------------------
2022-03-16 10:19:27,052 [main] INFO angular.testscripts.prereuisitesangular.PreRequisite_C2STransfer_Revamp - Entered A_02_performC2STransferBlankAmount(Root, Super Distributor, 2468, RC)
2022-03-16 10:19:27,089 [main] INFO com.utils.CommonUtils - Category Code for Super Distributor: DIST
2022-03-16 10:19:27,146 [main] INFO com.dbrepository.PostGreSQLRepository - Entered webInterface(Super Distributor)
2022-03-16 10:19:27,148 [main] INFO com.dbrepository.DBConnectionPool - Active Size:0 Cache Size:10
2022-03-16 10:19:27,149 [main] INFO com.dbrepository.PostGreSQLRepository - webInterface() :: select query: Select WEB_INTERFACE_ALLOWED from categories where category_name= ?
2022-03-16 10:19:27,230 [main] INFO com.dbrepository.PostGreSQLRepository - Database Returns: WEB_INTERFACE_ALLOWED (Y)
2022-03-16 10:19:27,231 [main] INFO com.dbrepository.PostGreSQLRepository - Exited webInterface()
2022-03-16 10:19:27,233 [main] INFO angular.feature.C2STransferRevamp - Entered performC2STransferBlankAmount(Root, Super Distributor, 2468, RC)
2022-03-16 10:19:27,252 [main] INFO angular.classes.LoginRevamp - LoginID found as: AUT_48675
2022-03-16 10:19:27,253 [main] INFO angular.classes.LoginRevamp - Password found as: Com@2468
2022-03-16 10:19:27,254 [main] INFO angular.classes.LoginRevamp - Username found as: AUTFN1393 AUTLN2379
2022-03-16 10:19:27,600 [main] INFO angular.pageobjects.loginpages.LoginPageRevamp - Trying to select Language
2022-03-16 10:19:58,247 [main] INFO angular.pageobjects.loginpages.LoginPageRevamp - <b>Language Selector Not Found:</b>
2022-03-16 10:19:58,276 [main] INFO angular.pageobjects.loginpages.LoginPageRevamp - Trying to enter Login ID
2022-03-16 10:20:59,598 [main] INFO com.classes.BaseTest - org.openqa.selenium.TimeoutException: Expected condition failed: waiting for visibility of Proxy element for: DefaultElementLocator 'By.xpath: //div[@id='loginid-container']//input[@formcontrolname='login_id']' (tried for 20 second(s) with 500 milliseconds interval)
2022-03-16 10:21:20,652 [main] ERROR com.sshmanager.SSHService - Error while getting SSH Server Instance : com.jcraft.jsch.JSchException: java.net.ConnectException: Connection timed out: connect
2022-03-16 10:21:41,416 [main] INFO angular.testscripts.prereuisitesangular.PreRequisite_C2STransfer_Revamp - ------------------ Test Case Execution Started For A_02_performC2STransferBlankAmount -------------------
2022-03-16 10:21:41,417 [main] INFO angular.testscripts.prereuisitesangular.PreRequisite_C2STransfer_Revamp - Entered A_02_performC2STransferBlankAmount(Super Distributor, Dealer, 2468, RC)
2022-03-16 10:21:41,543 [main] INFO com.utils.CommonUtils - Category Code for Dealer: SE
2022-03-16 10:21:41,662 [main] INFO com.dbrepository.PostGreSQLRepository - Entered webInterface(Dealer)
2022-03-16 10:21:41,665 [main] INFO com.dbrepository.DBConnectionPool - Active Size:0 Cache Size:10
2022-03-16 10:21:41,668 [main] INFO com.dbrepository.PostGreSQLRepository - webInterface() :: select query: Select WEB_INTERFACE_ALLOWED from categories where category_name= ?
2022-03-16 10:21:41,751 [main] INFO com.dbrepository.PostGreSQLRepository - Database Returns: WEB_INTERFACE_ALLOWED (Y)
2022-03-16 10:21:41,756 [main] INFO com.dbrepository.PostGreSQLRepository - Exited webInterface()
2022-03-16 10:21:41,760 [main] INFO angular.feature.C2STransferRevamp - Entered performC2STransferBlankAmount(Super Distributor, Dealer, 2468, RC)
2022-03-16 10:21:41,813 [main] INFO angular.classes.LoginRevamp - LoginID found as: AUT_19995
2022-03-16 10:21:41,817 [main] INFO angular.classes.LoginRevamp - Password found as: Com@2468
2022-03-16 10:21:41,821 [main] INFO angular.classes.LoginRevamp - Username found as: AUTFN6751 AUTLN4189
2022-03-16 10:21:42,308 [main] INFO angular.pageobjects.loginpages.LoginPageRevamp - Trying to select Language
2022-03-16 10:22:12,969 [main] INFO angular.pageobjects.loginpages.LoginPageRevamp - <b>Language Selector Not Found:</b>
2022-03-16 10:22:13,001 [main] INFO angular.pageobjects.loginpages.LoginPageRevamp - Trying to enter Login ID
2022-03-16 10:23:14,315 [main] INFO com.classes.BaseTest - org.openqa.selenium.TimeoutException: Expected condition failed: waiting for visibility of Proxy element for: DefaultElementLocator 'By.xpath: //div[@id='loginid-container']//input[@formcontrolname='login_id']' (tried for 20 second(s) with 500 milliseconds interval)
2022-03-16 10:23:35,362 [main] ERROR com.sshmanager.SSHService - Error while getting SSH Server Instance : com.jcraft.jsch.JSchException: java.net.ConnectException: Connection timed out: connect
2022-03-16 10:23:56,193 [main] INFO angular.testscripts.prereuisitesangular.PreRequisite_C2STransfer_Revamp - ------------------ Test Case Execution Started For A_02_performC2STransferBlankAmount -------------------
2022-03-16 10:23:56,193 [main] INFO angular.testscripts.prereuisitesangular.PreRequisite_C2STransfer_Revamp - Entered A_02_performC2STransferBlankAmount(Super Distributor, Agent, 2468, RC)
2022-03-16 10:23:56,333 [main] INFO com.utils.CommonUtils - Category Code for Agent: AG
2022-03-16 10:23:56,465 [main] INFO com.dbrepository.PostGreSQLRepository - Entered webInterface(Agent)
2022-03-16 10:23:56,469 [main] INFO com.dbrepository.DBConnectionPool - Active Size:0 Cache Size:10
2022-03-16 10:23:56,473 [main] INFO com.dbrepository.PostGreSQLRepository - webInterface() :: select query: Select WEB_INTERFACE_ALLOWED from categories where category_name= ?
2022-03-16 10:23:56,556 [main] INFO com.dbrepository.PostGreSQLRepository - Database Returns: WEB_INTERFACE_ALLOWED (Y)
2022-03-16 10:23:56,561 [main] INFO com.dbrepository.PostGreSQLRepository - Exited webInterface()
2022-03-16 10:23:56,566 [main] INFO angular.feature.C2STransferRevamp - Entered performC2STransferBlankAmount(Super Distributor, Agent, 2468, RC)
2022-03-16 10:23:56,629 [main] INFO angular.classes.LoginRevamp - LoginID found as: AUT_08837
2022-03-16 10:23:56,633 [main] INFO angular.classes.LoginRevamp - Password found as: Com@2468
2022-03-16 10:23:56,637 [main] INFO angular.classes.LoginRevamp - Username found as: AUTFN7086 AUTLN1035
2022-03-16 10:23:57,025 [main] INFO angular.pageobjects.loginpages.LoginPageRevamp - Trying to select Language
2022-03-16 10:24:27,673 [main] INFO angular.pageobjects.loginpages.LoginPageRevamp - <b>Language Selector Not Found:</b>
2022-03-16 10:24:27,704 [main] INFO angular.pageobjects.loginpages.LoginPageRevamp - Trying to enter Login ID
2022-03-16 10:25:28,939 [main] INFO com.classes.BaseTest - org.openqa.selenium.TimeoutException: Expected condition failed: waiting for visibility of Proxy element for: DefaultElementLocator 'By.xpath: //div[@id='loginid-container']//input[@formcontrolname='login_id']' (tried for 20 second(s) with 500 milliseconds interval)
2022-03-16 10:25:49,974 [main] ERROR com.sshmanager.SSHService - Error while getting SSH Server Instance : com.jcraft.jsch.JSchException: java.net.ConnectException: Connection timed out: connect
2022-03-16 10:26:10,706 [main] INFO angular.testscripts.prereuisitesangular.PreRequisite_C2STransfer_Revamp - ------------------ Test Case Execution Started For A_02_performC2STransferBlankAmount -------------------
2022-03-16 10:26:10,706 [main] INFO angular.testscripts.prereuisitesangular.PreRequisite_C2STransfer_Revamp - Entered A_02_performC2STransferBlankAmount(Dealer, Agent, 2468, RC)
2022-03-16 10:26:10,825 [main] INFO com.utils.CommonUtils - Category Code for Agent: AG
2022-03-16 10:26:10,932 [main] INFO com.dbrepository.PostGreSQLRepository - Entered webInterface(Agent)
2022-03-16 10:26:10,936 [main] INFO com.dbrepository.DBConnectionPool - Active Size:0 Cache Size:10
2022-03-16 10:26:10,939 [main] INFO com.dbrepository.PostGreSQLRepository - webInterface() :: select query: Select WEB_INTERFACE_ALLOWED from categories where category_name= ?
2022-03-16 10:26:11,020 [main] INFO com.dbrepository.PostGreSQLRepository - Database Returns: WEB_INTERFACE_ALLOWED (Y)
2022-03-16 10:26:11,025 [main] INFO com.dbrepository.PostGreSQLRepository - Exited webInterface()
2022-03-16 10:26:11,030 [main] INFO angular.feature.C2STransferRevamp - Entered performC2STransferBlankAmount(Dealer, Agent, 2468, RC)
2022-03-16 10:26:11,086 [main] INFO angular.classes.LoginRevamp - LoginID found as: AUT_87570
2022-03-16 10:26:11,090 [main] INFO angular.classes.LoginRevamp - Password found as: Com@2468
2022-03-16 10:26:11,094 [main] INFO angular.classes.LoginRevamp - Username found as: AUTFN5575 AUTLN8034
2022-03-16 10:26:11,471 [main] INFO angular.pageobjects.loginpages.LoginPageRevamp - Trying to select Language
2022-03-16 10:26:42,147 [main] INFO angular.pageobjects.loginpages.LoginPageRevamp - <b>Language Selector Not Found:</b>
2022-03-16 10:26:42,176 [main] INFO angular.pageobjects.loginpages.LoginPageRevamp - Trying to enter Login ID
2022-03-16 10:27:43,441 [main] INFO com.classes.BaseTest - org.openqa.selenium.TimeoutException: Expected condition failed: waiting for visibility of Proxy element for: DefaultElementLocator 'By.xpath: //div[@id='loginid-container']//input[@formcontrolname='login_id']' (tried for 20 second(s) with 500 milliseconds interval)
2022-03-16 10:28:04,488 [main] ERROR com.sshmanager.SSHService - Error while getting SSH Server Instance : com.jcraft.jsch.JSchException: java.net.ConnectException: Connection timed out: connect
2022-03-16 10:28:25,235 [main] INFO angular.testscripts.prereuisitesangular.PreRequisite_C2STransfer_Revamp - ------------------ Test Case Execution Started For A_02_performC2STransferBlankAmount -------------------
2022-03-16 10:28:25,235 [main] INFO angular.testscripts.prereuisitesangular.PreRequisite_C2STransfer_Revamp - Entered A_02_performC2STransferBlankAmount(Agent, Retailer, 2468, RC)
2022-03-16 10:28:25,371 [main] INFO com.utils.CommonUtils - Category Code for Retailer: RET
2022-03-16 10:28:25,483 [main] INFO com.dbrepository.PostGreSQLRepository - Entered webInterface(Retailer)
2022-03-16 10:28:25,487 [main] INFO com.dbrepository.DBConnectionPool - Active Size:0 Cache Size:10
2022-03-16 10:28:25,491 [main] INFO com.dbrepository.PostGreSQLRepository - webInterface() :: select query: Select WEB_INTERFACE_ALLOWED from categories where category_name= ?
2022-03-16 10:28:25,583 [main] INFO com.dbrepository.PostGreSQLRepository - Database Returns: WEB_INTERFACE_ALLOWED (Y)
2022-03-16 10:28:25,586 [main] INFO com.dbrepository.PostGreSQLRepository - Exited webInterface()
2022-03-16 10:28:25,590 [main] INFO angular.feature.C2STransferRevamp - Entered performC2STransferBlankAmount(Agent, Retailer, 2468, RC)
2022-03-16 10:28:25,638 [main] INFO angular.classes.LoginRevamp - LoginID found as: AUT_41726
2022-03-16 10:28:25,642 [main] INFO angular.classes.LoginRevamp - Password found as: Com@2468
2022-03-16 10:28:25,644 [main] INFO angular.classes.LoginRevamp - Username found as: AUTFN4270 AUTLN3932
2022-03-16 10:28:26,049 [main] INFO angular.pageobjects.loginpages.LoginPageRevamp - Trying to select Language
2022-03-16 10:28:56,675 [main] INFO angular.pageobjects.loginpages.LoginPageRevamp - <b>Language Selector Not Found:</b>
2022-03-16 10:28:56,714 [main] INFO angular.pageobjects.loginpages.LoginPageRevamp - Trying to enter Login ID
2022-03-16 10:29:57,987 [main] INFO com.classes.BaseTest - org.openqa.selenium.TimeoutException: Expected condition failed: waiting for visibility of Proxy element for: DefaultElementLocator 'By.xpath: //div[@id='loginid-container']//input[@formcontrolname='login_id']' (tried for 20 second(s) with 500 milliseconds interval)
2022-03-16 10:30:19,035 [main] ERROR com.sshmanager.SSHService - Error while getting SSH Server Instance : com.jcraft.jsch.JSchException: java.net.ConnectException: Connection timed out: connect
2022-03-16 10:30:41,371 [main] INFO angular.testscripts.prereuisitesangular.PreRequisite_C2STransfer_Revamp - ------------------ Test Case Execution Started For A_03_performC2STransferAlphaNumericAmount -------------------
2022-03-16 10:30:41,371 [main] INFO angular.testscripts.prereuisitesangular.PreRequisite_C2STransfer_Revamp - Entered A_03_performC2STransferAlphaNumericAmount(Root, Super Distributor, 2468, RC)
2022-03-16 10:30:41,475 [main] INFO com.utils.CommonUtils - Category Code for Super Distributor: DIST
2022-03-16 10:30:41,526 [main] INFO com.dbrepository.PostGreSQLRepository - Entered webInterface(Super Distributor)
2022-03-16 10:30:41,530 [main] INFO com.dbrepository.DBConnectionPool - Active Size:0 Cache Size:10
2022-03-16 10:30:41,533 [main] INFO com.dbrepository.PostGreSQLRepository - webInterface() :: select query: Select WEB_INTERFACE_ALLOWED from categories where category_name= ?
2022-03-16 10:30:41,618 [main] INFO com.dbrepository.PostGreSQLRepository - Database Returns: WEB_INTERFACE_ALLOWED (Y)
2022-03-16 10:30:41,622 [main] INFO com.dbrepository.PostGreSQLRepository - Exited webInterface()
2022-03-16 10:30:41,626 [main] INFO angular.feature.C2STransferRevamp - Entered performC2STransferAlphaNumericAmount(Root, Super Distributor, 2468, RC)
2022-03-16 10:30:41,750 [main] INFO angular.classes.LoginRevamp - LoginID found as: AUT_48675
2022-03-16 10:30:41,754 [main] INFO angular.classes.LoginRevamp - Password found as: Com@2468
2022-03-16 10:30:41,756 [main] INFO angular.classes.LoginRevamp - Username found as: AUTFN1393 AUTLN2379
2022-03-16 10:30:42,133 [main] INFO angular.pageobjects.loginpages.LoginPageRevamp - Trying to select Language
2022-03-16 10:31:12,785 [main] INFO angular.pageobjects.loginpages.LoginPageRevamp - <b>Language Selector Not Found:</b>
2022-03-16 10:31:12,816 [main] INFO angular.pageobjects.loginpages.LoginPageRevamp - Trying to enter Login ID
2022-03-16 10:32:14,004 [main] INFO com.classes.BaseTest - org.openqa.selenium.TimeoutException: Expected condition failed: waiting for visibility of Proxy element for: DefaultElementLocator 'By.xpath: //div[@id='loginid-container']//input[@formcontrolname='login_id']' (tried for 20 second(s) with 500 milliseconds interval)
2022-03-16 10:32:35,049 [main] ERROR com.sshmanager.SSHService - Error while getting SSH Server Instance : com.jcraft.jsch.JSchException: java.net.ConnectException: Connection timed out: connect
2022-03-16 10:32:55,729 [main] INFO angular.testscripts.prereuisitesangular.PreRequisite_C2STransfer_Revamp - ------------------ Test Case Execution Started For A_03_performC2STransferAlphaNumericAmount -------------------
2022-03-16 10:32:55,729 [main] INFO angular.testscripts.prereuisitesangular.PreRequisite_C2STransfer_Revamp - Entered A_03_performC2STransferAlphaNumericAmount(Super Distributor, Dealer, 2468, RC)
2022-03-16 10:32:55,875 [main] INFO com.utils.CommonUtils - Category Code for Dealer: SE
2022-03-16 10:32:55,941 [main] INFO com.dbrepository.PostGreSQLRepository - Entered webInterface(Dealer)
2022-03-16 10:32:55,945 [main] INFO com.dbrepository.DBConnectionPool - Active Size:0 Cache Size:10
2022-03-16 10:32:55,950 [main] INFO com.dbrepository.PostGreSQLRepository - webInterface() :: select query: Select WEB_INTERFACE_ALLOWED from categories where category_name= ?
2022-03-16 10:32:56,033 [main] INFO com.dbrepository.PostGreSQLRepository - Database Returns: WEB_INTERFACE_ALLOWED (Y)
2022-03-16 10:32:56,037 [main] INFO com.dbrepository.PostGreSQLRepository - Exited webInterface()
2022-03-16 10:32:56,041 [main] INFO angular.feature.C2STransferRevamp - Entered performC2STransferAlphaNumericAmount(Super Distributor, Dealer, 2468, RC)
2022-03-16 10:32:56,189 [main] INFO angular.classes.LoginRevamp - LoginID found as: AUT_19995
2022-03-16 10:32:56,194 [main] INFO angular.classes.LoginRevamp - Password found as: Com@2468
2022-03-16 10:32:56,199 [main] INFO angular.classes.LoginRevamp - Username found as: AUTFN6751 AUTLN4189
2022-03-16 10:32:56,617 [main] INFO angular.pageobjects.loginpages.LoginPageRevamp - Trying to select Language
2022-03-16 10:33:27,279 [main] INFO angular.pageobjects.loginpages.LoginPageRevamp - <b>Language Selector Not Found:</b>
2022-03-16 10:33:27,312 [main] INFO angular.pageobjects.loginpages.LoginPageRevamp - Trying to enter Login ID
2022-03-16 10:34:28,594 [main] INFO com.classes.BaseTest - org.openqa.selenium.TimeoutException: Expected condition failed: waiting for visibility of Proxy element for: DefaultElementLocator 'By.xpath: //div[@id='loginid-container']//input[@formcontrolname='login_id']' (tried for 20 second(s) with 500 milliseconds interval)
2022-03-16 10:34:49,625 [main] ERROR com.sshmanager.SSHService - Error while getting SSH Server Instance : com.jcraft.jsch.JSchException: java.net.ConnectException: Connection timed out: connect
2022-03-16 10:35:10,384 [main] INFO angular.testscripts.prereuisitesangular.PreRequisite_C2STransfer_Revamp - ------------------ Test Case Execution Started For A_03_performC2STransferAlphaNumericAmount -------------------
2022-03-16 10:35:10,384 [main] INFO angular.testscripts.prereuisitesangular.PreRequisite_C2STransfer_Revamp - Entered A_03_performC2STransferAlphaNumericAmount(Super Distributor, Agent, 2468, RC)
2022-03-16 10:35:10,498 [main] INFO com.utils.CommonUtils - Category Code for Agent: AG
2022-03-16 10:35:10,555 [main] INFO com.dbrepository.PostGreSQLRepository - Entered webInterface(Agent)
2022-03-16 10:35:10,559 [main] INFO com.dbrepository.DBConnectionPool - Active Size:0 Cache Size:10
2022-03-16 10:35:10,563 [main] INFO com.dbrepository.PostGreSQLRepository - webInterface() :: select query: Select WEB_INTERFACE_ALLOWED from categories where category_name= ?
2022-03-16 10:35:10,650 [main] INFO com.dbrepository.PostGreSQLRepository - Database Returns: WEB_INTERFACE_ALLOWED (Y)
2022-03-16 10:35:10,654 [main] INFO com.dbrepository.PostGreSQLRepository - Exited webInterface()
2022-03-16 10:35:10,658 [main] INFO angular.feature.C2STransferRevamp - Entered performC2STransferAlphaNumericAmount(Super Distributor, Agent, 2468, RC)
2022-03-16 10:35:10,787 [main] INFO angular.classes.LoginRevamp - LoginID found as: AUT_08837
2022-03-16 10:35:10,792 [main] INFO angular.classes.LoginRevamp - Password found as: Com@2468
2022-03-16 10:35:10,795 [main] INFO angular.classes.LoginRevamp - Username found as: AUTFN7086 AUTLN1035
2022-03-16 10:35:11,291 [main] INFO angular.pageobjects.loginpages.LoginPageRevamp - Trying to select Language
2022-03-16 10:35:41,902 [main] INFO angular.pageobjects.loginpages.LoginPageRevamp - <b>Language Selector Not Found:</b>
2022-03-16 10:35:41,932 [main] INFO angular.pageobjects.loginpages.LoginPageRevamp - Trying to enter Login ID
2022-03-16 10:36:43,148 [main] INFO com.classes.BaseTest - org.openqa.selenium.TimeoutException: Expected condition failed: waiting for visibility of Proxy element for: DefaultElementLocator 'By.xpath: //div[@id='loginid-container']//input[@formcontrolname='login_id']' (tried for 20 second(s) with 500 milliseconds interval)
2022-03-16 10:37:04,190 [main] ERROR com.sshmanager.SSHService - Error while getting SSH Server Instance : com.jcraft.jsch.JSchException: java.net.ConnectException: Connection timed out: connect
2022-03-16 10:37:24,897 [main] INFO angular.testscripts.prereuisitesangular.PreRequisite_C2STransfer_Revamp - ------------------ Test Case Execution Started For A_03_performC2STransferAlphaNumericAmount -------------------
2022-03-16 10:37:24,897 [main] INFO angular.testscripts.prereuisitesangular.PreRequisite_C2STransfer_Revamp - Entered A_03_performC2STransferAlphaNumericAmount(Dealer, Agent, 2468, RC)
2022-03-16 10:37:25,036 [main] INFO com.utils.CommonUtils - Category Code for Agent: AG
2022-03-16 10:37:25,103 [main] INFO com.dbrepository.PostGreSQLRepository - Entered webInterface(Agent)
2022-03-16 10:37:25,107 [main] INFO com.dbrepository.DBConnectionPool - Active Size:0 Cache Size:10
2022-03-16 10:37:25,110 [main] INFO com.dbrepository.PostGreSQLRepository - webInterface() :: select query: Select WEB_INTERFACE_ALLOWED from categories where category_name= ?
2022-03-16 10:37:25,208 [main] INFO com.dbrepository.PostGreSQLRepository - Database Returns: WEB_INTERFACE_ALLOWED (Y)
2022-03-16 10:37:25,211 [main] INFO com.dbrepository.PostGreSQLRepository - Exited webInterface()
2022-03-16 10:37:25,215 [main] INFO angular.feature.C2STransferRevamp - Entered performC2STransferAlphaNumericAmount(Dealer, Agent, 2468, RC)
2022-03-16 10:37:25,363 [main] INFO angular.classes.LoginRevamp - LoginID found as: AUT_87570
2022-03-16 10:37:25,367 [main] INFO angular.classes.LoginRevamp - Password found as: Com@2468
2022-03-16 10:37:25,372 [main] INFO angular.classes.LoginRevamp - Username found as: AUTFN5575 AUTLN8034
2022-03-16 10:37:25,765 [main] INFO angular.pageobjects.loginpages.LoginPageRevamp - Trying to select Language
2022-03-16 10:37:56,375 [main] INFO angular.pageobjects.loginpages.LoginPageRevamp - <b>Language Selector Not Found:</b>
2022-03-16 10:37:56,408 [main] INFO angular.pageobjects.loginpages.LoginPageRevamp - Trying to enter Login ID
2022-03-16 10:38:57,622 [main] INFO com.classes.BaseTest - org.openqa.selenium.TimeoutException: Expected condition failed: waiting for visibility of Proxy element for: DefaultElementLocator 'By.xpath: //div[@id='loginid-container']//input[@formcontrolname='login_id']' (tried for 20 second(s) with 500 milliseconds interval)
2022-03-16 10:39:18,679 [main] ERROR com.sshmanager.SSHService - Error while getting SSH Server Instance : com.jcraft.jsch.JSchException: java.net.ConnectException: Connection timed out: connect
2022-03-16 10:39:39,501 [main] INFO angular.testscripts.prereuisitesangular.PreRequisite_C2STransfer_Revamp - ------------------ Test Case Execution Started For A_03_performC2STransferAlphaNumericAmount -------------------
2022-03-16 10:39:39,501 [main] INFO angular.testscripts.prereuisitesangular.PreRequisite_C2STransfer_Revamp - Entered A_03_performC2STransferAlphaNumericAmount(Agent, Retailer, 2468, RC)
2022-03-16 10:39:39,628 [main] INFO com.utils.CommonUtils - Category Code for Retailer: RET
2022-03-16 10:39:39,685 [main] INFO com.dbrepository.PostGreSQLRepository - Entered webInterface(Retailer)
2022-03-16 10:39:39,690 [main] INFO com.dbrepository.DBConnectionPool - Active Size:0 Cache Size:10
2022-03-16 10:39:39,694 [main] INFO com.dbrepository.PostGreSQLRepository - webInterface() :: select query: Select WEB_INTERFACE_ALLOWED from categories where category_name= ?
2022-03-16 10:39:39,777 [main] INFO com.dbrepository.PostGreSQLRepository - Database Returns: WEB_INTERFACE_ALLOWED (Y)
2022-03-16 10:39:39,780 [main] INFO com.dbrepository.PostGreSQLRepository - Exited webInterface()
2022-03-16 10:39:39,784 [main] INFO angular.feature.C2STransferRevamp - Entered performC2STransferAlphaNumericAmount(Agent, Retailer, 2468, RC)
2022-03-16 10:39:39,882 [main] INFO angular.classes.LoginRevamp - LoginID found as: AUT_41726
2022-03-16 10:39:39,886 [main] INFO angular.classes.LoginRevamp - Password found as: Com@2468
2022-03-16 10:39:39,891 [main] INFO angular.classes.LoginRevamp - Username found as: AUTFN4270 AUTLN3932
2022-03-16 10:39:40,263 [main] INFO angular.pageobjects.loginpages.LoginPageRevamp - Trying to select Language
2022-03-16 10:40:10,922 [main] INFO angular.pageobjects.loginpages.LoginPageRevamp - <b>Language Selector Not Found:</b>
2022-03-16 10:40:10,951 [main] INFO angular.pageobjects.loginpages.LoginPageRevamp - Trying to enter Login ID
2022-03-16 10:41:12,198 [main] INFO com.classes.BaseTest - org.openqa.selenium.TimeoutException: Expected condition failed: waiting for visibility of Proxy element for: DefaultElementLocator 'By.xpath: //div[@id='loginid-container']//input[@formcontrolname='login_id']' (tried for 20 second(s) with 500 milliseconds interval)
2022-03-16 10:41:33,245 [main] ERROR com.sshmanager.SSHService - Error while getting SSH Server Instance : com.jcraft.jsch.JSchException: java.net.ConnectException: Connection timed out: connect
2022-03-16 10:41:55,486 [main] INFO angular.testscripts.prereuisitesangular.PreRequisite_C2STransfer_Revamp - ------------------ Test Case Execution Started For A_04_performC2STransferNegativeAmount -------------------
2022-03-16 10:41:55,486 [main] INFO angular.testscripts.prereuisitesangular.PreRequisite_C2STransfer_Revamp - Entered A_04_performC2STransferNegativeAmount(Root, Super Distributor, 2468, RC)
2022-03-16 10:41:55,611 [main] INFO com.utils.CommonUtils - Category Code for Super Distributor: DIST
2022-03-16 10:41:55,665 [main] INFO com.dbrepository.PostGreSQLRepository - Entered webInterface(Super Distributor)
2022-03-16 10:41:55,670 [main] INFO com.dbrepository.DBConnectionPool - Active Size:0 Cache Size:10
2022-03-16 10:41:55,673 [main] INFO com.dbrepository.PostGreSQLRepository - webInterface() :: select query: Select WEB_INTERFACE_ALLOWED from categories where category_name= ?
2022-03-16 10:41:55,756 [main] INFO com.dbrepository.PostGreSQLRepository - Database Returns: WEB_INTERFACE_ALLOWED (Y)
2022-03-16 10:41:55,759 [main] INFO com.dbrepository.PostGreSQLRepository - Exited webInterface()
2022-03-16 10:41:55,764 [main] INFO angular.feature.C2STransferRevamp - Entered performC2STransferNegativeAmount(Root, Super Distributor, 2468, RC)
2022-03-16 10:41:55,878 [main] INFO angular.classes.LoginRevamp - LoginID found as: AUT_48675
2022-03-16 10:41:55,883 [main] INFO angular.classes.LoginRevamp - Password found as: Com@2468
2022-03-16 10:41:55,888 [main] INFO angular.classes.LoginRevamp - Username found as: AUTFN1393 AUTLN2379
2022-03-16 10:41:56,269 [main] INFO angular.pageobjects.loginpages.LoginPageRevamp - Trying to select Language
2022-03-16 10:42:26,877 [main] INFO angular.pageobjects.loginpages.LoginPageRevamp - <b>Language Selector Not Found:</b>
2022-03-16 10:42:26,907 [main] INFO angular.pageobjects.loginpages.LoginPageRevamp - Trying to enter Login ID
2022-03-16 10:43:28,110 [main] INFO com.classes.BaseTest - org.openqa.selenium.TimeoutException: Expected condition failed: waiting for visibility of Proxy element for: DefaultElementLocator 'By.xpath: //div[@id='loginid-container']//input[@formcontrolname='login_id']' (tried for 20 second(s) with 500 milliseconds interval)
2022-03-16 10:43:49,168 [main] ERROR com.sshmanager.SSHService - Error while getting SSH Server Instance : com.jcraft.jsch.JSchException: java.net.ConnectException: Connection timed out: connect
2022-03-16 10:44:09,997 [main] INFO angular.testscripts.prereuisitesangular.PreRequisite_C2STransfer_Revamp - ------------------ Test Case Execution Started For A_04_performC2STransferNegativeAmount -------------------
2022-03-16 10:44:09,997 [main] INFO angular.testscripts.prereuisitesangular.PreRequisite_C2STransfer_Revamp - Entered A_04_performC2STransferNegativeAmount(Super Distributor, Dealer, 2468, RC)
2022-03-16 10:44:10,131 [main] INFO com.utils.CommonUtils - Category Code for Dealer: SE
2022-03-16 10:44:10,184 [main] INFO com.dbrepository.PostGreSQLRepository - Entered webInterface(Dealer)
2022-03-16 10:44:10,188 [main] INFO com.dbrepository.DBConnectionPool - Active Size:0 Cache Size:10
2022-03-16 10:44:10,192 [main] INFO com.dbrepository.PostGreSQLRepository - webInterface() :: select query: Select WEB_INTERFACE_ALLOWED from categories where category_name= ?
2022-03-16 10:44:10,275 [main] INFO com.dbrepository.PostGreSQLRepository - Database Returns: WEB_INTERFACE_ALLOWED (Y)
2022-03-16 10:44:10,279 [main] INFO com.dbrepository.PostGreSQLRepository - Exited webInterface()
2022-03-16 10:44:10,284 [main] INFO angular.feature.C2STransferRevamp - Entered performC2STransferNegativeAmount(Super Distributor, Dealer, 2468, RC)
2022-03-16 10:44:10,387 [main] INFO angular.classes.LoginRevamp - LoginID found as: AUT_19995
2022-03-16 10:44:10,390 [main] INFO angular.classes.LoginRevamp - Password found as: Com@2468
2022-03-16 10:44:10,393 [main] INFO angular.classes.LoginRevamp - Username found as: AUTFN6751 AUTLN4189
2022-03-16 10:44:10,762 [main] INFO angular.pageobjects.loginpages.LoginPageRevamp - Trying to select Language
2022-03-16 10:44:41,419 [main] INFO angular.pageobjects.loginpages.LoginPageRevamp - <b>Language Selector Not Found:</b>
2022-03-16 10:44:41,455 [main] INFO angular.pageobjects.loginpages.LoginPageRevamp - Trying to enter Login ID
2022-03-16 10:45:42,709 [main] INFO com.classes.BaseTest - org.openqa.selenium.TimeoutException: Expected condition failed: waiting for visibility of Proxy element for: DefaultElementLocator 'By.xpath: //div[@id='loginid-container']//input[@formcontrolname='login_id']' (tried for 20 second(s) with 500 milliseconds interval)
2022-03-16 10:46:03,735 [main] ERROR com.sshmanager.SSHService - Error while getting SSH Server Instance : com.jcraft.jsch.JSchException: java.net.ConnectException: Connection timed out: connect
2022-03-16 10:46:24,407 [main] INFO angular.testscripts.prereuisitesangular.PreRequisite_C2STransfer_Revamp - ------------------ Test Case Execution Started For A_04_performC2STransferNegativeAmount -------------------
2022-03-16 10:46:24,407 [main] INFO angular.testscripts.prereuisitesangular.PreRequisite_C2STransfer_Revamp - Entered A_04_performC2STransferNegativeAmount(Super Distributor, Agent, 2468, RC)
2022-03-16 10:46:24,530 [main] INFO com.utils.CommonUtils - Category Code for Agent: AG
2022-03-16 10:46:24,577 [main] INFO com.dbrepository.PostGreSQLRepository - Entered webInterface(Agent)
2022-03-16 10:46:24,581 [main] INFO com.dbrepository.DBConnectionPool - Active Size:0 Cache Size:10
2022-03-16 10:46:24,585 [main] INFO com.dbrepository.PostGreSQLRepository - webInterface() :: select query: Select WEB_INTERFACE_ALLOWED from categories where category_name= ?
2022-03-16 10:46:24,670 [main] INFO com.dbrepository.PostGreSQLRepository - Database Returns: WEB_INTERFACE_ALLOWED (Y)
2022-03-16 10:46:24,673 [main] INFO com.dbrepository.PostGreSQLRepository - Exited webInterface()
2022-03-16 10:46:24,677 [main] INFO angular.feature.C2STransferRevamp - Entered performC2STransferNegativeAmount(Super Distributor, Agent, 2468, RC)
2022-03-16 10:46:24,802 [main] INFO angular.classes.LoginRevamp - LoginID found as: AUT_08837
2022-03-16 10:46:24,806 [main] INFO angular.classes.LoginRevamp - Password found as: Com@2468
2022-03-16 10:46:24,810 [main] INFO angular.classes.LoginRevamp - Username found as: AUTFN7086 AUTLN1035
2022-03-16 10:46:25,828 [main] INFO angular.pageobjects.loginpages.LoginPageRevamp - Trying to select Language
2022-03-16 10:46:56,492 [main] INFO angular.pageobjects.loginpages.LoginPageRevamp - <b>Language Selector Not Found:</b>
2022-03-16 10:46:56,534 [main] INFO angular.pageobjects.loginpages.LoginPageRevamp - Trying to enter Login ID
2022-03-16 10:47:57,857 [main] INFO com.classes.BaseTest - org.openqa.selenium.TimeoutException: Expected condition failed: waiting for visibility of Proxy element for: DefaultElementLocator 'By.xpath: //div[@id='loginid-container']//input[@formcontrolname='login_id']' (tried for 20 second(s) with 500 milliseconds interval)
2022-03-16 10:48:18,914 [main] ERROR com.sshmanager.SSHService - Error while getting SSH Server Instance : com.jcraft.jsch.JSchException: java.net.ConnectException: Connection timed out: connect
2022-03-16 10:48:39,581 [main] INFO angular.testscripts.prereuisitesangular.PreRequisite_C2STransfer_Revamp - ------------------ Test Case Execution Started For A_04_performC2STransferNegativeAmount -------------------
2022-03-16 10:48:39,581 [main] INFO angular.testscripts.prereuisitesangular.PreRequisite_C2STransfer_Revamp - Entered A_04_performC2STransferNegativeAmount(Dealer, Agent, 2468, RC)
2022-03-16 10:48:39,698 [main] INFO com.utils.CommonUtils - Category Code for Agent: AG
2022-03-16 10:48:39,751 [main] INFO com.dbrepository.PostGreSQLRepository - Entered webInterface(Agent)
2022-03-16 10:48:39,754 [main] INFO com.dbrepository.DBConnectionPool - Active Size:0 Cache Size:10
2022-03-16 10:48:39,759 [main] INFO com.dbrepository.PostGreSQLRepository - webInterface() :: select query: Select WEB_INTERFACE_ALLOWED from categories where category_name= ?
2022-03-16 10:48:39,843 [main] INFO com.dbrepository.PostGreSQLRepository - Database Returns: WEB_INTERFACE_ALLOWED (Y)
2022-03-16 10:48:39,847 [main] INFO com.dbrepository.PostGreSQLRepository - Exited webInterface()
2022-03-16 10:48:39,852 [main] INFO angular.feature.C2STransferRevamp - Entered performC2STransferNegativeAmount(Dealer, Agent, 2468, RC)
2022-03-16 10:48:39,952 [main] INFO angular.classes.LoginRevamp - LoginID found as: AUT_87570
2022-03-16 10:48:39,954 [main] INFO angular.classes.LoginRevamp - Password found as: Com@2468
2022-03-16 10:48:39,957 [main] INFO angular.classes.LoginRevamp - Username found as: AUTFN5575 AUTLN8034
2022-03-16 10:48:40,657 [main] INFO angular.pageobjects.loginpages.LoginPageRevamp - Trying to select Language
2022-03-16 10:49:11,304 [main] INFO angular.pageobjects.loginpages.LoginPageRevamp - <b>Language Selector Not Found:</b>
2022-03-16 10:49:11,341 [main] INFO angular.pageobjects.loginpages.LoginPageRevamp - Trying to enter Login ID
2022-03-16 10:50:12,594 [main] INFO com.classes.BaseTest - org.openqa.selenium.TimeoutException: Expected condition failed: waiting for visibility of Proxy element for: DefaultElementLocator 'By.xpath: //div[@id='loginid-container']//input[@formcontrolname='login_id']' (tried for 20 second(s) with 500 milliseconds interval)
2022-03-16 10:50:33,633 [main] ERROR com.sshmanager.SSHService - Error while getting SSH Server Instance : com.jcraft.jsch.JSchException: java.net.ConnectException: Connection timed out: connect
2022-03-16 10:50:54,311 [main] INFO angular.testscripts.prereuisitesangular.PreRequisite_C2STransfer_Revamp - ------------------ Test Case Execution Started For A_04_performC2STransferNegativeAmount -------------------
2022-03-16 10:50:54,311 [main] INFO angular.testscripts.prereuisitesangular.PreRequisite_C2STransfer_Revamp - Entered A_04_performC2STransferNegativeAmount(Agent, Retailer, 2468, RC)
2022-03-16 10:50:54,456 [main] INFO com.utils.CommonUtils - Category Code for Retailer: RET
2022-03-16 10:50:54,514 [main] INFO com.dbrepository.PostGreSQLRepository - Entered webInterface(Retailer)
2022-03-16 10:50:54,517 [main] INFO com.dbrepository.DBConnectionPool - Active Size:0 Cache Size:10
2022-03-16 10:50:54,520 [main] INFO com.dbrepository.PostGreSQLRepository - webInterface() :: select query: Select WEB_INTERFACE_ALLOWED from categories where category_name= ?
2022-03-16 10:50:54,604 [main] INFO com.dbrepository.PostGreSQLRepository - Database Returns: WEB_INTERFACE_ALLOWED (Y)
2022-03-16 10:50:54,607 [main] INFO com.dbrepository.PostGreSQLRepository - Exited webInterface()
2022-03-16 10:50:54,612 [main] INFO angular.feature.C2STransferRevamp - Entered performC2STransferNegativeAmount(Agent, Retailer, 2468, RC)
2022-03-16 10:50:54,716 [main] INFO angular.classes.LoginRevamp - LoginID found as: AUT_41726
2022-03-16 10:50:54,720 [main] INFO angular.classes.LoginRevamp - Password found as: Com@2468
2022-03-16 10:50:54,724 [main] INFO angular.classes.LoginRevamp - Username found as: AUTFN4270 AUTLN3932
2022-03-16 10:50:55,201 [main] INFO angular.pageobjects.loginpages.LoginPageRevamp - Trying to select Language
2022-03-16 10:51:25,826 [main] INFO angular.pageobjects.loginpages.LoginPageRevamp - <b>Language Selector Not Found:</b>
2022-03-16 10:51:25,871 [main] INFO angular.pageobjects.loginpages.LoginPageRevamp - Trying to enter Login ID
2022-03-16 10:52:27,089 [main] INFO com.classes.BaseTest - org.openqa.selenium.TimeoutException: Expected condition failed: waiting for visibility of Proxy element for: DefaultElementLocator 'By.xpath: //div[@id='loginid-container']//input[@formcontrolname='login_id']' (tried for 20 second(s) with 500 milliseconds interval)
2022-03-16 10:52:48,138 [main] ERROR com.sshmanager.SSHService - Error while getting SSH Server Instance : com.jcraft.jsch.JSchException: java.net.ConnectException: Connection timed out: connect
2022-03-16 10:53:10,303 [main] INFO angular.testscripts.prereuisitesangular.PreRequisite_C2STransfer_Revamp - ------------------ Test Case Execution Started For A_05_performC2STransferZeroAmount -------------------
2022-03-16 10:53:10,303 [main] INFO angular.testscripts.prereuisitesangular.PreRequisite_C2STransfer_Revamp - Entered A_05_performC2STransferZeroAmount(Root, Super Distributor, 2468, RC)
2022-03-16 10:53:10,393 [main] INFO com.utils.CommonUtils - Category Code for Super Distributor: DIST
2022-03-16 10:53:10,456 [main] INFO com.dbrepository.PostGreSQLRepository - Entered webInterface(Super Distributor)
2022-03-16 10:53:10,460 [main] INFO com.dbrepository.DBConnectionPool - Active Size:0 Cache Size:10
2022-03-16 10:53:10,465 [main] INFO com.dbrepository.PostGreSQLRepository - webInterface() :: select query: Select WEB_INTERFACE_ALLOWED from categories where category_name= ?
2022-03-16 10:53:10,552 [main] INFO com.dbrepository.PostGreSQLRepository - Database Returns: WEB_INTERFACE_ALLOWED (Y)
2022-03-16 10:53:10,556 [main] INFO com.dbrepository.PostGreSQLRepository - Exited webInterface()
2022-03-16 10:53:10,560 [main] INFO angular.feature.C2STransferRevamp - Entered performC2STransferZeroAmount(Root, Super Distributor, 2468, RC)
2022-03-16 10:53:10,695 [main] INFO angular.classes.LoginRevamp - LoginID found as: AUT_48675
2022-03-16 10:53:10,699 [main] INFO angular.classes.LoginRevamp - Password found as: Com@2468
2022-03-16 10:53:10,703 [main] INFO angular.classes.LoginRevamp - Username found as: AUTFN1393 AUTLN2379
2022-03-16 10:53:11,164 [main] INFO angular.pageobjects.loginpages.LoginPageRevamp - Trying to select Language
2022-03-16 10:53:41,754 [main] INFO angular.pageobjects.loginpages.LoginPageRevamp - <b>Language Selector Not Found:</b>
2022-03-16 10:53:41,786 [main] INFO angular.pageobjects.loginpages.LoginPageRevamp - Trying to enter Login ID
2022-03-16 10:54:43,059 [main] INFO com.classes.BaseTest - org.openqa.selenium.TimeoutException: Expected condition failed: waiting for visibility of Proxy element for: DefaultElementLocator 'By.xpath: //div[@id='loginid-container']//input[@formcontrolname='login_id']' (tried for 20 second(s) with 500 milliseconds interval)
2022-03-16 10:55:04,094 [main] ERROR com.sshmanager.SSHService - Error while getting SSH Server Instance : com.jcraft.jsch.JSchException: java.net.ConnectException: Connection timed out: connect
2022-03-16 10:55:24,843 [main] INFO angular.testscripts.prereuisitesangular.PreRequisite_C2STransfer_Revamp - ------------------ Test Case Execution Started For A_05_performC2STransferZeroAmount -------------------
2022-03-16 10:55:24,843 [main] INFO angular.testscripts.prereuisitesangular.PreRequisite_C2STransfer_Revamp - Entered A_05_performC2STransferZeroAmount(Super Distributor, Dealer, 2468, RC)
2022-03-16 10:55:24,977 [main] INFO com.utils.CommonUtils - Category Code for Dealer: SE
2022-03-16 10:55:25,039 [main] INFO com.dbrepository.PostGreSQLRepository - Entered webInterface(Dealer)
2022-03-16 10:55:25,042 [main] INFO com.dbrepository.DBConnectionPool - Active Size:0 Cache Size:10
2022-03-16 10:55:25,045 [main] INFO com.dbrepository.PostGreSQLRepository - webInterface() :: select query: Select WEB_INTERFACE_ALLOWED from categories where category_name= ?
2022-03-16 10:55:25,141 [main] INFO com.dbrepository.PostGreSQLRepository - Database Returns: WEB_INTERFACE_ALLOWED (Y)
2022-03-16 10:55:25,145 [main] INFO com.dbrepository.PostGreSQLRepository - Exited webInterface()
2022-03-16 10:55:25,151 [main] INFO angular.feature.C2STransferRevamp - Entered performC2STransferZeroAmount(Super Distributor, Dealer, 2468, RC)
2022-03-16 10:55:25,270 [main] INFO angular.classes.LoginRevamp - LoginID found as: AUT_19995
2022-03-16 10:55:25,275 [main] INFO angular.classes.LoginRevamp - Password found as: Com@2468
2022-03-16 10:55:25,279 [main] INFO angular.classes.LoginRevamp - Username found as: AUTFN6751 AUTLN4189
2022-03-16 10:55:25,816 [main] INFO angular.pageobjects.loginpages.LoginPageRevamp - Trying to select Language
2022-03-16 10:55:56,471 [main] INFO angular.pageobjects.loginpages.LoginPageRevamp - <b>Language Selector Not Found:</b>
2022-03-16 10:55:56,503 [main] INFO angular.pageobjects.loginpages.LoginPageRevamp - Trying to enter Login ID
2022-03-16 10:56:57,775 [main] INFO com.classes.BaseTest - org.openqa.selenium.TimeoutException: Expected condition failed: waiting for visibility of Proxy element for: DefaultElementLocator 'By.xpath: //div[@id='loginid-container']//input[@formcontrolname='login_id']' (tried for 20 second(s) with 500 milliseconds interval)
2022-03-16 10:57:18,825 [main] ERROR com.sshmanager.SSHService - Error while getting SSH Server Instance : com.jcraft.jsch.JSchException: java.net.ConnectException: Connection timed out: connect
2022-03-16 10:57:39,586 [main] INFO angular.testscripts.prereuisitesangular.PreRequisite_C2STransfer_Revamp - ------------------ Test Case Execution Started For A_05_performC2STransferZeroAmount -------------------
2022-03-16 10:57:39,586 [main] INFO angular.testscripts.prereuisitesangular.PreRequisite_C2STransfer_Revamp - Entered A_05_performC2STransferZeroAmount(Super Distributor, Agent, 2468, RC)
2022-03-16 10:57:39,718 [main] INFO com.utils.CommonUtils - Category Code for Agent: AG
2022-03-16 10:57:39,772 [main] INFO com.dbrepository.PostGreSQLRepository - Entered webInterface(Agent)
2022-03-16 10:57:39,777 [main] INFO com.dbrepository.DBConnectionPool - Active Size:0 Cache Size:10
2022-03-16 10:57:39,782 [main] INFO com.dbrepository.PostGreSQLRepository - webInterface() :: select query: Select WEB_INTERFACE_ALLOWED from categories where category_name= ?
2022-03-16 10:57:39,863 [main] INFO com.dbrepository.PostGreSQLRepository - Database Returns: WEB_INTERFACE_ALLOWED (Y)
2022-03-16 10:57:39,867 [main] INFO com.dbrepository.PostGreSQLRepository - Exited webInterface()
2022-03-16 10:57:39,871 [main] INFO angular.feature.C2STransferRevamp - Entered performC2STransferZeroAmount(Super Distributor, Agent, 2468, RC)
2022-03-16 10:57:39,971 [main] INFO angular.classes.LoginRevamp - LoginID found as: AUT_08837
2022-03-16 10:57:39,975 [main] INFO angular.classes.LoginRevamp - Password found as: Com@2468
2022-03-16 10:57:39,979 [main] INFO angular.classes.LoginRevamp - Username found as: AUTFN7086 AUTLN1035
2022-03-16 10:57:40,447 [main] INFO angular.pageobjects.loginpages.LoginPageRevamp - Trying to select Language
2022-03-16 10:58:11,057 [main] INFO angular.pageobjects.loginpages.LoginPageRevamp - <b>Language Selector Not Found:</b>
2022-03-16 10:58:11,088 [main] INFO angular.pageobjects.loginpages.LoginPageRevamp - Trying to enter Login ID
2022-03-16 10:59:12,319 [main] INFO com.classes.BaseTest - org.openqa.selenium.TimeoutException: Expected condition failed: waiting for visibility of Proxy element for: DefaultElementLocator 'By.xpath: //div[@id='loginid-container']//input[@formcontrolname='login_id']' (tried for 20 second(s) with 500 milliseconds interval)
2022-03-16 10:59:33,368 [main] ERROR com.sshmanager.SSHService - Error while getting SSH Server Instance : com.jcraft.jsch.JSchException: java.net.ConnectException: Connection timed out: connect
2022-03-16 10:59:53,809 [main] INFO angular.testscripts.prereuisitesangular.PreRequisite_C2STransfer_Revamp - ------------------ Test Case Execution Started For A_05_performC2STransferZeroAmount -------------------
2022-03-16 10:59:53,810 [main] INFO angular.testscripts.prereuisitesangular.PreRequisite_C2STransfer_Revamp - Entered A_05_performC2STransferZeroAmount(Dealer, Agent, 2468, RC)
2022-03-16 10:59:53,931 [main] INFO com.utils.CommonUtils - Category Code for Agent: AG
2022-03-16 10:59:53,973 [main] INFO com.dbrepository.PostGreSQLRepository - Entered webInterface(Agent)
2022-03-16 10:59:53,977 [main] INFO com.dbrepository.DBConnectionPool - Active Size:0 Cache Size:10
2022-03-16 10:59:53,981 [main] INFO com.dbrepository.PostGreSQLRepository - webInterface() :: select query: Select WEB_INTERFACE_ALLOWED from categories where category_name= ?
2022-03-16 10:59:54,062 [main] INFO com.dbrepository.PostGreSQLRepository - Database Returns: WEB_INTERFACE_ALLOWED (Y)
2022-03-16 10:59:54,066 [main] INFO com.dbrepository.PostGreSQLRepository - Exited webInterface()
2022-03-16 10:59:54,072 [main] INFO angular.feature.C2STransferRevamp - Entered performC2STransferZeroAmount(Dealer, Agent, 2468, RC)
2022-03-16 10:59:54,172 [main] INFO angular.classes.LoginRevamp - LoginID found as: AUT_87570
2022-03-16 10:59:54,176 [main] INFO angular.classes.LoginRevamp - Password found as: Com@2468
2022-03-16 10:59:54,180 [main] INFO angular.classes.LoginRevamp - Username found as: AUTFN5575 AUTLN8034
2022-03-16 10:59:54,633 [main] INFO angular.pageobjects.loginpages.LoginPageRevamp - Trying to select Language
2022-03-16 11:00:25,325 [main] INFO angular.pageobjects.loginpages.LoginPageRevamp - <b>Language Selector Not Found:</b>
2022-03-16 11:00:25,355 [main] INFO angular.pageobjects.loginpages.LoginPageRevamp - Trying to enter Login ID
2022-03-16 11:01:26,661 [main] INFO com.classes.BaseTest - org.openqa.selenium.TimeoutException: Expected condition failed: waiting for visibility of Proxy element for: DefaultElementLocator 'By.xpath: //div[@id='loginid-container']//input[@formcontrolname='login_id']' (tried for 20 second(s) with 500 milliseconds interval)
2022-03-16 11:01:47,713 [main] ERROR com.sshmanager.SSHService - Error while getting SSH Server Instance : com.jcraft.jsch.JSchException: java.net.ConnectException: Connection timed out: connect
2022-03-16 11:02:08,422 [main] INFO angular.testscripts.prereuisitesangular.PreRequisite_C2STransfer_Revamp - ------------------ Test Case Execution Started For A_05_performC2STransferZeroAmount -------------------
2022-03-16 11:02:08,422 [main] INFO angular.testscripts.prereuisitesangular.PreRequisite_C2STransfer_Revamp - Entered A_05_performC2STransferZeroAmount(Agent, Retailer, 2468, RC)
2022-03-16 11:02:08,466 [main] INFO com.utils.CommonUtils - Category Code for Retailer: RET
2022-03-16 11:02:08,483 [main] INFO com.dbrepository.PostGreSQLRepository - Entered webInterface(Retailer)
2022-03-16 11:02:08,485 [main] INFO com.dbrepository.DBConnectionPool - Active Size:0 Cache Size:10
2022-03-16 11:02:08,487 [main] INFO com.dbrepository.PostGreSQLRepository - webInterface() :: select query: Select WEB_INTERFACE_ALLOWED from categories where category_name= ?
2022-03-16 11:02:08,568 [main] INFO com.dbrepository.PostGreSQLRepository - Database Returns: WEB_INTERFACE_ALLOWED (Y)
2022-03-16 11:02:08,570 [main] INFO com.dbrepository.PostGreSQLRepository - Exited webInterface()
2022-03-16 11:02:08,571 [main] INFO angular.feature.C2STransferRevamp - Entered performC2STransferZeroAmount(Agent, Retailer, 2468, RC)
2022-03-16 11:02:08,608 [main] INFO angular.classes.LoginRevamp - LoginID found as: AUT_41726
2022-03-16 11:02:08,609 [main] INFO angular.classes.LoginRevamp - Password found as: Com@2468
2022-03-16 11:02:08,611 [main] INFO angular.classes.LoginRevamp - Username found as: AUTFN4270 AUTLN3932
2022-03-16 11:02:09,054 [main] INFO angular.pageobjects.loginpages.LoginPageRevamp - Trying to select Language
2022-03-16 11:02:39,693 [main] INFO angular.pageobjects.loginpages.LoginPageRevamp - <b>Language Selector Not Found:</b>
2022-03-16 11:02:39,727 [main] INFO angular.pageobjects.loginpages.LoginPageRevamp - Trying to enter Login ID
2022-03-16 11:03:41,014 [main] INFO com.classes.BaseTest - org.openqa.selenium.TimeoutException: Expected condition failed: waiting for visibility of Proxy element for: DefaultElementLocator 'By.xpath: //div[@id='loginid-container']//input[@formcontrolname='login_id']' (tried for 20 second(s) with 500 milliseconds interval)
2022-03-16 11:04:02,065 [main] ERROR com.sshmanager.SSHService - Error while getting SSH Server Instance : com.jcraft.jsch.JSchException: java.net.ConnectException: Connection timed out: connect
2022-03-16 11:04:23,178 [main] INFO angular.testscripts.prereuisitesangular.PreRequisite_C2STransfer_Revamp - ------------------ Test Case Execution Started For A_06_performC2STransferBlankPIN -------------------
2022-03-16 11:04:23,178 [main] INFO angular.testscripts.prereuisitesangular.PreRequisite_C2STransfer_Revamp - Entered A_06_performC2STransferBlankPIN(Root, Super Distributor, 2468, RC)
2022-03-16 11:04:23,222 [main] INFO com.utils.CommonUtils - Category Code for Super Distributor: DIST
2022-03-16 11:04:23,239 [main] INFO com.dbrepository.PostGreSQLRepository - Entered webInterface(Super Distributor)
2022-03-16 11:04:23,241 [main] INFO com.dbrepository.DBConnectionPool - Active Size:0 Cache Size:10
2022-03-16 11:04:23,242 [main] INFO com.dbrepository.PostGreSQLRepository - webInterface() :: select query: Select WEB_INTERFACE_ALLOWED from categories where category_name= ?
2022-03-16 11:04:23,323 [main] INFO com.dbrepository.PostGreSQLRepository - Database Returns: WEB_INTERFACE_ALLOWED (Y)
2022-03-16 11:04:23,324 [main] INFO com.dbrepository.PostGreSQLRepository - Exited webInterface()
2022-03-16 11:04:23,326 [main] INFO angular.feature.C2STransferRevamp - Entered performC2STransferBlankPIN(Root, Super Distributor, 2468, RC)
2022-03-16 11:04:23,365 [main] INFO angular.classes.LoginRevamp - LoginID found as: AUT_48675
2022-03-16 11:04:23,366 [main] INFO angular.classes.LoginRevamp - Password found as: Com@2468
2022-03-16 11:04:23,369 [main] INFO angular.classes.LoginRevamp - Username found as: AUTFN1393 AUTLN2379
2022-03-16 11:04:23,779 [main] INFO angular.pageobjects.loginpages.LoginPageRevamp - Trying to select Language
2022-03-16 11:04:54,380 [main] INFO angular.pageobjects.loginpages.LoginPageRevamp - <b>Language Selector Not Found:</b>
2022-03-16 11:04:54,409 [main] INFO angular.pageobjects.loginpages.LoginPageRevamp - Trying to enter Login ID
2022-03-16 11:05:55,716 [main] INFO com.classes.BaseTest - org.openqa.selenium.TimeoutException: Expected condition failed: waiting for visibility of Proxy element for: DefaultElementLocator 'By.xpath: //div[@id='loginid-container']//input[@formcontrolname='login_id']' (tried for 20 second(s) with 500 milliseconds interval)
2022-03-16 11:06:16,763 [main] ERROR com.sshmanager.SSHService - Error while getting SSH Server Instance : com.jcraft.jsch.JSchException: java.net.ConnectException: Connection timed out: connect
2022-03-16 11:06:37,465 [main] INFO angular.testscripts.prereuisitesangular.PreRequisite_C2STransfer_Revamp - ------------------ Test Case Execution Started For A_06_performC2STransferBlankPIN -------------------
2022-03-16 11:06:37,465 [main] INFO angular.testscripts.prereuisitesangular.PreRequisite_C2STransfer_Revamp - Entered A_06_performC2STransferBlankPIN(Super Distributor, Dealer, 2468, RC)
2022-03-16 11:06:37,508 [main] INFO com.utils.CommonUtils - Category Code for Dealer: SE
2022-03-16 11:06:37,528 [main] INFO com.dbrepository.PostGreSQLRepository - Entered webInterface(Dealer)
2022-03-16 11:06:37,530 [main] INFO com.dbrepository.DBConnectionPool - Active Size:0 Cache Size:10
2022-03-16 11:06:37,531 [main] INFO com.dbrepository.PostGreSQLRepository - webInterface() :: select query: Select WEB_INTERFACE_ALLOWED from categories where category_name= ?
2022-03-16 11:06:37,612 [main] INFO com.dbrepository.PostGreSQLRepository - Database Returns: WEB_INTERFACE_ALLOWED (Y)
2022-03-16 11:06:37,616 [main] INFO com.dbrepository.PostGreSQLRepository - Exited webInterface()
2022-03-16 11:06:37,619 [main] INFO angular.feature.C2STransferRevamp - Entered performC2STransferBlankPIN(Super Distributor, Dealer, 2468, RC)
2022-03-16 11:06:37,660 [main] INFO angular.classes.LoginRevamp - LoginID found as: AUT_19995
2022-03-16 11:06:37,663 [main] INFO angular.classes.LoginRevamp - Password found as: Com@2468
2022-03-16 11:06:37,665 [main] INFO angular.classes.LoginRevamp - Username found as: AUTFN6751 AUTLN4189
2022-03-16 11:06:38,271 [main] INFO angular.pageobjects.loginpages.LoginPageRevamp - Trying to select Language
2022-03-16 11:07:08,936 [main] INFO angular.pageobjects.loginpages.LoginPageRevamp - <b>Language Selector Not Found:</b>
2022-03-16 11:07:08,966 [main] INFO angular.pageobjects.loginpages.LoginPageRevamp - Trying to enter Login ID
2022-03-16 11:08:10,150 [main] INFO com.classes.BaseTest - org.openqa.selenium.TimeoutException: Expected condition failed: waiting for visibility of Proxy element for: DefaultElementLocator 'By.xpath: //div[@id='loginid-container']//input[@formcontrolname='login_id']' (tried for 20 second(s) with 500 milliseconds interval)
2022-03-16 11:08:31,191 [main] ERROR com.sshmanager.SSHService - Error while getting SSH Server Instance : com.jcraft.jsch.JSchException: java.net.ConnectException: Connection timed out: connect
2022-03-16 11:08:51,869 [main] INFO angular.testscripts.prereuisitesangular.PreRequisite_C2STransfer_Revamp - ------------------ Test Case Execution Started For A_06_performC2STransferBlankPIN -------------------
2022-03-16 11:08:51,869 [main] INFO angular.testscripts.prereuisitesangular.PreRequisite_C2STransfer_Revamp - Entered A_06_performC2STransferBlankPIN(Super Distributor, Agent, 2468, RC)
2022-03-16 11:08:51,906 [main] INFO com.utils.CommonUtils - Category Code for Agent: AG
2022-03-16 11:08:51,924 [main] INFO com.dbrepository.PostGreSQLRepository - Entered webInterface(Agent)
2022-03-16 11:08:51,925 [main] INFO com.dbrepository.DBConnectionPool - Active Size:0 Cache Size:10
2022-03-16 11:08:51,926 [main] INFO com.dbrepository.PostGreSQLRepository - webInterface() :: select query: Select WEB_INTERFACE_ALLOWED from categories where category_name= ?
2022-03-16 11:08:52,008 [main] INFO com.dbrepository.PostGreSQLRepository - Database Returns: WEB_INTERFACE_ALLOWED (Y)
2022-03-16 11:08:52,010 [main] INFO com.dbrepository.PostGreSQLRepository - Exited webInterface()
2022-03-16 11:08:52,012 [main] INFO angular.feature.C2STransferRevamp - Entered performC2STransferBlankPIN(Super Distributor, Agent, 2468, RC)
2022-03-16 11:08:52,048 [main] INFO angular.classes.LoginRevamp - LoginID found as: AUT_08837
2022-03-16 11:08:52,050 [main] INFO angular.classes.LoginRevamp - Password found as: Com@2468
2022-03-16 11:08:52,052 [main] INFO angular.classes.LoginRevamp - Username found as: AUTFN7086 AUTLN1035
2022-03-16 11:08:56,363 [main] INFO angular.pageobjects.loginpages.LoginPageRevamp - Trying to select Language
2022-03-16 11:09:26,964 [main] INFO angular.pageobjects.loginpages.LoginPageRevamp - <b>Language Selector Not Found:</b>
2022-03-16 11:09:26,998 [main] INFO angular.pageobjects.loginpages.LoginPageRevamp - Trying to enter Login ID
2022-03-16 11:10:28,215 [main] INFO com.classes.BaseTest - org.openqa.selenium.TimeoutException: Expected condition failed: waiting for visibility of Proxy element for: DefaultElementLocator 'By.xpath: //div[@id='loginid-container']//input[@formcontrolname='login_id']' (tried for 20 second(s) with 500 milliseconds interval)
2022-03-16 11:10:49,248 [main] ERROR com.sshmanager.SSHService - Error while getting SSH Server Instance : com.jcraft.jsch.JSchException: java.net.ConnectException: Connection timed out: connect
2022-03-16 11:11:09,947 [main] INFO angular.testscripts.prereuisitesangular.PreRequisite_C2STransfer_Revamp - ------------------ Test Case Execution Started For A_06_performC2STransferBlankPIN -------------------
2022-03-16 11:11:09,947 [main] INFO angular.testscripts.prereuisitesangular.PreRequisite_C2STransfer_Revamp - Entered A_06_performC2STransferBlankPIN(Dealer, Agent, 2468, RC)
2022-03-16 11:11:09,984 [main] INFO com.utils.CommonUtils - Category Code for Agent: AG
2022-03-16 11:11:10,002 [main] INFO com.dbrepository.PostGreSQLRepository - Entered webInterface(Agent)
2022-03-16 11:11:10,004 [main] INFO com.dbrepository.DBConnectionPool - Active Size:0 Cache Size:10
2022-03-16 11:11:10,005 [main] INFO com.dbrepository.PostGreSQLRepository - webInterface() :: select query: Select WEB_INTERFACE_ALLOWED from categories where category_name= ?
2022-03-16 11:11:10,086 [main] INFO com.dbrepository.PostGreSQLRepository - Database Returns: WEB_INTERFACE_ALLOWED (Y)
2022-03-16 11:11:10,088 [main] INFO com.dbrepository.PostGreSQLRepository - Exited webInterface()
2022-03-16 11:11:10,089 [main] INFO angular.feature.C2STransferRevamp - Entered performC2STransferBlankPIN(Dealer, Agent, 2468, RC)
2022-03-16 11:11:10,139 [main] INFO angular.classes.LoginRevamp - LoginID found as: AUT_87570
2022-03-16 11:11:10,141 [main] INFO angular.classes.LoginRevamp - Password found as: Com@2468
2022-03-16 11:11:10,142 [main] INFO angular.classes.LoginRevamp - Username found as: AUTFN5575 AUTLN8034
2022-03-16 11:11:10,563 [main] INFO angular.pageobjects.loginpages.LoginPageRevamp - Trying to select Language
2022-03-16 11:11:41,209 [main] INFO angular.pageobjects.loginpages.LoginPageRevamp - <b>Language Selector Not Found:</b>
2022-03-16 11:11:41,238 [main] INFO angular.pageobjects.loginpages.LoginPageRevamp - Trying to enter Login ID
2022-03-16 11:12:42,534 [main] INFO com.classes.BaseTest - org.openqa.selenium.TimeoutException: Expected condition failed: waiting for visibility of Proxy element for: DefaultElementLocator 'By.xpath: //div[@id='loginid-container']//input[@formcontrolname='login_id']' (tried for 20 second(s) with 500 milliseconds interval)
2022-03-16 11:13:03,586 [main] ERROR com.sshmanager.SSHService - Error while getting SSH Server Instance : com.jcraft.jsch.JSchException: java.net.ConnectException: Connection timed out: connect
2022-03-16 11:13:24,203 [main] INFO angular.testscripts.prereuisitesangular.PreRequisite_C2STransfer_Revamp - ------------------ Test Case Execution Started For A_06_performC2STransferBlankPIN -------------------
2022-03-16 11:13:24,203 [main] INFO angular.testscripts.prereuisitesangular.PreRequisite_C2STransfer_Revamp - Entered A_06_performC2STransferBlankPIN(Agent, Retailer, 2468, RC)
2022-03-16 11:13:24,266 [main] INFO com.utils.CommonUtils - Category Code for Retailer: RET
2022-03-16 11:13:24,286 [main] INFO com.dbrepository.PostGreSQLRepository - Entered webInterface(Retailer)
2022-03-16 11:13:24,287 [main] INFO com.dbrepository.DBConnectionPool - Active Size:0 Cache Size:10
2022-03-16 11:13:24,289 [main] INFO com.dbrepository.PostGreSQLRepository - webInterface() :: select query: Select WEB_INTERFACE_ALLOWED from categories where category_name= ?
2022-03-16 11:13:24,372 [main] INFO com.dbrepository.PostGreSQLRepository - Database Returns: WEB_INTERFACE_ALLOWED (Y)
2022-03-16 11:13:24,374 [main] INFO com.dbrepository.PostGreSQLRepository - Exited webInterface()
2022-03-16 11:13:24,376 [main] INFO angular.feature.C2STransferRevamp - Entered performC2STransferBlankPIN(Agent, Retailer, 2468, RC)
2022-03-16 11:13:24,413 [main] INFO angular.classes.LoginRevamp - LoginID found as: AUT_41726
2022-03-16 11:13:24,415 [main] INFO angular.classes.LoginRevamp - Password found as: Com@2468
2022-03-16 11:13:24,416 [main] INFO angular.classes.LoginRevamp - Username found as: AUTFN4270 AUTLN3932
2022-03-16 11:13:24,836 [main] INFO angular.pageobjects.loginpages.LoginPageRevamp - Trying to select Language
2022-03-16 11:13:55,467 [main] INFO angular.pageobjects.loginpages.LoginPageRevamp - <b>Language Selector Not Found:</b>
2022-03-16 11:13:55,499 [main] INFO angular.pageobjects.loginpages.LoginPageRevamp - Trying to enter Login ID
2022-03-16 11:14:56,763 [main] INFO com.classes.BaseTest - org.openqa.selenium.TimeoutException: Expected condition failed: waiting for visibility of Proxy element for: DefaultElementLocator 'By.xpath: //div[@id='loginid-container']//input[@formcontrolname='login_id']' (tried for 20 second(s) with 500 milliseconds interval)
2022-03-16 11:15:17,805 [main] ERROR com.sshmanager.SSHService - Error while getting SSH Server Instance : com.jcraft.jsch.JSchException: java.net.ConnectException: Connection timed out: connect
2022-03-16 11:15:39,821 [main] INFO angular.testscripts.prereuisitesangular.PreRequisite_C2STransfer_Revamp - ------------------ Test Case Execution Started For A_07_performC2STransferInvalidPIN -------------------
2022-03-16 11:15:39,821 [main] INFO angular.testscripts.prereuisitesangular.PreRequisite_C2STransfer_Revamp - Entered A_07_performC2STransferInvalidPIN(Root, Super Distributor, 2468, RC)
2022-03-16 11:15:39,933 [main] INFO com.utils.CommonUtils - Category Code for Super Distributor: DIST
2022-03-16 11:15:39,975 [main] INFO com.dbrepository.PostGreSQLRepository - Entered webInterface(Super Distributor)
2022-03-16 11:15:39,978 [main] INFO com.dbrepository.DBConnectionPool - Active Size:0 Cache Size:10
2022-03-16 11:15:39,983 [main] INFO com.dbrepository.PostGreSQLRepository - webInterface() :: select query: Select WEB_INTERFACE_ALLOWED from categories where category_name= ?
2022-03-16 11:15:40,070 [main] INFO com.dbrepository.PostGreSQLRepository - Database Returns: WEB_INTERFACE_ALLOWED (Y)
2022-03-16 11:15:40,074 [main] INFO com.dbrepository.PostGreSQLRepository - Exited webInterface()
2022-03-16 11:15:40,079 [main] INFO angular.feature.C2STransferRevamp - Entered performC2STransferInvalidPIN(Root, Super Distributor, 2468, RC)
2022-03-16 11:15:40,167 [main] INFO angular.classes.LoginRevamp - LoginID found as: AUT_48675
2022-03-16 11:15:40,169 [main] INFO angular.classes.LoginRevamp - Password found as: Com@2468
2022-03-16 11:15:40,173 [main] INFO angular.classes.LoginRevamp - Username found as: AUTFN1393 AUTLN2379
2022-03-16 11:15:40,696 [main] INFO angular.pageobjects.loginpages.LoginPageRevamp - Trying to select Language
2022-03-16 11:16:11,343 [main] INFO angular.pageobjects.loginpages.LoginPageRevamp - <b>Language Selector Not Found:</b>
2022-03-16 11:16:11,381 [main] INFO angular.pageobjects.loginpages.LoginPageRevamp - Trying to enter Login ID
2022-03-16 11:17:12,737 [main] INFO com.classes.BaseTest - org.openqa.selenium.TimeoutException: Expected condition failed: waiting for visibility of Proxy element for: DefaultElementLocator 'By.xpath: //div[@id='loginid-container']//input[@formcontrolname='login_id']' (tried for 20 second(s) with 500 milliseconds interval)
2022-03-16 11:17:33,791 [main] ERROR com.sshmanager.SSHService - Error while getting SSH Server Instance : com.jcraft.jsch.JSchException: java.net.ConnectException: Connection timed out: connect
2022-03-16 11:17:54,608 [main] INFO angular.testscripts.prereuisitesangular.PreRequisite_C2STransfer_Revamp - ------------------ Test Case Execution Started For A_07_performC2STransferInvalidPIN -------------------
2022-03-16 11:17:54,608 [main] INFO angular.testscripts.prereuisitesangular.PreRequisite_C2STransfer_Revamp - Entered A_07_performC2STransferInvalidPIN(Super Distributor, Dealer, 2468, RC)
2022-03-16 11:17:54,727 [main] INFO com.utils.CommonUtils - Category Code for Dealer: SE
2022-03-16 11:17:54,773 [main] INFO com.dbrepository.PostGreSQLRepository - Entered webInterface(Dealer)
2022-03-16 11:17:54,778 [main] INFO com.dbrepository.DBConnectionPool - Active Size:0 Cache Size:10
2022-03-16 11:17:54,782 [main] INFO com.dbrepository.PostGreSQLRepository - webInterface() :: select query: Select WEB_INTERFACE_ALLOWED from categories where category_name= ?
2022-03-16 11:17:54,865 [main] INFO com.dbrepository.PostGreSQLRepository - Database Returns: WEB_INTERFACE_ALLOWED (Y)
2022-03-16 11:17:54,869 [main] INFO com.dbrepository.PostGreSQLRepository - Exited webInterface()
2022-03-16 11:17:54,873 [main] INFO angular.feature.C2STransferRevamp - Entered performC2STransferInvalidPIN(Super Distributor, Dealer, 2468, RC)
2022-03-16 11:17:54,977 [main] INFO angular.classes.LoginRevamp - LoginID found as: AUT_19995
2022-03-16 11:17:54,981 [main] INFO angular.classes.LoginRevamp - Password found as: Com@2468
2022-03-16 11:17:54,986 [main] INFO angular.classes.LoginRevamp - Username found as: AUTFN6751 AUTLN4189
2022-03-16 11:17:55,438 [main] INFO angular.pageobjects.loginpages.LoginPageRevamp - Trying to select Language
2022-03-16 11:18:26,113 [main] INFO angular.pageobjects.loginpages.LoginPageRevamp - <b>Language Selector Not Found:</b>
2022-03-16 11:18:26,143 [main] INFO angular.pageobjects.loginpages.LoginPageRevamp - Trying to enter Login ID
2022-03-16 11:19:27,466 [main] INFO com.classes.BaseTest - org.openqa.selenium.TimeoutException: Expected condition failed: waiting for visibility of Proxy element for: DefaultElementLocator 'By.xpath: //div[@id='loginid-container']//input[@formcontrolname='login_id']' (tried for 20 second(s) with 500 milliseconds interval)
2022-03-16 11:19:48,510 [main] ERROR com.sshmanager.SSHService - Error while getting SSH Server Instance : com.jcraft.jsch.JSchException: java.net.ConnectException: Connection timed out: connect
2022-03-16 11:20:09,231 [main] INFO angular.testscripts.prereuisitesangular.PreRequisite_C2STransfer_Revamp - ------------------ Test Case Execution Started For A_07_performC2STransferInvalidPIN -------------------
2022-03-16 11:20:09,231 [main] INFO angular.testscripts.prereuisitesangular.PreRequisite_C2STransfer_Revamp - Entered A_07_performC2STransferInvalidPIN(Super Distributor, Agent, 2468, RC)
2022-03-16 11:20:09,340 [main] INFO com.utils.CommonUtils - Category Code for Agent: AG
2022-03-16 11:20:09,398 [main] INFO com.dbrepository.PostGreSQLRepository - Entered webInterface(Agent)
2022-03-16 11:20:09,403 [main] INFO com.dbrepository.DBConnectionPool - Active Size:0 Cache Size:10
2022-03-16 11:20:09,407 [main] INFO com.dbrepository.PostGreSQLRepository - webInterface() :: select query: Select WEB_INTERFACE_ALLOWED from categories where category_name= ?
2022-03-16 11:20:09,488 [main] INFO com.dbrepository.PostGreSQLRepository - Database Returns: WEB_INTERFACE_ALLOWED (Y)
2022-03-16 11:20:09,491 [main] INFO com.dbrepository.PostGreSQLRepository - Exited webInterface()
2022-03-16 11:20:09,496 [main] INFO angular.feature.C2STransferRevamp - Entered performC2STransferInvalidPIN(Super Distributor, Agent, 2468, RC)
2022-03-16 11:20:09,610 [main] INFO angular.classes.LoginRevamp - LoginID found as: AUT_08837
2022-03-16 11:20:09,615 [main] INFO angular.classes.LoginRevamp - Password found as: Com@2468
2022-03-16 11:20:09,619 [main] INFO angular.classes.LoginRevamp - Username found as: AUTFN7086 AUTLN1035
2022-03-16 11:20:10,055 [main] INFO angular.pageobjects.loginpages.LoginPageRevamp - Trying to select Language
2022-03-16 11:20:40,675 [main] INFO angular.pageobjects.loginpages.LoginPageRevamp - <b>Language Selector Not Found:</b>
2022-03-16 11:20:40,706 [main] INFO angular.pageobjects.loginpages.LoginPageRevamp - Trying to enter Login ID
2022-03-16 11:21:41,897 [main] INFO com.classes.BaseTest - org.openqa.selenium.TimeoutException: Expected condition failed: waiting for visibility of Proxy element for: DefaultElementLocator 'By.xpath: //div[@id='loginid-container']//input[@formcontrolname='login_id']' (tried for 20 second(s) with 500 milliseconds interval)
2022-03-16 11:22:02,923 [main] ERROR com.sshmanager.SSHService - Error while getting SSH Server Instance : com.jcraft.jsch.JSchException: java.net.ConnectException: Connection timed out: connect
2022-03-16 11:22:23,633 [main] INFO angular.testscripts.prereuisitesangular.PreRequisite_C2STransfer_Revamp - ------------------ Test Case Execution Started For A_07_performC2STransferInvalidPIN -------------------
2022-03-16 11:22:23,633 [main] INFO angular.testscripts.prereuisitesangular.PreRequisite_C2STransfer_Revamp - Entered A_07_performC2STransferInvalidPIN(Dealer, Agent, 2468, RC)
2022-03-16 11:22:23,750 [main] INFO com.utils.CommonUtils - Category Code for Agent: AG
2022-03-16 11:22:23,794 [main] INFO com.dbrepository.PostGreSQLRepository - Entered webInterface(Agent)
2022-03-16 11:22:23,797 [main] INFO com.dbrepository.DBConnectionPool - Active Size:0 Cache Size:10
2022-03-16 11:22:23,802 [main] INFO com.dbrepository.PostGreSQLRepository - webInterface() :: select query: Select WEB_INTERFACE_ALLOWED from categories where category_name= ?
2022-03-16 11:22:23,886 [main] INFO com.dbrepository.PostGreSQLRepository - Database Returns: WEB_INTERFACE_ALLOWED (Y)
2022-03-16 11:22:23,891 [main] INFO com.dbrepository.PostGreSQLRepository - Exited webInterface()
2022-03-16 11:22:23,895 [main] INFO angular.feature.C2STransferRevamp - Entered performC2STransferInvalidPIN(Dealer, Agent, 2468, RC)
2022-03-16 11:22:24,019 [main] INFO angular.classes.LoginRevamp - LoginID found as: AUT_87570
2022-03-16 11:22:24,023 [main] INFO angular.classes.LoginRevamp - Password found as: Com@2468
2022-03-16 11:22:24,026 [main] INFO angular.classes.LoginRevamp - Username found as: AUTFN5575 AUTLN8034
2022-03-16 11:22:24,475 [main] INFO angular.pageobjects.loginpages.LoginPageRevamp - Trying to select Language
2022-03-16 11:22:55,109 [main] INFO angular.pageobjects.loginpages.LoginPageRevamp - <b>Language Selector Not Found:</b>
2022-03-16 11:22:55,149 [main] INFO angular.pageobjects.loginpages.LoginPageRevamp - Trying to enter Login ID
2022-03-16 11:23:56,412 [main] INFO com.classes.BaseTest - org.openqa.selenium.TimeoutException: Expected condition failed: waiting for visibility of Proxy element for: DefaultElementLocator 'By.xpath: //div[@id='loginid-container']//input[@formcontrolname='login_id']' (tried for 20 second(s) with 500 milliseconds interval)
2022-03-16 11:24:17,466 [main] ERROR com.sshmanager.SSHService - Error while getting SSH Server Instance : com.jcraft.jsch.JSchException: java.net.ConnectException: Connection timed out: connect
2022-03-16 11:24:38,153 [main] INFO angular.testscripts.prereuisitesangular.PreRequisite_C2STransfer_Revamp - ------------------ Test Case Execution Started For A_07_performC2STransferInvalidPIN -------------------
2022-03-16 11:24:38,153 [main] INFO angular.testscripts.prereuisitesangular.PreRequisite_C2STransfer_Revamp - Entered A_07_performC2STransferInvalidPIN(Agent, Retailer, 2468, RC)
2022-03-16 11:24:38,285 [main] INFO com.utils.CommonUtils - Category Code for Retailer: RET
2022-03-16 11:24:38,343 [main] INFO com.dbrepository.PostGreSQLRepository - Entered webInterface(Retailer)
2022-03-16 11:24:38,348 [main] INFO com.dbrepository.DBConnectionPool - Active Size:0 Cache Size:10
2022-03-16 11:24:38,352 [main] INFO com.dbrepository.PostGreSQLRepository - webInterface() :: select query: Select WEB_INTERFACE_ALLOWED from categories where category_name= ?
2022-03-16 11:24:38,496 [main] INFO com.dbrepository.PostGreSQLRepository - Database Returns: WEB_INTERFACE_ALLOWED (Y)
2022-03-16 11:24:38,499 [main] INFO com.dbrepository.PostGreSQLRepository - Exited webInterface()
2022-03-16 11:24:38,504 [main] INFO angular.feature.C2STransferRevamp - Entered performC2STransferInvalidPIN(Agent, Retailer, 2468, RC)
2022-03-16 11:24:38,617 [main] INFO angular.classes.LoginRevamp - LoginID found as: AUT_41726
2022-03-16 11:24:38,622 [main] INFO angular.classes.LoginRevamp - Password found as: Com@2468
2022-03-16 11:24:38,626 [main] INFO angular.classes.LoginRevamp - Username found as: AUTFN4270 AUTLN3932
2022-03-16 11:24:39,294 [main] INFO angular.pageobjects.loginpages.LoginPageRevamp - Trying to select Language
2022-03-16 11:25:09,951 [main] INFO angular.pageobjects.loginpages.LoginPageRevamp - <b>Language Selector Not Found:</b>
2022-03-16 11:25:09,983 [main] INFO angular.pageobjects.loginpages.LoginPageRevamp - Trying to enter Login ID
2022-03-16 11:26:11,207 [main] INFO com.classes.BaseTest - org.openqa.selenium.TimeoutException: Expected condition failed: waiting for visibility of Proxy element for: DefaultElementLocator 'By.xpath: //div[@id='loginid-container']//input[@formcontrolname='login_id']' (tried for 20 second(s) with 500 milliseconds interval)
2022-03-16 11:26:32,245 [main] ERROR com.sshmanager.SSHService - Error while getting SSH Server Instance : com.jcraft.jsch.JSchException: java.net.ConnectException: Connection timed out: connect
2022-03-16 11:26:54,560 [main] INFO angular.testscripts.prereuisitesangular.PreRequisite_C2STransfer_Revamp - ------------------ Test Case Execution Started For A_08_performC2STransferCloseEnterPINPopup -------------------
2022-03-16 11:26:54,560 [main] INFO angular.testscripts.prereuisitesangular.PreRequisite_C2STransfer_Revamp - Entered A_08_performC2STransferCloseEnterPINPopup(Root, Super Distributor, 2468, RC)
2022-03-16 11:26:54,686 [main] INFO com.utils.CommonUtils - Category Code for Super Distributor: DIST
2022-03-16 11:26:54,746 [main] INFO com.dbrepository.PostGreSQLRepository - Entered webInterface(Super Distributor)
2022-03-16 11:26:54,750 [main] INFO com.dbrepository.DBConnectionPool - Active Size:0 Cache Size:10
2022-03-16 11:26:54,753 [main] INFO com.dbrepository.PostGreSQLRepository - webInterface() :: select query: Select WEB_INTERFACE_ALLOWED from categories where category_name= ?
2022-03-16 11:26:54,920 [main] INFO com.dbrepository.PostGreSQLRepository - Database Returns: WEB_INTERFACE_ALLOWED (Y)
2022-03-16 11:26:54,924 [main] INFO com.dbrepository.PostGreSQLRepository - Exited webInterface()
2022-03-16 11:26:54,928 [main] INFO angular.feature.C2STransferRevamp - Entered performC2STransferCloseEnterPINPopup(Root, Super Distributor, 2468, RC)
2022-03-16 11:26:54,988 [main] INFO angular.classes.LoginRevamp - LoginID found as: AUT_48675
2022-03-16 11:26:54,993 [main] INFO angular.classes.LoginRevamp - Password found as: Com@2468
2022-03-16 11:26:54,998 [main] INFO angular.classes.LoginRevamp - Username found as: AUTFN1393 AUTLN2379
2022-03-16 11:26:55,468 [main] INFO angular.pageobjects.loginpages.LoginPageRevamp - Trying to select Language
2022-03-16 11:27:26,079 [main] INFO angular.pageobjects.loginpages.LoginPageRevamp - <b>Language Selector Not Found:</b>
2022-03-16 11:27:26,114 [main] INFO angular.pageobjects.loginpages.LoginPageRevamp - Trying to enter Login ID
2022-03-16 11:28:27,483 [main] INFO com.classes.BaseTest - org.openqa.selenium.TimeoutException: Expected condition failed: waiting for visibility of Proxy element for: DefaultElementLocator 'By.xpath: //div[@id='loginid-container']//input[@formcontrolname='login_id']' (tried for 20 second(s) with 500 milliseconds interval)
2022-03-16 11:28:48,522 [main] ERROR com.sshmanager.SSHService - Error while getting SSH Server Instance : com.jcraft.jsch.JSchException: java.net.ConnectException: Connection timed out: connect
2022-03-16 11:29:09,318 [main] INFO angular.testscripts.prereuisitesangular.PreRequisite_C2STransfer_Revamp - ------------------ Test Case Execution Started For A_08_performC2STransferCloseEnterPINPopup -------------------
2022-03-16 11:29:09,318 [main] INFO angular.testscripts.prereuisitesangular.PreRequisite_C2STransfer_Revamp - Entered A_08_performC2STransferCloseEnterPINPopup(Super Distributor, Dealer, 2468, RC)
2022-03-16 11:29:09,433 [main] INFO com.utils.CommonUtils - Category Code for Dealer: SE
2022-03-16 11:29:09,485 [main] INFO com.dbrepository.PostGreSQLRepository - Entered webInterface(Dealer)
2022-03-16 11:29:09,488 [main] INFO com.dbrepository.DBConnectionPool - Active Size:0 Cache Size:10
2022-03-16 11:29:09,491 [main] INFO com.dbrepository.PostGreSQLRepository - webInterface() :: select query: Select WEB_INTERFACE_ALLOWED from categories where category_name= ?
2022-03-16 11:29:09,577 [main] INFO com.dbrepository.PostGreSQLRepository - Database Returns: WEB_INTERFACE_ALLOWED (Y)
2022-03-16 11:29:09,582 [main] INFO com.dbrepository.PostGreSQLRepository - Exited webInterface()
2022-03-16 11:29:09,587 [main] INFO angular.feature.C2STransferRevamp - Entered performC2STransferCloseEnterPINPopup(Super Distributor, Dealer, 2468, RC)
2022-03-16 11:29:09,637 [main] INFO angular.classes.LoginRevamp - LoginID found as: AUT_19995
2022-03-16 11:29:09,641 [main] INFO angular.classes.LoginRevamp - Password found as: Com@2468
2022-03-16 11:29:09,645 [main] INFO angular.classes.LoginRevamp - Username found as: AUTFN6751 AUTLN4189
2022-03-16 11:29:10,103 [main] INFO angular.pageobjects.loginpages.LoginPageRevamp - Trying to select Language
2022-03-16 11:29:40,731 [main] INFO angular.pageobjects.loginpages.LoginPageRevamp - <b>Language Selector Not Found:</b>
2022-03-16 11:29:40,772 [main] INFO angular.pageobjects.loginpages.LoginPageRevamp - Trying to enter Login ID
2022-03-16 11:30:42,026 [main] INFO com.classes.BaseTest - org.openqa.selenium.TimeoutException: Expected condition failed: waiting for visibility of Proxy element for: DefaultElementLocator 'By.xpath: //div[@id='loginid-container']//input[@formcontrolname='login_id']' (tried for 20 second(s) with 500 milliseconds interval)
2022-03-16 11:31:03,067 [main] ERROR com.sshmanager.SSHService - Error while getting SSH Server Instance : com.jcraft.jsch.JSchException: java.net.ConnectException: Connection timed out: connect
2022-03-16 11:31:23,751 [main] INFO angular.testscripts.prereuisitesangular.PreRequisite_C2STransfer_Revamp - ------------------ Test Case Execution Started For A_08_performC2STransferCloseEnterPINPopup -------------------
2022-03-16 11:31:23,751 [main] INFO angular.testscripts.prereuisitesangular.PreRequisite_C2STransfer_Revamp - Entered A_08_performC2STransferCloseEnterPINPopup(Super Distributor, Agent, 2468, RC)
2022-03-16 11:31:23,860 [main] INFO com.utils.CommonUtils - Category Code for Agent: AG
2022-03-16 11:31:23,909 [main] INFO com.dbrepository.PostGreSQLRepository - Entered webInterface(Agent)
2022-03-16 11:31:23,912 [main] INFO com.dbrepository.DBConnectionPool - Active Size:0 Cache Size:10
2022-03-16 11:31:23,916 [main] INFO com.dbrepository.PostGreSQLRepository - webInterface() :: select query: Select WEB_INTERFACE_ALLOWED from categories where category_name= ?
2022-03-16 11:31:24,002 [main] INFO com.dbrepository.PostGreSQLRepository - Database Returns: WEB_INTERFACE_ALLOWED (Y)
2022-03-16 11:31:24,005 [main] INFO com.dbrepository.PostGreSQLRepository - Exited webInterface()
2022-03-16 11:31:24,010 [main] INFO angular.feature.C2STransferRevamp - Entered performC2STransferCloseEnterPINPopup(Super Distributor, Agent, 2468, RC)
2022-03-16 11:31:24,060 [main] INFO angular.classes.LoginRevamp - LoginID found as: AUT_08837
2022-03-16 11:31:24,065 [main] INFO angular.classes.LoginRevamp - Password found as: Com@2468
2022-03-16 11:31:24,069 [main] INFO angular.classes.LoginRevamp - Username found as: AUTFN7086 AUTLN1035
2022-03-16 11:31:24,551 [main] INFO angular.pageobjects.loginpages.LoginPageRevamp - Trying to select Language
2022-03-16 11:31:55,157 [main] INFO angular.pageobjects.loginpages.LoginPageRevamp - <b>Language Selector Not Found:</b>
2022-03-16 11:31:55,187 [main] INFO angular.pageobjects.loginpages.LoginPageRevamp - Trying to enter Login ID
2022-03-16 11:32:56,395 [main] INFO com.classes.BaseTest - org.openqa.selenium.TimeoutException: Expected condition failed: waiting for visibility of Proxy element for: DefaultElementLocator 'By.xpath: //div[@id='loginid-container']//input[@formcontrolname='login_id']' (tried for 20 second(s) with 500 milliseconds interval)
2022-03-16 11:33:17,440 [main] ERROR com.sshmanager.SSHService - Error while getting SSH Server Instance : com.jcraft.jsch.JSchException: java.net.ConnectException: Connection timed out: connect
2022-03-16 11:33:37,951 [main] INFO angular.testscripts.prereuisitesangular.PreRequisite_C2STransfer_Revamp - ------------------ Test Case Execution Started For A_08_performC2STransferCloseEnterPINPopup -------------------
2022-03-16 11:33:37,951 [main] INFO angular.testscripts.prereuisitesangular.PreRequisite_C2STransfer_Revamp - Entered A_08_performC2STransferCloseEnterPINPopup(Dealer, Agent, 2468, RC)
2022-03-16 11:33:38,071 [main] INFO com.utils.CommonUtils - Category Code for Agent: AG
2022-03-16 11:33:38,132 [main] INFO com.dbrepository.PostGreSQLRepository - Entered webInterface(Agent)
2022-03-16 11:33:38,137 [main] INFO com.dbrepository.DBConnectionPool - Active Size:0 Cache Size:10
2022-03-16 11:33:38,142 [main] INFO com.dbrepository.PostGreSQLRepository - webInterface() :: select query: Select WEB_INTERFACE_ALLOWED from categories where category_name= ?
2022-03-16 11:33:38,230 [main] INFO com.dbrepository.PostGreSQLRepository - Database Returns: WEB_INTERFACE_ALLOWED (Y)
2022-03-16 11:33:38,235 [main] INFO com.dbrepository.PostGreSQLRepository - Exited webInterface()
2022-03-16 11:33:38,240 [main] INFO angular.feature.C2STransferRevamp - Entered performC2STransferCloseEnterPINPopup(Dealer, Agent, 2468, RC)
2022-03-16 11:33:38,303 [main] INFO angular.classes.LoginRevamp - LoginID found as: AUT_87570
2022-03-16 11:33:38,307 [main] INFO angular.classes.LoginRevamp - Password found as: Com@2468
2022-03-16 11:33:38,311 [main] INFO angular.classes.LoginRevamp - Username found as: AUTFN5575 AUTLN8034
2022-03-16 11:33:38,875 [main] INFO angular.pageobjects.loginpages.LoginPageRevamp - Trying to select Language
2022-03-16 11:34:09,528 [main] INFO angular.pageobjects.loginpages.LoginPageRevamp - <b>Language Selector Not Found:</b>
2022-03-16 11:34:09,565 [main] INFO angular.pageobjects.loginpages.LoginPageRevamp - Trying to enter Login ID
2022-03-16 11:35:10,812 [main] INFO com.classes.BaseTest - org.openqa.selenium.TimeoutException: Expected condition failed: waiting for visibility of Proxy element for: DefaultElementLocator 'By.xpath: //div[@id='loginid-container']//input[@formcontrolname='login_id']' (tried for 20 second(s) with 500 milliseconds interval)
2022-03-16 11:35:31,850 [main] ERROR com.sshmanager.SSHService - Error while getting SSH Server Instance : com.jcraft.jsch.JSchException: java.net.ConnectException: Connection timed out: connect
2022-03-16 11:35:52,649 [main] INFO angular.testscripts.prereuisitesangular.PreRequisite_C2STransfer_Revamp - ------------------ Test Case Execution Started For A_08_performC2STransferCloseEnterPINPopup -------------------
2022-03-16 11:35:52,649 [main] INFO angular.testscripts.prereuisitesangular.PreRequisite_C2STransfer_Revamp - Entered A_08_performC2STransferCloseEnterPINPopup(Agent, Retailer, 2468, RC)
2022-03-16 11:35:52,779 [main] INFO com.utils.CommonUtils - Category Code for Retailer: RET
2022-03-16 11:35:52,832 [main] INFO com.dbrepository.PostGreSQLRepository - Entered webInterface(Retailer)
2022-03-16 11:35:52,837 [main] INFO com.dbrepository.DBConnectionPool - Active Size:0 Cache Size:10
2022-03-16 11:35:52,842 [main] INFO com.dbrepository.PostGreSQLRepository - webInterface() :: select query: Select WEB_INTERFACE_ALLOWED from categories where category_name= ?
2022-03-16 11:35:52,931 [main] INFO com.dbrepository.PostGreSQLRepository - Database Returns: WEB_INTERFACE_ALLOWED (Y)
2022-03-16 11:35:52,935 [main] INFO com.dbrepository.PostGreSQLRepository - Exited webInterface()
2022-03-16 11:35:52,940 [main] INFO angular.feature.C2STransferRevamp - Entered performC2STransferCloseEnterPINPopup(Agent, Retailer, 2468, RC)
2022-03-16 11:35:52,996 [main] INFO angular.classes.LoginRevamp - LoginID found as: AUT_41726
2022-03-16 11:35:53,000 [main] INFO angular.classes.LoginRevamp - Password found as: Com@2468
2022-03-16 11:35:53,004 [main] INFO angular.classes.LoginRevamp - Username found as: AUTFN4270 AUTLN3932
2022-03-16 11:35:53,469 [main] INFO angular.pageobjects.loginpages.LoginPageRevamp - Trying to select Language
2022-03-16 11:36:24,056 [main] INFO angular.pageobjects.loginpages.LoginPageRevamp - <b>Language Selector Not Found:</b>
2022-03-16 11:36:24,095 [main] INFO angular.pageobjects.loginpages.LoginPageRevamp - Trying to enter Login ID
2022-03-16 11:37:25,314 [main] INFO com.classes.BaseTest - org.openqa.selenium.TimeoutException: Expected condition failed: waiting for visibility of Proxy element for: DefaultElementLocator 'By.xpath: //div[@id='loginid-container']//input[@formcontrolname='login_id']' (tried for 20 second(s) with 500 milliseconds interval)
2022-03-16 11:37:46,365 [main] ERROR com.sshmanager.SSHService - Error while getting SSH Server Instance : com.jcraft.jsch.JSchException: java.net.ConnectException: Connection timed out: connect
2022-03-16 11:38:08,373 [main] INFO angular.testscripts.prereuisitesangular.PreRequisite_C2STransfer_Revamp - ------------------ Test Case Execution Started For A_09_performC2STransferBlankMSISDN -------------------
2022-03-16 11:38:08,373 [main] INFO angular.testscripts.prereuisitesangular.PreRequisite_C2STransfer_Revamp - Entered A_09_performC2STransferBlankMSISDN(Root, Super Distributor, 2468, RC)
2022-03-16 11:38:08,491 [main] INFO com.utils.CommonUtils - Category Code for Super Distributor: DIST
2022-03-16 11:38:08,548 [main] INFO com.dbrepository.PostGreSQLRepository - Entered webInterface(Super Distributor)
2022-03-16 11:38:08,553 [main] INFO com.dbrepository.DBConnectionPool - Active Size:0 Cache Size:10
2022-03-16 11:38:08,558 [main] INFO com.dbrepository.PostGreSQLRepository - webInterface() :: select query: Select WEB_INTERFACE_ALLOWED from categories where category_name= ?
2022-03-16 11:38:08,648 [main] INFO com.dbrepository.PostGreSQLRepository - Database Returns: WEB_INTERFACE_ALLOWED (Y)
2022-03-16 11:38:08,652 [main] INFO com.dbrepository.PostGreSQLRepository - Exited webInterface()
2022-03-16 11:38:08,656 [main] INFO angular.feature.C2STransferRevamp - Entered performC2STransferBlankMsisdn(Root, Super Distributor, 2468, RC)
2022-03-16 11:38:08,760 [main] INFO angular.classes.LoginRevamp - LoginID found as: AUT_48675
2022-03-16 11:38:08,763 [main] INFO angular.classes.LoginRevamp - Password found as: Com@2468
2022-03-16 11:38:08,766 [main] INFO angular.classes.LoginRevamp - Username found as: AUTFN1393 AUTLN2379
2022-03-16 11:38:09,230 [main] INFO angular.pageobjects.loginpages.LoginPageRevamp - Trying to select Language
2022-03-16 11:38:39,838 [main] INFO angular.pageobjects.loginpages.LoginPageRevamp - <b>Language Selector Not Found:</b>
2022-03-16 11:38:39,870 [main] INFO angular.pageobjects.loginpages.LoginPageRevamp - Trying to enter Login ID
2022-03-16 11:39:41,079 [main] INFO com.classes.BaseTest - org.openqa.selenium.TimeoutException: Expected condition failed: waiting for visibility of Proxy element for: DefaultElementLocator 'By.xpath: //div[@id='loginid-container']//input[@formcontrolname='login_id']' (tried for 20 second(s) with 500 milliseconds interval)
2022-03-16 11:40:02,131 [main] ERROR com.sshmanager.SSHService - Error while getting SSH Server Instance : com.jcraft.jsch.JSchException: java.net.ConnectException: Connection timed out: connect
2022-03-16 11:40:22,942 [main] INFO angular.testscripts.prereuisitesangular.PreRequisite_C2STransfer_Revamp - ------------------ Test Case Execution Started For A_09_performC2STransferBlankMSISDN -------------------
2022-03-16 11:40:22,943 [main] INFO angular.testscripts.prereuisitesangular.PreRequisite_C2STransfer_Revamp - Entered A_09_performC2STransferBlankMSISDN(Super Distributor, Dealer, 2468, RC)
2022-03-16 11:40:23,058 [main] INFO com.utils.CommonUtils - Category Code for Dealer: SE
2022-03-16 11:40:23,114 [main] INFO com.dbrepository.PostGreSQLRepository - Entered webInterface(Dealer)
2022-03-16 11:40:23,118 [main] INFO com.dbrepository.DBConnectionPool - Active Size:0 Cache Size:10
2022-03-16 11:40:23,122 [main] INFO com.dbrepository.PostGreSQLRepository - webInterface() :: select query: Select WEB_INTERFACE_ALLOWED from categories where category_name= ?
2022-03-16 11:40:23,209 [main] INFO com.dbrepository.PostGreSQLRepository - Database Returns: WEB_INTERFACE_ALLOWED (Y)
2022-03-16 11:40:23,214 [main] INFO com.dbrepository.PostGreSQLRepository - Exited webInterface()
2022-03-16 11:40:23,218 [main] INFO angular.feature.C2STransferRevamp - Entered performC2STransferBlankMsisdn(Super Distributor, Dealer, 2468, RC)
2022-03-16 11:40:23,325 [main] INFO angular.classes.LoginRevamp - LoginID found as: AUT_19995
2022-03-16 11:40:23,329 [main] INFO angular.classes.LoginRevamp - Password found as: Com@2468
2022-03-16 11:40:23,334 [main] INFO angular.classes.LoginRevamp - Username found as: AUTFN6751 AUTLN4189
2022-03-16 11:40:23,818 [main] INFO angular.pageobjects.loginpages.LoginPageRevamp - Trying to select Language
2022-03-16 11:40:54,496 [main] INFO angular.pageobjects.loginpages.LoginPageRevamp - <b>Language Selector Not Found:</b>
2022-03-16 11:40:54,529 [main] INFO angular.pageobjects.loginpages.LoginPageRevamp - Trying to enter Login ID
2022-03-16 11:41:55,762 [main] INFO com.classes.BaseTest - org.openqa.selenium.TimeoutException: Expected condition failed: waiting for visibility of Proxy element for: DefaultElementLocator 'By.xpath: //div[@id='loginid-container']//input[@formcontrolname='login_id']' (tried for 20 second(s) with 500 milliseconds interval)
2022-03-16 11:42:16,799 [main] ERROR com.sshmanager.SSHService - Error while getting SSH Server Instance : com.jcraft.jsch.JSchException: java.net.ConnectException: Connection timed out: connect
2022-03-16 11:42:37,535 [main] INFO angular.testscripts.prereuisitesangular.PreRequisite_C2STransfer_Revamp - ------------------ Test Case Execution Started For A_09_performC2STransferBlankMSISDN -------------------
2022-03-16 11:42:37,536 [main] INFO angular.testscripts.prereuisitesangular.PreRequisite_C2STransfer_Revamp - Entered A_09_performC2STransferBlankMSISDN(Super Distributor, Agent, 2468, RC)
2022-03-16 11:42:37,647 [main] INFO com.utils.CommonUtils - Category Code for Agent: AG
2022-03-16 11:42:37,707 [main] INFO com.dbrepository.PostGreSQLRepository - Entered webInterface(Agent)
2022-03-16 11:42:37,711 [main] INFO com.dbrepository.DBConnectionPool - Active Size:0 Cache Size:10
2022-03-16 11:42:37,715 [main] INFO com.dbrepository.PostGreSQLRepository - webInterface() :: select query: Select WEB_INTERFACE_ALLOWED from categories where category_name= ?
2022-03-16 11:42:38,424 [main] INFO com.dbrepository.PostGreSQLRepository - Database Returns: WEB_INTERFACE_ALLOWED (Y)
2022-03-16 11:42:38,429 [main] INFO com.dbrepository.PostGreSQLRepository - Exited webInterface()
2022-03-16 11:42:38,432 [main] INFO angular.feature.C2STransferRevamp - Entered performC2STransferBlankMsisdn(Super Distributor, Agent, 2468, RC)
2022-03-16 11:42:38,541 [main] INFO angular.classes.LoginRevamp - LoginID found as: AUT_08837
2022-03-16 11:42:38,546 [main] INFO angular.classes.LoginRevamp - Password found as: Com@2468
2022-03-16 11:42:38,550 [main] INFO angular.classes.LoginRevamp - Username found as: AUTFN7086 AUTLN1035
2022-03-16 11:42:39,014 [main] INFO angular.pageobjects.loginpages.LoginPageRevamp - Trying to select Language
2022-03-16 11:43:09,656 [main] INFO angular.pageobjects.loginpages.LoginPageRevamp - <b>Language Selector Not Found:</b>
2022-03-16 11:43:09,690 [main] INFO angular.pageobjects.loginpages.LoginPageRevamp - Trying to enter Login ID
2022-03-16 11:44:10,924 [main] INFO com.classes.BaseTest - org.openqa.selenium.TimeoutException: Expected condition failed: waiting for visibility of Proxy element for: DefaultElementLocator 'By.xpath: //div[@id='loginid-container']//input[@formcontrolname='login_id']' (tried for 20 second(s) with 500 milliseconds interval)
2022-03-16 11:44:31,969 [main] ERROR com.sshmanager.SSHService - Error while getting SSH Server Instance : com.jcraft.jsch.JSchException: java.net.ConnectException: Connection timed out: connect
2022-03-16 11:44:52,794 [main] INFO angular.testscripts.prereuisitesangular.PreRequisite_C2STransfer_Revamp - ------------------ Test Case Execution Started For A_09_performC2STransferBlankMSISDN -------------------
2022-03-16 11:44:52,794 [main] INFO angular.testscripts.prereuisitesangular.PreRequisite_C2STransfer_Revamp - Entered A_09_performC2STransferBlankMSISDN(Dealer, Agent, 2468, RC)
2022-03-16 11:44:52,930 [main] INFO com.utils.CommonUtils - Category Code for Agent: AG
2022-03-16 11:44:52,974 [main] INFO com.dbrepository.PostGreSQLRepository - Entered webInterface(Agent)
2022-03-16 11:44:52,977 [main] INFO com.dbrepository.DBConnectionPool - Active Size:0 Cache Size:10
2022-03-16 11:44:52,981 [main] INFO com.dbrepository.PostGreSQLRepository - webInterface() :: select query: Select WEB_INTERFACE_ALLOWED from categories where category_name= ?
2022-03-16 11:44:53,069 [main] INFO com.dbrepository.PostGreSQLRepository - Database Returns: WEB_INTERFACE_ALLOWED (Y)
2022-03-16 11:44:53,074 [main] INFO com.dbrepository.PostGreSQLRepository - Exited webInterface()
2022-03-16 11:44:53,079 [main] INFO angular.feature.C2STransferRevamp - Entered performC2STransferBlankMsisdn(Dealer, Agent, 2468, RC)
2022-03-16 11:44:53,182 [main] INFO angular.classes.LoginRevamp - LoginID found as: AUT_87570
2022-03-16 11:44:53,187 [main] INFO angular.classes.LoginRevamp - Password found as: Com@2468
2022-03-16 11:44:53,191 [main] INFO angular.classes.LoginRevamp - Username found as: AUTFN5575 AUTLN8034
2022-03-16 11:44:53,654 [main] INFO angular.pageobjects.loginpages.LoginPageRevamp - Trying to select Language
2022-03-16 11:45:24,248 [main] INFO angular.pageobjects.loginpages.LoginPageRevamp - <b>Language Selector Not Found:</b>
2022-03-16 11:45:24,277 [main] INFO angular.pageobjects.loginpages.LoginPageRevamp - Trying to enter Login ID
2022-03-16 11:46:25,559 [main] INFO com.classes.BaseTest - org.openqa.selenium.TimeoutException: Expected condition failed: waiting for visibility of Proxy element for: DefaultElementLocator 'By.xpath: //div[@id='loginid-container']//input[@formcontrolname='login_id']' (tried for 20 second(s) with 500 milliseconds interval)
2022-03-16 11:46:46,611 [main] ERROR com.sshmanager.SSHService - Error while getting SSH Server Instance : com.jcraft.jsch.JSchException: java.net.ConnectException: Connection timed out: connect
2022-03-16 11:47:07,334 [main] INFO angular.testscripts.prereuisitesangular.PreRequisite_C2STransfer_Revamp - ------------------ Test Case Execution Started For A_09_performC2STransferBlankMSISDN -------------------
2022-03-16 11:47:07,335 [main] INFO angular.testscripts.prereuisitesangular.PreRequisite_C2STransfer_Revamp - Entered A_09_performC2STransferBlankMSISDN(Agent, Retailer, 2468, RC)
2022-03-16 11:47:07,445 [main] INFO com.utils.CommonUtils - Category Code for Retailer: RET
2022-03-16 11:47:07,498 [main] INFO com.dbrepository.PostGreSQLRepository - Entered webInterface(Retailer)
2022-03-16 11:47:07,503 [main] INFO com.dbrepository.DBConnectionPool - Active Size:0 Cache Size:10
2022-03-16 11:47:07,507 [main] INFO com.dbrepository.PostGreSQLRepository - webInterface() :: select query: Select WEB_INTERFACE_ALLOWED from categories where category_name= ?
2022-03-16 11:47:07,596 [main] INFO com.dbrepository.PostGreSQLRepository - Database Returns: WEB_INTERFACE_ALLOWED (Y)
2022-03-16 11:47:07,602 [main] INFO com.dbrepository.PostGreSQLRepository - Exited webInterface()
2022-03-16 11:47:07,606 [main] INFO angular.feature.C2STransferRevamp - Entered performC2STransferBlankMsisdn(Agent, Retailer, 2468, RC)
2022-03-16 11:47:07,719 [main] INFO angular.classes.LoginRevamp - LoginID found as: AUT_41726
2022-03-16 11:47:07,723 [main] INFO angular.classes.LoginRevamp - Password found as: Com@2468
2022-03-16 11:47:07,727 [main] INFO angular.classes.LoginRevamp - Username found as: AUTFN4270 AUTLN3932
2022-03-16 11:47:08,254 [main] INFO angular.pageobjects.loginpages.LoginPageRevamp - Trying to select Language
2022-03-16 11:47:38,898 [main] INFO angular.pageobjects.loginpages.LoginPageRevamp - <b>Language Selector Not Found:</b>
2022-03-16 11:47:38,930 [main] INFO angular.pageobjects.loginpages.LoginPageRevamp - Trying to enter Login ID
2022-03-16 11:48:40,113 [main] INFO com.classes.BaseTest - org.openqa.selenium.TimeoutException: Expected condition failed: waiting for visibility of Proxy element for: DefaultElementLocator 'By.xpath: //div[@id='loginid-container']//input[@formcontrolname='login_id']' (tried for 20 second(s) with 500 milliseconds interval)
2022-03-16 11:49:01,159 [main] ERROR com.sshmanager.SSHService - Error while getting SSH Server Instance : com.jcraft.jsch.JSchException: java.net.ConnectException: Connection timed out: connect
2022-03-16 11:49:22,779 [main] INFO angular.testscripts.prereuisitesangular.PreRequisite_C2STransfer_Revamp - ------------------ Test Case Execution Started For A_10_performC2STransferInvalidMsisdn -------------------
2022-03-16 11:49:22,780 [main] INFO angular.testscripts.prereuisitesangular.PreRequisite_C2STransfer_Revamp - Entered A_10_performC2STransferInvalidMsisdn(Root, Super Distributor, 2468, RC)
2022-03-16 11:49:22,818 [main] INFO com.utils.CommonUtils - Category Code for Super Distributor: DIST
2022-03-16 11:49:22,842 [main] INFO com.dbrepository.PostGreSQLRepository - Entered webInterface(Super Distributor)
2022-03-16 11:49:22,844 [main] INFO com.dbrepository.DBConnectionPool - Active Size:0 Cache Size:10
2022-03-16 11:49:22,846 [main] INFO com.dbrepository.PostGreSQLRepository - webInterface() :: select query: Select WEB_INTERFACE_ALLOWED from categories where category_name= ?
2022-03-16 11:49:22,931 [main] INFO com.dbrepository.PostGreSQLRepository - Database Returns: WEB_INTERFACE_ALLOWED (Y)
2022-03-16 11:49:22,933 [main] INFO com.dbrepository.PostGreSQLRepository - Exited webInterface()
2022-03-16 11:49:22,936 [main] INFO angular.feature.C2STransferRevamp - Entered performC2STransferInvalidMSISDN(Root, Super Distributor, 2468, RC)
2022-03-16 11:49:22,978 [main] INFO angular.classes.LoginRevamp - LoginID found as: AUT_48675
2022-03-16 11:49:22,980 [main] INFO angular.classes.LoginRevamp - Password found as: Com@2468
2022-03-16 11:49:22,982 [main] INFO angular.classes.LoginRevamp - Username found as: AUTFN1393 AUTLN2379
2022-03-16 11:49:23,438 [main] INFO angular.pageobjects.loginpages.LoginPageRevamp - Trying to select Language
