2023-06-30 12:34:50,455 [main] INFO com.classes.BaseTest - Loading all methods from -masterVO class
2023-06-30 12:34:50,458 [main] INFO com.utils._masterVO - Loading Properties file from: .//src//test//resources//sysconfig//Constant.properties
2023-06-30 12:34:50,462 [main] INFO com.utils._masterVO - Properties File Loaded successfully
2023-06-30 12:34:50,463 [main] INFO com.utils._masterVO - Loading Master Sheet from: src//test//resources//config//DataProvider.xlsx
2023-06-30 12:34:51,331 [main] INFO com.utils._masterVO - Master Sheet Loaded successfully
2023-06-30 12:34:51,333 [main] INFO com.utils._masterVO - Loading Client Library for Client Versioning from: .//src//test//resources//sysconfig//ClientLib.properties
2023-06-30 12:34:51,345 [main] INFO com.utils._masterVO - Client Library Loaded successfully
2023-06-30 12:34:51,638 [main] INFO com.utils._masterVO - loadGeoDomains Map returns ::ZO - AUTbKlI - AUToKa1C
2023-06-30 12:34:51,750 [main] INFO com.utils._masterVO - loadGeoDomains Map returns ::AR - AUT7dba - AUT63dCN
2023-06-30 12:34:51,881 [main] INFO com.utils._masterVO - loadGeoDomains Map returns ::SA - AUTO2Fm - AUTNelnh
2023-06-30 12:34:52,583 [main] INFO com.utils._masterVO - Loading test case file file from: .//src//test//resources//sysconfig//testCaseFile.properties
2023-06-30 12:34:52,606 [main] INFO com.utils._masterVO - Test cases file Loaded successfully
2023-06-30 12:34:52,608 [main] INFO com.utils._masterVO - Loading Web Cases Master file from: .//src//test//resources//config//testCaseFile.properties
2023-06-30 12:34:52,633 [main] INFO com.utils._masterVO - Gateway Cases Master File Loaded successfully
2023-06-30 12:34:52,679 [main] INFO com.dbrepository.DBHandler - Entered Access Handler :: PostGreSQL
2023-06-30 12:34:52,687 [main] INFO com.commons.CacheController - New Cache DAO Loaded :: UPDATECACHE_VER = 1
2023-06-30 12:34:52,733 [MLog-Init-Reporter] INFO com.mchange.v2.log.MLog - MLog clients using log4j logging.
2023-06-30 12:34:52,860 [main] INFO com.mchange.v2.c3p0.C3P0Registry - Initializing c3p0-0.9.5.2 [built 08-December-2015 22:06:04 -0800; debug? true; trace: 10]
2023-06-30 12:34:52,953 [main] INFO com.mchange.v2.c3p0.impl.AbstractPoolBackedDataSource - Initializing c3p0 pool... com.mchange.v2.c3p0.ComboPooledDataSource [ acquireIncrement -> 5, acquireRetryAttempts -> 30, acquireRetryDelay -> 1000, autoCommitOnClose -> false, automaticTestTable -> null, breakAfterAcquireFailure -> false, checkoutTimeout -> 0, connectionCustomizerClassName -> null, connectionTesterClassName -> com.mchange.v2.c3p0.impl.DefaultConnectionTester, contextClassLoaderSource -> caller, dataSourceName -> 1br1d7eax332be9iovdk7|3932c79a, debugUnreturnedConnectionStackTraces -> false, description -> null, driverClass -> org.postgresql.Driver, extensions -> {}, factoryClassLocation -> null, forceIgnoreUnresolvedTransactions -> false, forceSynchronousCheckins -> false, forceUseNamedDriverClass -> false, identityToken -> 1br1d7eax332be9iovdk7|3932c79a, idleConnectionTestPeriod -> 0, initialPoolSize -> 10, jdbcUrl -> jdbc:postgresql://172.30.38.120:5432/pretups_trunk_dev, maxAdministrativeTaskTime -> 0, maxConnectionAge -> 0, maxIdleTime -> 0, maxIdleTimeExcessConnections -> 0, maxPoolSize -> 20, maxStatements -> 0, maxStatementsPerConnection -> 0, minPoolSize -> 10, numHelperThreads -> 3, preferredTestQuery -> null, privilegeSpawnedThreads -> false, properties -> {user=******, password=******}, propertyCycle -> 0, statementCacheNumDeferredCloseThreads -> 0, testConnectionOnCheckin -> false, testConnectionOnCheckout -> false, unreturnedConnectionTimeout -> 0, userOverrides -> {}, usesTraditionalReflectiveProxies -> false ]
2023-06-30 12:34:53,307 [main] INFO com.dbrepository.PostGreSQLRepository - Entered :: getNetworkName()
2023-06-30 12:34:53,366 [main] INFO com.dbrepository.PostGreSQLRepository - Query Repository Returns: Network Name (Network GGN)
2023-06-30 12:34:53,368 [main] INFO com.dbrepository.PostGreSQLRepository - Entered :: getSystemPreference(AMOUNT_MULT_FACTOR)
2023-06-30 12:34:53,370 [main] INFO com.dbrepository.DBConnectionPool - Active Size:1 Cache Size:2
2023-06-30 12:34:53,409 [main] INFO com.dbrepository.PostGreSQLRepository - Query Repository Returns: DEFAULT_VALUE (100)
2023-06-30 12:34:53,411 [main] INFO com.dbrepository.PostGreSQLRepository - Entered :: getSystemPreference(MSISDN_PREFIX_LENGTH)
2023-06-30 12:34:53,413 [main] INFO com.dbrepository.DBConnectionPool - Active Size:2 Cache Size:1
2023-06-30 12:34:53,454 [main] INFO com.dbrepository.PostGreSQLRepository - Query Repository Returns: DEFAULT_VALUE (2)
2023-06-30 12:34:53,455 [main] INFO com.dbrepository.PostGreSQLRepository - Entered :: getSystemPreference(MAX_MSISDN_LENGTH)
2023-06-30 12:34:53,457 [main] INFO com.dbrepository.DBConnectionPool - Active Size:3 Cache Size:0
2023-06-30 12:34:53,553 [main] INFO com.dbrepository.PostGreSQLRepository - Query Repository Returns: DEFAULT_VALUE (15)
2023-06-30 12:34:53,554 [main] INFO com.dbrepository.PostGreSQLRepository - Entered :: getSystemPreference(USER_PRODUCT_MULTIPLE_WALLET)
2023-06-30 12:34:53,555 [main] INFO com.dbrepository.DBConnectionPool - Active Size:4 Cache Size:2
2023-06-30 12:34:53,596 [main] INFO com.dbrepository.PostGreSQLRepository - Query Repository Returns: DEFAULT_VALUE (false)
2023-06-30 12:34:53,597 [main] INFO com.dbrepository.PostGreSQLRepository - Entered :: getSystemPreference(EXTERNAL_DATE_FORMAT)
2023-06-30 12:34:53,598 [main] INFO com.dbrepository.DBConnectionPool - Active Size:5 Cache Size:1
2023-06-30 12:34:53,640 [main] INFO com.dbrepository.PostGreSQLRepository - Query Repository Returns: DEFAULT_VALUE (dd/MM/yyyy)
2023-06-30 12:34:53,641 [main] INFO com.dbrepository.PostGreSQLRepository - Entered :: getSystemPreference(DATE_FORMAT_CAL_JAVA)
2023-06-30 12:34:53,643 [main] INFO com.dbrepository.DBConnectionPool - Active Size:6 Cache Size:0
2023-06-30 12:34:53,744 [main] INFO com.dbrepository.PostGreSQLRepository - Query Repository Returns: DEFAULT_VALUE (dd/MM/yyyy)
2023-06-30 12:34:53,745 [main] INFO com.dbrepository.PostGreSQLRepository - Entered :: getSystemPreference(OTH_COM_CHNL)
2023-06-30 12:34:53,746 [main] INFO com.dbrepository.DBConnectionPool - Active Size:0 Cache Size:9
2023-06-30 12:34:53,785 [main] INFO com.dbrepository.PostGreSQLRepository - Query Repository Returns: DEFAULT_VALUE (false)
2023-06-30 12:34:53,786 [main] INFO com.dbrepository.PostGreSQLRepository - Entered :: getSystemPreference(DW_ALLOWED_GATEWAYS)
2023-06-30 12:34:53,788 [main] INFO com.dbrepository.DBConnectionPool - Active Size:0 Cache Size:9
2023-06-30 12:34:53,827 [main] INFO com.dbrepository.PostGreSQLRepository - Query Repository Returns: DEFAULT_VALUE (EXTGW,DWEXTGW)
2023-06-30 12:34:53,829 [main] INFO com.dbrepository.PostGreSQLRepository - Entered :: getSystemPreference(DEFAULT_LANGUAGE)
2023-06-30 12:34:53,830 [main] INFO com.dbrepository.DBConnectionPool - Active Size:0 Cache Size:9
2023-06-30 12:34:53,868 [main] INFO com.dbrepository.PostGreSQLRepository - Query Repository Returns: DEFAULT_VALUE (en)
2023-06-30 12:34:53,869 [main] INFO com.dbrepository.PostGreSQLRepository - Entered :: getSystemPreference(DEFAULT_COUNTRY)
2023-06-30 12:34:53,870 [main] INFO com.dbrepository.DBConnectionPool - Active Size:0 Cache Size:9
2023-06-30 12:34:53,908 [main] INFO com.dbrepository.PostGreSQLRepository - Query Repository Returns: DEFAULT_VALUE (US)
2023-06-30 12:34:53,910 [main] INFO com.utils._masterVO - Display Locale set to: en_US
2023-06-30 12:34:55,910 [main] INFO com.sshmanager.SSHService - Exiting getFileFromSFTP()
2023-06-30 12:34:56,503 [main] INFO com.sshmanager.SSHService - Exiting getFileFromSFTP()
2023-06-30 12:34:56,504 [main] INFO com.utils._masterVO - Loading Messages Resource properties File from: .//src//test//resources//sysconfig//English.properties
2023-06-30 12:34:56,541 [main] INFO com.utils._masterVO - Messages Resource Properties file Loaded successfully
2023-06-30 12:34:56,543 [main] INFO com.utils._masterVO - Loading Messages Resource properties File from: .//src//test//resources//sysconfig//C2S_English.properties
2023-06-30 12:34:56,566 [main] INFO com.utils._masterVO - Messages Resource Properties file Loaded successfully
2023-06-30 12:34:56,606 [main] INFO com.sshmanager.SSHService - Executing: grep '^[^#]' /data1/pretupsapp/tomcat9_pgdev/conf/pretups/LogConfig.props|grep '^log4j.appender.OneLineTXNLogC2S.File[ =]'|cut -d'=' -f2|sed 's/^[ 	]*//;s/[ 	]*$//'
2023-06-30 12:34:57,019 [main] INFO com.sshmanager.SSHService - Channel Exit Status: 0
2023-06-30 12:34:57,020 [main] INFO com.sshmanager.SSHService - Executing: grep '^[^#]' /data1/pretupsapp/tomcat9_pgdev/conf/pretups/LogConfig.props|grep '^log4j.appender.ChannelRequestDailyLog.File[ =]'|cut -d'=' -f2|sed 's/^[ 	]*//;s/[ 	]*$//'
2023-06-30 12:34:57,144 [main] INFO com.sshmanager.SSHService - Channel Exit Status: 0
2023-06-30 12:34:57,145 [main] INFO com.classes.BaseTest - Completed loading all methods from -masterVO class
2023-06-30 12:36:28,207 [main] INFO angular.testscripts.prereuisitesangular.NetworkProductMapping_TestScript - DataNetwork Admin
2023-06-30 12:36:28,217 [main] INFO angular.testscripts.prereuisitesangular.NetworkProductMapping_TestScript - Databtnadm
2023-06-30 12:36:28,218 [main] INFO angular.testscripts.prereuisitesangular.NetworkProductMapping_TestScript - DataCom@1111
2023-06-30 12:36:28,219 [main] INFO angular.testscripts.prereuisitesangular.NetworkProductMapping_TestScript - Value of k0
2023-06-30 12:36:28,259 [main] INFO angular.testscripts.prereuisitesangular.NetworkProductMapping_TestScript - ------------------ Test Case Execution Started For A_01_Test_CheckResetButton -------------------
2023-06-30 12:36:28,260 [main] INFO angular.testscripts.prereuisitesangular.NetworkProductMapping_TestScript - Entered A_01_Test_CheckResetButton(Network Admin, btnadm, Com@1111)
2023-06-30 12:36:28,685 [main] INFO angular.pageobjects.loginpages.LoginPageRevamp - Trying to select Language
2023-06-30 12:36:29,787 [main] INFO angular.pageobjects.loginpages.LoginPageRevamp - Language selected successfully as: English
2023-06-30 12:36:29,789 [main] INFO angular.pageobjects.loginpages.LoginPageRevamp - Trying to enter Login ID
2023-06-30 12:36:29,938 [main] INFO angular.pageobjects.loginpages.LoginPageRevamp - Login ID entered successfully as: btnadm
2023-06-30 12:36:29,940 [main] INFO angular.pageobjects.loginpages.LoginPageRevamp - Trying to enter Password
2023-06-30 12:36:30,088 [main] INFO angular.pageobjects.loginpages.LoginPageRevamp - Password entered successfully as: Com@1111
2023-06-30 12:36:30,089 [main] INFO angular.pageobjects.loginpages.LoginPageRevamp - Trying to click Login Button
2023-06-30 12:36:30,174 [main] INFO angular.pageobjects.loginpages.LoginPageRevamp - Login button clicked successfully
2023-06-30 12:36:30,228 [main] INFO angular.pageobjects.loginpages.LoginPageRevamp - Error Message Found on Login Screen: 
2023-06-30 12:36:30,231 [main] INFO angular.pageobjects.NetworkProductMapping - Trying to click on eTopUp tab
2023-06-30 12:36:30,234 [main] INFO angular.pageobjects.NetworkProductMapping - Checking visibility of eTopUp Tab
2023-06-30 12:36:39,298 [main] INFO angular.pageobjects.NetworkProductMapping - eTopUp tab is visible
2023-06-30 12:36:39,363 [main] INFO angular.pageobjects.NetworkProductMapping - Clicked on eTopUp tab
2023-06-30 12:36:39,364 [main] INFO angular.pageobjects.NetworkProductMapping - Checking visibility of Network Product Mapping Link
2023-06-30 12:36:39,435 [main] INFO angular.pageobjects.NetworkProductMapping - Network Product Mapping link is vsisble
2023-06-30 12:36:39,529 [main] INFO angular.pageobjects.NetworkProductMapping - Clicked on Network Product mapping
2023-06-30 12:36:39,530 [main] INFO angular.pageobjects.NetworkProductMapping - Trying to click on Status dropdown
2023-06-30 12:36:39,593 [main] INFO com.classes.BaseTest - org.openqa.selenium.NoSuchElementException: no such element: Unable to locate element: {"method":"xpath","selector":"(//table//td[@id='status']//span[contains(@class,'ng-arrow-wrapper')])[1]"}
  (Session info: chrome=114.0.5735.199)
For documentation on this error, please visit: http://seleniumhq.org/exceptions/no_such_element.html
Build info: version: '3.10.0', revision: '176b4a9', time: '2018-03-02T19:03:16.397Z'
System info: host: 'MCKL-20005142', ip: '172.25.16.26', os.name: 'Windows 10', os.arch: 'amd64', os.version: '10.0', java.version: '1.8.0_291'
Driver info: org.openqa.selenium.chrome.ChromeDriver
Capabilities {acceptInsecureCerts: false, browserName: chrome, browserVersion: 114.0.5735.199, chrome: {chromedriverVersion: 114.0.5735.90 (386bc09e8f4f..., userDataDir: C:\Users\SOURAB~1.AWA\AppDa...}, goog:chromeOptions: {debuggerAddress: localhost:61820}, javascriptEnabled: true, networkConnectionEnabled: false, pageLoadStrategy: normal, platform: WINDOWS, platformName: WINDOWS, proxy: Proxy(), setWindowRect: true, strictFileInteractability: false, timeouts: {implicit: 0, pageLoad: 300000, script: 30000}, unhandledPromptBehavior: dismiss and notify, webauthn:extension:credBlob: true, webauthn:extension:largeBlob: true, webauthn:extension:minPinLength: true, webauthn:extension:prf: true, webauthn:virtualAuthenticators: true}
Session ID: ce607db24304ec06b0a552d58b09c8bc
*** Element info: {Using=xpath, value=(//table//td[@id='status']//span[contains(@class,'ng-arrow-wrapper')])[1]}
2023-06-30 12:36:39,639 [main] INFO com.sshmanager.SSHService - Executing: tail -n 1000 /data1/pretupsapp/tomcat9_pgdev/logs/catalina.out

2023-06-30 12:36:40,911 [main] INFO com.sshmanager.SSHService - Channel Exit Status: 0
2023-06-30 12:36:41,448 [main] INFO angular.testscripts.prereuisitesangular.NetworkProductMapping_TestScript - DataNetwork Admin
2023-06-30 12:36:41,450 [main] INFO angular.testscripts.prereuisitesangular.NetworkProductMapping_TestScript - Databtnadm
2023-06-30 12:36:41,452 [main] INFO angular.testscripts.prereuisitesangular.NetworkProductMapping_TestScript - DataCom@1111
2023-06-30 12:36:41,454 [main] INFO angular.testscripts.prereuisitesangular.NetworkProductMapping_TestScript - Value of k0
2023-06-30 12:36:41,457 [main] INFO angular.testscripts.prereuisitesangular.NetworkProductMapping_TestScript - ------------------ Test Case Execution Started For A_01_Test_Modify_Usage -------------------
2023-06-30 12:36:41,457 [main] INFO angular.testscripts.prereuisitesangular.NetworkProductMapping_TestScript - Entered A_01_Test_Modify_Usage(Network Admin, btnadm, Com@1111)
2023-06-30 12:36:41,782 [main] INFO angular.pageobjects.loginpages.LoginPageRevamp - Trying to select Language
2023-06-30 12:36:42,108 [main] INFO angular.pageobjects.loginpages.LoginPageRevamp - Language selected successfully as: English
2023-06-30 12:36:42,109 [main] INFO angular.pageobjects.loginpages.LoginPageRevamp - Trying to enter Login ID
2023-06-30 12:36:42,246 [main] INFO angular.pageobjects.loginpages.LoginPageRevamp - Login ID entered successfully as: btnadm
2023-06-30 12:36:42,247 [main] INFO angular.pageobjects.loginpages.LoginPageRevamp - Trying to enter Password
2023-06-30 12:36:42,391 [main] INFO angular.pageobjects.loginpages.LoginPageRevamp - Password entered successfully as: Com@1111
2023-06-30 12:36:42,392 [main] INFO angular.pageobjects.loginpages.LoginPageRevamp - Trying to click Login Button
2023-06-30 12:36:42,470 [main] INFO angular.pageobjects.loginpages.LoginPageRevamp - Login button clicked successfully
2023-06-30 12:36:42,506 [main] INFO angular.pageobjects.loginpages.LoginPageRevamp - Error Message Found on Login Screen: 
2023-06-30 12:36:42,507 [main] INFO angular.pageobjects.NetworkProductMapping - Trying to click on eTopUp tab
2023-06-30 12:36:42,508 [main] INFO angular.pageobjects.NetworkProductMapping - Checking visibility of eTopUp Tab
2023-06-30 12:36:48,490 [main] INFO angular.pageobjects.NetworkProductMapping - eTopUp tab is visible
2023-06-30 12:36:48,545 [main] INFO angular.pageobjects.NetworkProductMapping - Clicked on eTopUp tab
2023-06-30 12:36:48,546 [main] INFO angular.pageobjects.NetworkProductMapping - Checking visibility of Network Product Mapping Link
2023-06-30 12:36:48,582 [main] INFO angular.pageobjects.NetworkProductMapping - Network Product Mapping link is vsisble
2023-06-30 12:36:48,656 [main] INFO angular.pageobjects.NetworkProductMapping - Clicked on Network Product mapping
2023-06-30 12:36:48,657 [main] INFO angular.pageobjects.NetworkProductMapping - Trying to click on Usage Dropdown
2023-06-30 12:36:49,411 [main] INFO angular.pageobjects.NetworkProductMapping - Clicked on  Usage Dropdown
2023-06-30 12:36:49,413 [main] INFO angular.pageobjects.NetworkProductMapping - Trying to fect data in Usage Dropdown
2023-06-30 12:36:49,466 [main] INFO angular.pageobjects.NetworkProductMapping - Data present in the Usage field is : Both
2023-06-30 12:36:50,580 [main] INFO com.classes.BaseTest - org.openqa.selenium.ElementClickInterceptedException: element click intercepted: Element <span class="ng-value-label ng-star-inserted" ng-reflect-ng-item-label="..." ng-reflect-escape="false">Both</span> is not clickable at point (901, 257). Other element would receive the click: <div class="ng-input">...</div>
  (Session info: chrome=114.0.5735.199)
Build info: version: '3.10.0', revision: '176b4a9', time: '2018-03-02T19:03:16.397Z'
System info: host: 'MCKL-20005142', ip: '172.25.16.26', os.name: 'Windows 10', os.arch: 'amd64', os.version: '10.0', java.version: '1.8.0_291'
Driver info: org.openqa.selenium.chrome.ChromeDriver
Capabilities {acceptInsecureCerts: false, browserName: chrome, browserVersion: 114.0.5735.199, chrome: {chromedriverVersion: 114.0.5735.90 (386bc09e8f4f..., userDataDir: C:\Users\SOURAB~1.AWA\AppDa...}, goog:chromeOptions: {debuggerAddress: localhost:61820}, javascriptEnabled: true, networkConnectionEnabled: false, pageLoadStrategy: normal, platform: WINDOWS, platformName: WINDOWS, proxy: Proxy(), setWindowRect: true, strictFileInteractability: false, timeouts: {implicit: 0, pageLoad: 300000, script: 30000}, unhandledPromptBehavior: dismiss and notify, webauthn:extension:credBlob: true, webauthn:extension:largeBlob: true, webauthn:extension:minPinLength: true, webauthn:extension:prf: true, webauthn:virtualAuthenticators: true}
Session ID: ce607db24304ec06b0a552d58b09c8bc
2023-06-30 12:36:50,621 [main] INFO com.sshmanager.SSHService - Executing: tail -n 1000 /data1/pretupsapp/tomcat9_pgdev/logs/catalina.out

2023-06-30 12:36:50,819 [main] INFO com.sshmanager.SSHService - Channel Exit Status: 0
2023-06-30 12:36:51,153 [main] INFO angular.testscripts.prereuisitesangular.NetworkProductMapping_TestScript - DataNetwork Admin
2023-06-30 12:36:51,155 [main] INFO angular.testscripts.prereuisitesangular.NetworkProductMapping_TestScript - Databtnadm
2023-06-30 12:36:51,157 [main] INFO angular.testscripts.prereuisitesangular.NetworkProductMapping_TestScript - DataCom@1111
2023-06-30 12:36:51,158 [main] INFO angular.testscripts.prereuisitesangular.NetworkProductMapping_TestScript - Value of k0
2023-06-30 12:36:51,161 [main] INFO angular.testscripts.prereuisitesangular.NetworkProductMapping_TestScript - ------------------ Test Case Execution Started For A_01_Test_modify_AlertingBalance -------------------
2023-06-30 12:36:51,161 [main] INFO angular.testscripts.prereuisitesangular.NetworkProductMapping_TestScript - Entered A_01_Test_modify_AlertingBalance(Network Admin, btnadm, Com@1111)
2023-06-30 12:36:51,476 [main] INFO angular.pageobjects.loginpages.LoginPageRevamp - Trying to select Language
2023-06-30 12:36:51,771 [main] INFO angular.pageobjects.loginpages.LoginPageRevamp - Language selected successfully as: English
2023-06-30 12:36:51,772 [main] INFO angular.pageobjects.loginpages.LoginPageRevamp - Trying to enter Login ID
2023-06-30 12:36:51,910 [main] INFO angular.pageobjects.loginpages.LoginPageRevamp - Login ID entered successfully as: btnadm
2023-06-30 12:36:51,911 [main] INFO angular.pageobjects.loginpages.LoginPageRevamp - Trying to enter Password
2023-06-30 12:36:52,054 [main] INFO angular.pageobjects.loginpages.LoginPageRevamp - Password entered successfully as: Com@1111
2023-06-30 12:36:52,056 [main] INFO angular.pageobjects.loginpages.LoginPageRevamp - Trying to click Login Button
2023-06-30 12:36:52,134 [main] INFO angular.pageobjects.loginpages.LoginPageRevamp - Login button clicked successfully
2023-06-30 12:36:52,169 [main] INFO angular.pageobjects.loginpages.LoginPageRevamp - Error Message Found on Login Screen: 
2023-06-30 12:36:52,170 [main] INFO angular.pageobjects.NetworkProductMapping - Trying to click on eTopUp tab
2023-06-30 12:36:52,171 [main] INFO angular.pageobjects.NetworkProductMapping - Checking visibility of eTopUp Tab
2023-06-30 12:36:58,168 [main] INFO angular.pageobjects.NetworkProductMapping - eTopUp tab is visible
2023-06-30 12:36:58,227 [main] INFO angular.pageobjects.NetworkProductMapping - Clicked on eTopUp tab
2023-06-30 12:36:58,228 [main] INFO angular.pageobjects.NetworkProductMapping - Checking visibility of Network Product Mapping Link
2023-06-30 12:36:58,264 [main] INFO angular.pageobjects.NetworkProductMapping - Network Product Mapping link is vsisble
2023-06-30 12:36:58,353 [main] INFO angular.pageobjects.NetworkProductMapping - Clicked on Network Product mapping
2023-06-30 12:36:58,354 [main] INFO angular.pageobjects.NetworkProductMapping - Trying to click on Alerting Balance field
2023-06-30 12:36:58,444 [main] INFO com.classes.BaseTest - org.openqa.selenium.NoSuchElementException: no such element: Unable to locate element: {"method":"xpath","selector":"(//td//input[@id='alertingBalance'])[1]"}
  (Session info: chrome=114.0.5735.199)
For documentation on this error, please visit: http://seleniumhq.org/exceptions/no_such_element.html
Build info: version: '3.10.0', revision: '176b4a9', time: '2018-03-02T19:03:16.397Z'
System info: host: 'MCKL-20005142', ip: '172.25.16.26', os.name: 'Windows 10', os.arch: 'amd64', os.version: '10.0', java.version: '1.8.0_291'
Driver info: org.openqa.selenium.chrome.ChromeDriver
Capabilities {acceptInsecureCerts: false, browserName: chrome, browserVersion: 114.0.5735.199, chrome: {chromedriverVersion: 114.0.5735.90 (386bc09e8f4f..., userDataDir: C:\Users\SOURAB~1.AWA\AppDa...}, goog:chromeOptions: {debuggerAddress: localhost:61820}, javascriptEnabled: true, networkConnectionEnabled: false, pageLoadStrategy: normal, platform: WINDOWS, platformName: WINDOWS, proxy: Proxy(), setWindowRect: true, strictFileInteractability: false, timeouts: {implicit: 0, pageLoad: 300000, script: 30000}, unhandledPromptBehavior: dismiss and notify, webauthn:extension:credBlob: true, webauthn:extension:largeBlob: true, webauthn:extension:minPinLength: true, webauthn:extension:prf: true, webauthn:virtualAuthenticators: true}
Session ID: ce607db24304ec06b0a552d58b09c8bc
*** Element info: {Using=xpath, value=(//td//input[@id='alertingBalance'])[1]}
2023-06-30 12:36:58,484 [main] INFO com.sshmanager.SSHService - Executing: tail -n 1000 /data1/pretupsapp/tomcat9_pgdev/logs/catalina.out

2023-06-30 12:36:58,687 [main] INFO com.sshmanager.SSHService - Channel Exit Status: 0
2023-06-30 12:36:59,077 [main] INFO angular.testscripts.prereuisitesangular.NetworkProductMapping_TestScript - DataNetwork Admin
2023-06-30 12:36:59,079 [main] INFO angular.testscripts.prereuisitesangular.NetworkProductMapping_TestScript - Databtnadm
2023-06-30 12:36:59,081 [main] INFO angular.testscripts.prereuisitesangular.NetworkProductMapping_TestScript - DataCom@1111
2023-06-30 12:36:59,083 [main] INFO angular.testscripts.prereuisitesangular.NetworkProductMapping_TestScript - Value of k0
2023-06-30 12:36:59,086 [main] INFO angular.testscripts.prereuisitesangular.NetworkProductMapping_TestScript - ------------------ Test Case Execution Started For A_01_Test_modify_Language1 -------------------
2023-06-30 12:36:59,086 [main] INFO angular.testscripts.prereuisitesangular.NetworkProductMapping_TestScript - Entered A_01_Test_modify_Language1(Network Admin, btnadm, Com@1111)
2023-06-30 12:36:59,359 [main] INFO angular.pageobjects.loginpages.LoginPageRevamp - Trying to select Language
2023-06-30 12:36:59,675 [main] INFO angular.pageobjects.loginpages.LoginPageRevamp - Language selected successfully as: English
2023-06-30 12:36:59,677 [main] INFO angular.pageobjects.loginpages.LoginPageRevamp - Trying to enter Login ID
2023-06-30 12:36:59,817 [main] INFO angular.pageobjects.loginpages.LoginPageRevamp - Login ID entered successfully as: btnadm
2023-06-30 12:36:59,818 [main] INFO angular.pageobjects.loginpages.LoginPageRevamp - Trying to enter Password
2023-06-30 12:36:59,958 [main] INFO angular.pageobjects.loginpages.LoginPageRevamp - Password entered successfully as: Com@1111
2023-06-30 12:36:59,959 [main] INFO angular.pageobjects.loginpages.LoginPageRevamp - Trying to click Login Button
2023-06-30 12:37:00,041 [main] INFO angular.pageobjects.loginpages.LoginPageRevamp - Login button clicked successfully
2023-06-30 12:37:00,089 [main] INFO angular.pageobjects.loginpages.LoginPageRevamp - Error Message Found on Login Screen: 
2023-06-30 12:37:00,090 [main] INFO angular.pageobjects.NetworkProductMapping - Trying to click on eTopUp tab
2023-06-30 12:37:00,091 [main] INFO angular.pageobjects.NetworkProductMapping - Checking visibility of eTopUp Tab
2023-06-30 12:37:06,511 [main] INFO angular.pageobjects.NetworkProductMapping - eTopUp tab is visible
2023-06-30 12:37:06,572 [main] INFO angular.pageobjects.NetworkProductMapping - Clicked on eTopUp tab
2023-06-30 12:37:06,573 [main] INFO angular.pageobjects.NetworkProductMapping - Checking visibility of Network Product Mapping Link
2023-06-30 12:37:06,609 [main] INFO angular.pageobjects.NetworkProductMapping - Network Product Mapping link is vsisble
2023-06-30 12:37:06,701 [main] INFO angular.pageobjects.NetworkProductMapping - Clicked on Network Product mapping
2023-06-30 12:37:06,703 [main] INFO angular.pageobjects.NetworkProductMapping - Trying to click on Language1message field
2023-06-30 12:37:06,797 [main] INFO com.classes.BaseTest - org.openqa.selenium.NoSuchElementException: no such element: Unable to locate element: {"method":"xpath","selector":"(//td[@id='language1Message'])[1]"}
  (Session info: chrome=114.0.5735.199)
For documentation on this error, please visit: http://seleniumhq.org/exceptions/no_such_element.html
Build info: version: '3.10.0', revision: '176b4a9', time: '2018-03-02T19:03:16.397Z'
System info: host: 'MCKL-20005142', ip: '172.25.16.26', os.name: 'Windows 10', os.arch: 'amd64', os.version: '10.0', java.version: '1.8.0_291'
Driver info: org.openqa.selenium.chrome.ChromeDriver
Capabilities {acceptInsecureCerts: false, browserName: chrome, browserVersion: 114.0.5735.199, chrome: {chromedriverVersion: 114.0.5735.90 (386bc09e8f4f..., userDataDir: C:\Users\SOURAB~1.AWA\AppDa...}, goog:chromeOptions: {debuggerAddress: localhost:61820}, javascriptEnabled: true, networkConnectionEnabled: false, pageLoadStrategy: normal, platform: WINDOWS, platformName: WINDOWS, proxy: Proxy(), setWindowRect: true, strictFileInteractability: false, timeouts: {implicit: 0, pageLoad: 300000, script: 30000}, unhandledPromptBehavior: dismiss and notify, webauthn:extension:credBlob: true, webauthn:extension:largeBlob: true, webauthn:extension:minPinLength: true, webauthn:extension:prf: true, webauthn:virtualAuthenticators: true}
Session ID: ce607db24304ec06b0a552d58b09c8bc
*** Element info: {Using=xpath, value=(//td[@id='language1Message'])[1]}
2023-06-30 12:37:06,840 [main] INFO com.sshmanager.SSHService - Executing: tail -n 1000 /data1/pretupsapp/tomcat9_pgdev/logs/catalina.out

2023-06-30 12:37:07,053 [main] INFO com.sshmanager.SSHService - Channel Exit Status: 0
2023-06-30 12:37:07,405 [main] INFO angular.testscripts.prereuisitesangular.NetworkProductMapping_TestScript - DataNetwork Admin
2023-06-30 12:37:07,407 [main] INFO angular.testscripts.prereuisitesangular.NetworkProductMapping_TestScript - Databtnadm
2023-06-30 12:37:07,409 [main] INFO angular.testscripts.prereuisitesangular.NetworkProductMapping_TestScript - DataCom@1111
2023-06-30 12:37:07,411 [main] INFO angular.testscripts.prereuisitesangular.NetworkProductMapping_TestScript - Value of k0
2023-06-30 12:37:07,426 [main] INFO angular.testscripts.prereuisitesangular.NetworkProductMapping_TestScript - ------------------ Test Case Execution Started For A_02_Test_Modify_Status -------------------
2023-06-30 12:37:07,426 [main] INFO angular.testscripts.prereuisitesangular.NetworkProductMapping_TestScript - Entered A_02_Test_Modify_Status(Network Admin, btnadm, Com@1111)
2023-06-30 12:37:07,683 [main] INFO angular.pageobjects.loginpages.LoginPageRevamp - Trying to select Language
2023-06-30 12:37:07,996 [main] INFO angular.pageobjects.loginpages.LoginPageRevamp - Language selected successfully as: English
2023-06-30 12:37:07,997 [main] INFO angular.pageobjects.loginpages.LoginPageRevamp - Trying to enter Login ID
2023-06-30 12:37:08,135 [main] INFO angular.pageobjects.loginpages.LoginPageRevamp - Login ID entered successfully as: btnadm
2023-06-30 12:37:08,137 [main] INFO angular.pageobjects.loginpages.LoginPageRevamp - Trying to enter Password
2023-06-30 12:37:08,279 [main] INFO angular.pageobjects.loginpages.LoginPageRevamp - Password entered successfully as: Com@1111
2023-06-30 12:37:08,281 [main] INFO angular.pageobjects.loginpages.LoginPageRevamp - Trying to click Login Button
2023-06-30 12:37:08,361 [main] INFO angular.pageobjects.loginpages.LoginPageRevamp - Login button clicked successfully
2023-06-30 12:37:08,410 [main] INFO angular.pageobjects.loginpages.LoginPageRevamp - Error Message Found on Login Screen: 
2023-06-30 12:37:08,412 [main] INFO angular.pageobjects.NetworkProductMapping - Trying to click on eTopUp tab
2023-06-30 12:37:08,413 [main] INFO angular.pageobjects.NetworkProductMapping - Checking visibility of eTopUp Tab
2023-06-30 12:37:14,404 [main] INFO angular.pageobjects.NetworkProductMapping - eTopUp tab is visible
2023-06-30 12:37:14,472 [main] INFO angular.pageobjects.NetworkProductMapping - Clicked on eTopUp tab
2023-06-30 12:37:14,474 [main] INFO angular.pageobjects.NetworkProductMapping - Checking visibility of Network Product Mapping Link
2023-06-30 12:37:14,508 [main] INFO angular.pageobjects.NetworkProductMapping - Network Product Mapping link is vsisble
2023-06-30 12:37:14,619 [main] INFO angular.pageobjects.NetworkProductMapping - Clicked on Network Product mapping
2023-06-30 12:37:14,621 [main] INFO angular.pageobjects.NetworkProductMapping - Trying to click on Status dropdown
2023-06-30 12:37:14,674 [main] INFO com.classes.BaseTest - org.openqa.selenium.NoSuchElementException: no such element: Unable to locate element: {"method":"xpath","selector":"(//table//td[@id='status']//span[contains(@class,'ng-arrow-wrapper')])[1]"}
  (Session info: chrome=114.0.5735.199)
For documentation on this error, please visit: http://seleniumhq.org/exceptions/no_such_element.html
Build info: version: '3.10.0', revision: '176b4a9', time: '2018-03-02T19:03:16.397Z'
System info: host: 'MCKL-20005142', ip: '172.25.16.26', os.name: 'Windows 10', os.arch: 'amd64', os.version: '10.0', java.version: '1.8.0_291'
Driver info: org.openqa.selenium.chrome.ChromeDriver
Capabilities {acceptInsecureCerts: false, browserName: chrome, browserVersion: 114.0.5735.199, chrome: {chromedriverVersion: 114.0.5735.90 (386bc09e8f4f..., userDataDir: C:\Users\SOURAB~1.AWA\AppDa...}, goog:chromeOptions: {debuggerAddress: localhost:61820}, javascriptEnabled: true, networkConnectionEnabled: false, pageLoadStrategy: normal, platform: WINDOWS, platformName: WINDOWS, proxy: Proxy(), setWindowRect: true, strictFileInteractability: false, timeouts: {implicit: 0, pageLoad: 300000, script: 30000}, unhandledPromptBehavior: dismiss and notify, webauthn:extension:credBlob: true, webauthn:extension:largeBlob: true, webauthn:extension:minPinLength: true, webauthn:extension:prf: true, webauthn:virtualAuthenticators: true}
Session ID: ce607db24304ec06b0a552d58b09c8bc
*** Element info: {Using=xpath, value=(//table//td[@id='status']//span[contains(@class,'ng-arrow-wrapper')])[1]}
2023-06-30 12:37:14,715 [main] INFO com.sshmanager.SSHService - Executing: tail -n 1000 /data1/pretupsapp/tomcat9_pgdev/logs/catalina.out

2023-06-30 12:37:14,908 [main] INFO com.sshmanager.SSHService - Channel Exit Status: 0
