2022-07-01 15:25:44,188 [main] INFO com.classes.BaseTest - Loading all methods from -masterVO class
2022-07-01 15:25:44,192 [main] INFO com.utils._masterVO - Loading Properties file from: .//src//test//resources//sysconfig//Constant.properties
2022-07-01 15:25:44,195 [main] INFO com.utils._masterVO - Properties File Loaded successfully
2022-07-01 15:25:44,197 [main] INFO com.utils._masterVO - Loading Master Sheet from: src//test//resources//config//DataProvider.xlsx
2022-07-01 15:25:44,892 [main] INFO com.utils._masterVO - Master Sheet Loaded successfully
2022-07-01 15:25:44,894 [main] INFO com.utils._masterVO - Loading Client Library for Client Versioning from: .//src//test//resources//sysconfig//ClientLib.properties
2022-07-01 15:25:44,907 [main] INFO com.utils._masterVO - Client Library Loaded successfully
2022-07-01 15:25:46,029 [main] INFO com.utils._masterVO - Loading test case file file from: .//src//test//resources//sysconfig//testCaseFile.properties
2022-07-01 15:25:46,049 [main] INFO com.utils._masterVO - Test cases file Loaded successfully
2022-07-01 15:25:46,052 [main] INFO com.utils._masterVO - Loading Web Cases Master file from: .//src//test//resources//config//testCaseFile.properties
2022-07-01 15:25:46,081 [main] INFO com.utils._masterVO - Gateway Cases Master File Loaded successfully
2022-07-01 15:25:46,106 [main] INFO com.dbrepository.DBHandler - Entered Access Handler :: Oracle
2022-07-01 15:25:46,109 [main] INFO com.commons.CacheController - New Cache DAO Loaded :: UPDATECACHE_VER = 1
2022-07-01 15:25:46,110 [main] INFO com.dbrepository.OracleRepository - Entered getNetworkName(NG)
2022-07-01 15:25:46,142 [MLog-Init-Reporter] INFO com.mchange.v2.log.MLog - MLog clients using log4j logging.
2022-07-01 15:25:46,250 [main] INFO com.mchange.v2.c3p0.C3P0Registry - Initializing c3p0-0.9.5.2 [built 08-December-2015 22:06:04 -0800; debug? true; trace: 10]
2022-07-01 15:25:46,405 [main] INFO com.mchange.v2.c3p0.impl.AbstractPoolBackedDataSource - Initializing c3p0 pool... com.mchange.v2.c3p0.ComboPooledDataSource [ acquireIncrement -> 5, acquireRetryAttempts -> 30, acquireRetryDelay -> 1000, autoCommitOnClose -> false, automaticTestTable -> null, breakAfterAcquireFailure -> false, checkoutTimeout -> 0, connectionCustomizerClassName -> null, connectionTesterClassName -> com.mchange.v2.c3p0.impl.DefaultConnectionTester, contextClassLoaderSource -> caller, dataSourceName -> 1hge148ap1fdsg3n8snjya|3cce57c7, debugUnreturnedConnectionStackTraces -> false, description -> null, driverClass -> oracle.jdbc.driver.OracleDriver, extensions -> {}, factoryClassLocation -> null, forceIgnoreUnresolvedTransactions -> false, forceSynchronousCheckins -> false, forceUseNamedDriverClass -> false, identityToken -> 1hge148ap1fdsg3n8snjya|3cce57c7, idleConnectionTestPeriod -> 0, initialPoolSize -> 10, jdbcUrl -> jdbc:oracle:thin:@172.30.38.232:1526:test, maxAdministrativeTaskTime -> 0, maxConnectionAge -> 0, maxIdleTime -> 0, maxIdleTimeExcessConnections -> 0, maxPoolSize -> 20, maxStatements -> 0, maxStatementsPerConnection -> 0, minPoolSize -> 10, numHelperThreads -> 3, preferredTestQuery -> null, privilegeSpawnedThreads -> false, properties -> {user=******, password=******}, propertyCycle -> 0, statementCacheNumDeferredCloseThreads -> 0, testConnectionOnCheckin -> false, testConnectionOnCheckout -> false, unreturnedConnectionTimeout -> 0, userOverrides -> {}, usesTraditionalReflectiveProxies -> false ]
2022-07-01 15:25:48,139 [main] INFO com.dbrepository.OracleRepository - getNetworkName() :: select query: Select network_name from networks where network_code = ?
2022-07-01 15:25:48,275 [main] INFO com.dbrepository.OracleRepository - Database Returns: Network Name (Network GGN)
2022-07-01 15:25:48,277 [main] INFO com.dbrepository.OracleRepository - Exiting getNetworkName()
2022-07-01 15:25:48,278 [main] INFO com.dbrepository.OracleRepository - Entered getSystemPreference(AMOUNT_MULT_FACTOR)
2022-07-01 15:25:48,280 [main] INFO com.dbrepository.DBConnectionPool - Active Size:1 Cache Size:2
2022-07-01 15:25:48,282 [main] INFO com.dbrepository.OracleRepository - getSystemPreference() :: select query: select DEFAULT_VALUE from system_preferences where PREFERENCE_CODE = ?
2022-07-01 15:25:48,358 [main] INFO com.dbrepository.OracleRepository - Database Returns: DEFAULT_VALUE (100)
2022-07-01 15:25:48,359 [main] INFO com.dbrepository.OracleRepository - Exiting getSystemPreference()
2022-07-01 15:25:48,361 [main] INFO com.dbrepository.OracleRepository - Entered getSystemPreference(MSISDN_PREFIX_LENGTH)
2022-07-01 15:25:48,362 [main] INFO com.dbrepository.DBConnectionPool - Active Size:2 Cache Size:1
2022-07-01 15:25:48,363 [main] INFO com.dbrepository.OracleRepository - getSystemPreference() :: select query: select DEFAULT_VALUE from system_preferences where PREFERENCE_CODE = ?
2022-07-01 15:25:48,439 [main] INFO com.dbrepository.OracleRepository - Database Returns: DEFAULT_VALUE (2)
2022-07-01 15:25:48,440 [main] INFO com.dbrepository.OracleRepository - Exiting getSystemPreference()
2022-07-01 15:25:48,442 [main] INFO com.dbrepository.OracleRepository - Entered getSystemPreference(MAX_MSISDN_LENGTH)
2022-07-01 15:25:48,443 [main] INFO com.dbrepository.DBConnectionPool - Active Size:3 Cache Size:0
2022-07-01 15:25:48,777 [main] INFO com.dbrepository.OracleRepository - getSystemPreference() :: select query: select DEFAULT_VALUE from system_preferences where PREFERENCE_CODE = ?
2022-07-01 15:25:48,853 [main] INFO com.dbrepository.OracleRepository - Database Returns: DEFAULT_VALUE (15)
2022-07-01 15:25:48,854 [main] INFO com.dbrepository.OracleRepository - Exiting getSystemPreference()
2022-07-01 15:25:48,855 [main] INFO com.dbrepository.OracleRepository - Entered getSystemPreference(USER_PRODUCT_MULTIPLE_WALLET)
2022-07-01 15:25:48,856 [main] INFO com.dbrepository.DBConnectionPool - Active Size:4 Cache Size:2
2022-07-01 15:25:48,858 [main] INFO com.dbrepository.OracleRepository - getSystemPreference() :: select query: select DEFAULT_VALUE from system_preferences where PREFERENCE_CODE = ?
2022-07-01 15:25:48,952 [main] INFO com.dbrepository.OracleRepository - Database Returns: DEFAULT_VALUE (false)
2022-07-01 15:25:48,966 [main] INFO com.dbrepository.OracleRepository - Exiting getSystemPreference()
2022-07-01 15:25:48,970 [main] INFO com.dbrepository.OracleRepository - Entered getSystemPreference(EXTERNAL_DATE_FORMAT)
2022-07-01 15:25:48,973 [main] INFO com.dbrepository.DBConnectionPool - Active Size:5 Cache Size:1
2022-07-01 15:25:48,975 [main] INFO com.dbrepository.OracleRepository - getSystemPreference() :: select query: select DEFAULT_VALUE from system_preferences where PREFERENCE_CODE = ?
2022-07-01 15:25:49,052 [main] INFO com.dbrepository.OracleRepository - Database Returns: DEFAULT_VALUE (dd/MM/yy)
2022-07-01 15:25:49,053 [main] INFO com.dbrepository.OracleRepository - Exiting getSystemPreference()
2022-07-01 15:25:49,054 [main] INFO com.dbrepository.OracleRepository - Entered getSystemPreference(DATE_FORMAT_CAL_JAVA)
2022-07-01 15:25:49,055 [main] INFO com.dbrepository.DBConnectionPool - Active Size:6 Cache Size:0
2022-07-01 15:25:49,566 [main] INFO com.dbrepository.OracleRepository - getSystemPreference() :: select query: select DEFAULT_VALUE from system_preferences where PREFERENCE_CODE = ?
2022-07-01 15:25:49,642 [main] INFO com.dbrepository.OracleRepository - Database Returns: DEFAULT_VALUE (dd/MM/yy)
2022-07-01 15:25:49,643 [main] INFO com.dbrepository.OracleRepository - Exiting getSystemPreference()
2022-07-01 15:25:49,645 [main] INFO com.dbrepository.OracleRepository - Entered getSystemPreference(OTH_COM_CHNL)
2022-07-01 15:25:49,646 [main] INFO com.dbrepository.DBConnectionPool - Active Size:0 Cache Size:9
2022-07-01 15:25:49,648 [main] INFO com.dbrepository.OracleRepository - getSystemPreference() :: select query: select DEFAULT_VALUE from system_preferences where PREFERENCE_CODE = ?
2022-07-01 15:25:49,723 [main] INFO com.dbrepository.OracleRepository - Database Returns: DEFAULT_VALUE (false)
2022-07-01 15:25:49,725 [main] INFO com.dbrepository.OracleRepository - Exiting getSystemPreference()
2022-07-01 15:25:49,726 [main] INFO com.dbrepository.OracleRepository - Entered getSystemPreference(DW_ALLOWED_GATEWAYS)
2022-07-01 15:25:49,727 [main] INFO com.dbrepository.DBConnectionPool - Active Size:0 Cache Size:9
2022-07-01 15:25:49,728 [main] INFO com.dbrepository.OracleRepository - getSystemPreference() :: select query: select DEFAULT_VALUE from system_preferences where PREFERENCE_CODE = ?
2022-07-01 15:25:49,805 [main] INFO com.dbrepository.OracleRepository - Database Returns: DEFAULT_VALUE (EXTGW,DWEXTGW)
2022-07-01 15:25:49,806 [main] INFO com.dbrepository.OracleRepository - Exiting getSystemPreference()
2022-07-01 15:25:49,807 [main] INFO com.dbrepository.OracleRepository - Entered getSystemPreference(DEFAULT_LANGUAGE)
2022-07-01 15:25:49,808 [main] INFO com.dbrepository.DBConnectionPool - Active Size:0 Cache Size:9
2022-07-01 15:25:49,810 [main] INFO com.dbrepository.OracleRepository - getSystemPreference() :: select query: select DEFAULT_VALUE from system_preferences where PREFERENCE_CODE = ?
2022-07-01 15:25:49,884 [main] INFO com.dbrepository.OracleRepository - Database Returns: DEFAULT_VALUE (en)
2022-07-01 15:25:49,886 [main] INFO com.dbrepository.OracleRepository - Exiting getSystemPreference()
2022-07-01 15:25:49,887 [main] INFO com.dbrepository.OracleRepository - Entered getSystemPreference(DEFAULT_COUNTRY)
2022-07-01 15:25:49,889 [main] INFO com.dbrepository.DBConnectionPool - Active Size:0 Cache Size:9
2022-07-01 15:25:49,890 [main] INFO com.dbrepository.OracleRepository - getSystemPreference() :: select query: select DEFAULT_VALUE from system_preferences where PREFERENCE_CODE = ?
2022-07-01 15:25:49,965 [main] INFO com.dbrepository.OracleRepository - Database Returns: DEFAULT_VALUE (US)
2022-07-01 15:25:49,966 [main] INFO com.dbrepository.OracleRepository - Exiting getSystemPreference()
2022-07-01 15:25:49,968 [main] INFO com.utils._masterVO - Display Locale set to: en_US
2022-07-01 15:26:11,048 [main] ERROR com.sshmanager.SSHService - Error while getting SSH Server Instance : com.jcraft.jsch.JSchException: java.net.ConnectException: Connection timed out: connect
2022-07-01 15:26:11,061 [main] INFO com.utils._masterVO - Loading Messages Resource properties File from: .//src//test//resources//sysconfig//English-2.properties
2022-07-01 15:26:11,101 [main] INFO com.utils._masterVO - Messages Resource Properties file Loaded successfully
2022-07-01 15:26:11,103 [main] INFO com.utils._masterVO - Loading Messages Resource properties File from: .//src//test//resources//sysconfig//C2S_English-2.properties
2022-07-01 15:26:11,143 [main] INFO com.utils._masterVO - Messages Resource Properties file Loaded successfully
2022-07-01 15:26:11,145 [main] INFO com.dbrepository.OracleRepository - Entered getGatewayDetails('EXTGW','USSD','SMSC')
2022-07-01 15:26:11,146 [main] INFO com.dbrepository.DBConnectionPool - Active Size:0 Cache Size:10
2022-07-01 15:26:11,147 [main] INFO com.dbrepository.OracleRepository - getGatewayDetails() :: select query: SELECT rmg.gateway_code, mg.gateway_type, rmg.login_id, rmg.PASSWORD, rmg.content_type, rmg.service_port, mg.req_password_plain FROM message_gateway mg, req_message_gateway rmg WHERE mg.gateway_code = rmg.gateway_code AND rmg.gateway_code IN ('EXTGW','USSD','SMSC')
2022-07-01 15:26:11,276 [main] INFO com.dbrepository.OracleRepository - Database Returns: [[Ljava.lang.Object;@299321e2[{{EXTGW,EXTGW,pretups,0971500a350af5c3d1c0b12221a0558c,XML,190,Y},{SMSC,SMSC,pretups,0971500a350af5c3d1c0b12221a0558c,PLAIN,190,Y},{USSD,USSD,pretups,0971500a350af5c3d1c0b12221a0558c,XML,190,Y}}]
2022-07-01 15:26:11,277 [main] INFO com.dbrepository.OracleRepository - Exiting getGatewayDetails()
2022-07-01 15:26:11,281 [main] INFO com.utils._APIUtil - Entered getAPIServices(EXTGW)
2022-07-01 15:26:11,293 [main] INFO com.utils._APIUtil - Exiting getAPIServices([])
2022-07-01 15:26:11,295 [main] INFO com.utils._masterVO - Loading Gateway Cases Master file from: .//src//test//resources//config//GatewayMaster.xlsx
2022-07-01 15:26:11,582 [main] INFO com.utils.ExcelUtility - java.lang.NullPointerException
	at com.utils.ExcelUtility.getCellData(ExcelUtility.java:311)
	at com.utils._masterVO.loadGatewayCases(_masterVO.java:115)
	at com.utils._masterVO.loadExternalServices(_masterVO.java:448)
	at com.utils._masterVO.loadVO(_masterVO.java:81)
	at com.classes.BaseTest.setupReporter(BaseTest.java:99)
	at sun.reflect.NativeMethodAccessorImpl.invoke0(Native Method)
	at sun.reflect.NativeMethodAccessorImpl.invoke(Unknown Source)
	at sun.reflect.DelegatingMethodAccessorImpl.invoke(Unknown Source)
	at java.lang.reflect.Method.invoke(Unknown Source)
	at org.testng.internal.MethodInvocationHelper.invokeMethod(MethodInvocationHelper.java:124)
	at org.testng.internal.MethodInvocationHelper.invokeMethodConsideringTimeout(MethodInvocationHelper.java:59)
	at org.testng.internal.Invoker.invokeConfigurationMethod(Invoker.java:455)
	at org.testng.internal.Invoker.invokeConfigurations(Invoker.java:222)
	at org.testng.internal.Invoker.invokeConfigurations(Invoker.java:142)
	at org.testng.SuiteRunner.privateRun(SuiteRunner.java:401)
	at org.testng.SuiteRunner.run(SuiteRunner.java:364)
	at org.testng.SuiteRunnerWorker.runSuite(SuiteRunnerWorker.java:52)
	at org.testng.SuiteRunnerWorker.run(SuiteRunnerWorker.java:84)
	at org.testng.TestNG.runSuitesSequentially(TestNG.java:1208)
	at org.testng.TestNG.runSuitesLocally(TestNG.java:1137)
	at org.testng.TestNG.runSuites(TestNG.java:1049)
	at org.testng.TestNG.run(TestNG.java:1017)
	at org.testng.remote.AbstractRemoteTestNG.run(AbstractRemoteTestNG.java:115)
	at org.testng.remote.RemoteTestNG.initAndRun(RemoteTestNG.java:251)
	at org.testng.remote.RemoteTestNG.main(RemoteTestNG.java:77)

2022-07-01 15:26:11,590 [main] INFO com.utils.ExcelUtility - java.lang.NullPointerException
	at com.utils.ExcelUtility.getCellData(ExcelUtility.java:311)
	at com.utils._masterVO.loadGatewayCases(_masterVO.java:115)
	at com.utils._masterVO.loadExternalServices(_masterVO.java:448)
	at com.utils._masterVO.loadVO(_masterVO.java:81)
	at com.classes.BaseTest.setupReporter(BaseTest.java:99)
	at sun.reflect.NativeMethodAccessorImpl.invoke0(Native Method)
	at sun.reflect.NativeMethodAccessorImpl.invoke(Unknown Source)
	at sun.reflect.DelegatingMethodAccessorImpl.invoke(Unknown Source)
	at java.lang.reflect.Method.invoke(Unknown Source)
	at org.testng.internal.MethodInvocationHelper.invokeMethod(MethodInvocationHelper.java:124)
	at org.testng.internal.MethodInvocationHelper.invokeMethodConsideringTimeout(MethodInvocationHelper.java:59)
	at org.testng.internal.Invoker.invokeConfigurationMethod(Invoker.java:455)
	at org.testng.internal.Invoker.invokeConfigurations(Invoker.java:222)
	at org.testng.internal.Invoker.invokeConfigurations(Invoker.java:142)
	at org.testng.SuiteRunner.privateRun(SuiteRunner.java:401)
	at org.testng.SuiteRunner.run(SuiteRunner.java:364)
	at org.testng.SuiteRunnerWorker.runSuite(SuiteRunnerWorker.java:52)
	at org.testng.SuiteRunnerWorker.run(SuiteRunnerWorker.java:84)
	at org.testng.TestNG.runSuitesSequentially(TestNG.java:1208)
	at org.testng.TestNG.runSuitesLocally(TestNG.java:1137)
	at org.testng.TestNG.runSuites(TestNG.java:1049)
	at org.testng.TestNG.run(TestNG.java:1017)
	at org.testng.remote.AbstractRemoteTestNG.run(AbstractRemoteTestNG.java:115)
	at org.testng.remote.RemoteTestNG.initAndRun(RemoteTestNG.java:251)
	at org.testng.remote.RemoteTestNG.main(RemoteTestNG.java:77)

2022-07-01 15:26:11,592 [main] INFO com.utils.ExcelUtility - java.lang.NullPointerException
	at com.utils.ExcelUtility.getCellData(ExcelUtility.java:311)
	at com.utils._masterVO.loadGatewayCases(_masterVO.java:115)
	at com.utils._masterVO.loadExternalServices(_masterVO.java:448)
	at com.utils._masterVO.loadVO(_masterVO.java:81)
	at com.classes.BaseTest.setupReporter(BaseTest.java:99)
	at sun.reflect.NativeMethodAccessorImpl.invoke0(Native Method)
	at sun.reflect.NativeMethodAccessorImpl.invoke(Unknown Source)
	at sun.reflect.DelegatingMethodAccessorImpl.invoke(Unknown Source)
	at java.lang.reflect.Method.invoke(Unknown Source)
	at org.testng.internal.MethodInvocationHelper.invokeMethod(MethodInvocationHelper.java:124)
	at org.testng.internal.MethodInvocationHelper.invokeMethodConsideringTimeout(MethodInvocationHelper.java:59)
	at org.testng.internal.Invoker.invokeConfigurationMethod(Invoker.java:455)
	at org.testng.internal.Invoker.invokeConfigurations(Invoker.java:222)
	at org.testng.internal.Invoker.invokeConfigurations(Invoker.java:142)
	at org.testng.SuiteRunner.privateRun(SuiteRunner.java:401)
	at org.testng.SuiteRunner.run(SuiteRunner.java:364)
	at org.testng.SuiteRunnerWorker.runSuite(SuiteRunnerWorker.java:52)
	at org.testng.SuiteRunnerWorker.run(SuiteRunnerWorker.java:84)
	at org.testng.TestNG.runSuitesSequentially(TestNG.java:1208)
	at org.testng.TestNG.runSuitesLocally(TestNG.java:1137)
	at org.testng.TestNG.runSuites(TestNG.java:1049)
	at org.testng.TestNG.run(TestNG.java:1017)
	at org.testng.remote.AbstractRemoteTestNG.run(AbstractRemoteTestNG.java:115)
	at org.testng.remote.RemoteTestNG.initAndRun(RemoteTestNG.java:251)
	at org.testng.remote.RemoteTestNG.main(RemoteTestNG.java:77)

2022-07-01 15:26:11,619 [main] INFO com.utils.ExcelUtility - java.lang.NullPointerException
	at com.utils.ExcelUtility.getCellData(ExcelUtility.java:311)
	at com.utils._masterVO.loadGatewayCases(_masterVO.java:115)
	at com.utils._masterVO.loadExternalServices(_masterVO.java:448)
	at com.utils._masterVO.loadVO(_masterVO.java:81)
	at com.classes.BaseTest.setupReporter(BaseTest.java:99)
	at sun.reflect.NativeMethodAccessorImpl.invoke0(Native Method)
	at sun.reflect.NativeMethodAccessorImpl.invoke(Unknown Source)
	at sun.reflect.DelegatingMethodAccessorImpl.invoke(Unknown Source)
	at java.lang.reflect.Method.invoke(Unknown Source)
	at org.testng.internal.MethodInvocationHelper.invokeMethod(MethodInvocationHelper.java:124)
	at org.testng.internal.MethodInvocationHelper.invokeMethodConsideringTimeout(MethodInvocationHelper.java:59)
	at org.testng.internal.Invoker.invokeConfigurationMethod(Invoker.java:455)
	at org.testng.internal.Invoker.invokeConfigurations(Invoker.java:222)
	at org.testng.internal.Invoker.invokeConfigurations(Invoker.java:142)
	at org.testng.SuiteRunner.privateRun(SuiteRunner.java:401)
	at org.testng.SuiteRunner.run(SuiteRunner.java:364)
	at org.testng.SuiteRunnerWorker.runSuite(SuiteRunnerWorker.java:52)
	at org.testng.SuiteRunnerWorker.run(SuiteRunnerWorker.java:84)
	at org.testng.TestNG.runSuitesSequentially(TestNG.java:1208)
	at org.testng.TestNG.runSuitesLocally(TestNG.java:1137)
	at org.testng.TestNG.runSuites(TestNG.java:1049)
	at org.testng.TestNG.run(TestNG.java:1017)
	at org.testng.remote.AbstractRemoteTestNG.run(AbstractRemoteTestNG.java:115)
	at org.testng.remote.RemoteTestNG.initAndRun(RemoteTestNG.java:251)
	at org.testng.remote.RemoteTestNG.main(RemoteTestNG.java:77)

2022-07-01 15:26:11,737 [main] INFO com.utils.ExcelUtility - java.lang.NullPointerException
	at com.utils.ExcelUtility.getCellData(ExcelUtility.java:311)
	at com.utils._masterVO.loadGatewayCases(_masterVO.java:115)
	at com.utils._masterVO.loadExternalServices(_masterVO.java:448)
	at com.utils._masterVO.loadVO(_masterVO.java:81)
	at com.classes.BaseTest.setupReporter(BaseTest.java:99)
	at sun.reflect.NativeMethodAccessorImpl.invoke0(Native Method)
	at sun.reflect.NativeMethodAccessorImpl.invoke(Unknown Source)
	at sun.reflect.DelegatingMethodAccessorImpl.invoke(Unknown Source)
	at java.lang.reflect.Method.invoke(Unknown Source)
	at org.testng.internal.MethodInvocationHelper.invokeMethod(MethodInvocationHelper.java:124)
	at org.testng.internal.MethodInvocationHelper.invokeMethodConsideringTimeout(MethodInvocationHelper.java:59)
	at org.testng.internal.Invoker.invokeConfigurationMethod(Invoker.java:455)
	at org.testng.internal.Invoker.invokeConfigurations(Invoker.java:222)
	at org.testng.internal.Invoker.invokeConfigurations(Invoker.java:142)
	at org.testng.SuiteRunner.privateRun(SuiteRunner.java:401)
	at org.testng.SuiteRunner.run(SuiteRunner.java:364)
	at org.testng.SuiteRunnerWorker.runSuite(SuiteRunnerWorker.java:52)
	at org.testng.SuiteRunnerWorker.run(SuiteRunnerWorker.java:84)
	at org.testng.TestNG.runSuitesSequentially(TestNG.java:1208)
	at org.testng.TestNG.runSuitesLocally(TestNG.java:1137)
	at org.testng.TestNG.runSuites(TestNG.java:1049)
	at org.testng.TestNG.run(TestNG.java:1017)
	at org.testng.remote.AbstractRemoteTestNG.run(AbstractRemoteTestNG.java:115)
	at org.testng.remote.RemoteTestNG.initAndRun(RemoteTestNG.java:251)
	at org.testng.remote.RemoteTestNG.main(RemoteTestNG.java:77)

2022-07-01 15:26:11,760 [main] INFO com.utils.ExcelUtility - java.lang.NullPointerException
	at com.utils.ExcelUtility.getCellData(ExcelUtility.java:311)
	at com.utils._masterVO.loadGatewayCases(_masterVO.java:115)
	at com.utils._masterVO.loadExternalServices(_masterVO.java:448)
	at com.utils._masterVO.loadVO(_masterVO.java:81)
	at com.classes.BaseTest.setupReporter(BaseTest.java:99)
	at sun.reflect.NativeMethodAccessorImpl.invoke0(Native Method)
	at sun.reflect.NativeMethodAccessorImpl.invoke(Unknown Source)
	at sun.reflect.DelegatingMethodAccessorImpl.invoke(Unknown Source)
	at java.lang.reflect.Method.invoke(Unknown Source)
	at org.testng.internal.MethodInvocationHelper.invokeMethod(MethodInvocationHelper.java:124)
	at org.testng.internal.MethodInvocationHelper.invokeMethodConsideringTimeout(MethodInvocationHelper.java:59)
	at org.testng.internal.Invoker.invokeConfigurationMethod(Invoker.java:455)
	at org.testng.internal.Invoker.invokeConfigurations(Invoker.java:222)
	at org.testng.internal.Invoker.invokeConfigurations(Invoker.java:142)
	at org.testng.SuiteRunner.privateRun(SuiteRunner.java:401)
	at org.testng.SuiteRunner.run(SuiteRunner.java:364)
	at org.testng.SuiteRunnerWorker.runSuite(SuiteRunnerWorker.java:52)
	at org.testng.SuiteRunnerWorker.run(SuiteRunnerWorker.java:84)
	at org.testng.TestNG.runSuitesSequentially(TestNG.java:1208)
	at org.testng.TestNG.runSuitesLocally(TestNG.java:1137)
	at org.testng.TestNG.runSuites(TestNG.java:1049)
	at org.testng.TestNG.run(TestNG.java:1017)
	at org.testng.remote.AbstractRemoteTestNG.run(AbstractRemoteTestNG.java:115)
	at org.testng.remote.RemoteTestNG.initAndRun(RemoteTestNG.java:251)
	at org.testng.remote.RemoteTestNG.main(RemoteTestNG.java:77)

2022-07-01 15:26:11,761 [main] INFO com.utils.ExcelUtility - java.lang.NullPointerException
	at com.utils.ExcelUtility.getCellData(ExcelUtility.java:311)
	at com.utils._masterVO.loadGatewayCases(_masterVO.java:115)
	at com.utils._masterVO.loadExternalServices(_masterVO.java:448)
	at com.utils._masterVO.loadVO(_masterVO.java:81)
	at com.classes.BaseTest.setupReporter(BaseTest.java:99)
	at sun.reflect.NativeMethodAccessorImpl.invoke0(Native Method)
	at sun.reflect.NativeMethodAccessorImpl.invoke(Unknown Source)
	at sun.reflect.DelegatingMethodAccessorImpl.invoke(Unknown Source)
	at java.lang.reflect.Method.invoke(Unknown Source)
	at org.testng.internal.MethodInvocationHelper.invokeMethod(MethodInvocationHelper.java:124)
	at org.testng.internal.MethodInvocationHelper.invokeMethodConsideringTimeout(MethodInvocationHelper.java:59)
	at org.testng.internal.Invoker.invokeConfigurationMethod(Invoker.java:455)
	at org.testng.internal.Invoker.invokeConfigurations(Invoker.java:222)
	at org.testng.internal.Invoker.invokeConfigurations(Invoker.java:142)
	at org.testng.SuiteRunner.privateRun(SuiteRunner.java:401)
	at org.testng.SuiteRunner.run(SuiteRunner.java:364)
	at org.testng.SuiteRunnerWorker.runSuite(SuiteRunnerWorker.java:52)
	at org.testng.SuiteRunnerWorker.run(SuiteRunnerWorker.java:84)
	at org.testng.TestNG.runSuitesSequentially(TestNG.java:1208)
	at org.testng.TestNG.runSuitesLocally(TestNG.java:1137)
	at org.testng.TestNG.runSuites(TestNG.java:1049)
	at org.testng.TestNG.run(TestNG.java:1017)
	at org.testng.remote.AbstractRemoteTestNG.run(AbstractRemoteTestNG.java:115)
	at org.testng.remote.RemoteTestNG.initAndRun(RemoteTestNG.java:251)
	at org.testng.remote.RemoteTestNG.main(RemoteTestNG.java:77)

2022-07-01 15:26:11,771 [main] INFO com.utils.ExcelUtility - java.lang.NullPointerException
	at com.utils.ExcelUtility.getCellData(ExcelUtility.java:311)
	at com.utils._masterVO.loadGatewayCases(_masterVO.java:115)
	at com.utils._masterVO.loadExternalServices(_masterVO.java:448)
	at com.utils._masterVO.loadVO(_masterVO.java:81)
	at com.classes.BaseTest.setupReporter(BaseTest.java:99)
	at sun.reflect.NativeMethodAccessorImpl.invoke0(Native Method)
	at sun.reflect.NativeMethodAccessorImpl.invoke(Unknown Source)
	at sun.reflect.DelegatingMethodAccessorImpl.invoke(Unknown Source)
	at java.lang.reflect.Method.invoke(Unknown Source)
	at org.testng.internal.MethodInvocationHelper.invokeMethod(MethodInvocationHelper.java:124)
	at org.testng.internal.MethodInvocationHelper.invokeMethodConsideringTimeout(MethodInvocationHelper.java:59)
	at org.testng.internal.Invoker.invokeConfigurationMethod(Invoker.java:455)
	at org.testng.internal.Invoker.invokeConfigurations(Invoker.java:222)
	at org.testng.internal.Invoker.invokeConfigurations(Invoker.java:142)
	at org.testng.SuiteRunner.privateRun(SuiteRunner.java:401)
	at org.testng.SuiteRunner.run(SuiteRunner.java:364)
	at org.testng.SuiteRunnerWorker.runSuite(SuiteRunnerWorker.java:52)
	at org.testng.SuiteRunnerWorker.run(SuiteRunnerWorker.java:84)
	at org.testng.TestNG.runSuitesSequentially(TestNG.java:1208)
	at org.testng.TestNG.runSuitesLocally(TestNG.java:1137)
	at org.testng.TestNG.runSuites(TestNG.java:1049)
	at org.testng.TestNG.run(TestNG.java:1017)
	at org.testng.remote.AbstractRemoteTestNG.run(AbstractRemoteTestNG.java:115)
	at org.testng.remote.RemoteTestNG.initAndRun(RemoteTestNG.java:251)
	at org.testng.remote.RemoteTestNG.main(RemoteTestNG.java:77)

2022-07-01 15:26:11,772 [main] INFO com.utils.ExcelUtility - java.lang.NullPointerException
	at com.utils.ExcelUtility.getCellData(ExcelUtility.java:311)
	at com.utils._masterVO.loadGatewayCases(_masterVO.java:115)
	at com.utils._masterVO.loadExternalServices(_masterVO.java:448)
	at com.utils._masterVO.loadVO(_masterVO.java:81)
	at com.classes.BaseTest.setupReporter(BaseTest.java:99)
	at sun.reflect.NativeMethodAccessorImpl.invoke0(Native Method)
	at sun.reflect.NativeMethodAccessorImpl.invoke(Unknown Source)
	at sun.reflect.DelegatingMethodAccessorImpl.invoke(Unknown Source)
	at java.lang.reflect.Method.invoke(Unknown Source)
	at org.testng.internal.MethodInvocationHelper.invokeMethod(MethodInvocationHelper.java:124)
	at org.testng.internal.MethodInvocationHelper.invokeMethodConsideringTimeout(MethodInvocationHelper.java:59)
	at org.testng.internal.Invoker.invokeConfigurationMethod(Invoker.java:455)
	at org.testng.internal.Invoker.invokeConfigurations(Invoker.java:222)
	at org.testng.internal.Invoker.invokeConfigurations(Invoker.java:142)
	at org.testng.SuiteRunner.privateRun(SuiteRunner.java:401)
	at org.testng.SuiteRunner.run(SuiteRunner.java:364)
	at org.testng.SuiteRunnerWorker.runSuite(SuiteRunnerWorker.java:52)
	at org.testng.SuiteRunnerWorker.run(SuiteRunnerWorker.java:84)
	at org.testng.TestNG.runSuitesSequentially(TestNG.java:1208)
	at org.testng.TestNG.runSuitesLocally(TestNG.java:1137)
	at org.testng.TestNG.runSuites(TestNG.java:1049)
	at org.testng.TestNG.run(TestNG.java:1017)
	at org.testng.remote.AbstractRemoteTestNG.run(AbstractRemoteTestNG.java:115)
	at org.testng.remote.RemoteTestNG.initAndRun(RemoteTestNG.java:251)
	at org.testng.remote.RemoteTestNG.main(RemoteTestNG.java:77)

2022-07-01 15:26:11,773 [main] INFO com.utils.ExcelUtility - java.lang.NullPointerException
	at com.utils.ExcelUtility.getCellData(ExcelUtility.java:311)
	at com.utils._masterVO.loadGatewayCases(_masterVO.java:115)
	at com.utils._masterVO.loadExternalServices(_masterVO.java:448)
	at com.utils._masterVO.loadVO(_masterVO.java:81)
	at com.classes.BaseTest.setupReporter(BaseTest.java:99)
	at sun.reflect.NativeMethodAccessorImpl.invoke0(Native Method)
	at sun.reflect.NativeMethodAccessorImpl.invoke(Unknown Source)
	at sun.reflect.DelegatingMethodAccessorImpl.invoke(Unknown Source)
	at java.lang.reflect.Method.invoke(Unknown Source)
	at org.testng.internal.MethodInvocationHelper.invokeMethod(MethodInvocationHelper.java:124)
	at org.testng.internal.MethodInvocationHelper.invokeMethodConsideringTimeout(MethodInvocationHelper.java:59)
	at org.testng.internal.Invoker.invokeConfigurationMethod(Invoker.java:455)
	at org.testng.internal.Invoker.invokeConfigurations(Invoker.java:222)
	at org.testng.internal.Invoker.invokeConfigurations(Invoker.java:142)
	at org.testng.SuiteRunner.privateRun(SuiteRunner.java:401)
	at org.testng.SuiteRunner.run(SuiteRunner.java:364)
	at org.testng.SuiteRunnerWorker.runSuite(SuiteRunnerWorker.java:52)
	at org.testng.SuiteRunnerWorker.run(SuiteRunnerWorker.java:84)
	at org.testng.TestNG.runSuitesSequentially(TestNG.java:1208)
	at org.testng.TestNG.runSuitesLocally(TestNG.java:1137)
	at org.testng.TestNG.runSuites(TestNG.java:1049)
	at org.testng.TestNG.run(TestNG.java:1017)
	at org.testng.remote.AbstractRemoteTestNG.run(AbstractRemoteTestNG.java:115)
	at org.testng.remote.RemoteTestNG.initAndRun(RemoteTestNG.java:251)
	at org.testng.remote.RemoteTestNG.main(RemoteTestNG.java:77)

2022-07-01 15:26:11,773 [main] INFO com.utils.ExcelUtility - java.lang.NullPointerException
	at com.utils.ExcelUtility.getCellData(ExcelUtility.java:311)
	at com.utils._masterVO.loadGatewayCases(_masterVO.java:115)
	at com.utils._masterVO.loadExternalServices(_masterVO.java:448)
	at com.utils._masterVO.loadVO(_masterVO.java:81)
	at com.classes.BaseTest.setupReporter(BaseTest.java:99)
	at sun.reflect.NativeMethodAccessorImpl.invoke0(Native Method)
	at sun.reflect.NativeMethodAccessorImpl.invoke(Unknown Source)
	at sun.reflect.DelegatingMethodAccessorImpl.invoke(Unknown Source)
	at java.lang.reflect.Method.invoke(Unknown Source)
	at org.testng.internal.MethodInvocationHelper.invokeMethod(MethodInvocationHelper.java:124)
	at org.testng.internal.MethodInvocationHelper.invokeMethodConsideringTimeout(MethodInvocationHelper.java:59)
	at org.testng.internal.Invoker.invokeConfigurationMethod(Invoker.java:455)
	at org.testng.internal.Invoker.invokeConfigurations(Invoker.java:222)
	at org.testng.internal.Invoker.invokeConfigurations(Invoker.java:142)
	at org.testng.SuiteRunner.privateRun(SuiteRunner.java:401)
	at org.testng.SuiteRunner.run(SuiteRunner.java:364)
	at org.testng.SuiteRunnerWorker.runSuite(SuiteRunnerWorker.java:52)
	at org.testng.SuiteRunnerWorker.run(SuiteRunnerWorker.java:84)
	at org.testng.TestNG.runSuitesSequentially(TestNG.java:1208)
	at org.testng.TestNG.runSuitesLocally(TestNG.java:1137)
	at org.testng.TestNG.runSuites(TestNG.java:1049)
	at org.testng.TestNG.run(TestNG.java:1017)
	at org.testng.remote.AbstractRemoteTestNG.run(AbstractRemoteTestNG.java:115)
	at org.testng.remote.RemoteTestNG.initAndRun(RemoteTestNG.java:251)
	at org.testng.remote.RemoteTestNG.main(RemoteTestNG.java:77)

2022-07-01 15:26:11,775 [main] INFO com.utils.ExcelUtility - java.lang.NullPointerException
	at com.utils.ExcelUtility.getCellData(ExcelUtility.java:311)
	at com.utils._masterVO.loadGatewayCases(_masterVO.java:115)
	at com.utils._masterVO.loadExternalServices(_masterVO.java:448)
	at com.utils._masterVO.loadVO(_masterVO.java:81)
	at com.classes.BaseTest.setupReporter(BaseTest.java:99)
	at sun.reflect.NativeMethodAccessorImpl.invoke0(Native Method)
	at sun.reflect.NativeMethodAccessorImpl.invoke(Unknown Source)
	at sun.reflect.DelegatingMethodAccessorImpl.invoke(Unknown Source)
	at java.lang.reflect.Method.invoke(Unknown Source)
	at org.testng.internal.MethodInvocationHelper.invokeMethod(MethodInvocationHelper.java:124)
	at org.testng.internal.MethodInvocationHelper.invokeMethodConsideringTimeout(MethodInvocationHelper.java:59)
	at org.testng.internal.Invoker.invokeConfigurationMethod(Invoker.java:455)
	at org.testng.internal.Invoker.invokeConfigurations(Invoker.java:222)
	at org.testng.internal.Invoker.invokeConfigurations(Invoker.java:142)
	at org.testng.SuiteRunner.privateRun(SuiteRunner.java:401)
	at org.testng.SuiteRunner.run(SuiteRunner.java:364)
	at org.testng.SuiteRunnerWorker.runSuite(SuiteRunnerWorker.java:52)
	at org.testng.SuiteRunnerWorker.run(SuiteRunnerWorker.java:84)
	at org.testng.TestNG.runSuitesSequentially(TestNG.java:1208)
	at org.testng.TestNG.runSuitesLocally(TestNG.java:1137)
	at org.testng.TestNG.runSuites(TestNG.java:1049)
	at org.testng.TestNG.run(TestNG.java:1017)
	at org.testng.remote.AbstractRemoteTestNG.run(AbstractRemoteTestNG.java:115)
	at org.testng.remote.RemoteTestNG.initAndRun(RemoteTestNG.java:251)
	at org.testng.remote.RemoteTestNG.main(RemoteTestNG.java:77)

2022-07-01 15:26:11,776 [main] INFO com.utils.ExcelUtility - java.lang.NullPointerException
	at com.utils.ExcelUtility.getCellData(ExcelUtility.java:311)
	at com.utils._masterVO.loadGatewayCases(_masterVO.java:115)
	at com.utils._masterVO.loadExternalServices(_masterVO.java:448)
	at com.utils._masterVO.loadVO(_masterVO.java:81)
	at com.classes.BaseTest.setupReporter(BaseTest.java:99)
	at sun.reflect.NativeMethodAccessorImpl.invoke0(Native Method)
	at sun.reflect.NativeMethodAccessorImpl.invoke(Unknown Source)
	at sun.reflect.DelegatingMethodAccessorImpl.invoke(Unknown Source)
	at java.lang.reflect.Method.invoke(Unknown Source)
	at org.testng.internal.MethodInvocationHelper.invokeMethod(MethodInvocationHelper.java:124)
	at org.testng.internal.MethodInvocationHelper.invokeMethodConsideringTimeout(MethodInvocationHelper.java:59)
	at org.testng.internal.Invoker.invokeConfigurationMethod(Invoker.java:455)
	at org.testng.internal.Invoker.invokeConfigurations(Invoker.java:222)
	at org.testng.internal.Invoker.invokeConfigurations(Invoker.java:142)
	at org.testng.SuiteRunner.privateRun(SuiteRunner.java:401)
	at org.testng.SuiteRunner.run(SuiteRunner.java:364)
	at org.testng.SuiteRunnerWorker.runSuite(SuiteRunnerWorker.java:52)
	at org.testng.SuiteRunnerWorker.run(SuiteRunnerWorker.java:84)
	at org.testng.TestNG.runSuitesSequentially(TestNG.java:1208)
	at org.testng.TestNG.runSuitesLocally(TestNG.java:1137)
	at org.testng.TestNG.runSuites(TestNG.java:1049)
	at org.testng.TestNG.run(TestNG.java:1017)
	at org.testng.remote.AbstractRemoteTestNG.run(AbstractRemoteTestNG.java:115)
	at org.testng.remote.RemoteTestNG.initAndRun(RemoteTestNG.java:251)
	at org.testng.remote.RemoteTestNG.main(RemoteTestNG.java:77)

2022-07-01 15:26:11,776 [main] INFO com.utils.ExcelUtility - java.lang.NullPointerException
	at com.utils.ExcelUtility.getCellData(ExcelUtility.java:311)
	at com.utils._masterVO.loadGatewayCases(_masterVO.java:115)
	at com.utils._masterVO.loadExternalServices(_masterVO.java:448)
	at com.utils._masterVO.loadVO(_masterVO.java:81)
	at com.classes.BaseTest.setupReporter(BaseTest.java:99)
	at sun.reflect.NativeMethodAccessorImpl.invoke0(Native Method)
	at sun.reflect.NativeMethodAccessorImpl.invoke(Unknown Source)
	at sun.reflect.DelegatingMethodAccessorImpl.invoke(Unknown Source)
	at java.lang.reflect.Method.invoke(Unknown Source)
	at org.testng.internal.MethodInvocationHelper.invokeMethod(MethodInvocationHelper.java:124)
	at org.testng.internal.MethodInvocationHelper.invokeMethodConsideringTimeout(MethodInvocationHelper.java:59)
	at org.testng.internal.Invoker.invokeConfigurationMethod(Invoker.java:455)
	at org.testng.internal.Invoker.invokeConfigurations(Invoker.java:222)
	at org.testng.internal.Invoker.invokeConfigurations(Invoker.java:142)
	at org.testng.SuiteRunner.privateRun(SuiteRunner.java:401)
	at org.testng.SuiteRunner.run(SuiteRunner.java:364)
	at org.testng.SuiteRunnerWorker.runSuite(SuiteRunnerWorker.java:52)
	at org.testng.SuiteRunnerWorker.run(SuiteRunnerWorker.java:84)
	at org.testng.TestNG.runSuitesSequentially(TestNG.java:1208)
	at org.testng.TestNG.runSuitesLocally(TestNG.java:1137)
	at org.testng.TestNG.runSuites(TestNG.java:1049)
	at org.testng.TestNG.run(TestNG.java:1017)
	at org.testng.remote.AbstractRemoteTestNG.run(AbstractRemoteTestNG.java:115)
	at org.testng.remote.RemoteTestNG.initAndRun(RemoteTestNG.java:251)
	at org.testng.remote.RemoteTestNG.main(RemoteTestNG.java:77)

2022-07-01 15:26:11,777 [main] INFO com.utils.ExcelUtility - java.lang.NullPointerException
	at com.utils.ExcelUtility.getCellData(ExcelUtility.java:311)
	at com.utils._masterVO.loadGatewayCases(_masterVO.java:115)
	at com.utils._masterVO.loadExternalServices(_masterVO.java:448)
	at com.utils._masterVO.loadVO(_masterVO.java:81)
	at com.classes.BaseTest.setupReporter(BaseTest.java:99)
	at sun.reflect.NativeMethodAccessorImpl.invoke0(Native Method)
	at sun.reflect.NativeMethodAccessorImpl.invoke(Unknown Source)
	at sun.reflect.DelegatingMethodAccessorImpl.invoke(Unknown Source)
	at java.lang.reflect.Method.invoke(Unknown Source)
	at org.testng.internal.MethodInvocationHelper.invokeMethod(MethodInvocationHelper.java:124)
	at org.testng.internal.MethodInvocationHelper.invokeMethodConsideringTimeout(MethodInvocationHelper.java:59)
	at org.testng.internal.Invoker.invokeConfigurationMethod(Invoker.java:455)
	at org.testng.internal.Invoker.invokeConfigurations(Invoker.java:222)
	at org.testng.internal.Invoker.invokeConfigurations(Invoker.java:142)
	at org.testng.SuiteRunner.privateRun(SuiteRunner.java:401)
	at org.testng.SuiteRunner.run(SuiteRunner.java:364)
	at org.testng.SuiteRunnerWorker.runSuite(SuiteRunnerWorker.java:52)
	at org.testng.SuiteRunnerWorker.run(SuiteRunnerWorker.java:84)
	at org.testng.TestNG.runSuitesSequentially(TestNG.java:1208)
	at org.testng.TestNG.runSuitesLocally(TestNG.java:1137)
	at org.testng.TestNG.runSuites(TestNG.java:1049)
	at org.testng.TestNG.run(TestNG.java:1017)
	at org.testng.remote.AbstractRemoteTestNG.run(AbstractRemoteTestNG.java:115)
	at org.testng.remote.RemoteTestNG.initAndRun(RemoteTestNG.java:251)
	at org.testng.remote.RemoteTestNG.main(RemoteTestNG.java:77)

2022-07-01 15:26:11,850 [main] INFO com.utils.ExcelUtility - java.lang.NullPointerException
	at com.utils.ExcelUtility.getCellData(ExcelUtility.java:311)
	at com.utils._masterVO.loadGatewayCases(_masterVO.java:115)
	at com.utils._masterVO.loadExternalServices(_masterVO.java:448)
	at com.utils._masterVO.loadVO(_masterVO.java:81)
	at com.classes.BaseTest.setupReporter(BaseTest.java:99)
	at sun.reflect.NativeMethodAccessorImpl.invoke0(Native Method)
	at sun.reflect.NativeMethodAccessorImpl.invoke(Unknown Source)
	at sun.reflect.DelegatingMethodAccessorImpl.invoke(Unknown Source)
	at java.lang.reflect.Method.invoke(Unknown Source)
	at org.testng.internal.MethodInvocationHelper.invokeMethod(MethodInvocationHelper.java:124)
	at org.testng.internal.MethodInvocationHelper.invokeMethodConsideringTimeout(MethodInvocationHelper.java:59)
	at org.testng.internal.Invoker.invokeConfigurationMethod(Invoker.java:455)
	at org.testng.internal.Invoker.invokeConfigurations(Invoker.java:222)
	at org.testng.internal.Invoker.invokeConfigurations(Invoker.java:142)
	at org.testng.SuiteRunner.privateRun(SuiteRunner.java:401)
	at org.testng.SuiteRunner.run(SuiteRunner.java:364)
	at org.testng.SuiteRunnerWorker.runSuite(SuiteRunnerWorker.java:52)
	at org.testng.SuiteRunnerWorker.run(SuiteRunnerWorker.java:84)
	at org.testng.TestNG.runSuitesSequentially(TestNG.java:1208)
	at org.testng.TestNG.runSuitesLocally(TestNG.java:1137)
	at org.testng.TestNG.runSuites(TestNG.java:1049)
	at org.testng.TestNG.run(TestNG.java:1017)
	at org.testng.remote.AbstractRemoteTestNG.run(AbstractRemoteTestNG.java:115)
	at org.testng.remote.RemoteTestNG.initAndRun(RemoteTestNG.java:251)
	at org.testng.remote.RemoteTestNG.main(RemoteTestNG.java:77)

2022-07-01 15:26:11,850 [main] INFO com.utils.ExcelUtility - java.lang.NullPointerException
	at com.utils.ExcelUtility.getCellData(ExcelUtility.java:311)
	at com.utils._masterVO.loadGatewayCases(_masterVO.java:115)
	at com.utils._masterVO.loadExternalServices(_masterVO.java:448)
	at com.utils._masterVO.loadVO(_masterVO.java:81)
	at com.classes.BaseTest.setupReporter(BaseTest.java:99)
	at sun.reflect.NativeMethodAccessorImpl.invoke0(Native Method)
	at sun.reflect.NativeMethodAccessorImpl.invoke(Unknown Source)
	at sun.reflect.DelegatingMethodAccessorImpl.invoke(Unknown Source)
	at java.lang.reflect.Method.invoke(Unknown Source)
	at org.testng.internal.MethodInvocationHelper.invokeMethod(MethodInvocationHelper.java:124)
	at org.testng.internal.MethodInvocationHelper.invokeMethodConsideringTimeout(MethodInvocationHelper.java:59)
	at org.testng.internal.Invoker.invokeConfigurationMethod(Invoker.java:455)
	at org.testng.internal.Invoker.invokeConfigurations(Invoker.java:222)
	at org.testng.internal.Invoker.invokeConfigurations(Invoker.java:142)
	at org.testng.SuiteRunner.privateRun(SuiteRunner.java:401)
	at org.testng.SuiteRunner.run(SuiteRunner.java:364)
	at org.testng.SuiteRunnerWorker.runSuite(SuiteRunnerWorker.java:52)
	at org.testng.SuiteRunnerWorker.run(SuiteRunnerWorker.java:84)
	at org.testng.TestNG.runSuitesSequentially(TestNG.java:1208)
	at org.testng.TestNG.runSuitesLocally(TestNG.java:1137)
	at org.testng.TestNG.runSuites(TestNG.java:1049)
	at org.testng.TestNG.run(TestNG.java:1017)
	at org.testng.remote.AbstractRemoteTestNG.run(AbstractRemoteTestNG.java:115)
	at org.testng.remote.RemoteTestNG.initAndRun(RemoteTestNG.java:251)
	at org.testng.remote.RemoteTestNG.main(RemoteTestNG.java:77)

2022-07-01 15:26:11,856 [main] INFO com.utils.ExcelUtility - java.lang.NullPointerException
	at com.utils.ExcelUtility.getCellData(ExcelUtility.java:311)
	at com.utils._masterVO.loadGatewayCases(_masterVO.java:115)
	at com.utils._masterVO.loadExternalServices(_masterVO.java:448)
	at com.utils._masterVO.loadVO(_masterVO.java:81)
	at com.classes.BaseTest.setupReporter(BaseTest.java:99)
	at sun.reflect.NativeMethodAccessorImpl.invoke0(Native Method)
	at sun.reflect.NativeMethodAccessorImpl.invoke(Unknown Source)
	at sun.reflect.DelegatingMethodAccessorImpl.invoke(Unknown Source)
	at java.lang.reflect.Method.invoke(Unknown Source)
	at org.testng.internal.MethodInvocationHelper.invokeMethod(MethodInvocationHelper.java:124)
	at org.testng.internal.MethodInvocationHelper.invokeMethodConsideringTimeout(MethodInvocationHelper.java:59)
	at org.testng.internal.Invoker.invokeConfigurationMethod(Invoker.java:455)
	at org.testng.internal.Invoker.invokeConfigurations(Invoker.java:222)
	at org.testng.internal.Invoker.invokeConfigurations(Invoker.java:142)
	at org.testng.SuiteRunner.privateRun(SuiteRunner.java:401)
	at org.testng.SuiteRunner.run(SuiteRunner.java:364)
	at org.testng.SuiteRunnerWorker.runSuite(SuiteRunnerWorker.java:52)
	at org.testng.SuiteRunnerWorker.run(SuiteRunnerWorker.java:84)
	at org.testng.TestNG.runSuitesSequentially(TestNG.java:1208)
	at org.testng.TestNG.runSuitesLocally(TestNG.java:1137)
	at org.testng.TestNG.runSuites(TestNG.java:1049)
	at org.testng.TestNG.run(TestNG.java:1017)
	at org.testng.remote.AbstractRemoteTestNG.run(AbstractRemoteTestNG.java:115)
	at org.testng.remote.RemoteTestNG.initAndRun(RemoteTestNG.java:251)
	at org.testng.remote.RemoteTestNG.main(RemoteTestNG.java:77)

2022-07-01 15:26:11,869 [main] INFO com.utils.ExcelUtility - java.lang.NullPointerException
	at com.utils.ExcelUtility.getCellData(ExcelUtility.java:311)
	at com.utils._masterVO.loadGatewayCases(_masterVO.java:115)
	at com.utils._masterVO.loadExternalServices(_masterVO.java:448)
	at com.utils._masterVO.loadVO(_masterVO.java:81)
	at com.classes.BaseTest.setupReporter(BaseTest.java:99)
	at sun.reflect.NativeMethodAccessorImpl.invoke0(Native Method)
	at sun.reflect.NativeMethodAccessorImpl.invoke(Unknown Source)
	at sun.reflect.DelegatingMethodAccessorImpl.invoke(Unknown Source)
	at java.lang.reflect.Method.invoke(Unknown Source)
	at org.testng.internal.MethodInvocationHelper.invokeMethod(MethodInvocationHelper.java:124)
	at org.testng.internal.MethodInvocationHelper.invokeMethodConsideringTimeout(MethodInvocationHelper.java:59)
	at org.testng.internal.Invoker.invokeConfigurationMethod(Invoker.java:455)
	at org.testng.internal.Invoker.invokeConfigurations(Invoker.java:222)
	at org.testng.internal.Invoker.invokeConfigurations(Invoker.java:142)
	at org.testng.SuiteRunner.privateRun(SuiteRunner.java:401)
	at org.testng.SuiteRunner.run(SuiteRunner.java:364)
	at org.testng.SuiteRunnerWorker.runSuite(SuiteRunnerWorker.java:52)
	at org.testng.SuiteRunnerWorker.run(SuiteRunnerWorker.java:84)
	at org.testng.TestNG.runSuitesSequentially(TestNG.java:1208)
	at org.testng.TestNG.runSuitesLocally(TestNG.java:1137)
	at org.testng.TestNG.runSuites(TestNG.java:1049)
	at org.testng.TestNG.run(TestNG.java:1017)
	at org.testng.remote.AbstractRemoteTestNG.run(AbstractRemoteTestNG.java:115)
	at org.testng.remote.RemoteTestNG.initAndRun(RemoteTestNG.java:251)
	at org.testng.remote.RemoteTestNG.main(RemoteTestNG.java:77)

2022-07-01 15:26:11,871 [main] INFO com.utils.ExcelUtility - java.lang.NullPointerException
	at com.utils.ExcelUtility.getCellData(ExcelUtility.java:311)
	at com.utils._masterVO.loadGatewayCases(_masterVO.java:115)
	at com.utils._masterVO.loadExternalServices(_masterVO.java:448)
	at com.utils._masterVO.loadVO(_masterVO.java:81)
	at com.classes.BaseTest.setupReporter(BaseTest.java:99)
	at sun.reflect.NativeMethodAccessorImpl.invoke0(Native Method)
	at sun.reflect.NativeMethodAccessorImpl.invoke(Unknown Source)
	at sun.reflect.DelegatingMethodAccessorImpl.invoke(Unknown Source)
	at java.lang.reflect.Method.invoke(Unknown Source)
	at org.testng.internal.MethodInvocationHelper.invokeMethod(MethodInvocationHelper.java:124)
	at org.testng.internal.MethodInvocationHelper.invokeMethodConsideringTimeout(MethodInvocationHelper.java:59)
	at org.testng.internal.Invoker.invokeConfigurationMethod(Invoker.java:455)
	at org.testng.internal.Invoker.invokeConfigurations(Invoker.java:222)
	at org.testng.internal.Invoker.invokeConfigurations(Invoker.java:142)
	at org.testng.SuiteRunner.privateRun(SuiteRunner.java:401)
	at org.testng.SuiteRunner.run(SuiteRunner.java:364)
	at org.testng.SuiteRunnerWorker.runSuite(SuiteRunnerWorker.java:52)
	at org.testng.SuiteRunnerWorker.run(SuiteRunnerWorker.java:84)
	at org.testng.TestNG.runSuitesSequentially(TestNG.java:1208)
	at org.testng.TestNG.runSuitesLocally(TestNG.java:1137)
	at org.testng.TestNG.runSuites(TestNG.java:1049)
	at org.testng.TestNG.run(TestNG.java:1017)
	at org.testng.remote.AbstractRemoteTestNG.run(AbstractRemoteTestNG.java:115)
	at org.testng.remote.RemoteTestNG.initAndRun(RemoteTestNG.java:251)
	at org.testng.remote.RemoteTestNG.main(RemoteTestNG.java:77)

2022-07-01 15:26:11,872 [main] INFO com.utils.ExcelUtility - java.lang.NullPointerException
	at com.utils.ExcelUtility.getCellData(ExcelUtility.java:311)
	at com.utils._masterVO.loadGatewayCases(_masterVO.java:115)
	at com.utils._masterVO.loadExternalServices(_masterVO.java:448)
	at com.utils._masterVO.loadVO(_masterVO.java:81)
	at com.classes.BaseTest.setupReporter(BaseTest.java:99)
	at sun.reflect.NativeMethodAccessorImpl.invoke0(Native Method)
	at sun.reflect.NativeMethodAccessorImpl.invoke(Unknown Source)
	at sun.reflect.DelegatingMethodAccessorImpl.invoke(Unknown Source)
	at java.lang.reflect.Method.invoke(Unknown Source)
	at org.testng.internal.MethodInvocationHelper.invokeMethod(MethodInvocationHelper.java:124)
	at org.testng.internal.MethodInvocationHelper.invokeMethodConsideringTimeout(MethodInvocationHelper.java:59)
	at org.testng.internal.Invoker.invokeConfigurationMethod(Invoker.java:455)
	at org.testng.internal.Invoker.invokeConfigurations(Invoker.java:222)
	at org.testng.internal.Invoker.invokeConfigurations(Invoker.java:142)
	at org.testng.SuiteRunner.privateRun(SuiteRunner.java:401)
	at org.testng.SuiteRunner.run(SuiteRunner.java:364)
	at org.testng.SuiteRunnerWorker.runSuite(SuiteRunnerWorker.java:52)
	at org.testng.SuiteRunnerWorker.run(SuiteRunnerWorker.java:84)
	at org.testng.TestNG.runSuitesSequentially(TestNG.java:1208)
	at org.testng.TestNG.runSuitesLocally(TestNG.java:1137)
	at org.testng.TestNG.runSuites(TestNG.java:1049)
	at org.testng.TestNG.run(TestNG.java:1017)
	at org.testng.remote.AbstractRemoteTestNG.run(AbstractRemoteTestNG.java:115)
	at org.testng.remote.RemoteTestNG.initAndRun(RemoteTestNG.java:251)
	at org.testng.remote.RemoteTestNG.main(RemoteTestNG.java:77)

2022-07-01 15:26:11,872 [main] INFO com.utils.ExcelUtility - java.lang.NullPointerException
	at com.utils.ExcelUtility.getCellData(ExcelUtility.java:311)
	at com.utils._masterVO.loadGatewayCases(_masterVO.java:115)
	at com.utils._masterVO.loadExternalServices(_masterVO.java:448)
	at com.utils._masterVO.loadVO(_masterVO.java:81)
	at com.classes.BaseTest.setupReporter(BaseTest.java:99)
	at sun.reflect.NativeMethodAccessorImpl.invoke0(Native Method)
	at sun.reflect.NativeMethodAccessorImpl.invoke(Unknown Source)
	at sun.reflect.DelegatingMethodAccessorImpl.invoke(Unknown Source)
	at java.lang.reflect.Method.invoke(Unknown Source)
	at org.testng.internal.MethodInvocationHelper.invokeMethod(MethodInvocationHelper.java:124)
	at org.testng.internal.MethodInvocationHelper.invokeMethodConsideringTimeout(MethodInvocationHelper.java:59)
	at org.testng.internal.Invoker.invokeConfigurationMethod(Invoker.java:455)
	at org.testng.internal.Invoker.invokeConfigurations(Invoker.java:222)
	at org.testng.internal.Invoker.invokeConfigurations(Invoker.java:142)
	at org.testng.SuiteRunner.privateRun(SuiteRunner.java:401)
	at org.testng.SuiteRunner.run(SuiteRunner.java:364)
	at org.testng.SuiteRunnerWorker.runSuite(SuiteRunnerWorker.java:52)
	at org.testng.SuiteRunnerWorker.run(SuiteRunnerWorker.java:84)
	at org.testng.TestNG.runSuitesSequentially(TestNG.java:1208)
	at org.testng.TestNG.runSuitesLocally(TestNG.java:1137)
	at org.testng.TestNG.runSuites(TestNG.java:1049)
	at org.testng.TestNG.run(TestNG.java:1017)
	at org.testng.remote.AbstractRemoteTestNG.run(AbstractRemoteTestNG.java:115)
	at org.testng.remote.RemoteTestNG.initAndRun(RemoteTestNG.java:251)
	at org.testng.remote.RemoteTestNG.main(RemoteTestNG.java:77)

2022-07-01 15:26:11,873 [main] INFO com.utils.ExcelUtility - java.lang.NullPointerException
	at com.utils.ExcelUtility.getCellData(ExcelUtility.java:311)
	at com.utils._masterVO.loadGatewayCases(_masterVO.java:115)
	at com.utils._masterVO.loadExternalServices(_masterVO.java:448)
	at com.utils._masterVO.loadVO(_masterVO.java:81)
	at com.classes.BaseTest.setupReporter(BaseTest.java:99)
	at sun.reflect.NativeMethodAccessorImpl.invoke0(Native Method)
	at sun.reflect.NativeMethodAccessorImpl.invoke(Unknown Source)
	at sun.reflect.DelegatingMethodAccessorImpl.invoke(Unknown Source)
	at java.lang.reflect.Method.invoke(Unknown Source)
	at org.testng.internal.MethodInvocationHelper.invokeMethod(MethodInvocationHelper.java:124)
	at org.testng.internal.MethodInvocationHelper.invokeMethodConsideringTimeout(MethodInvocationHelper.java:59)
	at org.testng.internal.Invoker.invokeConfigurationMethod(Invoker.java:455)
	at org.testng.internal.Invoker.invokeConfigurations(Invoker.java:222)
	at org.testng.internal.Invoker.invokeConfigurations(Invoker.java:142)
	at org.testng.SuiteRunner.privateRun(SuiteRunner.java:401)
	at org.testng.SuiteRunner.run(SuiteRunner.java:364)
	at org.testng.SuiteRunnerWorker.runSuite(SuiteRunnerWorker.java:52)
	at org.testng.SuiteRunnerWorker.run(SuiteRunnerWorker.java:84)
	at org.testng.TestNG.runSuitesSequentially(TestNG.java:1208)
	at org.testng.TestNG.runSuitesLocally(TestNG.java:1137)
	at org.testng.TestNG.runSuites(TestNG.java:1049)
	at org.testng.TestNG.run(TestNG.java:1017)
	at org.testng.remote.AbstractRemoteTestNG.run(AbstractRemoteTestNG.java:115)
	at org.testng.remote.RemoteTestNG.initAndRun(RemoteTestNG.java:251)
	at org.testng.remote.RemoteTestNG.main(RemoteTestNG.java:77)

2022-07-01 15:26:11,873 [main] INFO com.utils.ExcelUtility - java.lang.NullPointerException
	at com.utils.ExcelUtility.getCellData(ExcelUtility.java:311)
	at com.utils._masterVO.loadGatewayCases(_masterVO.java:115)
	at com.utils._masterVO.loadExternalServices(_masterVO.java:448)
	at com.utils._masterVO.loadVO(_masterVO.java:81)
	at com.classes.BaseTest.setupReporter(BaseTest.java:99)
	at sun.reflect.NativeMethodAccessorImpl.invoke0(Native Method)
	at sun.reflect.NativeMethodAccessorImpl.invoke(Unknown Source)
	at sun.reflect.DelegatingMethodAccessorImpl.invoke(Unknown Source)
	at java.lang.reflect.Method.invoke(Unknown Source)
	at org.testng.internal.MethodInvocationHelper.invokeMethod(MethodInvocationHelper.java:124)
	at org.testng.internal.MethodInvocationHelper.invokeMethodConsideringTimeout(MethodInvocationHelper.java:59)
	at org.testng.internal.Invoker.invokeConfigurationMethod(Invoker.java:455)
	at org.testng.internal.Invoker.invokeConfigurations(Invoker.java:222)
	at org.testng.internal.Invoker.invokeConfigurations(Invoker.java:142)
	at org.testng.SuiteRunner.privateRun(SuiteRunner.java:401)
	at org.testng.SuiteRunner.run(SuiteRunner.java:364)
	at org.testng.SuiteRunnerWorker.runSuite(SuiteRunnerWorker.java:52)
	at org.testng.SuiteRunnerWorker.run(SuiteRunnerWorker.java:84)
	at org.testng.TestNG.runSuitesSequentially(TestNG.java:1208)
	at org.testng.TestNG.runSuitesLocally(TestNG.java:1137)
	at org.testng.TestNG.runSuites(TestNG.java:1049)
	at org.testng.TestNG.run(TestNG.java:1017)
	at org.testng.remote.AbstractRemoteTestNG.run(AbstractRemoteTestNG.java:115)
	at org.testng.remote.RemoteTestNG.initAndRun(RemoteTestNG.java:251)
	at org.testng.remote.RemoteTestNG.main(RemoteTestNG.java:77)

2022-07-01 15:26:11,874 [main] INFO com.utils.ExcelUtility - java.lang.NullPointerException
	at com.utils.ExcelUtility.getCellData(ExcelUtility.java:311)
	at com.utils._masterVO.loadGatewayCases(_masterVO.java:115)
	at com.utils._masterVO.loadExternalServices(_masterVO.java:448)
	at com.utils._masterVO.loadVO(_masterVO.java:81)
	at com.classes.BaseTest.setupReporter(BaseTest.java:99)
	at sun.reflect.NativeMethodAccessorImpl.invoke0(Native Method)
	at sun.reflect.NativeMethodAccessorImpl.invoke(Unknown Source)
	at sun.reflect.DelegatingMethodAccessorImpl.invoke(Unknown Source)
	at java.lang.reflect.Method.invoke(Unknown Source)
	at org.testng.internal.MethodInvocationHelper.invokeMethod(MethodInvocationHelper.java:124)
	at org.testng.internal.MethodInvocationHelper.invokeMethodConsideringTimeout(MethodInvocationHelper.java:59)
	at org.testng.internal.Invoker.invokeConfigurationMethod(Invoker.java:455)
	at org.testng.internal.Invoker.invokeConfigurations(Invoker.java:222)
	at org.testng.internal.Invoker.invokeConfigurations(Invoker.java:142)
	at org.testng.SuiteRunner.privateRun(SuiteRunner.java:401)
	at org.testng.SuiteRunner.run(SuiteRunner.java:364)
	at org.testng.SuiteRunnerWorker.runSuite(SuiteRunnerWorker.java:52)
	at org.testng.SuiteRunnerWorker.run(SuiteRunnerWorker.java:84)
	at org.testng.TestNG.runSuitesSequentially(TestNG.java:1208)
	at org.testng.TestNG.runSuitesLocally(TestNG.java:1137)
	at org.testng.TestNG.runSuites(TestNG.java:1049)
	at org.testng.TestNG.run(TestNG.java:1017)
	at org.testng.remote.AbstractRemoteTestNG.run(AbstractRemoteTestNG.java:115)
	at org.testng.remote.RemoteTestNG.initAndRun(RemoteTestNG.java:251)
	at org.testng.remote.RemoteTestNG.main(RemoteTestNG.java:77)

2022-07-01 15:26:11,874 [main] INFO com.utils.ExcelUtility - java.lang.NullPointerException
	at com.utils.ExcelUtility.getCellData(ExcelUtility.java:311)
	at com.utils._masterVO.loadGatewayCases(_masterVO.java:115)
	at com.utils._masterVO.loadExternalServices(_masterVO.java:448)
	at com.utils._masterVO.loadVO(_masterVO.java:81)
	at com.classes.BaseTest.setupReporter(BaseTest.java:99)
	at sun.reflect.NativeMethodAccessorImpl.invoke0(Native Method)
	at sun.reflect.NativeMethodAccessorImpl.invoke(Unknown Source)
	at sun.reflect.DelegatingMethodAccessorImpl.invoke(Unknown Source)
	at java.lang.reflect.Method.invoke(Unknown Source)
	at org.testng.internal.MethodInvocationHelper.invokeMethod(MethodInvocationHelper.java:124)
	at org.testng.internal.MethodInvocationHelper.invokeMethodConsideringTimeout(MethodInvocationHelper.java:59)
	at org.testng.internal.Invoker.invokeConfigurationMethod(Invoker.java:455)
	at org.testng.internal.Invoker.invokeConfigurations(Invoker.java:222)
	at org.testng.internal.Invoker.invokeConfigurations(Invoker.java:142)
	at org.testng.SuiteRunner.privateRun(SuiteRunner.java:401)
	at org.testng.SuiteRunner.run(SuiteRunner.java:364)
	at org.testng.SuiteRunnerWorker.runSuite(SuiteRunnerWorker.java:52)
	at org.testng.SuiteRunnerWorker.run(SuiteRunnerWorker.java:84)
	at org.testng.TestNG.runSuitesSequentially(TestNG.java:1208)
	at org.testng.TestNG.runSuitesLocally(TestNG.java:1137)
	at org.testng.TestNG.runSuites(TestNG.java:1049)
	at org.testng.TestNG.run(TestNG.java:1017)
	at org.testng.remote.AbstractRemoteTestNG.run(AbstractRemoteTestNG.java:115)
	at org.testng.remote.RemoteTestNG.initAndRun(RemoteTestNG.java:251)
	at org.testng.remote.RemoteTestNG.main(RemoteTestNG.java:77)

2022-07-01 15:26:11,875 [main] INFO com.utils.ExcelUtility - java.lang.NullPointerException
	at com.utils.ExcelUtility.getCellData(ExcelUtility.java:311)
	at com.utils._masterVO.loadGatewayCases(_masterVO.java:115)
	at com.utils._masterVO.loadExternalServices(_masterVO.java:448)
	at com.utils._masterVO.loadVO(_masterVO.java:81)
	at com.classes.BaseTest.setupReporter(BaseTest.java:99)
	at sun.reflect.NativeMethodAccessorImpl.invoke0(Native Method)
	at sun.reflect.NativeMethodAccessorImpl.invoke(Unknown Source)
	at sun.reflect.DelegatingMethodAccessorImpl.invoke(Unknown Source)
	at java.lang.reflect.Method.invoke(Unknown Source)
	at org.testng.internal.MethodInvocationHelper.invokeMethod(MethodInvocationHelper.java:124)
	at org.testng.internal.MethodInvocationHelper.invokeMethodConsideringTimeout(MethodInvocationHelper.java:59)
	at org.testng.internal.Invoker.invokeConfigurationMethod(Invoker.java:455)
	at org.testng.internal.Invoker.invokeConfigurations(Invoker.java:222)
	at org.testng.internal.Invoker.invokeConfigurations(Invoker.java:142)
	at org.testng.SuiteRunner.privateRun(SuiteRunner.java:401)
	at org.testng.SuiteRunner.run(SuiteRunner.java:364)
	at org.testng.SuiteRunnerWorker.runSuite(SuiteRunnerWorker.java:52)
	at org.testng.SuiteRunnerWorker.run(SuiteRunnerWorker.java:84)
	at org.testng.TestNG.runSuitesSequentially(TestNG.java:1208)
	at org.testng.TestNG.runSuitesLocally(TestNG.java:1137)
	at org.testng.TestNG.runSuites(TestNG.java:1049)
	at org.testng.TestNG.run(TestNG.java:1017)
	at org.testng.remote.AbstractRemoteTestNG.run(AbstractRemoteTestNG.java:115)
	at org.testng.remote.RemoteTestNG.initAndRun(RemoteTestNG.java:251)
	at org.testng.remote.RemoteTestNG.main(RemoteTestNG.java:77)

2022-07-01 15:26:11,875 [main] INFO com.utils.ExcelUtility - java.lang.NullPointerException
	at com.utils.ExcelUtility.getCellData(ExcelUtility.java:311)
	at com.utils._masterVO.loadGatewayCases(_masterVO.java:115)
	at com.utils._masterVO.loadExternalServices(_masterVO.java:448)
	at com.utils._masterVO.loadVO(_masterVO.java:81)
	at com.classes.BaseTest.setupReporter(BaseTest.java:99)
	at sun.reflect.NativeMethodAccessorImpl.invoke0(Native Method)
	at sun.reflect.NativeMethodAccessorImpl.invoke(Unknown Source)
	at sun.reflect.DelegatingMethodAccessorImpl.invoke(Unknown Source)
	at java.lang.reflect.Method.invoke(Unknown Source)
	at org.testng.internal.MethodInvocationHelper.invokeMethod(MethodInvocationHelper.java:124)
	at org.testng.internal.MethodInvocationHelper.invokeMethodConsideringTimeout(MethodInvocationHelper.java:59)
	at org.testng.internal.Invoker.invokeConfigurationMethod(Invoker.java:455)
	at org.testng.internal.Invoker.invokeConfigurations(Invoker.java:222)
	at org.testng.internal.Invoker.invokeConfigurations(Invoker.java:142)
	at org.testng.SuiteRunner.privateRun(SuiteRunner.java:401)
	at org.testng.SuiteRunner.run(SuiteRunner.java:364)
	at org.testng.SuiteRunnerWorker.runSuite(SuiteRunnerWorker.java:52)
	at org.testng.SuiteRunnerWorker.run(SuiteRunnerWorker.java:84)
	at org.testng.TestNG.runSuitesSequentially(TestNG.java:1208)
	at org.testng.TestNG.runSuitesLocally(TestNG.java:1137)
	at org.testng.TestNG.runSuites(TestNG.java:1049)
	at org.testng.TestNG.run(TestNG.java:1017)
	at org.testng.remote.AbstractRemoteTestNG.run(AbstractRemoteTestNG.java:115)
	at org.testng.remote.RemoteTestNG.initAndRun(RemoteTestNG.java:251)
	at org.testng.remote.RemoteTestNG.main(RemoteTestNG.java:77)

2022-07-01 15:26:11,875 [main] INFO com.utils.ExcelUtility - java.lang.NullPointerException
	at com.utils.ExcelUtility.getCellData(ExcelUtility.java:311)
	at com.utils._masterVO.loadGatewayCases(_masterVO.java:115)
	at com.utils._masterVO.loadExternalServices(_masterVO.java:448)
	at com.utils._masterVO.loadVO(_masterVO.java:81)
	at com.classes.BaseTest.setupReporter(BaseTest.java:99)
	at sun.reflect.NativeMethodAccessorImpl.invoke0(Native Method)
	at sun.reflect.NativeMethodAccessorImpl.invoke(Unknown Source)
	at sun.reflect.DelegatingMethodAccessorImpl.invoke(Unknown Source)
	at java.lang.reflect.Method.invoke(Unknown Source)
	at org.testng.internal.MethodInvocationHelper.invokeMethod(MethodInvocationHelper.java:124)
	at org.testng.internal.MethodInvocationHelper.invokeMethodConsideringTimeout(MethodInvocationHelper.java:59)
	at org.testng.internal.Invoker.invokeConfigurationMethod(Invoker.java:455)
	at org.testng.internal.Invoker.invokeConfigurations(Invoker.java:222)
	at org.testng.internal.Invoker.invokeConfigurations(Invoker.java:142)
	at org.testng.SuiteRunner.privateRun(SuiteRunner.java:401)
	at org.testng.SuiteRunner.run(SuiteRunner.java:364)
	at org.testng.SuiteRunnerWorker.runSuite(SuiteRunnerWorker.java:52)
	at org.testng.SuiteRunnerWorker.run(SuiteRunnerWorker.java:84)
	at org.testng.TestNG.runSuitesSequentially(TestNG.java:1208)
	at org.testng.TestNG.runSuitesLocally(TestNG.java:1137)
	at org.testng.TestNG.runSuites(TestNG.java:1049)
	at org.testng.TestNG.run(TestNG.java:1017)
	at org.testng.remote.AbstractRemoteTestNG.run(AbstractRemoteTestNG.java:115)
	at org.testng.remote.RemoteTestNG.initAndRun(RemoteTestNG.java:251)
	at org.testng.remote.RemoteTestNG.main(RemoteTestNG.java:77)

2022-07-01 15:26:11,875 [main] INFO com.utils.ExcelUtility - java.lang.NullPointerException
	at com.utils.ExcelUtility.getCellData(ExcelUtility.java:311)
	at com.utils._masterVO.loadGatewayCases(_masterVO.java:115)
	at com.utils._masterVO.loadExternalServices(_masterVO.java:448)
	at com.utils._masterVO.loadVO(_masterVO.java:81)
	at com.classes.BaseTest.setupReporter(BaseTest.java:99)
	at sun.reflect.NativeMethodAccessorImpl.invoke0(Native Method)
	at sun.reflect.NativeMethodAccessorImpl.invoke(Unknown Source)
	at sun.reflect.DelegatingMethodAccessorImpl.invoke(Unknown Source)
	at java.lang.reflect.Method.invoke(Unknown Source)
	at org.testng.internal.MethodInvocationHelper.invokeMethod(MethodInvocationHelper.java:124)
	at org.testng.internal.MethodInvocationHelper.invokeMethodConsideringTimeout(MethodInvocationHelper.java:59)
	at org.testng.internal.Invoker.invokeConfigurationMethod(Invoker.java:455)
	at org.testng.internal.Invoker.invokeConfigurations(Invoker.java:222)
	at org.testng.internal.Invoker.invokeConfigurations(Invoker.java:142)
	at org.testng.SuiteRunner.privateRun(SuiteRunner.java:401)
	at org.testng.SuiteRunner.run(SuiteRunner.java:364)
	at org.testng.SuiteRunnerWorker.runSuite(SuiteRunnerWorker.java:52)
	at org.testng.SuiteRunnerWorker.run(SuiteRunnerWorker.java:84)
	at org.testng.TestNG.runSuitesSequentially(TestNG.java:1208)
	at org.testng.TestNG.runSuitesLocally(TestNG.java:1137)
	at org.testng.TestNG.runSuites(TestNG.java:1049)
	at org.testng.TestNG.run(TestNG.java:1017)
	at org.testng.remote.AbstractRemoteTestNG.run(AbstractRemoteTestNG.java:115)
	at org.testng.remote.RemoteTestNG.initAndRun(RemoteTestNG.java:251)
	at org.testng.remote.RemoteTestNG.main(RemoteTestNG.java:77)

2022-07-01 15:26:11,876 [main] INFO com.utils.ExcelUtility - java.lang.NullPointerException
	at com.utils.ExcelUtility.getCellData(ExcelUtility.java:311)
	at com.utils._masterVO.loadGatewayCases(_masterVO.java:115)
	at com.utils._masterVO.loadExternalServices(_masterVO.java:448)
	at com.utils._masterVO.loadVO(_masterVO.java:81)
	at com.classes.BaseTest.setupReporter(BaseTest.java:99)
	at sun.reflect.NativeMethodAccessorImpl.invoke0(Native Method)
	at sun.reflect.NativeMethodAccessorImpl.invoke(Unknown Source)
	at sun.reflect.DelegatingMethodAccessorImpl.invoke(Unknown Source)
	at java.lang.reflect.Method.invoke(Unknown Source)
	at org.testng.internal.MethodInvocationHelper.invokeMethod(MethodInvocationHelper.java:124)
	at org.testng.internal.MethodInvocationHelper.invokeMethodConsideringTimeout(MethodInvocationHelper.java:59)
	at org.testng.internal.Invoker.invokeConfigurationMethod(Invoker.java:455)
	at org.testng.internal.Invoker.invokeConfigurations(Invoker.java:222)
	at org.testng.internal.Invoker.invokeConfigurations(Invoker.java:142)
	at org.testng.SuiteRunner.privateRun(SuiteRunner.java:401)
	at org.testng.SuiteRunner.run(SuiteRunner.java:364)
	at org.testng.SuiteRunnerWorker.runSuite(SuiteRunnerWorker.java:52)
	at org.testng.SuiteRunnerWorker.run(SuiteRunnerWorker.java:84)
	at org.testng.TestNG.runSuitesSequentially(TestNG.java:1208)
	at org.testng.TestNG.runSuitesLocally(TestNG.java:1137)
	at org.testng.TestNG.runSuites(TestNG.java:1049)
	at org.testng.TestNG.run(TestNG.java:1017)
	at org.testng.remote.AbstractRemoteTestNG.run(AbstractRemoteTestNG.java:115)
	at org.testng.remote.RemoteTestNG.initAndRun(RemoteTestNG.java:251)
	at org.testng.remote.RemoteTestNG.main(RemoteTestNG.java:77)

2022-07-01 15:26:11,876 [main] INFO com.utils.ExcelUtility - java.lang.NullPointerException
	at com.utils.ExcelUtility.getCellData(ExcelUtility.java:311)
	at com.utils._masterVO.loadGatewayCases(_masterVO.java:115)
	at com.utils._masterVO.loadExternalServices(_masterVO.java:448)
	at com.utils._masterVO.loadVO(_masterVO.java:81)
	at com.classes.BaseTest.setupReporter(BaseTest.java:99)
	at sun.reflect.NativeMethodAccessorImpl.invoke0(Native Method)
	at sun.reflect.NativeMethodAccessorImpl.invoke(Unknown Source)
	at sun.reflect.DelegatingMethodAccessorImpl.invoke(Unknown Source)
	at java.lang.reflect.Method.invoke(Unknown Source)
	at org.testng.internal.MethodInvocationHelper.invokeMethod(MethodInvocationHelper.java:124)
	at org.testng.internal.MethodInvocationHelper.invokeMethodConsideringTimeout(MethodInvocationHelper.java:59)
	at org.testng.internal.Invoker.invokeConfigurationMethod(Invoker.java:455)
	at org.testng.internal.Invoker.invokeConfigurations(Invoker.java:222)
	at org.testng.internal.Invoker.invokeConfigurations(Invoker.java:142)
	at org.testng.SuiteRunner.privateRun(SuiteRunner.java:401)
	at org.testng.SuiteRunner.run(SuiteRunner.java:364)
	at org.testng.SuiteRunnerWorker.runSuite(SuiteRunnerWorker.java:52)
	at org.testng.SuiteRunnerWorker.run(SuiteRunnerWorker.java:84)
	at org.testng.TestNG.runSuitesSequentially(TestNG.java:1208)
	at org.testng.TestNG.runSuitesLocally(TestNG.java:1137)
	at org.testng.TestNG.runSuites(TestNG.java:1049)
	at org.testng.TestNG.run(TestNG.java:1017)
	at org.testng.remote.AbstractRemoteTestNG.run(AbstractRemoteTestNG.java:115)
	at org.testng.remote.RemoteTestNG.initAndRun(RemoteTestNG.java:251)
	at org.testng.remote.RemoteTestNG.main(RemoteTestNG.java:77)

2022-07-01 15:26:11,876 [main] INFO com.utils.ExcelUtility - java.lang.NullPointerException
	at com.utils.ExcelUtility.getCellData(ExcelUtility.java:311)
	at com.utils._masterVO.loadGatewayCases(_masterVO.java:115)
	at com.utils._masterVO.loadExternalServices(_masterVO.java:448)
	at com.utils._masterVO.loadVO(_masterVO.java:81)
	at com.classes.BaseTest.setupReporter(BaseTest.java:99)
	at sun.reflect.NativeMethodAccessorImpl.invoke0(Native Method)
	at sun.reflect.NativeMethodAccessorImpl.invoke(Unknown Source)
	at sun.reflect.DelegatingMethodAccessorImpl.invoke(Unknown Source)
	at java.lang.reflect.Method.invoke(Unknown Source)
	at org.testng.internal.MethodInvocationHelper.invokeMethod(MethodInvocationHelper.java:124)
	at org.testng.internal.MethodInvocationHelper.invokeMethodConsideringTimeout(MethodInvocationHelper.java:59)
	at org.testng.internal.Invoker.invokeConfigurationMethod(Invoker.java:455)
	at org.testng.internal.Invoker.invokeConfigurations(Invoker.java:222)
	at org.testng.internal.Invoker.invokeConfigurations(Invoker.java:142)
	at org.testng.SuiteRunner.privateRun(SuiteRunner.java:401)
	at org.testng.SuiteRunner.run(SuiteRunner.java:364)
	at org.testng.SuiteRunnerWorker.runSuite(SuiteRunnerWorker.java:52)
	at org.testng.SuiteRunnerWorker.run(SuiteRunnerWorker.java:84)
	at org.testng.TestNG.runSuitesSequentially(TestNG.java:1208)
	at org.testng.TestNG.runSuitesLocally(TestNG.java:1137)
	at org.testng.TestNG.runSuites(TestNG.java:1049)
	at org.testng.TestNG.run(TestNG.java:1017)
	at org.testng.remote.AbstractRemoteTestNG.run(AbstractRemoteTestNG.java:115)
	at org.testng.remote.RemoteTestNG.initAndRun(RemoteTestNG.java:251)
	at org.testng.remote.RemoteTestNG.main(RemoteTestNG.java:77)

2022-07-01 15:26:11,876 [main] INFO com.utils.ExcelUtility - java.lang.NullPointerException
	at com.utils.ExcelUtility.getCellData(ExcelUtility.java:311)
	at com.utils._masterVO.loadGatewayCases(_masterVO.java:115)
	at com.utils._masterVO.loadExternalServices(_masterVO.java:448)
	at com.utils._masterVO.loadVO(_masterVO.java:81)
	at com.classes.BaseTest.setupReporter(BaseTest.java:99)
	at sun.reflect.NativeMethodAccessorImpl.invoke0(Native Method)
	at sun.reflect.NativeMethodAccessorImpl.invoke(Unknown Source)
	at sun.reflect.DelegatingMethodAccessorImpl.invoke(Unknown Source)
	at java.lang.reflect.Method.invoke(Unknown Source)
	at org.testng.internal.MethodInvocationHelper.invokeMethod(MethodInvocationHelper.java:124)
	at org.testng.internal.MethodInvocationHelper.invokeMethodConsideringTimeout(MethodInvocationHelper.java:59)
	at org.testng.internal.Invoker.invokeConfigurationMethod(Invoker.java:455)
	at org.testng.internal.Invoker.invokeConfigurations(Invoker.java:222)
	at org.testng.internal.Invoker.invokeConfigurations(Invoker.java:142)
	at org.testng.SuiteRunner.privateRun(SuiteRunner.java:401)
	at org.testng.SuiteRunner.run(SuiteRunner.java:364)
	at org.testng.SuiteRunnerWorker.runSuite(SuiteRunnerWorker.java:52)
	at org.testng.SuiteRunnerWorker.run(SuiteRunnerWorker.java:84)
	at org.testng.TestNG.runSuitesSequentially(TestNG.java:1208)
	at org.testng.TestNG.runSuitesLocally(TestNG.java:1137)
	at org.testng.TestNG.runSuites(TestNG.java:1049)
	at org.testng.TestNG.run(TestNG.java:1017)
	at org.testng.remote.AbstractRemoteTestNG.run(AbstractRemoteTestNG.java:115)
	at org.testng.remote.RemoteTestNG.initAndRun(RemoteTestNG.java:251)
	at org.testng.remote.RemoteTestNG.main(RemoteTestNG.java:77)

2022-07-01 15:26:11,877 [main] INFO com.utils.ExcelUtility - java.lang.NullPointerException
	at com.utils.ExcelUtility.getCellData(ExcelUtility.java:311)
	at com.utils._masterVO.loadGatewayCases(_masterVO.java:115)
	at com.utils._masterVO.loadExternalServices(_masterVO.java:448)
	at com.utils._masterVO.loadVO(_masterVO.java:81)
	at com.classes.BaseTest.setupReporter(BaseTest.java:99)
	at sun.reflect.NativeMethodAccessorImpl.invoke0(Native Method)
	at sun.reflect.NativeMethodAccessorImpl.invoke(Unknown Source)
	at sun.reflect.DelegatingMethodAccessorImpl.invoke(Unknown Source)
	at java.lang.reflect.Method.invoke(Unknown Source)
	at org.testng.internal.MethodInvocationHelper.invokeMethod(MethodInvocationHelper.java:124)
	at org.testng.internal.MethodInvocationHelper.invokeMethodConsideringTimeout(MethodInvocationHelper.java:59)
	at org.testng.internal.Invoker.invokeConfigurationMethod(Invoker.java:455)
	at org.testng.internal.Invoker.invokeConfigurations(Invoker.java:222)
	at org.testng.internal.Invoker.invokeConfigurations(Invoker.java:142)
	at org.testng.SuiteRunner.privateRun(SuiteRunner.java:401)
	at org.testng.SuiteRunner.run(SuiteRunner.java:364)
	at org.testng.SuiteRunnerWorker.runSuite(SuiteRunnerWorker.java:52)
	at org.testng.SuiteRunnerWorker.run(SuiteRunnerWorker.java:84)
	at org.testng.TestNG.runSuitesSequentially(TestNG.java:1208)
	at org.testng.TestNG.runSuitesLocally(TestNG.java:1137)
	at org.testng.TestNG.runSuites(TestNG.java:1049)
	at org.testng.TestNG.run(TestNG.java:1017)
	at org.testng.remote.AbstractRemoteTestNG.run(AbstractRemoteTestNG.java:115)
	at org.testng.remote.RemoteTestNG.initAndRun(RemoteTestNG.java:251)
	at org.testng.remote.RemoteTestNG.main(RemoteTestNG.java:77)

2022-07-01 15:26:11,878 [main] INFO com.utils.ExcelUtility - java.lang.NullPointerException
	at com.utils.ExcelUtility.getCellData(ExcelUtility.java:311)
	at com.utils._masterVO.loadGatewayCases(_masterVO.java:115)
	at com.utils._masterVO.loadExternalServices(_masterVO.java:448)
	at com.utils._masterVO.loadVO(_masterVO.java:81)
	at com.classes.BaseTest.setupReporter(BaseTest.java:99)
	at sun.reflect.NativeMethodAccessorImpl.invoke0(Native Method)
	at sun.reflect.NativeMethodAccessorImpl.invoke(Unknown Source)
	at sun.reflect.DelegatingMethodAccessorImpl.invoke(Unknown Source)
	at java.lang.reflect.Method.invoke(Unknown Source)
	at org.testng.internal.MethodInvocationHelper.invokeMethod(MethodInvocationHelper.java:124)
	at org.testng.internal.MethodInvocationHelper.invokeMethodConsideringTimeout(MethodInvocationHelper.java:59)
	at org.testng.internal.Invoker.invokeConfigurationMethod(Invoker.java:455)
	at org.testng.internal.Invoker.invokeConfigurations(Invoker.java:222)
	at org.testng.internal.Invoker.invokeConfigurations(Invoker.java:142)
	at org.testng.SuiteRunner.privateRun(SuiteRunner.java:401)
	at org.testng.SuiteRunner.run(SuiteRunner.java:364)
	at org.testng.SuiteRunnerWorker.runSuite(SuiteRunnerWorker.java:52)
	at org.testng.SuiteRunnerWorker.run(SuiteRunnerWorker.java:84)
	at org.testng.TestNG.runSuitesSequentially(TestNG.java:1208)
	at org.testng.TestNG.runSuitesLocally(TestNG.java:1137)
	at org.testng.TestNG.runSuites(TestNG.java:1049)
	at org.testng.TestNG.run(TestNG.java:1017)
	at org.testng.remote.AbstractRemoteTestNG.run(AbstractRemoteTestNG.java:115)
	at org.testng.remote.RemoteTestNG.initAndRun(RemoteTestNG.java:251)
	at org.testng.remote.RemoteTestNG.main(RemoteTestNG.java:77)

2022-07-01 15:26:11,878 [main] INFO com.utils.ExcelUtility - java.lang.NullPointerException
	at com.utils.ExcelUtility.getCellData(ExcelUtility.java:311)
	at com.utils._masterVO.loadGatewayCases(_masterVO.java:115)
	at com.utils._masterVO.loadExternalServices(_masterVO.java:448)
	at com.utils._masterVO.loadVO(_masterVO.java:81)
	at com.classes.BaseTest.setupReporter(BaseTest.java:99)
	at sun.reflect.NativeMethodAccessorImpl.invoke0(Native Method)
	at sun.reflect.NativeMethodAccessorImpl.invoke(Unknown Source)
	at sun.reflect.DelegatingMethodAccessorImpl.invoke(Unknown Source)
	at java.lang.reflect.Method.invoke(Unknown Source)
	at org.testng.internal.MethodInvocationHelper.invokeMethod(MethodInvocationHelper.java:124)
	at org.testng.internal.MethodInvocationHelper.invokeMethodConsideringTimeout(MethodInvocationHelper.java:59)
	at org.testng.internal.Invoker.invokeConfigurationMethod(Invoker.java:455)
	at org.testng.internal.Invoker.invokeConfigurations(Invoker.java:222)
	at org.testng.internal.Invoker.invokeConfigurations(Invoker.java:142)
	at org.testng.SuiteRunner.privateRun(SuiteRunner.java:401)
	at org.testng.SuiteRunner.run(SuiteRunner.java:364)
	at org.testng.SuiteRunnerWorker.runSuite(SuiteRunnerWorker.java:52)
	at org.testng.SuiteRunnerWorker.run(SuiteRunnerWorker.java:84)
	at org.testng.TestNG.runSuitesSequentially(TestNG.java:1208)
	at org.testng.TestNG.runSuitesLocally(TestNG.java:1137)
	at org.testng.TestNG.runSuites(TestNG.java:1049)
	at org.testng.TestNG.run(TestNG.java:1017)
	at org.testng.remote.AbstractRemoteTestNG.run(AbstractRemoteTestNG.java:115)
	at org.testng.remote.RemoteTestNG.initAndRun(RemoteTestNG.java:251)
	at org.testng.remote.RemoteTestNG.main(RemoteTestNG.java:77)

2022-07-01 15:26:11,878 [main] INFO com.utils.ExcelUtility - java.lang.NullPointerException
	at com.utils.ExcelUtility.getCellData(ExcelUtility.java:311)
	at com.utils._masterVO.loadGatewayCases(_masterVO.java:115)
	at com.utils._masterVO.loadExternalServices(_masterVO.java:448)
	at com.utils._masterVO.loadVO(_masterVO.java:81)
	at com.classes.BaseTest.setupReporter(BaseTest.java:99)
	at sun.reflect.NativeMethodAccessorImpl.invoke0(Native Method)
	at sun.reflect.NativeMethodAccessorImpl.invoke(Unknown Source)
	at sun.reflect.DelegatingMethodAccessorImpl.invoke(Unknown Source)
	at java.lang.reflect.Method.invoke(Unknown Source)
	at org.testng.internal.MethodInvocationHelper.invokeMethod(MethodInvocationHelper.java:124)
	at org.testng.internal.MethodInvocationHelper.invokeMethodConsideringTimeout(MethodInvocationHelper.java:59)
	at org.testng.internal.Invoker.invokeConfigurationMethod(Invoker.java:455)
	at org.testng.internal.Invoker.invokeConfigurations(Invoker.java:222)
	at org.testng.internal.Invoker.invokeConfigurations(Invoker.java:142)
	at org.testng.SuiteRunner.privateRun(SuiteRunner.java:401)
	at org.testng.SuiteRunner.run(SuiteRunner.java:364)
	at org.testng.SuiteRunnerWorker.runSuite(SuiteRunnerWorker.java:52)
	at org.testng.SuiteRunnerWorker.run(SuiteRunnerWorker.java:84)
	at org.testng.TestNG.runSuitesSequentially(TestNG.java:1208)
	at org.testng.TestNG.runSuitesLocally(TestNG.java:1137)
	at org.testng.TestNG.runSuites(TestNG.java:1049)
	at org.testng.TestNG.run(TestNG.java:1017)
	at org.testng.remote.AbstractRemoteTestNG.run(AbstractRemoteTestNG.java:115)
	at org.testng.remote.RemoteTestNG.initAndRun(RemoteTestNG.java:251)
	at org.testng.remote.RemoteTestNG.main(RemoteTestNG.java:77)

2022-07-01 15:26:11,878 [main] INFO com.utils.ExcelUtility - java.lang.NullPointerException
	at com.utils.ExcelUtility.getCellData(ExcelUtility.java:311)
	at com.utils._masterVO.loadGatewayCases(_masterVO.java:115)
	at com.utils._masterVO.loadExternalServices(_masterVO.java:448)
	at com.utils._masterVO.loadVO(_masterVO.java:81)
	at com.classes.BaseTest.setupReporter(BaseTest.java:99)
	at sun.reflect.NativeMethodAccessorImpl.invoke0(Native Method)
	at sun.reflect.NativeMethodAccessorImpl.invoke(Unknown Source)
	at sun.reflect.DelegatingMethodAccessorImpl.invoke(Unknown Source)
	at java.lang.reflect.Method.invoke(Unknown Source)
	at org.testng.internal.MethodInvocationHelper.invokeMethod(MethodInvocationHelper.java:124)
	at org.testng.internal.MethodInvocationHelper.invokeMethodConsideringTimeout(MethodInvocationHelper.java:59)
	at org.testng.internal.Invoker.invokeConfigurationMethod(Invoker.java:455)
	at org.testng.internal.Invoker.invokeConfigurations(Invoker.java:222)
	at org.testng.internal.Invoker.invokeConfigurations(Invoker.java:142)
	at org.testng.SuiteRunner.privateRun(SuiteRunner.java:401)
	at org.testng.SuiteRunner.run(SuiteRunner.java:364)
	at org.testng.SuiteRunnerWorker.runSuite(SuiteRunnerWorker.java:52)
	at org.testng.SuiteRunnerWorker.run(SuiteRunnerWorker.java:84)
	at org.testng.TestNG.runSuitesSequentially(TestNG.java:1208)
	at org.testng.TestNG.runSuitesLocally(TestNG.java:1137)
	at org.testng.TestNG.runSuites(TestNG.java:1049)
	at org.testng.TestNG.run(TestNG.java:1017)
	at org.testng.remote.AbstractRemoteTestNG.run(AbstractRemoteTestNG.java:115)
	at org.testng.remote.RemoteTestNG.initAndRun(RemoteTestNG.java:251)
	at org.testng.remote.RemoteTestNG.main(RemoteTestNG.java:77)

2022-07-01 15:26:11,879 [main] INFO com.utils.ExcelUtility - java.lang.NullPointerException
	at com.utils.ExcelUtility.getCellData(ExcelUtility.java:311)
	at com.utils._masterVO.loadGatewayCases(_masterVO.java:115)
	at com.utils._masterVO.loadExternalServices(_masterVO.java:448)
	at com.utils._masterVO.loadVO(_masterVO.java:81)
	at com.classes.BaseTest.setupReporter(BaseTest.java:99)
	at sun.reflect.NativeMethodAccessorImpl.invoke0(Native Method)
	at sun.reflect.NativeMethodAccessorImpl.invoke(Unknown Source)
	at sun.reflect.DelegatingMethodAccessorImpl.invoke(Unknown Source)
	at java.lang.reflect.Method.invoke(Unknown Source)
	at org.testng.internal.MethodInvocationHelper.invokeMethod(MethodInvocationHelper.java:124)
	at org.testng.internal.MethodInvocationHelper.invokeMethodConsideringTimeout(MethodInvocationHelper.java:59)
	at org.testng.internal.Invoker.invokeConfigurationMethod(Invoker.java:455)
	at org.testng.internal.Invoker.invokeConfigurations(Invoker.java:222)
	at org.testng.internal.Invoker.invokeConfigurations(Invoker.java:142)
	at org.testng.SuiteRunner.privateRun(SuiteRunner.java:401)
	at org.testng.SuiteRunner.run(SuiteRunner.java:364)
	at org.testng.SuiteRunnerWorker.runSuite(SuiteRunnerWorker.java:52)
	at org.testng.SuiteRunnerWorker.run(SuiteRunnerWorker.java:84)
	at org.testng.TestNG.runSuitesSequentially(TestNG.java:1208)
	at org.testng.TestNG.runSuitesLocally(TestNG.java:1137)
	at org.testng.TestNG.runSuites(TestNG.java:1049)
	at org.testng.TestNG.run(TestNG.java:1017)
	at org.testng.remote.AbstractRemoteTestNG.run(AbstractRemoteTestNG.java:115)
	at org.testng.remote.RemoteTestNG.initAndRun(RemoteTestNG.java:251)
	at org.testng.remote.RemoteTestNG.main(RemoteTestNG.java:77)

2022-07-01 15:26:11,879 [main] INFO com.utils.ExcelUtility - java.lang.NullPointerException
	at com.utils.ExcelUtility.getCellData(ExcelUtility.java:311)
	at com.utils._masterVO.loadGatewayCases(_masterVO.java:115)
	at com.utils._masterVO.loadExternalServices(_masterVO.java:448)
	at com.utils._masterVO.loadVO(_masterVO.java:81)
	at com.classes.BaseTest.setupReporter(BaseTest.java:99)
	at sun.reflect.NativeMethodAccessorImpl.invoke0(Native Method)
	at sun.reflect.NativeMethodAccessorImpl.invoke(Unknown Source)
	at sun.reflect.DelegatingMethodAccessorImpl.invoke(Unknown Source)
	at java.lang.reflect.Method.invoke(Unknown Source)
	at org.testng.internal.MethodInvocationHelper.invokeMethod(MethodInvocationHelper.java:124)
	at org.testng.internal.MethodInvocationHelper.invokeMethodConsideringTimeout(MethodInvocationHelper.java:59)
	at org.testng.internal.Invoker.invokeConfigurationMethod(Invoker.java:455)
	at org.testng.internal.Invoker.invokeConfigurations(Invoker.java:222)
	at org.testng.internal.Invoker.invokeConfigurations(Invoker.java:142)
	at org.testng.SuiteRunner.privateRun(SuiteRunner.java:401)
	at org.testng.SuiteRunner.run(SuiteRunner.java:364)
	at org.testng.SuiteRunnerWorker.runSuite(SuiteRunnerWorker.java:52)
	at org.testng.SuiteRunnerWorker.run(SuiteRunnerWorker.java:84)
	at org.testng.TestNG.runSuitesSequentially(TestNG.java:1208)
	at org.testng.TestNG.runSuitesLocally(TestNG.java:1137)
	at org.testng.TestNG.runSuites(TestNG.java:1049)
	at org.testng.TestNG.run(TestNG.java:1017)
	at org.testng.remote.AbstractRemoteTestNG.run(AbstractRemoteTestNG.java:115)
	at org.testng.remote.RemoteTestNG.initAndRun(RemoteTestNG.java:251)
	at org.testng.remote.RemoteTestNG.main(RemoteTestNG.java:77)

2022-07-01 15:26:11,879 [main] INFO com.utils.ExcelUtility - java.lang.NullPointerException
	at com.utils.ExcelUtility.getCellData(ExcelUtility.java:311)
	at com.utils._masterVO.loadGatewayCases(_masterVO.java:115)
	at com.utils._masterVO.loadExternalServices(_masterVO.java:448)
	at com.utils._masterVO.loadVO(_masterVO.java:81)
	at com.classes.BaseTest.setupReporter(BaseTest.java:99)
	at sun.reflect.NativeMethodAccessorImpl.invoke0(Native Method)
	at sun.reflect.NativeMethodAccessorImpl.invoke(Unknown Source)
	at sun.reflect.DelegatingMethodAccessorImpl.invoke(Unknown Source)
	at java.lang.reflect.Method.invoke(Unknown Source)
	at org.testng.internal.MethodInvocationHelper.invokeMethod(MethodInvocationHelper.java:124)
	at org.testng.internal.MethodInvocationHelper.invokeMethodConsideringTimeout(MethodInvocationHelper.java:59)
	at org.testng.internal.Invoker.invokeConfigurationMethod(Invoker.java:455)
	at org.testng.internal.Invoker.invokeConfigurations(Invoker.java:222)
	at org.testng.internal.Invoker.invokeConfigurations(Invoker.java:142)
	at org.testng.SuiteRunner.privateRun(SuiteRunner.java:401)
	at org.testng.SuiteRunner.run(SuiteRunner.java:364)
	at org.testng.SuiteRunnerWorker.runSuite(SuiteRunnerWorker.java:52)
	at org.testng.SuiteRunnerWorker.run(SuiteRunnerWorker.java:84)
	at org.testng.TestNG.runSuitesSequentially(TestNG.java:1208)
	at org.testng.TestNG.runSuitesLocally(TestNG.java:1137)
	at org.testng.TestNG.runSuites(TestNG.java:1049)
	at org.testng.TestNG.run(TestNG.java:1017)
	at org.testng.remote.AbstractRemoteTestNG.run(AbstractRemoteTestNG.java:115)
	at org.testng.remote.RemoteTestNG.initAndRun(RemoteTestNG.java:251)
	at org.testng.remote.RemoteTestNG.main(RemoteTestNG.java:77)

2022-07-01 15:26:11,879 [main] INFO com.utils.ExcelUtility - java.lang.NullPointerException
	at com.utils.ExcelUtility.getCellData(ExcelUtility.java:311)
	at com.utils._masterVO.loadGatewayCases(_masterVO.java:115)
	at com.utils._masterVO.loadExternalServices(_masterVO.java:448)
	at com.utils._masterVO.loadVO(_masterVO.java:81)
	at com.classes.BaseTest.setupReporter(BaseTest.java:99)
	at sun.reflect.NativeMethodAccessorImpl.invoke0(Native Method)
	at sun.reflect.NativeMethodAccessorImpl.invoke(Unknown Source)
	at sun.reflect.DelegatingMethodAccessorImpl.invoke(Unknown Source)
	at java.lang.reflect.Method.invoke(Unknown Source)
	at org.testng.internal.MethodInvocationHelper.invokeMethod(MethodInvocationHelper.java:124)
	at org.testng.internal.MethodInvocationHelper.invokeMethodConsideringTimeout(MethodInvocationHelper.java:59)
	at org.testng.internal.Invoker.invokeConfigurationMethod(Invoker.java:455)
	at org.testng.internal.Invoker.invokeConfigurations(Invoker.java:222)
	at org.testng.internal.Invoker.invokeConfigurations(Invoker.java:142)
	at org.testng.SuiteRunner.privateRun(SuiteRunner.java:401)
	at org.testng.SuiteRunner.run(SuiteRunner.java:364)
	at org.testng.SuiteRunnerWorker.runSuite(SuiteRunnerWorker.java:52)
	at org.testng.SuiteRunnerWorker.run(SuiteRunnerWorker.java:84)
	at org.testng.TestNG.runSuitesSequentially(TestNG.java:1208)
	at org.testng.TestNG.runSuitesLocally(TestNG.java:1137)
	at org.testng.TestNG.runSuites(TestNG.java:1049)
	at org.testng.TestNG.run(TestNG.java:1017)
	at org.testng.remote.AbstractRemoteTestNG.run(AbstractRemoteTestNG.java:115)
	at org.testng.remote.RemoteTestNG.initAndRun(RemoteTestNG.java:251)
	at org.testng.remote.RemoteTestNG.main(RemoteTestNG.java:77)

2022-07-01 15:26:11,880 [main] INFO com.utils.ExcelUtility - java.lang.NullPointerException
	at com.utils.ExcelUtility.getCellData(ExcelUtility.java:311)
	at com.utils._masterVO.loadGatewayCases(_masterVO.java:115)
	at com.utils._masterVO.loadExternalServices(_masterVO.java:448)
	at com.utils._masterVO.loadVO(_masterVO.java:81)
	at com.classes.BaseTest.setupReporter(BaseTest.java:99)
	at sun.reflect.NativeMethodAccessorImpl.invoke0(Native Method)
	at sun.reflect.NativeMethodAccessorImpl.invoke(Unknown Source)
	at sun.reflect.DelegatingMethodAccessorImpl.invoke(Unknown Source)
	at java.lang.reflect.Method.invoke(Unknown Source)
	at org.testng.internal.MethodInvocationHelper.invokeMethod(MethodInvocationHelper.java:124)
	at org.testng.internal.MethodInvocationHelper.invokeMethodConsideringTimeout(MethodInvocationHelper.java:59)
	at org.testng.internal.Invoker.invokeConfigurationMethod(Invoker.java:455)
	at org.testng.internal.Invoker.invokeConfigurations(Invoker.java:222)
	at org.testng.internal.Invoker.invokeConfigurations(Invoker.java:142)
	at org.testng.SuiteRunner.privateRun(SuiteRunner.java:401)
	at org.testng.SuiteRunner.run(SuiteRunner.java:364)
	at org.testng.SuiteRunnerWorker.runSuite(SuiteRunnerWorker.java:52)
	at org.testng.SuiteRunnerWorker.run(SuiteRunnerWorker.java:84)
	at org.testng.TestNG.runSuitesSequentially(TestNG.java:1208)
	at org.testng.TestNG.runSuitesLocally(TestNG.java:1137)
	at org.testng.TestNG.runSuites(TestNG.java:1049)
	at org.testng.TestNG.run(TestNG.java:1017)
	at org.testng.remote.AbstractRemoteTestNG.run(AbstractRemoteTestNG.java:115)
	at org.testng.remote.RemoteTestNG.initAndRun(RemoteTestNG.java:251)
	at org.testng.remote.RemoteTestNG.main(RemoteTestNG.java:77)

2022-07-01 15:26:12,445 [main] INFO com.utils._masterVO - Gateway Cases Master File Loaded successfully
2022-07-01 15:26:12,446 [main] INFO com.utils._APIUtil - Entered getAPIServices(USSD)
2022-07-01 15:26:12,448 [main] INFO com.utils._APIUtil - Exiting getAPIServices([])
2022-07-01 15:26:12,450 [main] INFO com.utils._masterVO - Loading Gateway Cases Master file from: .//src//test//resources//config//GatewayMaster.xlsx
2022-07-01 15:26:13,572 [main] INFO com.utils._masterVO - Gateway Cases Master File Loaded successfully
2022-07-01 15:26:13,575 [main] INFO com.utils._masterVO - Loading Gateway Cases Master file from: .//src//test//resources//config//GatewayMaster.xlsx
2022-07-01 15:26:13,814 [main] INFO com.utils._masterVO - Gateway Cases Master File Loaded successfully
2022-07-01 15:26:34,863 [main] ERROR com.sshmanager.SSHService - Error while getting SSH Server Instance : com.jcraft.jsch.JSchException: java.net.ConnectException: Connection timed out: connect
2022-07-01 15:26:34,874 [main] INFO com.classes.BaseTest - Completed loading all methods from -masterVO class
2022-07-01 15:28:07,034 [main] INFO com.utils.ExcelUtility - java.lang.NullPointerException
	at com.utils.ExcelUtility.getCellData(ExcelUtility.java:311)
	at angular.testscripts.prereuisitesangular.PreRequisite_C2CWithdrawal_Revamp.TestDataFeed1(PreRequisite_C2CWithdrawal_Revamp.java:317)
	at sun.reflect.NativeMethodAccessorImpl.invoke0(Native Method)
	at sun.reflect.NativeMethodAccessorImpl.invoke(Unknown Source)
	at sun.reflect.DelegatingMethodAccessorImpl.invoke(Unknown Source)
	at java.lang.reflect.Method.invoke(Unknown Source)
	at org.testng.internal.MethodInvocationHelper.invokeMethod(MethodInvocationHelper.java:124)
	at org.testng.internal.MethodInvocationHelper.invokeMethod(MethodInvocationHelper.java:74)
	at org.testng.internal.MethodInvocationHelper.invokeMethodNoCheckedException(MethodInvocationHelper.java:45)
	at org.testng.internal.MethodInvocationHelper.invokeDataProvider(MethodInvocationHelper.java:131)
	at org.testng.internal.Parameters.handleParameters(Parameters.java:706)
	at org.testng.internal.ParameterHandler.handleParameters(ParameterHandler.java:49)
	at org.testng.internal.ParameterHandler.createParameters(ParameterHandler.java:37)
	at org.testng.internal.Invoker.invokeTestMethods(Invoker.java:923)
	at org.testng.internal.TestMethodWorker.invokeTestMethods(TestMethodWorker.java:125)
	at org.testng.internal.TestMethodWorker.run(TestMethodWorker.java:109)
	at org.testng.TestRunner.privateRun(TestRunner.java:648)
	at org.testng.TestRunner.run(TestRunner.java:505)
	at org.testng.SuiteRunner.runTest(SuiteRunner.java:455)
	at org.testng.SuiteRunner.runSequentially(SuiteRunner.java:450)
	at org.testng.SuiteRunner.privateRun(SuiteRunner.java:415)
	at org.testng.SuiteRunner.run(SuiteRunner.java:364)
	at org.testng.SuiteRunnerWorker.runSuite(SuiteRunnerWorker.java:52)
	at org.testng.SuiteRunnerWorker.run(SuiteRunnerWorker.java:84)
	at org.testng.TestNG.runSuitesSequentially(TestNG.java:1208)
	at org.testng.TestNG.runSuitesLocally(TestNG.java:1137)
	at org.testng.TestNG.runSuites(TestNG.java:1049)
	at org.testng.TestNG.run(TestNG.java:1017)
	at org.testng.remote.AbstractRemoteTestNG.run(AbstractRemoteTestNG.java:115)
	at org.testng.remote.RemoteTestNG.initAndRun(RemoteTestNG.java:251)
	at org.testng.remote.RemoteTestNG.main(RemoteTestNG.java:77)

2022-07-01 15:28:07,120 [main] INFO com.utils.ExcelUtility - java.lang.NullPointerException
	at com.utils.ExcelUtility.getCellData(ExcelUtility.java:311)
	at angular.testscripts.prereuisitesangular.PreRequisite_C2CWithdrawal_Revamp.TestDataFeed1(PreRequisite_C2CWithdrawal_Revamp.java:317)
	at sun.reflect.NativeMethodAccessorImpl.invoke0(Native Method)
	at sun.reflect.NativeMethodAccessorImpl.invoke(Unknown Source)
	at sun.reflect.DelegatingMethodAccessorImpl.invoke(Unknown Source)
	at java.lang.reflect.Method.invoke(Unknown Source)
	at org.testng.internal.MethodInvocationHelper.invokeMethod(MethodInvocationHelper.java:124)
	at org.testng.internal.MethodInvocationHelper.invokeMethod(MethodInvocationHelper.java:74)
	at org.testng.internal.MethodInvocationHelper.invokeMethodNoCheckedException(MethodInvocationHelper.java:45)
	at org.testng.internal.MethodInvocationHelper.invokeDataProvider(MethodInvocationHelper.java:131)
	at org.testng.internal.Parameters.handleParameters(Parameters.java:706)
	at org.testng.internal.ParameterHandler.handleParameters(ParameterHandler.java:49)
	at org.testng.internal.ParameterHandler.createParameters(ParameterHandler.java:37)
	at org.testng.internal.Invoker.invokeTestMethods(Invoker.java:923)
	at org.testng.internal.TestMethodWorker.invokeTestMethods(TestMethodWorker.java:125)
	at org.testng.internal.TestMethodWorker.run(TestMethodWorker.java:109)
	at org.testng.TestRunner.privateRun(TestRunner.java:648)
	at org.testng.TestRunner.run(TestRunner.java:505)
	at org.testng.SuiteRunner.runTest(SuiteRunner.java:455)
	at org.testng.SuiteRunner.runSequentially(SuiteRunner.java:450)
	at org.testng.SuiteRunner.privateRun(SuiteRunner.java:415)
	at org.testng.SuiteRunner.run(SuiteRunner.java:364)
	at org.testng.SuiteRunnerWorker.runSuite(SuiteRunnerWorker.java:52)
	at org.testng.SuiteRunnerWorker.run(SuiteRunnerWorker.java:84)
	at org.testng.TestNG.runSuitesSequentially(TestNG.java:1208)
	at org.testng.TestNG.runSuitesLocally(TestNG.java:1137)
	at org.testng.TestNG.runSuites(TestNG.java:1049)
	at org.testng.TestNG.run(TestNG.java:1017)
	at org.testng.remote.AbstractRemoteTestNG.run(AbstractRemoteTestNG.java:115)
	at org.testng.remote.RemoteTestNG.initAndRun(RemoteTestNG.java:251)
	at org.testng.remote.RemoteTestNG.main(RemoteTestNG.java:77)

2022-07-01 15:28:07,208 [main] INFO com.utils.ExcelUtility - java.lang.NullPointerException
	at com.utils.ExcelUtility.getCellData(ExcelUtility.java:311)
	at angular.testscripts.prereuisitesangular.PreRequisite_C2CWithdrawal_Revamp.TestDataFeed1(PreRequisite_C2CWithdrawal_Revamp.java:317)
	at sun.reflect.NativeMethodAccessorImpl.invoke0(Native Method)
	at sun.reflect.NativeMethodAccessorImpl.invoke(Unknown Source)
	at sun.reflect.DelegatingMethodAccessorImpl.invoke(Unknown Source)
	at java.lang.reflect.Method.invoke(Unknown Source)
	at org.testng.internal.MethodInvocationHelper.invokeMethod(MethodInvocationHelper.java:124)
	at org.testng.internal.MethodInvocationHelper.invokeMethod(MethodInvocationHelper.java:74)
	at org.testng.internal.MethodInvocationHelper.invokeMethodNoCheckedException(MethodInvocationHelper.java:45)
	at org.testng.internal.MethodInvocationHelper.invokeDataProvider(MethodInvocationHelper.java:131)
	at org.testng.internal.Parameters.handleParameters(Parameters.java:706)
	at org.testng.internal.ParameterHandler.handleParameters(ParameterHandler.java:49)
	at org.testng.internal.ParameterHandler.createParameters(ParameterHandler.java:37)
	at org.testng.internal.Invoker.invokeTestMethods(Invoker.java:923)
	at org.testng.internal.TestMethodWorker.invokeTestMethods(TestMethodWorker.java:125)
	at org.testng.internal.TestMethodWorker.run(TestMethodWorker.java:109)
	at org.testng.TestRunner.privateRun(TestRunner.java:648)
	at org.testng.TestRunner.run(TestRunner.java:505)
	at org.testng.SuiteRunner.runTest(SuiteRunner.java:455)
	at org.testng.SuiteRunner.runSequentially(SuiteRunner.java:450)
	at org.testng.SuiteRunner.privateRun(SuiteRunner.java:415)
	at org.testng.SuiteRunner.run(SuiteRunner.java:364)
	at org.testng.SuiteRunnerWorker.runSuite(SuiteRunnerWorker.java:52)
	at org.testng.SuiteRunnerWorker.run(SuiteRunnerWorker.java:84)
	at org.testng.TestNG.runSuitesSequentially(TestNG.java:1208)
	at org.testng.TestNG.runSuitesLocally(TestNG.java:1137)
	at org.testng.TestNG.runSuites(TestNG.java:1049)
	at org.testng.TestNG.run(TestNG.java:1017)
	at org.testng.remote.AbstractRemoteTestNG.run(AbstractRemoteTestNG.java:115)
	at org.testng.remote.RemoteTestNG.initAndRun(RemoteTestNG.java:251)
	at org.testng.remote.RemoteTestNG.main(RemoteTestNG.java:77)

2022-07-01 15:28:07,396 [main] INFO com.utils.ExcelUtility - java.lang.NullPointerException
	at com.utils.ExcelUtility.getCellData(ExcelUtility.java:311)
	at angular.testscripts.prereuisitesangular.PreRequisite_C2CWithdrawal_Revamp.TestDataFeed1(PreRequisite_C2CWithdrawal_Revamp.java:317)
	at sun.reflect.NativeMethodAccessorImpl.invoke0(Native Method)
	at sun.reflect.NativeMethodAccessorImpl.invoke(Unknown Source)
	at sun.reflect.DelegatingMethodAccessorImpl.invoke(Unknown Source)
	at java.lang.reflect.Method.invoke(Unknown Source)
	at org.testng.internal.MethodInvocationHelper.invokeMethod(MethodInvocationHelper.java:124)
	at org.testng.internal.MethodInvocationHelper.invokeMethod(MethodInvocationHelper.java:74)
	at org.testng.internal.MethodInvocationHelper.invokeMethodNoCheckedException(MethodInvocationHelper.java:45)
	at org.testng.internal.MethodInvocationHelper.invokeDataProvider(MethodInvocationHelper.java:131)
	at org.testng.internal.Parameters.handleParameters(Parameters.java:706)
	at org.testng.internal.ParameterHandler.handleParameters(ParameterHandler.java:49)
	at org.testng.internal.ParameterHandler.createParameters(ParameterHandler.java:37)
	at org.testng.internal.Invoker.invokeTestMethods(Invoker.java:923)
	at org.testng.internal.TestMethodWorker.invokeTestMethods(TestMethodWorker.java:125)
	at org.testng.internal.TestMethodWorker.run(TestMethodWorker.java:109)
	at org.testng.TestRunner.privateRun(TestRunner.java:648)
	at org.testng.TestRunner.run(TestRunner.java:505)
	at org.testng.SuiteRunner.runTest(SuiteRunner.java:455)
	at org.testng.SuiteRunner.runSequentially(SuiteRunner.java:450)
	at org.testng.SuiteRunner.privateRun(SuiteRunner.java:415)
	at org.testng.SuiteRunner.run(SuiteRunner.java:364)
	at org.testng.SuiteRunnerWorker.runSuite(SuiteRunnerWorker.java:52)
	at org.testng.SuiteRunnerWorker.run(SuiteRunnerWorker.java:84)
	at org.testng.TestNG.runSuitesSequentially(TestNG.java:1208)
	at org.testng.TestNG.runSuitesLocally(TestNG.java:1137)
	at org.testng.TestNG.runSuites(TestNG.java:1049)
	at org.testng.TestNG.run(TestNG.java:1017)
	at org.testng.remote.AbstractRemoteTestNG.run(AbstractRemoteTestNG.java:115)
	at org.testng.remote.RemoteTestNG.initAndRun(RemoteTestNG.java:251)
	at org.testng.remote.RemoteTestNG.main(RemoteTestNG.java:77)

2022-07-01 15:28:07,542 [main] INFO com.utils.ExcelUtility - java.lang.NullPointerException
	at com.utils.ExcelUtility.getCellData(ExcelUtility.java:311)
	at angular.testscripts.prereuisitesangular.PreRequisite_C2CWithdrawal_Revamp.TestDataFeed1(PreRequisite_C2CWithdrawal_Revamp.java:317)
	at sun.reflect.NativeMethodAccessorImpl.invoke0(Native Method)
	at sun.reflect.NativeMethodAccessorImpl.invoke(Unknown Source)
	at sun.reflect.DelegatingMethodAccessorImpl.invoke(Unknown Source)
	at java.lang.reflect.Method.invoke(Unknown Source)
	at org.testng.internal.MethodInvocationHelper.invokeMethod(MethodInvocationHelper.java:124)
	at org.testng.internal.MethodInvocationHelper.invokeMethod(MethodInvocationHelper.java:74)
	at org.testng.internal.MethodInvocationHelper.invokeMethodNoCheckedException(MethodInvocationHelper.java:45)
	at org.testng.internal.MethodInvocationHelper.invokeDataProvider(MethodInvocationHelper.java:131)
	at org.testng.internal.Parameters.handleParameters(Parameters.java:706)
	at org.testng.internal.ParameterHandler.handleParameters(ParameterHandler.java:49)
	at org.testng.internal.ParameterHandler.createParameters(ParameterHandler.java:37)
	at org.testng.internal.Invoker.invokeTestMethods(Invoker.java:923)
	at org.testng.internal.TestMethodWorker.invokeTestMethods(TestMethodWorker.java:125)
	at org.testng.internal.TestMethodWorker.run(TestMethodWorker.java:109)
	at org.testng.TestRunner.privateRun(TestRunner.java:648)
	at org.testng.TestRunner.run(TestRunner.java:505)
	at org.testng.SuiteRunner.runTest(SuiteRunner.java:455)
	at org.testng.SuiteRunner.runSequentially(SuiteRunner.java:450)
	at org.testng.SuiteRunner.privateRun(SuiteRunner.java:415)
	at org.testng.SuiteRunner.run(SuiteRunner.java:364)
	at org.testng.SuiteRunnerWorker.runSuite(SuiteRunnerWorker.java:52)
	at org.testng.SuiteRunnerWorker.run(SuiteRunnerWorker.java:84)
	at org.testng.TestNG.runSuitesSequentially(TestNG.java:1208)
	at org.testng.TestNG.runSuitesLocally(TestNG.java:1137)
	at org.testng.TestNG.runSuites(TestNG.java:1049)
	at org.testng.TestNG.run(TestNG.java:1017)
	at org.testng.remote.AbstractRemoteTestNG.run(AbstractRemoteTestNG.java:115)
	at org.testng.remote.RemoteTestNG.initAndRun(RemoteTestNG.java:251)
	at org.testng.remote.RemoteTestNG.main(RemoteTestNG.java:77)

2022-07-01 15:28:07,671 [main] INFO com.utils.ExcelUtility - java.lang.NullPointerException
	at com.utils.ExcelUtility.getCellData(ExcelUtility.java:311)
	at angular.testscripts.prereuisitesangular.PreRequisite_C2CWithdrawal_Revamp.TestDataFeed1(PreRequisite_C2CWithdrawal_Revamp.java:317)
	at sun.reflect.NativeMethodAccessorImpl.invoke0(Native Method)
	at sun.reflect.NativeMethodAccessorImpl.invoke(Unknown Source)
	at sun.reflect.DelegatingMethodAccessorImpl.invoke(Unknown Source)
	at java.lang.reflect.Method.invoke(Unknown Source)
	at org.testng.internal.MethodInvocationHelper.invokeMethod(MethodInvocationHelper.java:124)
	at org.testng.internal.MethodInvocationHelper.invokeMethod(MethodInvocationHelper.java:74)
	at org.testng.internal.MethodInvocationHelper.invokeMethodNoCheckedException(MethodInvocationHelper.java:45)
	at org.testng.internal.MethodInvocationHelper.invokeDataProvider(MethodInvocationHelper.java:131)
	at org.testng.internal.Parameters.handleParameters(Parameters.java:706)
	at org.testng.internal.ParameterHandler.handleParameters(ParameterHandler.java:49)
	at org.testng.internal.ParameterHandler.createParameters(ParameterHandler.java:37)
	at org.testng.internal.Invoker.invokeTestMethods(Invoker.java:923)
	at org.testng.internal.TestMethodWorker.invokeTestMethods(TestMethodWorker.java:125)
	at org.testng.internal.TestMethodWorker.run(TestMethodWorker.java:109)
	at org.testng.TestRunner.privateRun(TestRunner.java:648)
	at org.testng.TestRunner.run(TestRunner.java:505)
	at org.testng.SuiteRunner.runTest(SuiteRunner.java:455)
	at org.testng.SuiteRunner.runSequentially(SuiteRunner.java:450)
	at org.testng.SuiteRunner.privateRun(SuiteRunner.java:415)
	at org.testng.SuiteRunner.run(SuiteRunner.java:364)
	at org.testng.SuiteRunnerWorker.runSuite(SuiteRunnerWorker.java:52)
	at org.testng.SuiteRunnerWorker.run(SuiteRunnerWorker.java:84)
	at org.testng.TestNG.runSuitesSequentially(TestNG.java:1208)
	at org.testng.TestNG.runSuitesLocally(TestNG.java:1137)
	at org.testng.TestNG.runSuites(TestNG.java:1049)
	at org.testng.TestNG.run(TestNG.java:1017)
	at org.testng.remote.AbstractRemoteTestNG.run(AbstractRemoteTestNG.java:115)
	at org.testng.remote.RemoteTestNG.initAndRun(RemoteTestNG.java:251)
	at org.testng.remote.RemoteTestNG.main(RemoteTestNG.java:77)

2022-07-01 15:28:08,649 [main] INFO com.dbrepository.OracleRepository - Entered getSystemPreference(TRF_RULE_USER_LEVEL_ALLOW)
2022-07-01 15:28:08,685 [main] INFO com.dbrepository.DBConnectionPool - Active Size:0 Cache Size:10
2022-07-01 15:28:08,687 [main] INFO com.dbrepository.OracleRepository - getSystemPreference() :: select query: select DEFAULT_VALUE from system_preferences where PREFERENCE_CODE = ?
2022-07-01 15:28:08,763 [main] INFO com.dbrepository.OracleRepository - Database Returns: DEFAULT_VALUE (true)
2022-07-01 15:28:08,765 [main] INFO com.dbrepository.OracleRepository - Exiting getSystemPreference()
2022-07-01 15:28:08,785 [main] INFO angular.testscripts.prereuisitesangular.PreRequisite_C2CWithdrawal_Revamp - ------------------ Test Case Execution Started For A_01_Test_C2CWithdrawlMobileBuyerType -------------------
2022-07-01 15:28:08,785 [main] INFO angular.testscripts.prereuisitesangular.PreRequisite_C2CWithdrawal_Revamp - Entered A_01_Test_C2CWithdrawlMobileBuyerType(Super Distributor, Dealer, 9081573214, 2468, Distributor, Super Distributor, SA, 2)
2022-07-01 15:28:08,817 [main] INFO com.dbrepository.OracleRepository - Entered getPreference(SE, NG, MAX_APPROVAL_LEVEL_C2C_TRANSFER)
2022-07-01 15:28:08,827 [main] INFO com.dbrepository.DBConnectionPool - Active Size:0 Cache Size:10
2022-07-01 15:28:08,905 [main] INFO com.dbrepository.OracleRepository - Service Class Preference Not Found
2022-07-01 15:28:08,908 [main] INFO com.dbrepository.OracleRepository - Trying to get Preference value from Control Preferences
2022-07-01 15:28:08,985 [main] INFO com.dbrepository.OracleRepository - Query Repository Returns: DEFAULT_VALUE (3)
2022-07-01 15:28:09,032 [main] INFO com.utils.CommonUtils - Category Code for Super Distributor: DIST
2022-07-01 15:28:09,064 [main] INFO com.dbrepository.OracleRepository - Entered webInterface(Super Distributor)
2022-07-01 15:28:09,066 [main] INFO com.dbrepository.DBConnectionPool - Active Size:0 Cache Size:10
2022-07-01 15:28:09,068 [main] INFO com.dbrepository.OracleRepository - webInterface() :: select query: Select WEB_INTERFACE_ALLOWED from categories where category_name= ?
2022-07-01 15:28:09,149 [main] INFO com.dbrepository.OracleRepository - Database Returns: WEB_INTERFACE_ALLOWED (Y)
2022-07-01 15:28:09,150 [main] INFO com.dbrepository.OracleRepository - Exited webInterface()
2022-07-01 15:28:09,210 [main] INFO angular.feature.C2CTransferRevamp - Entered performC2CTransferMobileBuyerType(Super Distributor, Dealer, 9081573214, 2468)
2022-07-01 15:28:09,254 [main] INFO angular.classes.LoginRevamp - Login ID Found as: suser
2022-07-01 15:28:09,256 [main] INFO angular.classes.LoginRevamp - Password Found as: Com@2469
2022-07-01 15:28:09,257 [main] INFO angular.feature.C2CTransferRevamp - LOGINID : suser
2022-07-01 15:28:09,279 [main] INFO angular.classes.LoginRevamp - LoginID found as: suser
2022-07-01 15:28:09,281 [main] INFO angular.classes.LoginRevamp - Password found as: Com@2469
2022-07-01 15:28:09,283 [main] INFO angular.classes.LoginRevamp - Username found as:  suser
2022-07-01 15:28:10,430 [main] INFO angular.pageobjects.loginpages.LoginPageRevamp - Trying to select Language
2022-07-01 15:28:20,687 [main] INFO angular.pageobjects.loginpages.LoginPageRevamp - <b>Language Selector Not Found:</b>
2022-07-01 15:28:20,698 [main] INFO angular.pageobjects.loginpages.LoginPageRevamp - Trying to enter Login ID
2022-07-01 15:28:20,841 [main] INFO angular.pageobjects.loginpages.LoginPageRevamp - Login ID entered successfully as: suser
2022-07-01 15:28:20,843 [main] INFO angular.pageobjects.loginpages.LoginPageRevamp - Trying to enter Password
2022-07-01 15:28:20,991 [main] INFO angular.pageobjects.loginpages.LoginPageRevamp - Password entered successfully as: Com@2469
2022-07-01 15:28:20,993 [main] INFO angular.pageobjects.loginpages.LoginPageRevamp - Trying to click Login Button
2022-07-01 15:28:21,074 [main] INFO angular.pageobjects.loginpages.LoginPageRevamp - Login button clicked successfully
2022-07-01 15:28:21,117 [main] INFO angular.pageobjects.loginpages.LoginPageRevamp - Error Message Found on Login Screen: 
2022-07-01 15:28:31,256 [main] INFO angular.pageobjects.c2ctransfer.C2CTransfers - Trying clicking on C2C Heading
2022-07-01 15:28:31,388 [main] INFO angular.pageobjects.c2ctransfer.C2CTransfers - User clicked C2C Heading Link.
2022-07-01 15:28:31,403 [main] INFO angular.pageobjects.c2ctransfer.C2CTransfers - Trying clicking on C2C Transaction Heading
2022-07-01 15:28:31,603 [main] INFO angular.pageobjects.c2ctransfer.C2CTransfers - User clicked C2C Transaction Heading Link.
2022-07-01 15:28:31,605 [main] INFO angular.feature.C2CTransferRevamp - C2C Heading and Transaction Heading is clicked
2022-07-01 15:28:31,606 [main] INFO angular.pageobjects.c2ctransfer.C2CTransfers - Trying clicking on C2C Single Operation Heading
2022-07-01 15:28:32,779 [main] INFO angular.pageobjects.c2ctransfer.C2CTransfers - User clicked C2C Single Operation Heading.
2022-07-01 15:28:32,782 [main] INFO angular.pageobjects.c2ctransfer.C2CTransfers - Trying clicking on C2C Transfer Heading
2022-07-01 15:28:32,876 [main] INFO angular.pageobjects.c2ctransfer.C2CTransfers - User clicked C2C Transfer Heading.
2022-07-01 15:28:32,878 [main] INFO angular.pageobjects.c2ctransfer.C2CTransfers - Trying clicking on Etopup
2022-07-01 15:28:32,977 [main] INFO angular.pageobjects.c2ctransfer.C2CTransfers - Clicked Etopup.
2022-07-01 15:28:32,979 [main] INFO angular.pageobjects.c2ctransfer.C2CTransfers - Trying to select C2C Buyer Type
2022-07-01 15:28:33,174 [main] INFO angular.pageobjects.c2ctransfer.C2CTransfers - C2C Buyer Type selected : //ng-select[@id='searchBy']//ng-dropdown-panel[contains(@class,'ng-star-inserted')]//span[text()='Mobile Number']
2022-07-01 15:28:33,176 [main] INFO angular.pageobjects.c2ctransfer.C2CTransfers - Entering C2C MSISDN
2022-07-01 15:28:33,302 [main] INFO angular.pageobjects.c2ctransfer.C2CTransfers - Entered C2C MSISDN : 9081573214
2022-07-01 15:28:43,318 [main] INFO angular.pageobjects.c2ctransfer.C2CTransfers - Trying clicking on PROCEED button on C2C
2022-07-01 15:28:45,430 [main] INFO angular.pageobjects.c2ctransfer.C2CTransfers - Clicked PROCEED button on C2C.
2022-07-01 15:28:45,442 [main] INFO angular.pageobjects.c2ctransfer.C2CTransfers - Trying to initiate C2C Topups
2022-07-01 15:28:45,611 [main] INFO angular.pageobjects.c2ctransfer.C2CTransfers - rowCount of c2c topups available on screen : 2
2022-07-01 15:28:45,612 [main] INFO angular.pageobjects.c2ctransfer.C2CTransfers - sheetProductCode : eTopUP
2022-07-01 15:28:45,614 [main] INFO angular.pageobjects.c2ctransfer.C2CTransfers - sheetProductCode : PeTopUP
2022-07-01 15:28:45,687 [main] INFO angular.pageobjects.c2ctransfer.C2CTransfers - quantity : 2
2022-07-01 15:28:45,689 [main] INFO angular.pageobjects.c2ctransfer.C2CTransfers - String.valueOf(quantity) SEND KEYS : 2
2022-07-01 15:28:45,911 [main] INFO angular.pageobjects.c2ctransfer.C2CTransfers - rowCount of c2c topups available on screen : 2
2022-07-01 15:28:45,913 [main] INFO angular.pageobjects.c2ctransfer.C2CTransfers - sheetProductCode : eTopUP
2022-07-01 15:28:45,966 [main] INFO angular.pageobjects.c2ctransfer.C2CTransfers - quantity : 1
2022-07-01 15:28:45,969 [main] INFO angular.pageobjects.c2ctransfer.C2CTransfers - String.valueOf(quantity) SEND KEYS : 1
2022-07-01 15:28:45,971 [main] INFO angular.pageobjects.c2ctransfer.C2CTransfers - sheetProductCode : PeTopUP
2022-07-01 15:28:45,973 [main] INFO angular.pageobjects.c2ctransfer.C2CTransfers - Entered Quantities: 
2022-07-01 15:28:46,078 [main] INFO angular.pageobjects.c2ctransfer.C2CTransfers - Entered Reference Number
2022-07-01 15:28:46,261 [main] INFO angular.pageobjects.c2ctransfer.C2CTransfers - User entered Remarks
2022-07-01 15:28:46,263 [main] INFO angular.pageobjects.c2ctransfer.C2CTransfers - Trying to select Payment mode : Cash
2022-07-01 15:28:49,507 [main] INFO angular.pageobjects.c2ctransfer.C2CTransfers - Selected Payment Mode : Cash
2022-07-01 15:28:49,522 [main] INFO angular.pageobjects.c2ctransfer.C2CTransfers - Trying to select Payment Instrument Number
2022-07-01 15:28:49,629 [main] INFO angular.pageobjects.c2ctransfer.C2CTransfers - User entered PaymentInstNum: 124231
2022-07-01 15:28:49,631 [main] INFO angular.feature.C2CTransferRevamp - Trying to select Date
2022-07-01 15:28:49,633 [main] INFO angular.pageobjects.c2ctransfer.C2CTransfers - Trying to enter Payment Instrument Date
2022-07-01 15:28:49,846 [main] INFO angular.pageobjects.c2ctransfer.C2CTransfers - User entered PaymentInstDate: 01/07/22
2022-07-01 15:28:49,848 [main] INFO angular.pageobjects.c2ctransfer.C2CTransfers - Trying clicking on C2C TRANSFER button
2022-07-01 15:28:49,969 [main] INFO angular.pageobjects.c2ctransfer.C2CTransfers - Clicked C2C Transfer Button
2022-07-01 15:28:51,081 [main] INFO angular.pageobjects.c2ctransfer.C2CTransfers - PIN PopUP is visible.
2022-07-01 15:28:51,082 [main] INFO angular.pageobjects.c2ctransfer.C2CTransfers - Trying to Enter Channel User PIN for C2C
2022-07-01 15:28:51,176 [main] INFO angular.pageobjects.c2ctransfer.C2CTransfers - User entered PIN: 2468
2022-07-01 15:28:51,178 [main] INFO angular.pageobjects.c2ctransfer.C2CTransfers - Trying clicking on C2C TRANSFER button
2022-07-01 15:28:51,293 [main] INFO angular.pageobjects.c2ctransfer.C2CTransfers - Clicked C2C Transfer Button
2022-07-01 15:28:52,409 [main] INFO angular.pageobjects.c2ctransfer.C2CTransfers - PIN PopUP is visible.
2022-07-01 15:28:52,410 [main] INFO angular.pageobjects.c2ctransfer.C2CTransfers - Fetching C2C Transfer Request Initiated Message
2022-07-01 15:28:52,465 [main] INFO angular.pageobjects.c2ctransfer.C2CTransfers - C2C Transfer Request Initiated Message : Transfer Request Initiated
2022-07-01 15:28:52,466 [main] INFO angular.pageobjects.c2ctransfer.C2CTransfers - Trying to get C2C Topups Done
2022-07-01 15:28:52,580 [main] INFO angular.pageobjects.c2ctransfer.C2CTransfers - C2C [[ChromeDriver: chrome on WINDOWS (f186c68eb27236e8b2c767176241c1aa)] -> xpath: (//label[@class='labelposPrd'])[1]] : [[ChromeDriver: chrome on WINDOWS (f186c68eb27236e8b2c767176241c1aa)] -> xpath: (//label[@class='labelposPrd'])[1]/following-sibling::label]
2022-07-01 15:28:52,612 [main] INFO angular.pageobjects.c2ctransfer.C2CTransfers - C2C [[ChromeDriver: chrome on WINDOWS (f186c68eb27236e8b2c767176241c1aa)] -> xpath: (//label[@class='labelposPrd'])[2]] : [[ChromeDriver: chrome on WINDOWS (f186c68eb27236e8b2c767176241c1aa)] -> xpath: (//label[@class='labelposPrd'])[2]/following-sibling::label]
2022-07-01 15:28:52,614 [main] INFO angular.pageobjects.c2ctransfer.C2CTransfers -  C2C TOPUPS Done and Info Printed Above
2022-07-01 15:28:52,615 [main] INFO angular.pageobjects.c2ctransfer.C2CTransfers - Fetching C2C Transfer Transaction ID
2022-07-01 15:28:52,670 [main] INFO angular.pageobjects.c2ctransfer.C2CTransfers - C2C Transfer Transaction ID : CT220701.1520.100001
2022-07-01 15:29:13,704 [main] ERROR com.sshmanager.SSHService - Error while getting SSH Server Instance : com.jcraft.jsch.JSchException: java.net.ConnectException: Connection timed out: connect
2022-07-01 15:29:13,714 [main] INFO angular.pageobjects.c2ctransfer.C2CTransfers - Trying to Click DONE button after C2C Transfer initiated
2022-07-01 15:29:13,808 [main] INFO angular.pageobjects.c2ctransfer.C2CTransfers - Clicked Done for Initiated C2C
2022-07-01 15:29:13,809 [main] INFO angular.feature.C2CTransferRevamp - Exiting performC2CTransferMobileBuyerType
2022-07-01 15:29:13,812 [main] INFO angular.feature.C2CTransferRevamp - Entered performC2CTransferMobileBuyerType(Super Distributor, Dealer, 9081573214, 2468)
2022-07-01 15:29:13,854 [main] INFO angular.classes.LoginRevamp - Login ID Found as: suser
2022-07-01 15:29:13,855 [main] INFO angular.classes.LoginRevamp - Password Found as: Com@2469
2022-07-01 15:29:13,857 [main] INFO angular.feature.C2CTransferRevamp - LOGINID : suser
2022-07-01 15:29:13,879 [main] INFO angular.classes.LoginRevamp - LoginID found as: suser
2022-07-01 15:29:13,881 [main] INFO angular.classes.LoginRevamp - Password found as: Com@2469
2022-07-01 15:29:13,883 [main] INFO angular.classes.LoginRevamp - Username found as:  suser
2022-07-01 15:29:14,097 [main] INFO angular.pageobjects.loginpages.LoginPageRevamp - Trying to select Language
2022-07-01 15:29:24,416 [main] INFO angular.pageobjects.loginpages.LoginPageRevamp - <b>Language Selector Not Found:</b>
2022-07-01 15:29:24,427 [main] INFO angular.pageobjects.loginpages.LoginPageRevamp - Trying to enter Login ID
2022-07-01 15:29:24,578 [main] INFO angular.pageobjects.loginpages.LoginPageRevamp - Login ID entered successfully as: suser
2022-07-01 15:29:24,579 [main] INFO angular.pageobjects.loginpages.LoginPageRevamp - Trying to enter Password
2022-07-01 15:29:24,712 [main] INFO angular.pageobjects.loginpages.LoginPageRevamp - Password entered successfully as: Com@2469
2022-07-01 15:29:24,713 [main] INFO angular.pageobjects.loginpages.LoginPageRevamp - Trying to click Login Button
2022-07-01 15:29:24,800 [main] INFO angular.pageobjects.loginpages.LoginPageRevamp - Login button clicked successfully
2022-07-01 15:29:24,850 [main] INFO angular.pageobjects.loginpages.LoginPageRevamp - Error Message Found on Login Screen: 
2022-07-01 15:29:34,532 [main] INFO angular.pageobjects.c2capproval.C2CApproval - Trying clicking on C2C Heading
2022-07-01 15:29:34,628 [main] INFO angular.pageobjects.c2capproval.C2CApproval - User clicked C2C Heading Link.
2022-07-01 15:29:34,643 [main] INFO angular.pageobjects.c2capproval.C2CApproval - Trying clicking on C2C Approval Level 1 Heading
2022-07-01 15:29:34,803 [main] INFO angular.pageobjects.c2capproval.C2CApproval - User clicked C2C Approval Level 1 Heading Link.
2022-07-01 15:29:34,804 [main] INFO angular.feature.C2CTransferRevamp - C2C Heading and Transaction Heading is clicked
2022-07-01 15:29:34,806 [main] INFO angular.pageobjects.c2capproval.C2CApproval - Waiting for spinner
2022-07-01 15:29:35,375 [main] INFO angular.pageobjects.c2capproval.C2CApproval - Waiting for spinner to stop
2022-07-01 15:29:37,017 [main] INFO angular.pageobjects.c2capproval.C2CApproval - Spinner stopped
2022-07-01 15:29:37,018 [main] INFO angular.pageobjects.c2capproval.C2CApproval - Trying clicking on C2C Single Operation Heading
2022-07-01 15:29:37,089 [main] INFO angular.pageobjects.c2capproval.C2CApproval - User clicked C2C Single Operation Heading.
2022-07-01 15:29:37,090 [main] INFO angular.pageobjects.c2capproval.C2CApproval - Trying clicking on etopUp Heading
2022-07-01 15:29:37,168 [main] INFO angular.pageobjects.c2capproval.C2CApproval - User clicked eTopup Heading Link.
2022-07-01 15:29:37,170 [main] INFO angular.pageobjects.c2capproval.C2CApproval - Trying to enter the TransactionId
2022-07-01 15:29:37,546 [main] INFO angular.pageobjects.c2capproval.C2CApproval - Entered the TransactionId
2022-07-01 15:29:37,548 [main] INFO angular.pageobjects.c2capproval.C2CApproval - Trying to Click the approve button
2022-07-01 15:29:37,702 [main] INFO angular.pageobjects.c2capproval.C2CApproval - User clicked Approve Button	.
2022-07-01 15:29:37,704 [main] INFO angular.pageobjects.c2capproval.C2CApproval - Trying to enter the remarks
2022-07-01 15:29:37,865 [main] INFO angular.pageobjects.c2capproval.C2CApproval - Entered the TransactionId
2022-07-01 15:29:39,900 [main] INFO angular.pageobjects.c2capproval.C2CApproval - Trying to Click the approve button
2022-07-01 15:29:39,983 [main] INFO angular.pageobjects.c2capproval.C2CApproval - User clicked Approve Button	.
2022-07-01 15:29:40,989 [main] INFO angular.pageobjects.c2capproval.C2CApproval - Trying to Click the yes button
2022-07-01 15:29:41,070 [main] INFO angular.pageobjects.c2capproval.C2CApproval - User clicked Yes Button.
2022-07-01 15:29:42,170 [main] INFO angular.pageobjects.c2capproval.C2CApproval - PopUP is visible.
2022-07-01 15:29:42,172 [main] INFO angular.pageobjects.c2capproval.C2CApproval - Trying to get the Success Msg
2022-07-01 15:29:42,213 [main] INFO angular.pageobjects.c2capproval.C2CApproval - Successfully Retrieved Success Msg
2022-07-01 15:29:42,216 [main] INFO com.utils.Assertion - <pre><b>Expected: </b>Transaction Approved<br><b>Found: </b>Transaction Approved</pre>
2022-07-01 15:29:42,351 [main] INFO angular.pageobjects.c2capproval.C2CApproval - Trying to get the TxndID
2022-07-01 15:29:42,399 [main] INFO angular.pageobjects.c2capproval.C2CApproval - Successfully retrieved TxnId
2022-07-01 15:30:03,440 [main] ERROR com.sshmanager.SSHService - Error while getting SSH Server Instance : com.jcraft.jsch.JSchException: java.net.ConnectException: Connection timed out: connect
2022-07-01 15:30:03,452 [main] INFO angular.pageobjects.c2capproval.C2CApproval - Trying to click Done Button
2022-07-01 15:30:03,541 [main] INFO angular.pageobjects.c2capproval.C2CApproval - Done Button successfully clicked
2022-07-01 15:30:03,543 [main] INFO angular.feature.C2CTransferRevamp - Entered performC2CTransferMobileBuyerType(Super Distributor, Dealer, 9081573214, 2468)
2022-07-01 15:30:03,604 [main] INFO angular.classes.LoginRevamp - Login ID Found as: suser
2022-07-01 15:30:03,607 [main] INFO angular.classes.LoginRevamp - Password Found as: Com@2469
2022-07-01 15:30:03,609 [main] INFO angular.feature.C2CTransferRevamp - LOGINID : suser
2022-07-01 15:30:03,644 [main] INFO angular.classes.LoginRevamp - LoginID found as: suser
2022-07-01 15:30:03,644 [main] INFO angular.classes.LoginRevamp - Password found as: Com@2469
2022-07-01 15:30:03,649 [main] INFO angular.classes.LoginRevamp - Username found as:  suser
2022-07-01 15:30:04,112 [main] INFO angular.pageobjects.loginpages.LoginPageRevamp - Trying to select Language
2022-07-01 15:30:14,487 [main] INFO angular.pageobjects.loginpages.LoginPageRevamp - <b>Language Selector Not Found:</b>
2022-07-01 15:30:14,499 [main] INFO angular.pageobjects.loginpages.LoginPageRevamp - Trying to enter Login ID
2022-07-01 15:30:14,640 [main] INFO angular.pageobjects.loginpages.LoginPageRevamp - Login ID entered successfully as: suser
2022-07-01 15:30:14,642 [main] INFO angular.pageobjects.loginpages.LoginPageRevamp - Trying to enter Password
2022-07-01 15:30:14,779 [main] INFO angular.pageobjects.loginpages.LoginPageRevamp - Password entered successfully as: Com@2469
2022-07-01 15:30:14,780 [main] INFO angular.pageobjects.loginpages.LoginPageRevamp - Trying to click Login Button
2022-07-01 15:30:14,864 [main] INFO angular.pageobjects.loginpages.LoginPageRevamp - Login button clicked successfully
2022-07-01 15:30:14,919 [main] INFO angular.pageobjects.loginpages.LoginPageRevamp - Error Message Found on Login Screen: 
2022-07-01 15:30:24,097 [main] INFO angular.pageobjects.c2capproval.C2CApproval - Trying clicking on C2C Heading
2022-07-01 15:30:24,171 [main] INFO angular.pageobjects.c2capproval.C2CApproval - User clicked C2C Heading Link.
2022-07-01 15:30:24,173 [main] INFO angular.pageobjects.c2capproval.C2CApproval - Trying clicking on C2C Approval Level 2 Heading
2022-07-01 15:30:24,346 [main] INFO angular.pageobjects.c2capproval.C2CApproval - User clicked C2C Approval Level 2 Heading Link.
2022-07-01 15:30:24,348 [main] INFO angular.feature.C2CTransferRevamp - C2C Heading and Transaction Heading is clicked
2022-07-01 15:30:24,349 [main] INFO angular.pageobjects.c2capproval.C2CApproval - Waiting for spinner
2022-07-01 15:30:24,533 [main] INFO angular.pageobjects.c2capproval.C2CApproval - Waiting for spinner to stop
2022-07-01 15:30:26,266 [main] INFO angular.pageobjects.c2capproval.C2CApproval - Spinner stopped
2022-07-01 15:30:26,269 [main] INFO angular.pageobjects.c2capproval.C2CApproval - Trying clicking on C2C Single Operation Heading
2022-07-01 15:30:26,342 [main] INFO angular.pageobjects.c2capproval.C2CApproval - User clicked C2C Single Operation Heading.
2022-07-01 15:30:26,344 [main] INFO angular.pageobjects.c2capproval.C2CApproval - Trying clicking on etopUp Heading
2022-07-01 15:30:26,422 [main] INFO angular.pageobjects.c2capproval.C2CApproval - User clicked eTopup Heading Link.
2022-07-01 15:30:26,425 [main] INFO angular.pageobjects.c2capproval.C2CApproval - Trying to enter the TransactionId
2022-07-01 15:30:26,827 [main] INFO angular.pageobjects.c2capproval.C2CApproval - Entered the TransactionId
2022-07-01 15:30:26,829 [main] INFO angular.pageobjects.c2capproval.C2CApproval - Trying to Click the approve button
2022-07-01 15:30:27,031 [main] INFO angular.pageobjects.c2capproval.C2CApproval - User clicked Approve Button	.
2022-07-01 15:30:27,033 [main] INFO angular.pageobjects.c2capproval.C2CApproval - Trying to enter the remarks
2022-07-01 15:30:27,189 [main] INFO angular.pageobjects.c2capproval.C2CApproval - Entered the TransactionId
2022-07-01 15:30:28,193 [main] INFO angular.pageobjects.c2capproval.C2CApproval - Trying to Click the approve button
2022-07-01 15:30:28,278 [main] INFO angular.pageobjects.c2capproval.C2CApproval - User clicked Approve Button	.
2022-07-01 15:30:29,293 [main] INFO angular.pageobjects.c2capproval.C2CApproval - Trying to Click the yes button
2022-07-01 15:30:29,375 [main] INFO angular.pageobjects.c2capproval.C2CApproval - User clicked Yes Button.
2022-07-01 15:30:29,953 [main] INFO angular.pageobjects.c2capproval.C2CApproval - PopUP is visible.
2022-07-01 15:30:29,954 [main] INFO angular.pageobjects.c2capproval.C2CApproval - Trying to get the Success Msg
2022-07-01 15:30:29,995 [main] INFO angular.pageobjects.c2capproval.C2CApproval - Successfully Retrieved Success Msg
2022-07-01 15:30:29,997 [main] INFO com.utils.Assertion - <pre><b>Expected: </b>Transaction Approved<br><b>Found: </b>Transaction Approved</pre>
2022-07-01 15:30:30,156 [main] INFO angular.pageobjects.c2capproval.C2CApproval - Trying to get the TxndID
2022-07-01 15:30:30,200 [main] INFO angular.pageobjects.c2capproval.C2CApproval - Successfully retrieved TxnId
2022-07-01 15:30:51,243 [main] ERROR com.sshmanager.SSHService - Error while getting SSH Server Instance : com.jcraft.jsch.JSchException: java.net.ConnectException: Connection timed out: connect
2022-07-01 15:30:51,255 [main] INFO angular.pageobjects.c2capproval.C2CApproval - Trying to click Done Button
2022-07-01 15:30:51,353 [main] INFO angular.pageobjects.c2capproval.C2CApproval - Done Button successfully clicked
2022-07-01 15:30:51,355 [main] INFO angular.feature.C2CTransferRevamp - Entered performC2CTransferMobileBuyerType(Super Distributor, Dealer, 9081573214, 2468)
2022-07-01 15:30:51,421 [main] INFO angular.classes.LoginRevamp - Login ID Found as: suser
2022-07-01 15:30:51,422 [main] INFO angular.classes.LoginRevamp - Password Found as: Com@2469
2022-07-01 15:30:51,424 [main] INFO angular.feature.C2CTransferRevamp - LOGINID : suser
2022-07-01 15:30:51,457 [main] INFO angular.classes.LoginRevamp - LoginID found as: suser
2022-07-01 15:30:51,458 [main] INFO angular.classes.LoginRevamp - Password found as: Com@2469
2022-07-01 15:30:51,460 [main] INFO angular.classes.LoginRevamp - Username found as:  suser
2022-07-01 15:30:51,700 [main] INFO angular.pageobjects.loginpages.LoginPageRevamp - Trying to select Language
2022-07-01 15:31:02,164 [main] INFO angular.pageobjects.loginpages.LoginPageRevamp - <b>Language Selector Not Found:</b>
2022-07-01 15:31:02,174 [main] INFO angular.pageobjects.loginpages.LoginPageRevamp - Trying to enter Login ID
2022-07-01 15:31:02,324 [main] INFO angular.pageobjects.loginpages.LoginPageRevamp - Login ID entered successfully as: suser
2022-07-01 15:31:02,326 [main] INFO angular.pageobjects.loginpages.LoginPageRevamp - Trying to enter Password
2022-07-01 15:31:02,461 [main] INFO angular.pageobjects.loginpages.LoginPageRevamp - Password entered successfully as: Com@2469
2022-07-01 15:31:02,462 [main] INFO angular.pageobjects.loginpages.LoginPageRevamp - Trying to click Login Button
2022-07-01 15:31:02,551 [main] INFO angular.pageobjects.loginpages.LoginPageRevamp - Login button clicked successfully
2022-07-01 15:31:02,602 [main] INFO angular.pageobjects.loginpages.LoginPageRevamp - Error Message Found on Login Screen: 
2022-07-01 15:31:12,137 [main] INFO angular.pageobjects.c2capproval.C2CApproval - Trying clicking on C2C Heading
2022-07-01 15:31:12,222 [main] INFO angular.pageobjects.c2capproval.C2CApproval - User clicked C2C Heading Link.
2022-07-01 15:31:12,225 [main] INFO angular.pageobjects.c2capproval.C2CApproval - Trying clicking on C2C Approval Level 3 Heading
2022-07-01 15:31:12,437 [main] INFO angular.pageobjects.c2capproval.C2CApproval - User clicked C2C Approval Level 3 Heading Link.
2022-07-01 15:31:12,440 [main] INFO angular.feature.C2CTransferRevamp - C2C Heading and Transaction Heading is clicked
2022-07-01 15:31:12,443 [main] INFO angular.pageobjects.c2capproval.C2CApproval - Waiting for spinner
2022-07-01 15:31:12,515 [main] INFO angular.pageobjects.c2capproval.C2CApproval - Waiting for spinner to stop
2022-07-01 15:31:14,163 [main] INFO angular.pageobjects.c2capproval.C2CApproval - Spinner stopped
2022-07-01 15:31:14,164 [main] INFO angular.pageobjects.c2capproval.C2CApproval - Trying clicking on C2C Single Operation Heading
2022-07-01 15:31:14,233 [main] INFO angular.pageobjects.c2capproval.C2CApproval - User clicked C2C Single Operation Heading.
2022-07-01 15:31:14,236 [main] INFO angular.pageobjects.c2capproval.C2CApproval - Trying clicking on etopUp Heading
2022-07-01 15:31:14,310 [main] INFO angular.pageobjects.c2capproval.C2CApproval - User clicked eTopup Heading Link.
2022-07-01 15:31:14,312 [main] INFO angular.pageobjects.c2capproval.C2CApproval - Trying to enter the TransactionId
2022-07-01 15:31:14,660 [main] INFO angular.pageobjects.c2capproval.C2CApproval - Entered the TransactionId
2022-07-01 15:31:14,662 [main] INFO angular.pageobjects.c2capproval.C2CApproval - Trying to Click the approve button
2022-07-01 15:31:14,770 [main] INFO angular.pageobjects.c2capproval.C2CApproval - User clicked Approve Button	.
2022-07-01 15:31:14,773 [main] INFO angular.pageobjects.c2capproval.C2CApproval - Trying to enter the remarks
2022-07-01 15:31:14,931 [main] INFO angular.pageobjects.c2capproval.C2CApproval - Entered the TransactionId
2022-07-01 15:31:15,943 [main] INFO angular.pageobjects.c2capproval.C2CApproval - Trying to Click the approve button
2022-07-01 15:31:16,034 [main] INFO angular.pageobjects.c2capproval.C2CApproval - User clicked Approve Button	.
2022-07-01 15:31:17,040 [main] INFO angular.pageobjects.c2capproval.C2CApproval - Trying to Click the yes button
2022-07-01 15:31:17,125 [main] INFO angular.pageobjects.c2capproval.C2CApproval - User clicked Yes Button.
2022-07-01 15:31:18,244 [main] INFO angular.pageobjects.c2capproval.C2CApproval - PopUP is visible.
2022-07-01 15:31:18,246 [main] INFO angular.pageobjects.c2capproval.C2CApproval - Trying to get the Success Msg
2022-07-01 15:31:18,288 [main] INFO angular.pageobjects.c2capproval.C2CApproval - Successfully Retrieved Success Msg
2022-07-01 15:31:18,290 [main] INFO com.utils.Assertion - <pre><b>Expected: </b>Transaction Approved<br><b>Found: </b>Transaction Approved</pre>
2022-07-01 15:31:18,441 [main] INFO angular.pageobjects.c2capproval.C2CApproval - Trying to get the TxndID
2022-07-01 15:31:18,485 [main] INFO angular.pageobjects.c2capproval.C2CApproval - Successfully retrieved TxnId
2022-07-01 15:31:39,520 [main] ERROR com.sshmanager.SSHService - Error while getting SSH Server Instance : com.jcraft.jsch.JSchException: java.net.ConnectException: Connection timed out: connect
2022-07-01 15:31:39,533 [main] INFO angular.pageobjects.c2capproval.C2CApproval - Trying to click Done Button
2022-07-01 15:31:39,653 [main] INFO angular.pageobjects.c2capproval.C2CApproval - Done Button successfully clicked
2022-07-01 15:31:39,664 [main] INFO angular.feature.C2CTransferRevamp - Entered performC2CWithdrawalMobileBuyerType(Super Distributor, Dealer, 9081573214, 2468)
2022-07-01 15:31:39,754 [main] INFO angular.classes.LoginRevamp - Login ID Found as: suser
2022-07-01 15:31:39,756 [main] INFO angular.classes.LoginRevamp - Password Found as: Com@2469
2022-07-01 15:31:39,760 [main] INFO angular.feature.C2CTransferRevamp - LOGINID : suser
2022-07-01 15:31:39,793 [main] INFO angular.classes.LoginRevamp - LoginID found as: suser
2022-07-01 15:31:39,797 [main] INFO angular.classes.LoginRevamp - Password found as: Com@2469
2022-07-01 15:31:39,799 [main] INFO angular.classes.LoginRevamp - Username found as:  suser
2022-07-01 15:31:40,080 [main] INFO angular.pageobjects.loginpages.LoginPageRevamp - Trying to select Language
2022-07-01 15:31:50,423 [main] INFO angular.pageobjects.loginpages.LoginPageRevamp - <b>Language Selector Not Found:</b>
2022-07-01 15:31:50,435 [main] INFO angular.pageobjects.loginpages.LoginPageRevamp - Trying to enter Login ID
2022-07-01 15:31:50,591 [main] INFO angular.pageobjects.loginpages.LoginPageRevamp - Login ID entered successfully as: suser
2022-07-01 15:31:50,592 [main] INFO angular.pageobjects.loginpages.LoginPageRevamp - Trying to enter Password
2022-07-01 15:31:50,755 [main] INFO angular.pageobjects.loginpages.LoginPageRevamp - Password entered successfully as: Com@2469
2022-07-01 15:31:50,757 [main] INFO angular.pageobjects.loginpages.LoginPageRevamp - Trying to click Login Button
2022-07-01 15:31:50,843 [main] INFO angular.pageobjects.loginpages.LoginPageRevamp - Login button clicked successfully
2022-07-01 15:31:50,893 [main] INFO angular.pageobjects.loginpages.LoginPageRevamp - Error Message Found on Login Screen: 
2022-07-01 15:32:00,059 [main] INFO angular.pageobjects.c2ctransfer.C2CTransfers - Trying clicking on C2C Heading
2022-07-01 15:32:00,163 [main] INFO angular.pageobjects.c2ctransfer.C2CTransfers - User clicked C2C Heading Link.
2022-07-01 15:32:00,165 [main] INFO angular.pageobjects.c2ctransfer.C2CTransfers - Trying clicking on C2C Transaction Heading
2022-07-01 15:32:00,313 [main] INFO angular.pageobjects.c2ctransfer.C2CTransfers - User clicked C2C Transaction Heading Link.
2022-07-01 15:32:00,314 [main] INFO angular.feature.C2CTransferRevamp - C2C Heading and Transaction Heading is clicked
2022-07-01 15:32:00,315 [main] INFO angular.pageobjects.c2ctransfer.C2CTransfers - Trying clicking on C2C Withdrawal Heading
2022-07-01 15:32:00,418 [main] INFO angular.pageobjects.c2ctransfer.C2CTransfers - User clicked C2C Withdrawal Heading.
2022-07-01 15:32:00,422 [main] INFO angular.pageobjects.c2ctransfer.C2CTransfers - Trying to select C2C Buyer Type
2022-07-01 15:32:00,612 [main] INFO angular.pageobjects.c2ctransfer.C2CTransfers - C2C Buyer Type selected : //ng-select[@id='searchBy']//ng-dropdown-panel[contains(@class,'ng-star-inserted')]//span[text()='Mobile Number']
2022-07-01 15:32:00,613 [main] INFO angular.pageobjects.c2ctransfer.C2CTransfers - Entering C2C MSISDN
2022-07-01 15:32:00,746 [main] INFO angular.pageobjects.c2ctransfer.C2CTransfers - Entered C2C MSISDN : 9081573214
2022-07-01 15:32:10,762 [main] INFO angular.pageobjects.c2ctransfer.C2CTransfers - Trying clicking on PROCEED button on C2C
2022-07-01 15:32:12,861 [main] INFO angular.pageobjects.c2ctransfer.C2CTransfers - Clicked PROCEED button on C2C.
2022-07-01 15:32:12,872 [main] INFO angular.pageobjects.c2ctransfer.C2CTransfers - Trying to initiate C2C Topups
2022-07-01 15:32:32,936 [main] INFO com.classes.BaseTest - org.openqa.selenium.TimeoutException: Expected condition failed: waiting for visibility of element located by By.xpath: //label[@class='denoTableHeader'] (tried for 20 second(s) with 500 milliseconds interval)
2022-07-01 15:32:53,974 [main] ERROR com.sshmanager.SSHService - Error while getting SSH Server Instance : com.jcraft.jsch.JSchException: java.net.ConnectException: Connection timed out: connect
2022-07-01 15:32:54,531 [main] INFO angular.testscripts.prereuisitesangular.PreRequisite_C2CWithdrawal_Revamp - ------------------ Test Case Execution Started For A_01_Test_C2CWithdrawlMobileBuyerType -------------------
2022-07-01 15:32:54,531 [main] INFO angular.testscripts.prereuisitesangular.PreRequisite_C2CWithdrawal_Revamp - Entered A_01_Test_C2CWithdrawlMobileBuyerType(Super Distributor, Agent, 7802617823, 2468, Distributor, Super Distributor, SA, 3)
2022-07-01 15:32:54,533 [main] INFO com.dbrepository.OracleRepository - Entered getPreference(AG, NG, MAX_APPROVAL_LEVEL_C2C_TRANSFER)
2022-07-01 15:32:54,535 [main] INFO com.dbrepository.DBConnectionPool - Active Size:0 Cache Size:10
2022-07-01 15:32:54,617 [main] INFO com.dbrepository.OracleRepository - Service Class Preference Not Found
2022-07-01 15:32:54,618 [main] INFO com.dbrepository.OracleRepository - Trying to get Preference value from Control Preferences
2022-07-01 15:32:54,708 [main] INFO com.dbrepository.OracleRepository - Query Repository Returns: DEFAULT_VALUE (0)
2022-07-01 15:32:54,763 [main] INFO com.utils.CommonUtils - Category Code for Super Distributor: DIST
2022-07-01 15:32:54,797 [main] INFO com.dbrepository.OracleRepository - Entered webInterface(Super Distributor)
2022-07-01 15:32:54,799 [main] INFO com.dbrepository.DBConnectionPool - Active Size:0 Cache Size:10
2022-07-01 15:32:54,801 [main] INFO com.dbrepository.OracleRepository - webInterface() :: select query: Select WEB_INTERFACE_ALLOWED from categories where category_name= ?
2022-07-01 15:32:54,882 [main] INFO com.dbrepository.OracleRepository - Database Returns: WEB_INTERFACE_ALLOWED (Y)
2022-07-01 15:32:54,884 [main] INFO com.dbrepository.OracleRepository - Exited webInterface()
2022-07-01 15:32:54,886 [main] INFO angular.feature.C2CTransferRevamp - Entered performC2CTransferMobileBuyerType(Super Distributor, Agent, 7802617823, 2468)
2022-07-01 15:32:54,933 [main] INFO angular.classes.LoginRevamp - Login ID Found as: suser
2022-07-01 15:32:54,934 [main] INFO angular.classes.LoginRevamp - Password Found as: Com@2469
2022-07-01 15:32:54,936 [main] INFO angular.feature.C2CTransferRevamp - LOGINID : suser
2022-07-01 15:32:54,965 [main] INFO angular.classes.LoginRevamp - LoginID found as: suser
2022-07-01 15:32:54,967 [main] INFO angular.classes.LoginRevamp - Password found as: Com@2469
2022-07-01 15:32:54,969 [main] INFO angular.classes.LoginRevamp - Username found as:  suser
2022-07-01 15:32:55,403 [main] INFO angular.pageobjects.loginpages.LoginPageRevamp - Trying to select Language
2022-07-01 15:33:05,740 [main] INFO angular.pageobjects.loginpages.LoginPageRevamp - <b>Language Selector Not Found:</b>
2022-07-01 15:33:05,751 [main] INFO angular.pageobjects.loginpages.LoginPageRevamp - Trying to enter Login ID
2022-07-01 15:33:05,904 [main] INFO angular.pageobjects.loginpages.LoginPageRevamp - Login ID entered successfully as: suser
2022-07-01 15:33:05,906 [main] INFO angular.pageobjects.loginpages.LoginPageRevamp - Trying to enter Password
2022-07-01 15:33:06,054 [main] INFO angular.pageobjects.loginpages.LoginPageRevamp - Password entered successfully as: Com@2469
2022-07-01 15:33:06,056 [main] INFO angular.pageobjects.loginpages.LoginPageRevamp - Trying to click Login Button
2022-07-01 15:33:06,142 [main] INFO angular.pageobjects.loginpages.LoginPageRevamp - Login button clicked successfully
2022-07-01 15:33:06,193 [main] INFO angular.pageobjects.loginpages.LoginPageRevamp - Error Message Found on Login Screen: 
2022-07-01 15:33:14,763 [main] INFO angular.pageobjects.c2ctransfer.C2CTransfers - Trying clicking on C2C Heading
2022-07-01 15:33:14,840 [main] INFO angular.pageobjects.c2ctransfer.C2CTransfers - User clicked C2C Heading Link.
2022-07-01 15:33:14,844 [main] INFO angular.pageobjects.c2ctransfer.C2CTransfers - Trying clicking on C2C Transaction Heading
2022-07-01 15:33:15,068 [main] INFO angular.pageobjects.c2ctransfer.C2CTransfers - User clicked C2C Transaction Heading Link.
2022-07-01 15:33:15,073 [main] INFO angular.feature.C2CTransferRevamp - C2C Heading and Transaction Heading is clicked
2022-07-01 15:33:15,076 [main] INFO angular.pageobjects.c2ctransfer.C2CTransfers - Trying clicking on C2C Single Operation Heading
2022-07-01 15:33:15,174 [main] INFO angular.pageobjects.c2ctransfer.C2CTransfers - User clicked C2C Single Operation Heading.
2022-07-01 15:33:15,176 [main] INFO angular.pageobjects.c2ctransfer.C2CTransfers - Trying clicking on C2C Transfer Heading
2022-07-01 15:33:15,263 [main] INFO angular.pageobjects.c2ctransfer.C2CTransfers - User clicked C2C Transfer Heading.
2022-07-01 15:33:15,265 [main] INFO angular.pageobjects.c2ctransfer.C2CTransfers - Trying clicking on Etopup
2022-07-01 15:33:15,364 [main] INFO angular.pageobjects.c2ctransfer.C2CTransfers - Clicked Etopup.
2022-07-01 15:33:15,365 [main] INFO angular.pageobjects.c2ctransfer.C2CTransfers - Trying to select C2C Buyer Type
2022-07-01 15:33:15,566 [main] INFO angular.pageobjects.c2ctransfer.C2CTransfers - C2C Buyer Type selected : //ng-select[@id='searchBy']//ng-dropdown-panel[contains(@class,'ng-star-inserted')]//span[text()='Mobile Number']
2022-07-01 15:33:15,568 [main] INFO angular.pageobjects.c2ctransfer.C2CTransfers - Entering C2C MSISDN
2022-07-01 15:33:15,697 [main] INFO angular.pageobjects.c2ctransfer.C2CTransfers - Entered C2C MSISDN : 7802617823
2022-07-01 15:33:25,710 [main] INFO angular.pageobjects.c2ctransfer.C2CTransfers - Trying clicking on PROCEED button on C2C
2022-07-01 15:33:27,820 [main] INFO angular.pageobjects.c2ctransfer.C2CTransfers - Clicked PROCEED button on C2C.
2022-07-01 15:33:27,833 [main] INFO angular.pageobjects.c2ctransfer.C2CTransfers - Trying to initiate C2C Topups
2022-07-01 15:33:27,984 [main] INFO angular.pageobjects.c2ctransfer.C2CTransfers - rowCount of c2c topups available on screen : 2
2022-07-01 15:33:27,985 [main] INFO angular.pageobjects.c2ctransfer.C2CTransfers - sheetProductCode : eTopUP
2022-07-01 15:33:27,987 [main] INFO angular.pageobjects.c2ctransfer.C2CTransfers - sheetProductCode : PeTopUP
2022-07-01 15:33:28,034 [main] INFO angular.pageobjects.c2ctransfer.C2CTransfers - quantity : 2
2022-07-01 15:33:28,036 [main] INFO angular.pageobjects.c2ctransfer.C2CTransfers - String.valueOf(quantity) SEND KEYS : 2
2022-07-01 15:33:28,137 [main] INFO angular.pageobjects.c2ctransfer.C2CTransfers - rowCount of c2c topups available on screen : 2
2022-07-01 15:33:28,139 [main] INFO angular.pageobjects.c2ctransfer.C2CTransfers - sheetProductCode : eTopUP
2022-07-01 15:33:28,215 [main] INFO angular.pageobjects.c2ctransfer.C2CTransfers - quantity : 1
2022-07-01 15:33:28,217 [main] INFO angular.pageobjects.c2ctransfer.C2CTransfers - String.valueOf(quantity) SEND KEYS : 1
2022-07-01 15:33:28,219 [main] INFO angular.pageobjects.c2ctransfer.C2CTransfers - sheetProductCode : PeTopUP
2022-07-01 15:33:28,220 [main] INFO angular.pageobjects.c2ctransfer.C2CTransfers - Entered Quantities: 
2022-07-01 15:33:28,336 [main] INFO angular.pageobjects.c2ctransfer.C2CTransfers - Entered Reference Number
2022-07-01 15:33:28,509 [main] INFO angular.pageobjects.c2ctransfer.C2CTransfers - User entered Remarks
2022-07-01 15:33:28,511 [main] INFO angular.pageobjects.c2ctransfer.C2CTransfers - Trying to select Payment mode : Cash
2022-07-01 15:33:31,744 [main] INFO angular.pageobjects.c2ctransfer.C2CTransfers - Selected Payment Mode : Cash
2022-07-01 15:33:31,758 [main] INFO angular.pageobjects.c2ctransfer.C2CTransfers - Trying to select Payment Instrument Number
2022-07-01 15:33:31,873 [main] INFO angular.pageobjects.c2ctransfer.C2CTransfers - User entered PaymentInstNum: 124231
2022-07-01 15:33:31,874 [main] INFO angular.feature.C2CTransferRevamp - Trying to select Date
2022-07-01 15:33:31,876 [main] INFO angular.pageobjects.c2ctransfer.C2CTransfers - Trying to enter Payment Instrument Date
2022-07-01 15:33:32,020 [main] INFO angular.pageobjects.c2ctransfer.C2CTransfers - User entered PaymentInstDate: 01/07/22
2022-07-01 15:33:32,023 [main] INFO angular.pageobjects.c2ctransfer.C2CTransfers - Trying clicking on C2C TRANSFER button
2022-07-01 15:33:32,146 [main] INFO angular.pageobjects.c2ctransfer.C2CTransfers - Clicked C2C Transfer Button
2022-07-01 15:33:32,753 [main] INFO angular.pageobjects.c2ctransfer.C2CTransfers - PIN PopUP is visible.
2022-07-01 15:33:32,755 [main] INFO angular.pageobjects.c2ctransfer.C2CTransfers - Trying to Enter Channel User PIN for C2C
2022-07-01 15:33:32,856 [main] INFO angular.pageobjects.c2ctransfer.C2CTransfers - User entered PIN: 2468
2022-07-01 15:33:32,858 [main] INFO angular.pageobjects.c2ctransfer.C2CTransfers - Trying clicking on C2C TRANSFER button
2022-07-01 15:33:32,972 [main] INFO angular.pageobjects.c2ctransfer.C2CTransfers - Clicked C2C Transfer Button
2022-07-01 15:33:34,084 [main] INFO angular.pageobjects.c2ctransfer.C2CTransfers - PIN PopUP is visible.
2022-07-01 15:33:34,086 [main] INFO angular.pageobjects.c2ctransfer.C2CTransfers - Fetching C2C Transfer Request Initiated Message
2022-07-01 15:33:34,141 [main] INFO angular.pageobjects.c2ctransfer.C2CTransfers - C2C Transfer Request Initiated Message : Transfer Request Initiated
2022-07-01 15:33:34,142 [main] INFO angular.pageobjects.c2ctransfer.C2CTransfers - Trying to get C2C Topups Done
2022-07-01 15:33:34,253 [main] INFO angular.pageobjects.c2ctransfer.C2CTransfers - C2C [[ChromeDriver: chrome on WINDOWS (f186c68eb27236e8b2c767176241c1aa)] -> xpath: (//label[@class='labelposPrd'])[1]] : [[ChromeDriver: chrome on WINDOWS (f186c68eb27236e8b2c767176241c1aa)] -> xpath: (//label[@class='labelposPrd'])[1]/following-sibling::label]
2022-07-01 15:33:34,284 [main] INFO angular.pageobjects.c2ctransfer.C2CTransfers - C2C [[ChromeDriver: chrome on WINDOWS (f186c68eb27236e8b2c767176241c1aa)] -> xpath: (//label[@class='labelposPrd'])[2]] : [[ChromeDriver: chrome on WINDOWS (f186c68eb27236e8b2c767176241c1aa)] -> xpath: (//label[@class='labelposPrd'])[2]/following-sibling::label]
2022-07-01 15:33:34,287 [main] INFO angular.pageobjects.c2ctransfer.C2CTransfers -  C2C TOPUPS Done and Info Printed Above
2022-07-01 15:33:34,289 [main] INFO angular.pageobjects.c2ctransfer.C2CTransfers - Fetching C2C Transfer Transaction ID
2022-07-01 15:33:34,358 [main] INFO angular.pageobjects.c2ctransfer.C2CTransfers - C2C Transfer Transaction ID : CT220701.1525.100001
2022-07-01 15:33:55,421 [main] ERROR com.sshmanager.SSHService - Error while getting SSH Server Instance : com.jcraft.jsch.JSchException: java.net.ConnectException: Connection timed out: connect
2022-07-01 15:33:55,433 [main] INFO angular.pageobjects.c2ctransfer.C2CTransfers - Trying to Click DONE button after C2C Transfer initiated
2022-07-01 15:33:55,521 [main] INFO angular.pageobjects.c2ctransfer.C2CTransfers - Clicked Done for Initiated C2C
2022-07-01 15:33:55,523 [main] INFO angular.feature.C2CTransferRevamp - Exiting performC2CTransferMobileBuyerType
2022-07-01 15:33:55,525 [main] INFO angular.testscripts.prereuisitesangular.PreRequisite_C2CWithdrawal_Revamp - C2C vocuher transfer Approval is perform at c2c transfer itself
2022-07-01 15:33:55,530 [main] INFO angular.feature.C2CTransferRevamp - Entered performC2CWithdrawalMobileBuyerType(Super Distributor, Agent, 7802617823, 2468)
2022-07-01 15:33:55,582 [main] INFO angular.classes.LoginRevamp - Login ID Found as: suser
2022-07-01 15:33:55,583 [main] INFO angular.classes.LoginRevamp - Password Found as: Com@2469
2022-07-01 15:33:55,585 [main] INFO angular.feature.C2CTransferRevamp - LOGINID : suser
2022-07-01 15:33:55,607 [main] INFO angular.classes.LoginRevamp - LoginID found as: suser
2022-07-01 15:33:55,610 [main] INFO angular.classes.LoginRevamp - Password found as: Com@2469
2022-07-01 15:33:55,614 [main] INFO angular.classes.LoginRevamp - Username found as:  suser
2022-07-01 15:33:55,905 [main] INFO angular.pageobjects.loginpages.LoginPageRevamp - Trying to select Language
2022-07-01 15:34:06,296 [main] INFO angular.pageobjects.loginpages.LoginPageRevamp - <b>Language Selector Not Found:</b>
2022-07-01 15:34:06,307 [main] INFO angular.pageobjects.loginpages.LoginPageRevamp - Trying to enter Login ID
2022-07-01 15:34:06,454 [main] INFO angular.pageobjects.loginpages.LoginPageRevamp - Login ID entered successfully as: suser
2022-07-01 15:34:06,455 [main] INFO angular.pageobjects.loginpages.LoginPageRevamp - Trying to enter Password
2022-07-01 15:34:06,604 [main] INFO angular.pageobjects.loginpages.LoginPageRevamp - Password entered successfully as: Com@2469
2022-07-01 15:34:06,605 [main] INFO angular.pageobjects.loginpages.LoginPageRevamp - Trying to click Login Button
2022-07-01 15:34:06,690 [main] INFO angular.pageobjects.loginpages.LoginPageRevamp - Login button clicked successfully
2022-07-01 15:34:06,741 [main] INFO angular.pageobjects.loginpages.LoginPageRevamp - Error Message Found on Login Screen: 
2022-07-01 15:34:15,794 [main] INFO angular.pageobjects.c2ctransfer.C2CTransfers - Trying clicking on C2C Heading
2022-07-01 15:34:15,872 [main] INFO angular.pageobjects.c2ctransfer.C2CTransfers - User clicked C2C Heading Link.
2022-07-01 15:34:15,874 [main] INFO angular.pageobjects.c2ctransfer.C2CTransfers - Trying clicking on C2C Transaction Heading
2022-07-01 15:34:16,001 [main] INFO angular.pageobjects.c2ctransfer.C2CTransfers - User clicked C2C Transaction Heading Link.
2022-07-01 15:34:16,003 [main] INFO angular.feature.C2CTransferRevamp - C2C Heading and Transaction Heading is clicked
2022-07-01 15:34:16,006 [main] INFO angular.pageobjects.c2ctransfer.C2CTransfers - Trying clicking on C2C Withdrawal Heading
2022-07-01 15:34:16,113 [main] INFO angular.pageobjects.c2ctransfer.C2CTransfers - User clicked C2C Withdrawal Heading.
2022-07-01 15:34:16,116 [main] INFO angular.pageobjects.c2ctransfer.C2CTransfers - Trying to select C2C Buyer Type
2022-07-01 15:34:16,307 [main] INFO angular.pageobjects.c2ctransfer.C2CTransfers - C2C Buyer Type selected : //ng-select[@id='searchBy']//ng-dropdown-panel[contains(@class,'ng-star-inserted')]//span[text()='Mobile Number']
2022-07-01 15:34:16,309 [main] INFO angular.pageobjects.c2ctransfer.C2CTransfers - Entering C2C MSISDN
2022-07-01 15:34:16,445 [main] INFO angular.pageobjects.c2ctransfer.C2CTransfers - Entered C2C MSISDN : 7802617823
2022-07-01 15:34:26,461 [main] INFO angular.pageobjects.c2ctransfer.C2CTransfers - Trying clicking on PROCEED button on C2C
2022-07-01 15:34:28,560 [main] INFO angular.pageobjects.c2ctransfer.C2CTransfers - Clicked PROCEED button on C2C.
2022-07-01 15:34:28,571 [main] INFO angular.pageobjects.c2ctransfer.C2CTransfers - Trying to initiate C2C Topups
2022-07-01 15:34:48,640 [main] INFO com.classes.BaseTest - org.openqa.selenium.TimeoutException: Expected condition failed: waiting for visibility of element located by By.xpath: //label[@class='denoTableHeader'] (tried for 20 second(s) with 500 milliseconds interval)
2022-07-01 15:35:09,682 [main] ERROR com.sshmanager.SSHService - Error while getting SSH Server Instance : com.jcraft.jsch.JSchException: java.net.ConnectException: Connection timed out: connect
2022-07-01 15:35:09,975 [main] INFO angular.testscripts.prereuisitesangular.PreRequisite_C2CWithdrawal_Revamp - ------------------ Test Case Execution Started For A_01_Test_C2CWithdrawlMobileBuyerType -------------------
2022-07-01 15:35:09,975 [main] INFO angular.testscripts.prereuisitesangular.PreRequisite_C2CWithdrawal_Revamp - Entered A_01_Test_C2CWithdrawlMobileBuyerType(Super Distributor, Agent, 8905169743, 2468, Distributor, Dealer, SA, 4)
2022-07-01 15:35:09,979 [main] INFO com.dbrepository.OracleRepository - Entered getPreference(AG, NG, MAX_APPROVAL_LEVEL_C2C_TRANSFER)
2022-07-01 15:35:09,983 [main] INFO com.dbrepository.DBConnectionPool - Active Size:0 Cache Size:10
2022-07-01 15:35:10,066 [main] INFO com.dbrepository.OracleRepository - Service Class Preference Not Found
2022-07-01 15:35:10,068 [main] INFO com.dbrepository.OracleRepository - Trying to get Preference value from Control Preferences
2022-07-01 15:35:10,149 [main] INFO com.dbrepository.OracleRepository - Query Repository Returns: DEFAULT_VALUE (0)
2022-07-01 15:35:10,200 [main] INFO com.utils.CommonUtils - Category Code for Super Distributor: DIST
2022-07-01 15:35:10,225 [main] INFO com.dbrepository.OracleRepository - Entered webInterface(Super Distributor)
2022-07-01 15:35:10,229 [main] INFO com.dbrepository.DBConnectionPool - Active Size:0 Cache Size:10
2022-07-01 15:35:10,232 [main] INFO com.dbrepository.OracleRepository - webInterface() :: select query: Select WEB_INTERFACE_ALLOWED from categories where category_name= ?
2022-07-01 15:35:10,314 [main] INFO com.dbrepository.OracleRepository - Database Returns: WEB_INTERFACE_ALLOWED (Y)
2022-07-01 15:35:10,316 [main] INFO com.dbrepository.OracleRepository - Exited webInterface()
2022-07-01 15:35:10,319 [main] INFO angular.feature.C2CTransferRevamp - Entered performC2CTransferMobileBuyerType(Super Distributor, Agent, 8905169743, 2468)
2022-07-01 15:35:10,369 [main] INFO angular.classes.LoginRevamp - Login ID Found as: suser
2022-07-01 15:35:10,371 [main] INFO angular.classes.LoginRevamp - Password Found as: Com@2469
2022-07-01 15:35:10,372 [main] INFO angular.feature.C2CTransferRevamp - LOGINID : suser
2022-07-01 15:35:10,400 [main] INFO angular.classes.LoginRevamp - LoginID found as: suser
2022-07-01 15:35:10,402 [main] INFO angular.classes.LoginRevamp - Password found as: Com@2469
2022-07-01 15:35:10,403 [main] INFO angular.classes.LoginRevamp - Username found as:  suser
2022-07-01 15:35:10,743 [main] INFO angular.pageobjects.loginpages.LoginPageRevamp - Trying to select Language
2022-07-01 15:35:21,193 [main] INFO angular.pageobjects.loginpages.LoginPageRevamp - <b>Language Selector Not Found:</b>
2022-07-01 15:35:21,206 [main] INFO angular.pageobjects.loginpages.LoginPageRevamp - Trying to enter Login ID
2022-07-01 15:35:21,373 [main] INFO angular.pageobjects.loginpages.LoginPageRevamp - Login ID entered successfully as: suser
2022-07-01 15:35:21,374 [main] INFO angular.pageobjects.loginpages.LoginPageRevamp - Trying to enter Password
2022-07-01 15:35:21,526 [main] INFO angular.pageobjects.loginpages.LoginPageRevamp - Password entered successfully as: Com@2469
2022-07-01 15:35:21,527 [main] INFO angular.pageobjects.loginpages.LoginPageRevamp - Trying to click Login Button
2022-07-01 15:35:21,616 [main] INFO angular.pageobjects.loginpages.LoginPageRevamp - Login button clicked successfully
2022-07-01 15:35:21,663 [main] INFO angular.pageobjects.loginpages.LoginPageRevamp - Error Message Found on Login Screen: 
2022-07-01 15:35:31,311 [main] INFO angular.pageobjects.c2ctransfer.C2CTransfers - Trying clicking on C2C Heading
2022-07-01 15:35:31,416 [main] INFO angular.pageobjects.c2ctransfer.C2CTransfers - User clicked C2C Heading Link.
2022-07-01 15:35:31,418 [main] INFO angular.pageobjects.c2ctransfer.C2CTransfers - Trying clicking on C2C Transaction Heading
2022-07-01 15:35:31,571 [main] INFO angular.pageobjects.c2ctransfer.C2CTransfers - User clicked C2C Transaction Heading Link.
2022-07-01 15:35:31,574 [main] INFO angular.feature.C2CTransferRevamp - C2C Heading and Transaction Heading is clicked
2022-07-01 15:35:31,576 [main] INFO angular.pageobjects.c2ctransfer.C2CTransfers - Trying clicking on C2C Single Operation Heading
2022-07-01 15:35:31,663 [main] INFO angular.pageobjects.c2ctransfer.C2CTransfers - User clicked C2C Single Operation Heading.
2022-07-01 15:35:31,666 [main] INFO angular.pageobjects.c2ctransfer.C2CTransfers - Trying clicking on C2C Transfer Heading
2022-07-01 15:35:31,751 [main] INFO angular.pageobjects.c2ctransfer.C2CTransfers - User clicked C2C Transfer Heading.
2022-07-01 15:35:31,754 [main] INFO angular.pageobjects.c2ctransfer.C2CTransfers - Trying clicking on Etopup
2022-07-01 15:35:31,861 [main] INFO angular.pageobjects.c2ctransfer.C2CTransfers - Clicked Etopup.
2022-07-01 15:35:31,862 [main] INFO angular.pageobjects.c2ctransfer.C2CTransfers - Trying to select C2C Buyer Type
2022-07-01 15:35:32,052 [main] INFO angular.pageobjects.c2ctransfer.C2CTransfers - C2C Buyer Type selected : //ng-select[@id='searchBy']//ng-dropdown-panel[contains(@class,'ng-star-inserted')]//span[text()='Mobile Number']
2022-07-01 15:35:32,055 [main] INFO angular.pageobjects.c2ctransfer.C2CTransfers - Entering C2C MSISDN
2022-07-01 15:35:32,171 [main] INFO angular.pageobjects.c2ctransfer.C2CTransfers - Entered C2C MSISDN : 8905169743
2022-07-01 15:35:42,180 [main] INFO angular.pageobjects.c2ctransfer.C2CTransfers - Trying clicking on PROCEED button on C2C
2022-07-01 15:35:44,287 [main] INFO angular.pageobjects.c2ctransfer.C2CTransfers - Clicked PROCEED button on C2C.
2022-07-01 15:35:44,298 [main] INFO angular.pageobjects.c2ctransfer.C2CTransfers - Trying to initiate C2C Topups
2022-07-01 15:35:44,440 [main] INFO angular.pageobjects.c2ctransfer.C2CTransfers - rowCount of c2c topups available on screen : 2
2022-07-01 15:35:44,442 [main] INFO angular.pageobjects.c2ctransfer.C2CTransfers - sheetProductCode : eTopUP
2022-07-01 15:35:44,443 [main] INFO angular.pageobjects.c2ctransfer.C2CTransfers - sheetProductCode : PeTopUP
2022-07-01 15:35:44,498 [main] INFO angular.pageobjects.c2ctransfer.C2CTransfers - quantity : 2
2022-07-01 15:35:44,499 [main] INFO angular.pageobjects.c2ctransfer.C2CTransfers - String.valueOf(quantity) SEND KEYS : 2
2022-07-01 15:35:44,592 [main] INFO angular.pageobjects.c2ctransfer.C2CTransfers - rowCount of c2c topups available on screen : 2
2022-07-01 15:35:44,593 [main] INFO angular.pageobjects.c2ctransfer.C2CTransfers - sheetProductCode : eTopUP
2022-07-01 15:35:44,635 [main] INFO angular.pageobjects.c2ctransfer.C2CTransfers - quantity : 1
2022-07-01 15:35:44,636 [main] INFO angular.pageobjects.c2ctransfer.C2CTransfers - String.valueOf(quantity) SEND KEYS : 1
2022-07-01 15:35:44,637 [main] INFO angular.pageobjects.c2ctransfer.C2CTransfers - sheetProductCode : PeTopUP
2022-07-01 15:35:44,640 [main] INFO angular.pageobjects.c2ctransfer.C2CTransfers - Entered Quantities: 
2022-07-01 15:35:44,739 [main] INFO angular.pageobjects.c2ctransfer.C2CTransfers - Entered Reference Number
2022-07-01 15:35:44,896 [main] INFO angular.pageobjects.c2ctransfer.C2CTransfers - User entered Remarks
2022-07-01 15:35:44,897 [main] INFO angular.pageobjects.c2ctransfer.C2CTransfers - Trying to select Payment mode : Cash
2022-07-01 15:35:48,120 [main] INFO angular.pageobjects.c2ctransfer.C2CTransfers - Selected Payment Mode : Cash
2022-07-01 15:35:48,132 [main] INFO angular.pageobjects.c2ctransfer.C2CTransfers - Trying to select Payment Instrument Number
2022-07-01 15:35:48,231 [main] INFO angular.pageobjects.c2ctransfer.C2CTransfers - User entered PaymentInstNum: 124231
2022-07-01 15:35:48,233 [main] INFO angular.feature.C2CTransferRevamp - Trying to select Date
2022-07-01 15:35:48,236 [main] INFO angular.pageobjects.c2ctransfer.C2CTransfers - Trying to enter Payment Instrument Date
2022-07-01 15:35:48,393 [main] INFO angular.pageobjects.c2ctransfer.C2CTransfers - User entered PaymentInstDate: 01/07/22
2022-07-01 15:35:48,394 [main] INFO angular.pageobjects.c2ctransfer.C2CTransfers - Trying clicking on C2C TRANSFER button
2022-07-01 15:35:48,498 [main] INFO angular.pageobjects.c2ctransfer.C2CTransfers - Clicked C2C Transfer Button
2022-07-01 15:35:49,643 [main] INFO angular.pageobjects.c2ctransfer.C2CTransfers - PIN PopUP is visible.
2022-07-01 15:35:49,645 [main] INFO angular.pageobjects.c2ctransfer.C2CTransfers - Trying to Enter Channel User PIN for C2C
2022-07-01 15:35:49,745 [main] INFO angular.pageobjects.c2ctransfer.C2CTransfers - User entered PIN: 2468
2022-07-01 15:35:49,747 [main] INFO angular.pageobjects.c2ctransfer.C2CTransfers - Trying clicking on C2C TRANSFER button
2022-07-01 15:35:49,848 [main] INFO angular.pageobjects.c2ctransfer.C2CTransfers - Clicked C2C Transfer Button
2022-07-01 15:35:50,948 [main] INFO angular.pageobjects.c2ctransfer.C2CTransfers - PIN PopUP is visible.
2022-07-01 15:35:50,951 [main] INFO angular.pageobjects.c2ctransfer.C2CTransfers - Fetching C2C Transfer Request Initiated Message
2022-07-01 15:35:51,005 [main] INFO angular.pageobjects.c2ctransfer.C2CTransfers - C2C Transfer Request Initiated Message : Transfer Request Initiated
2022-07-01 15:35:51,007 [main] INFO angular.pageobjects.c2ctransfer.C2CTransfers - Trying to get C2C Topups Done
2022-07-01 15:35:51,123 [main] INFO angular.pageobjects.c2ctransfer.C2CTransfers - C2C [[ChromeDriver: chrome on WINDOWS (f186c68eb27236e8b2c767176241c1aa)] -> xpath: (//label[@class='labelposPrd'])[1]] : [[ChromeDriver: chrome on WINDOWS (f186c68eb27236e8b2c767176241c1aa)] -> xpath: (//label[@class='labelposPrd'])[1]/following-sibling::label]
2022-07-01 15:35:51,155 [main] INFO angular.pageobjects.c2ctransfer.C2CTransfers - C2C [[ChromeDriver: chrome on WINDOWS (f186c68eb27236e8b2c767176241c1aa)] -> xpath: (//label[@class='labelposPrd'])[2]] : [[ChromeDriver: chrome on WINDOWS (f186c68eb27236e8b2c767176241c1aa)] -> xpath: (//label[@class='labelposPrd'])[2]/following-sibling::label]
2022-07-01 15:35:51,156 [main] INFO angular.pageobjects.c2ctransfer.C2CTransfers -  C2C TOPUPS Done and Info Printed Above
2022-07-01 15:35:51,158 [main] INFO angular.pageobjects.c2ctransfer.C2CTransfers - Fetching C2C Transfer Transaction ID
2022-07-01 15:35:51,210 [main] INFO angular.pageobjects.c2ctransfer.C2CTransfers - C2C Transfer Transaction ID : CT220701.1527.100001
2022-07-01 15:36:12,247 [main] ERROR com.sshmanager.SSHService - Error while getting SSH Server Instance : com.jcraft.jsch.JSchException: java.net.ConnectException: Connection timed out: connect
2022-07-01 15:36:12,258 [main] INFO angular.pageobjects.c2ctransfer.C2CTransfers - Trying to Click DONE button after C2C Transfer initiated
2022-07-01 15:36:12,351 [main] INFO angular.pageobjects.c2ctransfer.C2CTransfers - Clicked Done for Initiated C2C
2022-07-01 15:36:12,352 [main] INFO angular.feature.C2CTransferRevamp - Exiting performC2CTransferMobileBuyerType
2022-07-01 15:36:12,355 [main] INFO angular.testscripts.prereuisitesangular.PreRequisite_C2CWithdrawal_Revamp - C2C vocuher transfer Approval is perform at c2c transfer itself
2022-07-01 15:36:12,357 [main] INFO angular.feature.C2CTransferRevamp - Entered performC2CWithdrawalMobileBuyerType(Super Distributor, Agent, 8905169743, 2468)
2022-07-01 15:36:12,405 [main] INFO angular.classes.LoginRevamp - Login ID Found as: suser
2022-07-01 15:36:12,406 [main] INFO angular.classes.LoginRevamp - Password Found as: Com@2469
2022-07-01 15:36:12,408 [main] INFO angular.feature.C2CTransferRevamp - LOGINID : suser
2022-07-01 15:36:12,433 [main] INFO angular.classes.LoginRevamp - LoginID found as: suser
2022-07-01 15:36:12,434 [main] INFO angular.classes.LoginRevamp - Password found as: Com@2469
2022-07-01 15:36:12,436 [main] INFO angular.classes.LoginRevamp - Username found as:  suser
2022-07-01 15:36:12,764 [main] INFO angular.pageobjects.loginpages.LoginPageRevamp - Trying to select Language
2022-07-01 15:36:23,519 [main] INFO angular.pageobjects.loginpages.LoginPageRevamp - <b>Language Selector Not Found:</b>
2022-07-01 15:36:23,531 [main] INFO angular.pageobjects.loginpages.LoginPageRevamp - Trying to enter Login ID
2022-07-01 15:36:23,672 [main] INFO angular.pageobjects.loginpages.LoginPageRevamp - Login ID entered successfully as: suser
2022-07-01 15:36:23,674 [main] INFO angular.pageobjects.loginpages.LoginPageRevamp - Trying to enter Password
2022-07-01 15:36:23,807 [main] INFO angular.pageobjects.loginpages.LoginPageRevamp - Password entered successfully as: Com@2469
2022-07-01 15:36:23,809 [main] INFO angular.pageobjects.loginpages.LoginPageRevamp - Trying to click Login Button
2022-07-01 15:36:23,897 [main] INFO angular.pageobjects.loginpages.LoginPageRevamp - Login button clicked successfully
2022-07-01 15:36:23,951 [main] INFO angular.pageobjects.loginpages.LoginPageRevamp - Error Message Found on Login Screen: 
2022-07-01 15:36:33,100 [main] INFO angular.pageobjects.c2ctransfer.C2CTransfers - Trying clicking on C2C Heading
2022-07-01 15:36:33,194 [main] INFO angular.pageobjects.c2ctransfer.C2CTransfers - User clicked C2C Heading Link.
2022-07-01 15:36:33,209 [main] INFO angular.pageobjects.c2ctransfer.C2CTransfers - Trying clicking on C2C Transaction Heading
2022-07-01 15:36:33,345 [main] INFO angular.pageobjects.c2ctransfer.C2CTransfers - User clicked C2C Transaction Heading Link.
2022-07-01 15:36:33,347 [main] INFO angular.feature.C2CTransferRevamp - C2C Heading and Transaction Heading is clicked
2022-07-01 15:36:33,349 [main] INFO angular.pageobjects.c2ctransfer.C2CTransfers - Trying clicking on C2C Withdrawal Heading
2022-07-01 15:36:33,465 [main] INFO angular.pageobjects.c2ctransfer.C2CTransfers - User clicked C2C Withdrawal Heading.
2022-07-01 15:36:33,467 [main] INFO angular.pageobjects.c2ctransfer.C2CTransfers - Trying to select C2C Buyer Type
2022-07-01 15:36:33,644 [main] INFO angular.pageobjects.c2ctransfer.C2CTransfers - C2C Buyer Type selected : //ng-select[@id='searchBy']//ng-dropdown-panel[contains(@class,'ng-star-inserted')]//span[text()='Mobile Number']
2022-07-01 15:36:33,645 [main] INFO angular.pageobjects.c2ctransfer.C2CTransfers - Entering C2C MSISDN
2022-07-01 15:36:33,765 [main] INFO angular.pageobjects.c2ctransfer.C2CTransfers - Entered C2C MSISDN : 8905169743
2022-07-01 15:36:43,776 [main] INFO angular.pageobjects.c2ctransfer.C2CTransfers - Trying clicking on PROCEED button on C2C
2022-07-01 15:36:45,886 [main] INFO angular.pageobjects.c2ctransfer.C2CTransfers - Clicked PROCEED button on C2C.
2022-07-01 15:36:45,900 [main] INFO angular.pageobjects.c2ctransfer.C2CTransfers - Trying to initiate C2C Topups
2022-07-01 15:37:05,957 [main] INFO com.classes.BaseTest - org.openqa.selenium.TimeoutException: Expected condition failed: waiting for visibility of element located by By.xpath: //label[@class='denoTableHeader'] (tried for 20 second(s) with 500 milliseconds interval)
2022-07-01 15:37:27,009 [main] ERROR com.sshmanager.SSHService - Error while getting SSH Server Instance : com.jcraft.jsch.JSchException: java.net.ConnectException: Connection timed out: connect
2022-07-01 15:37:27,242 [main] INFO angular.testscripts.prereuisitesangular.PreRequisite_C2CWithdrawal_Revamp - ------------------ Test Case Execution Started For A_01_Test_C2CWithdrawlMobileBuyerType -------------------
2022-07-01 15:37:27,242 [main] INFO angular.testscripts.prereuisitesangular.PreRequisite_C2CWithdrawal_Revamp - Entered A_01_Test_C2CWithdrawlMobileBuyerType(Super Distributor, Retailer, 8051782315, 2468, Distributor, Agent, SA, 5)
2022-07-01 15:37:27,244 [main] INFO com.dbrepository.OracleRepository - Entered getPreference(RET, NG, MAX_APPROVAL_LEVEL_C2C_TRANSFER)
2022-07-01 15:37:27,247 [main] INFO com.dbrepository.DBConnectionPool - Active Size:0 Cache Size:10
2022-07-01 15:37:27,328 [main] INFO com.dbrepository.OracleRepository - Service Class Preference Not Found
2022-07-01 15:37:27,330 [main] INFO com.dbrepository.OracleRepository - Trying to get Preference value from Control Preferences
2022-07-01 15:37:27,425 [main] INFO com.dbrepository.OracleRepository - Query Repository Returns: DEFAULT_VALUE (3)
2022-07-01 15:37:27,468 [main] INFO com.utils.CommonUtils - Category Code for Super Distributor: DIST
2022-07-01 15:37:27,490 [main] INFO com.dbrepository.OracleRepository - Entered webInterface(Super Distributor)
2022-07-01 15:37:27,492 [main] INFO com.dbrepository.DBConnectionPool - Active Size:0 Cache Size:10
2022-07-01 15:37:27,495 [main] INFO com.dbrepository.OracleRepository - webInterface() :: select query: Select WEB_INTERFACE_ALLOWED from categories where category_name= ?
2022-07-01 15:37:27,576 [main] INFO com.dbrepository.OracleRepository - Database Returns: WEB_INTERFACE_ALLOWED (Y)
2022-07-01 15:37:27,579 [main] INFO com.dbrepository.OracleRepository - Exited webInterface()
2022-07-01 15:37:27,582 [main] INFO angular.feature.C2CTransferRevamp - Entered performC2CTransferMobileBuyerType(Super Distributor, Retailer, 8051782315, 2468)
2022-07-01 15:37:27,623 [main] INFO angular.classes.LoginRevamp - Login ID Found as: suser
2022-07-01 15:37:27,625 [main] INFO angular.classes.LoginRevamp - Password Found as: Com@2469
2022-07-01 15:37:27,628 [main] INFO angular.feature.C2CTransferRevamp - LOGINID : suser
2022-07-01 15:37:27,652 [main] INFO angular.classes.LoginRevamp - LoginID found as: suser
2022-07-01 15:37:27,653 [main] INFO angular.classes.LoginRevamp - Password found as: Com@2469
2022-07-01 15:37:27,654 [main] INFO angular.classes.LoginRevamp - Username found as:  suser
2022-07-01 15:37:27,931 [main] INFO angular.pageobjects.loginpages.LoginPageRevamp - Trying to select Language
2022-07-01 15:37:38,360 [main] INFO angular.pageobjects.loginpages.LoginPageRevamp - <b>Language Selector Not Found:</b>
2022-07-01 15:37:38,371 [main] INFO angular.pageobjects.loginpages.LoginPageRevamp - Trying to enter Login ID
2022-07-01 15:37:38,513 [main] INFO angular.pageobjects.loginpages.LoginPageRevamp - Login ID entered successfully as: suser
2022-07-01 15:37:38,514 [main] INFO angular.pageobjects.loginpages.LoginPageRevamp - Trying to enter Password
2022-07-01 15:37:38,668 [main] INFO angular.pageobjects.loginpages.LoginPageRevamp - Password entered successfully as: Com@2469
2022-07-01 15:37:38,669 [main] INFO angular.pageobjects.loginpages.LoginPageRevamp - Trying to click Login Button
2022-07-01 15:37:38,756 [main] INFO angular.pageobjects.loginpages.LoginPageRevamp - Login button clicked successfully
2022-07-01 15:37:38,806 [main] INFO angular.pageobjects.loginpages.LoginPageRevamp - Error Message Found on Login Screen: 
2022-07-01 15:37:47,811 [main] INFO angular.pageobjects.c2ctransfer.C2CTransfers - Trying clicking on C2C Heading
2022-07-01 15:37:47,913 [main] INFO angular.pageobjects.c2ctransfer.C2CTransfers - User clicked C2C Heading Link.
2022-07-01 15:37:47,915 [main] INFO angular.pageobjects.c2ctransfer.C2CTransfers - Trying clicking on C2C Transaction Heading
2022-07-01 15:37:48,151 [main] INFO angular.pageobjects.c2ctransfer.C2CTransfers - User clicked C2C Transaction Heading Link.
2022-07-01 15:37:48,152 [main] INFO angular.feature.C2CTransferRevamp - C2C Heading and Transaction Heading is clicked
2022-07-01 15:37:48,154 [main] INFO angular.pageobjects.c2ctransfer.C2CTransfers - Trying clicking on C2C Single Operation Heading
2022-07-01 15:37:48,274 [main] INFO angular.pageobjects.c2ctransfer.C2CTransfers - User clicked C2C Single Operation Heading.
2022-07-01 15:37:48,275 [main] INFO angular.pageobjects.c2ctransfer.C2CTransfers - Trying clicking on C2C Transfer Heading
2022-07-01 15:37:48,359 [main] INFO angular.pageobjects.c2ctransfer.C2CTransfers - User clicked C2C Transfer Heading.
2022-07-01 15:37:48,361 [main] INFO angular.pageobjects.c2ctransfer.C2CTransfers - Trying clicking on Etopup
2022-07-01 15:37:48,463 [main] INFO angular.pageobjects.c2ctransfer.C2CTransfers - Clicked Etopup.
2022-07-01 15:37:48,464 [main] INFO angular.pageobjects.c2ctransfer.C2CTransfers - Trying to select C2C Buyer Type
2022-07-01 15:37:48,652 [main] INFO angular.pageobjects.c2ctransfer.C2CTransfers - C2C Buyer Type selected : //ng-select[@id='searchBy']//ng-dropdown-panel[contains(@class,'ng-star-inserted')]//span[text()='Mobile Number']
2022-07-01 15:37:48,655 [main] INFO angular.pageobjects.c2ctransfer.C2CTransfers - Entering C2C MSISDN
2022-07-01 15:37:48,779 [main] INFO angular.pageobjects.c2ctransfer.C2CTransfers - Entered C2C MSISDN : 8051782315
2022-07-01 15:37:58,791 [main] INFO angular.pageobjects.c2ctransfer.C2CTransfers - Trying clicking on PROCEED button on C2C
2022-07-01 15:38:00,900 [main] INFO angular.pageobjects.c2ctransfer.C2CTransfers - Clicked PROCEED button on C2C.
2022-07-01 15:38:00,915 [main] INFO angular.pageobjects.c2ctransfer.C2CTransfers - Trying to initiate C2C Topups
2022-07-01 15:38:01,083 [main] INFO angular.pageobjects.c2ctransfer.C2CTransfers - rowCount of c2c topups available on screen : 2
2022-07-01 15:38:01,084 [main] INFO angular.pageobjects.c2ctransfer.C2CTransfers - sheetProductCode : eTopUP
2022-07-01 15:38:01,148 [main] INFO angular.pageobjects.c2ctransfer.C2CTransfers - quantity : 1
2022-07-01 15:38:01,150 [main] INFO angular.pageobjects.c2ctransfer.C2CTransfers - String.valueOf(quantity) SEND KEYS : 1
2022-07-01 15:38:01,152 [main] INFO angular.pageobjects.c2ctransfer.C2CTransfers - sheetProductCode : PeTopUP
2022-07-01 15:38:01,154 [main] INFO angular.pageobjects.c2ctransfer.C2CTransfers - Entered Quantities: 
2022-07-01 15:38:01,287 [main] INFO angular.pageobjects.c2ctransfer.C2CTransfers - Entered Reference Number
2022-07-01 15:38:01,455 [main] INFO angular.pageobjects.c2ctransfer.C2CTransfers - User entered Remarks
2022-07-01 15:38:01,457 [main] INFO angular.pageobjects.c2ctransfer.C2CTransfers - Trying to select Payment mode : Cash
2022-07-01 15:38:04,706 [main] INFO angular.pageobjects.c2ctransfer.C2CTransfers - Selected Payment Mode : Cash
2022-07-01 15:38:04,719 [main] INFO angular.pageobjects.c2ctransfer.C2CTransfers - Trying to select Payment Instrument Number
2022-07-01 15:38:04,822 [main] INFO angular.pageobjects.c2ctransfer.C2CTransfers - User entered PaymentInstNum: 124231
2022-07-01 15:38:04,824 [main] INFO angular.feature.C2CTransferRevamp - Trying to select Date
2022-07-01 15:38:04,826 [main] INFO angular.pageobjects.c2ctransfer.C2CTransfers - Trying to enter Payment Instrument Date
2022-07-01 15:38:04,976 [main] INFO angular.pageobjects.c2ctransfer.C2CTransfers - User entered PaymentInstDate: 01/07/22
2022-07-01 15:38:04,979 [main] INFO angular.pageobjects.c2ctransfer.C2CTransfers - Trying clicking on C2C TRANSFER button
2022-07-01 15:38:05,079 [main] INFO angular.pageobjects.c2ctransfer.C2CTransfers - Clicked C2C Transfer Button
2022-07-01 15:38:05,674 [main] INFO angular.pageobjects.c2ctransfer.C2CTransfers - PIN PopUP is visible.
2022-07-01 15:38:05,676 [main] INFO angular.pageobjects.c2ctransfer.C2CTransfers - Trying to Enter Channel User PIN for C2C
2022-07-01 15:38:05,765 [main] INFO angular.pageobjects.c2ctransfer.C2CTransfers - User entered PIN: 2468
2022-07-01 15:38:05,766 [main] INFO angular.pageobjects.c2ctransfer.C2CTransfers - Trying clicking on C2C TRANSFER button
2022-07-01 15:38:05,875 [main] INFO angular.pageobjects.c2ctransfer.C2CTransfers - Clicked C2C Transfer Button
2022-07-01 15:38:06,979 [main] INFO angular.pageobjects.c2ctransfer.C2CTransfers - PIN PopUP is visible.
2022-07-01 15:38:06,980 [main] INFO angular.pageobjects.c2ctransfer.C2CTransfers - Fetching C2C Transfer Request Initiated Message
2022-07-01 15:38:07,039 [main] INFO angular.pageobjects.c2ctransfer.C2CTransfers - C2C Transfer Request Initiated Message : Transfer Request Initiated
2022-07-01 15:38:07,040 [main] INFO angular.pageobjects.c2ctransfer.C2CTransfers - Trying to get C2C Topups Done
2022-07-01 15:38:07,137 [main] INFO angular.pageobjects.c2ctransfer.C2CTransfers - C2C [[ChromeDriver: chrome on WINDOWS (f186c68eb27236e8b2c767176241c1aa)] -> xpath: (//label[@class='labelposPrd'])[1]] : [[ChromeDriver: chrome on WINDOWS (f186c68eb27236e8b2c767176241c1aa)] -> xpath: (//label[@class='labelposPrd'])[1]/following-sibling::label]
2022-07-01 15:38:07,139 [main] INFO angular.pageobjects.c2ctransfer.C2CTransfers -  C2C TOPUPS Done and Info Printed Above
2022-07-01 15:38:07,141 [main] INFO angular.pageobjects.c2ctransfer.C2CTransfers - Fetching C2C Transfer Transaction ID
2022-07-01 15:38:07,192 [main] INFO angular.pageobjects.c2ctransfer.C2CTransfers - C2C Transfer Transaction ID : CT220701.1529.100001
2022-07-01 15:38:28,228 [main] ERROR com.sshmanager.SSHService - Error while getting SSH Server Instance : com.jcraft.jsch.JSchException: java.net.ConnectException: Connection timed out: connect
2022-07-01 15:38:28,240 [main] INFO angular.pageobjects.c2ctransfer.C2CTransfers - Trying to Click DONE button after C2C Transfer initiated
2022-07-01 15:38:28,341 [main] INFO angular.pageobjects.c2ctransfer.C2CTransfers - Clicked Done for Initiated C2C
2022-07-01 15:38:28,344 [main] INFO angular.feature.C2CTransferRevamp - Exiting performC2CTransferMobileBuyerType
2022-07-01 15:38:28,347 [main] INFO angular.feature.C2CTransferRevamp - Entered performC2CTransferMobileBuyerType(Super Distributor, Retailer, 8051782315, 2468)
2022-07-01 15:38:28,387 [main] INFO angular.classes.LoginRevamp - Login ID Found as: suser
2022-07-01 15:38:28,389 [main] INFO angular.classes.LoginRevamp - Password Found as: Com@2469
2022-07-01 15:38:28,391 [main] INFO angular.feature.C2CTransferRevamp - LOGINID : suser
2022-07-01 15:38:28,414 [main] INFO angular.classes.LoginRevamp - LoginID found as: suser
2022-07-01 15:38:28,416 [main] INFO angular.classes.LoginRevamp - Password found as: Com@2469
2022-07-01 15:38:28,417 [main] INFO angular.classes.LoginRevamp - Username found as:  suser
2022-07-01 15:38:28,664 [main] INFO angular.pageobjects.loginpages.LoginPageRevamp - Trying to select Language
2022-07-01 15:38:39,286 [main] INFO angular.pageobjects.loginpages.LoginPageRevamp - <b>Language Selector Not Found:</b>
2022-07-01 15:38:39,298 [main] INFO angular.pageobjects.loginpages.LoginPageRevamp - Trying to enter Login ID
2022-07-01 15:38:39,450 [main] INFO angular.pageobjects.loginpages.LoginPageRevamp - Login ID entered successfully as: suser
2022-07-01 15:38:39,452 [main] INFO angular.pageobjects.loginpages.LoginPageRevamp - Trying to enter Password
2022-07-01 15:38:39,584 [main] INFO angular.pageobjects.loginpages.LoginPageRevamp - Password entered successfully as: Com@2469
2022-07-01 15:38:39,586 [main] INFO angular.pageobjects.loginpages.LoginPageRevamp - Trying to click Login Button
2022-07-01 15:38:39,673 [main] INFO angular.pageobjects.loginpages.LoginPageRevamp - Login button clicked successfully
2022-07-01 15:38:39,723 [main] INFO angular.pageobjects.loginpages.LoginPageRevamp - Error Message Found on Login Screen: 
2022-07-01 15:38:49,263 [main] INFO angular.pageobjects.c2capproval.C2CApproval - Trying clicking on C2C Heading
2022-07-01 15:38:49,364 [main] INFO angular.pageobjects.c2capproval.C2CApproval - User clicked C2C Heading Link.
2022-07-01 15:38:49,367 [main] INFO angular.pageobjects.c2capproval.C2CApproval - Trying clicking on C2C Approval Level 1 Heading
2022-07-01 15:38:49,582 [main] INFO angular.pageobjects.c2capproval.C2CApproval - User clicked C2C Approval Level 1 Heading Link.
2022-07-01 15:38:49,584 [main] INFO angular.feature.C2CTransferRevamp - C2C Heading and Transaction Heading is clicked
2022-07-01 15:38:49,586 [main] INFO angular.pageobjects.c2capproval.C2CApproval - Waiting for spinner
2022-07-01 15:38:49,692 [main] INFO angular.pageobjects.c2capproval.C2CApproval - Waiting for spinner to stop
2022-07-01 15:38:51,910 [main] INFO angular.pageobjects.c2capproval.C2CApproval - Spinner stopped
2022-07-01 15:38:51,921 [main] INFO angular.pageobjects.c2capproval.C2CApproval - Trying clicking on C2C Single Operation Heading
2022-07-01 15:38:51,993 [main] INFO angular.pageobjects.c2capproval.C2CApproval - User clicked C2C Single Operation Heading.
2022-07-01 15:38:51,995 [main] INFO angular.pageobjects.c2capproval.C2CApproval - Trying clicking on etopUp Heading
2022-07-01 15:38:52,071 [main] INFO angular.pageobjects.c2capproval.C2CApproval - User clicked eTopup Heading Link.
2022-07-01 15:38:52,073 [main] INFO angular.pageobjects.c2capproval.C2CApproval - Trying to enter the TransactionId
2022-07-01 15:38:52,552 [main] INFO angular.pageobjects.c2capproval.C2CApproval - Entered the TransactionId
2022-07-01 15:38:52,554 [main] INFO angular.pageobjects.c2capproval.C2CApproval - Trying to Click the approve button
2022-07-01 15:38:52,677 [main] INFO angular.pageobjects.c2capproval.C2CApproval - User clicked Approve Button	.
2022-07-01 15:38:52,680 [main] INFO angular.pageobjects.c2capproval.C2CApproval - Trying to enter the remarks
2022-07-01 15:38:52,845 [main] INFO angular.pageobjects.c2capproval.C2CApproval - Entered the TransactionId
2022-07-01 15:38:54,875 [main] INFO angular.pageobjects.c2capproval.C2CApproval - Trying to Click the approve button
2022-07-01 15:38:54,963 [main] INFO angular.pageobjects.c2capproval.C2CApproval - User clicked Approve Button	.
2022-07-01 15:38:55,968 [main] INFO angular.pageobjects.c2capproval.C2CApproval - Trying to Click the yes button
2022-07-01 15:38:56,054 [main] INFO angular.pageobjects.c2capproval.C2CApproval - User clicked Yes Button.
2022-07-01 15:38:57,161 [main] INFO angular.pageobjects.c2capproval.C2CApproval - PopUP is visible.
2022-07-01 15:38:57,162 [main] INFO angular.pageobjects.c2capproval.C2CApproval - Trying to get the Success Msg
2022-07-01 15:38:57,236 [main] INFO angular.pageobjects.c2capproval.C2CApproval - Successfully Retrieved Success Msg
2022-07-01 15:38:57,237 [main] INFO com.utils.Assertion - <pre><b>Expected: </b>Transaction Approved<br><b>Found: </b>Transaction Approved</pre>
2022-07-01 15:38:57,363 [main] INFO angular.pageobjects.c2capproval.C2CApproval - Trying to get the TxndID
2022-07-01 15:38:57,407 [main] INFO angular.pageobjects.c2capproval.C2CApproval - Successfully retrieved TxnId
2022-07-01 15:39:18,429 [main] ERROR com.sshmanager.SSHService - Error while getting SSH Server Instance : com.jcraft.jsch.JSchException: java.net.ConnectException: Connection timed out: connect
2022-07-01 15:39:18,441 [main] INFO angular.pageobjects.c2capproval.C2CApproval - Trying to click Done Button
2022-07-01 15:39:18,532 [main] INFO angular.pageobjects.c2capproval.C2CApproval - Done Button successfully clicked
2022-07-01 15:39:18,535 [main] INFO angular.feature.C2CTransferRevamp - Entered performC2CTransferMobileBuyerType(Super Distributor, Retailer, 8051782315, 2468)
2022-07-01 15:39:18,613 [main] INFO angular.classes.LoginRevamp - Login ID Found as: suser
2022-07-01 15:39:18,617 [main] INFO angular.classes.LoginRevamp - Password Found as: Com@2469
2022-07-01 15:39:18,621 [main] INFO angular.feature.C2CTransferRevamp - LOGINID : suser
2022-07-01 15:39:18,661 [main] INFO angular.classes.LoginRevamp - LoginID found as: suser
2022-07-01 15:39:18,663 [main] INFO angular.classes.LoginRevamp - Password found as: Com@2469
2022-07-01 15:39:18,667 [main] INFO angular.classes.LoginRevamp - Username found as:  suser
2022-07-01 15:39:18,991 [main] INFO angular.pageobjects.loginpages.LoginPageRevamp - Trying to select Language
2022-07-01 15:39:29,360 [main] INFO angular.pageobjects.loginpages.LoginPageRevamp - <b>Language Selector Not Found:</b>
2022-07-01 15:39:29,371 [main] INFO angular.pageobjects.loginpages.LoginPageRevamp - Trying to enter Login ID
2022-07-01 15:39:29,521 [main] INFO angular.pageobjects.loginpages.LoginPageRevamp - Login ID entered successfully as: suser
2022-07-01 15:39:29,524 [main] INFO angular.pageobjects.loginpages.LoginPageRevamp - Trying to enter Password
2022-07-01 15:39:29,676 [main] INFO angular.pageobjects.loginpages.LoginPageRevamp - Password entered successfully as: Com@2469
2022-07-01 15:39:29,677 [main] INFO angular.pageobjects.loginpages.LoginPageRevamp - Trying to click Login Button
2022-07-01 15:39:29,766 [main] INFO angular.pageobjects.loginpages.LoginPageRevamp - Login button clicked successfully
2022-07-01 15:39:29,812 [main] INFO angular.pageobjects.loginpages.LoginPageRevamp - Error Message Found on Login Screen: 
2022-07-01 15:39:38,950 [main] INFO angular.pageobjects.c2capproval.C2CApproval - Trying clicking on C2C Heading
2022-07-01 15:39:39,051 [main] INFO angular.pageobjects.c2capproval.C2CApproval - User clicked C2C Heading Link.
2022-07-01 15:39:39,053 [main] INFO angular.pageobjects.c2capproval.C2CApproval - Trying clicking on C2C Approval Level 2 Heading
2022-07-01 15:39:39,204 [main] INFO angular.pageobjects.c2capproval.C2CApproval - User clicked C2C Approval Level 2 Heading Link.
2022-07-01 15:39:39,205 [main] INFO angular.feature.C2CTransferRevamp - C2C Heading and Transaction Heading is clicked
2022-07-01 15:39:39,209 [main] INFO angular.pageobjects.c2capproval.C2CApproval - Waiting for spinner
2022-07-01 15:39:39,263 [main] INFO angular.pageobjects.c2capproval.C2CApproval - Waiting for spinner to stop
2022-07-01 15:39:40,930 [main] INFO angular.pageobjects.c2capproval.C2CApproval - Spinner stopped
2022-07-01 15:39:40,932 [main] INFO angular.pageobjects.c2capproval.C2CApproval - Trying clicking on C2C Single Operation Heading
2022-07-01 15:39:41,012 [main] INFO angular.pageobjects.c2capproval.C2CApproval - User clicked C2C Single Operation Heading.
2022-07-01 15:39:41,014 [main] INFO angular.pageobjects.c2capproval.C2CApproval - Trying clicking on etopUp Heading
2022-07-01 15:39:41,094 [main] INFO angular.pageobjects.c2capproval.C2CApproval - User clicked eTopup Heading Link.
2022-07-01 15:39:41,095 [main] INFO angular.pageobjects.c2capproval.C2CApproval - Trying to enter the TransactionId
2022-07-01 15:39:41,451 [main] INFO angular.pageobjects.c2capproval.C2CApproval - Entered the TransactionId
2022-07-01 15:39:41,453 [main] INFO angular.pageobjects.c2capproval.C2CApproval - Trying to Click the approve button
2022-07-01 15:39:41,566 [main] INFO angular.pageobjects.c2capproval.C2CApproval - User clicked Approve Button	.
2022-07-01 15:39:41,568 [main] INFO angular.pageobjects.c2capproval.C2CApproval - Trying to enter the remarks
2022-07-01 15:39:41,769 [main] INFO angular.pageobjects.c2capproval.C2CApproval - Entered the TransactionId
2022-07-01 15:39:42,772 [main] INFO angular.pageobjects.c2capproval.C2CApproval - Trying to Click the approve button
2022-07-01 15:39:42,860 [main] INFO angular.pageobjects.c2capproval.C2CApproval - User clicked Approve Button	.
2022-07-01 15:39:43,872 [main] INFO angular.pageobjects.c2capproval.C2CApproval - Trying to Click the yes button
2022-07-01 15:39:43,961 [main] INFO angular.pageobjects.c2capproval.C2CApproval - User clicked Yes Button.
2022-07-01 15:39:45,059 [main] INFO angular.pageobjects.c2capproval.C2CApproval - PopUP is visible.
2022-07-01 15:39:45,060 [main] INFO angular.pageobjects.c2capproval.C2CApproval - Trying to get the Success Msg
2022-07-01 15:39:45,106 [main] INFO angular.pageobjects.c2capproval.C2CApproval - Successfully Retrieved Success Msg
2022-07-01 15:39:45,107 [main] INFO com.utils.Assertion - <pre><b>Expected: </b>Transaction Approved<br><b>Found: </b>Transaction Approved</pre>
2022-07-01 15:39:45,230 [main] INFO angular.pageobjects.c2capproval.C2CApproval - Trying to get the TxndID
2022-07-01 15:39:45,272 [main] INFO angular.pageobjects.c2capproval.C2CApproval - Successfully retrieved TxnId
2022-07-01 15:40:06,320 [main] ERROR com.sshmanager.SSHService - Error while getting SSH Server Instance : com.jcraft.jsch.JSchException: java.net.ConnectException: Connection timed out: connect
2022-07-01 15:40:06,332 [main] INFO angular.pageobjects.c2capproval.C2CApproval - Trying to click Done Button
2022-07-01 15:40:06,421 [main] INFO angular.pageobjects.c2capproval.C2CApproval - Done Button successfully clicked
2022-07-01 15:40:06,423 [main] INFO angular.feature.C2CTransferRevamp - Entered performC2CTransferMobileBuyerType(Super Distributor, Retailer, 8051782315, 2468)
2022-07-01 15:40:06,493 [main] INFO angular.classes.LoginRevamp - Login ID Found as: suser
2022-07-01 15:40:06,498 [main] INFO angular.classes.LoginRevamp - Password Found as: Com@2469
2022-07-01 15:40:06,500 [main] INFO angular.feature.C2CTransferRevamp - LOGINID : suser
2022-07-01 15:40:06,536 [main] INFO angular.classes.LoginRevamp - LoginID found as: suser
2022-07-01 15:40:06,538 [main] INFO angular.classes.LoginRevamp - Password found as: Com@2469
2022-07-01 15:40:06,540 [main] INFO angular.classes.LoginRevamp - Username found as:  suser
2022-07-01 15:40:06,995 [main] INFO angular.pageobjects.loginpages.LoginPageRevamp - Trying to select Language
2022-07-01 15:40:17,376 [main] INFO angular.pageobjects.loginpages.LoginPageRevamp - <b>Language Selector Not Found:</b>
2022-07-01 15:40:17,388 [main] INFO angular.pageobjects.loginpages.LoginPageRevamp - Trying to enter Login ID
2022-07-01 15:40:17,533 [main] INFO angular.pageobjects.loginpages.LoginPageRevamp - Login ID entered successfully as: suser
2022-07-01 15:40:17,535 [main] INFO angular.pageobjects.loginpages.LoginPageRevamp - Trying to enter Password
2022-07-01 15:40:17,672 [main] INFO angular.pageobjects.loginpages.LoginPageRevamp - Password entered successfully as: Com@2469
2022-07-01 15:40:17,673 [main] INFO angular.pageobjects.loginpages.LoginPageRevamp - Trying to click Login Button
2022-07-01 15:40:17,760 [main] INFO angular.pageobjects.loginpages.LoginPageRevamp - Login button clicked successfully
2022-07-01 15:40:17,812 [main] INFO angular.pageobjects.loginpages.LoginPageRevamp - Error Message Found on Login Screen: 
2022-07-01 15:40:27,335 [main] INFO angular.pageobjects.c2capproval.C2CApproval - Trying clicking on C2C Heading
2022-07-01 15:40:27,414 [main] INFO angular.pageobjects.c2capproval.C2CApproval - User clicked C2C Heading Link.
2022-07-01 15:40:27,416 [main] INFO angular.pageobjects.c2capproval.C2CApproval - Trying clicking on C2C Approval Level 3 Heading
2022-07-01 15:40:27,596 [main] INFO angular.pageobjects.c2capproval.C2CApproval - User clicked C2C Approval Level 3 Heading Link.
2022-07-01 15:40:27,598 [main] INFO angular.feature.C2CTransferRevamp - C2C Heading and Transaction Heading is clicked
2022-07-01 15:40:27,601 [main] INFO angular.pageobjects.c2capproval.C2CApproval - Waiting for spinner
2022-07-01 15:40:27,666 [main] INFO angular.pageobjects.c2capproval.C2CApproval - Waiting for spinner to stop
2022-07-01 15:40:29,319 [main] INFO angular.pageobjects.c2capproval.C2CApproval - Spinner stopped
2022-07-01 15:40:29,321 [main] INFO angular.pageobjects.c2capproval.C2CApproval - Trying clicking on C2C Single Operation Heading
2022-07-01 15:40:29,386 [main] INFO angular.pageobjects.c2capproval.C2CApproval - User clicked C2C Single Operation Heading.
2022-07-01 15:40:29,388 [main] INFO angular.pageobjects.c2capproval.C2CApproval - Trying clicking on etopUp Heading
2022-07-01 15:40:29,451 [main] INFO angular.pageobjects.c2capproval.C2CApproval - User clicked eTopup Heading Link.
2022-07-01 15:40:29,453 [main] INFO angular.pageobjects.c2capproval.C2CApproval - Trying to enter the TransactionId
2022-07-01 15:40:29,861 [main] INFO angular.pageobjects.c2capproval.C2CApproval - Entered the TransactionId
2022-07-01 15:40:29,862 [main] INFO angular.pageobjects.c2capproval.C2CApproval - Trying to Click the approve button
2022-07-01 15:40:29,991 [main] INFO angular.pageobjects.c2capproval.C2CApproval - User clicked Approve Button	.
2022-07-01 15:40:29,993 [main] INFO angular.pageobjects.c2capproval.C2CApproval - Trying to enter the remarks
2022-07-01 15:40:30,155 [main] INFO angular.pageobjects.c2capproval.C2CApproval - Entered the TransactionId
2022-07-01 15:40:31,165 [main] INFO angular.pageobjects.c2capproval.C2CApproval - Trying to Click the approve button
2022-07-01 15:40:31,244 [main] INFO angular.pageobjects.c2capproval.C2CApproval - User clicked Approve Button	.
2022-07-01 15:40:32,259 [main] INFO angular.pageobjects.c2capproval.C2CApproval - Trying to Click the yes button
2022-07-01 15:40:32,345 [main] INFO angular.pageobjects.c2capproval.C2CApproval - User clicked Yes Button.
2022-07-01 15:40:33,453 [main] INFO angular.pageobjects.c2capproval.C2CApproval - PopUP is visible.
2022-07-01 15:40:33,455 [main] INFO angular.pageobjects.c2capproval.C2CApproval - Trying to get the Success Msg
2022-07-01 15:40:33,494 [main] INFO angular.pageobjects.c2capproval.C2CApproval - Successfully Retrieved Success Msg
2022-07-01 15:40:33,496 [main] INFO com.utils.Assertion - <pre><b>Expected: </b>Transaction Approved<br><b>Found: </b>Transaction Approved</pre>
2022-07-01 15:40:33,618 [main] INFO angular.pageobjects.c2capproval.C2CApproval - Trying to get the TxndID
2022-07-01 15:40:33,664 [main] INFO angular.pageobjects.c2capproval.C2CApproval - Successfully retrieved TxnId
2022-07-01 15:40:54,700 [main] ERROR com.sshmanager.SSHService - Error while getting SSH Server Instance : com.jcraft.jsch.JSchException: java.net.ConnectException: Connection timed out: connect
2022-07-01 15:40:54,712 [main] INFO angular.pageobjects.c2capproval.C2CApproval - Trying to click Done Button
2022-07-01 15:40:54,832 [main] INFO angular.pageobjects.c2capproval.C2CApproval - Done Button successfully clicked
2022-07-01 15:40:54,835 [main] INFO angular.feature.C2CTransferRevamp - Entered performC2CWithdrawalMobileBuyerType(Super Distributor, Retailer, 8051782315, 2468)
2022-07-01 15:40:54,930 [main] INFO angular.classes.LoginRevamp - Login ID Found as: suser
2022-07-01 15:40:54,931 [main] INFO angular.classes.LoginRevamp - Password Found as: Com@2469
2022-07-01 15:40:54,932 [main] INFO angular.feature.C2CTransferRevamp - LOGINID : suser
2022-07-01 15:40:54,975 [main] INFO angular.classes.LoginRevamp - LoginID found as: suser
2022-07-01 15:40:54,976 [main] INFO angular.classes.LoginRevamp - Password found as: Com@2469
2022-07-01 15:40:54,978 [main] INFO angular.classes.LoginRevamp - Username found as:  suser
2022-07-01 15:40:55,294 [main] INFO angular.pageobjects.loginpages.LoginPageRevamp - Trying to select Language
2022-07-01 15:41:05,657 [main] INFO angular.pageobjects.loginpages.LoginPageRevamp - <b>Language Selector Not Found:</b>
2022-07-01 15:41:05,667 [main] INFO angular.pageobjects.loginpages.LoginPageRevamp - Trying to enter Login ID
2022-07-01 15:41:05,812 [main] INFO angular.pageobjects.loginpages.LoginPageRevamp - Login ID entered successfully as: suser
2022-07-01 15:41:05,814 [main] INFO angular.pageobjects.loginpages.LoginPageRevamp - Trying to enter Password
2022-07-01 15:41:05,950 [main] INFO angular.pageobjects.loginpages.LoginPageRevamp - Password entered successfully as: Com@2469
2022-07-01 15:41:05,951 [main] INFO angular.pageobjects.loginpages.LoginPageRevamp - Trying to click Login Button
2022-07-01 15:41:06,038 [main] INFO angular.pageobjects.loginpages.LoginPageRevamp - Login button clicked successfully
2022-07-01 15:41:06,096 [main] INFO angular.pageobjects.loginpages.LoginPageRevamp - Error Message Found on Login Screen: 
2022-07-01 15:41:15,177 [main] INFO angular.pageobjects.c2ctransfer.C2CTransfers - Trying clicking on C2C Heading
2022-07-01 15:41:15,307 [main] INFO angular.pageobjects.c2ctransfer.C2CTransfers - User clicked C2C Heading Link.
2022-07-01 15:41:15,310 [main] INFO angular.pageobjects.c2ctransfer.C2CTransfers - Trying clicking on C2C Transaction Heading
2022-07-01 15:41:15,487 [main] INFO angular.pageobjects.c2ctransfer.C2CTransfers - User clicked C2C Transaction Heading Link.
2022-07-01 15:41:15,489 [main] INFO angular.feature.C2CTransferRevamp - C2C Heading and Transaction Heading is clicked
2022-07-01 15:41:15,490 [main] INFO angular.pageobjects.c2ctransfer.C2CTransfers - Trying clicking on C2C Withdrawal Heading
2022-07-01 15:41:15,588 [main] INFO angular.pageobjects.c2ctransfer.C2CTransfers - User clicked C2C Withdrawal Heading.
2022-07-01 15:41:15,590 [main] INFO angular.pageobjects.c2ctransfer.C2CTransfers - Trying to select C2C Buyer Type
2022-07-01 15:41:15,756 [main] INFO angular.pageobjects.c2ctransfer.C2CTransfers - C2C Buyer Type selected : //ng-select[@id='searchBy']//ng-dropdown-panel[contains(@class,'ng-star-inserted')]//span[text()='Mobile Number']
2022-07-01 15:41:15,758 [main] INFO angular.pageobjects.c2ctransfer.C2CTransfers - Entering C2C MSISDN
2022-07-01 15:41:15,910 [main] INFO angular.pageobjects.c2ctransfer.C2CTransfers - Entered C2C MSISDN : 8051782315
2022-07-01 15:41:25,920 [main] INFO angular.pageobjects.c2ctransfer.C2CTransfers - Trying clicking on PROCEED button on C2C
2022-07-01 15:41:28,028 [main] INFO angular.pageobjects.c2ctransfer.C2CTransfers - Clicked PROCEED button on C2C.
2022-07-01 15:41:28,041 [main] INFO angular.pageobjects.c2ctransfer.C2CTransfers - Trying to initiate C2C Topups
2022-07-01 15:41:48,166 [main] INFO com.classes.BaseTest - org.openqa.selenium.TimeoutException: Expected condition failed: waiting for visibility of element located by By.xpath: //label[@class='denoTableHeader'] (tried for 20 second(s) with 500 milliseconds interval)
2022-07-01 15:42:09,201 [main] ERROR com.sshmanager.SSHService - Error while getting SSH Server Instance : com.jcraft.jsch.JSchException: java.net.ConnectException: Connection timed out: connect
2022-07-01 15:42:09,448 [main] INFO angular.testscripts.prereuisitesangular.PreRequisite_C2CWithdrawal_Revamp - ------------------ Test Case Execution Started For A_01_Test_C2CWithdrawlMobileBuyerType -------------------
2022-07-01 15:42:09,448 [main] INFO angular.testscripts.prereuisitesangular.PreRequisite_C2CWithdrawal_Revamp - Entered A_01_Test_C2CWithdrawlMobileBuyerType(Dealer, Agent, 7802617823, 2468, Distributor, Super Distributor, SA, 3)
2022-07-01 15:42:09,449 [main] INFO com.dbrepository.OracleRepository - Entered getPreference(AG, NG, MAX_APPROVAL_LEVEL_C2C_TRANSFER)
2022-07-01 15:42:09,451 [main] INFO com.dbrepository.DBConnectionPool - Active Size:0 Cache Size:10
2022-07-01 15:42:09,533 [main] INFO com.dbrepository.OracleRepository - Service Class Preference Not Found
2022-07-01 15:42:09,534 [main] INFO com.dbrepository.OracleRepository - Trying to get Preference value from Control Preferences
2022-07-01 15:42:09,615 [main] INFO com.dbrepository.OracleRepository - Query Repository Returns: DEFAULT_VALUE (0)
2022-07-01 15:42:09,658 [main] INFO com.utils.CommonUtils - Category Code for Dealer: SE
2022-07-01 15:42:09,698 [main] INFO com.dbrepository.OracleRepository - Entered webInterface(Dealer)
2022-07-01 15:42:09,700 [main] INFO com.dbrepository.DBConnectionPool - Active Size:0 Cache Size:10
2022-07-01 15:42:09,702 [main] INFO com.dbrepository.OracleRepository - webInterface() :: select query: Select WEB_INTERFACE_ALLOWED from categories where category_name= ?
2022-07-01 15:42:09,785 [main] INFO com.dbrepository.OracleRepository - Database Returns: WEB_INTERFACE_ALLOWED (Y)
2022-07-01 15:42:09,786 [main] INFO com.dbrepository.OracleRepository - Exited webInterface()
2022-07-01 15:42:09,788 [main] INFO angular.feature.C2CTransferRevamp - Entered performC2CTransferMobileBuyerType(Dealer, Agent, 7802617823, 2468)
2022-07-01 15:42:09,830 [main] INFO angular.classes.LoginRevamp - Login ID Found as: newdealusrr
2022-07-01 15:42:09,832 [main] INFO angular.classes.LoginRevamp - Password Found as: Com@2468
2022-07-01 15:42:09,833 [main] INFO angular.feature.C2CTransferRevamp - LOGINID : newdealusrr
2022-07-01 15:42:09,857 [main] INFO angular.classes.LoginRevamp - LoginID found as: newdealusrr
2022-07-01 15:42:09,859 [main] INFO angular.classes.LoginRevamp - Password found as: Com@2468
2022-07-01 15:42:09,860 [main] INFO angular.classes.LoginRevamp - Username found as: dealuser
2022-07-01 15:42:10,863 [main] INFO angular.pageobjects.loginpages.LoginPageRevamp - Trying to select Language
2022-07-01 15:42:21,142 [main] INFO angular.pageobjects.loginpages.LoginPageRevamp - <b>Language Selector Not Found:</b>
2022-07-01 15:42:21,154 [main] INFO angular.pageobjects.loginpages.LoginPageRevamp - Trying to enter Login ID
2022-07-01 15:42:21,305 [main] INFO angular.pageobjects.loginpages.LoginPageRevamp - Login ID entered successfully as: newdealusrr
2022-07-01 15:42:21,309 [main] INFO angular.pageobjects.loginpages.LoginPageRevamp - Trying to enter Password
2022-07-01 15:42:21,453 [main] INFO angular.pageobjects.loginpages.LoginPageRevamp - Password entered successfully as: Com@2468
2022-07-01 15:42:21,455 [main] INFO angular.pageobjects.loginpages.LoginPageRevamp - Trying to click Login Button
2022-07-01 15:42:21,539 [main] INFO angular.pageobjects.loginpages.LoginPageRevamp - Login button clicked successfully
2022-07-01 15:42:21,591 [main] INFO angular.pageobjects.loginpages.LoginPageRevamp - Error Message Found on Login Screen: 
2022-07-01 15:42:29,632 [main] INFO angular.pageobjects.c2ctransfer.C2CTransfers - Trying clicking on C2C Heading
2022-07-01 15:42:29,748 [main] INFO angular.pageobjects.c2ctransfer.C2CTransfers - User clicked C2C Heading Link.
2022-07-01 15:42:29,750 [main] INFO angular.pageobjects.c2ctransfer.C2CTransfers - Trying clicking on C2C Transaction Heading
2022-07-01 15:42:29,944 [main] INFO angular.pageobjects.c2ctransfer.C2CTransfers - User clicked C2C Transaction Heading Link.
2022-07-01 15:42:29,946 [main] INFO angular.feature.C2CTransferRevamp - C2C Heading and Transaction Heading is clicked
2022-07-01 15:42:29,947 [main] INFO angular.pageobjects.c2ctransfer.C2CTransfers - Trying clicking on C2C Single Operation Heading
2022-07-01 15:42:30,047 [main] INFO angular.pageobjects.c2ctransfer.C2CTransfers - User clicked C2C Single Operation Heading.
2022-07-01 15:42:30,049 [main] INFO angular.pageobjects.c2ctransfer.C2CTransfers - Trying clicking on C2C Transfer Heading
2022-07-01 15:42:30,139 [main] INFO angular.pageobjects.c2ctransfer.C2CTransfers - User clicked C2C Transfer Heading.
2022-07-01 15:42:30,143 [main] INFO angular.pageobjects.c2ctransfer.C2CTransfers - Trying clicking on Etopup
2022-07-01 15:42:30,256 [main] INFO angular.pageobjects.c2ctransfer.C2CTransfers - Clicked Etopup.
2022-07-01 15:42:30,259 [main] INFO angular.pageobjects.c2ctransfer.C2CTransfers - Trying to select C2C Buyer Type
2022-07-01 15:42:30,476 [main] INFO angular.pageobjects.c2ctransfer.C2CTransfers - C2C Buyer Type selected : //ng-select[@id='searchBy']//ng-dropdown-panel[contains(@class,'ng-star-inserted')]//span[text()='Mobile Number']
2022-07-01 15:42:30,477 [main] INFO angular.pageobjects.c2ctransfer.C2CTransfers - Entering C2C MSISDN
2022-07-01 15:42:30,590 [main] INFO angular.pageobjects.c2ctransfer.C2CTransfers - Entered C2C MSISDN : 7802617823
2022-07-01 15:42:40,593 [main] INFO angular.pageobjects.c2ctransfer.C2CTransfers - Trying clicking on PROCEED button on C2C
2022-07-01 15:42:42,701 [main] INFO angular.pageobjects.c2ctransfer.C2CTransfers - Clicked PROCEED button on C2C.
2022-07-01 15:42:42,713 [main] INFO angular.pageobjects.c2ctransfer.C2CTransfers - Trying to initiate C2C Topups
2022-07-01 15:42:42,867 [main] INFO angular.pageobjects.c2ctransfer.C2CTransfers - rowCount of c2c topups available on screen : 2
2022-07-01 15:42:42,868 [main] INFO angular.pageobjects.c2ctransfer.C2CTransfers - sheetProductCode : eTopUP
2022-07-01 15:42:42,870 [main] INFO angular.pageobjects.c2ctransfer.C2CTransfers - sheetProductCode : PeTopUP
2022-07-01 15:42:42,915 [main] INFO angular.pageobjects.c2ctransfer.C2CTransfers - quantity : 2
2022-07-01 15:42:42,916 [main] INFO angular.pageobjects.c2ctransfer.C2CTransfers - String.valueOf(quantity) SEND KEYS : 2
2022-07-01 15:42:43,015 [main] INFO angular.pageobjects.c2ctransfer.C2CTransfers - rowCount of c2c topups available on screen : 2
2022-07-01 15:42:43,017 [main] INFO angular.pageobjects.c2ctransfer.C2CTransfers - sheetProductCode : eTopUP
2022-07-01 15:42:43,077 [main] INFO angular.pageobjects.c2ctransfer.C2CTransfers - quantity : 3
2022-07-01 15:42:43,079 [main] INFO angular.pageobjects.c2ctransfer.C2CTransfers - String.valueOf(quantity) SEND KEYS : 3
2022-07-01 15:42:43,080 [main] INFO angular.pageobjects.c2ctransfer.C2CTransfers - sheetProductCode : PeTopUP
2022-07-01 15:42:43,082 [main] INFO angular.pageobjects.c2ctransfer.C2CTransfers - Entered Quantities: 
2022-07-01 15:42:43,199 [main] INFO angular.pageobjects.c2ctransfer.C2CTransfers - Entered Reference Number
2022-07-01 15:42:43,360 [main] INFO angular.pageobjects.c2ctransfer.C2CTransfers - User entered Remarks
2022-07-01 15:42:43,361 [main] INFO angular.pageobjects.c2ctransfer.C2CTransfers - Trying to select Payment mode : Cash
2022-07-01 15:42:46,601 [main] INFO angular.pageobjects.c2ctransfer.C2CTransfers - Selected Payment Mode : Cash
2022-07-01 15:42:46,614 [main] INFO angular.pageobjects.c2ctransfer.C2CTransfers - Trying to select Payment Instrument Number
2022-07-01 15:42:46,729 [main] INFO angular.pageobjects.c2ctransfer.C2CTransfers - User entered PaymentInstNum: 124231
2022-07-01 15:42:46,731 [main] INFO angular.feature.C2CTransferRevamp - Trying to select Date
2022-07-01 15:42:46,732 [main] INFO angular.pageobjects.c2ctransfer.C2CTransfers - Trying to enter Payment Instrument Date
2022-07-01 15:42:46,888 [main] INFO angular.pageobjects.c2ctransfer.C2CTransfers - User entered PaymentInstDate: 01/07/22
2022-07-01 15:42:46,890 [main] INFO angular.pageobjects.c2ctransfer.C2CTransfers - Trying clicking on C2C TRANSFER button
2022-07-01 15:42:47,006 [main] INFO angular.pageobjects.c2ctransfer.C2CTransfers - Clicked C2C Transfer Button
2022-07-01 15:42:48,114 [main] INFO angular.pageobjects.c2ctransfer.C2CTransfers - PIN PopUP is visible.
2022-07-01 15:42:48,117 [main] INFO angular.pageobjects.c2ctransfer.C2CTransfers - Trying to Enter Channel User PIN for C2C
2022-07-01 15:42:48,214 [main] INFO angular.pageobjects.c2ctransfer.C2CTransfers - User entered PIN: 2468
2022-07-01 15:42:48,219 [main] INFO angular.pageobjects.c2ctransfer.C2CTransfers - Trying clicking on C2C TRANSFER button
2022-07-01 15:42:48,316 [main] INFO angular.pageobjects.c2ctransfer.C2CTransfers - Clicked C2C Transfer Button
2022-07-01 15:42:49,423 [main] INFO angular.pageobjects.c2ctransfer.C2CTransfers - PIN PopUP is visible.
2022-07-01 15:42:49,425 [main] INFO angular.pageobjects.c2ctransfer.C2CTransfers - Fetching C2C Transfer Request Initiated Message
2022-07-01 15:42:49,483 [main] INFO angular.pageobjects.c2ctransfer.C2CTransfers - C2C Transfer Request Initiated Message : Transfer Request Initiated
2022-07-01 15:42:49,485 [main] INFO angular.pageobjects.c2ctransfer.C2CTransfers - Trying to get C2C Topups Done
2022-07-01 15:42:49,597 [main] INFO angular.pageobjects.c2ctransfer.C2CTransfers - C2C [[ChromeDriver: chrome on WINDOWS (f186c68eb27236e8b2c767176241c1aa)] -> xpath: (//label[@class='labelposPrd'])[1]] : [[ChromeDriver: chrome on WINDOWS (f186c68eb27236e8b2c767176241c1aa)] -> xpath: (//label[@class='labelposPrd'])[1]/following-sibling::label]
2022-07-01 15:42:49,628 [main] INFO angular.pageobjects.c2ctransfer.C2CTransfers - C2C [[ChromeDriver: chrome on WINDOWS (f186c68eb27236e8b2c767176241c1aa)] -> xpath: (//label[@class='labelposPrd'])[2]] : [[ChromeDriver: chrome on WINDOWS (f186c68eb27236e8b2c767176241c1aa)] -> xpath: (//label[@class='labelposPrd'])[2]/following-sibling::label]
2022-07-01 15:42:49,630 [main] INFO angular.pageobjects.c2ctransfer.C2CTransfers -  C2C TOPUPS Done and Info Printed Above
2022-07-01 15:42:49,632 [main] INFO angular.pageobjects.c2ctransfer.C2CTransfers - Fetching C2C Transfer Transaction ID
2022-07-01 15:42:49,702 [main] INFO angular.pageobjects.c2ctransfer.C2CTransfers - C2C Transfer Transaction ID : CT220701.1534.100001
2022-07-01 15:43:10,753 [main] ERROR com.sshmanager.SSHService - Error while getting SSH Server Instance : com.jcraft.jsch.JSchException: java.net.ConnectException: Connection timed out: connect
2022-07-01 15:43:10,768 [main] INFO angular.pageobjects.c2ctransfer.C2CTransfers - Trying to Click DONE button after C2C Transfer initiated
2022-07-01 15:43:10,870 [main] INFO angular.pageobjects.c2ctransfer.C2CTransfers - Clicked Done for Initiated C2C
2022-07-01 15:43:10,872 [main] INFO angular.feature.C2CTransferRevamp - Exiting performC2CTransferMobileBuyerType
2022-07-01 15:43:10,875 [main] INFO angular.testscripts.prereuisitesangular.PreRequisite_C2CWithdrawal_Revamp - C2C vocuher transfer Approval is perform at c2c transfer itself
2022-07-01 15:43:10,878 [main] INFO angular.feature.C2CTransferRevamp - Entered performC2CWithdrawalMobileBuyerType(Dealer, Agent, 7802617823, 2468)
2022-07-01 15:43:10,927 [main] INFO angular.classes.LoginRevamp - Login ID Found as: newdealusrr
2022-07-01 15:43:10,929 [main] INFO angular.classes.LoginRevamp - Password Found as: Com@2468
2022-07-01 15:43:10,930 [main] INFO angular.feature.C2CTransferRevamp - LOGINID : newdealusrr
2022-07-01 15:43:10,953 [main] INFO angular.classes.LoginRevamp - LoginID found as: newdealusrr
2022-07-01 15:43:10,955 [main] INFO angular.classes.LoginRevamp - Password found as: Com@2468
2022-07-01 15:43:10,958 [main] INFO angular.classes.LoginRevamp - Username found as: dealuser
2022-07-01 15:43:11,318 [main] INFO angular.pageobjects.loginpages.LoginPageRevamp - Trying to select Language
2022-07-01 15:43:21,673 [main] INFO angular.pageobjects.loginpages.LoginPageRevamp - <b>Language Selector Not Found:</b>
2022-07-01 15:43:21,684 [main] INFO angular.pageobjects.loginpages.LoginPageRevamp - Trying to enter Login ID
2022-07-01 15:43:21,837 [main] INFO angular.pageobjects.loginpages.LoginPageRevamp - Login ID entered successfully as: newdealusrr
2022-07-01 15:43:21,839 [main] INFO angular.pageobjects.loginpages.LoginPageRevamp - Trying to enter Password
2022-07-01 15:43:21,982 [main] INFO angular.pageobjects.loginpages.LoginPageRevamp - Password entered successfully as: Com@2468
2022-07-01 15:43:21,984 [main] INFO angular.pageobjects.loginpages.LoginPageRevamp - Trying to click Login Button
2022-07-01 15:43:22,068 [main] INFO angular.pageobjects.loginpages.LoginPageRevamp - Login button clicked successfully
2022-07-01 15:43:22,119 [main] INFO angular.pageobjects.loginpages.LoginPageRevamp - Error Message Found on Login Screen: 
2022-07-01 15:43:30,097 [main] INFO angular.pageobjects.c2ctransfer.C2CTransfers - Trying clicking on C2C Heading
2022-07-01 15:43:30,176 [main] INFO angular.pageobjects.c2ctransfer.C2CTransfers - User clicked C2C Heading Link.
2022-07-01 15:43:30,178 [main] INFO angular.pageobjects.c2ctransfer.C2CTransfers - Trying clicking on C2C Transaction Heading
2022-07-01 15:43:30,341 [main] INFO angular.pageobjects.c2ctransfer.C2CTransfers - User clicked C2C Transaction Heading Link.
2022-07-01 15:43:30,343 [main] INFO angular.feature.C2CTransferRevamp - C2C Heading and Transaction Heading is clicked
2022-07-01 15:43:30,344 [main] INFO angular.pageobjects.c2ctransfer.C2CTransfers - Trying clicking on C2C Withdrawal Heading
2022-07-01 15:43:30,449 [main] INFO angular.pageobjects.c2ctransfer.C2CTransfers - User clicked C2C Withdrawal Heading.
2022-07-01 15:43:30,454 [main] INFO angular.pageobjects.c2ctransfer.C2CTransfers - Trying to select C2C Buyer Type
2022-07-01 15:43:30,629 [main] INFO angular.pageobjects.c2ctransfer.C2CTransfers - C2C Buyer Type selected : //ng-select[@id='searchBy']//ng-dropdown-panel[contains(@class,'ng-star-inserted')]//span[text()='Mobile Number']
2022-07-01 15:43:30,630 [main] INFO angular.pageobjects.c2ctransfer.C2CTransfers - Entering C2C MSISDN
2022-07-01 15:43:30,755 [main] INFO angular.pageobjects.c2ctransfer.C2CTransfers - Entered C2C MSISDN : 7802617823
2022-07-01 15:43:40,764 [main] INFO angular.pageobjects.c2ctransfer.C2CTransfers - Trying clicking on PROCEED button on C2C
2022-07-01 15:43:42,869 [main] INFO angular.pageobjects.c2ctransfer.C2CTransfers - Clicked PROCEED button on C2C.
2022-07-01 15:43:42,880 [main] INFO angular.pageobjects.c2ctransfer.C2CTransfers - Trying to initiate C2C Topups
2022-07-01 15:43:42,954 [main] INFO com.classes.BaseTest - org.openqa.selenium.NoSuchElementException: no such element: Unable to locate element: {"method":"xpath","selector":"(//label[@class='company leftPadding'])[1]"}
  (Session info: chrome=103.0.5060.66)
For documentation on this error, please visit: http://seleniumhq.org/exceptions/no_such_element.html
Build info: version: '3.10.0', revision: '176b4a9', time: '2018-03-02T19:03:16.397Z'
System info: host: 'MCKL-20005142', ip: '192.168.1.40', os.name: 'Windows 10', os.arch: 'amd64', os.version: '10.0', java.version: '1.8.0_291'
Driver info: org.openqa.selenium.chrome.ChromeDriver
Capabilities {acceptInsecureCerts: false, browserName: chrome, browserVersion: 103.0.5060.66, chrome: {chromedriverVersion: 103.0.5060.53 (a1711811edd7..., userDataDir: C:\Users\SOURAB~1.AWA\AppDa...}, goog:chromeOptions: {debuggerAddress: localhost:52306}, javascriptEnabled: true, networkConnectionEnabled: false, pageLoadStrategy: normal, platform: WINDOWS, platformName: WINDOWS, proxy: Proxy(), setWindowRect: true, strictFileInteractability: false, timeouts: {implicit: 0, pageLoad: 300000, script: 30000}, unhandledPromptBehavior: dismiss and notify, webauthn:extension:credBlob: true, webauthn:extension:largeBlob: true, webauthn:virtualAuthenticators: true}
Session ID: f186c68eb27236e8b2c767176241c1aa
*** Element info: {Using=xpath, value=(//label[@class='company leftPadding'])[1]}
2022-07-01 15:44:03,968 [main] ERROR com.sshmanager.SSHService - Error while getting SSH Server Instance : com.jcraft.jsch.JSchException: java.net.ConnectException: Connection timed out: connect
2022-07-01 15:44:04,190 [main] INFO angular.testscripts.prereuisitesangular.PreRequisite_C2CWithdrawal_Revamp - ------------------ Test Case Execution Started For A_01_Test_C2CWithdrawlMobileBuyerType -------------------
2022-07-01 15:44:04,190 [main] INFO angular.testscripts.prereuisitesangular.PreRequisite_C2CWithdrawal_Revamp - Entered A_01_Test_C2CWithdrawlMobileBuyerType(Dealer, Agent, 8905169743, 2468, Distributor, Dealer, SA, 4)
2022-07-01 15:44:04,192 [main] INFO com.dbrepository.OracleRepository - Entered getPreference(AG, NG, MAX_APPROVAL_LEVEL_C2C_TRANSFER)
2022-07-01 15:44:04,193 [main] INFO com.dbrepository.DBConnectionPool - Active Size:0 Cache Size:10
2022-07-01 15:44:04,274 [main] INFO com.dbrepository.OracleRepository - Service Class Preference Not Found
2022-07-01 15:44:04,276 [main] INFO com.dbrepository.OracleRepository - Trying to get Preference value from Control Preferences
2022-07-01 15:44:04,356 [main] INFO com.dbrepository.OracleRepository - Query Repository Returns: DEFAULT_VALUE (0)
2022-07-01 15:44:04,403 [main] INFO com.utils.CommonUtils - Category Code for Dealer: SE
2022-07-01 15:44:04,429 [main] INFO com.dbrepository.OracleRepository - Entered webInterface(Dealer)
2022-07-01 15:44:04,431 [main] INFO com.dbrepository.DBConnectionPool - Active Size:0 Cache Size:10
2022-07-01 15:44:04,433 [main] INFO com.dbrepository.OracleRepository - webInterface() :: select query: Select WEB_INTERFACE_ALLOWED from categories where category_name= ?
2022-07-01 15:44:04,562 [main] INFO com.dbrepository.OracleRepository - Database Returns: WEB_INTERFACE_ALLOWED (Y)
2022-07-01 15:44:04,564 [main] INFO com.dbrepository.OracleRepository - Exited webInterface()
2022-07-01 15:44:04,567 [main] INFO angular.feature.C2CTransferRevamp - Entered performC2CTransferMobileBuyerType(Dealer, Agent, 8905169743, 2468)
2022-07-01 15:44:04,635 [main] INFO angular.classes.LoginRevamp - Login ID Found as: newdealusrr
2022-07-01 15:44:04,637 [main] INFO angular.classes.LoginRevamp - Password Found as: Com@2468
2022-07-01 15:44:04,639 [main] INFO angular.feature.C2CTransferRevamp - LOGINID : newdealusrr
2022-07-01 15:44:04,681 [main] INFO angular.classes.LoginRevamp - LoginID found as: newdealusrr
2022-07-01 15:44:04,683 [main] INFO angular.classes.LoginRevamp - Password found as: Com@2468
2022-07-01 15:44:04,685 [main] INFO angular.classes.LoginRevamp - Username found as: dealuser
2022-07-01 15:44:05,270 [main] INFO angular.pageobjects.loginpages.LoginPageRevamp - Trying to select Language
2022-07-01 15:44:15,583 [main] INFO angular.pageobjects.loginpages.LoginPageRevamp - <b>Language Selector Not Found:</b>
2022-07-01 15:44:15,594 [main] INFO angular.pageobjects.loginpages.LoginPageRevamp - Trying to enter Login ID
2022-07-01 15:44:15,759 [main] INFO angular.pageobjects.loginpages.LoginPageRevamp - Login ID entered successfully as: newdealusrr
2022-07-01 15:44:15,761 [main] INFO angular.pageobjects.loginpages.LoginPageRevamp - Trying to enter Password
2022-07-01 15:44:15,899 [main] INFO angular.pageobjects.loginpages.LoginPageRevamp - Password entered successfully as: Com@2468
2022-07-01 15:44:15,901 [main] INFO angular.pageobjects.loginpages.LoginPageRevamp - Trying to click Login Button
2022-07-01 15:44:15,983 [main] INFO angular.pageobjects.loginpages.LoginPageRevamp - Login button clicked successfully
2022-07-01 15:44:16,037 [main] INFO angular.pageobjects.loginpages.LoginPageRevamp - Error Message Found on Login Screen: 
2022-07-01 15:44:24,546 [main] INFO angular.pageobjects.c2ctransfer.C2CTransfers - Trying clicking on C2C Heading
2022-07-01 15:44:24,627 [main] INFO angular.pageobjects.c2ctransfer.C2CTransfers - User clicked C2C Heading Link.
2022-07-01 15:44:24,631 [main] INFO angular.pageobjects.c2ctransfer.C2CTransfers - Trying clicking on C2C Transaction Heading
2022-07-01 15:44:24,758 [main] INFO angular.pageobjects.c2ctransfer.C2CTransfers - User clicked C2C Transaction Heading Link.
2022-07-01 15:44:24,759 [main] INFO angular.feature.C2CTransferRevamp - C2C Heading and Transaction Heading is clicked
2022-07-01 15:44:24,761 [main] INFO angular.pageobjects.c2ctransfer.C2CTransfers - Trying clicking on C2C Single Operation Heading
2022-07-01 15:44:24,858 [main] INFO angular.pageobjects.c2ctransfer.C2CTransfers - User clicked C2C Single Operation Heading.
2022-07-01 15:44:24,861 [main] INFO angular.pageobjects.c2ctransfer.C2CTransfers - Trying clicking on C2C Transfer Heading
2022-07-01 15:44:24,937 [main] INFO angular.pageobjects.c2ctransfer.C2CTransfers - User clicked C2C Transfer Heading.
2022-07-01 15:44:24,940 [main] INFO angular.pageobjects.c2ctransfer.C2CTransfers - Trying clicking on Etopup
2022-07-01 15:44:25,064 [main] INFO angular.pageobjects.c2ctransfer.C2CTransfers - Clicked Etopup.
2022-07-01 15:44:25,066 [main] INFO angular.pageobjects.c2ctransfer.C2CTransfers - Trying to select C2C Buyer Type
2022-07-01 15:44:25,236 [main] INFO angular.pageobjects.c2ctransfer.C2CTransfers - C2C Buyer Type selected : //ng-select[@id='searchBy']//ng-dropdown-panel[contains(@class,'ng-star-inserted')]//span[text()='Mobile Number']
2022-07-01 15:44:25,240 [main] INFO angular.pageobjects.c2ctransfer.C2CTransfers - Entering C2C MSISDN
2022-07-01 15:44:25,357 [main] INFO angular.pageobjects.c2ctransfer.C2CTransfers - Entered C2C MSISDN : 8905169743
2022-07-01 15:44:35,360 [main] INFO angular.pageobjects.c2ctransfer.C2CTransfers - Trying clicking on PROCEED button on C2C
2022-07-01 15:44:37,477 [main] INFO angular.pageobjects.c2ctransfer.C2CTransfers - Clicked PROCEED button on C2C.
2022-07-01 15:44:37,487 [main] INFO angular.pageobjects.c2ctransfer.C2CTransfers - Trying to initiate C2C Topups
2022-07-01 15:44:37,619 [main] INFO angular.pageobjects.c2ctransfer.C2CTransfers - rowCount of c2c topups available on screen : 2
2022-07-01 15:44:37,621 [main] INFO angular.pageobjects.c2ctransfer.C2CTransfers - sheetProductCode : eTopUP
2022-07-01 15:44:37,623 [main] INFO angular.pageobjects.c2ctransfer.C2CTransfers - sheetProductCode : PeTopUP
2022-07-01 15:44:37,672 [main] INFO angular.pageobjects.c2ctransfer.C2CTransfers - quantity : 2
2022-07-01 15:44:37,675 [main] INFO angular.pageobjects.c2ctransfer.C2CTransfers - String.valueOf(quantity) SEND KEYS : 2
2022-07-01 15:44:37,781 [main] INFO angular.pageobjects.c2ctransfer.C2CTransfers - rowCount of c2c topups available on screen : 2
2022-07-01 15:44:37,783 [main] INFO angular.pageobjects.c2ctransfer.C2CTransfers - sheetProductCode : eTopUP
2022-07-01 15:44:37,826 [main] INFO angular.pageobjects.c2ctransfer.C2CTransfers - quantity : 3
2022-07-01 15:44:37,828 [main] INFO angular.pageobjects.c2ctransfer.C2CTransfers - String.valueOf(quantity) SEND KEYS : 3
2022-07-01 15:44:37,830 [main] INFO angular.pageobjects.c2ctransfer.C2CTransfers - sheetProductCode : PeTopUP
2022-07-01 15:44:37,832 [main] INFO angular.pageobjects.c2ctransfer.C2CTransfers - Entered Quantities: 
2022-07-01 15:44:37,950 [main] INFO angular.pageobjects.c2ctransfer.C2CTransfers - Entered Reference Number
2022-07-01 15:44:38,112 [main] INFO angular.pageobjects.c2ctransfer.C2CTransfers - User entered Remarks
2022-07-01 15:44:38,113 [main] INFO angular.pageobjects.c2ctransfer.C2CTransfers - Trying to select Payment mode : Cash
2022-07-01 15:44:41,329 [main] INFO angular.pageobjects.c2ctransfer.C2CTransfers - Selected Payment Mode : Cash
2022-07-01 15:44:41,344 [main] INFO angular.pageobjects.c2ctransfer.C2CTransfers - Trying to select Payment Instrument Number
2022-07-01 15:44:41,444 [main] INFO angular.pageobjects.c2ctransfer.C2CTransfers - User entered PaymentInstNum: 124231
2022-07-01 15:44:41,446 [main] INFO angular.feature.C2CTransferRevamp - Trying to select Date
2022-07-01 15:44:41,447 [main] INFO angular.pageobjects.c2ctransfer.C2CTransfers - Trying to enter Payment Instrument Date
2022-07-01 15:44:41,645 [main] INFO angular.pageobjects.c2ctransfer.C2CTransfers - User entered PaymentInstDate: 01/07/22
2022-07-01 15:44:41,648 [main] INFO angular.pageobjects.c2ctransfer.C2CTransfers - Trying clicking on C2C TRANSFER button
2022-07-01 15:44:41,877 [main] INFO angular.pageobjects.c2ctransfer.C2CTransfers - Clicked C2C Transfer Button
2022-07-01 15:44:42,992 [main] INFO angular.pageobjects.c2ctransfer.C2CTransfers - PIN PopUP is visible.
2022-07-01 15:44:42,994 [main] INFO angular.pageobjects.c2ctransfer.C2CTransfers - Trying to Enter Channel User PIN for C2C
2022-07-01 15:44:43,083 [main] INFO angular.pageobjects.c2ctransfer.C2CTransfers - User entered PIN: 2468
2022-07-01 15:44:43,086 [main] INFO angular.pageobjects.c2ctransfer.C2CTransfers - Trying clicking on C2C TRANSFER button
2022-07-01 15:44:43,173 [main] INFO angular.pageobjects.c2ctransfer.C2CTransfers - Clicked C2C Transfer Button
2022-07-01 15:44:44,281 [main] INFO angular.pageobjects.c2ctransfer.C2CTransfers - PIN PopUP is visible.
2022-07-01 15:44:44,282 [main] INFO angular.pageobjects.c2ctransfer.C2CTransfers - Fetching C2C Transfer Request Initiated Message
2022-07-01 15:44:44,340 [main] INFO angular.pageobjects.c2ctransfer.C2CTransfers - C2C Transfer Request Initiated Message : Transfer Request Initiated
2022-07-01 15:44:44,342 [main] INFO angular.pageobjects.c2ctransfer.C2CTransfers - Trying to get C2C Topups Done
2022-07-01 15:44:44,454 [main] INFO angular.pageobjects.c2ctransfer.C2CTransfers - C2C [[ChromeDriver: chrome on WINDOWS (f186c68eb27236e8b2c767176241c1aa)] -> xpath: (//label[@class='labelposPrd'])[1]] : [[ChromeDriver: chrome on WINDOWS (f186c68eb27236e8b2c767176241c1aa)] -> xpath: (//label[@class='labelposPrd'])[1]/following-sibling::label]
2022-07-01 15:44:44,484 [main] INFO angular.pageobjects.c2ctransfer.C2CTransfers - C2C [[ChromeDriver: chrome on WINDOWS (f186c68eb27236e8b2c767176241c1aa)] -> xpath: (//label[@class='labelposPrd'])[2]] : [[ChromeDriver: chrome on WINDOWS (f186c68eb27236e8b2c767176241c1aa)] -> xpath: (//label[@class='labelposPrd'])[2]/following-sibling::label]
2022-07-01 15:44:44,486 [main] INFO angular.pageobjects.c2ctransfer.C2CTransfers -  C2C TOPUPS Done and Info Printed Above
2022-07-01 15:44:44,487 [main] INFO angular.pageobjects.c2ctransfer.C2CTransfers - Fetching C2C Transfer Transaction ID
2022-07-01 15:44:44,540 [main] INFO angular.pageobjects.c2ctransfer.C2CTransfers - C2C Transfer Transaction ID : CT220701.1536.100001
2022-07-01 15:45:05,573 [main] ERROR com.sshmanager.SSHService - Error while getting SSH Server Instance : com.jcraft.jsch.JSchException: java.net.ConnectException: Connection timed out: connect
2022-07-01 15:45:05,586 [main] INFO angular.pageobjects.c2ctransfer.C2CTransfers - Trying to Click DONE button after C2C Transfer initiated
2022-07-01 15:45:05,677 [main] INFO angular.pageobjects.c2ctransfer.C2CTransfers - Clicked Done for Initiated C2C
2022-07-01 15:45:05,680 [main] INFO angular.feature.C2CTransferRevamp - Exiting performC2CTransferMobileBuyerType
2022-07-01 15:45:05,682 [main] INFO angular.testscripts.prereuisitesangular.PreRequisite_C2CWithdrawal_Revamp - C2C vocuher transfer Approval is perform at c2c transfer itself
2022-07-01 15:45:05,684 [main] INFO angular.feature.C2CTransferRevamp - Entered performC2CWithdrawalMobileBuyerType(Dealer, Agent, 8905169743, 2468)
2022-07-01 15:45:05,782 [main] INFO angular.classes.LoginRevamp - Login ID Found as: newdealusrr
2022-07-01 15:45:05,785 [main] INFO angular.classes.LoginRevamp - Password Found as: Com@2468
2022-07-01 15:45:05,787 [main] INFO angular.feature.C2CTransferRevamp - LOGINID : newdealusrr
2022-07-01 15:45:05,812 [main] INFO angular.classes.LoginRevamp - LoginID found as: newdealusrr
2022-07-01 15:45:05,815 [main] INFO angular.classes.LoginRevamp - Password found as: Com@2468
2022-07-01 15:45:05,817 [main] INFO angular.classes.LoginRevamp - Username found as: dealuser
2022-07-01 15:45:06,228 [main] INFO angular.pageobjects.loginpages.LoginPageRevamp - Trying to select Language
2022-07-01 15:45:16,511 [main] INFO angular.pageobjects.loginpages.LoginPageRevamp - <b>Language Selector Not Found:</b>
2022-07-01 15:45:16,523 [main] INFO angular.pageobjects.loginpages.LoginPageRevamp - Trying to enter Login ID
2022-07-01 15:45:16,676 [main] INFO angular.pageobjects.loginpages.LoginPageRevamp - Login ID entered successfully as: newdealusrr
2022-07-01 15:45:16,678 [main] INFO angular.pageobjects.loginpages.LoginPageRevamp - Trying to enter Password
2022-07-01 15:45:16,824 [main] INFO angular.pageobjects.loginpages.LoginPageRevamp - Password entered successfully as: Com@2468
2022-07-01 15:45:16,826 [main] INFO angular.pageobjects.loginpages.LoginPageRevamp - Trying to click Login Button
2022-07-01 15:45:16,916 [main] INFO angular.pageobjects.loginpages.LoginPageRevamp - Login button clicked successfully
2022-07-01 15:45:16,959 [main] INFO angular.pageobjects.loginpages.LoginPageRevamp - Error Message Found on Login Screen: 
2022-07-01 15:45:24,981 [main] INFO angular.pageobjects.c2ctransfer.C2CTransfers - Trying clicking on C2C Heading
2022-07-01 15:45:25,061 [main] INFO angular.pageobjects.c2ctransfer.C2CTransfers - User clicked C2C Heading Link.
2022-07-01 15:45:25,063 [main] INFO angular.pageobjects.c2ctransfer.C2CTransfers - Trying clicking on C2C Transaction Heading
2022-07-01 15:45:25,207 [main] INFO angular.pageobjects.c2ctransfer.C2CTransfers - User clicked C2C Transaction Heading Link.
2022-07-01 15:45:25,209 [main] INFO angular.feature.C2CTransferRevamp - C2C Heading and Transaction Heading is clicked
2022-07-01 15:45:25,210 [main] INFO angular.pageobjects.c2ctransfer.C2CTransfers - Trying clicking on C2C Withdrawal Heading
2022-07-01 15:45:25,341 [main] INFO angular.pageobjects.c2ctransfer.C2CTransfers - User clicked C2C Withdrawal Heading.
2022-07-01 15:45:25,343 [main] INFO angular.pageobjects.c2ctransfer.C2CTransfers - Trying to select C2C Buyer Type
2022-07-01 15:45:25,550 [main] INFO angular.pageobjects.c2ctransfer.C2CTransfers - C2C Buyer Type selected : //ng-select[@id='searchBy']//ng-dropdown-panel[contains(@class,'ng-star-inserted')]//span[text()='Mobile Number']
2022-07-01 15:45:25,553 [main] INFO angular.pageobjects.c2ctransfer.C2CTransfers - Entering C2C MSISDN
2022-07-01 15:45:25,665 [main] INFO angular.pageobjects.c2ctransfer.C2CTransfers - Entered C2C MSISDN : 8905169743
2022-07-01 15:45:35,670 [main] INFO angular.pageobjects.c2ctransfer.C2CTransfers - Trying clicking on PROCEED button on C2C
2022-07-01 15:45:37,773 [main] INFO angular.pageobjects.c2ctransfer.C2CTransfers - Clicked PROCEED button on C2C.
2022-07-01 15:45:37,784 [main] INFO angular.pageobjects.c2ctransfer.C2CTransfers - Trying to initiate C2C Topups
2022-07-01 15:45:37,862 [main] INFO com.classes.BaseTest - org.openqa.selenium.NoSuchElementException: no such element: Unable to locate element: {"method":"xpath","selector":"(//label[@class='company leftPadding'])[1]"}
  (Session info: chrome=103.0.5060.66)
For documentation on this error, please visit: http://seleniumhq.org/exceptions/no_such_element.html
Build info: version: '3.10.0', revision: '176b4a9', time: '2018-03-02T19:03:16.397Z'
System info: host: 'MCKL-20005142', ip: '192.168.1.40', os.name: 'Windows 10', os.arch: 'amd64', os.version: '10.0', java.version: '1.8.0_291'
Driver info: org.openqa.selenium.chrome.ChromeDriver
Capabilities {acceptInsecureCerts: false, browserName: chrome, browserVersion: 103.0.5060.66, chrome: {chromedriverVersion: 103.0.5060.53 (a1711811edd7..., userDataDir: C:\Users\SOURAB~1.AWA\AppDa...}, goog:chromeOptions: {debuggerAddress: localhost:52306}, javascriptEnabled: true, networkConnectionEnabled: false, pageLoadStrategy: normal, platform: WINDOWS, platformName: WINDOWS, proxy: Proxy(), setWindowRect: true, strictFileInteractability: false, timeouts: {implicit: 0, pageLoad: 300000, script: 30000}, unhandledPromptBehavior: dismiss and notify, webauthn:extension:credBlob: true, webauthn:extension:largeBlob: true, webauthn:virtualAuthenticators: true}
Session ID: f186c68eb27236e8b2c767176241c1aa
*** Element info: {Using=xpath, value=(//label[@class='company leftPadding'])[1]}
