2022-04-29 12:58:43,864 [main] INFO com.classes.BaseTest - Loading all methods from -masterVO class
2022-04-29 12:58:43,867 [main] INFO com.utils._masterVO - Loading Properties file from: .//src//test//resources//sysconfig//Constant.properties
2022-04-29 12:58:43,870 [main] INFO com.utils._masterVO - Properties File Loaded successfully
2022-04-29 12:58:43,872 [main] INFO com.utils._masterVO - Loading Master Sheet from: src//test//resources//config//DataProvider.xlsx
2022-04-29 12:58:44,468 [main] INFO com.utils._masterVO - Master Sheet Loaded successfully
2022-04-29 12:58:44,469 [main] INFO com.utils._masterVO - Loading Client Library for Client Versioning from: .//src//test//resources//sysconfig//ClientLib.properties
2022-04-29 12:58:44,482 [main] INFO com.utils._masterVO - Client Library Loaded successfully
2022-04-29 12:58:44,740 [main] INFO com.utils._masterVO - loadGeoDomains Map returns ::ZO - AUTbKlI - AUToKa1C
2022-04-29 12:58:44,857 [main] INFO com.utils._masterVO - loadGeoDomains Map returns ::AR - AUT7dba - AUT63dCN
2022-04-29 12:58:44,964 [main] INFO com.utils._masterVO - loadGeoDomains Map returns ::SA - AUTO2Fm - AUTNelnh
2022-04-29 12:58:45,393 [main] INFO com.utils._masterVO - Loading test case file file from: .//src//test//resources//sysconfig//testCaseFile.properties
2022-04-29 12:58:45,403 [main] INFO com.utils._masterVO - Test cases file Loaded successfully
2022-04-29 12:58:45,404 [main] INFO com.utils._masterVO - Loading Web Cases Master file from: .//src//test//resources//config//testCaseFile.properties
2022-04-29 12:58:45,424 [main] INFO com.utils._masterVO - Gateway Cases Master File Loaded successfully
2022-04-29 12:58:45,459 [main] INFO com.dbrepository.DBHandler - Entered Access Handler :: PostGreSQL
2022-04-29 12:58:45,465 [main] INFO com.commons.CacheController - New Cache DAO Loaded :: UPDATECACHE_VER = 1
2022-04-29 12:58:45,501 [MLog-Init-Reporter] INFO com.mchange.v2.log.MLog - MLog clients using log4j logging.
2022-04-29 12:58:45,573 [main] INFO com.mchange.v2.c3p0.C3P0Registry - Initializing c3p0-0.9.5.2 [built 08-December-2015 22:06:04 -0800; debug? true; trace: 10]
2022-04-29 12:58:45,641 [main] INFO com.mchange.v2.c3p0.impl.AbstractPoolBackedDataSource - Initializing c3p0 pool... com.mchange.v2.c3p0.ComboPooledDataSource [ acquireIncrement -> 5, acquireRetryAttempts -> 30, acquireRetryDelay -> 1000, autoCommitOnClose -> false, automaticTestTable -> null, breakAfterAcquireFailure -> false, checkoutTimeout -> 0, connectionCustomizerClassName -> null, connectionTesterClassName -> com.mchange.v2.c3p0.impl.DefaultConnectionTester, contextClassLoaderSource -> caller, dataSourceName -> 1hge148aow8ws0r11fs7pg|4167d97b, debugUnreturnedConnectionStackTraces -> false, description -> null, driverClass -> org.postgresql.Driver, extensions -> {}, factoryClassLocation -> null, forceIgnoreUnresolvedTransactions -> false, forceSynchronousCheckins -> false, forceUseNamedDriverClass -> false, identityToken -> 1hge148aow8ws0r11fs7pg|4167d97b, idleConnectionTestPeriod -> 0, initialPoolSize -> 10, jdbcUrl -> jdbc:postgresql://172.30.38.120:5432/pretups_trunk, maxAdministrativeTaskTime -> 0, maxConnectionAge -> 0, maxIdleTime -> 0, maxIdleTimeExcessConnections -> 0, maxPoolSize -> 20, maxStatements -> 0, maxStatementsPerConnection -> 0, minPoolSize -> 10, numHelperThreads -> 3, preferredTestQuery -> null, privilegeSpawnedThreads -> false, properties -> {user=******, password=******}, propertyCycle -> 0, statementCacheNumDeferredCloseThreads -> 0, testConnectionOnCheckin -> false, testConnectionOnCheckout -> false, unreturnedConnectionTimeout -> 0, userOverrides -> {}, usesTraditionalReflectiveProxies -> false ]
2022-04-29 12:58:46,174 [main] INFO com.dbrepository.PostGreSQLRepository - Entered :: getNetworkName()
2022-04-29 12:58:46,264 [main] INFO com.dbrepository.PostGreSQLRepository - Query Repository Returns: Network Name (Network GGN)
2022-04-29 12:58:46,265 [main] INFO com.dbrepository.PostGreSQLRepository - Entered :: getSystemPreference(AMOUNT_MULT_FACTOR)
2022-04-29 12:58:46,267 [main] INFO com.dbrepository.DBConnectionPool - Active Size:1 Cache Size:2
2022-04-29 12:58:46,361 [main] INFO com.dbrepository.PostGreSQLRepository - Query Repository Returns: DEFAULT_VALUE (100)
2022-04-29 12:58:46,363 [main] INFO com.dbrepository.PostGreSQLRepository - Entered :: getSystemPreference(MSISDN_PREFIX_LENGTH)
2022-04-29 12:58:46,364 [main] INFO com.dbrepository.DBConnectionPool - Active Size:2 Cache Size:1
2022-04-29 12:58:46,460 [main] INFO com.dbrepository.PostGreSQLRepository - Query Repository Returns: DEFAULT_VALUE (2)
2022-04-29 12:58:46,461 [main] INFO com.dbrepository.PostGreSQLRepository - Entered :: getSystemPreference(MAX_MSISDN_LENGTH)
2022-04-29 12:58:46,462 [main] INFO com.dbrepository.DBConnectionPool - Active Size:3 Cache Size:0
2022-04-29 12:58:46,688 [main] INFO com.dbrepository.PostGreSQLRepository - Query Repository Returns: DEFAULT_VALUE (15)
2022-04-29 12:58:46,690 [main] INFO com.dbrepository.PostGreSQLRepository - Entered :: getSystemPreference(USER_PRODUCT_MULTIPLE_WALLET)
2022-04-29 12:58:46,691 [main] INFO com.dbrepository.DBConnectionPool - Active Size:4 Cache Size:1
2022-04-29 12:58:46,854 [main] INFO com.dbrepository.PostGreSQLRepository - Query Repository Returns: DEFAULT_VALUE (false)
2022-04-29 12:58:46,855 [main] INFO com.dbrepository.PostGreSQLRepository - Entered :: getSystemPreference(EXTERNAL_DATE_FORMAT)
2022-04-29 12:58:46,857 [main] INFO com.dbrepository.DBConnectionPool - Active Size:5 Cache Size:1
2022-04-29 12:58:47,120 [main] INFO com.dbrepository.PostGreSQLRepository - Query Repository Returns: DEFAULT_VALUE (yyyy/MM/dd)
2022-04-29 12:58:47,121 [main] INFO com.dbrepository.PostGreSQLRepository - Entered :: getSystemPreference(DATE_FORMAT_CAL_JAVA)
2022-04-29 12:58:47,122 [main] INFO com.dbrepository.DBConnectionPool - Active Size:6 Cache Size:0
2022-04-29 12:58:47,367 [main] INFO com.dbrepository.PostGreSQLRepository - Query Repository Returns: DEFAULT_VALUE (yyyy/MM/dd)
2022-04-29 12:58:47,368 [main] INFO com.dbrepository.PostGreSQLRepository - Entered :: getSystemPreference(OTH_COM_CHNL)
2022-04-29 12:58:47,370 [main] INFO com.dbrepository.DBConnectionPool - Active Size:0 Cache Size:9
2022-04-29 12:58:47,451 [main] INFO com.dbrepository.PostGreSQLRepository - Query Repository Returns: DEFAULT_VALUE (false)
2022-04-29 12:58:47,452 [main] INFO com.dbrepository.PostGreSQLRepository - Entered :: getSystemPreference(DW_ALLOWED_GATEWAYS)
2022-04-29 12:58:47,453 [main] INFO com.dbrepository.DBConnectionPool - Active Size:0 Cache Size:9
2022-04-29 12:58:47,536 [main] INFO com.dbrepository.PostGreSQLRepository - Query Repository Returns: DEFAULT_VALUE (null)
2022-04-29 12:58:47,536 [main] INFO com.dbrepository.PostGreSQLRepository - Entered :: getSystemPreference(DEFAULT_LANGUAGE)
2022-04-29 12:58:47,537 [main] INFO com.dbrepository.DBConnectionPool - Active Size:0 Cache Size:9
2022-04-29 12:58:47,621 [main] INFO com.dbrepository.PostGreSQLRepository - Query Repository Returns: DEFAULT_VALUE (en)
2022-04-29 12:58:47,622 [main] INFO com.dbrepository.PostGreSQLRepository - Entered :: getSystemPreference(DEFAULT_COUNTRY)
2022-04-29 12:58:47,623 [main] INFO com.dbrepository.DBConnectionPool - Active Size:0 Cache Size:9
2022-04-29 12:58:47,701 [main] INFO com.dbrepository.PostGreSQLRepository - Query Repository Returns: DEFAULT_VALUE (US)
2022-04-29 12:58:47,703 [main] INFO com.utils._masterVO - Display Locale set to: en_US
2022-04-29 12:59:08,764 [main] ERROR com.sshmanager.SSHService - Error while getting SSH Server Instance : com.jcraft.jsch.JSchException: java.net.ConnectException: Connection timed out: connect
2022-04-29 12:59:08,783 [main] INFO com.utils._masterVO - Loading Messages Resource properties File from: .//src//test//resources//sysconfig//English.properties
2022-04-29 12:59:08,821 [main] INFO com.utils._masterVO - Messages Resource Properties file Loaded successfully
2022-04-29 12:59:08,822 [main] INFO com.utils._masterVO - Loading Messages Resource properties File from: .//src//test//resources//sysconfig//C2S_English.properties
2022-04-29 12:59:08,832 [main] INFO com.utils._masterVO - Messages Resource Properties file Loaded successfully
2022-04-29 12:59:08,833 [main] INFO com.dbrepository.PostGreSQLRepository - Entered getGatewayDetails('EXTGW','USSD','SMSC')
2022-04-29 12:59:08,834 [main] INFO com.dbrepository.DBConnectionPool - Active Size:0 Cache Size:10
2022-04-29 12:59:08,840 [main] INFO com.dbrepository.PostGreSQLRepository - getGatewayDetails() :: select query: SELECT rmg.gateway_code, mg.gateway_type, rmg.login_id, rmg.PASSWORD, rmg.content_type, rmg.service_port, mg.req_password_plain FROM message_gateway mg, req_message_gateway rmg WHERE mg.gateway_code = rmg.gateway_code AND rmg.gateway_code IN ('EXTGW','USSD','SMSC')
2022-04-29 12:59:08,933 [main] INFO com.dbrepository.PostGreSQLRepository - Database Returns: [[Ljava.lang.Object;@29ca3d04[{{EXTGW,EXTGW,pretups,0971500a350af5c3d1c0b12221a0558c,XML,190,Y},{USSD,USSD,pretups,0971500a350af5c3d1c0b12221a0558c,XML,190,Y},{SMSC,SMSC,pretups,0971500a350af5c3d1c0b12221a0558c,PLAIN,190,Y}}]
2022-04-29 12:59:08,934 [main] INFO com.dbrepository.PostGreSQLRepository - Exiting getGatewayDetails()
2022-04-29 12:59:08,937 [main] INFO com.utils._APIUtil - Entered getAPIServices(EXTGW)
2022-04-29 12:59:08,944 [main] INFO com.utils._APIUtil - Exiting getAPIServices([])
2022-04-29 12:59:08,946 [main] INFO com.utils._masterVO - Loading Gateway Cases Master file from: .//src//test//resources//config//GatewayMaster.xlsx
2022-04-29 12:59:09,071 [main] INFO com.utils.ExcelUtility - java.lang.NullPointerException
	at com.utils.ExcelUtility.getCellData(ExcelUtility.java:311)
	at com.utils._masterVO.loadGatewayCases(_masterVO.java:115)
	at com.utils._masterVO.loadExternalServices(_masterVO.java:448)
	at com.utils._masterVO.loadVO(_masterVO.java:81)
	at com.classes.BaseTest.setupReporter(BaseTest.java:85)
	at sun.reflect.NativeMethodAccessorImpl.invoke0(Native Method)
	at sun.reflect.NativeMethodAccessorImpl.invoke(Unknown Source)
	at sun.reflect.DelegatingMethodAccessorImpl.invoke(Unknown Source)
	at java.lang.reflect.Method.invoke(Unknown Source)
	at org.testng.internal.MethodInvocationHelper.invokeMethod(MethodInvocationHelper.java:124)
	at org.testng.internal.MethodInvocationHelper.invokeMethodConsideringTimeout(MethodInvocationHelper.java:59)
	at org.testng.internal.Invoker.invokeConfigurationMethod(Invoker.java:455)
	at org.testng.internal.Invoker.invokeConfigurations(Invoker.java:222)
	at org.testng.internal.Invoker.invokeConfigurations(Invoker.java:142)
	at org.testng.SuiteRunner.privateRun(SuiteRunner.java:401)
	at org.testng.SuiteRunner.run(SuiteRunner.java:364)
	at org.testng.SuiteRunnerWorker.runSuite(SuiteRunnerWorker.java:52)
	at org.testng.SuiteRunnerWorker.run(SuiteRunnerWorker.java:84)
	at org.testng.TestNG.runSuitesSequentially(TestNG.java:1208)
	at org.testng.TestNG.runSuitesLocally(TestNG.java:1137)
	at org.testng.TestNG.runSuites(TestNG.java:1049)
	at org.testng.TestNG.run(TestNG.java:1017)
	at org.testng.remote.AbstractRemoteTestNG.run(AbstractRemoteTestNG.java:115)
	at org.testng.remote.RemoteTestNG.initAndRun(RemoteTestNG.java:251)
	at org.testng.remote.RemoteTestNG.main(RemoteTestNG.java:77)

2022-04-29 12:59:09,075 [main] INFO com.utils.ExcelUtility - java.lang.NullPointerException
	at com.utils.ExcelUtility.getCellData(ExcelUtility.java:311)
	at com.utils._masterVO.loadGatewayCases(_masterVO.java:115)
	at com.utils._masterVO.loadExternalServices(_masterVO.java:448)
	at com.utils._masterVO.loadVO(_masterVO.java:81)
	at com.classes.BaseTest.setupReporter(BaseTest.java:85)
	at sun.reflect.NativeMethodAccessorImpl.invoke0(Native Method)
	at sun.reflect.NativeMethodAccessorImpl.invoke(Unknown Source)
	at sun.reflect.DelegatingMethodAccessorImpl.invoke(Unknown Source)
	at java.lang.reflect.Method.invoke(Unknown Source)
	at org.testng.internal.MethodInvocationHelper.invokeMethod(MethodInvocationHelper.java:124)
	at org.testng.internal.MethodInvocationHelper.invokeMethodConsideringTimeout(MethodInvocationHelper.java:59)
	at org.testng.internal.Invoker.invokeConfigurationMethod(Invoker.java:455)
	at org.testng.internal.Invoker.invokeConfigurations(Invoker.java:222)
	at org.testng.internal.Invoker.invokeConfigurations(Invoker.java:142)
	at org.testng.SuiteRunner.privateRun(SuiteRunner.java:401)
	at org.testng.SuiteRunner.run(SuiteRunner.java:364)
	at org.testng.SuiteRunnerWorker.runSuite(SuiteRunnerWorker.java:52)
	at org.testng.SuiteRunnerWorker.run(SuiteRunnerWorker.java:84)
	at org.testng.TestNG.runSuitesSequentially(TestNG.java:1208)
	at org.testng.TestNG.runSuitesLocally(TestNG.java:1137)
	at org.testng.TestNG.runSuites(TestNG.java:1049)
	at org.testng.TestNG.run(TestNG.java:1017)
	at org.testng.remote.AbstractRemoteTestNG.run(AbstractRemoteTestNG.java:115)
	at org.testng.remote.RemoteTestNG.initAndRun(RemoteTestNG.java:251)
	at org.testng.remote.RemoteTestNG.main(RemoteTestNG.java:77)

2022-04-29 12:59:09,077 [main] INFO com.utils.ExcelUtility - java.lang.NullPointerException
	at com.utils.ExcelUtility.getCellData(ExcelUtility.java:311)
	at com.utils._masterVO.loadGatewayCases(_masterVO.java:115)
	at com.utils._masterVO.loadExternalServices(_masterVO.java:448)
	at com.utils._masterVO.loadVO(_masterVO.java:81)
	at com.classes.BaseTest.setupReporter(BaseTest.java:85)
	at sun.reflect.NativeMethodAccessorImpl.invoke0(Native Method)
	at sun.reflect.NativeMethodAccessorImpl.invoke(Unknown Source)
	at sun.reflect.DelegatingMethodAccessorImpl.invoke(Unknown Source)
	at java.lang.reflect.Method.invoke(Unknown Source)
	at org.testng.internal.MethodInvocationHelper.invokeMethod(MethodInvocationHelper.java:124)
	at org.testng.internal.MethodInvocationHelper.invokeMethodConsideringTimeout(MethodInvocationHelper.java:59)
	at org.testng.internal.Invoker.invokeConfigurationMethod(Invoker.java:455)
	at org.testng.internal.Invoker.invokeConfigurations(Invoker.java:222)
	at org.testng.internal.Invoker.invokeConfigurations(Invoker.java:142)
	at org.testng.SuiteRunner.privateRun(SuiteRunner.java:401)
	at org.testng.SuiteRunner.run(SuiteRunner.java:364)
	at org.testng.SuiteRunnerWorker.runSuite(SuiteRunnerWorker.java:52)
	at org.testng.SuiteRunnerWorker.run(SuiteRunnerWorker.java:84)
	at org.testng.TestNG.runSuitesSequentially(TestNG.java:1208)
	at org.testng.TestNG.runSuitesLocally(TestNG.java:1137)
	at org.testng.TestNG.runSuites(TestNG.java:1049)
	at org.testng.TestNG.run(TestNG.java:1017)
	at org.testng.remote.AbstractRemoteTestNG.run(AbstractRemoteTestNG.java:115)
	at org.testng.remote.RemoteTestNG.initAndRun(RemoteTestNG.java:251)
	at org.testng.remote.RemoteTestNG.main(RemoteTestNG.java:77)

2022-04-29 12:59:09,090 [main] INFO com.utils.ExcelUtility - java.lang.NullPointerException
	at com.utils.ExcelUtility.getCellData(ExcelUtility.java:311)
	at com.utils._masterVO.loadGatewayCases(_masterVO.java:115)
	at com.utils._masterVO.loadExternalServices(_masterVO.java:448)
	at com.utils._masterVO.loadVO(_masterVO.java:81)
	at com.classes.BaseTest.setupReporter(BaseTest.java:85)
	at sun.reflect.NativeMethodAccessorImpl.invoke0(Native Method)
	at sun.reflect.NativeMethodAccessorImpl.invoke(Unknown Source)
	at sun.reflect.DelegatingMethodAccessorImpl.invoke(Unknown Source)
	at java.lang.reflect.Method.invoke(Unknown Source)
	at org.testng.internal.MethodInvocationHelper.invokeMethod(MethodInvocationHelper.java:124)
	at org.testng.internal.MethodInvocationHelper.invokeMethodConsideringTimeout(MethodInvocationHelper.java:59)
	at org.testng.internal.Invoker.invokeConfigurationMethod(Invoker.java:455)
	at org.testng.internal.Invoker.invokeConfigurations(Invoker.java:222)
	at org.testng.internal.Invoker.invokeConfigurations(Invoker.java:142)
	at org.testng.SuiteRunner.privateRun(SuiteRunner.java:401)
	at org.testng.SuiteRunner.run(SuiteRunner.java:364)
	at org.testng.SuiteRunnerWorker.runSuite(SuiteRunnerWorker.java:52)
	at org.testng.SuiteRunnerWorker.run(SuiteRunnerWorker.java:84)
	at org.testng.TestNG.runSuitesSequentially(TestNG.java:1208)
	at org.testng.TestNG.runSuitesLocally(TestNG.java:1137)
	at org.testng.TestNG.runSuites(TestNG.java:1049)
	at org.testng.TestNG.run(TestNG.java:1017)
	at org.testng.remote.AbstractRemoteTestNG.run(AbstractRemoteTestNG.java:115)
	at org.testng.remote.RemoteTestNG.initAndRun(RemoteTestNG.java:251)
	at org.testng.remote.RemoteTestNG.main(RemoteTestNG.java:77)

2022-04-29 12:59:09,121 [main] INFO com.utils.ExcelUtility - java.lang.NullPointerException
	at com.utils.ExcelUtility.getCellData(ExcelUtility.java:311)
	at com.utils._masterVO.loadGatewayCases(_masterVO.java:115)
	at com.utils._masterVO.loadExternalServices(_masterVO.java:448)
	at com.utils._masterVO.loadVO(_masterVO.java:81)
	at com.classes.BaseTest.setupReporter(BaseTest.java:85)
	at sun.reflect.NativeMethodAccessorImpl.invoke0(Native Method)
	at sun.reflect.NativeMethodAccessorImpl.invoke(Unknown Source)
	at sun.reflect.DelegatingMethodAccessorImpl.invoke(Unknown Source)
	at java.lang.reflect.Method.invoke(Unknown Source)
	at org.testng.internal.MethodInvocationHelper.invokeMethod(MethodInvocationHelper.java:124)
	at org.testng.internal.MethodInvocationHelper.invokeMethodConsideringTimeout(MethodInvocationHelper.java:59)
	at org.testng.internal.Invoker.invokeConfigurationMethod(Invoker.java:455)
	at org.testng.internal.Invoker.invokeConfigurations(Invoker.java:222)
	at org.testng.internal.Invoker.invokeConfigurations(Invoker.java:142)
	at org.testng.SuiteRunner.privateRun(SuiteRunner.java:401)
	at org.testng.SuiteRunner.run(SuiteRunner.java:364)
	at org.testng.SuiteRunnerWorker.runSuite(SuiteRunnerWorker.java:52)
	at org.testng.SuiteRunnerWorker.run(SuiteRunnerWorker.java:84)
	at org.testng.TestNG.runSuitesSequentially(TestNG.java:1208)
	at org.testng.TestNG.runSuitesLocally(TestNG.java:1137)
	at org.testng.TestNG.runSuites(TestNG.java:1049)
	at org.testng.TestNG.run(TestNG.java:1017)
	at org.testng.remote.AbstractRemoteTestNG.run(AbstractRemoteTestNG.java:115)
	at org.testng.remote.RemoteTestNG.initAndRun(RemoteTestNG.java:251)
	at org.testng.remote.RemoteTestNG.main(RemoteTestNG.java:77)

2022-04-29 12:59:09,135 [main] INFO com.utils.ExcelUtility - java.lang.NullPointerException
	at com.utils.ExcelUtility.getCellData(ExcelUtility.java:311)
	at com.utils._masterVO.loadGatewayCases(_masterVO.java:115)
	at com.utils._masterVO.loadExternalServices(_masterVO.java:448)
	at com.utils._masterVO.loadVO(_masterVO.java:81)
	at com.classes.BaseTest.setupReporter(BaseTest.java:85)
	at sun.reflect.NativeMethodAccessorImpl.invoke0(Native Method)
	at sun.reflect.NativeMethodAccessorImpl.invoke(Unknown Source)
	at sun.reflect.DelegatingMethodAccessorImpl.invoke(Unknown Source)
	at java.lang.reflect.Method.invoke(Unknown Source)
	at org.testng.internal.MethodInvocationHelper.invokeMethod(MethodInvocationHelper.java:124)
	at org.testng.internal.MethodInvocationHelper.invokeMethodConsideringTimeout(MethodInvocationHelper.java:59)
	at org.testng.internal.Invoker.invokeConfigurationMethod(Invoker.java:455)
	at org.testng.internal.Invoker.invokeConfigurations(Invoker.java:222)
	at org.testng.internal.Invoker.invokeConfigurations(Invoker.java:142)
	at org.testng.SuiteRunner.privateRun(SuiteRunner.java:401)
	at org.testng.SuiteRunner.run(SuiteRunner.java:364)
	at org.testng.SuiteRunnerWorker.runSuite(SuiteRunnerWorker.java:52)
	at org.testng.SuiteRunnerWorker.run(SuiteRunnerWorker.java:84)
	at org.testng.TestNG.runSuitesSequentially(TestNG.java:1208)
	at org.testng.TestNG.runSuitesLocally(TestNG.java:1137)
	at org.testng.TestNG.runSuites(TestNG.java:1049)
	at org.testng.TestNG.run(TestNG.java:1017)
	at org.testng.remote.AbstractRemoteTestNG.run(AbstractRemoteTestNG.java:115)
	at org.testng.remote.RemoteTestNG.initAndRun(RemoteTestNG.java:251)
	at org.testng.remote.RemoteTestNG.main(RemoteTestNG.java:77)

2022-04-29 12:59:09,136 [main] INFO com.utils.ExcelUtility - java.lang.NullPointerException
	at com.utils.ExcelUtility.getCellData(ExcelUtility.java:311)
	at com.utils._masterVO.loadGatewayCases(_masterVO.java:115)
	at com.utils._masterVO.loadExternalServices(_masterVO.java:448)
	at com.utils._masterVO.loadVO(_masterVO.java:81)
	at com.classes.BaseTest.setupReporter(BaseTest.java:85)
	at sun.reflect.NativeMethodAccessorImpl.invoke0(Native Method)
	at sun.reflect.NativeMethodAccessorImpl.invoke(Unknown Source)
	at sun.reflect.DelegatingMethodAccessorImpl.invoke(Unknown Source)
	at java.lang.reflect.Method.invoke(Unknown Source)
	at org.testng.internal.MethodInvocationHelper.invokeMethod(MethodInvocationHelper.java:124)
	at org.testng.internal.MethodInvocationHelper.invokeMethodConsideringTimeout(MethodInvocationHelper.java:59)
	at org.testng.internal.Invoker.invokeConfigurationMethod(Invoker.java:455)
	at org.testng.internal.Invoker.invokeConfigurations(Invoker.java:222)
	at org.testng.internal.Invoker.invokeConfigurations(Invoker.java:142)
	at org.testng.SuiteRunner.privateRun(SuiteRunner.java:401)
	at org.testng.SuiteRunner.run(SuiteRunner.java:364)
	at org.testng.SuiteRunnerWorker.runSuite(SuiteRunnerWorker.java:52)
	at org.testng.SuiteRunnerWorker.run(SuiteRunnerWorker.java:84)
	at org.testng.TestNG.runSuitesSequentially(TestNG.java:1208)
	at org.testng.TestNG.runSuitesLocally(TestNG.java:1137)
	at org.testng.TestNG.runSuites(TestNG.java:1049)
	at org.testng.TestNG.run(TestNG.java:1017)
	at org.testng.remote.AbstractRemoteTestNG.run(AbstractRemoteTestNG.java:115)
	at org.testng.remote.RemoteTestNG.initAndRun(RemoteTestNG.java:251)
	at org.testng.remote.RemoteTestNG.main(RemoteTestNG.java:77)

2022-04-29 12:59:09,143 [main] INFO com.utils.ExcelUtility - java.lang.NullPointerException
	at com.utils.ExcelUtility.getCellData(ExcelUtility.java:311)
	at com.utils._masterVO.loadGatewayCases(_masterVO.java:115)
	at com.utils._masterVO.loadExternalServices(_masterVO.java:448)
	at com.utils._masterVO.loadVO(_masterVO.java:81)
	at com.classes.BaseTest.setupReporter(BaseTest.java:85)
	at sun.reflect.NativeMethodAccessorImpl.invoke0(Native Method)
	at sun.reflect.NativeMethodAccessorImpl.invoke(Unknown Source)
	at sun.reflect.DelegatingMethodAccessorImpl.invoke(Unknown Source)
	at java.lang.reflect.Method.invoke(Unknown Source)
	at org.testng.internal.MethodInvocationHelper.invokeMethod(MethodInvocationHelper.java:124)
	at org.testng.internal.MethodInvocationHelper.invokeMethodConsideringTimeout(MethodInvocationHelper.java:59)
	at org.testng.internal.Invoker.invokeConfigurationMethod(Invoker.java:455)
	at org.testng.internal.Invoker.invokeConfigurations(Invoker.java:222)
	at org.testng.internal.Invoker.invokeConfigurations(Invoker.java:142)
	at org.testng.SuiteRunner.privateRun(SuiteRunner.java:401)
	at org.testng.SuiteRunner.run(SuiteRunner.java:364)
	at org.testng.SuiteRunnerWorker.runSuite(SuiteRunnerWorker.java:52)
	at org.testng.SuiteRunnerWorker.run(SuiteRunnerWorker.java:84)
	at org.testng.TestNG.runSuitesSequentially(TestNG.java:1208)
	at org.testng.TestNG.runSuitesLocally(TestNG.java:1137)
	at org.testng.TestNG.runSuites(TestNG.java:1049)
	at org.testng.TestNG.run(TestNG.java:1017)
	at org.testng.remote.AbstractRemoteTestNG.run(AbstractRemoteTestNG.java:115)
	at org.testng.remote.RemoteTestNG.initAndRun(RemoteTestNG.java:251)
	at org.testng.remote.RemoteTestNG.main(RemoteTestNG.java:77)

2022-04-29 12:59:09,144 [main] INFO com.utils.ExcelUtility - java.lang.NullPointerException
	at com.utils.ExcelUtility.getCellData(ExcelUtility.java:311)
	at com.utils._masterVO.loadGatewayCases(_masterVO.java:115)
	at com.utils._masterVO.loadExternalServices(_masterVO.java:448)
	at com.utils._masterVO.loadVO(_masterVO.java:81)
	at com.classes.BaseTest.setupReporter(BaseTest.java:85)
	at sun.reflect.NativeMethodAccessorImpl.invoke0(Native Method)
	at sun.reflect.NativeMethodAccessorImpl.invoke(Unknown Source)
	at sun.reflect.DelegatingMethodAccessorImpl.invoke(Unknown Source)
	at java.lang.reflect.Method.invoke(Unknown Source)
	at org.testng.internal.MethodInvocationHelper.invokeMethod(MethodInvocationHelper.java:124)
	at org.testng.internal.MethodInvocationHelper.invokeMethodConsideringTimeout(MethodInvocationHelper.java:59)
	at org.testng.internal.Invoker.invokeConfigurationMethod(Invoker.java:455)
	at org.testng.internal.Invoker.invokeConfigurations(Invoker.java:222)
	at org.testng.internal.Invoker.invokeConfigurations(Invoker.java:142)
	at org.testng.SuiteRunner.privateRun(SuiteRunner.java:401)
	at org.testng.SuiteRunner.run(SuiteRunner.java:364)
	at org.testng.SuiteRunnerWorker.runSuite(SuiteRunnerWorker.java:52)
	at org.testng.SuiteRunnerWorker.run(SuiteRunnerWorker.java:84)
	at org.testng.TestNG.runSuitesSequentially(TestNG.java:1208)
	at org.testng.TestNG.runSuitesLocally(TestNG.java:1137)
	at org.testng.TestNG.runSuites(TestNG.java:1049)
	at org.testng.TestNG.run(TestNG.java:1017)
	at org.testng.remote.AbstractRemoteTestNG.run(AbstractRemoteTestNG.java:115)
	at org.testng.remote.RemoteTestNG.initAndRun(RemoteTestNG.java:251)
	at org.testng.remote.RemoteTestNG.main(RemoteTestNG.java:77)

2022-04-29 12:59:09,144 [main] INFO com.utils.ExcelUtility - java.lang.NullPointerException
	at com.utils.ExcelUtility.getCellData(ExcelUtility.java:311)
	at com.utils._masterVO.loadGatewayCases(_masterVO.java:115)
	at com.utils._masterVO.loadExternalServices(_masterVO.java:448)
	at com.utils._masterVO.loadVO(_masterVO.java:81)
	at com.classes.BaseTest.setupReporter(BaseTest.java:85)
	at sun.reflect.NativeMethodAccessorImpl.invoke0(Native Method)
	at sun.reflect.NativeMethodAccessorImpl.invoke(Unknown Source)
	at sun.reflect.DelegatingMethodAccessorImpl.invoke(Unknown Source)
	at java.lang.reflect.Method.invoke(Unknown Source)
	at org.testng.internal.MethodInvocationHelper.invokeMethod(MethodInvocationHelper.java:124)
	at org.testng.internal.MethodInvocationHelper.invokeMethodConsideringTimeout(MethodInvocationHelper.java:59)
	at org.testng.internal.Invoker.invokeConfigurationMethod(Invoker.java:455)
	at org.testng.internal.Invoker.invokeConfigurations(Invoker.java:222)
	at org.testng.internal.Invoker.invokeConfigurations(Invoker.java:142)
	at org.testng.SuiteRunner.privateRun(SuiteRunner.java:401)
	at org.testng.SuiteRunner.run(SuiteRunner.java:364)
	at org.testng.SuiteRunnerWorker.runSuite(SuiteRunnerWorker.java:52)
	at org.testng.SuiteRunnerWorker.run(SuiteRunnerWorker.java:84)
	at org.testng.TestNG.runSuitesSequentially(TestNG.java:1208)
	at org.testng.TestNG.runSuitesLocally(TestNG.java:1137)
	at org.testng.TestNG.runSuites(TestNG.java:1049)
	at org.testng.TestNG.run(TestNG.java:1017)
	at org.testng.remote.AbstractRemoteTestNG.run(AbstractRemoteTestNG.java:115)
	at org.testng.remote.RemoteTestNG.initAndRun(RemoteTestNG.java:251)
	at org.testng.remote.RemoteTestNG.main(RemoteTestNG.java:77)

2022-04-29 12:59:09,146 [main] INFO com.utils.ExcelUtility - java.lang.NullPointerException
	at com.utils.ExcelUtility.getCellData(ExcelUtility.java:311)
	at com.utils._masterVO.loadGatewayCases(_masterVO.java:115)
	at com.utils._masterVO.loadExternalServices(_masterVO.java:448)
	at com.utils._masterVO.loadVO(_masterVO.java:81)
	at com.classes.BaseTest.setupReporter(BaseTest.java:85)
	at sun.reflect.NativeMethodAccessorImpl.invoke0(Native Method)
	at sun.reflect.NativeMethodAccessorImpl.invoke(Unknown Source)
	at sun.reflect.DelegatingMethodAccessorImpl.invoke(Unknown Source)
	at java.lang.reflect.Method.invoke(Unknown Source)
	at org.testng.internal.MethodInvocationHelper.invokeMethod(MethodInvocationHelper.java:124)
	at org.testng.internal.MethodInvocationHelper.invokeMethodConsideringTimeout(MethodInvocationHelper.java:59)
	at org.testng.internal.Invoker.invokeConfigurationMethod(Invoker.java:455)
	at org.testng.internal.Invoker.invokeConfigurations(Invoker.java:222)
	at org.testng.internal.Invoker.invokeConfigurations(Invoker.java:142)
	at org.testng.SuiteRunner.privateRun(SuiteRunner.java:401)
	at org.testng.SuiteRunner.run(SuiteRunner.java:364)
	at org.testng.SuiteRunnerWorker.runSuite(SuiteRunnerWorker.java:52)
	at org.testng.SuiteRunnerWorker.run(SuiteRunnerWorker.java:84)
	at org.testng.TestNG.runSuitesSequentially(TestNG.java:1208)
	at org.testng.TestNG.runSuitesLocally(TestNG.java:1137)
	at org.testng.TestNG.runSuites(TestNG.java:1049)
	at org.testng.TestNG.run(TestNG.java:1017)
	at org.testng.remote.AbstractRemoteTestNG.run(AbstractRemoteTestNG.java:115)
	at org.testng.remote.RemoteTestNG.initAndRun(RemoteTestNG.java:251)
	at org.testng.remote.RemoteTestNG.main(RemoteTestNG.java:77)

2022-04-29 12:59:09,148 [main] INFO com.utils.ExcelUtility - java.lang.NullPointerException
	at com.utils.ExcelUtility.getCellData(ExcelUtility.java:311)
	at com.utils._masterVO.loadGatewayCases(_masterVO.java:115)
	at com.utils._masterVO.loadExternalServices(_masterVO.java:448)
	at com.utils._masterVO.loadVO(_masterVO.java:81)
	at com.classes.BaseTest.setupReporter(BaseTest.java:85)
	at sun.reflect.NativeMethodAccessorImpl.invoke0(Native Method)
	at sun.reflect.NativeMethodAccessorImpl.invoke(Unknown Source)
	at sun.reflect.DelegatingMethodAccessorImpl.invoke(Unknown Source)
	at java.lang.reflect.Method.invoke(Unknown Source)
	at org.testng.internal.MethodInvocationHelper.invokeMethod(MethodInvocationHelper.java:124)
	at org.testng.internal.MethodInvocationHelper.invokeMethodConsideringTimeout(MethodInvocationHelper.java:59)
	at org.testng.internal.Invoker.invokeConfigurationMethod(Invoker.java:455)
	at org.testng.internal.Invoker.invokeConfigurations(Invoker.java:222)
	at org.testng.internal.Invoker.invokeConfigurations(Invoker.java:142)
	at org.testng.SuiteRunner.privateRun(SuiteRunner.java:401)
	at org.testng.SuiteRunner.run(SuiteRunner.java:364)
	at org.testng.SuiteRunnerWorker.runSuite(SuiteRunnerWorker.java:52)
	at org.testng.SuiteRunnerWorker.run(SuiteRunnerWorker.java:84)
	at org.testng.TestNG.runSuitesSequentially(TestNG.java:1208)
	at org.testng.TestNG.runSuitesLocally(TestNG.java:1137)
	at org.testng.TestNG.runSuites(TestNG.java:1049)
	at org.testng.TestNG.run(TestNG.java:1017)
	at org.testng.remote.AbstractRemoteTestNG.run(AbstractRemoteTestNG.java:115)
	at org.testng.remote.RemoteTestNG.initAndRun(RemoteTestNG.java:251)
	at org.testng.remote.RemoteTestNG.main(RemoteTestNG.java:77)

2022-04-29 12:59:09,149 [main] INFO com.utils.ExcelUtility - java.lang.NullPointerException
	at com.utils.ExcelUtility.getCellData(ExcelUtility.java:311)
	at com.utils._masterVO.loadGatewayCases(_masterVO.java:115)
	at com.utils._masterVO.loadExternalServices(_masterVO.java:448)
	at com.utils._masterVO.loadVO(_masterVO.java:81)
	at com.classes.BaseTest.setupReporter(BaseTest.java:85)
	at sun.reflect.NativeMethodAccessorImpl.invoke0(Native Method)
	at sun.reflect.NativeMethodAccessorImpl.invoke(Unknown Source)
	at sun.reflect.DelegatingMethodAccessorImpl.invoke(Unknown Source)
	at java.lang.reflect.Method.invoke(Unknown Source)
	at org.testng.internal.MethodInvocationHelper.invokeMethod(MethodInvocationHelper.java:124)
	at org.testng.internal.MethodInvocationHelper.invokeMethodConsideringTimeout(MethodInvocationHelper.java:59)
	at org.testng.internal.Invoker.invokeConfigurationMethod(Invoker.java:455)
	at org.testng.internal.Invoker.invokeConfigurations(Invoker.java:222)
	at org.testng.internal.Invoker.invokeConfigurations(Invoker.java:142)
	at org.testng.SuiteRunner.privateRun(SuiteRunner.java:401)
	at org.testng.SuiteRunner.run(SuiteRunner.java:364)
	at org.testng.SuiteRunnerWorker.runSuite(SuiteRunnerWorker.java:52)
	at org.testng.SuiteRunnerWorker.run(SuiteRunnerWorker.java:84)
	at org.testng.TestNG.runSuitesSequentially(TestNG.java:1208)
	at org.testng.TestNG.runSuitesLocally(TestNG.java:1137)
	at org.testng.TestNG.runSuites(TestNG.java:1049)
	at org.testng.TestNG.run(TestNG.java:1017)
	at org.testng.remote.AbstractRemoteTestNG.run(AbstractRemoteTestNG.java:115)
	at org.testng.remote.RemoteTestNG.initAndRun(RemoteTestNG.java:251)
	at org.testng.remote.RemoteTestNG.main(RemoteTestNG.java:77)

2022-04-29 12:59:09,149 [main] INFO com.utils.ExcelUtility - java.lang.NullPointerException
	at com.utils.ExcelUtility.getCellData(ExcelUtility.java:311)
	at com.utils._masterVO.loadGatewayCases(_masterVO.java:115)
	at com.utils._masterVO.loadExternalServices(_masterVO.java:448)
	at com.utils._masterVO.loadVO(_masterVO.java:81)
	at com.classes.BaseTest.setupReporter(BaseTest.java:85)
	at sun.reflect.NativeMethodAccessorImpl.invoke0(Native Method)
	at sun.reflect.NativeMethodAccessorImpl.invoke(Unknown Source)
	at sun.reflect.DelegatingMethodAccessorImpl.invoke(Unknown Source)
	at java.lang.reflect.Method.invoke(Unknown Source)
	at org.testng.internal.MethodInvocationHelper.invokeMethod(MethodInvocationHelper.java:124)
	at org.testng.internal.MethodInvocationHelper.invokeMethodConsideringTimeout(MethodInvocationHelper.java:59)
	at org.testng.internal.Invoker.invokeConfigurationMethod(Invoker.java:455)
	at org.testng.internal.Invoker.invokeConfigurations(Invoker.java:222)
	at org.testng.internal.Invoker.invokeConfigurations(Invoker.java:142)
	at org.testng.SuiteRunner.privateRun(SuiteRunner.java:401)
	at org.testng.SuiteRunner.run(SuiteRunner.java:364)
	at org.testng.SuiteRunnerWorker.runSuite(SuiteRunnerWorker.java:52)
	at org.testng.SuiteRunnerWorker.run(SuiteRunnerWorker.java:84)
	at org.testng.TestNG.runSuitesSequentially(TestNG.java:1208)
	at org.testng.TestNG.runSuitesLocally(TestNG.java:1137)
	at org.testng.TestNG.runSuites(TestNG.java:1049)
	at org.testng.TestNG.run(TestNG.java:1017)
	at org.testng.remote.AbstractRemoteTestNG.run(AbstractRemoteTestNG.java:115)
	at org.testng.remote.RemoteTestNG.initAndRun(RemoteTestNG.java:251)
	at org.testng.remote.RemoteTestNG.main(RemoteTestNG.java:77)

2022-04-29 12:59:09,151 [main] INFO com.utils.ExcelUtility - java.lang.NullPointerException
	at com.utils.ExcelUtility.getCellData(ExcelUtility.java:311)
	at com.utils._masterVO.loadGatewayCases(_masterVO.java:115)
	at com.utils._masterVO.loadExternalServices(_masterVO.java:448)
	at com.utils._masterVO.loadVO(_masterVO.java:81)
	at com.classes.BaseTest.setupReporter(BaseTest.java:85)
	at sun.reflect.NativeMethodAccessorImpl.invoke0(Native Method)
	at sun.reflect.NativeMethodAccessorImpl.invoke(Unknown Source)
	at sun.reflect.DelegatingMethodAccessorImpl.invoke(Unknown Source)
	at java.lang.reflect.Method.invoke(Unknown Source)
	at org.testng.internal.MethodInvocationHelper.invokeMethod(MethodInvocationHelper.java:124)
	at org.testng.internal.MethodInvocationHelper.invokeMethodConsideringTimeout(MethodInvocationHelper.java:59)
	at org.testng.internal.Invoker.invokeConfigurationMethod(Invoker.java:455)
	at org.testng.internal.Invoker.invokeConfigurations(Invoker.java:222)
	at org.testng.internal.Invoker.invokeConfigurations(Invoker.java:142)
	at org.testng.SuiteRunner.privateRun(SuiteRunner.java:401)
	at org.testng.SuiteRunner.run(SuiteRunner.java:364)
	at org.testng.SuiteRunnerWorker.runSuite(SuiteRunnerWorker.java:52)
	at org.testng.SuiteRunnerWorker.run(SuiteRunnerWorker.java:84)
	at org.testng.TestNG.runSuitesSequentially(TestNG.java:1208)
	at org.testng.TestNG.runSuitesLocally(TestNG.java:1137)
	at org.testng.TestNG.runSuites(TestNG.java:1049)
	at org.testng.TestNG.run(TestNG.java:1017)
	at org.testng.remote.AbstractRemoteTestNG.run(AbstractRemoteTestNG.java:115)
	at org.testng.remote.RemoteTestNG.initAndRun(RemoteTestNG.java:251)
	at org.testng.remote.RemoteTestNG.main(RemoteTestNG.java:77)

2022-04-29 12:59:09,183 [main] INFO com.utils.ExcelUtility - java.lang.NullPointerException
	at com.utils.ExcelUtility.getCellData(ExcelUtility.java:311)
	at com.utils._masterVO.loadGatewayCases(_masterVO.java:115)
	at com.utils._masterVO.loadExternalServices(_masterVO.java:448)
	at com.utils._masterVO.loadVO(_masterVO.java:81)
	at com.classes.BaseTest.setupReporter(BaseTest.java:85)
	at sun.reflect.NativeMethodAccessorImpl.invoke0(Native Method)
	at sun.reflect.NativeMethodAccessorImpl.invoke(Unknown Source)
	at sun.reflect.DelegatingMethodAccessorImpl.invoke(Unknown Source)
	at java.lang.reflect.Method.invoke(Unknown Source)
	at org.testng.internal.MethodInvocationHelper.invokeMethod(MethodInvocationHelper.java:124)
	at org.testng.internal.MethodInvocationHelper.invokeMethodConsideringTimeout(MethodInvocationHelper.java:59)
	at org.testng.internal.Invoker.invokeConfigurationMethod(Invoker.java:455)
	at org.testng.internal.Invoker.invokeConfigurations(Invoker.java:222)
	at org.testng.internal.Invoker.invokeConfigurations(Invoker.java:142)
	at org.testng.SuiteRunner.privateRun(SuiteRunner.java:401)
	at org.testng.SuiteRunner.run(SuiteRunner.java:364)
	at org.testng.SuiteRunnerWorker.runSuite(SuiteRunnerWorker.java:52)
	at org.testng.SuiteRunnerWorker.run(SuiteRunnerWorker.java:84)
	at org.testng.TestNG.runSuitesSequentially(TestNG.java:1208)
	at org.testng.TestNG.runSuitesLocally(TestNG.java:1137)
	at org.testng.TestNG.runSuites(TestNG.java:1049)
	at org.testng.TestNG.run(TestNG.java:1017)
	at org.testng.remote.AbstractRemoteTestNG.run(AbstractRemoteTestNG.java:115)
	at org.testng.remote.RemoteTestNG.initAndRun(RemoteTestNG.java:251)
	at org.testng.remote.RemoteTestNG.main(RemoteTestNG.java:77)

2022-04-29 12:59:09,184 [main] INFO com.utils.ExcelUtility - java.lang.NullPointerException
	at com.utils.ExcelUtility.getCellData(ExcelUtility.java:311)
	at com.utils._masterVO.loadGatewayCases(_masterVO.java:115)
	at com.utils._masterVO.loadExternalServices(_masterVO.java:448)
	at com.utils._masterVO.loadVO(_masterVO.java:81)
	at com.classes.BaseTest.setupReporter(BaseTest.java:85)
	at sun.reflect.NativeMethodAccessorImpl.invoke0(Native Method)
	at sun.reflect.NativeMethodAccessorImpl.invoke(Unknown Source)
	at sun.reflect.DelegatingMethodAccessorImpl.invoke(Unknown Source)
	at java.lang.reflect.Method.invoke(Unknown Source)
	at org.testng.internal.MethodInvocationHelper.invokeMethod(MethodInvocationHelper.java:124)
	at org.testng.internal.MethodInvocationHelper.invokeMethodConsideringTimeout(MethodInvocationHelper.java:59)
	at org.testng.internal.Invoker.invokeConfigurationMethod(Invoker.java:455)
	at org.testng.internal.Invoker.invokeConfigurations(Invoker.java:222)
	at org.testng.internal.Invoker.invokeConfigurations(Invoker.java:142)
	at org.testng.SuiteRunner.privateRun(SuiteRunner.java:401)
	at org.testng.SuiteRunner.run(SuiteRunner.java:364)
	at org.testng.SuiteRunnerWorker.runSuite(SuiteRunnerWorker.java:52)
	at org.testng.SuiteRunnerWorker.run(SuiteRunnerWorker.java:84)
	at org.testng.TestNG.runSuitesSequentially(TestNG.java:1208)
	at org.testng.TestNG.runSuitesLocally(TestNG.java:1137)
	at org.testng.TestNG.runSuites(TestNG.java:1049)
	at org.testng.TestNG.run(TestNG.java:1017)
	at org.testng.remote.AbstractRemoteTestNG.run(AbstractRemoteTestNG.java:115)
	at org.testng.remote.RemoteTestNG.initAndRun(RemoteTestNG.java:251)
	at org.testng.remote.RemoteTestNG.main(RemoteTestNG.java:77)

2022-04-29 12:59:09,188 [main] INFO com.utils.ExcelUtility - java.lang.NullPointerException
	at com.utils.ExcelUtility.getCellData(ExcelUtility.java:311)
	at com.utils._masterVO.loadGatewayCases(_masterVO.java:115)
	at com.utils._masterVO.loadExternalServices(_masterVO.java:448)
	at com.utils._masterVO.loadVO(_masterVO.java:81)
	at com.classes.BaseTest.setupReporter(BaseTest.java:85)
	at sun.reflect.NativeMethodAccessorImpl.invoke0(Native Method)
	at sun.reflect.NativeMethodAccessorImpl.invoke(Unknown Source)
	at sun.reflect.DelegatingMethodAccessorImpl.invoke(Unknown Source)
	at java.lang.reflect.Method.invoke(Unknown Source)
	at org.testng.internal.MethodInvocationHelper.invokeMethod(MethodInvocationHelper.java:124)
	at org.testng.internal.MethodInvocationHelper.invokeMethodConsideringTimeout(MethodInvocationHelper.java:59)
	at org.testng.internal.Invoker.invokeConfigurationMethod(Invoker.java:455)
	at org.testng.internal.Invoker.invokeConfigurations(Invoker.java:222)
	at org.testng.internal.Invoker.invokeConfigurations(Invoker.java:142)
	at org.testng.SuiteRunner.privateRun(SuiteRunner.java:401)
	at org.testng.SuiteRunner.run(SuiteRunner.java:364)
	at org.testng.SuiteRunnerWorker.runSuite(SuiteRunnerWorker.java:52)
	at org.testng.SuiteRunnerWorker.run(SuiteRunnerWorker.java:84)
	at org.testng.TestNG.runSuitesSequentially(TestNG.java:1208)
	at org.testng.TestNG.runSuitesLocally(TestNG.java:1137)
	at org.testng.TestNG.runSuites(TestNG.java:1049)
	at org.testng.TestNG.run(TestNG.java:1017)
	at org.testng.remote.AbstractRemoteTestNG.run(AbstractRemoteTestNG.java:115)
	at org.testng.remote.RemoteTestNG.initAndRun(RemoteTestNG.java:251)
	at org.testng.remote.RemoteTestNG.main(RemoteTestNG.java:77)

2022-04-29 12:59:09,189 [main] INFO com.utils.ExcelUtility - java.lang.NullPointerException
	at com.utils.ExcelUtility.getCellData(ExcelUtility.java:311)
	at com.utils._masterVO.loadGatewayCases(_masterVO.java:115)
	at com.utils._masterVO.loadExternalServices(_masterVO.java:448)
	at com.utils._masterVO.loadVO(_masterVO.java:81)
	at com.classes.BaseTest.setupReporter(BaseTest.java:85)
	at sun.reflect.NativeMethodAccessorImpl.invoke0(Native Method)
	at sun.reflect.NativeMethodAccessorImpl.invoke(Unknown Source)
	at sun.reflect.DelegatingMethodAccessorImpl.invoke(Unknown Source)
	at java.lang.reflect.Method.invoke(Unknown Source)
	at org.testng.internal.MethodInvocationHelper.invokeMethod(MethodInvocationHelper.java:124)
	at org.testng.internal.MethodInvocationHelper.invokeMethodConsideringTimeout(MethodInvocationHelper.java:59)
	at org.testng.internal.Invoker.invokeConfigurationMethod(Invoker.java:455)
	at org.testng.internal.Invoker.invokeConfigurations(Invoker.java:222)
	at org.testng.internal.Invoker.invokeConfigurations(Invoker.java:142)
	at org.testng.SuiteRunner.privateRun(SuiteRunner.java:401)
	at org.testng.SuiteRunner.run(SuiteRunner.java:364)
	at org.testng.SuiteRunnerWorker.runSuite(SuiteRunnerWorker.java:52)
	at org.testng.SuiteRunnerWorker.run(SuiteRunnerWorker.java:84)
	at org.testng.TestNG.runSuitesSequentially(TestNG.java:1208)
	at org.testng.TestNG.runSuitesLocally(TestNG.java:1137)
	at org.testng.TestNG.runSuites(TestNG.java:1049)
	at org.testng.TestNG.run(TestNG.java:1017)
	at org.testng.remote.AbstractRemoteTestNG.run(AbstractRemoteTestNG.java:115)
	at org.testng.remote.RemoteTestNG.initAndRun(RemoteTestNG.java:251)
	at org.testng.remote.RemoteTestNG.main(RemoteTestNG.java:77)

2022-04-29 12:59:09,190 [main] INFO com.utils.ExcelUtility - java.lang.NullPointerException
	at com.utils.ExcelUtility.getCellData(ExcelUtility.java:311)
	at com.utils._masterVO.loadGatewayCases(_masterVO.java:115)
	at com.utils._masterVO.loadExternalServices(_masterVO.java:448)
	at com.utils._masterVO.loadVO(_masterVO.java:81)
	at com.classes.BaseTest.setupReporter(BaseTest.java:85)
	at sun.reflect.NativeMethodAccessorImpl.invoke0(Native Method)
	at sun.reflect.NativeMethodAccessorImpl.invoke(Unknown Source)
	at sun.reflect.DelegatingMethodAccessorImpl.invoke(Unknown Source)
	at java.lang.reflect.Method.invoke(Unknown Source)
	at org.testng.internal.MethodInvocationHelper.invokeMethod(MethodInvocationHelper.java:124)
	at org.testng.internal.MethodInvocationHelper.invokeMethodConsideringTimeout(MethodInvocationHelper.java:59)
	at org.testng.internal.Invoker.invokeConfigurationMethod(Invoker.java:455)
	at org.testng.internal.Invoker.invokeConfigurations(Invoker.java:222)
	at org.testng.internal.Invoker.invokeConfigurations(Invoker.java:142)
	at org.testng.SuiteRunner.privateRun(SuiteRunner.java:401)
	at org.testng.SuiteRunner.run(SuiteRunner.java:364)
	at org.testng.SuiteRunnerWorker.runSuite(SuiteRunnerWorker.java:52)
	at org.testng.SuiteRunnerWorker.run(SuiteRunnerWorker.java:84)
	at org.testng.TestNG.runSuitesSequentially(TestNG.java:1208)
	at org.testng.TestNG.runSuitesLocally(TestNG.java:1137)
	at org.testng.TestNG.runSuites(TestNG.java:1049)
	at org.testng.TestNG.run(TestNG.java:1017)
	at org.testng.remote.AbstractRemoteTestNG.run(AbstractRemoteTestNG.java:115)
	at org.testng.remote.RemoteTestNG.initAndRun(RemoteTestNG.java:251)
	at org.testng.remote.RemoteTestNG.main(RemoteTestNG.java:77)

2022-04-29 12:59:09,191 [main] INFO com.utils.ExcelUtility - java.lang.NullPointerException
	at com.utils.ExcelUtility.getCellData(ExcelUtility.java:311)
	at com.utils._masterVO.loadGatewayCases(_masterVO.java:115)
	at com.utils._masterVO.loadExternalServices(_masterVO.java:448)
	at com.utils._masterVO.loadVO(_masterVO.java:81)
	at com.classes.BaseTest.setupReporter(BaseTest.java:85)
	at sun.reflect.NativeMethodAccessorImpl.invoke0(Native Method)
	at sun.reflect.NativeMethodAccessorImpl.invoke(Unknown Source)
	at sun.reflect.DelegatingMethodAccessorImpl.invoke(Unknown Source)
	at java.lang.reflect.Method.invoke(Unknown Source)
	at org.testng.internal.MethodInvocationHelper.invokeMethod(MethodInvocationHelper.java:124)
	at org.testng.internal.MethodInvocationHelper.invokeMethodConsideringTimeout(MethodInvocationHelper.java:59)
	at org.testng.internal.Invoker.invokeConfigurationMethod(Invoker.java:455)
	at org.testng.internal.Invoker.invokeConfigurations(Invoker.java:222)
	at org.testng.internal.Invoker.invokeConfigurations(Invoker.java:142)
	at org.testng.SuiteRunner.privateRun(SuiteRunner.java:401)
	at org.testng.SuiteRunner.run(SuiteRunner.java:364)
	at org.testng.SuiteRunnerWorker.runSuite(SuiteRunnerWorker.java:52)
	at org.testng.SuiteRunnerWorker.run(SuiteRunnerWorker.java:84)
	at org.testng.TestNG.runSuitesSequentially(TestNG.java:1208)
	at org.testng.TestNG.runSuitesLocally(TestNG.java:1137)
	at org.testng.TestNG.runSuites(TestNG.java:1049)
	at org.testng.TestNG.run(TestNG.java:1017)
	at org.testng.remote.AbstractRemoteTestNG.run(AbstractRemoteTestNG.java:115)
	at org.testng.remote.RemoteTestNG.initAndRun(RemoteTestNG.java:251)
	at org.testng.remote.RemoteTestNG.main(RemoteTestNG.java:77)

2022-04-29 12:59:09,192 [main] INFO com.utils.ExcelUtility - java.lang.NullPointerException
	at com.utils.ExcelUtility.getCellData(ExcelUtility.java:311)
	at com.utils._masterVO.loadGatewayCases(_masterVO.java:115)
	at com.utils._masterVO.loadExternalServices(_masterVO.java:448)
	at com.utils._masterVO.loadVO(_masterVO.java:81)
	at com.classes.BaseTest.setupReporter(BaseTest.java:85)
	at sun.reflect.NativeMethodAccessorImpl.invoke0(Native Method)
	at sun.reflect.NativeMethodAccessorImpl.invoke(Unknown Source)
	at sun.reflect.DelegatingMethodAccessorImpl.invoke(Unknown Source)
	at java.lang.reflect.Method.invoke(Unknown Source)
	at org.testng.internal.MethodInvocationHelper.invokeMethod(MethodInvocationHelper.java:124)
	at org.testng.internal.MethodInvocationHelper.invokeMethodConsideringTimeout(MethodInvocationHelper.java:59)
	at org.testng.internal.Invoker.invokeConfigurationMethod(Invoker.java:455)
	at org.testng.internal.Invoker.invokeConfigurations(Invoker.java:222)
	at org.testng.internal.Invoker.invokeConfigurations(Invoker.java:142)
	at org.testng.SuiteRunner.privateRun(SuiteRunner.java:401)
	at org.testng.SuiteRunner.run(SuiteRunner.java:364)
	at org.testng.SuiteRunnerWorker.runSuite(SuiteRunnerWorker.java:52)
	at org.testng.SuiteRunnerWorker.run(SuiteRunnerWorker.java:84)
	at org.testng.TestNG.runSuitesSequentially(TestNG.java:1208)
	at org.testng.TestNG.runSuitesLocally(TestNG.java:1137)
	at org.testng.TestNG.runSuites(TestNG.java:1049)
	at org.testng.TestNG.run(TestNG.java:1017)
	at org.testng.remote.AbstractRemoteTestNG.run(AbstractRemoteTestNG.java:115)
	at org.testng.remote.RemoteTestNG.initAndRun(RemoteTestNG.java:251)
	at org.testng.remote.RemoteTestNG.main(RemoteTestNG.java:77)

2022-04-29 12:59:09,192 [main] INFO com.utils.ExcelUtility - java.lang.NullPointerException
	at com.utils.ExcelUtility.getCellData(ExcelUtility.java:311)
	at com.utils._masterVO.loadGatewayCases(_masterVO.java:115)
	at com.utils._masterVO.loadExternalServices(_masterVO.java:448)
	at com.utils._masterVO.loadVO(_masterVO.java:81)
	at com.classes.BaseTest.setupReporter(BaseTest.java:85)
	at sun.reflect.NativeMethodAccessorImpl.invoke0(Native Method)
	at sun.reflect.NativeMethodAccessorImpl.invoke(Unknown Source)
	at sun.reflect.DelegatingMethodAccessorImpl.invoke(Unknown Source)
	at java.lang.reflect.Method.invoke(Unknown Source)
	at org.testng.internal.MethodInvocationHelper.invokeMethod(MethodInvocationHelper.java:124)
	at org.testng.internal.MethodInvocationHelper.invokeMethodConsideringTimeout(MethodInvocationHelper.java:59)
	at org.testng.internal.Invoker.invokeConfigurationMethod(Invoker.java:455)
	at org.testng.internal.Invoker.invokeConfigurations(Invoker.java:222)
	at org.testng.internal.Invoker.invokeConfigurations(Invoker.java:142)
	at org.testng.SuiteRunner.privateRun(SuiteRunner.java:401)
	at org.testng.SuiteRunner.run(SuiteRunner.java:364)
	at org.testng.SuiteRunnerWorker.runSuite(SuiteRunnerWorker.java:52)
	at org.testng.SuiteRunnerWorker.run(SuiteRunnerWorker.java:84)
	at org.testng.TestNG.runSuitesSequentially(TestNG.java:1208)
	at org.testng.TestNG.runSuitesLocally(TestNG.java:1137)
	at org.testng.TestNG.runSuites(TestNG.java:1049)
	at org.testng.TestNG.run(TestNG.java:1017)
	at org.testng.remote.AbstractRemoteTestNG.run(AbstractRemoteTestNG.java:115)
	at org.testng.remote.RemoteTestNG.initAndRun(RemoteTestNG.java:251)
	at org.testng.remote.RemoteTestNG.main(RemoteTestNG.java:77)

2022-04-29 12:59:09,192 [main] INFO com.utils.ExcelUtility - java.lang.NullPointerException
	at com.utils.ExcelUtility.getCellData(ExcelUtility.java:311)
	at com.utils._masterVO.loadGatewayCases(_masterVO.java:115)
	at com.utils._masterVO.loadExternalServices(_masterVO.java:448)
	at com.utils._masterVO.loadVO(_masterVO.java:81)
	at com.classes.BaseTest.setupReporter(BaseTest.java:85)
	at sun.reflect.NativeMethodAccessorImpl.invoke0(Native Method)
	at sun.reflect.NativeMethodAccessorImpl.invoke(Unknown Source)
	at sun.reflect.DelegatingMethodAccessorImpl.invoke(Unknown Source)
	at java.lang.reflect.Method.invoke(Unknown Source)
	at org.testng.internal.MethodInvocationHelper.invokeMethod(MethodInvocationHelper.java:124)
	at org.testng.internal.MethodInvocationHelper.invokeMethodConsideringTimeout(MethodInvocationHelper.java:59)
	at org.testng.internal.Invoker.invokeConfigurationMethod(Invoker.java:455)
	at org.testng.internal.Invoker.invokeConfigurations(Invoker.java:222)
	at org.testng.internal.Invoker.invokeConfigurations(Invoker.java:142)
	at org.testng.SuiteRunner.privateRun(SuiteRunner.java:401)
	at org.testng.SuiteRunner.run(SuiteRunner.java:364)
	at org.testng.SuiteRunnerWorker.runSuite(SuiteRunnerWorker.java:52)
	at org.testng.SuiteRunnerWorker.run(SuiteRunnerWorker.java:84)
	at org.testng.TestNG.runSuitesSequentially(TestNG.java:1208)
	at org.testng.TestNG.runSuitesLocally(TestNG.java:1137)
	at org.testng.TestNG.runSuites(TestNG.java:1049)
	at org.testng.TestNG.run(TestNG.java:1017)
	at org.testng.remote.AbstractRemoteTestNG.run(AbstractRemoteTestNG.java:115)
	at org.testng.remote.RemoteTestNG.initAndRun(RemoteTestNG.java:251)
	at org.testng.remote.RemoteTestNG.main(RemoteTestNG.java:77)

2022-04-29 12:59:09,193 [main] INFO com.utils.ExcelUtility - java.lang.NullPointerException
	at com.utils.ExcelUtility.getCellData(ExcelUtility.java:311)
	at com.utils._masterVO.loadGatewayCases(_masterVO.java:115)
	at com.utils._masterVO.loadExternalServices(_masterVO.java:448)
	at com.utils._masterVO.loadVO(_masterVO.java:81)
	at com.classes.BaseTest.setupReporter(BaseTest.java:85)
	at sun.reflect.NativeMethodAccessorImpl.invoke0(Native Method)
	at sun.reflect.NativeMethodAccessorImpl.invoke(Unknown Source)
	at sun.reflect.DelegatingMethodAccessorImpl.invoke(Unknown Source)
	at java.lang.reflect.Method.invoke(Unknown Source)
	at org.testng.internal.MethodInvocationHelper.invokeMethod(MethodInvocationHelper.java:124)
	at org.testng.internal.MethodInvocationHelper.invokeMethodConsideringTimeout(MethodInvocationHelper.java:59)
	at org.testng.internal.Invoker.invokeConfigurationMethod(Invoker.java:455)
	at org.testng.internal.Invoker.invokeConfigurations(Invoker.java:222)
	at org.testng.internal.Invoker.invokeConfigurations(Invoker.java:142)
	at org.testng.SuiteRunner.privateRun(SuiteRunner.java:401)
	at org.testng.SuiteRunner.run(SuiteRunner.java:364)
	at org.testng.SuiteRunnerWorker.runSuite(SuiteRunnerWorker.java:52)
	at org.testng.SuiteRunnerWorker.run(SuiteRunnerWorker.java:84)
	at org.testng.TestNG.runSuitesSequentially(TestNG.java:1208)
	at org.testng.TestNG.runSuitesLocally(TestNG.java:1137)
	at org.testng.TestNG.runSuites(TestNG.java:1049)
	at org.testng.TestNG.run(TestNG.java:1017)
	at org.testng.remote.AbstractRemoteTestNG.run(AbstractRemoteTestNG.java:115)
	at org.testng.remote.RemoteTestNG.initAndRun(RemoteTestNG.java:251)
	at org.testng.remote.RemoteTestNG.main(RemoteTestNG.java:77)

2022-04-29 12:59:09,193 [main] INFO com.utils.ExcelUtility - java.lang.NullPointerException
	at com.utils.ExcelUtility.getCellData(ExcelUtility.java:311)
	at com.utils._masterVO.loadGatewayCases(_masterVO.java:115)
	at com.utils._masterVO.loadExternalServices(_masterVO.java:448)
	at com.utils._masterVO.loadVO(_masterVO.java:81)
	at com.classes.BaseTest.setupReporter(BaseTest.java:85)
	at sun.reflect.NativeMethodAccessorImpl.invoke0(Native Method)
	at sun.reflect.NativeMethodAccessorImpl.invoke(Unknown Source)
	at sun.reflect.DelegatingMethodAccessorImpl.invoke(Unknown Source)
	at java.lang.reflect.Method.invoke(Unknown Source)
	at org.testng.internal.MethodInvocationHelper.invokeMethod(MethodInvocationHelper.java:124)
	at org.testng.internal.MethodInvocationHelper.invokeMethodConsideringTimeout(MethodInvocationHelper.java:59)
	at org.testng.internal.Invoker.invokeConfigurationMethod(Invoker.java:455)
	at org.testng.internal.Invoker.invokeConfigurations(Invoker.java:222)
	at org.testng.internal.Invoker.invokeConfigurations(Invoker.java:142)
	at org.testng.SuiteRunner.privateRun(SuiteRunner.java:401)
	at org.testng.SuiteRunner.run(SuiteRunner.java:364)
	at org.testng.SuiteRunnerWorker.runSuite(SuiteRunnerWorker.java:52)
	at org.testng.SuiteRunnerWorker.run(SuiteRunnerWorker.java:84)
	at org.testng.TestNG.runSuitesSequentially(TestNG.java:1208)
	at org.testng.TestNG.runSuitesLocally(TestNG.java:1137)
	at org.testng.TestNG.runSuites(TestNG.java:1049)
	at org.testng.TestNG.run(TestNG.java:1017)
	at org.testng.remote.AbstractRemoteTestNG.run(AbstractRemoteTestNG.java:115)
	at org.testng.remote.RemoteTestNG.initAndRun(RemoteTestNG.java:251)
	at org.testng.remote.RemoteTestNG.main(RemoteTestNG.java:77)

2022-04-29 12:59:09,194 [main] INFO com.utils.ExcelUtility - java.lang.NullPointerException
	at com.utils.ExcelUtility.getCellData(ExcelUtility.java:311)
	at com.utils._masterVO.loadGatewayCases(_masterVO.java:115)
	at com.utils._masterVO.loadExternalServices(_masterVO.java:448)
	at com.utils._masterVO.loadVO(_masterVO.java:81)
	at com.classes.BaseTest.setupReporter(BaseTest.java:85)
	at sun.reflect.NativeMethodAccessorImpl.invoke0(Native Method)
	at sun.reflect.NativeMethodAccessorImpl.invoke(Unknown Source)
	at sun.reflect.DelegatingMethodAccessorImpl.invoke(Unknown Source)
	at java.lang.reflect.Method.invoke(Unknown Source)
	at org.testng.internal.MethodInvocationHelper.invokeMethod(MethodInvocationHelper.java:124)
	at org.testng.internal.MethodInvocationHelper.invokeMethodConsideringTimeout(MethodInvocationHelper.java:59)
	at org.testng.internal.Invoker.invokeConfigurationMethod(Invoker.java:455)
	at org.testng.internal.Invoker.invokeConfigurations(Invoker.java:222)
	at org.testng.internal.Invoker.invokeConfigurations(Invoker.java:142)
	at org.testng.SuiteRunner.privateRun(SuiteRunner.java:401)
	at org.testng.SuiteRunner.run(SuiteRunner.java:364)
	at org.testng.SuiteRunnerWorker.runSuite(SuiteRunnerWorker.java:52)
	at org.testng.SuiteRunnerWorker.run(SuiteRunnerWorker.java:84)
	at org.testng.TestNG.runSuitesSequentially(TestNG.java:1208)
	at org.testng.TestNG.runSuitesLocally(TestNG.java:1137)
	at org.testng.TestNG.runSuites(TestNG.java:1049)
	at org.testng.TestNG.run(TestNG.java:1017)
	at org.testng.remote.AbstractRemoteTestNG.run(AbstractRemoteTestNG.java:115)
	at org.testng.remote.RemoteTestNG.initAndRun(RemoteTestNG.java:251)
	at org.testng.remote.RemoteTestNG.main(RemoteTestNG.java:77)

2022-04-29 12:59:09,194 [main] INFO com.utils.ExcelUtility - java.lang.NullPointerException
	at com.utils.ExcelUtility.getCellData(ExcelUtility.java:311)
	at com.utils._masterVO.loadGatewayCases(_masterVO.java:115)
	at com.utils._masterVO.loadExternalServices(_masterVO.java:448)
	at com.utils._masterVO.loadVO(_masterVO.java:81)
	at com.classes.BaseTest.setupReporter(BaseTest.java:85)
	at sun.reflect.NativeMethodAccessorImpl.invoke0(Native Method)
	at sun.reflect.NativeMethodAccessorImpl.invoke(Unknown Source)
	at sun.reflect.DelegatingMethodAccessorImpl.invoke(Unknown Source)
	at java.lang.reflect.Method.invoke(Unknown Source)
	at org.testng.internal.MethodInvocationHelper.invokeMethod(MethodInvocationHelper.java:124)
	at org.testng.internal.MethodInvocationHelper.invokeMethodConsideringTimeout(MethodInvocationHelper.java:59)
	at org.testng.internal.Invoker.invokeConfigurationMethod(Invoker.java:455)
	at org.testng.internal.Invoker.invokeConfigurations(Invoker.java:222)
	at org.testng.internal.Invoker.invokeConfigurations(Invoker.java:142)
	at org.testng.SuiteRunner.privateRun(SuiteRunner.java:401)
	at org.testng.SuiteRunner.run(SuiteRunner.java:364)
	at org.testng.SuiteRunnerWorker.runSuite(SuiteRunnerWorker.java:52)
	at org.testng.SuiteRunnerWorker.run(SuiteRunnerWorker.java:84)
	at org.testng.TestNG.runSuitesSequentially(TestNG.java:1208)
	at org.testng.TestNG.runSuitesLocally(TestNG.java:1137)
	at org.testng.TestNG.runSuites(TestNG.java:1049)
	at org.testng.TestNG.run(TestNG.java:1017)
	at org.testng.remote.AbstractRemoteTestNG.run(AbstractRemoteTestNG.java:115)
	at org.testng.remote.RemoteTestNG.initAndRun(RemoteTestNG.java:251)
	at org.testng.remote.RemoteTestNG.main(RemoteTestNG.java:77)

2022-04-29 12:59:09,195 [main] INFO com.utils.ExcelUtility - java.lang.NullPointerException
	at com.utils.ExcelUtility.getCellData(ExcelUtility.java:311)
	at com.utils._masterVO.loadGatewayCases(_masterVO.java:115)
	at com.utils._masterVO.loadExternalServices(_masterVO.java:448)
	at com.utils._masterVO.loadVO(_masterVO.java:81)
	at com.classes.BaseTest.setupReporter(BaseTest.java:85)
	at sun.reflect.NativeMethodAccessorImpl.invoke0(Native Method)
	at sun.reflect.NativeMethodAccessorImpl.invoke(Unknown Source)
	at sun.reflect.DelegatingMethodAccessorImpl.invoke(Unknown Source)
	at java.lang.reflect.Method.invoke(Unknown Source)
	at org.testng.internal.MethodInvocationHelper.invokeMethod(MethodInvocationHelper.java:124)
	at org.testng.internal.MethodInvocationHelper.invokeMethodConsideringTimeout(MethodInvocationHelper.java:59)
	at org.testng.internal.Invoker.invokeConfigurationMethod(Invoker.java:455)
	at org.testng.internal.Invoker.invokeConfigurations(Invoker.java:222)
	at org.testng.internal.Invoker.invokeConfigurations(Invoker.java:142)
	at org.testng.SuiteRunner.privateRun(SuiteRunner.java:401)
	at org.testng.SuiteRunner.run(SuiteRunner.java:364)
	at org.testng.SuiteRunnerWorker.runSuite(SuiteRunnerWorker.java:52)
	at org.testng.SuiteRunnerWorker.run(SuiteRunnerWorker.java:84)
	at org.testng.TestNG.runSuitesSequentially(TestNG.java:1208)
	at org.testng.TestNG.runSuitesLocally(TestNG.java:1137)
	at org.testng.TestNG.runSuites(TestNG.java:1049)
	at org.testng.TestNG.run(TestNG.java:1017)
	at org.testng.remote.AbstractRemoteTestNG.run(AbstractRemoteTestNG.java:115)
	at org.testng.remote.RemoteTestNG.initAndRun(RemoteTestNG.java:251)
	at org.testng.remote.RemoteTestNG.main(RemoteTestNG.java:77)

2022-04-29 12:59:09,195 [main] INFO com.utils.ExcelUtility - java.lang.NullPointerException
	at com.utils.ExcelUtility.getCellData(ExcelUtility.java:311)
	at com.utils._masterVO.loadGatewayCases(_masterVO.java:115)
	at com.utils._masterVO.loadExternalServices(_masterVO.java:448)
	at com.utils._masterVO.loadVO(_masterVO.java:81)
	at com.classes.BaseTest.setupReporter(BaseTest.java:85)
	at sun.reflect.NativeMethodAccessorImpl.invoke0(Native Method)
	at sun.reflect.NativeMethodAccessorImpl.invoke(Unknown Source)
	at sun.reflect.DelegatingMethodAccessorImpl.invoke(Unknown Source)
	at java.lang.reflect.Method.invoke(Unknown Source)
	at org.testng.internal.MethodInvocationHelper.invokeMethod(MethodInvocationHelper.java:124)
	at org.testng.internal.MethodInvocationHelper.invokeMethodConsideringTimeout(MethodInvocationHelper.java:59)
	at org.testng.internal.Invoker.invokeConfigurationMethod(Invoker.java:455)
	at org.testng.internal.Invoker.invokeConfigurations(Invoker.java:222)
	at org.testng.internal.Invoker.invokeConfigurations(Invoker.java:142)
	at org.testng.SuiteRunner.privateRun(SuiteRunner.java:401)
	at org.testng.SuiteRunner.run(SuiteRunner.java:364)
	at org.testng.SuiteRunnerWorker.runSuite(SuiteRunnerWorker.java:52)
	at org.testng.SuiteRunnerWorker.run(SuiteRunnerWorker.java:84)
	at org.testng.TestNG.runSuitesSequentially(TestNG.java:1208)
	at org.testng.TestNG.runSuitesLocally(TestNG.java:1137)
	at org.testng.TestNG.runSuites(TestNG.java:1049)
	at org.testng.TestNG.run(TestNG.java:1017)
	at org.testng.remote.AbstractRemoteTestNG.run(AbstractRemoteTestNG.java:115)
	at org.testng.remote.RemoteTestNG.initAndRun(RemoteTestNG.java:251)
	at org.testng.remote.RemoteTestNG.main(RemoteTestNG.java:77)

2022-04-29 12:59:09,196 [main] INFO com.utils.ExcelUtility - java.lang.NullPointerException
	at com.utils.ExcelUtility.getCellData(ExcelUtility.java:311)
	at com.utils._masterVO.loadGatewayCases(_masterVO.java:115)
	at com.utils._masterVO.loadExternalServices(_masterVO.java:448)
	at com.utils._masterVO.loadVO(_masterVO.java:81)
	at com.classes.BaseTest.setupReporter(BaseTest.java:85)
	at sun.reflect.NativeMethodAccessorImpl.invoke0(Native Method)
	at sun.reflect.NativeMethodAccessorImpl.invoke(Unknown Source)
	at sun.reflect.DelegatingMethodAccessorImpl.invoke(Unknown Source)
	at java.lang.reflect.Method.invoke(Unknown Source)
	at org.testng.internal.MethodInvocationHelper.invokeMethod(MethodInvocationHelper.java:124)
	at org.testng.internal.MethodInvocationHelper.invokeMethodConsideringTimeout(MethodInvocationHelper.java:59)
	at org.testng.internal.Invoker.invokeConfigurationMethod(Invoker.java:455)
	at org.testng.internal.Invoker.invokeConfigurations(Invoker.java:222)
	at org.testng.internal.Invoker.invokeConfigurations(Invoker.java:142)
	at org.testng.SuiteRunner.privateRun(SuiteRunner.java:401)
	at org.testng.SuiteRunner.run(SuiteRunner.java:364)
	at org.testng.SuiteRunnerWorker.runSuite(SuiteRunnerWorker.java:52)
	at org.testng.SuiteRunnerWorker.run(SuiteRunnerWorker.java:84)
	at org.testng.TestNG.runSuitesSequentially(TestNG.java:1208)
	at org.testng.TestNG.runSuitesLocally(TestNG.java:1137)
	at org.testng.TestNG.runSuites(TestNG.java:1049)
	at org.testng.TestNG.run(TestNG.java:1017)
	at org.testng.remote.AbstractRemoteTestNG.run(AbstractRemoteTestNG.java:115)
	at org.testng.remote.RemoteTestNG.initAndRun(RemoteTestNG.java:251)
	at org.testng.remote.RemoteTestNG.main(RemoteTestNG.java:77)

2022-04-29 12:59:09,196 [main] INFO com.utils.ExcelUtility - java.lang.NullPointerException
	at com.utils.ExcelUtility.getCellData(ExcelUtility.java:311)
	at com.utils._masterVO.loadGatewayCases(_masterVO.java:115)
	at com.utils._masterVO.loadExternalServices(_masterVO.java:448)
	at com.utils._masterVO.loadVO(_masterVO.java:81)
	at com.classes.BaseTest.setupReporter(BaseTest.java:85)
	at sun.reflect.NativeMethodAccessorImpl.invoke0(Native Method)
	at sun.reflect.NativeMethodAccessorImpl.invoke(Unknown Source)
	at sun.reflect.DelegatingMethodAccessorImpl.invoke(Unknown Source)
	at java.lang.reflect.Method.invoke(Unknown Source)
	at org.testng.internal.MethodInvocationHelper.invokeMethod(MethodInvocationHelper.java:124)
	at org.testng.internal.MethodInvocationHelper.invokeMethodConsideringTimeout(MethodInvocationHelper.java:59)
	at org.testng.internal.Invoker.invokeConfigurationMethod(Invoker.java:455)
	at org.testng.internal.Invoker.invokeConfigurations(Invoker.java:222)
	at org.testng.internal.Invoker.invokeConfigurations(Invoker.java:142)
	at org.testng.SuiteRunner.privateRun(SuiteRunner.java:401)
	at org.testng.SuiteRunner.run(SuiteRunner.java:364)
	at org.testng.SuiteRunnerWorker.runSuite(SuiteRunnerWorker.java:52)
	at org.testng.SuiteRunnerWorker.run(SuiteRunnerWorker.java:84)
	at org.testng.TestNG.runSuitesSequentially(TestNG.java:1208)
	at org.testng.TestNG.runSuitesLocally(TestNG.java:1137)
	at org.testng.TestNG.runSuites(TestNG.java:1049)
	at org.testng.TestNG.run(TestNG.java:1017)
	at org.testng.remote.AbstractRemoteTestNG.run(AbstractRemoteTestNG.java:115)
	at org.testng.remote.RemoteTestNG.initAndRun(RemoteTestNG.java:251)
	at org.testng.remote.RemoteTestNG.main(RemoteTestNG.java:77)

2022-04-29 12:59:09,197 [main] INFO com.utils.ExcelUtility - java.lang.NullPointerException
	at com.utils.ExcelUtility.getCellData(ExcelUtility.java:311)
	at com.utils._masterVO.loadGatewayCases(_masterVO.java:115)
	at com.utils._masterVO.loadExternalServices(_masterVO.java:448)
	at com.utils._masterVO.loadVO(_masterVO.java:81)
	at com.classes.BaseTest.setupReporter(BaseTest.java:85)
	at sun.reflect.NativeMethodAccessorImpl.invoke0(Native Method)
	at sun.reflect.NativeMethodAccessorImpl.invoke(Unknown Source)
	at sun.reflect.DelegatingMethodAccessorImpl.invoke(Unknown Source)
	at java.lang.reflect.Method.invoke(Unknown Source)
	at org.testng.internal.MethodInvocationHelper.invokeMethod(MethodInvocationHelper.java:124)
	at org.testng.internal.MethodInvocationHelper.invokeMethodConsideringTimeout(MethodInvocationHelper.java:59)
	at org.testng.internal.Invoker.invokeConfigurationMethod(Invoker.java:455)
	at org.testng.internal.Invoker.invokeConfigurations(Invoker.java:222)
	at org.testng.internal.Invoker.invokeConfigurations(Invoker.java:142)
	at org.testng.SuiteRunner.privateRun(SuiteRunner.java:401)
	at org.testng.SuiteRunner.run(SuiteRunner.java:364)
	at org.testng.SuiteRunnerWorker.runSuite(SuiteRunnerWorker.java:52)
	at org.testng.SuiteRunnerWorker.run(SuiteRunnerWorker.java:84)
	at org.testng.TestNG.runSuitesSequentially(TestNG.java:1208)
	at org.testng.TestNG.runSuitesLocally(TestNG.java:1137)
	at org.testng.TestNG.runSuites(TestNG.java:1049)
	at org.testng.TestNG.run(TestNG.java:1017)
	at org.testng.remote.AbstractRemoteTestNG.run(AbstractRemoteTestNG.java:115)
	at org.testng.remote.RemoteTestNG.initAndRun(RemoteTestNG.java:251)
	at org.testng.remote.RemoteTestNG.main(RemoteTestNG.java:77)

2022-04-29 12:59:09,197 [main] INFO com.utils.ExcelUtility - java.lang.NullPointerException
	at com.utils.ExcelUtility.getCellData(ExcelUtility.java:311)
	at com.utils._masterVO.loadGatewayCases(_masterVO.java:115)
	at com.utils._masterVO.loadExternalServices(_masterVO.java:448)
	at com.utils._masterVO.loadVO(_masterVO.java:81)
	at com.classes.BaseTest.setupReporter(BaseTest.java:85)
	at sun.reflect.NativeMethodAccessorImpl.invoke0(Native Method)
	at sun.reflect.NativeMethodAccessorImpl.invoke(Unknown Source)
	at sun.reflect.DelegatingMethodAccessorImpl.invoke(Unknown Source)
	at java.lang.reflect.Method.invoke(Unknown Source)
	at org.testng.internal.MethodInvocationHelper.invokeMethod(MethodInvocationHelper.java:124)
	at org.testng.internal.MethodInvocationHelper.invokeMethodConsideringTimeout(MethodInvocationHelper.java:59)
	at org.testng.internal.Invoker.invokeConfigurationMethod(Invoker.java:455)
	at org.testng.internal.Invoker.invokeConfigurations(Invoker.java:222)
	at org.testng.internal.Invoker.invokeConfigurations(Invoker.java:142)
	at org.testng.SuiteRunner.privateRun(SuiteRunner.java:401)
	at org.testng.SuiteRunner.run(SuiteRunner.java:364)
	at org.testng.SuiteRunnerWorker.runSuite(SuiteRunnerWorker.java:52)
	at org.testng.SuiteRunnerWorker.run(SuiteRunnerWorker.java:84)
	at org.testng.TestNG.runSuitesSequentially(TestNG.java:1208)
	at org.testng.TestNG.runSuitesLocally(TestNG.java:1137)
	at org.testng.TestNG.runSuites(TestNG.java:1049)
	at org.testng.TestNG.run(TestNG.java:1017)
	at org.testng.remote.AbstractRemoteTestNG.run(AbstractRemoteTestNG.java:115)
	at org.testng.remote.RemoteTestNG.initAndRun(RemoteTestNG.java:251)
	at org.testng.remote.RemoteTestNG.main(RemoteTestNG.java:77)

2022-04-29 12:59:09,198 [main] INFO com.utils.ExcelUtility - java.lang.NullPointerException
	at com.utils.ExcelUtility.getCellData(ExcelUtility.java:311)
	at com.utils._masterVO.loadGatewayCases(_masterVO.java:115)
	at com.utils._masterVO.loadExternalServices(_masterVO.java:448)
	at com.utils._masterVO.loadVO(_masterVO.java:81)
	at com.classes.BaseTest.setupReporter(BaseTest.java:85)
	at sun.reflect.NativeMethodAccessorImpl.invoke0(Native Method)
	at sun.reflect.NativeMethodAccessorImpl.invoke(Unknown Source)
	at sun.reflect.DelegatingMethodAccessorImpl.invoke(Unknown Source)
	at java.lang.reflect.Method.invoke(Unknown Source)
	at org.testng.internal.MethodInvocationHelper.invokeMethod(MethodInvocationHelper.java:124)
	at org.testng.internal.MethodInvocationHelper.invokeMethodConsideringTimeout(MethodInvocationHelper.java:59)
	at org.testng.internal.Invoker.invokeConfigurationMethod(Invoker.java:455)
	at org.testng.internal.Invoker.invokeConfigurations(Invoker.java:222)
	at org.testng.internal.Invoker.invokeConfigurations(Invoker.java:142)
	at org.testng.SuiteRunner.privateRun(SuiteRunner.java:401)
	at org.testng.SuiteRunner.run(SuiteRunner.java:364)
	at org.testng.SuiteRunnerWorker.runSuite(SuiteRunnerWorker.java:52)
	at org.testng.SuiteRunnerWorker.run(SuiteRunnerWorker.java:84)
	at org.testng.TestNG.runSuitesSequentially(TestNG.java:1208)
	at org.testng.TestNG.runSuitesLocally(TestNG.java:1137)
	at org.testng.TestNG.runSuites(TestNG.java:1049)
	at org.testng.TestNG.run(TestNG.java:1017)
	at org.testng.remote.AbstractRemoteTestNG.run(AbstractRemoteTestNG.java:115)
	at org.testng.remote.RemoteTestNG.initAndRun(RemoteTestNG.java:251)
	at org.testng.remote.RemoteTestNG.main(RemoteTestNG.java:77)

2022-04-29 12:59:09,198 [main] INFO com.utils.ExcelUtility - java.lang.NullPointerException
	at com.utils.ExcelUtility.getCellData(ExcelUtility.java:311)
	at com.utils._masterVO.loadGatewayCases(_masterVO.java:115)
	at com.utils._masterVO.loadExternalServices(_masterVO.java:448)
	at com.utils._masterVO.loadVO(_masterVO.java:81)
	at com.classes.BaseTest.setupReporter(BaseTest.java:85)
	at sun.reflect.NativeMethodAccessorImpl.invoke0(Native Method)
	at sun.reflect.NativeMethodAccessorImpl.invoke(Unknown Source)
	at sun.reflect.DelegatingMethodAccessorImpl.invoke(Unknown Source)
	at java.lang.reflect.Method.invoke(Unknown Source)
	at org.testng.internal.MethodInvocationHelper.invokeMethod(MethodInvocationHelper.java:124)
	at org.testng.internal.MethodInvocationHelper.invokeMethodConsideringTimeout(MethodInvocationHelper.java:59)
	at org.testng.internal.Invoker.invokeConfigurationMethod(Invoker.java:455)
	at org.testng.internal.Invoker.invokeConfigurations(Invoker.java:222)
	at org.testng.internal.Invoker.invokeConfigurations(Invoker.java:142)
	at org.testng.SuiteRunner.privateRun(SuiteRunner.java:401)
	at org.testng.SuiteRunner.run(SuiteRunner.java:364)
	at org.testng.SuiteRunnerWorker.runSuite(SuiteRunnerWorker.java:52)
	at org.testng.SuiteRunnerWorker.run(SuiteRunnerWorker.java:84)
	at org.testng.TestNG.runSuitesSequentially(TestNG.java:1208)
	at org.testng.TestNG.runSuitesLocally(TestNG.java:1137)
	at org.testng.TestNG.runSuites(TestNG.java:1049)
	at org.testng.TestNG.run(TestNG.java:1017)
	at org.testng.remote.AbstractRemoteTestNG.run(AbstractRemoteTestNG.java:115)
	at org.testng.remote.RemoteTestNG.initAndRun(RemoteTestNG.java:251)
	at org.testng.remote.RemoteTestNG.main(RemoteTestNG.java:77)

2022-04-29 12:59:09,199 [main] INFO com.utils.ExcelUtility - java.lang.NullPointerException
	at com.utils.ExcelUtility.getCellData(ExcelUtility.java:311)
	at com.utils._masterVO.loadGatewayCases(_masterVO.java:115)
	at com.utils._masterVO.loadExternalServices(_masterVO.java:448)
	at com.utils._masterVO.loadVO(_masterVO.java:81)
	at com.classes.BaseTest.setupReporter(BaseTest.java:85)
	at sun.reflect.NativeMethodAccessorImpl.invoke0(Native Method)
	at sun.reflect.NativeMethodAccessorImpl.invoke(Unknown Source)
	at sun.reflect.DelegatingMethodAccessorImpl.invoke(Unknown Source)
	at java.lang.reflect.Method.invoke(Unknown Source)
	at org.testng.internal.MethodInvocationHelper.invokeMethod(MethodInvocationHelper.java:124)
	at org.testng.internal.MethodInvocationHelper.invokeMethodConsideringTimeout(MethodInvocationHelper.java:59)
	at org.testng.internal.Invoker.invokeConfigurationMethod(Invoker.java:455)
	at org.testng.internal.Invoker.invokeConfigurations(Invoker.java:222)
	at org.testng.internal.Invoker.invokeConfigurations(Invoker.java:142)
	at org.testng.SuiteRunner.privateRun(SuiteRunner.java:401)
	at org.testng.SuiteRunner.run(SuiteRunner.java:364)
	at org.testng.SuiteRunnerWorker.runSuite(SuiteRunnerWorker.java:52)
	at org.testng.SuiteRunnerWorker.run(SuiteRunnerWorker.java:84)
	at org.testng.TestNG.runSuitesSequentially(TestNG.java:1208)
	at org.testng.TestNG.runSuitesLocally(TestNG.java:1137)
	at org.testng.TestNG.runSuites(TestNG.java:1049)
	at org.testng.TestNG.run(TestNG.java:1017)
	at org.testng.remote.AbstractRemoteTestNG.run(AbstractRemoteTestNG.java:115)
	at org.testng.remote.RemoteTestNG.initAndRun(RemoteTestNG.java:251)
	at org.testng.remote.RemoteTestNG.main(RemoteTestNG.java:77)

2022-04-29 12:59:09,200 [main] INFO com.utils.ExcelUtility - java.lang.NullPointerException
	at com.utils.ExcelUtility.getCellData(ExcelUtility.java:311)
	at com.utils._masterVO.loadGatewayCases(_masterVO.java:115)
	at com.utils._masterVO.loadExternalServices(_masterVO.java:448)
	at com.utils._masterVO.loadVO(_masterVO.java:81)
	at com.classes.BaseTest.setupReporter(BaseTest.java:85)
	at sun.reflect.NativeMethodAccessorImpl.invoke0(Native Method)
	at sun.reflect.NativeMethodAccessorImpl.invoke(Unknown Source)
	at sun.reflect.DelegatingMethodAccessorImpl.invoke(Unknown Source)
	at java.lang.reflect.Method.invoke(Unknown Source)
	at org.testng.internal.MethodInvocationHelper.invokeMethod(MethodInvocationHelper.java:124)
	at org.testng.internal.MethodInvocationHelper.invokeMethodConsideringTimeout(MethodInvocationHelper.java:59)
	at org.testng.internal.Invoker.invokeConfigurationMethod(Invoker.java:455)
	at org.testng.internal.Invoker.invokeConfigurations(Invoker.java:222)
	at org.testng.internal.Invoker.invokeConfigurations(Invoker.java:142)
	at org.testng.SuiteRunner.privateRun(SuiteRunner.java:401)
	at org.testng.SuiteRunner.run(SuiteRunner.java:364)
	at org.testng.SuiteRunnerWorker.runSuite(SuiteRunnerWorker.java:52)
	at org.testng.SuiteRunnerWorker.run(SuiteRunnerWorker.java:84)
	at org.testng.TestNG.runSuitesSequentially(TestNG.java:1208)
	at org.testng.TestNG.runSuitesLocally(TestNG.java:1137)
	at org.testng.TestNG.runSuites(TestNG.java:1049)
	at org.testng.TestNG.run(TestNG.java:1017)
	at org.testng.remote.AbstractRemoteTestNG.run(AbstractRemoteTestNG.java:115)
	at org.testng.remote.RemoteTestNG.initAndRun(RemoteTestNG.java:251)
	at org.testng.remote.RemoteTestNG.main(RemoteTestNG.java:77)

2022-04-29 12:59:09,200 [main] INFO com.utils.ExcelUtility - java.lang.NullPointerException
	at com.utils.ExcelUtility.getCellData(ExcelUtility.java:311)
	at com.utils._masterVO.loadGatewayCases(_masterVO.java:115)
	at com.utils._masterVO.loadExternalServices(_masterVO.java:448)
	at com.utils._masterVO.loadVO(_masterVO.java:81)
	at com.classes.BaseTest.setupReporter(BaseTest.java:85)
	at sun.reflect.NativeMethodAccessorImpl.invoke0(Native Method)
	at sun.reflect.NativeMethodAccessorImpl.invoke(Unknown Source)
	at sun.reflect.DelegatingMethodAccessorImpl.invoke(Unknown Source)
	at java.lang.reflect.Method.invoke(Unknown Source)
	at org.testng.internal.MethodInvocationHelper.invokeMethod(MethodInvocationHelper.java:124)
	at org.testng.internal.MethodInvocationHelper.invokeMethodConsideringTimeout(MethodInvocationHelper.java:59)
	at org.testng.internal.Invoker.invokeConfigurationMethod(Invoker.java:455)
	at org.testng.internal.Invoker.invokeConfigurations(Invoker.java:222)
	at org.testng.internal.Invoker.invokeConfigurations(Invoker.java:142)
	at org.testng.SuiteRunner.privateRun(SuiteRunner.java:401)
	at org.testng.SuiteRunner.run(SuiteRunner.java:364)
	at org.testng.SuiteRunnerWorker.runSuite(SuiteRunnerWorker.java:52)
	at org.testng.SuiteRunnerWorker.run(SuiteRunnerWorker.java:84)
	at org.testng.TestNG.runSuitesSequentially(TestNG.java:1208)
	at org.testng.TestNG.runSuitesLocally(TestNG.java:1137)
	at org.testng.TestNG.runSuites(TestNG.java:1049)
	at org.testng.TestNG.run(TestNG.java:1017)
	at org.testng.remote.AbstractRemoteTestNG.run(AbstractRemoteTestNG.java:115)
	at org.testng.remote.RemoteTestNG.initAndRun(RemoteTestNG.java:251)
	at org.testng.remote.RemoteTestNG.main(RemoteTestNG.java:77)

2022-04-29 12:59:09,200 [main] INFO com.utils.ExcelUtility - java.lang.NullPointerException
	at com.utils.ExcelUtility.getCellData(ExcelUtility.java:311)
	at com.utils._masterVO.loadGatewayCases(_masterVO.java:115)
	at com.utils._masterVO.loadExternalServices(_masterVO.java:448)
	at com.utils._masterVO.loadVO(_masterVO.java:81)
	at com.classes.BaseTest.setupReporter(BaseTest.java:85)
	at sun.reflect.NativeMethodAccessorImpl.invoke0(Native Method)
	at sun.reflect.NativeMethodAccessorImpl.invoke(Unknown Source)
	at sun.reflect.DelegatingMethodAccessorImpl.invoke(Unknown Source)
	at java.lang.reflect.Method.invoke(Unknown Source)
	at org.testng.internal.MethodInvocationHelper.invokeMethod(MethodInvocationHelper.java:124)
	at org.testng.internal.MethodInvocationHelper.invokeMethodConsideringTimeout(MethodInvocationHelper.java:59)
	at org.testng.internal.Invoker.invokeConfigurationMethod(Invoker.java:455)
	at org.testng.internal.Invoker.invokeConfigurations(Invoker.java:222)
	at org.testng.internal.Invoker.invokeConfigurations(Invoker.java:142)
	at org.testng.SuiteRunner.privateRun(SuiteRunner.java:401)
	at org.testng.SuiteRunner.run(SuiteRunner.java:364)
	at org.testng.SuiteRunnerWorker.runSuite(SuiteRunnerWorker.java:52)
	at org.testng.SuiteRunnerWorker.run(SuiteRunnerWorker.java:84)
	at org.testng.TestNG.runSuitesSequentially(TestNG.java:1208)
	at org.testng.TestNG.runSuitesLocally(TestNG.java:1137)
	at org.testng.TestNG.runSuites(TestNG.java:1049)
	at org.testng.TestNG.run(TestNG.java:1017)
	at org.testng.remote.AbstractRemoteTestNG.run(AbstractRemoteTestNG.java:115)
	at org.testng.remote.RemoteTestNG.initAndRun(RemoteTestNG.java:251)
	at org.testng.remote.RemoteTestNG.main(RemoteTestNG.java:77)

2022-04-29 12:59:09,201 [main] INFO com.utils.ExcelUtility - java.lang.NullPointerException
	at com.utils.ExcelUtility.getCellData(ExcelUtility.java:311)
	at com.utils._masterVO.loadGatewayCases(_masterVO.java:115)
	at com.utils._masterVO.loadExternalServices(_masterVO.java:448)
	at com.utils._masterVO.loadVO(_masterVO.java:81)
	at com.classes.BaseTest.setupReporter(BaseTest.java:85)
	at sun.reflect.NativeMethodAccessorImpl.invoke0(Native Method)
	at sun.reflect.NativeMethodAccessorImpl.invoke(Unknown Source)
	at sun.reflect.DelegatingMethodAccessorImpl.invoke(Unknown Source)
	at java.lang.reflect.Method.invoke(Unknown Source)
	at org.testng.internal.MethodInvocationHelper.invokeMethod(MethodInvocationHelper.java:124)
	at org.testng.internal.MethodInvocationHelper.invokeMethodConsideringTimeout(MethodInvocationHelper.java:59)
	at org.testng.internal.Invoker.invokeConfigurationMethod(Invoker.java:455)
	at org.testng.internal.Invoker.invokeConfigurations(Invoker.java:222)
	at org.testng.internal.Invoker.invokeConfigurations(Invoker.java:142)
	at org.testng.SuiteRunner.privateRun(SuiteRunner.java:401)
	at org.testng.SuiteRunner.run(SuiteRunner.java:364)
	at org.testng.SuiteRunnerWorker.runSuite(SuiteRunnerWorker.java:52)
	at org.testng.SuiteRunnerWorker.run(SuiteRunnerWorker.java:84)
	at org.testng.TestNG.runSuitesSequentially(TestNG.java:1208)
	at org.testng.TestNG.runSuitesLocally(TestNG.java:1137)
	at org.testng.TestNG.runSuites(TestNG.java:1049)
	at org.testng.TestNG.run(TestNG.java:1017)
	at org.testng.remote.AbstractRemoteTestNG.run(AbstractRemoteTestNG.java:115)
	at org.testng.remote.RemoteTestNG.initAndRun(RemoteTestNG.java:251)
	at org.testng.remote.RemoteTestNG.main(RemoteTestNG.java:77)

2022-04-29 12:59:09,201 [main] INFO com.utils.ExcelUtility - java.lang.NullPointerException
	at com.utils.ExcelUtility.getCellData(ExcelUtility.java:311)
	at com.utils._masterVO.loadGatewayCases(_masterVO.java:115)
	at com.utils._masterVO.loadExternalServices(_masterVO.java:448)
	at com.utils._masterVO.loadVO(_masterVO.java:81)
	at com.classes.BaseTest.setupReporter(BaseTest.java:85)
	at sun.reflect.NativeMethodAccessorImpl.invoke0(Native Method)
	at sun.reflect.NativeMethodAccessorImpl.invoke(Unknown Source)
	at sun.reflect.DelegatingMethodAccessorImpl.invoke(Unknown Source)
	at java.lang.reflect.Method.invoke(Unknown Source)
	at org.testng.internal.MethodInvocationHelper.invokeMethod(MethodInvocationHelper.java:124)
	at org.testng.internal.MethodInvocationHelper.invokeMethodConsideringTimeout(MethodInvocationHelper.java:59)
	at org.testng.internal.Invoker.invokeConfigurationMethod(Invoker.java:455)
	at org.testng.internal.Invoker.invokeConfigurations(Invoker.java:222)
	at org.testng.internal.Invoker.invokeConfigurations(Invoker.java:142)
	at org.testng.SuiteRunner.privateRun(SuiteRunner.java:401)
	at org.testng.SuiteRunner.run(SuiteRunner.java:364)
	at org.testng.SuiteRunnerWorker.runSuite(SuiteRunnerWorker.java:52)
	at org.testng.SuiteRunnerWorker.run(SuiteRunnerWorker.java:84)
	at org.testng.TestNG.runSuitesSequentially(TestNG.java:1208)
	at org.testng.TestNG.runSuitesLocally(TestNG.java:1137)
	at org.testng.TestNG.runSuites(TestNG.java:1049)
	at org.testng.TestNG.run(TestNG.java:1017)
	at org.testng.remote.AbstractRemoteTestNG.run(AbstractRemoteTestNG.java:115)
	at org.testng.remote.RemoteTestNG.initAndRun(RemoteTestNG.java:251)
	at org.testng.remote.RemoteTestNG.main(RemoteTestNG.java:77)

2022-04-29 12:59:09,202 [main] INFO com.utils.ExcelUtility - java.lang.NullPointerException
	at com.utils.ExcelUtility.getCellData(ExcelUtility.java:311)
	at com.utils._masterVO.loadGatewayCases(_masterVO.java:115)
	at com.utils._masterVO.loadExternalServices(_masterVO.java:448)
	at com.utils._masterVO.loadVO(_masterVO.java:81)
	at com.classes.BaseTest.setupReporter(BaseTest.java:85)
	at sun.reflect.NativeMethodAccessorImpl.invoke0(Native Method)
	at sun.reflect.NativeMethodAccessorImpl.invoke(Unknown Source)
	at sun.reflect.DelegatingMethodAccessorImpl.invoke(Unknown Source)
	at java.lang.reflect.Method.invoke(Unknown Source)
	at org.testng.internal.MethodInvocationHelper.invokeMethod(MethodInvocationHelper.java:124)
	at org.testng.internal.MethodInvocationHelper.invokeMethodConsideringTimeout(MethodInvocationHelper.java:59)
	at org.testng.internal.Invoker.invokeConfigurationMethod(Invoker.java:455)
	at org.testng.internal.Invoker.invokeConfigurations(Invoker.java:222)
	at org.testng.internal.Invoker.invokeConfigurations(Invoker.java:142)
	at org.testng.SuiteRunner.privateRun(SuiteRunner.java:401)
	at org.testng.SuiteRunner.run(SuiteRunner.java:364)
	at org.testng.SuiteRunnerWorker.runSuite(SuiteRunnerWorker.java:52)
	at org.testng.SuiteRunnerWorker.run(SuiteRunnerWorker.java:84)
	at org.testng.TestNG.runSuitesSequentially(TestNG.java:1208)
	at org.testng.TestNG.runSuitesLocally(TestNG.java:1137)
	at org.testng.TestNG.runSuites(TestNG.java:1049)
	at org.testng.TestNG.run(TestNG.java:1017)
	at org.testng.remote.AbstractRemoteTestNG.run(AbstractRemoteTestNG.java:115)
	at org.testng.remote.RemoteTestNG.initAndRun(RemoteTestNG.java:251)
	at org.testng.remote.RemoteTestNG.main(RemoteTestNG.java:77)

2022-04-29 12:59:09,202 [main] INFO com.utils.ExcelUtility - java.lang.NullPointerException
	at com.utils.ExcelUtility.getCellData(ExcelUtility.java:311)
	at com.utils._masterVO.loadGatewayCases(_masterVO.java:115)
	at com.utils._masterVO.loadExternalServices(_masterVO.java:448)
	at com.utils._masterVO.loadVO(_masterVO.java:81)
	at com.classes.BaseTest.setupReporter(BaseTest.java:85)
	at sun.reflect.NativeMethodAccessorImpl.invoke0(Native Method)
	at sun.reflect.NativeMethodAccessorImpl.invoke(Unknown Source)
	at sun.reflect.DelegatingMethodAccessorImpl.invoke(Unknown Source)
	at java.lang.reflect.Method.invoke(Unknown Source)
	at org.testng.internal.MethodInvocationHelper.invokeMethod(MethodInvocationHelper.java:124)
	at org.testng.internal.MethodInvocationHelper.invokeMethodConsideringTimeout(MethodInvocationHelper.java:59)
	at org.testng.internal.Invoker.invokeConfigurationMethod(Invoker.java:455)
	at org.testng.internal.Invoker.invokeConfigurations(Invoker.java:222)
	at org.testng.internal.Invoker.invokeConfigurations(Invoker.java:142)
	at org.testng.SuiteRunner.privateRun(SuiteRunner.java:401)
	at org.testng.SuiteRunner.run(SuiteRunner.java:364)
	at org.testng.SuiteRunnerWorker.runSuite(SuiteRunnerWorker.java:52)
	at org.testng.SuiteRunnerWorker.run(SuiteRunnerWorker.java:84)
	at org.testng.TestNG.runSuitesSequentially(TestNG.java:1208)
	at org.testng.TestNG.runSuitesLocally(TestNG.java:1137)
	at org.testng.TestNG.runSuites(TestNG.java:1049)
	at org.testng.TestNG.run(TestNG.java:1017)
	at org.testng.remote.AbstractRemoteTestNG.run(AbstractRemoteTestNG.java:115)
	at org.testng.remote.RemoteTestNG.initAndRun(RemoteTestNG.java:251)
	at org.testng.remote.RemoteTestNG.main(RemoteTestNG.java:77)

2022-04-29 12:59:09,502 [main] INFO com.utils._masterVO - Gateway Cases Master File Loaded successfully
2022-04-29 12:59:09,504 [main] INFO com.utils._APIUtil - Entered getAPIServices(USSD)
2022-04-29 12:59:09,506 [main] INFO com.utils._APIUtil - Exiting getAPIServices([])
2022-04-29 12:59:09,508 [main] INFO com.utils._masterVO - Loading Gateway Cases Master file from: .//src//test//resources//config//GatewayMaster.xlsx
2022-04-29 12:59:09,696 [main] INFO com.utils._masterVO - Gateway Cases Master File Loaded successfully
2022-04-29 12:59:09,698 [main] INFO com.utils._masterVO - Loading Gateway Cases Master file from: .//src//test//resources//config//GatewayMaster.xlsx
2022-04-29 12:59:09,826 [main] INFO com.utils._masterVO - Gateway Cases Master File Loaded successfully
2022-04-29 12:59:30,872 [main] ERROR com.sshmanager.SSHService - Error while getting SSH Server Instance : com.jcraft.jsch.JSchException: java.net.ConnectException: Connection timed out: connect
2022-04-29 12:59:30,884 [main] INFO com.classes.BaseTest - Completed loading all methods from -masterVO class
2022-04-29 13:01:07,715 [main] INFO angular.testscripts.prereuisitesangular.PreRequisite_C2STransfer_Revamp - ------------------ Test Case Execution Started For A_01_Test_C2SRecharge -------------------
2022-04-29 13:01:07,715 [main] INFO angular.testscripts.prereuisitesangular.PreRequisite_C2STransfer_Revamp - Entered A_01_Test_C2SRecharge(Root, Super Distributor, 1357, RC)
2022-04-29 13:01:07,779 [main] INFO com.utils.CommonUtils - Category Code for Super Distributor: DIST
2022-04-29 13:01:07,808 [main] INFO com.dbrepository.PostGreSQLRepository - Entered webInterface(Super Distributor)
2022-04-29 13:01:07,811 [main] INFO com.dbrepository.DBConnectionPool - Active Size:0 Cache Size:10
2022-04-29 13:01:07,813 [main] INFO com.dbrepository.PostGreSQLRepository - webInterface() :: select query: Select WEB_INTERFACE_ALLOWED from categories where category_name= ?
2022-04-29 13:01:07,909 [main] INFO com.dbrepository.PostGreSQLRepository - Database Returns: WEB_INTERFACE_ALLOWED (Y)
2022-04-29 13:01:07,911 [main] INFO com.dbrepository.PostGreSQLRepository - Exited webInterface()
2022-04-29 13:01:07,950 [main] INFO angular.feature.C2STransferRevamp - Entered performC2STransfer(Root, Super Distributor, 1357, RC)
2022-04-29 13:01:08,026 [main] INFO angular.classes.LoginRevamp - LoginID found as: AUT_48675
2022-04-29 13:01:08,028 [main] INFO angular.classes.LoginRevamp - Password found as: com@2468
2022-04-29 13:01:08,029 [main] INFO angular.classes.LoginRevamp - Username found as: AUTFN1393 AUTLN2379
2022-04-29 13:01:08,500 [main] INFO angular.pageobjects.loginpages.LoginPageRevamp - Trying to select Language1
2022-04-29 13:01:08,871 [main] INFO angular.pageobjects.loginpages.LoginPageRevamp - Language selected successfully as: English
2022-04-29 13:01:08,873 [main] INFO angular.pageobjects.loginpages.LoginPageRevamp - Trying to enter Login ID3
2022-04-29 13:01:09,057 [main] INFO angular.pageobjects.loginpages.LoginPageRevamp - Login ID entered successfully as: AUT_48675
2022-04-29 13:01:09,059 [main] INFO angular.pageobjects.loginpages.LoginPageRevamp - Trying to enter Password
2022-04-29 13:01:09,203 [main] INFO angular.pageobjects.loginpages.LoginPageRevamp - Password entered successfully as: com@2468
2022-04-29 13:01:09,205 [main] INFO angular.pageobjects.loginpages.LoginPageRevamp - Trying to click Login Button
2022-04-29 13:01:09,293 [main] INFO angular.pageobjects.loginpages.LoginPageRevamp - Login button clicked successfully
2022-04-29 13:01:09,330 [main] INFO angular.pageobjects.loginpages.LoginPageRevamp - Error Message Found on Login Screen: 
2022-04-29 13:01:13,408 [main] INFO angular.pageobjects.recharge.Recharges - User clicked Recharged Heading Link.
2022-04-29 13:01:17,701 [main] INFO com.classes.BaseTest - org.openqa.selenium.ElementClickInterceptedException: element click intercepted: Element <a _ngcontent-fxn-c20="" id="prepaid" routerlink="/recharge" routerlinkactive="anchorActiveClass" href="/pretups-ui/recharge" class="anchorActiveClass">...</a> is not clickable at point (335, 227). Other element would receive the click: <div _ngcontent-fxn-c3="" class="overlay ng-tns-c3-11 ng-trigger ng-trigger-fadeIn ng-star-inserted" style="background-color: rgba(0, 0, 0, 0.5); z-index: 99999; position: fixed; opacity: 1;">...</div>
  (Session info: chrome=101.0.4951.41)
Build info: version: '3.10.0', revision: '176b4a9', time: '2018-03-02T19:03:16.397Z'
System info: host: 'MCKL-20005142', ip: '192.168.1.40', os.name: 'Windows 10', os.arch: 'amd64', os.version: '10.0', java.version: '1.8.0_291'
Driver info: org.openqa.selenium.chrome.ChromeDriver
Capabilities {acceptInsecureCerts: false, browserName: chrome, browserVersion: 101.0.4951.41, chrome: {chromedriverVersion: 101.0.4951.41 (93c720db8323..., userDataDir: C:\Users\SOURAB~1.AWA\AppDa...}, goog:chromeOptions: {debuggerAddress: localhost:55570}, javascriptEnabled: true, networkConnectionEnabled: false, pageLoadStrategy: normal, platform: WINDOWS, platformName: WINDOWS, proxy: Proxy(), setWindowRect: true, strictFileInteractability: false, timeouts: {implicit: 0, pageLoad: 300000, script: 30000}, unhandledPromptBehavior: dismiss and notify, webauthn:extension:credBlob: true, webauthn:extension:largeBlob: true, webauthn:virtualAuthenticators: true}
Session ID: b2b0117aa617c00a3b547162645d82d0
2022-04-29 13:01:38,761 [main] ERROR com.sshmanager.SSHService - Error while getting SSH Server Instance : com.jcraft.jsch.JSchException: java.net.ConnectException: Connection timed out: connect
2022-04-29 13:01:40,011 [main] INFO angular.testscripts.prereuisitesangular.PreRequisite_C2STransfer_Revamp - ------------------ Test Case Execution Started For A_02_performC2STransferBlankAmount -------------------
2022-04-29 13:01:40,011 [main] INFO angular.testscripts.prereuisitesangular.PreRequisite_C2STransfer_Revamp - Entered A_02_performC2STransferBlankAmount(Root, Super Distributor, 1357, RC)
2022-04-29 13:01:40,065 [main] INFO com.utils.CommonUtils - Category Code for Super Distributor: DIST
2022-04-29 13:01:40,131 [main] INFO com.dbrepository.PostGreSQLRepository - Entered webInterface(Super Distributor)
2022-04-29 13:01:40,132 [main] INFO com.dbrepository.DBConnectionPool - Active Size:0 Cache Size:10
2022-04-29 13:01:40,133 [main] INFO com.dbrepository.PostGreSQLRepository - webInterface() :: select query: Select WEB_INTERFACE_ALLOWED from categories where category_name= ?
2022-04-29 13:01:40,219 [main] INFO com.dbrepository.PostGreSQLRepository - Database Returns: WEB_INTERFACE_ALLOWED (Y)
2022-04-29 13:01:40,221 [main] INFO com.dbrepository.PostGreSQLRepository - Exited webInterface()
2022-04-29 13:01:40,225 [main] INFO angular.feature.C2STransferRevamp - Entered performC2STransferBlankAmount(Root, Super Distributor, 1357, RC)
2022-04-29 13:01:40,254 [main] INFO angular.classes.LoginRevamp - LoginID found as: AUT_48675
2022-04-29 13:01:40,256 [main] INFO angular.classes.LoginRevamp - Password found as: com@2468
2022-04-29 13:01:40,257 [main] INFO angular.classes.LoginRevamp - Username found as: AUTFN1393 AUTLN2379
2022-04-29 13:01:40,628 [main] INFO angular.pageobjects.loginpages.LoginPageRevamp - Trying to select Language1
2022-04-29 13:01:41,022 [main] INFO angular.pageobjects.loginpages.LoginPageRevamp - Language selected successfully as: English
2022-04-29 13:01:41,024 [main] INFO angular.pageobjects.loginpages.LoginPageRevamp - Trying to enter Login ID3
2022-04-29 13:01:41,255 [main] INFO angular.pageobjects.loginpages.LoginPageRevamp - Login ID entered successfully as: AUT_48675
2022-04-29 13:01:41,256 [main] INFO angular.pageobjects.loginpages.LoginPageRevamp - Trying to enter Password
2022-04-29 13:01:41,453 [main] INFO angular.pageobjects.loginpages.LoginPageRevamp - Password entered successfully as: com@2468
2022-04-29 13:01:41,455 [main] INFO angular.pageobjects.loginpages.LoginPageRevamp - Trying to click Login Button
2022-04-29 13:01:41,575 [main] INFO angular.pageobjects.loginpages.LoginPageRevamp - Login button clicked successfully
2022-04-29 13:01:41,641 [main] INFO angular.pageobjects.loginpages.LoginPageRevamp - Error Message Found on Login Screen: 
2022-04-29 13:01:42,877 [main] INFO angular.pageobjects.recharge.Recharges - User clicked Recharged Heading Link.
2022-04-29 13:01:44,045 [main] INFO com.classes.BaseTest - org.openqa.selenium.ElementClickInterceptedException: element click intercepted: Element <a _ngcontent-ldg-c20="" id="prepaid" routerlink="/recharge" routerlinkactive="anchorActiveClass" href="/pretups-ui/recharge" class="anchorActiveClass">...</a> is not clickable at point (335, 227). Other element would receive the click: <div _ngcontent-ldg-c3="" class="overlay ng-tns-c3-11 ng-trigger ng-trigger-fadeIn ng-star-inserted" style="background-color: rgba(0, 0, 0, 0.5); z-index: 99999; position: fixed; opacity: 1;">...</div>
  (Session info: chrome=101.0.4951.41)
Build info: version: '3.10.0', revision: '176b4a9', time: '2018-03-02T19:03:16.397Z'
System info: host: 'MCKL-20005142', ip: '192.168.1.40', os.name: 'Windows 10', os.arch: 'amd64', os.version: '10.0', java.version: '1.8.0_291'
Driver info: org.openqa.selenium.chrome.ChromeDriver
Capabilities {acceptInsecureCerts: false, browserName: chrome, browserVersion: 101.0.4951.41, chrome: {chromedriverVersion: 101.0.4951.41 (93c720db8323..., userDataDir: C:\Users\SOURAB~1.AWA\AppDa...}, goog:chromeOptions: {debuggerAddress: localhost:55570}, javascriptEnabled: true, networkConnectionEnabled: false, pageLoadStrategy: normal, platform: WINDOWS, platformName: WINDOWS, proxy: Proxy(), setWindowRect: true, strictFileInteractability: false, timeouts: {implicit: 0, pageLoad: 300000, script: 30000}, unhandledPromptBehavior: dismiss and notify, webauthn:extension:credBlob: true, webauthn:extension:largeBlob: true, webauthn:virtualAuthenticators: true}
Session ID: b2b0117aa617c00a3b547162645d82d0
2022-04-29 13:02:05,084 [main] ERROR com.sshmanager.SSHService - Error while getting SSH Server Instance : com.jcraft.jsch.JSchException: java.net.ConnectException: Connection timed out: connect
2022-04-29 13:02:06,012 [main] INFO angular.testscripts.prereuisitesangular.PreRequisite_C2STransfer_Revamp - ------------------ Test Case Execution Started For A_03_performC2STransferAlphaNumericAmount -------------------
2022-04-29 13:02:06,012 [main] INFO angular.testscripts.prereuisitesangular.PreRequisite_C2STransfer_Revamp - Entered A_03_performC2STransferAlphaNumericAmount(Root, Super Distributor, 1357, RC)
2022-04-29 13:02:06,058 [main] INFO com.utils.CommonUtils - Category Code for Super Distributor: DIST
2022-04-29 13:02:06,083 [main] INFO com.dbrepository.PostGreSQLRepository - Entered webInterface(Super Distributor)
2022-04-29 13:02:06,086 [main] INFO com.dbrepository.DBConnectionPool - Active Size:0 Cache Size:10
2022-04-29 13:02:06,087 [main] INFO com.dbrepository.PostGreSQLRepository - webInterface() :: select query: Select WEB_INTERFACE_ALLOWED from categories where category_name= ?
2022-04-29 13:02:06,172 [main] INFO com.dbrepository.PostGreSQLRepository - Database Returns: WEB_INTERFACE_ALLOWED (Y)
2022-04-29 13:02:06,174 [main] INFO com.dbrepository.PostGreSQLRepository - Exited webInterface()
2022-04-29 13:02:06,176 [main] INFO angular.feature.C2STransferRevamp - Entered performC2STransferAlphaNumericAmount(Root, Super Distributor, 1357, RC)
2022-04-29 13:02:06,228 [main] INFO angular.classes.LoginRevamp - LoginID found as: AUT_48675
2022-04-29 13:02:06,230 [main] INFO angular.classes.LoginRevamp - Password found as: com@2468
2022-04-29 13:02:06,232 [main] INFO angular.classes.LoginRevamp - Username found as: AUTFN1393 AUTLN2379
2022-04-29 13:02:06,549 [main] INFO angular.pageobjects.loginpages.LoginPageRevamp - Trying to select Language1
2022-04-29 13:02:06,938 [main] INFO angular.pageobjects.loginpages.LoginPageRevamp - Language selected successfully as: English
2022-04-29 13:02:06,939 [main] INFO angular.pageobjects.loginpages.LoginPageRevamp - Trying to enter Login ID3
2022-04-29 13:02:07,125 [main] INFO angular.pageobjects.loginpages.LoginPageRevamp - Login ID entered successfully as: AUT_48675
2022-04-29 13:02:07,126 [main] INFO angular.pageobjects.loginpages.LoginPageRevamp - Trying to enter Password
2022-04-29 13:02:07,301 [main] INFO angular.pageobjects.loginpages.LoginPageRevamp - Password entered successfully as: com@2468
2022-04-29 13:02:07,303 [main] INFO angular.pageobjects.loginpages.LoginPageRevamp - Trying to click Login Button
2022-04-29 13:02:07,400 [main] INFO angular.pageobjects.loginpages.LoginPageRevamp - Login button clicked successfully
2022-04-29 13:02:07,463 [main] INFO angular.pageobjects.loginpages.LoginPageRevamp - Error Message Found on Login Screen: 
2022-04-29 13:02:08,670 [main] INFO angular.pageobjects.recharge.Recharges - User clicked Recharged Heading Link.
2022-04-29 13:02:09,875 [main] INFO com.classes.BaseTest - org.openqa.selenium.ElementClickInterceptedException: element click intercepted: Element <a _ngcontent-cyy-c20="" id="prepaid" routerlink="/recharge" routerlinkactive="anchorActiveClass" href="/pretups-ui/recharge" class="anchorActiveClass">...</a> is not clickable at point (335, 227). Other element would receive the click: <div _ngcontent-cyy-c3="" class="overlay ng-tns-c3-11 ng-trigger ng-trigger-fadeIn ng-star-inserted" style="background-color: rgba(0, 0, 0, 0.5); z-index: 99999; position: fixed; opacity: 1;">...</div>
  (Session info: chrome=101.0.4951.41)
Build info: version: '3.10.0', revision: '176b4a9', time: '2018-03-02T19:03:16.397Z'
System info: host: 'MCKL-20005142', ip: '192.168.1.40', os.name: 'Windows 10', os.arch: 'amd64', os.version: '10.0', java.version: '1.8.0_291'
Driver info: org.openqa.selenium.chrome.ChromeDriver
Capabilities {acceptInsecureCerts: false, browserName: chrome, browserVersion: 101.0.4951.41, chrome: {chromedriverVersion: 101.0.4951.41 (93c720db8323..., userDataDir: C:\Users\SOURAB~1.AWA\AppDa...}, goog:chromeOptions: {debuggerAddress: localhost:55570}, javascriptEnabled: true, networkConnectionEnabled: false, pageLoadStrategy: normal, platform: WINDOWS, platformName: WINDOWS, proxy: Proxy(), setWindowRect: true, strictFileInteractability: false, timeouts: {implicit: 0, pageLoad: 300000, script: 30000}, unhandledPromptBehavior: dismiss and notify, webauthn:extension:credBlob: true, webauthn:extension:largeBlob: true, webauthn:virtualAuthenticators: true}
Session ID: b2b0117aa617c00a3b547162645d82d0
2022-04-29 13:02:30,911 [main] ERROR com.sshmanager.SSHService - Error while getting SSH Server Instance : com.jcraft.jsch.JSchException: java.net.ConnectException: Connection timed out: connect
2022-04-29 13:02:31,766 [main] INFO angular.testscripts.prereuisitesangular.PreRequisite_C2STransfer_Revamp - ------------------ Test Case Execution Started For A_04_performC2STransferNegativeAmount -------------------
2022-04-29 13:02:31,766 [main] INFO angular.testscripts.prereuisitesangular.PreRequisite_C2STransfer_Revamp - Entered A_04_performC2STransferNegativeAmount(Root, Super Distributor, 1357, RC)
2022-04-29 13:02:31,813 [main] INFO com.utils.CommonUtils - Category Code for Super Distributor: DIST
2022-04-29 13:02:31,833 [main] INFO com.dbrepository.PostGreSQLRepository - Entered webInterface(Super Distributor)
2022-04-29 13:02:31,836 [main] INFO com.dbrepository.DBConnectionPool - Active Size:0 Cache Size:10
2022-04-29 13:02:31,838 [main] INFO com.dbrepository.PostGreSQLRepository - webInterface() :: select query: Select WEB_INTERFACE_ALLOWED from categories where category_name= ?
2022-04-29 13:02:31,922 [main] INFO com.dbrepository.PostGreSQLRepository - Database Returns: WEB_INTERFACE_ALLOWED (Y)
2022-04-29 13:02:31,924 [main] INFO com.dbrepository.PostGreSQLRepository - Exited webInterface()
2022-04-29 13:02:31,927 [main] INFO angular.feature.C2STransferRevamp - Entered performC2STransferNegativeAmount(Root, Super Distributor, 1357, RC)
2022-04-29 13:02:31,974 [main] INFO angular.classes.LoginRevamp - LoginID found as: AUT_48675
2022-04-29 13:02:31,976 [main] INFO angular.classes.LoginRevamp - Password found as: com@2468
2022-04-29 13:02:31,979 [main] INFO angular.classes.LoginRevamp - Username found as: AUTFN1393 AUTLN2379
2022-04-29 13:02:32,268 [main] INFO angular.pageobjects.loginpages.LoginPageRevamp - Trying to select Language1
2022-04-29 13:02:32,667 [main] INFO angular.pageobjects.loginpages.LoginPageRevamp - Language selected successfully as: English
2022-04-29 13:02:32,669 [main] INFO angular.pageobjects.loginpages.LoginPageRevamp - Trying to enter Login ID3
2022-04-29 13:02:32,808 [main] INFO angular.pageobjects.loginpages.LoginPageRevamp - Login ID entered successfully as: AUT_48675
2022-04-29 13:02:32,809 [main] INFO angular.pageobjects.loginpages.LoginPageRevamp - Trying to enter Password
2022-04-29 13:02:32,945 [main] INFO angular.pageobjects.loginpages.LoginPageRevamp - Password entered successfully as: com@2468
2022-04-29 13:02:32,946 [main] INFO angular.pageobjects.loginpages.LoginPageRevamp - Trying to click Login Button
2022-04-29 13:02:33,033 [main] INFO angular.pageobjects.loginpages.LoginPageRevamp - Login button clicked successfully
2022-04-29 13:02:33,088 [main] INFO angular.pageobjects.loginpages.LoginPageRevamp - Error Message Found on Login Screen: 
2022-04-29 13:02:34,296 [main] INFO angular.pageobjects.recharge.Recharges - User clicked Recharged Heading Link.
2022-04-29 13:02:35,438 [main] INFO com.classes.BaseTest - org.openqa.selenium.ElementClickInterceptedException: element click intercepted: Element <a _ngcontent-imx-c20="" id="prepaid" routerlink="/recharge" routerlinkactive="anchorActiveClass" href="/pretups-ui/recharge" class="anchorActiveClass">...</a> is not clickable at point (335, 227). Other element would receive the click: <div _ngcontent-imx-c3="" class="overlay ng-tns-c3-11 ng-trigger ng-trigger-fadeIn ng-star-inserted" style="background-color: rgba(0, 0, 0, 0.5); z-index: 99999; position: fixed; opacity: 1;">...</div>
  (Session info: chrome=101.0.4951.41)
Build info: version: '3.10.0', revision: '176b4a9', time: '2018-03-02T19:03:16.397Z'
System info: host: 'MCKL-20005142', ip: '192.168.1.40', os.name: 'Windows 10', os.arch: 'amd64', os.version: '10.0', java.version: '1.8.0_291'
Driver info: org.openqa.selenium.chrome.ChromeDriver
Capabilities {acceptInsecureCerts: false, browserName: chrome, browserVersion: 101.0.4951.41, chrome: {chromedriverVersion: 101.0.4951.41 (93c720db8323..., userDataDir: C:\Users\SOURAB~1.AWA\AppDa...}, goog:chromeOptions: {debuggerAddress: localhost:55570}, javascriptEnabled: true, networkConnectionEnabled: false, pageLoadStrategy: normal, platform: WINDOWS, platformName: WINDOWS, proxy: Proxy(), setWindowRect: true, strictFileInteractability: false, timeouts: {implicit: 0, pageLoad: 300000, script: 30000}, unhandledPromptBehavior: dismiss and notify, webauthn:extension:credBlob: true, webauthn:extension:largeBlob: true, webauthn:virtualAuthenticators: true}
Session ID: b2b0117aa617c00a3b547162645d82d0
2022-04-29 13:02:56,494 [main] ERROR com.sshmanager.SSHService - Error while getting SSH Server Instance : com.jcraft.jsch.JSchException: java.net.ConnectException: Connection timed out: connect
2022-04-29 13:02:57,322 [main] INFO angular.testscripts.prereuisitesangular.PreRequisite_C2STransfer_Revamp - ------------------ Test Case Execution Started For A_05_performC2STransferZeroAmount -------------------
2022-04-29 13:02:57,323 [main] INFO angular.testscripts.prereuisitesangular.PreRequisite_C2STransfer_Revamp - Entered A_05_performC2STransferZeroAmount(Root, Super Distributor, 1357, RC)
2022-04-29 13:02:57,372 [main] INFO com.utils.CommonUtils - Category Code for Super Distributor: DIST
2022-04-29 13:02:57,391 [main] INFO com.dbrepository.PostGreSQLRepository - Entered webInterface(Super Distributor)
2022-04-29 13:02:57,392 [main] INFO com.dbrepository.DBConnectionPool - Active Size:0 Cache Size:10
2022-04-29 13:02:57,393 [main] INFO com.dbrepository.PostGreSQLRepository - webInterface() :: select query: Select WEB_INTERFACE_ALLOWED from categories where category_name= ?
2022-04-29 13:02:57,478 [main] INFO com.dbrepository.PostGreSQLRepository - Database Returns: WEB_INTERFACE_ALLOWED (Y)
2022-04-29 13:02:57,479 [main] INFO com.dbrepository.PostGreSQLRepository - Exited webInterface()
2022-04-29 13:02:57,480 [main] INFO angular.feature.C2STransferRevamp - Entered performC2STransferZeroAmount(Root, Super Distributor, 1357, RC)
2022-04-29 13:02:57,529 [main] INFO angular.classes.LoginRevamp - LoginID found as: AUT_48675
2022-04-29 13:02:57,531 [main] INFO angular.classes.LoginRevamp - Password found as: com@2468
2022-04-29 13:02:57,532 [main] INFO angular.classes.LoginRevamp - Username found as: AUTFN1393 AUTLN2379
2022-04-29 13:02:57,781 [main] INFO angular.pageobjects.loginpages.LoginPageRevamp - Trying to select Language1
2022-04-29 13:02:58,179 [main] INFO angular.pageobjects.loginpages.LoginPageRevamp - Language selected successfully as: English
2022-04-29 13:02:58,180 [main] INFO angular.pageobjects.loginpages.LoginPageRevamp - Trying to enter Login ID3
2022-04-29 13:02:58,317 [main] INFO angular.pageobjects.loginpages.LoginPageRevamp - Login ID entered successfully as: AUT_48675
2022-04-29 13:02:58,318 [main] INFO angular.pageobjects.loginpages.LoginPageRevamp - Trying to enter Password
2022-04-29 13:02:58,456 [main] INFO angular.pageobjects.loginpages.LoginPageRevamp - Password entered successfully as: com@2468
2022-04-29 13:02:58,458 [main] INFO angular.pageobjects.loginpages.LoginPageRevamp - Trying to click Login Button
2022-04-29 13:02:58,544 [main] INFO angular.pageobjects.loginpages.LoginPageRevamp - Login button clicked successfully
2022-04-29 13:02:58,591 [main] INFO angular.pageobjects.loginpages.LoginPageRevamp - Error Message Found on Login Screen: 
2022-04-29 13:02:59,803 [main] INFO angular.pageobjects.recharge.Recharges - User clicked Recharged Heading Link.
2022-04-29 13:03:00,958 [main] INFO com.classes.BaseTest - org.openqa.selenium.ElementClickInterceptedException: element click intercepted: Element <a _ngcontent-qdf-c20="" id="prepaid" routerlink="/recharge" routerlinkactive="anchorActiveClass" href="/pretups-ui/recharge" class="anchorActiveClass">...</a> is not clickable at point (335, 227). Other element would receive the click: <div _ngcontent-qdf-c3="" class="overlay ng-tns-c3-11 ng-trigger ng-trigger-fadeIn ng-star-inserted" style="background-color: rgba(0, 0, 0, 0.5); z-index: 99999; position: fixed; opacity: 1;">...</div>
  (Session info: chrome=101.0.4951.41)
Build info: version: '3.10.0', revision: '176b4a9', time: '2018-03-02T19:03:16.397Z'
System info: host: 'MCKL-20005142', ip: '192.168.1.40', os.name: 'Windows 10', os.arch: 'amd64', os.version: '10.0', java.version: '1.8.0_291'
Driver info: org.openqa.selenium.chrome.ChromeDriver
Capabilities {acceptInsecureCerts: false, browserName: chrome, browserVersion: 101.0.4951.41, chrome: {chromedriverVersion: 101.0.4951.41 (93c720db8323..., userDataDir: C:\Users\SOURAB~1.AWA\AppDa...}, goog:chromeOptions: {debuggerAddress: localhost:55570}, javascriptEnabled: true, networkConnectionEnabled: false, pageLoadStrategy: normal, platform: WINDOWS, platformName: WINDOWS, proxy: Proxy(), setWindowRect: true, strictFileInteractability: false, timeouts: {implicit: 0, pageLoad: 300000, script: 30000}, unhandledPromptBehavior: dismiss and notify, webauthn:extension:credBlob: true, webauthn:extension:largeBlob: true, webauthn:virtualAuthenticators: true}
Session ID: b2b0117aa617c00a3b547162645d82d0
2022-04-29 13:03:21,996 [main] ERROR com.sshmanager.SSHService - Error while getting SSH Server Instance : com.jcraft.jsch.JSchException: java.net.ConnectException: Connection timed out: connect
2022-04-29 13:03:22,786 [main] INFO angular.testscripts.prereuisitesangular.PreRequisite_C2STransfer_Revamp - ------------------ Test Case Execution Started For A_06_performC2STransferBlankPIN -------------------
2022-04-29 13:03:22,786 [main] INFO angular.testscripts.prereuisitesangular.PreRequisite_C2STransfer_Revamp - Entered A_06_performC2STransferBlankPIN(Root, Super Distributor, 1357, RC)
2022-04-29 13:03:22,828 [main] INFO com.utils.CommonUtils - Category Code for Super Distributor: DIST
2022-04-29 13:03:22,846 [main] INFO com.dbrepository.PostGreSQLRepository - Entered webInterface(Super Distributor)
2022-04-29 13:03:22,848 [main] INFO com.dbrepository.DBConnectionPool - Active Size:0 Cache Size:10
2022-04-29 13:03:22,849 [main] INFO com.dbrepository.PostGreSQLRepository - webInterface() :: select query: Select WEB_INTERFACE_ALLOWED from categories where category_name= ?
2022-04-29 13:03:22,934 [main] INFO com.dbrepository.PostGreSQLRepository - Database Returns: WEB_INTERFACE_ALLOWED (Y)
2022-04-29 13:03:22,935 [main] INFO com.dbrepository.PostGreSQLRepository - Exited webInterface()
2022-04-29 13:03:22,937 [main] INFO angular.feature.C2STransferRevamp - Entered performC2STransferBlankPIN(Root, Super Distributor, 1357, RC)
2022-04-29 13:03:22,974 [main] INFO angular.classes.LoginRevamp - LoginID found as: AUT_48675
2022-04-29 13:03:22,976 [main] INFO angular.classes.LoginRevamp - Password found as: com@2468
2022-04-29 13:03:22,978 [main] INFO angular.classes.LoginRevamp - Username found as: AUTFN1393 AUTLN2379
2022-04-29 13:03:23,348 [main] INFO angular.pageobjects.loginpages.LoginPageRevamp - Trying to select Language1
2022-04-29 13:03:23,767 [main] INFO angular.pageobjects.loginpages.LoginPageRevamp - Language selected successfully as: English
2022-04-29 13:03:23,769 [main] INFO angular.pageobjects.loginpages.LoginPageRevamp - Trying to enter Login ID3
2022-04-29 13:03:23,986 [main] INFO angular.pageobjects.loginpages.LoginPageRevamp - Login ID entered successfully as: AUT_48675
2022-04-29 13:03:23,988 [main] INFO angular.pageobjects.loginpages.LoginPageRevamp - Trying to enter Password
2022-04-29 13:03:24,189 [main] INFO angular.pageobjects.loginpages.LoginPageRevamp - Password entered successfully as: com@2468
2022-04-29 13:03:24,190 [main] INFO angular.pageobjects.loginpages.LoginPageRevamp - Trying to click Login Button
2022-04-29 13:03:24,299 [main] INFO angular.pageobjects.loginpages.LoginPageRevamp - Login button clicked successfully
2022-04-29 13:03:24,361 [main] INFO angular.pageobjects.loginpages.LoginPageRevamp - Error Message Found on Login Screen: 
2022-04-29 13:03:25,591 [main] INFO angular.pageobjects.recharge.Recharges - User clicked Recharged Heading Link.
2022-04-29 13:03:26,794 [main] INFO com.classes.BaseTest - org.openqa.selenium.ElementClickInterceptedException: element click intercepted: Element <a _ngcontent-mth-c20="" id="prepaid" routerlink="/recharge" routerlinkactive="anchorActiveClass" href="/pretups-ui/recharge" class="anchorActiveClass">...</a> is not clickable at point (335, 227). Other element would receive the click: <div _ngcontent-mth-c3="" class="overlay ng-tns-c3-11 ng-trigger ng-trigger-fadeIn ng-star-inserted" style="background-color: rgba(0, 0, 0, 0.5); z-index: 99999; position: fixed; opacity: 1;">...</div>
  (Session info: chrome=101.0.4951.41)
Build info: version: '3.10.0', revision: '176b4a9', time: '2018-03-02T19:03:16.397Z'
System info: host: 'MCKL-20005142', ip: '192.168.1.40', os.name: 'Windows 10', os.arch: 'amd64', os.version: '10.0', java.version: '1.8.0_291'
Driver info: org.openqa.selenium.chrome.ChromeDriver
Capabilities {acceptInsecureCerts: false, browserName: chrome, browserVersion: 101.0.4951.41, chrome: {chromedriverVersion: 101.0.4951.41 (93c720db8323..., userDataDir: C:\Users\SOURAB~1.AWA\AppDa...}, goog:chromeOptions: {debuggerAddress: localhost:55570}, javascriptEnabled: true, networkConnectionEnabled: false, pageLoadStrategy: normal, platform: WINDOWS, platformName: WINDOWS, proxy: Proxy(), setWindowRect: true, strictFileInteractability: false, timeouts: {implicit: 0, pageLoad: 300000, script: 30000}, unhandledPromptBehavior: dismiss and notify, webauthn:extension:credBlob: true, webauthn:extension:largeBlob: true, webauthn:virtualAuthenticators: true}
Session ID: b2b0117aa617c00a3b547162645d82d0
2022-04-29 13:03:47,844 [main] ERROR com.sshmanager.SSHService - Error while getting SSH Server Instance : com.jcraft.jsch.JSchException: java.net.ConnectException: Connection timed out: connect
2022-04-29 13:03:48,675 [main] INFO angular.testscripts.prereuisitesangular.PreRequisite_C2STransfer_Revamp - ------------------ Test Case Execution Started For A_07_performC2STransferInvalidPIN -------------------
2022-04-29 13:03:48,675 [main] INFO angular.testscripts.prereuisitesangular.PreRequisite_C2STransfer_Revamp - Entered A_07_performC2STransferInvalidPIN(Root, Super Distributor, 1357, RC)
2022-04-29 13:03:48,742 [main] INFO com.utils.CommonUtils - Category Code for Super Distributor: DIST
2022-04-29 13:03:48,780 [main] INFO com.dbrepository.PostGreSQLRepository - Entered webInterface(Super Distributor)
2022-04-29 13:03:48,781 [main] INFO com.dbrepository.DBConnectionPool - Active Size:0 Cache Size:10
2022-04-29 13:03:48,783 [main] INFO com.dbrepository.PostGreSQLRepository - webInterface() :: select query: Select WEB_INTERFACE_ALLOWED from categories where category_name= ?
2022-04-29 13:03:48,867 [main] INFO com.dbrepository.PostGreSQLRepository - Database Returns: WEB_INTERFACE_ALLOWED (Y)
2022-04-29 13:03:48,869 [main] INFO com.dbrepository.PostGreSQLRepository - Exited webInterface()
2022-04-29 13:03:48,872 [main] INFO angular.feature.C2STransferRevamp - Entered performC2STransferInvalidPIN(Root, Super Distributor, 1357, RC)
2022-04-29 13:03:48,914 [main] INFO angular.classes.LoginRevamp - LoginID found as: AUT_48675
2022-04-29 13:03:48,915 [main] INFO angular.classes.LoginRevamp - Password found as: com@2468
2022-04-29 13:03:48,917 [main] INFO angular.classes.LoginRevamp - Username found as: AUTFN1393 AUTLN2379
2022-04-29 13:03:49,348 [main] INFO angular.pageobjects.loginpages.LoginPageRevamp - Trying to select Language1
2022-04-29 13:03:49,785 [main] INFO angular.pageobjects.loginpages.LoginPageRevamp - Language selected successfully as: English
2022-04-29 13:03:49,786 [main] INFO angular.pageobjects.loginpages.LoginPageRevamp - Trying to enter Login ID3
2022-04-29 13:03:49,939 [main] INFO angular.pageobjects.loginpages.LoginPageRevamp - Login ID entered successfully as: AUT_48675
2022-04-29 13:03:49,940 [main] INFO angular.pageobjects.loginpages.LoginPageRevamp - Trying to enter Password
2022-04-29 13:03:50,114 [main] INFO angular.pageobjects.loginpages.LoginPageRevamp - Password entered successfully as: com@2468
2022-04-29 13:03:50,115 [main] INFO angular.pageobjects.loginpages.LoginPageRevamp - Trying to click Login Button
2022-04-29 13:03:50,226 [main] INFO angular.pageobjects.loginpages.LoginPageRevamp - Login button clicked successfully
2022-04-29 13:03:50,277 [main] INFO angular.pageobjects.loginpages.LoginPageRevamp - Error Message Found on Login Screen: 
2022-04-29 13:03:51,579 [main] INFO angular.pageobjects.recharge.Recharges - User clicked Recharged Heading Link.
2022-04-29 13:03:52,741 [main] INFO com.classes.BaseTest - org.openqa.selenium.ElementClickInterceptedException: element click intercepted: Element <a _ngcontent-psx-c20="" id="prepaid" routerlink="/recharge" routerlinkactive="anchorActiveClass" href="/pretups-ui/recharge" class="anchorActiveClass">...</a> is not clickable at point (335, 227). Other element would receive the click: <div _ngcontent-psx-c3="" class="overlay ng-tns-c3-11 ng-trigger ng-trigger-fadeIn ng-star-inserted" style="background-color: rgba(0, 0, 0, 0.5); z-index: 99999; position: fixed; opacity: 1;">...</div>
  (Session info: chrome=101.0.4951.41)
Build info: version: '3.10.0', revision: '176b4a9', time: '2018-03-02T19:03:16.397Z'
System info: host: 'MCKL-20005142', ip: '192.168.1.40', os.name: 'Windows 10', os.arch: 'amd64', os.version: '10.0', java.version: '1.8.0_291'
Driver info: org.openqa.selenium.chrome.ChromeDriver
Capabilities {acceptInsecureCerts: false, browserName: chrome, browserVersion: 101.0.4951.41, chrome: {chromedriverVersion: 101.0.4951.41 (93c720db8323..., userDataDir: C:\Users\SOURAB~1.AWA\AppDa...}, goog:chromeOptions: {debuggerAddress: localhost:55570}, javascriptEnabled: true, networkConnectionEnabled: false, pageLoadStrategy: normal, platform: WINDOWS, platformName: WINDOWS, proxy: Proxy(), setWindowRect: true, strictFileInteractability: false, timeouts: {implicit: 0, pageLoad: 300000, script: 30000}, unhandledPromptBehavior: dismiss and notify, webauthn:extension:credBlob: true, webauthn:extension:largeBlob: true, webauthn:virtualAuthenticators: true}
Session ID: b2b0117aa617c00a3b547162645d82d0
2022-04-29 13:04:13,772 [main] ERROR com.sshmanager.SSHService - Error while getting SSH Server Instance : com.jcraft.jsch.JSchException: java.net.ConnectException: Connection timed out: connect
2022-04-29 13:04:14,739 [main] INFO angular.testscripts.prereuisitesangular.PreRequisite_C2STransfer_Revamp - ------------------ Test Case Execution Started For A_08_performC2STransferCloseEnterPINPopup -------------------
2022-04-29 13:04:14,739 [main] INFO angular.testscripts.prereuisitesangular.PreRequisite_C2STransfer_Revamp - Entered A_08_performC2STransferCloseEnterPINPopup(Root, Super Distributor, 1357, RC)
2022-04-29 13:04:14,773 [main] INFO com.utils.CommonUtils - Category Code for Super Distributor: DIST
2022-04-29 13:04:14,793 [main] INFO com.dbrepository.PostGreSQLRepository - Entered webInterface(Super Distributor)
2022-04-29 13:04:14,795 [main] INFO com.dbrepository.DBConnectionPool - Active Size:0 Cache Size:10
2022-04-29 13:04:14,797 [main] INFO com.dbrepository.PostGreSQLRepository - webInterface() :: select query: Select WEB_INTERFACE_ALLOWED from categories where category_name= ?
2022-04-29 13:04:14,879 [main] INFO com.dbrepository.PostGreSQLRepository - Database Returns: WEB_INTERFACE_ALLOWED (Y)
2022-04-29 13:04:14,881 [main] INFO com.dbrepository.PostGreSQLRepository - Exited webInterface()
2022-04-29 13:04:14,883 [main] INFO angular.feature.C2STransferRevamp - Entered performC2STransferCloseEnterPINPopup(Root, Super Distributor, 1357, RC)
2022-04-29 13:04:14,903 [main] INFO angular.classes.LoginRevamp - LoginID found as: AUT_48675
2022-04-29 13:04:14,904 [main] INFO angular.classes.LoginRevamp - Password found as: com@2468
2022-04-29 13:04:14,905 [main] INFO angular.classes.LoginRevamp - Username found as: AUTFN1393 AUTLN2379
2022-04-29 13:04:15,362 [main] INFO angular.pageobjects.loginpages.LoginPageRevamp - Trying to select Language1
2022-04-29 13:04:15,694 [main] INFO angular.pageobjects.loginpages.LoginPageRevamp - Language selected successfully as: English
2022-04-29 13:04:15,696 [main] INFO angular.pageobjects.loginpages.LoginPageRevamp - Trying to enter Login ID3
2022-04-29 13:04:15,902 [main] INFO angular.pageobjects.loginpages.LoginPageRevamp - Login ID entered successfully as: AUT_48675
2022-04-29 13:04:15,903 [main] INFO angular.pageobjects.loginpages.LoginPageRevamp - Trying to enter Password
2022-04-29 13:04:16,112 [main] INFO angular.pageobjects.loginpages.LoginPageRevamp - Password entered successfully as: com@2468
2022-04-29 13:04:16,115 [main] INFO angular.pageobjects.loginpages.LoginPageRevamp - Trying to click Login Button
2022-04-29 13:04:16,226 [main] INFO angular.pageobjects.loginpages.LoginPageRevamp - Login button clicked successfully
2022-04-29 13:04:16,284 [main] INFO angular.pageobjects.loginpages.LoginPageRevamp - Error Message Found on Login Screen: 
2022-04-29 13:04:16,347 [main] INFO angular.classes.LoginRevamp - LoginID found as: AUT_48675
2022-04-29 13:04:16,348 [main] INFO angular.classes.LoginRevamp - Password found as: com@2468
2022-04-29 13:04:16,350 [main] INFO angular.classes.LoginRevamp - Username found as: AUTFN1393 AUTLN2379
2022-04-29 13:04:16,782 [main] INFO angular.pageobjects.loginpages.LoginPageRevamp - Trying to select Language1
2022-04-29 13:04:17,197 [main] INFO angular.pageobjects.loginpages.LoginPageRevamp - Language selected successfully as: English
2022-04-29 13:04:17,200 [main] INFO angular.pageobjects.loginpages.LoginPageRevamp - Trying to enter Login ID3
2022-04-29 13:04:17,353 [main] INFO angular.pageobjects.loginpages.LoginPageRevamp - Login ID entered successfully as: AUT_48675
2022-04-29 13:04:17,354 [main] INFO angular.pageobjects.loginpages.LoginPageRevamp - Trying to enter Password
2022-04-29 13:04:17,505 [main] INFO angular.pageobjects.loginpages.LoginPageRevamp - Password entered successfully as: com@2468
2022-04-29 13:04:17,506 [main] INFO angular.pageobjects.loginpages.LoginPageRevamp - Trying to click Login Button
2022-04-29 13:04:17,592 [main] INFO angular.pageobjects.loginpages.LoginPageRevamp - Login button clicked successfully
2022-04-29 13:04:17,637 [main] INFO angular.pageobjects.loginpages.LoginPageRevamp - Error Message Found on Login Screen: 
2022-04-29 13:04:18,943 [main] INFO angular.pageobjects.recharge.Recharges - User clicked Recharged Heading Link.
2022-04-29 13:04:20,132 [main] INFO com.classes.BaseTest - org.openqa.selenium.ElementClickInterceptedException: element click intercepted: Element <a _ngcontent-ikk-c20="" id="prepaid" routerlink="/recharge" routerlinkactive="anchorActiveClass" href="/pretups-ui/recharge" class="anchorActiveClass">...</a> is not clickable at point (335, 227). Other element would receive the click: <div _ngcontent-ikk-c3="" class="overlay ng-tns-c3-11 ng-trigger ng-trigger-fadeIn ng-star-inserted" style="background-color: rgba(0, 0, 0, 0.5); z-index: 99999; position: fixed; opacity: 1;">...</div>
  (Session info: chrome=101.0.4951.41)
Build info: version: '3.10.0', revision: '176b4a9', time: '2018-03-02T19:03:16.397Z'
System info: host: 'MCKL-20005142', ip: '192.168.1.40', os.name: 'Windows 10', os.arch: 'amd64', os.version: '10.0', java.version: '1.8.0_291'
Driver info: org.openqa.selenium.chrome.ChromeDriver
Capabilities {acceptInsecureCerts: false, browserName: chrome, browserVersion: 101.0.4951.41, chrome: {chromedriverVersion: 101.0.4951.41 (93c720db8323..., userDataDir: C:\Users\SOURAB~1.AWA\AppDa...}, goog:chromeOptions: {debuggerAddress: localhost:55570}, javascriptEnabled: true, networkConnectionEnabled: false, pageLoadStrategy: normal, platform: WINDOWS, platformName: WINDOWS, proxy: Proxy(), setWindowRect: true, strictFileInteractability: false, timeouts: {implicit: 0, pageLoad: 300000, script: 30000}, unhandledPromptBehavior: dismiss and notify, webauthn:extension:credBlob: true, webauthn:extension:largeBlob: true, webauthn:virtualAuthenticators: true}
Session ID: b2b0117aa617c00a3b547162645d82d0
2022-04-29 13:04:41,172 [main] ERROR com.sshmanager.SSHService - Error while getting SSH Server Instance : com.jcraft.jsch.JSchException: java.net.ConnectException: Connection timed out: connect
2022-04-29 13:04:42,094 [main] INFO angular.testscripts.prereuisitesangular.PreRequisite_C2STransfer_Revamp - ------------------ Test Case Execution Started For A_09_performC2STransferBlankMSISDN -------------------
2022-04-29 13:04:42,094 [main] INFO angular.testscripts.prereuisitesangular.PreRequisite_C2STransfer_Revamp - Entered A_09_performC2STransferBlankMSISDN(Root, Super Distributor, 1357, RC)
2022-04-29 13:04:42,128 [main] INFO com.utils.CommonUtils - Category Code for Super Distributor: DIST
2022-04-29 13:04:42,146 [main] INFO com.dbrepository.PostGreSQLRepository - Entered webInterface(Super Distributor)
2022-04-29 13:04:42,148 [main] INFO com.dbrepository.DBConnectionPool - Active Size:0 Cache Size:10
2022-04-29 13:04:42,149 [main] INFO com.dbrepository.PostGreSQLRepository - webInterface() :: select query: Select WEB_INTERFACE_ALLOWED from categories where category_name= ?
2022-04-29 13:04:42,274 [main] INFO com.dbrepository.PostGreSQLRepository - Database Returns: WEB_INTERFACE_ALLOWED (Y)
2022-04-29 13:04:42,276 [main] INFO com.dbrepository.PostGreSQLRepository - Exited webInterface()
2022-04-29 13:04:42,278 [main] INFO angular.feature.C2STransferRevamp - Entered performC2STransferBlankMsisdn(Root, Super Distributor, 1357, RC)
2022-04-29 13:04:42,318 [main] INFO angular.classes.LoginRevamp - LoginID found as: AUT_48675
2022-04-29 13:04:42,320 [main] INFO angular.classes.LoginRevamp - Password found as: com@2468
2022-04-29 13:04:42,321 [main] INFO angular.classes.LoginRevamp - Username found as: AUTFN1393 AUTLN2379
2022-04-29 13:04:42,751 [main] INFO angular.pageobjects.loginpages.LoginPageRevamp - Trying to select Language1
2022-04-29 13:04:43,120 [main] INFO angular.pageobjects.loginpages.LoginPageRevamp - Language selected successfully as: English
2022-04-29 13:04:43,122 [main] INFO angular.pageobjects.loginpages.LoginPageRevamp - Trying to enter Login ID3
2022-04-29 13:04:43,298 [main] INFO angular.pageobjects.loginpages.LoginPageRevamp - Login ID entered successfully as: AUT_48675
2022-04-29 13:04:43,300 [main] INFO angular.pageobjects.loginpages.LoginPageRevamp - Trying to enter Password
2022-04-29 13:04:43,454 [main] INFO angular.pageobjects.loginpages.LoginPageRevamp - Password entered successfully as: com@2468
2022-04-29 13:04:43,455 [main] INFO angular.pageobjects.loginpages.LoginPageRevamp - Trying to click Login Button
2022-04-29 13:04:43,553 [main] INFO angular.pageobjects.loginpages.LoginPageRevamp - Login button clicked successfully
2022-04-29 13:04:43,594 [main] INFO angular.pageobjects.loginpages.LoginPageRevamp - Error Message Found on Login Screen: 
2022-04-29 13:04:44,835 [main] INFO angular.pageobjects.recharge.Recharges - User clicked Recharged Heading Link.
2022-04-29 13:04:46,088 [main] INFO com.classes.BaseTest - org.openqa.selenium.ElementClickInterceptedException: element click intercepted: Element <a _ngcontent-gsf-c20="" id="prepaid" routerlink="/recharge" routerlinkactive="anchorActiveClass" href="/pretups-ui/recharge" class="anchorActiveClass">...</a> is not clickable at point (335, 227). Other element would receive the click: <div _ngcontent-gsf-c3="" class="overlay ng-tns-c3-11 ng-trigger ng-trigger-fadeIn ng-star-inserted" style="background-color: rgba(0, 0, 0, 0.5); z-index: 99999; position: fixed; opacity: 1;">...</div>
  (Session info: chrome=101.0.4951.41)
Build info: version: '3.10.0', revision: '176b4a9', time: '2018-03-02T19:03:16.397Z'
System info: host: 'MCKL-20005142', ip: '192.168.1.40', os.name: 'Windows 10', os.arch: 'amd64', os.version: '10.0', java.version: '1.8.0_291'
Driver info: org.openqa.selenium.chrome.ChromeDriver
Capabilities {acceptInsecureCerts: false, browserName: chrome, browserVersion: 101.0.4951.41, chrome: {chromedriverVersion: 101.0.4951.41 (93c720db8323..., userDataDir: C:\Users\SOURAB~1.AWA\AppDa...}, goog:chromeOptions: {debuggerAddress: localhost:55570}, javascriptEnabled: true, networkConnectionEnabled: false, pageLoadStrategy: normal, platform: WINDOWS, platformName: WINDOWS, proxy: Proxy(), setWindowRect: true, strictFileInteractability: false, timeouts: {implicit: 0, pageLoad: 300000, script: 30000}, unhandledPromptBehavior: dismiss and notify, webauthn:extension:credBlob: true, webauthn:extension:largeBlob: true, webauthn:virtualAuthenticators: true}
Session ID: b2b0117aa617c00a3b547162645d82d0
2022-04-29 13:05:07,131 [main] ERROR com.sshmanager.SSHService - Error while getting SSH Server Instance : com.jcraft.jsch.JSchException: java.net.ConnectException: Connection timed out: connect
2022-04-29 13:05:07,969 [main] INFO angular.testscripts.prereuisitesangular.PreRequisite_C2STransfer_Revamp - ------------------ Test Case Execution Started For A_10_performC2STransferInvalidMsisdn -------------------
2022-04-29 13:05:07,969 [main] INFO angular.testscripts.prereuisitesangular.PreRequisite_C2STransfer_Revamp - Entered A_10_performC2STransferInvalidMsisdn(Root, Super Distributor, 1357, RC)
2022-04-29 13:05:08,212 [main] INFO com.utils.CommonUtils - Category Code for Super Distributor: DIST
2022-04-29 13:05:08,422 [main] INFO com.dbrepository.PostGreSQLRepository - Entered webInterface(Super Distributor)
2022-04-29 13:05:08,425 [main] INFO com.dbrepository.DBConnectionPool - Active Size:0 Cache Size:10
2022-04-29 13:05:08,427 [main] INFO com.dbrepository.PostGreSQLRepository - webInterface() :: select query: Select WEB_INTERFACE_ALLOWED from categories where category_name= ?
2022-04-29 13:05:08,511 [main] INFO com.dbrepository.PostGreSQLRepository - Database Returns: WEB_INTERFACE_ALLOWED (Y)
2022-04-29 13:05:08,512 [main] INFO com.dbrepository.PostGreSQLRepository - Exited webInterface()
2022-04-29 13:05:08,514 [main] INFO angular.feature.C2STransferRevamp - Entered performC2STransferInvalidMSISDN(Root, Super Distributor, 1357, RC)
2022-04-29 13:05:08,611 [main] INFO angular.classes.LoginRevamp - LoginID found as: AUT_48675
2022-04-29 13:05:08,613 [main] INFO angular.classes.LoginRevamp - Password found as: com@2468
2022-04-29 13:05:08,614 [main] INFO angular.classes.LoginRevamp - Username found as: AUTFN1393 AUTLN2379
2022-04-29 13:05:08,973 [main] INFO angular.pageobjects.loginpages.LoginPageRevamp - Trying to select Language1
2022-04-29 13:05:09,439 [main] INFO angular.pageobjects.loginpages.LoginPageRevamp - Language selected successfully as: English
2022-04-29 13:05:09,442 [main] INFO angular.pageobjects.loginpages.LoginPageRevamp - Trying to enter Login ID3
2022-04-29 13:05:09,659 [main] INFO angular.pageobjects.loginpages.LoginPageRevamp - Login ID entered successfully as: AUT_48675
2022-04-29 13:05:09,661 [main] INFO angular.pageobjects.loginpages.LoginPageRevamp - Trying to enter Password
2022-04-29 13:05:09,858 [main] INFO angular.pageobjects.loginpages.LoginPageRevamp - Password entered successfully as: com@2468
2022-04-29 13:05:09,859 [main] INFO angular.pageobjects.loginpages.LoginPageRevamp - Trying to click Login Button
2022-04-29 13:05:09,982 [main] INFO angular.pageobjects.loginpages.LoginPageRevamp - Login button clicked successfully
2022-04-29 13:05:10,019 [main] INFO angular.pageobjects.loginpages.LoginPageRevamp - Error Message Found on Login Screen: 
2022-04-29 13:05:11,333 [main] INFO angular.pageobjects.recharge.Recharges - User clicked Recharged Heading Link.
2022-04-29 13:05:12,577 [main] INFO com.classes.BaseTest - org.openqa.selenium.ElementClickInterceptedException: element click intercepted: Element <a _ngcontent-acw-c20="" id="prepaid" routerlink="/recharge" routerlinkactive="anchorActiveClass" href="/pretups-ui/recharge" class="anchorActiveClass">...</a> is not clickable at point (335, 227). Other element would receive the click: <div _ngcontent-acw-c3="" class="overlay ng-tns-c3-11 ng-trigger ng-trigger-fadeIn ng-star-inserted" style="background-color: rgba(0, 0, 0, 0.5); z-index: 99999; position: fixed; opacity: 1;">...</div>
  (Session info: chrome=101.0.4951.41)
Build info: version: '3.10.0', revision: '176b4a9', time: '2018-03-02T19:03:16.397Z'
System info: host: 'MCKL-20005142', ip: '192.168.1.40', os.name: 'Windows 10', os.arch: 'amd64', os.version: '10.0', java.version: '1.8.0_291'
Driver info: org.openqa.selenium.chrome.ChromeDriver
Capabilities {acceptInsecureCerts: false, browserName: chrome, browserVersion: 101.0.4951.41, chrome: {chromedriverVersion: 101.0.4951.41 (93c720db8323..., userDataDir: C:\Users\SOURAB~1.AWA\AppDa...}, goog:chromeOptions: {debuggerAddress: localhost:55570}, javascriptEnabled: true, networkConnectionEnabled: false, pageLoadStrategy: normal, platform: WINDOWS, platformName: WINDOWS, proxy: Proxy(), setWindowRect: true, strictFileInteractability: false, timeouts: {implicit: 0, pageLoad: 300000, script: 30000}, unhandledPromptBehavior: dismiss and notify, webauthn:extension:credBlob: true, webauthn:extension:largeBlob: true, webauthn:virtualAuthenticators: true}
Session ID: b2b0117aa617c00a3b547162645d82d0
2022-04-29 13:05:33,611 [main] ERROR com.sshmanager.SSHService - Error while getting SSH Server Instance : com.jcraft.jsch.JSchException: java.net.ConnectException: Connection timed out: connect
2022-04-29 13:05:34,618 [main] INFO angular.testscripts.prereuisitesangular.PreRequisite_C2STransfer_Revamp - ------------------ Test Case Execution Started For A_11_performC2STransferAlphaNumericMSISDN -------------------
2022-04-29 13:05:34,619 [main] INFO angular.testscripts.prereuisitesangular.PreRequisite_C2STransfer_Revamp - Entered A_11_performC2STransferAlphaNumericMSISDN(Root, Super Distributor, 1357, RC)
2022-04-29 13:05:34,653 [main] INFO com.utils.CommonUtils - Category Code for Super Distributor: DIST
2022-04-29 13:05:34,672 [main] INFO com.dbrepository.PostGreSQLRepository - Entered webInterface(Super Distributor)
2022-04-29 13:05:34,674 [main] INFO com.dbrepository.DBConnectionPool - Active Size:0 Cache Size:10
2022-04-29 13:05:34,676 [main] INFO com.dbrepository.PostGreSQLRepository - webInterface() :: select query: Select WEB_INTERFACE_ALLOWED from categories where category_name= ?
2022-04-29 13:05:34,763 [main] INFO com.dbrepository.PostGreSQLRepository - Database Returns: WEB_INTERFACE_ALLOWED (Y)
2022-04-29 13:05:34,765 [main] INFO com.dbrepository.PostGreSQLRepository - Exited webInterface()
2022-04-29 13:05:34,767 [main] INFO angular.feature.C2STransferRevamp - Entered performC2STransferAlphaNumericMSISDN(Root, Super Distributor, 1357, RC)
2022-04-29 13:05:34,804 [main] INFO angular.classes.LoginRevamp - LoginID found as: AUT_48675
2022-04-29 13:05:34,806 [main] INFO angular.classes.LoginRevamp - Password found as: com@2468
2022-04-29 13:05:34,808 [main] INFO angular.classes.LoginRevamp - Username found as: AUTFN1393 AUTLN2379
2022-04-29 13:05:35,231 [main] INFO angular.pageobjects.loginpages.LoginPageRevamp - Trying to select Language1
2022-04-29 13:05:35,615 [main] INFO angular.pageobjects.loginpages.LoginPageRevamp - Language selected successfully as: English
2022-04-29 13:05:35,616 [main] INFO angular.pageobjects.loginpages.LoginPageRevamp - Trying to enter Login ID3
2022-04-29 13:05:35,814 [main] INFO angular.pageobjects.loginpages.LoginPageRevamp - Login ID entered successfully as: AUT_48675
2022-04-29 13:05:35,815 [main] INFO angular.pageobjects.loginpages.LoginPageRevamp - Trying to enter Password
2022-04-29 13:05:36,003 [main] INFO angular.pageobjects.loginpages.LoginPageRevamp - Password entered successfully as: com@2468
2022-04-29 13:05:36,006 [main] INFO angular.pageobjects.loginpages.LoginPageRevamp - Trying to click Login Button
2022-04-29 13:05:36,128 [main] INFO angular.pageobjects.loginpages.LoginPageRevamp - Login button clicked successfully
2022-04-29 13:05:36,182 [main] INFO angular.pageobjects.loginpages.LoginPageRevamp - Error Message Found on Login Screen: 
2022-04-29 13:05:37,413 [main] INFO angular.pageobjects.recharge.Recharges - User clicked Recharged Heading Link.
2022-04-29 13:05:38,691 [main] INFO com.classes.BaseTest - org.openqa.selenium.ElementClickInterceptedException: element click intercepted: Element <a _ngcontent-fby-c20="" id="prepaid" routerlink="/recharge" routerlinkactive="anchorActiveClass" href="/pretups-ui/recharge" class="anchorActiveClass">...</a> is not clickable at point (335, 227). Other element would receive the click: <div _ngcontent-fby-c3="" class="overlay ng-tns-c3-11 ng-trigger ng-trigger-fadeIn ng-star-inserted" style="background-color: rgba(0, 0, 0, 0.5); z-index: 99999; position: fixed; opacity: 1;">...</div>
  (Session info: chrome=101.0.4951.41)
Build info: version: '3.10.0', revision: '176b4a9', time: '2018-03-02T19:03:16.397Z'
System info: host: 'MCKL-20005142', ip: '192.168.1.40', os.name: 'Windows 10', os.arch: 'amd64', os.version: '10.0', java.version: '1.8.0_291'
Driver info: org.openqa.selenium.chrome.ChromeDriver
Capabilities {acceptInsecureCerts: false, browserName: chrome, browserVersion: 101.0.4951.41, chrome: {chromedriverVersion: 101.0.4951.41 (93c720db8323..., userDataDir: C:\Users\SOURAB~1.AWA\AppDa...}, goog:chromeOptions: {debuggerAddress: localhost:55570}, javascriptEnabled: true, networkConnectionEnabled: false, pageLoadStrategy: normal, platform: WINDOWS, platformName: WINDOWS, proxy: Proxy(), setWindowRect: true, strictFileInteractability: false, timeouts: {implicit: 0, pageLoad: 300000, script: 30000}, unhandledPromptBehavior: dismiss and notify, webauthn:extension:credBlob: true, webauthn:extension:largeBlob: true, webauthn:virtualAuthenticators: true}
Session ID: b2b0117aa617c00a3b547162645d82d0
2022-04-29 13:05:59,727 [main] ERROR com.sshmanager.SSHService - Error while getting SSH Server Instance : com.jcraft.jsch.JSchException: java.net.ConnectException: Connection timed out: connect
2022-04-29 13:06:00,544 [main] INFO angular.testscripts.prereuisitesangular.PreRequisite_C2STransfer_Revamp - ------------------ Test Case Execution Started For A_12_performC2STransferResetButton -------------------
2022-04-29 13:06:00,544 [main] INFO angular.testscripts.prereuisitesangular.PreRequisite_C2STransfer_Revamp - Entered A_12_performC2STransferResetButton(Root, Super Distributor, 1357, RC)
2022-04-29 13:06:00,585 [main] INFO com.utils.CommonUtils - Category Code for Super Distributor: DIST
2022-04-29 13:06:00,603 [main] INFO com.dbrepository.PostGreSQLRepository - Entered webInterface(Super Distributor)
2022-04-29 13:06:00,605 [main] INFO com.dbrepository.DBConnectionPool - Active Size:0 Cache Size:10
2022-04-29 13:06:00,606 [main] INFO com.dbrepository.PostGreSQLRepository - webInterface() :: select query: Select WEB_INTERFACE_ALLOWED from categories where category_name= ?
2022-04-29 13:06:00,696 [main] INFO com.dbrepository.PostGreSQLRepository - Database Returns: WEB_INTERFACE_ALLOWED (Y)
2022-04-29 13:06:00,700 [main] INFO com.dbrepository.PostGreSQLRepository - Exited webInterface()
2022-04-29 13:06:00,704 [main] INFO angular.feature.C2STransferRevamp - Entered performC2STransferResetButton(Root, Super Distributor, 1357, RC)
2022-04-29 13:06:00,737 [main] INFO angular.classes.LoginRevamp - LoginID found as: AUT_48675
2022-04-29 13:06:00,739 [main] INFO angular.classes.LoginRevamp - Password found as: com@2468
2022-04-29 13:06:00,741 [main] INFO angular.classes.LoginRevamp - Username found as: AUTFN1393 AUTLN2379
2022-04-29 13:06:00,990 [main] INFO angular.pageobjects.loginpages.LoginPageRevamp - Trying to select Language1
2022-04-29 13:06:01,389 [main] INFO angular.pageobjects.loginpages.LoginPageRevamp - Language selected successfully as: English
2022-04-29 13:06:01,390 [main] INFO angular.pageobjects.loginpages.LoginPageRevamp - Trying to enter Login ID3
2022-04-29 13:06:01,529 [main] INFO angular.pageobjects.loginpages.LoginPageRevamp - Login ID entered successfully as: AUT_48675
2022-04-29 13:06:01,531 [main] INFO angular.pageobjects.loginpages.LoginPageRevamp - Trying to enter Password
2022-04-29 13:06:01,667 [main] INFO angular.pageobjects.loginpages.LoginPageRevamp - Password entered successfully as: com@2468
2022-04-29 13:06:01,669 [main] INFO angular.pageobjects.loginpages.LoginPageRevamp - Trying to click Login Button
2022-04-29 13:06:01,753 [main] INFO angular.pageobjects.loginpages.LoginPageRevamp - Login button clicked successfully
2022-04-29 13:06:01,800 [main] INFO angular.pageobjects.loginpages.LoginPageRevamp - Error Message Found on Login Screen: 
2022-04-29 13:06:03,037 [main] INFO angular.pageobjects.recharge.Recharges - User clicked Recharged Heading Link.
2022-04-29 13:06:04,252 [main] INFO com.classes.BaseTest - org.openqa.selenium.ElementClickInterceptedException: element click intercepted: Element <a _ngcontent-jfd-c20="" id="prepaid" routerlink="/recharge" routerlinkactive="anchorActiveClass" href="/pretups-ui/recharge" class="anchorActiveClass">...</a> is not clickable at point (335, 227). Other element would receive the click: <div _ngcontent-jfd-c3="" class="overlay ng-tns-c3-11 ng-trigger ng-trigger-fadeIn ng-star-inserted" style="background-color: rgba(0, 0, 0, 0.5); z-index: 99999; position: fixed; opacity: 1;">...</div>
  (Session info: chrome=101.0.4951.41)
Build info: version: '3.10.0', revision: '176b4a9', time: '2018-03-02T19:03:16.397Z'
System info: host: 'MCKL-20005142', ip: '192.168.1.40', os.name: 'Windows 10', os.arch: 'amd64', os.version: '10.0', java.version: '1.8.0_291'
Driver info: org.openqa.selenium.chrome.ChromeDriver
Capabilities {acceptInsecureCerts: false, browserName: chrome, browserVersion: 101.0.4951.41, chrome: {chromedriverVersion: 101.0.4951.41 (93c720db8323..., userDataDir: C:\Users\SOURAB~1.AWA\AppDa...}, goog:chromeOptions: {debuggerAddress: localhost:55570}, javascriptEnabled: true, networkConnectionEnabled: false, pageLoadStrategy: normal, platform: WINDOWS, platformName: WINDOWS, proxy: Proxy(), setWindowRect: true, strictFileInteractability: false, timeouts: {implicit: 0, pageLoad: 300000, script: 30000}, unhandledPromptBehavior: dismiss and notify, webauthn:extension:credBlob: true, webauthn:extension:largeBlob: true, webauthn:virtualAuthenticators: true}
Session ID: b2b0117aa617c00a3b547162645d82d0
2022-04-29 13:06:25,299 [main] ERROR com.sshmanager.SSHService - Error while getting SSH Server Instance : com.jcraft.jsch.JSchException: java.net.ConnectException: Connection timed out: connect
2022-04-29 13:06:26,000 [main] INFO angular.testscripts.prereuisitesangular.PreRequisite_C2STransfer_Revamp - ------------------ Test Case Execution Started For A_13_performC2STransferCopyButton -------------------
2022-04-29 13:06:26,001 [main] INFO angular.testscripts.prereuisitesangular.PreRequisite_C2STransfer_Revamp - Entered A_13_performC2STransferCopyButton(Root, Super Distributor, 1357, RC)
2022-04-29 13:06:26,076 [main] INFO com.utils.CommonUtils - Category Code for Super Distributor: DIST
2022-04-29 13:06:26,127 [main] INFO com.dbrepository.PostGreSQLRepository - Entered webInterface(Super Distributor)
2022-04-29 13:06:26,129 [main] INFO com.dbrepository.DBConnectionPool - Active Size:0 Cache Size:10
2022-04-29 13:06:26,131 [main] INFO com.dbrepository.PostGreSQLRepository - webInterface() :: select query: Select WEB_INTERFACE_ALLOWED from categories where category_name= ?
2022-04-29 13:06:26,224 [main] INFO com.dbrepository.PostGreSQLRepository - Database Returns: WEB_INTERFACE_ALLOWED (Y)
2022-04-29 13:06:26,226 [main] INFO com.dbrepository.PostGreSQLRepository - Exited webInterface()
2022-04-29 13:06:26,227 [main] INFO angular.feature.C2STransferRevamp - Entered performC2STransferCopyButton(Root, Super Distributor, 1357, RC)
2022-04-29 13:06:26,271 [main] INFO angular.classes.LoginRevamp - LoginID found as: AUT_48675
2022-04-29 13:06:26,272 [main] INFO angular.classes.LoginRevamp - Password found as: com@2468
2022-04-29 13:06:26,273 [main] INFO angular.classes.LoginRevamp - Username found as: AUTFN1393 AUTLN2379
2022-04-29 13:06:26,551 [main] INFO angular.pageobjects.loginpages.LoginPageRevamp - Trying to select Language1
2022-04-29 13:06:26,991 [main] INFO angular.pageobjects.loginpages.LoginPageRevamp - Language selected successfully as: English
2022-04-29 13:06:26,992 [main] INFO angular.pageobjects.loginpages.LoginPageRevamp - Trying to enter Login ID3
2022-04-29 13:06:27,140 [main] INFO angular.pageobjects.loginpages.LoginPageRevamp - Login ID entered successfully as: AUT_48675
2022-04-29 13:06:27,141 [main] INFO angular.pageobjects.loginpages.LoginPageRevamp - Trying to enter Password
2022-04-29 13:06:27,278 [main] INFO angular.pageobjects.loginpages.LoginPageRevamp - Password entered successfully as: com@2468
2022-04-29 13:06:27,279 [main] INFO angular.pageobjects.loginpages.LoginPageRevamp - Trying to click Login Button
2022-04-29 13:06:27,372 [main] INFO angular.pageobjects.loginpages.LoginPageRevamp - Login button clicked successfully
2022-04-29 13:06:27,413 [main] INFO angular.pageobjects.loginpages.LoginPageRevamp - Error Message Found on Login Screen: 
2022-04-29 13:06:28,646 [main] INFO angular.pageobjects.recharge.Recharges - User clicked Recharged Heading Link.
2022-04-29 13:06:29,890 [main] INFO com.classes.BaseTest - org.openqa.selenium.ElementClickInterceptedException: element click intercepted: Element <a _ngcontent-bef-c20="" id="prepaid" routerlink="/recharge" routerlinkactive="anchorActiveClass" href="/pretups-ui/recharge" class="anchorActiveClass">...</a> is not clickable at point (335, 227). Other element would receive the click: <div _ngcontent-bef-c3="" class="overlay ng-tns-c3-11 ng-trigger ng-trigger-fadeIn ng-star-inserted" style="background-color: rgba(0, 0, 0, 0.5); z-index: 99999; position: fixed; opacity: 1;">...</div>
  (Session info: chrome=101.0.4951.41)
Build info: version: '3.10.0', revision: '176b4a9', time: '2018-03-02T19:03:16.397Z'
System info: host: 'MCKL-20005142', ip: '192.168.1.40', os.name: 'Windows 10', os.arch: 'amd64', os.version: '10.0', java.version: '1.8.0_291'
Driver info: org.openqa.selenium.chrome.ChromeDriver
Capabilities {acceptInsecureCerts: false, browserName: chrome, browserVersion: 101.0.4951.41, chrome: {chromedriverVersion: 101.0.4951.41 (93c720db8323..., userDataDir: C:\Users\SOURAB~1.AWA\AppDa...}, goog:chromeOptions: {debuggerAddress: localhost:55570}, javascriptEnabled: true, networkConnectionEnabled: false, pageLoadStrategy: normal, platform: WINDOWS, platformName: WINDOWS, proxy: Proxy(), setWindowRect: true, strictFileInteractability: false, timeouts: {implicit: 0, pageLoad: 300000, script: 30000}, unhandledPromptBehavior: dismiss and notify, webauthn:extension:credBlob: true, webauthn:extension:largeBlob: true, webauthn:virtualAuthenticators: true}
Session ID: b2b0117aa617c00a3b547162645d82d0
2022-04-29 13:06:50,938 [main] ERROR com.sshmanager.SSHService - Error while getting SSH Server Instance : com.jcraft.jsch.JSchException: java.net.ConnectException: Connection timed out: connect
2022-04-29 13:06:52,119 [main] INFO angular.testscripts.prereuisitesangular.PreRequisite_C2STransfer_Revamp - ------------------ Test Case Execution Started For A_14_performC2STransferBlankSubservice -------------------
2022-04-29 13:06:52,120 [main] INFO angular.testscripts.prereuisitesangular.PreRequisite_C2STransfer_Revamp - Entered A_14_performC2STransferBlankSubservice(Root, Super Distributor, 1357, RC)
2022-04-29 13:06:52,155 [main] INFO com.utils.CommonUtils - Category Code for Super Distributor: DIST
2022-04-29 13:06:52,175 [main] INFO com.dbrepository.PostGreSQLRepository - Entered webInterface(Super Distributor)
2022-04-29 13:06:52,177 [main] INFO com.dbrepository.DBConnectionPool - Active Size:0 Cache Size:10
2022-04-29 13:06:52,180 [main] INFO com.dbrepository.PostGreSQLRepository - webInterface() :: select query: Select WEB_INTERFACE_ALLOWED from categories where category_name= ?
2022-04-29 13:06:52,265 [main] INFO com.dbrepository.PostGreSQLRepository - Database Returns: WEB_INTERFACE_ALLOWED (Y)
2022-04-29 13:06:52,267 [main] INFO com.dbrepository.PostGreSQLRepository - Exited webInterface()
2022-04-29 13:06:52,269 [main] INFO angular.feature.C2STransferRevamp - Entered performC2STransferBlankSubservice(Root, Super Distributor, 1357, RC)
2022-04-29 13:06:52,312 [main] INFO angular.classes.LoginRevamp - LoginID found as: AUT_48675
2022-04-29 13:06:52,313 [main] INFO angular.classes.LoginRevamp - Password found as: com@2468
2022-04-29 13:06:52,315 [main] INFO angular.classes.LoginRevamp - Username found as: AUTFN1393 AUTLN2379
2022-04-29 13:06:52,834 [main] INFO angular.pageobjects.loginpages.LoginPageRevamp - Trying to select Language1
2022-04-29 13:06:53,234 [main] INFO angular.pageobjects.loginpages.LoginPageRevamp - Language selected successfully as: English
2022-04-29 13:06:53,236 [main] INFO angular.pageobjects.loginpages.LoginPageRevamp - Trying to enter Login ID3
2022-04-29 13:06:53,439 [main] INFO angular.pageobjects.loginpages.LoginPageRevamp - Login ID entered successfully as: AUT_48675
2022-04-29 13:06:53,441 [main] INFO angular.pageobjects.loginpages.LoginPageRevamp - Trying to enter Password
2022-04-29 13:06:53,619 [main] INFO angular.pageobjects.loginpages.LoginPageRevamp - Password entered successfully as: com@2468
2022-04-29 13:06:53,620 [main] INFO angular.pageobjects.loginpages.LoginPageRevamp - Trying to click Login Button
2022-04-29 13:06:53,713 [main] INFO angular.pageobjects.loginpages.LoginPageRevamp - Login button clicked successfully
2022-04-29 13:06:53,755 [main] INFO angular.pageobjects.loginpages.LoginPageRevamp - Error Message Found on Login Screen: 
2022-04-29 13:06:55,032 [main] INFO angular.pageobjects.recharge.Recharges - User clicked Recharged Heading Link.
2022-04-29 13:06:56,195 [main] INFO com.classes.BaseTest - org.openqa.selenium.ElementClickInterceptedException: element click intercepted: Element <a _ngcontent-xca-c20="" id="prepaid" routerlink="/recharge" routerlinkactive="anchorActiveClass" href="/pretups-ui/recharge" class="anchorActiveClass">...</a> is not clickable at point (335, 227). Other element would receive the click: <div _ngcontent-xca-c3="" class="overlay ng-tns-c3-11 ng-trigger ng-trigger-fadeIn ng-star-inserted" style="background-color: rgba(0, 0, 0, 0.5); z-index: 99999; position: fixed; opacity: 1;">...</div>
  (Session info: chrome=101.0.4951.41)
Build info: version: '3.10.0', revision: '176b4a9', time: '2018-03-02T19:03:16.397Z'
System info: host: 'MCKL-20005142', ip: '192.168.1.40', os.name: 'Windows 10', os.arch: 'amd64', os.version: '10.0', java.version: '1.8.0_291'
Driver info: org.openqa.selenium.chrome.ChromeDriver
Capabilities {acceptInsecureCerts: false, browserName: chrome, browserVersion: 101.0.4951.41, chrome: {chromedriverVersion: 101.0.4951.41 (93c720db8323..., userDataDir: C:\Users\SOURAB~1.AWA\AppDa...}, goog:chromeOptions: {debuggerAddress: localhost:55570}, javascriptEnabled: true, networkConnectionEnabled: false, pageLoadStrategy: normal, platform: WINDOWS, platformName: WINDOWS, proxy: Proxy(), setWindowRect: true, strictFileInteractability: false, timeouts: {implicit: 0, pageLoad: 300000, script: 30000}, unhandledPromptBehavior: dismiss and notify, webauthn:extension:credBlob: true, webauthn:extension:largeBlob: true, webauthn:virtualAuthenticators: true}
Session ID: b2b0117aa617c00a3b547162645d82d0
2022-04-29 13:07:17,237 [main] ERROR com.sshmanager.SSHService - Error while getting SSH Server Instance : com.jcraft.jsch.JSchException: java.net.ConnectException: Connection timed out: connect
2022-04-29 13:07:31,359 [main] INFO com.utils.ExcelUtility - java.lang.NullPointerException

2022-04-29 13:07:31,441 [main] INFO com.utils.ExcelUtility - java.lang.NullPointerException

2022-04-29 13:07:31,479 [main] INFO com.utils.ExcelUtility - java.lang.NullPointerException

2022-04-29 13:07:31,555 [main] INFO com.utils.ExcelUtility - java.lang.NullPointerException

2022-04-29 13:07:31,590 [main] INFO com.utils.ExcelUtility - java.lang.NullPointerException

2022-04-29 13:07:31,626 [main] INFO com.utils.ExcelUtility - java.lang.NullPointerException

2022-04-29 13:07:31,802 [main] INFO com.dbrepository.PostGreSQLRepository - Entered :: getSystemPreference(TRF_RULE_USER_LEVEL_ALLOW)
2022-04-29 13:07:31,826 [main] INFO com.dbrepository.DBConnectionPool - Active Size:0 Cache Size:10
2022-04-29 13:07:31,911 [main] INFO com.dbrepository.PostGreSQLRepository - Query Repository Returns: DEFAULT_VALUE (true)
2022-04-29 13:07:31,914 [main] INFO angular.testscripts.prereuisitesangular.PreRequisite_C2CReturn_Revamp - ------------------ Test Case Execution Started For A_01_Test_C2CReturnMobileBuyerType -------------------
2022-04-29 13:07:31,914 [main] INFO angular.testscripts.prereuisitesangular.PreRequisite_C2CReturn_Revamp - Entered A_01_Test_C2CReturnMobileBuyerType(Retailer, Agent, 723932049199625, 1357, Distributor, Dealer, SA, 4)
2022-04-29 13:07:31,915 [main] INFO com.dbrepository.DBConnectionPool - Active Size:0 Cache Size:10
2022-04-29 13:07:31,916 [main] INFO com.dbrepository.PostGreSQLRepository - Entered :: getPreference()
2022-04-29 13:07:32,001 [main] INFO com.dbrepository.PostGreSQLRepository - Service Class Preference Not Found
2022-04-29 13:07:32,003 [main] INFO com.dbrepository.PostGreSQLRepository - Trying to get Preference value from Control Preferences
2022-04-29 13:07:32,087 [main] INFO com.dbrepository.PostGreSQLRepository - Query Repository Returns: DEFAULT_VALUE (3)
2022-04-29 13:07:32,122 [main] INFO com.utils.CommonUtils - Category Code for Retailer: RET
2022-04-29 13:07:32,139 [main] INFO com.dbrepository.PostGreSQLRepository - Entered webInterface(Retailer)
2022-04-29 13:07:32,140 [main] INFO com.dbrepository.DBConnectionPool - Active Size:0 Cache Size:10
2022-04-29 13:07:32,141 [main] INFO com.dbrepository.PostGreSQLRepository - webInterface() :: select query: Select WEB_INTERFACE_ALLOWED from categories where category_name= ?
2022-04-29 13:07:32,226 [main] INFO com.dbrepository.PostGreSQLRepository - Database Returns: WEB_INTERFACE_ALLOWED (Y)
2022-04-29 13:07:32,229 [main] INFO com.dbrepository.PostGreSQLRepository - Exited webInterface()
2022-04-29 13:07:32,241 [main] INFO angular.feature.C2CBuyRevamp - Entered performC2CBuyMobileBuyerType(Retailer, Agent, 723932049199625, 1357)
2022-04-29 13:07:32,276 [main] INFO angular.classes.LoginRevamp - Login ID Found as: AUT_41726
2022-04-29 13:07:32,278 [main] INFO angular.classes.LoginRevamp - Password Found as: com@2468
2022-04-29 13:07:32,280 [main] INFO angular.feature.C2CBuyRevamp - LOGINID : AUT_41726
2022-04-29 13:07:32,345 [main] INFO angular.classes.LoginRevamp - LoginID found as: AUT_41726
2022-04-29 13:07:32,347 [main] INFO angular.classes.LoginRevamp - Password found as: com@2468
2022-04-29 13:07:32,349 [main] INFO angular.classes.LoginRevamp - Username found as: AUTFN4270 AUTLN3932
2022-04-29 13:07:33,046 [main] INFO angular.pageobjects.loginpages.LoginPageRevamp - Trying to select Language1
2022-04-29 13:07:33,376 [main] INFO angular.pageobjects.loginpages.LoginPageRevamp - Language selected successfully as: English
2022-04-29 13:07:33,378 [main] INFO angular.pageobjects.loginpages.LoginPageRevamp - Trying to enter Login ID3
2022-04-29 13:07:33,661 [main] INFO angular.pageobjects.loginpages.LoginPageRevamp - Login ID entered successfully as: AUT_41726
2022-04-29 13:07:33,663 [main] INFO angular.pageobjects.loginpages.LoginPageRevamp - Trying to enter Password
2022-04-29 13:07:33,850 [main] INFO angular.pageobjects.loginpages.LoginPageRevamp - Password entered successfully as: com@2468
2022-04-29 13:07:33,852 [main] INFO angular.pageobjects.loginpages.LoginPageRevamp - Trying to click Login Button
2022-04-29 13:07:33,956 [main] INFO angular.pageobjects.loginpages.LoginPageRevamp - Login button clicked successfully
2022-04-29 13:07:34,081 [main] INFO angular.pageobjects.loginpages.LoginPageRevamp - Error Message Found on Login Screen: 
2022-04-29 13:07:38,434 [main] INFO angular.pageobjects.c2ctransfer.C2CTransfers - Trying clicking on C2C Heading
2022-04-29 13:07:38,536 [main] INFO angular.pageobjects.c2ctransfer.C2CTransfers - User clicked C2C Heading Link.
2022-04-29 13:07:38,538 [main] INFO angular.pageobjects.c2ctransfer.C2CTransfers - Trying clicking on C2C Transaction Heading
2022-04-29 13:07:38,649 [main] INFO angular.pageobjects.c2ctransfer.C2CTransfers - User clicked C2C Transaction Heading Link.
2022-04-29 13:07:38,651 [main] INFO angular.feature.C2CBuyRevamp - C2C Heading and Transaction Heading is clicked
2022-04-29 13:07:38,652 [main] INFO angular.pageobjects.c2ctransfer.C2CTransfers - Trying clicking on C2C Single Operation Heading
2022-04-29 13:07:42,473 [main] INFO angular.pageobjects.c2ctransfer.C2CTransfers - User clicked C2C Single Operation Heading.
2022-04-29 13:07:42,505 [main] INFO angular.pageobjects.c2ctransfer.C2CTransfers - Trying clicking on C2C Buy Heading
2022-04-29 13:07:42,650 [main] INFO angular.pageobjects.c2ctransfer.C2CTransfers - User clicked C2C Buy Heading.
2022-04-29 13:07:42,652 [main] INFO angular.pageobjects.c2ctransfer.C2CTransfers - Trying clicking on Etopup
2022-04-29 13:07:42,778 [main] INFO angular.pageobjects.c2ctransfer.C2CTransfers - Clicked Etopup.
2022-04-29 13:07:42,780 [main] INFO angular.pageobjects.c2ctransfer.C2CTransfers - Trying to select C2C Buyer Type
2022-04-29 13:07:43,169 [main] INFO angular.pageobjects.c2ctransfer.C2CTransfers - C2C Buyer Type selected : //ng-select[@id='searchBy']//ng-dropdown-panel[contains(@class,'ng-star-inserted')]//span[text()='Mobile Number']
2022-04-29 13:07:43,172 [main] INFO angular.pageobjects.c2ctransfer.C2CTransfers - Entering C2C MSISDN
2022-04-29 13:07:43,355 [main] INFO angular.pageobjects.c2ctransfer.C2CTransfers - Entered C2C MSISDN : 723932049199625
2022-04-29 13:07:53,365 [main] INFO angular.pageobjects.c2ctransfer.C2CTransfers - Trying clicking on PROCEED button on C2C
2022-04-29 13:08:03,494 [main] INFO angular.pageobjects.c2ctransfer.C2CTransfers - Clicked PROCEED button on C2C.
2022-04-29 13:08:03,512 [main] INFO angular.pageobjects.c2ctransfer.C2CTransfers - Trying to initiate C2C Topups
2022-04-29 13:08:23,946 [main] INFO com.classes.BaseTest - org.openqa.selenium.TimeoutException: Expected condition failed: waiting for visibility of element located by By.xpath: //form[@id='control']//label[@class='transfer-e-top-up-to-b'] (tried for 20 second(s) with 500 milliseconds interval)
2022-04-29 13:08:44,999 [main] ERROR com.sshmanager.SSHService - Error while getting SSH Server Instance : com.jcraft.jsch.JSchException: java.net.ConnectException: Connection timed out: connect
2022-04-29 13:08:45,312 [main] INFO angular.testscripts.prereuisitesangular.PreRequisite_C2CReturn_Revamp - ------------------ Test Case Execution Started For A_01_Test_C2CReturnMobileBuyerType -------------------
2022-04-29 13:08:45,312 [main] INFO angular.testscripts.prereuisitesangular.PreRequisite_C2CReturn_Revamp - Entered A_01_Test_C2CReturnMobileBuyerType(Agent, Super Distributor, 720231342216284, 1357, Distributor, Root, AR, 1)
2022-04-29 13:08:45,314 [main] INFO com.dbrepository.DBConnectionPool - Active Size:0 Cache Size:10
2022-04-29 13:08:45,316 [main] INFO com.dbrepository.PostGreSQLRepository - Entered :: getPreference()
2022-04-29 13:08:45,400 [main] INFO com.dbrepository.PostGreSQLRepository - Service Class Preference Not Found
2022-04-29 13:08:45,401 [main] INFO com.dbrepository.PostGreSQLRepository - Trying to get Preference value from Control Preferences
2022-04-29 13:08:45,485 [main] INFO com.dbrepository.PostGreSQLRepository - Query Repository Returns: DEFAULT_VALUE (1)
2022-04-29 13:08:45,734 [main] INFO com.utils.CommonUtils - Category Code for Agent: AG
2022-04-29 13:08:45,785 [main] INFO com.dbrepository.PostGreSQLRepository - Entered webInterface(Agent)
2022-04-29 13:08:45,786 [main] INFO com.dbrepository.DBConnectionPool - Active Size:0 Cache Size:10
2022-04-29 13:08:45,789 [main] INFO com.dbrepository.PostGreSQLRepository - webInterface() :: select query: Select WEB_INTERFACE_ALLOWED from categories where category_name= ?
2022-04-29 13:08:45,873 [main] INFO com.dbrepository.PostGreSQLRepository - Database Returns: WEB_INTERFACE_ALLOWED (Y)
2022-04-29 13:08:45,875 [main] INFO com.dbrepository.PostGreSQLRepository - Exited webInterface()
2022-04-29 13:08:45,877 [main] INFO angular.feature.C2CBuyRevamp - Entered performC2CBuyMobileBuyerType(Agent, Super Distributor, 720231342216284, 1357)
2022-04-29 13:08:45,920 [main] INFO angular.classes.LoginRevamp - Login ID Found as: AUT_08837
2022-04-29 13:08:45,922 [main] INFO angular.classes.LoginRevamp - Password Found as: com@2468
2022-04-29 13:08:45,923 [main] INFO angular.feature.C2CBuyRevamp - LOGINID : AUT_08837
2022-04-29 13:08:45,944 [main] INFO angular.classes.LoginRevamp - LoginID found as: AUT_08837
2022-04-29 13:08:45,945 [main] INFO angular.classes.LoginRevamp - Password found as: com@2468
2022-04-29 13:08:45,947 [main] INFO angular.classes.LoginRevamp - Username found as: AUTFN7086 AUTLN1035
2022-04-29 13:08:46,311 [main] INFO angular.pageobjects.loginpages.LoginPageRevamp - Trying to select Language1
2022-04-29 13:08:46,952 [main] INFO angular.pageobjects.loginpages.LoginPageRevamp - Language selected successfully as: English
2022-04-29 13:08:46,967 [main] INFO angular.pageobjects.loginpages.LoginPageRevamp - Trying to enter Login ID3
2022-04-29 13:08:47,237 [main] INFO angular.pageobjects.loginpages.LoginPageRevamp - Login ID entered successfully as: AUT_08837
2022-04-29 13:08:47,239 [main] INFO angular.pageobjects.loginpages.LoginPageRevamp - Trying to enter Password
2022-04-29 13:08:47,407 [main] INFO angular.pageobjects.loginpages.LoginPageRevamp - Password entered successfully as: com@2468
2022-04-29 13:08:47,408 [main] INFO angular.pageobjects.loginpages.LoginPageRevamp - Trying to click Login Button
2022-04-29 13:08:47,493 [main] INFO angular.pageobjects.loginpages.LoginPageRevamp - Login button clicked successfully
2022-04-29 13:08:47,542 [main] INFO angular.pageobjects.loginpages.LoginPageRevamp - Error Message Found on Login Screen: 
2022-04-29 13:08:48,732 [main] INFO angular.pageobjects.c2ctransfer.C2CTransfers - Trying clicking on C2C Heading
2022-04-29 13:08:48,823 [main] INFO angular.pageobjects.c2ctransfer.C2CTransfers - User clicked C2C Heading Link.
2022-04-29 13:08:48,825 [main] INFO angular.pageobjects.c2ctransfer.C2CTransfers - Trying clicking on C2C Transaction Heading
2022-04-29 13:08:49,025 [main] INFO angular.pageobjects.c2ctransfer.C2CTransfers - User clicked C2C Transaction Heading Link.
2022-04-29 13:08:49,026 [main] INFO angular.feature.C2CBuyRevamp - C2C Heading and Transaction Heading is clicked
2022-04-29 13:08:49,028 [main] INFO angular.pageobjects.c2ctransfer.C2CTransfers - Trying clicking on C2C Single Operation Heading
2022-04-29 13:08:49,117 [main] INFO angular.pageobjects.c2ctransfer.C2CTransfers - User clicked C2C Single Operation Heading.
2022-04-29 13:08:49,119 [main] INFO angular.pageobjects.c2ctransfer.C2CTransfers - Trying clicking on C2C Buy Heading
2022-04-29 13:08:49,247 [main] INFO angular.pageobjects.c2ctransfer.C2CTransfers - User clicked C2C Buy Heading.
2022-04-29 13:08:49,248 [main] INFO angular.pageobjects.c2ctransfer.C2CTransfers - Trying clicking on Etopup
2022-04-29 13:08:49,349 [main] INFO angular.pageobjects.c2ctransfer.C2CTransfers - Clicked Etopup.
2022-04-29 13:08:49,351 [main] INFO angular.pageobjects.c2ctransfer.C2CTransfers - Trying to select C2C Buyer Type
2022-04-29 13:08:49,532 [main] INFO angular.pageobjects.c2ctransfer.C2CTransfers - C2C Buyer Type selected : //ng-select[@id='searchBy']//ng-dropdown-panel[contains(@class,'ng-star-inserted')]//span[text()='Mobile Number']
2022-04-29 13:08:49,534 [main] INFO angular.pageobjects.c2ctransfer.C2CTransfers - Entering C2C MSISDN
2022-04-29 13:08:49,659 [main] INFO angular.pageobjects.c2ctransfer.C2CTransfers - Entered C2C MSISDN : 720231342216284
2022-04-29 13:08:59,668 [main] INFO angular.pageobjects.c2ctransfer.C2CTransfers - Trying clicking on PROCEED button on C2C
2022-04-29 13:09:09,798 [main] INFO angular.pageobjects.c2ctransfer.C2CTransfers - Clicked PROCEED button on C2C.
2022-04-29 13:09:09,813 [main] INFO angular.pageobjects.c2ctransfer.C2CTransfers - Trying to initiate C2C Topups
2022-04-29 13:09:30,073 [main] INFO com.classes.BaseTest - org.openqa.selenium.TimeoutException: Expected condition failed: waiting for visibility of element located by By.xpath: //form[@id='control']//label[@class='transfer-e-top-up-to-b'] (tried for 20 second(s) with 500 milliseconds interval)
2022-04-29 13:09:51,118 [main] ERROR com.sshmanager.SSHService - Error while getting SSH Server Instance : com.jcraft.jsch.JSchException: java.net.ConnectException: Connection timed out: connect
2022-04-29 13:09:51,426 [main] INFO angular.testscripts.prereuisitesangular.PreRequisite_C2CReturn_Revamp - ------------------ Test Case Execution Started For A_01_Test_C2CReturnMobileBuyerType -------------------
2022-04-29 13:09:51,426 [main] INFO angular.testscripts.prereuisitesangular.PreRequisite_C2CReturn_Revamp - Entered A_01_Test_C2CReturnMobileBuyerType(Agent, Dealer, 724699085750159, 1357, Distributor, Super Distributor, SA, 2)
2022-04-29 13:09:51,428 [main] INFO com.dbrepository.DBConnectionPool - Active Size:0 Cache Size:10
2022-04-29 13:09:51,430 [main] INFO com.dbrepository.PostGreSQLRepository - Entered :: getPreference()
2022-04-29 13:09:51,515 [main] INFO com.dbrepository.PostGreSQLRepository - Service Class Preference Not Found
2022-04-29 13:09:51,516 [main] INFO com.dbrepository.PostGreSQLRepository - Trying to get Preference value from Control Preferences
2022-04-29 13:09:51,601 [main] INFO com.dbrepository.PostGreSQLRepository - Query Repository Returns: DEFAULT_VALUE (3)
2022-04-29 13:09:51,679 [main] INFO com.utils.CommonUtils - Category Code for Agent: AG
2022-04-29 13:09:51,705 [main] INFO com.dbrepository.PostGreSQLRepository - Entered webInterface(Agent)
2022-04-29 13:09:51,706 [main] INFO com.dbrepository.DBConnectionPool - Active Size:0 Cache Size:10
2022-04-29 13:09:51,708 [main] INFO com.dbrepository.PostGreSQLRepository - webInterface() :: select query: Select WEB_INTERFACE_ALLOWED from categories where category_name= ?
2022-04-29 13:09:51,792 [main] INFO com.dbrepository.PostGreSQLRepository - Database Returns: WEB_INTERFACE_ALLOWED (Y)
2022-04-29 13:09:51,794 [main] INFO com.dbrepository.PostGreSQLRepository - Exited webInterface()
2022-04-29 13:09:51,797 [main] INFO angular.feature.C2CBuyRevamp - Entered performC2CBuyMobileBuyerType(Agent, Dealer, 724699085750159, 1357)
2022-04-29 13:09:51,863 [main] INFO angular.classes.LoginRevamp - Login ID Found as: AUT_08837
2022-04-29 13:09:51,865 [main] INFO angular.classes.LoginRevamp - Password Found as: com@2468
2022-04-29 13:09:51,866 [main] INFO angular.feature.C2CBuyRevamp - LOGINID : AUT_08837
2022-04-29 13:09:51,883 [main] INFO angular.classes.LoginRevamp - LoginID found as: AUT_08837
2022-04-29 13:09:51,885 [main] INFO angular.classes.LoginRevamp - Password found as: com@2468
2022-04-29 13:09:51,886 [main] INFO angular.classes.LoginRevamp - Username found as: AUTFN7086 AUTLN1035
2022-04-29 13:09:52,280 [main] INFO angular.pageobjects.loginpages.LoginPageRevamp - Trying to select Language1
2022-04-29 13:09:52,726 [main] INFO angular.pageobjects.loginpages.LoginPageRevamp - Language selected successfully as: English
2022-04-29 13:09:52,728 [main] INFO angular.pageobjects.loginpages.LoginPageRevamp - Trying to enter Login ID3
2022-04-29 13:09:52,919 [main] INFO angular.pageobjects.loginpages.LoginPageRevamp - Login ID entered successfully as: AUT_08837
2022-04-29 13:09:52,921 [main] INFO angular.pageobjects.loginpages.LoginPageRevamp - Trying to enter Password
2022-04-29 13:09:53,077 [main] INFO angular.pageobjects.loginpages.LoginPageRevamp - Password entered successfully as: com@2468
2022-04-29 13:09:53,078 [main] INFO angular.pageobjects.loginpages.LoginPageRevamp - Trying to click Login Button
2022-04-29 13:09:53,166 [main] INFO angular.pageobjects.loginpages.LoginPageRevamp - Login button clicked successfully
2022-04-29 13:09:53,218 [main] INFO angular.pageobjects.loginpages.LoginPageRevamp - Error Message Found on Login Screen: 
2022-04-29 13:09:54,412 [main] INFO angular.pageobjects.c2ctransfer.C2CTransfers - Trying clicking on C2C Heading
2022-04-29 13:09:54,519 [main] INFO angular.pageobjects.c2ctransfer.C2CTransfers - User clicked C2C Heading Link.
2022-04-29 13:09:54,521 [main] INFO angular.pageobjects.c2ctransfer.C2CTransfers - Trying clicking on C2C Transaction Heading
2022-04-29 13:09:54,759 [main] INFO angular.pageobjects.c2ctransfer.C2CTransfers - User clicked C2C Transaction Heading Link.
2022-04-29 13:09:54,762 [main] INFO angular.feature.C2CBuyRevamp - C2C Heading and Transaction Heading is clicked
2022-04-29 13:09:54,764 [main] INFO angular.pageobjects.c2ctransfer.C2CTransfers - Trying clicking on C2C Single Operation Heading
2022-04-29 13:09:54,934 [main] INFO angular.pageobjects.c2ctransfer.C2CTransfers - User clicked C2C Single Operation Heading.
2022-04-29 13:09:54,935 [main] INFO angular.pageobjects.c2ctransfer.C2CTransfers - Trying clicking on C2C Buy Heading
2022-04-29 13:09:55,088 [main] INFO angular.pageobjects.c2ctransfer.C2CTransfers - User clicked C2C Buy Heading.
2022-04-29 13:09:55,094 [main] INFO angular.pageobjects.c2ctransfer.C2CTransfers - Trying clicking on Etopup
2022-04-29 13:09:55,218 [main] INFO angular.pageobjects.c2ctransfer.C2CTransfers - Clicked Etopup.
2022-04-29 13:09:55,219 [main] INFO angular.pageobjects.c2ctransfer.C2CTransfers - Trying to select C2C Buyer Type
2022-04-29 13:09:55,573 [main] INFO angular.pageobjects.c2ctransfer.C2CTransfers - C2C Buyer Type selected : //ng-select[@id='searchBy']//ng-dropdown-panel[contains(@class,'ng-star-inserted')]//span[text()='Mobile Number']
2022-04-29 13:09:55,574 [main] INFO angular.pageobjects.c2ctransfer.C2CTransfers - Entering C2C MSISDN
2022-04-29 13:09:55,724 [main] INFO angular.pageobjects.c2ctransfer.C2CTransfers - Entered C2C MSISDN : 724699085750159
2022-04-29 13:10:05,740 [main] INFO angular.pageobjects.c2ctransfer.C2CTransfers - Trying clicking on PROCEED button on C2C
2022-04-29 13:10:15,905 [main] INFO angular.pageobjects.c2ctransfer.C2CTransfers - Clicked PROCEED button on C2C.
2022-04-29 13:10:15,917 [main] INFO angular.pageobjects.c2ctransfer.C2CTransfers - Trying to initiate C2C Topups
2022-04-29 13:10:36,184 [main] INFO com.classes.BaseTest - org.openqa.selenium.TimeoutException: Expected condition failed: waiting for visibility of element located by By.xpath: //form[@id='control']//label[@class='transfer-e-top-up-to-b'] (tried for 20 second(s) with 500 milliseconds interval)
2022-04-29 13:10:57,214 [main] ERROR com.sshmanager.SSHService - Error while getting SSH Server Instance : com.jcraft.jsch.JSchException: java.net.ConnectException: Connection timed out: connect
2022-04-29 13:10:57,450 [main] INFO angular.testscripts.prereuisitesangular.PreRequisite_C2CReturn_Revamp - ------------------ Test Case Execution Started For A_01_Test_C2CReturnMobileBuyerType -------------------
2022-04-29 13:10:57,450 [main] INFO angular.testscripts.prereuisitesangular.PreRequisite_C2CReturn_Revamp - Entered A_01_Test_C2CReturnMobileBuyerType(Retailer, Super Distributor, 720231342216284, 1357, Distributor, Root, AR, 1)
2022-04-29 13:10:57,452 [main] INFO com.dbrepository.DBConnectionPool - Active Size:0 Cache Size:10
2022-04-29 13:10:57,454 [main] INFO com.dbrepository.PostGreSQLRepository - Entered :: getPreference()
2022-04-29 13:10:57,538 [main] INFO com.dbrepository.PostGreSQLRepository - Service Class Preference Not Found
2022-04-29 13:10:57,540 [main] INFO com.dbrepository.PostGreSQLRepository - Trying to get Preference value from Control Preferences
2022-04-29 13:10:57,624 [main] INFO com.dbrepository.PostGreSQLRepository - Query Repository Returns: DEFAULT_VALUE (1)
2022-04-29 13:10:57,657 [main] INFO com.utils.CommonUtils - Category Code for Retailer: RET
2022-04-29 13:10:57,679 [main] INFO com.dbrepository.PostGreSQLRepository - Entered webInterface(Retailer)
2022-04-29 13:10:57,680 [main] INFO com.dbrepository.DBConnectionPool - Active Size:0 Cache Size:10
2022-04-29 13:10:57,682 [main] INFO com.dbrepository.PostGreSQLRepository - webInterface() :: select query: Select WEB_INTERFACE_ALLOWED from categories where category_name= ?
2022-04-29 13:10:57,766 [main] INFO com.dbrepository.PostGreSQLRepository - Database Returns: WEB_INTERFACE_ALLOWED (Y)
2022-04-29 13:10:57,768 [main] INFO com.dbrepository.PostGreSQLRepository - Exited webInterface()
2022-04-29 13:10:57,770 [main] INFO angular.feature.C2CBuyRevamp - Entered performC2CBuyMobileBuyerType(Retailer, Super Distributor, 720231342216284, 1357)
2022-04-29 13:10:57,806 [main] INFO angular.classes.LoginRevamp - Login ID Found as: AUT_41726
2022-04-29 13:10:57,808 [main] INFO angular.classes.LoginRevamp - Password Found as: com@2468
2022-04-29 13:10:57,809 [main] INFO angular.feature.C2CBuyRevamp - LOGINID : AUT_41726
2022-04-29 13:10:57,827 [main] INFO angular.classes.LoginRevamp - LoginID found as: AUT_41726
2022-04-29 13:10:57,828 [main] INFO angular.classes.LoginRevamp - Password found as: com@2468
2022-04-29 13:10:57,830 [main] INFO angular.classes.LoginRevamp - Username found as: AUTFN4270 AUTLN3932
2022-04-29 13:10:58,243 [main] INFO angular.pageobjects.loginpages.LoginPageRevamp - Trying to select Language1
2022-04-29 13:10:58,697 [main] INFO angular.pageobjects.loginpages.LoginPageRevamp - Language selected successfully as: English
2022-04-29 13:10:58,699 [main] INFO angular.pageobjects.loginpages.LoginPageRevamp - Trying to enter Login ID3
2022-04-29 13:10:58,859 [main] INFO angular.pageobjects.loginpages.LoginPageRevamp - Login ID entered successfully as: AUT_41726
2022-04-29 13:10:58,861 [main] INFO angular.pageobjects.loginpages.LoginPageRevamp - Trying to enter Password
2022-04-29 13:10:58,998 [main] INFO angular.pageobjects.loginpages.LoginPageRevamp - Password entered successfully as: com@2468
2022-04-29 13:10:58,999 [main] INFO angular.pageobjects.loginpages.LoginPageRevamp - Trying to click Login Button
2022-04-29 13:10:59,082 [main] INFO angular.pageobjects.loginpages.LoginPageRevamp - Login button clicked successfully
2022-04-29 13:10:59,124 [main] INFO angular.pageobjects.loginpages.LoginPageRevamp - Error Message Found on Login Screen: 
2022-04-29 13:11:01,836 [main] INFO angular.pageobjects.c2ctransfer.C2CTransfers - Trying clicking on C2C Heading
2022-04-29 13:11:01,929 [main] INFO angular.pageobjects.c2ctransfer.C2CTransfers - User clicked C2C Heading Link.
2022-04-29 13:11:01,931 [main] INFO angular.pageobjects.c2ctransfer.C2CTransfers - Trying clicking on C2C Transaction Heading
2022-04-29 13:11:02,188 [main] INFO angular.pageobjects.c2ctransfer.C2CTransfers - User clicked C2C Transaction Heading Link.
2022-04-29 13:11:02,190 [main] INFO angular.feature.C2CBuyRevamp - C2C Heading and Transaction Heading is clicked
2022-04-29 13:11:02,192 [main] INFO angular.pageobjects.c2ctransfer.C2CTransfers - Trying clicking on C2C Single Operation Heading
2022-04-29 13:11:02,296 [main] INFO angular.pageobjects.c2ctransfer.C2CTransfers - User clicked C2C Single Operation Heading.
2022-04-29 13:11:02,298 [main] INFO angular.pageobjects.c2ctransfer.C2CTransfers - Trying clicking on C2C Buy Heading
2022-04-29 13:11:02,443 [main] INFO angular.pageobjects.c2ctransfer.C2CTransfers - User clicked C2C Buy Heading.
2022-04-29 13:11:02,445 [main] INFO angular.pageobjects.c2ctransfer.C2CTransfers - Trying clicking on Etopup
2022-04-29 13:11:02,530 [main] INFO angular.pageobjects.c2ctransfer.C2CTransfers - Clicked Etopup.
2022-04-29 13:11:02,532 [main] INFO angular.pageobjects.c2ctransfer.C2CTransfers - Trying to select C2C Buyer Type
2022-04-29 13:11:02,708 [main] INFO angular.pageobjects.c2ctransfer.C2CTransfers - C2C Buyer Type selected : //ng-select[@id='searchBy']//ng-dropdown-panel[contains(@class,'ng-star-inserted')]//span[text()='Mobile Number']
2022-04-29 13:11:02,710 [main] INFO angular.pageobjects.c2ctransfer.C2CTransfers - Entering C2C MSISDN
2022-04-29 13:11:02,861 [main] INFO angular.pageobjects.c2ctransfer.C2CTransfers - Entered C2C MSISDN : 720231342216284
2022-04-29 13:11:12,869 [main] INFO angular.pageobjects.c2ctransfer.C2CTransfers - Trying clicking on PROCEED button on C2C
2022-04-29 13:11:22,989 [main] INFO angular.pageobjects.c2ctransfer.C2CTransfers - Clicked PROCEED button on C2C.
2022-04-29 13:11:23,005 [main] INFO angular.pageobjects.c2ctransfer.C2CTransfers - Trying to initiate C2C Topups
2022-04-29 13:11:43,029 [main] INFO com.classes.BaseTest - org.openqa.selenium.TimeoutException: Expected condition failed: waiting for visibility of element located by By.xpath: //form[@id='control']//label[@class='transfer-e-top-up-to-b'] (tried for 20 second(s) with 500 milliseconds interval)
2022-04-29 13:12:04,083 [main] ERROR com.sshmanager.SSHService - Error while getting SSH Server Instance : com.jcraft.jsch.JSchException: java.net.ConnectException: Connection timed out: connect
2022-04-29 13:12:04,414 [main] INFO angular.testscripts.prereuisitesangular.PreRequisite_C2CReturn_Revamp - ------------------ Test Case Execution Started For A_01_Test_C2CReturnMobileBuyerType -------------------
2022-04-29 13:12:04,414 [main] INFO angular.testscripts.prereuisitesangular.PreRequisite_C2CReturn_Revamp - Entered A_01_Test_C2CReturnMobileBuyerType(Retailer, Dealer, 724699085750159, 1357, Distributor, Super Distributor, SA, 2)
2022-04-29 13:12:04,416 [main] INFO com.dbrepository.DBConnectionPool - Active Size:0 Cache Size:10
2022-04-29 13:12:04,418 [main] INFO com.dbrepository.PostGreSQLRepository - Entered :: getPreference()
2022-04-29 13:12:04,501 [main] INFO com.dbrepository.PostGreSQLRepository - Service Class Preference Not Found
2022-04-29 13:12:04,503 [main] INFO com.dbrepository.PostGreSQLRepository - Trying to get Preference value from Control Preferences
2022-04-29 13:12:04,589 [main] INFO com.dbrepository.PostGreSQLRepository - Query Repository Returns: DEFAULT_VALUE (3)
2022-04-29 13:12:04,661 [main] INFO com.utils.CommonUtils - Category Code for Retailer: RET
2022-04-29 13:12:04,693 [main] INFO com.dbrepository.PostGreSQLRepository - Entered webInterface(Retailer)
2022-04-29 13:12:04,708 [main] INFO com.dbrepository.DBConnectionPool - Active Size:0 Cache Size:10
2022-04-29 13:12:04,710 [main] INFO com.dbrepository.PostGreSQLRepository - webInterface() :: select query: Select WEB_INTERFACE_ALLOWED from categories where category_name= ?
2022-04-29 13:12:04,797 [main] INFO com.dbrepository.PostGreSQLRepository - Database Returns: WEB_INTERFACE_ALLOWED (Y)
2022-04-29 13:12:04,799 [main] INFO com.dbrepository.PostGreSQLRepository - Exited webInterface()
2022-04-29 13:12:04,801 [main] INFO angular.feature.C2CBuyRevamp - Entered performC2CBuyMobileBuyerType(Retailer, Dealer, 724699085750159, 1357)
2022-04-29 13:12:04,837 [main] INFO angular.classes.LoginRevamp - Login ID Found as: AUT_41726
2022-04-29 13:12:04,839 [main] INFO angular.classes.LoginRevamp - Password Found as: com@2468
2022-04-29 13:12:04,840 [main] INFO angular.feature.C2CBuyRevamp - LOGINID : AUT_41726
2022-04-29 13:12:04,861 [main] INFO angular.classes.LoginRevamp - LoginID found as: AUT_41726
2022-04-29 13:12:04,863 [main] INFO angular.classes.LoginRevamp - Password found as: com@2468
2022-04-29 13:12:04,864 [main] INFO angular.classes.LoginRevamp - Username found as: AUTFN4270 AUTLN3932
2022-04-29 13:12:05,364 [main] INFO angular.pageobjects.loginpages.LoginPageRevamp - Trying to select Language1
2022-04-29 13:12:05,955 [main] INFO angular.pageobjects.loginpages.LoginPageRevamp - Language selected successfully as: English
2022-04-29 13:12:05,956 [main] INFO angular.pageobjects.loginpages.LoginPageRevamp - Trying to enter Login ID3
2022-04-29 13:12:06,156 [main] INFO angular.pageobjects.loginpages.LoginPageRevamp - Login ID entered successfully as: AUT_41726
2022-04-29 13:12:06,157 [main] INFO angular.pageobjects.loginpages.LoginPageRevamp - Trying to enter Password
2022-04-29 13:12:06,355 [main] INFO angular.pageobjects.loginpages.LoginPageRevamp - Password entered successfully as: com@2468
2022-04-29 13:12:06,357 [main] INFO angular.pageobjects.loginpages.LoginPageRevamp - Trying to click Login Button
2022-04-29 13:12:06,468 [main] INFO angular.pageobjects.loginpages.LoginPageRevamp - Login button clicked successfully
2022-04-29 13:12:06,516 [main] INFO angular.pageobjects.loginpages.LoginPageRevamp - Error Message Found on Login Screen: 
2022-04-29 13:12:07,867 [main] INFO angular.pageobjects.c2ctransfer.C2CTransfers - Trying clicking on C2C Heading
2022-04-29 13:12:07,992 [main] INFO angular.pageobjects.c2ctransfer.C2CTransfers - User clicked C2C Heading Link.
2022-04-29 13:12:07,997 [main] INFO angular.pageobjects.c2ctransfer.C2CTransfers - Trying clicking on C2C Transaction Heading
2022-04-29 13:12:08,356 [main] INFO angular.pageobjects.c2ctransfer.C2CTransfers - User clicked C2C Transaction Heading Link.
2022-04-29 13:12:08,358 [main] INFO angular.feature.C2CBuyRevamp - C2C Heading and Transaction Heading is clicked
2022-04-29 13:12:08,360 [main] INFO angular.pageobjects.c2ctransfer.C2CTransfers - Trying clicking on C2C Single Operation Heading
2022-04-29 13:12:08,507 [main] INFO angular.pageobjects.c2ctransfer.C2CTransfers - User clicked C2C Single Operation Heading.
2022-04-29 13:12:08,508 [main] INFO angular.pageobjects.c2ctransfer.C2CTransfers - Trying clicking on C2C Buy Heading
2022-04-29 13:12:08,742 [main] INFO angular.pageobjects.c2ctransfer.C2CTransfers - User clicked C2C Buy Heading.
2022-04-29 13:12:08,743 [main] INFO angular.pageobjects.c2ctransfer.C2CTransfers - Trying clicking on Etopup
2022-04-29 13:12:08,843 [main] INFO angular.pageobjects.c2ctransfer.C2CTransfers - Clicked Etopup.
2022-04-29 13:12:08,845 [main] INFO angular.pageobjects.c2ctransfer.C2CTransfers - Trying to select C2C Buyer Type
2022-04-29 13:12:09,059 [main] INFO angular.pageobjects.c2ctransfer.C2CTransfers - C2C Buyer Type selected : //ng-select[@id='searchBy']//ng-dropdown-panel[contains(@class,'ng-star-inserted')]//span[text()='Mobile Number']
2022-04-29 13:12:09,062 [main] INFO angular.pageobjects.c2ctransfer.C2CTransfers - Entering C2C MSISDN
2022-04-29 13:12:09,293 [main] INFO angular.pageobjects.c2ctransfer.C2CTransfers - Entered C2C MSISDN : 724699085750159
2022-04-29 13:12:19,301 [main] INFO angular.pageobjects.c2ctransfer.C2CTransfers - Trying clicking on PROCEED button on C2C
2022-04-29 13:12:29,424 [main] INFO angular.pageobjects.c2ctransfer.C2CTransfers - Clicked PROCEED button on C2C.
2022-04-29 13:12:29,442 [main] INFO angular.pageobjects.c2ctransfer.C2CTransfers - Trying to initiate C2C Topups
2022-04-29 13:12:49,946 [main] INFO com.classes.BaseTest - org.openqa.selenium.TimeoutException: Expected condition failed: waiting for visibility of element located by By.xpath: //form[@id='control']//label[@class='transfer-e-top-up-to-b'] (tried for 20 second(s) with 500 milliseconds interval)
2022-04-29 13:13:10,991 [main] ERROR com.sshmanager.SSHService - Error while getting SSH Server Instance : com.jcraft.jsch.JSchException: java.net.ConnectException: Connection timed out: connect
2022-04-29 13:13:11,287 [main] INFO angular.testscripts.prereuisitesangular.PreRequisite_C2CReturn_Revamp - ------------------ Test Case Execution Started For A_01_Test_C2CReturnMobileBuyerType -------------------
2022-04-29 13:13:11,287 [main] INFO angular.testscripts.prereuisitesangular.PreRequisite_C2CReturn_Revamp - Entered A_01_Test_C2CReturnMobileBuyerType(Retailer, Agent, 728916899742500, 1357, Distributor, Super Distributor, SA, 3)
2022-04-29 13:13:11,288 [main] INFO com.dbrepository.DBConnectionPool - Active Size:0 Cache Size:10
2022-04-29 13:13:11,290 [main] INFO com.dbrepository.PostGreSQLRepository - Entered :: getPreference()
2022-04-29 13:13:11,382 [main] INFO com.dbrepository.PostGreSQLRepository - Service Class Preference Not Found
2022-04-29 13:13:11,384 [main] INFO com.dbrepository.PostGreSQLRepository - Trying to get Preference value from Control Preferences
2022-04-29 13:13:11,478 [main] INFO com.dbrepository.PostGreSQLRepository - Query Repository Returns: DEFAULT_VALUE (3)
2022-04-29 13:13:11,532 [main] INFO com.utils.CommonUtils - Category Code for Retailer: RET
2022-04-29 13:13:11,606 [main] INFO com.dbrepository.PostGreSQLRepository - Entered webInterface(Retailer)
2022-04-29 13:13:11,624 [main] INFO com.dbrepository.DBConnectionPool - Active Size:0 Cache Size:10
2022-04-29 13:13:11,635 [main] INFO com.dbrepository.PostGreSQLRepository - webInterface() :: select query: Select WEB_INTERFACE_ALLOWED from categories where category_name= ?
2022-04-29 13:13:11,721 [main] INFO com.dbrepository.PostGreSQLRepository - Database Returns: WEB_INTERFACE_ALLOWED (Y)
2022-04-29 13:13:11,724 [main] INFO com.dbrepository.PostGreSQLRepository - Exited webInterface()
2022-04-29 13:13:11,727 [main] INFO angular.feature.C2CBuyRevamp - Entered performC2CBuyMobileBuyerType(Retailer, Agent, 728916899742500, 1357)
2022-04-29 13:13:11,830 [main] INFO angular.classes.LoginRevamp - Login ID Found as: AUT_41726
2022-04-29 13:13:11,832 [main] INFO angular.classes.LoginRevamp - Password Found as: com@2468
2022-04-29 13:13:11,834 [main] INFO angular.feature.C2CBuyRevamp - LOGINID : AUT_41726
2022-04-29 13:13:11,859 [main] INFO angular.classes.LoginRevamp - LoginID found as: AUT_41726
2022-04-29 13:13:11,861 [main] INFO angular.classes.LoginRevamp - Password found as: com@2468
2022-04-29 13:13:11,863 [main] INFO angular.classes.LoginRevamp - Username found as: AUTFN4270 AUTLN3932
2022-04-29 13:13:12,429 [main] INFO angular.pageobjects.loginpages.LoginPageRevamp - Trying to select Language1
2022-04-29 13:13:12,796 [main] INFO angular.pageobjects.loginpages.LoginPageRevamp - Language selected successfully as: English
2022-04-29 13:13:12,797 [main] INFO angular.pageobjects.loginpages.LoginPageRevamp - Trying to enter Login ID3
2022-04-29 13:13:12,977 [main] INFO angular.pageobjects.loginpages.LoginPageRevamp - Login ID entered successfully as: AUT_41726
2022-04-29 13:13:12,978 [main] INFO angular.pageobjects.loginpages.LoginPageRevamp - Trying to enter Password
2022-04-29 13:13:13,166 [main] INFO angular.pageobjects.loginpages.LoginPageRevamp - Password entered successfully as: com@2468
2022-04-29 13:13:13,168 [main] INFO angular.pageobjects.loginpages.LoginPageRevamp - Trying to click Login Button
2022-04-29 13:13:13,262 [main] INFO angular.pageobjects.loginpages.LoginPageRevamp - Login button clicked successfully
2022-04-29 13:13:13,331 [main] INFO angular.pageobjects.loginpages.LoginPageRevamp - Error Message Found on Login Screen: 
2022-04-29 13:13:14,585 [main] INFO angular.pageobjects.c2ctransfer.C2CTransfers - Trying clicking on C2C Heading
2022-04-29 13:13:14,800 [main] INFO angular.pageobjects.c2ctransfer.C2CTransfers - User clicked C2C Heading Link.
2022-04-29 13:13:14,814 [main] INFO angular.pageobjects.c2ctransfer.C2CTransfers - Trying clicking on C2C Transaction Heading
2022-04-29 13:13:15,077 [main] INFO angular.pageobjects.c2ctransfer.C2CTransfers - User clicked C2C Transaction Heading Link.
2022-04-29 13:13:15,078 [main] INFO angular.feature.C2CBuyRevamp - C2C Heading and Transaction Heading is clicked
2022-04-29 13:13:15,080 [main] INFO angular.pageobjects.c2ctransfer.C2CTransfers - Trying clicking on C2C Single Operation Heading
2022-04-29 13:13:15,287 [main] INFO angular.pageobjects.c2ctransfer.C2CTransfers - User clicked C2C Single Operation Heading.
2022-04-29 13:13:15,289 [main] INFO angular.pageobjects.c2ctransfer.C2CTransfers - Trying clicking on C2C Buy Heading
2022-04-29 13:13:15,462 [main] INFO angular.pageobjects.c2ctransfer.C2CTransfers - User clicked C2C Buy Heading.
2022-04-29 13:13:15,464 [main] INFO angular.pageobjects.c2ctransfer.C2CTransfers - Trying clicking on Etopup
2022-04-29 13:13:15,587 [main] INFO angular.pageobjects.c2ctransfer.C2CTransfers - Clicked Etopup.
2022-04-29 13:13:15,589 [main] INFO angular.pageobjects.c2ctransfer.C2CTransfers - Trying to select C2C Buyer Type
2022-04-29 13:13:15,876 [main] INFO angular.pageobjects.c2ctransfer.C2CTransfers - C2C Buyer Type selected : //ng-select[@id='searchBy']//ng-dropdown-panel[contains(@class,'ng-star-inserted')]//span[text()='Mobile Number']
2022-04-29 13:13:15,897 [main] INFO angular.pageobjects.c2ctransfer.C2CTransfers - Entering C2C MSISDN
2022-04-29 13:13:16,063 [main] INFO angular.pageobjects.c2ctransfer.C2CTransfers - Entered C2C MSISDN : 728916899742500
2022-04-29 13:13:26,079 [main] INFO angular.pageobjects.c2ctransfer.C2CTransfers - Trying clicking on PROCEED button on C2C
2022-04-29 13:13:36,200 [main] INFO angular.pageobjects.c2ctransfer.C2CTransfers - Clicked PROCEED button on C2C.
2022-04-29 13:13:36,217 [main] INFO angular.pageobjects.c2ctransfer.C2CTransfers - Trying to initiate C2C Topups
2022-04-29 13:13:56,540 [main] INFO com.classes.BaseTest - org.openqa.selenium.TimeoutException: Expected condition failed: waiting for visibility of element located by By.xpath: //form[@id='control']//label[@class='transfer-e-top-up-to-b'] (tried for 20 second(s) with 500 milliseconds interval)
2022-04-29 13:14:17,560 [main] ERROR com.sshmanager.SSHService - Error while getting SSH Server Instance : com.jcraft.jsch.JSchException: java.net.ConnectException: Connection timed out: connect
2022-04-29 13:14:17,930 [main] INFO angular.testscripts.prereuisitesangular.PreRequisite_C2CReturn_Revamp - ------------------ Test Case Execution Started For A_01_Test_C2CReturnMobileBuyerType -------------------
2022-04-29 13:14:17,930 [main] INFO angular.testscripts.prereuisitesangular.PreRequisite_C2CReturn_Revamp - Entered A_01_Test_C2CReturnMobileBuyerType(Dealer, Super Distributor, 720231342216284, 2468, Distributor, Root, AR, 1)
2022-04-29 13:14:17,934 [main] INFO com.dbrepository.DBConnectionPool - Active Size:0 Cache Size:10
2022-04-29 13:14:17,945 [main] INFO com.dbrepository.PostGreSQLRepository - Entered :: getPreference()
2022-04-29 13:14:18,030 [main] INFO com.dbrepository.PostGreSQLRepository - Service Class Preference Not Found
2022-04-29 13:14:18,032 [main] INFO com.dbrepository.PostGreSQLRepository - Trying to get Preference value from Control Preferences
2022-04-29 13:14:18,116 [main] INFO com.dbrepository.PostGreSQLRepository - Query Repository Returns: DEFAULT_VALUE (1)
2022-04-29 13:14:18,246 [main] INFO com.utils.CommonUtils - Category Code for Dealer: SE
2022-04-29 13:14:18,267 [main] INFO com.dbrepository.PostGreSQLRepository - Entered webInterface(Dealer)
2022-04-29 13:14:18,269 [main] INFO com.dbrepository.DBConnectionPool - Active Size:0 Cache Size:10
2022-04-29 13:14:18,271 [main] INFO com.dbrepository.PostGreSQLRepository - webInterface() :: select query: Select WEB_INTERFACE_ALLOWED from categories where category_name= ?
2022-04-29 13:14:18,373 [main] INFO com.dbrepository.PostGreSQLRepository - Database Returns: WEB_INTERFACE_ALLOWED (Y)
2022-04-29 13:14:18,389 [main] INFO com.dbrepository.PostGreSQLRepository - Exited webInterface()
2022-04-29 13:14:18,392 [main] INFO angular.feature.C2CBuyRevamp - Entered performC2CBuyMobileBuyerType(Dealer, Super Distributor, 720231342216284, 2468)
2022-04-29 13:14:18,456 [main] INFO angular.classes.LoginRevamp - Login ID Found as: AUT_19995
2022-04-29 13:14:18,458 [main] INFO angular.classes.LoginRevamp - Password Found as: com@2468
2022-04-29 13:14:18,460 [main] INFO angular.feature.C2CBuyRevamp - LOGINID : AUT_19995
2022-04-29 13:14:18,482 [main] INFO angular.classes.LoginRevamp - LoginID found as: AUT_19995
2022-04-29 13:14:18,484 [main] INFO angular.classes.LoginRevamp - Password found as: com@2468
2022-04-29 13:14:18,486 [main] INFO angular.classes.LoginRevamp - Username found as: AUTFN6751 AUTLN4189
2022-04-29 13:14:18,996 [main] INFO angular.pageobjects.loginpages.LoginPageRevamp - Trying to select Language1
2022-04-29 13:14:19,532 [main] INFO angular.pageobjects.loginpages.LoginPageRevamp - Language selected successfully as: English
2022-04-29 13:14:19,533 [main] INFO angular.pageobjects.loginpages.LoginPageRevamp - Trying to enter Login ID3
2022-04-29 13:14:19,674 [main] INFO angular.pageobjects.loginpages.LoginPageRevamp - Login ID entered successfully as: AUT_19995
2022-04-29 13:14:19,675 [main] INFO angular.pageobjects.loginpages.LoginPageRevamp - Trying to enter Password
2022-04-29 13:14:19,842 [main] INFO angular.pageobjects.loginpages.LoginPageRevamp - Password entered successfully as: com@2468
2022-04-29 13:14:19,844 [main] INFO angular.pageobjects.loginpages.LoginPageRevamp - Trying to click Login Button
2022-04-29 13:14:19,942 [main] INFO angular.pageobjects.loginpages.LoginPageRevamp - Login button clicked successfully
2022-04-29 13:14:20,004 [main] INFO angular.pageobjects.loginpages.LoginPageRevamp - Error Message Found on Login Screen: 
2022-04-29 13:14:21,111 [main] INFO angular.pageobjects.c2ctransfer.C2CTransfers - Trying clicking on C2C Heading
2022-04-29 13:14:21,191 [main] INFO angular.pageobjects.c2ctransfer.C2CTransfers - User clicked C2C Heading Link.
2022-04-29 13:14:21,193 [main] INFO angular.pageobjects.c2ctransfer.C2CTransfers - Trying clicking on C2C Transaction Heading
2022-04-29 13:14:41,626 [main] INFO com.classes.BaseTest - org.openqa.selenium.TimeoutException: Expected condition failed: waiting for visibility of element located by By.xpath: //a[@id= 'c2ctransaction'] (tried for 20 second(s) with 500 milliseconds interval)
2022-04-29 13:15:02,659 [main] ERROR com.sshmanager.SSHService - Error while getting SSH Server Instance : com.jcraft.jsch.JSchException: java.net.ConnectException: Connection timed out: connect
2022-04-29 13:15:03,157 [main] INFO com.utils.ExcelUtility - java.lang.NullPointerException

2022-04-29 13:15:03,300 [main] INFO com.utils.ExcelUtility - java.lang.NullPointerException

2022-04-29 13:15:03,445 [main] INFO com.utils.ExcelUtility - java.lang.NullPointerException

2022-04-29 13:15:03,539 [main] INFO com.utils.ExcelUtility - java.lang.NullPointerException

2022-04-29 13:15:03,576 [main] INFO com.utils.ExcelUtility - java.lang.NullPointerException

2022-04-29 13:15:03,623 [main] INFO com.utils.ExcelUtility - java.lang.NullPointerException

2022-04-29 13:15:03,779 [main] INFO com.dbrepository.PostGreSQLRepository - Entered :: getSystemPreference(TRF_RULE_USER_LEVEL_ALLOW)
2022-04-29 13:15:03,781 [main] INFO com.dbrepository.DBConnectionPool - Active Size:0 Cache Size:10
2022-04-29 13:15:03,864 [main] INFO com.dbrepository.PostGreSQLRepository - Query Repository Returns: DEFAULT_VALUE (true)
2022-04-29 13:15:03,867 [main] INFO angular.testscripts.prereuisitesangular.PreRequisite_C2CReturn_Revamp - ------------------ Test Case Execution Started For A_02_Test_C2CReturnLoginBuyerType -------------------
2022-04-29 13:15:03,867 [main] INFO angular.testscripts.prereuisitesangular.PreRequisite_C2CReturn_Revamp - Entered A_02_Test_C2CReturnLoginBuyerType(Retailer, Agent, 723932049199625, 1357, Distributor, Dealer, SA, 4)
2022-04-29 13:15:03,870 [main] INFO com.dbrepository.DBConnectionPool - Active Size:0 Cache Size:10
2022-04-29 13:15:03,872 [main] INFO com.dbrepository.PostGreSQLRepository - Entered :: getPreference()
2022-04-29 13:15:03,956 [main] INFO com.dbrepository.PostGreSQLRepository - Service Class Preference Not Found
2022-04-29 13:15:03,958 [main] INFO com.dbrepository.PostGreSQLRepository - Trying to get Preference value from Control Preferences
2022-04-29 13:15:04,072 [main] INFO com.dbrepository.PostGreSQLRepository - Query Repository Returns: DEFAULT_VALUE (3)
2022-04-29 13:15:04,177 [main] INFO com.utils.CommonUtils - Category Code for Retailer: RET
2022-04-29 13:15:04,197 [main] INFO com.dbrepository.PostGreSQLRepository - Entered webInterface(Retailer)
2022-04-29 13:15:04,198 [main] INFO com.dbrepository.DBConnectionPool - Active Size:0 Cache Size:10
2022-04-29 13:15:04,200 [main] INFO com.dbrepository.PostGreSQLRepository - webInterface() :: select query: Select WEB_INTERFACE_ALLOWED from categories where category_name= ?
2022-04-29 13:15:04,284 [main] INFO com.dbrepository.PostGreSQLRepository - Database Returns: WEB_INTERFACE_ALLOWED (Y)
2022-04-29 13:15:04,285 [main] INFO com.dbrepository.PostGreSQLRepository - Exited webInterface()
2022-04-29 13:15:04,287 [main] INFO angular.feature.C2CBuyRevamp - Entered performC2CTransfer(Retailer, Agent, 723932049199625, 1357)
2022-04-29 13:15:04,332 [main] INFO angular.classes.LoginRevamp - Login ID Found as: AUT_41726
2022-04-29 13:15:04,334 [main] INFO angular.classes.LoginRevamp - Password Found as: com@2468
2022-04-29 13:15:04,336 [main] INFO angular.feature.C2CBuyRevamp - LOGINID : AUT_41726
2022-04-29 13:15:04,354 [main] INFO angular.classes.LoginRevamp - LoginID found as: AUT_41726
2022-04-29 13:15:04,356 [main] INFO angular.classes.LoginRevamp - Password found as: com@2468
2022-04-29 13:15:04,357 [main] INFO angular.classes.LoginRevamp - Username found as: AUTFN4270 AUTLN3932
2022-04-29 13:15:04,869 [main] INFO angular.pageobjects.loginpages.LoginPageRevamp - Trying to select Language1
2022-04-29 13:15:05,328 [main] INFO angular.pageobjects.loginpages.LoginPageRevamp - Language selected successfully as: English
2022-04-29 13:15:05,330 [main] INFO angular.pageobjects.loginpages.LoginPageRevamp - Trying to enter Login ID3
2022-04-29 13:15:05,517 [main] INFO angular.pageobjects.loginpages.LoginPageRevamp - Login ID entered successfully as: AUT_41726
2022-04-29 13:15:05,518 [main] INFO angular.pageobjects.loginpages.LoginPageRevamp - Trying to enter Password
2022-04-29 13:15:05,692 [main] INFO angular.pageobjects.loginpages.LoginPageRevamp - Password entered successfully as: com@2468
2022-04-29 13:15:05,694 [main] INFO angular.pageobjects.loginpages.LoginPageRevamp - Trying to click Login Button
2022-04-29 13:15:05,791 [main] INFO angular.pageobjects.loginpages.LoginPageRevamp - Login button clicked successfully
2022-04-29 13:15:05,837 [main] INFO angular.pageobjects.loginpages.LoginPageRevamp - Error Message Found on Login Screen: 
2022-04-29 13:15:07,267 [main] INFO angular.pageobjects.c2ctransfer.C2CTransfers - Trying clicking on C2C Heading
2022-04-29 13:15:07,398 [main] INFO angular.pageobjects.c2ctransfer.C2CTransfers - User clicked C2C Heading Link.
2022-04-29 13:15:07,418 [main] INFO angular.pageobjects.c2ctransfer.C2CTransfers - Trying clicking on C2C Transaction Heading
2022-04-29 13:15:07,642 [main] INFO angular.pageobjects.c2ctransfer.C2CTransfers - User clicked C2C Transaction Heading Link.
2022-04-29 13:15:07,643 [main] INFO angular.feature.C2CBuyRevamp - C2C Heading and Transaction Heading is clicked
2022-04-29 13:15:07,645 [main] INFO angular.pageobjects.c2ctransfer.C2CTransfers - Trying clicking on C2C Single Operation Heading
2022-04-29 13:15:07,744 [main] INFO angular.pageobjects.c2ctransfer.C2CTransfers - User clicked C2C Single Operation Heading.
2022-04-29 13:15:07,746 [main] INFO angular.pageobjects.c2ctransfer.C2CTransfers - Trying clicking on C2C Buy Heading
2022-04-29 13:15:07,908 [main] INFO angular.pageobjects.c2ctransfer.C2CTransfers - User clicked C2C Buy Heading.
2022-04-29 13:15:07,910 [main] INFO angular.pageobjects.c2ctransfer.C2CTransfers - Trying clicking on Etopup
2022-04-29 13:15:08,023 [main] INFO angular.pageobjects.c2ctransfer.C2CTransfers - Clicked Etopup.
2022-04-29 13:15:08,024 [main] INFO angular.pageobjects.c2ctransfer.C2CTransfers - Trying to select C2C Buyer Type
2022-04-29 13:15:08,216 [main] INFO angular.pageobjects.c2ctransfer.C2CTransfers - C2C Buyer Type selected : //ng-select[@id='searchBy']//ng-dropdown-panel[contains(@class,'ng-star-inserted')]//span[text()='Login Id']
2022-04-29 13:15:08,219 [main] INFO angular.pageobjects.c2ctransfer.C2CTransfers - Trying to select Category for C2C 
2022-04-29 13:15:08,424 [main] INFO angular.pageobjects.c2ctransfer.C2CTransfers - Selected category : Agent
2022-04-29 13:15:08,426 [main] INFO com.dbrepository.DBConnectionPool - Active Size:0 Cache Size:10
2022-04-29 13:15:08,427 [main] INFO com.dbrepository.PostGreSQLRepository - Entered:: getLoginidFromMsisdn()
2022-04-29 13:15:08,629 [main] INFO com.dbrepository.PostGreSQLRepository - Exception while fetching NAME: 
2022-04-29 13:15:08,629 [main] INFO com.dbrepository.PostGreSQLRepository - org.postgresql.util.PSQLException: ResultSet not positioned properly, perhaps you need to call next.
	at org.postgresql.jdbc.PgResultSet.checkResultSet(PgResultSet.java:2772)
	at org.postgresql.jdbc.PgResultSet.getString(PgResultSet.java:1894)
	at com.mchange.v2.c3p0.impl.NewProxyResultSet.getString(NewProxyResultSet.java:4865)
	at com.dbrepository.PostGreSQLRepository.getLoginidFromMsisdn(PostGreSQLRepository.java:4486)
	at angular.feature.C2CBuyRevamp.performC2CBuyLoginBuyerType(C2CBuyRevamp.java:139)
	at angular.testscripts.prereuisitesangular.PreRequisite_C2CReturn_Revamp.A_02_Test_C2CReturnLoginBuyerType(PreRequisite_C2CReturn_Revamp.java:101)
	at sun.reflect.NativeMethodAccessorImpl.invoke0(Native Method)
	at sun.reflect.NativeMethodAccessorImpl.invoke(Unknown Source)
	at sun.reflect.DelegatingMethodAccessorImpl.invoke(Unknown Source)
	at java.lang.reflect.Method.invoke(Unknown Source)
	at org.testng.internal.MethodInvocationHelper.invokeMethod(MethodInvocationHelper.java:124)
	at org.testng.internal.Invoker.invokeMethod(Invoker.java:580)
	at org.testng.internal.Invoker.invokeTestMethod(Invoker.java:716)
	at org.testng.internal.Invoker.invokeTestMethods(Invoker.java:988)
	at org.testng.internal.TestMethodWorker.invokeTestMethods(TestMethodWorker.java:125)
	at org.testng.internal.TestMethodWorker.run(TestMethodWorker.java:109)
	at org.testng.TestRunner.privateRun(TestRunner.java:648)
	at org.testng.TestRunner.run(TestRunner.java:505)
	at org.testng.SuiteRunner.runTest(SuiteRunner.java:455)
	at org.testng.SuiteRunner.runSequentially(SuiteRunner.java:450)
	at org.testng.SuiteRunner.privateRun(SuiteRunner.java:415)
	at org.testng.SuiteRunner.run(SuiteRunner.java:364)
	at org.testng.SuiteRunnerWorker.runSuite(SuiteRunnerWorker.java:52)
	at org.testng.SuiteRunnerWorker.run(SuiteRunnerWorker.java:84)
	at org.testng.TestNG.runSuitesSequentially(TestNG.java:1208)
	at org.testng.TestNG.runSuitesLocally(TestNG.java:1137)
	at org.testng.TestNG.runSuites(TestNG.java:1049)
	at org.testng.TestNG.run(TestNG.java:1017)
	at org.testng.remote.AbstractRemoteTestNG.run(AbstractRemoteTestNG.java:115)
	at org.testng.remote.RemoteTestNG.initAndRun(RemoteTestNG.java:251)
	at org.testng.remote.RemoteTestNG.main(RemoteTestNG.java:77)

2022-04-29 13:15:08,631 [main] INFO com.dbrepository.PostGreSQLRepository - Query Repository Returns: user_Name (723932049199625)
2022-04-29 13:15:08,633 [main] INFO angular.pageobjects.c2ctransfer.C2CTransfers - Trying to enter Loginid for LOGINID Buyer Type
2022-04-29 13:15:08,740 [main] INFO angular.pageobjects.c2ctransfer.C2CTransfers - Enter Loginid for LOGINID Buyer Type
2022-04-29 13:15:09,743 [main] INFO angular.pageobjects.c2ctransfer.C2CTransfers - Trying clicking on PROCEED button on C2C
2022-04-29 13:15:19,895 [main] INFO angular.pageobjects.c2ctransfer.C2CTransfers - Clicked PROCEED button on C2C.
2022-04-29 13:15:19,920 [main] INFO angular.pageobjects.c2ctransfer.C2CTransfers - Trying to initiate C2C Topups
2022-04-29 13:15:39,984 [main] INFO com.classes.BaseTest - org.openqa.selenium.TimeoutException: Expected condition failed: waiting for visibility of element located by By.xpath: //form[@id='control']//label[@class='transfer-e-top-up-to-b'] (tried for 20 second(s) with 500 milliseconds interval)
2022-04-29 13:16:01,015 [main] ERROR com.sshmanager.SSHService - Error while getting SSH Server Instance : com.jcraft.jsch.JSchException: java.net.ConnectException: Connection timed out: connect
2022-04-29 13:16:01,541 [main] INFO angular.testscripts.prereuisitesangular.PreRequisite_C2CReturn_Revamp - ------------------ Test Case Execution Started For A_02_Test_C2CReturnLoginBuyerType -------------------
2022-04-29 13:16:01,541 [main] INFO angular.testscripts.prereuisitesangular.PreRequisite_C2CReturn_Revamp - Entered A_02_Test_C2CReturnLoginBuyerType(Agent, Super Distributor, 720231342216284, 1357, Distributor, Root, AR, 1)
2022-04-29 13:16:01,543 [main] INFO com.dbrepository.DBConnectionPool - Active Size:0 Cache Size:10
2022-04-29 13:16:01,544 [main] INFO com.dbrepository.PostGreSQLRepository - Entered :: getPreference()
2022-04-29 13:16:01,638 [main] INFO com.dbrepository.PostGreSQLRepository - Service Class Preference Not Found
2022-04-29 13:16:01,641 [main] INFO com.dbrepository.PostGreSQLRepository - Trying to get Preference value from Control Preferences
2022-04-29 13:16:01,730 [main] INFO com.dbrepository.PostGreSQLRepository - Query Repository Returns: DEFAULT_VALUE (1)
2022-04-29 13:16:01,791 [main] INFO com.utils.CommonUtils - Category Code for Agent: AG
2022-04-29 13:16:01,814 [main] INFO com.dbrepository.PostGreSQLRepository - Entered webInterface(Agent)
2022-04-29 13:16:01,817 [main] INFO com.dbrepository.DBConnectionPool - Active Size:0 Cache Size:10
2022-04-29 13:16:01,821 [main] INFO com.dbrepository.PostGreSQLRepository - webInterface() :: select query: Select WEB_INTERFACE_ALLOWED from categories where category_name= ?
2022-04-29 13:16:01,908 [main] INFO com.dbrepository.PostGreSQLRepository - Database Returns: WEB_INTERFACE_ALLOWED (Y)
2022-04-29 13:16:01,912 [main] INFO com.dbrepository.PostGreSQLRepository - Exited webInterface()
2022-04-29 13:16:01,915 [main] INFO angular.feature.C2CBuyRevamp - Entered performC2CTransfer(Agent, Super Distributor, 720231342216284, 1357)
2022-04-29 13:16:01,985 [main] INFO angular.classes.LoginRevamp - Login ID Found as: AUT_08837
2022-04-29 13:16:01,987 [main] INFO angular.classes.LoginRevamp - Password Found as: com@2468
2022-04-29 13:16:01,988 [main] INFO angular.feature.C2CBuyRevamp - LOGINID : AUT_08837
2022-04-29 13:16:02,021 [main] INFO angular.classes.LoginRevamp - LoginID found as: AUT_08837
2022-04-29 13:16:02,024 [main] INFO angular.classes.LoginRevamp - Password found as: com@2468
2022-04-29 13:16:02,025 [main] INFO angular.classes.LoginRevamp - Username found as: AUTFN7086 AUTLN1035
2022-04-29 13:16:03,004 [main] INFO angular.pageobjects.loginpages.LoginPageRevamp - Trying to select Language1
2022-04-29 13:16:03,374 [main] INFO angular.pageobjects.loginpages.LoginPageRevamp - Language selected successfully as: English
2022-04-29 13:16:03,376 [main] INFO angular.pageobjects.loginpages.LoginPageRevamp - Trying to enter Login ID3
2022-04-29 13:16:03,527 [main] INFO angular.pageobjects.loginpages.LoginPageRevamp - Login ID entered successfully as: AUT_08837
2022-04-29 13:16:03,529 [main] INFO angular.pageobjects.loginpages.LoginPageRevamp - Trying to enter Password
2022-04-29 13:16:03,708 [main] INFO angular.pageobjects.loginpages.LoginPageRevamp - Password entered successfully as: com@2468
2022-04-29 13:16:03,710 [main] INFO angular.pageobjects.loginpages.LoginPageRevamp - Trying to click Login Button
2022-04-29 13:16:03,819 [main] INFO angular.pageobjects.loginpages.LoginPageRevamp - Login button clicked successfully
2022-04-29 13:16:03,866 [main] INFO angular.pageobjects.loginpages.LoginPageRevamp - Error Message Found on Login Screen: 
2022-04-29 13:16:04,996 [main] INFO angular.pageobjects.c2ctransfer.C2CTransfers - Trying clicking on C2C Heading
2022-04-29 13:16:05,082 [main] INFO angular.pageobjects.c2ctransfer.C2CTransfers - User clicked C2C Heading Link.
2022-04-29 13:16:05,084 [main] INFO angular.pageobjects.c2ctransfer.C2CTransfers - Trying clicking on C2C Transaction Heading
2022-04-29 13:16:05,227 [main] INFO angular.pageobjects.c2ctransfer.C2CTransfers - User clicked C2C Transaction Heading Link.
2022-04-29 13:16:05,229 [main] INFO angular.feature.C2CBuyRevamp - C2C Heading and Transaction Heading is clicked
2022-04-29 13:16:05,231 [main] INFO angular.pageobjects.c2ctransfer.C2CTransfers - Trying clicking on C2C Single Operation Heading
2022-04-29 13:16:05,320 [main] INFO angular.pageobjects.c2ctransfer.C2CTransfers - User clicked C2C Single Operation Heading.
2022-04-29 13:16:05,323 [main] INFO angular.pageobjects.c2ctransfer.C2CTransfers - Trying clicking on C2C Buy Heading
2022-04-29 13:16:05,466 [main] INFO angular.pageobjects.c2ctransfer.C2CTransfers - User clicked C2C Buy Heading.
2022-04-29 13:16:05,469 [main] INFO angular.pageobjects.c2ctransfer.C2CTransfers - Trying clicking on Etopup
2022-04-29 13:16:05,583 [main] INFO angular.pageobjects.c2ctransfer.C2CTransfers - Clicked Etopup.
2022-04-29 13:16:05,585 [main] INFO angular.pageobjects.c2ctransfer.C2CTransfers - Trying to select C2C Buyer Type
2022-04-29 13:16:05,768 [main] INFO angular.pageobjects.c2ctransfer.C2CTransfers - C2C Buyer Type selected : //ng-select[@id='searchBy']//ng-dropdown-panel[contains(@class,'ng-star-inserted')]//span[text()='Login Id']
2022-04-29 13:16:05,772 [main] INFO angular.pageobjects.c2ctransfer.C2CTransfers - Trying to select Category for C2C 
2022-04-29 13:16:05,977 [main] INFO angular.pageobjects.c2ctransfer.C2CTransfers - Selected category : Super Distributor
2022-04-29 13:16:05,978 [main] INFO com.dbrepository.DBConnectionPool - Active Size:0 Cache Size:10
2022-04-29 13:16:05,981 [main] INFO com.dbrepository.PostGreSQLRepository - Entered:: getLoginidFromMsisdn()
2022-04-29 13:16:06,149 [main] INFO com.dbrepository.PostGreSQLRepository - Exception while fetching NAME: 
2022-04-29 13:16:06,150 [main] INFO com.dbrepository.PostGreSQLRepository - org.postgresql.util.PSQLException: ResultSet not positioned properly, perhaps you need to call next.
	at org.postgresql.jdbc.PgResultSet.checkResultSet(PgResultSet.java:2772)
	at org.postgresql.jdbc.PgResultSet.getString(PgResultSet.java:1894)
	at com.mchange.v2.c3p0.impl.NewProxyResultSet.getString(NewProxyResultSet.java:4865)
	at com.dbrepository.PostGreSQLRepository.getLoginidFromMsisdn(PostGreSQLRepository.java:4486)
	at angular.feature.C2CBuyRevamp.performC2CBuyLoginBuyerType(C2CBuyRevamp.java:139)
	at angular.testscripts.prereuisitesangular.PreRequisite_C2CReturn_Revamp.A_02_Test_C2CReturnLoginBuyerType(PreRequisite_C2CReturn_Revamp.java:101)
	at sun.reflect.NativeMethodAccessorImpl.invoke0(Native Method)
	at sun.reflect.NativeMethodAccessorImpl.invoke(Unknown Source)
	at sun.reflect.DelegatingMethodAccessorImpl.invoke(Unknown Source)
	at java.lang.reflect.Method.invoke(Unknown Source)
	at org.testng.internal.MethodInvocationHelper.invokeMethod(MethodInvocationHelper.java:124)
	at org.testng.internal.Invoker.invokeMethod(Invoker.java:580)
	at org.testng.internal.Invoker.invokeTestMethod(Invoker.java:716)
	at org.testng.internal.Invoker.invokeTestMethods(Invoker.java:988)
	at org.testng.internal.TestMethodWorker.invokeTestMethods(TestMethodWorker.java:125)
	at org.testng.internal.TestMethodWorker.run(TestMethodWorker.java:109)
	at org.testng.TestRunner.privateRun(TestRunner.java:648)
	at org.testng.TestRunner.run(TestRunner.java:505)
	at org.testng.SuiteRunner.runTest(SuiteRunner.java:455)
	at org.testng.SuiteRunner.runSequentially(SuiteRunner.java:450)
	at org.testng.SuiteRunner.privateRun(SuiteRunner.java:415)
	at org.testng.SuiteRunner.run(SuiteRunner.java:364)
	at org.testng.SuiteRunnerWorker.runSuite(SuiteRunnerWorker.java:52)
	at org.testng.SuiteRunnerWorker.run(SuiteRunnerWorker.java:84)
	at org.testng.TestNG.runSuitesSequentially(TestNG.java:1208)
	at org.testng.TestNG.runSuitesLocally(TestNG.java:1137)
	at org.testng.TestNG.runSuites(TestNG.java:1049)
	at org.testng.TestNG.run(TestNG.java:1017)
	at org.testng.remote.AbstractRemoteTestNG.run(AbstractRemoteTestNG.java:115)
	at org.testng.remote.RemoteTestNG.initAndRun(RemoteTestNG.java:251)
	at org.testng.remote.RemoteTestNG.main(RemoteTestNG.java:77)

2022-04-29 13:16:06,152 [main] INFO com.dbrepository.PostGreSQLRepository - Query Repository Returns: user_Name (720231342216284)
2022-04-29 13:16:06,154 [main] INFO angular.pageobjects.c2ctransfer.C2CTransfers - Trying to enter Loginid for LOGINID Buyer Type
2022-04-29 13:16:06,252 [main] INFO angular.pageobjects.c2ctransfer.C2CTransfers - Enter Loginid for LOGINID Buyer Type
2022-04-29 13:16:07,258 [main] INFO angular.pageobjects.c2ctransfer.C2CTransfers - Trying clicking on PROCEED button on C2C
2022-04-29 13:16:17,358 [main] INFO angular.pageobjects.c2ctransfer.C2CTransfers - Clicked PROCEED button on C2C.
2022-04-29 13:16:17,373 [main] INFO angular.pageobjects.c2ctransfer.C2CTransfers - Trying to initiate C2C Topups
2022-04-29 13:16:37,707 [main] INFO com.classes.BaseTest - org.openqa.selenium.TimeoutException: Expected condition failed: waiting for visibility of element located by By.xpath: //form[@id='control']//label[@class='transfer-e-top-up-to-b'] (tried for 20 second(s) with 500 milliseconds interval)
2022-04-29 13:16:58,770 [main] ERROR com.sshmanager.SSHService - Error while getting SSH Server Instance : com.jcraft.jsch.JSchException: java.net.ConnectException: Connection timed out: connect
2022-04-29 13:16:59,084 [main] INFO angular.testscripts.prereuisitesangular.PreRequisite_C2CReturn_Revamp - ------------------ Test Case Execution Started For A_02_Test_C2CReturnLoginBuyerType -------------------
2022-04-29 13:16:59,085 [main] INFO angular.testscripts.prereuisitesangular.PreRequisite_C2CReturn_Revamp - Entered A_02_Test_C2CReturnLoginBuyerType(Agent, Dealer, 724699085750159, 1357, Distributor, Super Distributor, SA, 2)
2022-04-29 13:16:59,087 [main] INFO com.dbrepository.DBConnectionPool - Active Size:0 Cache Size:10
2022-04-29 13:16:59,089 [main] INFO com.dbrepository.PostGreSQLRepository - Entered :: getPreference()
2022-04-29 13:16:59,174 [main] INFO com.dbrepository.PostGreSQLRepository - Service Class Preference Not Found
2022-04-29 13:16:59,176 [main] INFO com.dbrepository.PostGreSQLRepository - Trying to get Preference value from Control Preferences
2022-04-29 13:16:59,260 [main] INFO com.dbrepository.PostGreSQLRepository - Query Repository Returns: DEFAULT_VALUE (3)
2022-04-29 13:16:59,348 [main] INFO com.utils.CommonUtils - Category Code for Agent: AG
2022-04-29 13:16:59,376 [main] INFO com.dbrepository.PostGreSQLRepository - Entered webInterface(Agent)
2022-04-29 13:16:59,378 [main] INFO com.dbrepository.DBConnectionPool - Active Size:0 Cache Size:10
2022-04-29 13:16:59,382 [main] INFO com.dbrepository.PostGreSQLRepository - webInterface() :: select query: Select WEB_INTERFACE_ALLOWED from categories where category_name= ?
2022-04-29 13:16:59,468 [main] INFO com.dbrepository.PostGreSQLRepository - Database Returns: WEB_INTERFACE_ALLOWED (Y)
2022-04-29 13:16:59,471 [main] INFO com.dbrepository.PostGreSQLRepository - Exited webInterface()
2022-04-29 13:16:59,476 [main] INFO angular.feature.C2CBuyRevamp - Entered performC2CTransfer(Agent, Dealer, 724699085750159, 1357)
2022-04-29 13:16:59,546 [main] INFO angular.classes.LoginRevamp - Login ID Found as: AUT_08837
2022-04-29 13:16:59,549 [main] INFO angular.classes.LoginRevamp - Password Found as: com@2468
2022-04-29 13:16:59,551 [main] INFO angular.feature.C2CBuyRevamp - LOGINID : AUT_08837
2022-04-29 13:16:59,583 [main] INFO angular.classes.LoginRevamp - LoginID found as: AUT_08837
2022-04-29 13:16:59,585 [main] INFO angular.classes.LoginRevamp - Password found as: com@2468
2022-04-29 13:16:59,588 [main] INFO angular.classes.LoginRevamp - Username found as: AUTFN7086 AUTLN1035
2022-04-29 13:17:00,166 [main] INFO angular.pageobjects.loginpages.LoginPageRevamp - Trying to select Language1
2022-04-29 13:17:00,683 [main] INFO angular.pageobjects.loginpages.LoginPageRevamp - Language selected successfully as: English
2022-04-29 13:17:00,688 [main] INFO angular.pageobjects.loginpages.LoginPageRevamp - Trying to enter Login ID3
2022-04-29 13:17:00,828 [main] INFO angular.pageobjects.loginpages.LoginPageRevamp - Login ID entered successfully as: AUT_08837
2022-04-29 13:17:00,830 [main] INFO angular.pageobjects.loginpages.LoginPageRevamp - Trying to enter Password
2022-04-29 13:17:01,091 [main] INFO angular.pageobjects.loginpages.LoginPageRevamp - Password entered successfully as: com@2468
2022-04-29 13:17:01,096 [main] INFO angular.pageobjects.loginpages.LoginPageRevamp - Trying to click Login Button
2022-04-29 13:17:01,192 [main] INFO angular.pageobjects.loginpages.LoginPageRevamp - Login button clicked successfully
2022-04-29 13:17:01,243 [main] INFO angular.pageobjects.loginpages.LoginPageRevamp - Error Message Found on Login Screen: 
2022-04-29 13:17:02,664 [main] INFO angular.pageobjects.c2ctransfer.C2CTransfers - Trying clicking on C2C Heading
2022-04-29 13:17:02,741 [main] INFO angular.pageobjects.c2ctransfer.C2CTransfers - User clicked C2C Heading Link.
2022-04-29 13:17:02,743 [main] INFO angular.pageobjects.c2ctransfer.C2CTransfers - Trying clicking on C2C Transaction Heading
2022-04-29 13:17:02,877 [main] INFO angular.pageobjects.c2ctransfer.C2CTransfers - User clicked C2C Transaction Heading Link.
2022-04-29 13:17:02,881 [main] INFO angular.feature.C2CBuyRevamp - C2C Heading and Transaction Heading is clicked
2022-04-29 13:17:02,885 [main] INFO angular.pageobjects.c2ctransfer.C2CTransfers - Trying clicking on C2C Single Operation Heading
2022-04-29 13:17:02,984 [main] INFO angular.pageobjects.c2ctransfer.C2CTransfers - User clicked C2C Single Operation Heading.
2022-04-29 13:17:02,987 [main] INFO angular.pageobjects.c2ctransfer.C2CTransfers - Trying clicking on C2C Buy Heading
2022-04-29 13:17:03,114 [main] INFO angular.pageobjects.c2ctransfer.C2CTransfers - User clicked C2C Buy Heading.
2022-04-29 13:17:03,117 [main] INFO angular.pageobjects.c2ctransfer.C2CTransfers - Trying clicking on Etopup
2022-04-29 13:17:03,220 [main] INFO angular.pageobjects.c2ctransfer.C2CTransfers - Clicked Etopup.
2022-04-29 13:17:03,222 [main] INFO angular.pageobjects.c2ctransfer.C2CTransfers - Trying to select C2C Buyer Type
2022-04-29 13:17:03,411 [main] INFO angular.pageobjects.c2ctransfer.C2CTransfers - C2C Buyer Type selected : //ng-select[@id='searchBy']//ng-dropdown-panel[contains(@class,'ng-star-inserted')]//span[text()='Login Id']
2022-04-29 13:17:03,414 [main] INFO angular.pageobjects.c2ctransfer.C2CTransfers - Trying to select Category for C2C 
2022-04-29 13:17:03,686 [main] INFO angular.pageobjects.c2ctransfer.C2CTransfers - Selected category : Dealer
2022-04-29 13:17:03,689 [main] INFO com.dbrepository.DBConnectionPool - Active Size:0 Cache Size:10
2022-04-29 13:17:03,692 [main] INFO com.dbrepository.PostGreSQLRepository - Entered:: getLoginidFromMsisdn()
2022-04-29 13:17:03,862 [main] INFO com.dbrepository.PostGreSQLRepository - Exception while fetching NAME: 
2022-04-29 13:17:03,862 [main] INFO com.dbrepository.PostGreSQLRepository - org.postgresql.util.PSQLException: ResultSet not positioned properly, perhaps you need to call next.
	at org.postgresql.jdbc.PgResultSet.checkResultSet(PgResultSet.java:2772)
	at org.postgresql.jdbc.PgResultSet.getString(PgResultSet.java:1894)
	at com.mchange.v2.c3p0.impl.NewProxyResultSet.getString(NewProxyResultSet.java:4865)
	at com.dbrepository.PostGreSQLRepository.getLoginidFromMsisdn(PostGreSQLRepository.java:4486)
	at angular.feature.C2CBuyRevamp.performC2CBuyLoginBuyerType(C2CBuyRevamp.java:139)
	at angular.testscripts.prereuisitesangular.PreRequisite_C2CReturn_Revamp.A_02_Test_C2CReturnLoginBuyerType(PreRequisite_C2CReturn_Revamp.java:101)
	at sun.reflect.NativeMethodAccessorImpl.invoke0(Native Method)
	at sun.reflect.NativeMethodAccessorImpl.invoke(Unknown Source)
	at sun.reflect.DelegatingMethodAccessorImpl.invoke(Unknown Source)
	at java.lang.reflect.Method.invoke(Unknown Source)
	at org.testng.internal.MethodInvocationHelper.invokeMethod(MethodInvocationHelper.java:124)
	at org.testng.internal.Invoker.invokeMethod(Invoker.java:580)
	at org.testng.internal.Invoker.invokeTestMethod(Invoker.java:716)
	at org.testng.internal.Invoker.invokeTestMethods(Invoker.java:988)
	at org.testng.internal.TestMethodWorker.invokeTestMethods(TestMethodWorker.java:125)
	at org.testng.internal.TestMethodWorker.run(TestMethodWorker.java:109)
	at org.testng.TestRunner.privateRun(TestRunner.java:648)
	at org.testng.TestRunner.run(TestRunner.java:505)
	at org.testng.SuiteRunner.runTest(SuiteRunner.java:455)
	at org.testng.SuiteRunner.runSequentially(SuiteRunner.java:450)
	at org.testng.SuiteRunner.privateRun(SuiteRunner.java:415)
	at org.testng.SuiteRunner.run(SuiteRunner.java:364)
	at org.testng.SuiteRunnerWorker.runSuite(SuiteRunnerWorker.java:52)
	at org.testng.SuiteRunnerWorker.run(SuiteRunnerWorker.java:84)
	at org.testng.TestNG.runSuitesSequentially(TestNG.java:1208)
	at org.testng.TestNG.runSuitesLocally(TestNG.java:1137)
	at org.testng.TestNG.runSuites(TestNG.java:1049)
	at org.testng.TestNG.run(TestNG.java:1017)
	at org.testng.remote.AbstractRemoteTestNG.run(AbstractRemoteTestNG.java:115)
	at org.testng.remote.RemoteTestNG.initAndRun(RemoteTestNG.java:251)
	at org.testng.remote.RemoteTestNG.main(RemoteTestNG.java:77)

2022-04-29 13:17:03,867 [main] INFO com.dbrepository.PostGreSQLRepository - Query Repository Returns: user_Name (724699085750159)
2022-04-29 13:17:03,870 [main] INFO angular.pageobjects.c2ctransfer.C2CTransfers - Trying to enter Loginid for LOGINID Buyer Type
2022-04-29 13:17:03,979 [main] INFO angular.pageobjects.c2ctransfer.C2CTransfers - Enter Loginid for LOGINID Buyer Type
2022-04-29 13:17:04,991 [main] INFO angular.pageobjects.c2ctransfer.C2CTransfers - Trying clicking on PROCEED button on C2C
2022-04-29 13:17:15,112 [main] INFO angular.pageobjects.c2ctransfer.C2CTransfers - Clicked PROCEED button on C2C.
2022-04-29 13:17:15,134 [main] INFO angular.pageobjects.c2ctransfer.C2CTransfers - Trying to initiate C2C Topups
2022-04-29 13:17:35,414 [main] INFO com.classes.BaseTest - org.openqa.selenium.TimeoutException: Expected condition failed: waiting for visibility of element located by By.xpath: //form[@id='control']//label[@class='transfer-e-top-up-to-b'] (tried for 20 second(s) with 500 milliseconds interval)
2022-04-29 13:17:56,470 [main] ERROR com.sshmanager.SSHService - Error while getting SSH Server Instance : com.jcraft.jsch.JSchException: java.net.ConnectException: Connection timed out: connect
2022-04-29 13:17:56,771 [main] INFO angular.testscripts.prereuisitesangular.PreRequisite_C2CReturn_Revamp - ------------------ Test Case Execution Started For A_02_Test_C2CReturnLoginBuyerType -------------------
2022-04-29 13:17:56,771 [main] INFO angular.testscripts.prereuisitesangular.PreRequisite_C2CReturn_Revamp - Entered A_02_Test_C2CReturnLoginBuyerType(Retailer, Super Distributor, 720231342216284, 1357, Distributor, Root, AR, 1)
2022-04-29 13:17:56,774 [main] INFO com.dbrepository.DBConnectionPool - Active Size:0 Cache Size:10
2022-04-29 13:17:56,778 [main] INFO com.dbrepository.PostGreSQLRepository - Entered :: getPreference()
2022-04-29 13:17:56,861 [main] INFO com.dbrepository.PostGreSQLRepository - Service Class Preference Not Found
2022-04-29 13:17:56,863 [main] INFO com.dbrepository.PostGreSQLRepository - Trying to get Preference value from Control Preferences
2022-04-29 13:17:56,945 [main] INFO com.dbrepository.PostGreSQLRepository - Query Repository Returns: DEFAULT_VALUE (1)
2022-04-29 13:17:57,018 [main] INFO com.utils.CommonUtils - Category Code for Retailer: RET
2022-04-29 13:17:57,053 [main] INFO com.dbrepository.PostGreSQLRepository - Entered webInterface(Retailer)
2022-04-29 13:17:57,057 [main] INFO com.dbrepository.DBConnectionPool - Active Size:0 Cache Size:10
2022-04-29 13:17:57,061 [main] INFO com.dbrepository.PostGreSQLRepository - webInterface() :: select query: Select WEB_INTERFACE_ALLOWED from categories where category_name= ?
2022-04-29 13:17:57,143 [main] INFO com.dbrepository.PostGreSQLRepository - Database Returns: WEB_INTERFACE_ALLOWED (Y)
2022-04-29 13:17:57,145 [main] INFO com.dbrepository.PostGreSQLRepository - Exited webInterface()
2022-04-29 13:17:57,149 [main] INFO angular.feature.C2CBuyRevamp - Entered performC2CTransfer(Retailer, Super Distributor, 720231342216284, 1357)
2022-04-29 13:17:57,227 [main] INFO angular.classes.LoginRevamp - Login ID Found as: AUT_41726
2022-04-29 13:17:57,232 [main] INFO angular.classes.LoginRevamp - Password Found as: com@2468
2022-04-29 13:17:57,236 [main] INFO angular.feature.C2CBuyRevamp - LOGINID : AUT_41726
2022-04-29 13:17:57,292 [main] INFO angular.classes.LoginRevamp - LoginID found as: AUT_41726
2022-04-29 13:17:57,294 [main] INFO angular.classes.LoginRevamp - Password found as: com@2468
2022-04-29 13:17:57,297 [main] INFO angular.classes.LoginRevamp - Username found as: AUTFN4270 AUTLN3932
2022-04-29 13:17:57,746 [main] INFO angular.pageobjects.loginpages.LoginPageRevamp - Trying to select Language1
2022-04-29 13:17:58,178 [main] INFO angular.pageobjects.loginpages.LoginPageRevamp - Language selected successfully as: English
2022-04-29 13:17:58,182 [main] INFO angular.pageobjects.loginpages.LoginPageRevamp - Trying to enter Login ID3
2022-04-29 13:17:58,335 [main] INFO angular.pageobjects.loginpages.LoginPageRevamp - Login ID entered successfully as: AUT_41726
2022-04-29 13:17:58,337 [main] INFO angular.pageobjects.loginpages.LoginPageRevamp - Trying to enter Password
2022-04-29 13:17:58,489 [main] INFO angular.pageobjects.loginpages.LoginPageRevamp - Password entered successfully as: com@2468
2022-04-29 13:17:58,491 [main] INFO angular.pageobjects.loginpages.LoginPageRevamp - Trying to click Login Button
2022-04-29 13:17:58,598 [main] INFO angular.pageobjects.loginpages.LoginPageRevamp - Login button clicked successfully
2022-04-29 13:17:58,650 [main] INFO angular.pageobjects.loginpages.LoginPageRevamp - Error Message Found on Login Screen: 
2022-04-29 13:17:59,778 [main] INFO angular.pageobjects.c2ctransfer.C2CTransfers - Trying clicking on C2C Heading
2022-04-29 13:17:59,861 [main] INFO angular.pageobjects.c2ctransfer.C2CTransfers - User clicked C2C Heading Link.
2022-04-29 13:17:59,872 [main] INFO angular.pageobjects.c2ctransfer.C2CTransfers - Trying clicking on C2C Transaction Heading
2022-04-29 13:18:00,009 [main] INFO angular.pageobjects.c2ctransfer.C2CTransfers - User clicked C2C Transaction Heading Link.
2022-04-29 13:18:00,011 [main] INFO angular.feature.C2CBuyRevamp - C2C Heading and Transaction Heading is clicked
2022-04-29 13:18:00,013 [main] INFO angular.pageobjects.c2ctransfer.C2CTransfers - Trying clicking on C2C Single Operation Heading
2022-04-29 13:18:00,098 [main] INFO angular.pageobjects.c2ctransfer.C2CTransfers - User clicked C2C Single Operation Heading.
2022-04-29 13:18:00,100 [main] INFO angular.pageobjects.c2ctransfer.C2CTransfers - Trying clicking on C2C Buy Heading
2022-04-29 13:18:00,236 [main] INFO angular.pageobjects.c2ctransfer.C2CTransfers - User clicked C2C Buy Heading.
2022-04-29 13:18:00,239 [main] INFO angular.pageobjects.c2ctransfer.C2CTransfers - Trying clicking on Etopup
2022-04-29 13:18:00,334 [main] INFO angular.pageobjects.c2ctransfer.C2CTransfers - Clicked Etopup.
2022-04-29 13:18:00,337 [main] INFO angular.pageobjects.c2ctransfer.C2CTransfers - Trying to select C2C Buyer Type
2022-04-29 13:18:00,522 [main] INFO angular.pageobjects.c2ctransfer.C2CTransfers - C2C Buyer Type selected : //ng-select[@id='searchBy']//ng-dropdown-panel[contains(@class,'ng-star-inserted')]//span[text()='Login Id']
2022-04-29 13:18:00,526 [main] INFO angular.pageobjects.c2ctransfer.C2CTransfers - Trying to select Category for C2C 
2022-04-29 13:18:00,716 [main] INFO angular.pageobjects.c2ctransfer.C2CTransfers - Selected category : Super Distributor
2022-04-29 13:18:00,719 [main] INFO com.dbrepository.DBConnectionPool - Active Size:0 Cache Size:10
2022-04-29 13:18:00,723 [main] INFO com.dbrepository.PostGreSQLRepository - Entered:: getLoginidFromMsisdn()
2022-04-29 13:18:00,885 [main] INFO com.dbrepository.PostGreSQLRepository - Exception while fetching NAME: 
2022-04-29 13:18:00,885 [main] INFO com.dbrepository.PostGreSQLRepository - org.postgresql.util.PSQLException: ResultSet not positioned properly, perhaps you need to call next.
	at org.postgresql.jdbc.PgResultSet.checkResultSet(PgResultSet.java:2772)
	at org.postgresql.jdbc.PgResultSet.getString(PgResultSet.java:1894)
	at com.mchange.v2.c3p0.impl.NewProxyResultSet.getString(NewProxyResultSet.java:4865)
	at com.dbrepository.PostGreSQLRepository.getLoginidFromMsisdn(PostGreSQLRepository.java:4486)
	at angular.feature.C2CBuyRevamp.performC2CBuyLoginBuyerType(C2CBuyRevamp.java:139)
	at angular.testscripts.prereuisitesangular.PreRequisite_C2CReturn_Revamp.A_02_Test_C2CReturnLoginBuyerType(PreRequisite_C2CReturn_Revamp.java:101)
	at sun.reflect.NativeMethodAccessorImpl.invoke0(Native Method)
	at sun.reflect.NativeMethodAccessorImpl.invoke(Unknown Source)
	at sun.reflect.DelegatingMethodAccessorImpl.invoke(Unknown Source)
	at java.lang.reflect.Method.invoke(Unknown Source)
	at org.testng.internal.MethodInvocationHelper.invokeMethod(MethodInvocationHelper.java:124)
	at org.testng.internal.Invoker.invokeMethod(Invoker.java:580)
	at org.testng.internal.Invoker.invokeTestMethod(Invoker.java:716)
	at org.testng.internal.Invoker.invokeTestMethods(Invoker.java:988)
	at org.testng.internal.TestMethodWorker.invokeTestMethods(TestMethodWorker.java:125)
	at org.testng.internal.TestMethodWorker.run(TestMethodWorker.java:109)
	at org.testng.TestRunner.privateRun(TestRunner.java:648)
	at org.testng.TestRunner.run(TestRunner.java:505)
	at org.testng.SuiteRunner.runTest(SuiteRunner.java:455)
	at org.testng.SuiteRunner.runSequentially(SuiteRunner.java:450)
	at org.testng.SuiteRunner.privateRun(SuiteRunner.java:415)
	at org.testng.SuiteRunner.run(SuiteRunner.java:364)
	at org.testng.SuiteRunnerWorker.runSuite(SuiteRunnerWorker.java:52)
	at org.testng.SuiteRunnerWorker.run(SuiteRunnerWorker.java:84)
	at org.testng.TestNG.runSuitesSequentially(TestNG.java:1208)
	at org.testng.TestNG.runSuitesLocally(TestNG.java:1137)
	at org.testng.TestNG.runSuites(TestNG.java:1049)
	at org.testng.TestNG.run(TestNG.java:1017)
	at org.testng.remote.AbstractRemoteTestNG.run(AbstractRemoteTestNG.java:115)
	at org.testng.remote.RemoteTestNG.initAndRun(RemoteTestNG.java:251)
	at org.testng.remote.RemoteTestNG.main(RemoteTestNG.java:77)

2022-04-29 13:18:00,889 [main] INFO com.dbrepository.PostGreSQLRepository - Query Repository Returns: user_Name (720231342216284)
2022-04-29 13:18:00,893 [main] INFO angular.pageobjects.c2ctransfer.C2CTransfers - Trying to enter Loginid for LOGINID Buyer Type
2022-04-29 13:18:00,997 [main] INFO angular.pageobjects.c2ctransfer.C2CTransfers - Enter Loginid for LOGINID Buyer Type
2022-04-29 13:18:02,000 [main] INFO angular.pageobjects.c2ctransfer.C2CTransfers - Trying clicking on PROCEED button on C2C
2022-04-29 13:18:12,100 [main] INFO angular.pageobjects.c2ctransfer.C2CTransfers - Clicked PROCEED button on C2C.
2022-04-29 13:18:12,115 [main] INFO angular.pageobjects.c2ctransfer.C2CTransfers - Trying to initiate C2C Topups
