2022-03-14 13:01:32,383 [main] INFO com.classes.BaseTest - Loading all methods from -masterVO class
2022-03-14 13:01:32,386 [main] INFO com.utils._masterVO - Loading Properties file from: .//src//test//resources//sysconfig//Constant.properties
2022-03-14 13:01:32,390 [main] INFO com.utils._masterVO - Properties File Loaded successfully
2022-03-14 13:01:32,392 [main] INFO com.utils._masterVO - Loading Master Sheet from: src//test//resources//config//DataProvider.xlsx
2022-03-14 13:01:32,985 [main] INFO com.utils._masterVO - Master Sheet Loaded successfully
2022-03-14 13:01:32,988 [main] INFO com.utils._masterVO - Loading Client Library for Client Versioning from: .//src//test//resources//sysconfig//ClientLib.properties
2022-03-14 13:01:32,991 [main] INFO com.utils._masterVO - Client Library Loaded successfully
2022-03-14 13:01:33,259 [main] INFO com.utils._masterVO - loadGeoDomains Map returns ::ZO - AUTbKlI - AUToKa1C
2022-03-14 13:01:33,392 [main] INFO com.utils._masterVO - loadGeoDomains Map returns ::AR - AUT7dba - AUT63dCN
2022-03-14 13:01:33,496 [main] INFO com.utils._masterVO - loadGeoDomains Map returns ::SA - AUTO2Fm - AUTNelnh
2022-03-14 13:01:33,960 [main] INFO com.utils._masterVO - Loading test case file file from: .//src//test//resources//sysconfig//testCaseFile.properties
2022-03-14 13:01:33,977 [main] INFO com.utils._masterVO - Test cases file Loaded successfully
2022-03-14 13:01:33,978 [main] INFO com.utils._masterVO - Loading Web Cases Master file from: .//src//test//resources//config//testCaseFile.properties
2022-03-14 13:01:33,993 [main] INFO com.utils._masterVO - Gateway Cases Master File Loaded successfully
2022-03-14 13:01:34,026 [main] INFO com.dbrepository.DBHandler - Entered Access Handler :: PostGreSQL
2022-03-14 13:01:34,033 [main] INFO com.commons.CacheController - New Cache DAO Loaded :: UPDATECACHE_VER = 1
2022-03-14 13:01:34,060 [MLog-Init-Reporter] INFO com.mchange.v2.log.MLog - MLog clients using log4j logging.
2022-03-14 13:01:34,141 [main] INFO com.mchange.v2.c3p0.C3P0Registry - Initializing c3p0-0.9.5.2 [built 08-December-2015 22:06:04 -0800; debug? true; trace: 10]
2022-03-14 13:01:34,225 [main] INFO com.mchange.v2.c3p0.impl.AbstractPoolBackedDataSource - Initializing c3p0 pool... com.mchange.v2.c3p0.ComboPooledDataSource [ acquireIncrement -> 5, acquireRetryAttempts -> 30, acquireRetryDelay -> 1000, autoCommitOnClose -> false, automaticTestTable -> null, breakAfterAcquireFailure -> false, checkoutTimeout -> 0, connectionCustomizerClassName -> null, connectionTesterClassName -> com.mchange.v2.c3p0.impl.DefaultConnectionTester, contextClassLoaderSource -> caller, dataSourceName -> 1hge9gean11jv9e96ugsjz|407a7f2a, debugUnreturnedConnectionStackTraces -> false, description -> null, driverClass -> org.postgresql.Driver, extensions -> {}, factoryClassLocation -> null, forceIgnoreUnresolvedTransactions -> false, forceSynchronousCheckins -> false, forceUseNamedDriverClass -> false, identityToken -> 1hge9gean11jv9e96ugsjz|407a7f2a, idleConnectionTestPeriod -> 0, initialPoolSize -> 10, jdbcUrl -> jdbc:postgresql://172.30.38.120:5432/pretups_trunk, maxAdministrativeTaskTime -> 0, maxConnectionAge -> 0, maxIdleTime -> 0, maxIdleTimeExcessConnections -> 0, maxPoolSize -> 20, maxStatements -> 0, maxStatementsPerConnection -> 0, minPoolSize -> 10, numHelperThreads -> 3, preferredTestQuery -> null, privilegeSpawnedThreads -> false, properties -> {user=******, password=******}, propertyCycle -> 0, statementCacheNumDeferredCloseThreads -> 0, testConnectionOnCheckin -> false, testConnectionOnCheckout -> false, unreturnedConnectionTimeout -> 0, userOverrides -> {}, usesTraditionalReflectiveProxies -> false ]
2022-03-14 13:01:35,228 [main] INFO com.dbrepository.PostGreSQLRepository - Entered :: getNetworkName()
2022-03-14 13:01:35,391 [main] INFO com.dbrepository.PostGreSQLRepository - Query Repository Returns: Network Name (Network GGN)
2022-03-14 13:01:35,392 [main] INFO com.dbrepository.PostGreSQLRepository - Entered :: getSystemPreference(AMOUNT_MULT_FACTOR)
2022-03-14 13:01:35,395 [main] INFO com.dbrepository.DBConnectionPool - Active Size:1 Cache Size:2
2022-03-14 13:01:35,698 [main] INFO com.dbrepository.PostGreSQLRepository - Query Repository Returns: DEFAULT_VALUE (100)
2022-03-14 13:01:35,700 [main] INFO com.dbrepository.PostGreSQLRepository - Entered :: getSystemPreference(MSISDN_PREFIX_LENGTH)
2022-03-14 13:01:35,702 [main] INFO com.dbrepository.DBConnectionPool - Active Size:2 Cache Size:1
2022-03-14 13:01:35,837 [main] INFO com.dbrepository.PostGreSQLRepository - Query Repository Returns: DEFAULT_VALUE (2)
2022-03-14 13:01:35,838 [main] INFO com.dbrepository.PostGreSQLRepository - Entered :: getSystemPreference(MAX_MSISDN_LENGTH)
2022-03-14 13:01:35,839 [main] INFO com.dbrepository.DBConnectionPool - Active Size:3 Cache Size:0
2022-03-14 13:01:36,272 [main] INFO com.dbrepository.PostGreSQLRepository - Query Repository Returns: DEFAULT_VALUE (15)
2022-03-14 13:01:36,273 [main] INFO com.dbrepository.PostGreSQLRepository - Entered :: getSystemPreference(USER_PRODUCT_MULTIPLE_WALLET)
2022-03-14 13:01:36,274 [main] INFO com.dbrepository.DBConnectionPool - Active Size:4 Cache Size:2
2022-03-14 13:01:36,404 [main] INFO com.dbrepository.PostGreSQLRepository - Query Repository Returns: DEFAULT_VALUE (false)
2022-03-14 13:01:36,405 [main] INFO com.dbrepository.PostGreSQLRepository - Entered :: getSystemPreference(EXTERNAL_DATE_FORMAT)
2022-03-14 13:01:36,407 [main] INFO com.dbrepository.DBConnectionPool - Active Size:5 Cache Size:1
2022-03-14 13:01:36,542 [main] INFO com.dbrepository.PostGreSQLRepository - Query Repository Returns: DEFAULT_VALUE (yyyy/MM/dd)
2022-03-14 13:01:36,544 [main] INFO com.dbrepository.PostGreSQLRepository - Entered :: getSystemPreference(DATE_FORMAT_CAL_JAVA)
2022-03-14 13:01:36,545 [main] INFO com.dbrepository.DBConnectionPool - Active Size:6 Cache Size:0
2022-03-14 13:01:36,912 [main] INFO com.dbrepository.PostGreSQLRepository - Query Repository Returns: DEFAULT_VALUE (yyyy/MM/dd)
2022-03-14 13:01:36,913 [main] INFO com.dbrepository.PostGreSQLRepository - Entered :: getSystemPreference(OTH_COM_CHNL)
2022-03-14 13:01:36,915 [main] INFO com.dbrepository.DBConnectionPool - Active Size:0 Cache Size:9
2022-03-14 13:01:37,051 [main] INFO com.dbrepository.PostGreSQLRepository - Query Repository Returns: DEFAULT_VALUE (false)
2022-03-14 13:01:37,053 [main] INFO com.dbrepository.PostGreSQLRepository - Entered :: getSystemPreference(DW_ALLOWED_GATEWAYS)
2022-03-14 13:01:37,055 [main] INFO com.dbrepository.DBConnectionPool - Active Size:0 Cache Size:9
2022-03-14 13:01:37,256 [main] INFO com.dbrepository.PostGreSQLRepository - Query Repository Returns: DEFAULT_VALUE (null)
2022-03-14 13:01:37,257 [main] INFO com.dbrepository.PostGreSQLRepository - Entered :: getSystemPreference(DEFAULT_LANGUAGE)
2022-03-14 13:01:37,259 [main] INFO com.dbrepository.DBConnectionPool - Active Size:0 Cache Size:9
2022-03-14 13:01:37,462 [main] INFO com.dbrepository.PostGreSQLRepository - Query Repository Returns: DEFAULT_VALUE (en)
2022-03-14 13:01:37,463 [main] INFO com.dbrepository.PostGreSQLRepository - Entered :: getSystemPreference(DEFAULT_COUNTRY)
2022-03-14 13:01:37,465 [main] INFO com.dbrepository.DBConnectionPool - Active Size:0 Cache Size:9
2022-03-14 13:01:37,667 [main] INFO com.dbrepository.PostGreSQLRepository - Query Repository Returns: DEFAULT_VALUE (US)
2022-03-14 13:01:37,669 [main] INFO com.utils._masterVO - Display Locale set to: en_US
2022-03-14 13:01:58,743 [main] ERROR com.sshmanager.SSHService - Error while getting SSH Server Instance : com.jcraft.jsch.JSchException: java.net.ConnectException: Connection timed out: connect
2022-03-14 13:01:58,775 [main] INFO com.utils._masterVO - Loading Messages Resource properties File from: .//src//test//resources//sysconfig//English.properties
2022-03-14 13:01:58,807 [main] INFO com.utils._masterVO - Messages Resource Properties file Loaded successfully
2022-03-14 13:01:58,808 [main] INFO com.utils._masterVO - Loading Messages Resource properties File from: .//src//test//resources//sysconfig//C2S_English.properties
2022-03-14 13:01:58,820 [main] INFO com.utils._masterVO - Messages Resource Properties file Loaded successfully
2022-03-14 13:01:58,821 [main] INFO com.dbrepository.PostGreSQLRepository - Entered getGatewayDetails('EXTGW','USSD','SMSC')
2022-03-14 13:01:58,822 [main] INFO com.dbrepository.DBConnectionPool - Active Size:0 Cache Size:10
2022-03-14 13:01:58,827 [main] INFO com.dbrepository.PostGreSQLRepository - getGatewayDetails() :: select query: SELECT rmg.gateway_code, mg.gateway_type, rmg.login_id, rmg.PASSWORD, rmg.content_type, rmg.service_port, mg.req_password_plain FROM message_gateway mg, req_message_gateway rmg WHERE mg.gateway_code = rmg.gateway_code AND rmg.gateway_code IN ('EXTGW','USSD','SMSC')
2022-03-14 13:01:59,074 [main] INFO com.dbrepository.PostGreSQLRepository - Database Returns: [[Ljava.lang.Object;@291a7e3c[{{EXTGW,EXTGW,pretups,0971500a350af5c3d1c0b12221a0558c,XML,190,Y},{USSD,USSD,pretups,0971500a350af5c3d1c0b12221a0558c,XML,190,Y},{SMSC,SMSC,pretups,0971500a350af5c3d1c0b12221a0558c,PLAIN,190,Y}}]
2022-03-14 13:01:59,076 [main] INFO com.dbrepository.PostGreSQLRepository - Exiting getGatewayDetails()
2022-03-14 13:01:59,079 [main] INFO com.utils._APIUtil - Entered getAPIServices(EXTGW)
2022-03-14 13:01:59,087 [main] INFO com.utils._APIUtil - Exiting getAPIServices([])
2022-03-14 13:01:59,091 [main] INFO com.utils._masterVO - Loading Gateway Cases Master file from: .//src//test//resources//config//GatewayMaster.xlsx
2022-03-14 13:01:59,213 [main] INFO com.utils.ExcelUtility - java.lang.NullPointerException
	at com.utils.ExcelUtility.getCellData(ExcelUtility.java:311)
	at com.utils._masterVO.loadGatewayCases(_masterVO.java:115)
	at com.utils._masterVO.loadExternalServices(_masterVO.java:448)
	at com.utils._masterVO.loadVO(_masterVO.java:81)
	at com.classes.BaseTest.setupReporter(BaseTest.java:85)
	at sun.reflect.NativeMethodAccessorImpl.invoke0(Native Method)
	at sun.reflect.NativeMethodAccessorImpl.invoke(Unknown Source)
	at sun.reflect.DelegatingMethodAccessorImpl.invoke(Unknown Source)
	at java.lang.reflect.Method.invoke(Unknown Source)
	at org.testng.internal.MethodInvocationHelper.invokeMethod(MethodInvocationHelper.java:124)
	at org.testng.internal.MethodInvocationHelper.invokeMethodConsideringTimeout(MethodInvocationHelper.java:59)
	at org.testng.internal.Invoker.invokeConfigurationMethod(Invoker.java:455)
	at org.testng.internal.Invoker.invokeConfigurations(Invoker.java:222)
	at org.testng.internal.Invoker.invokeConfigurations(Invoker.java:142)
	at org.testng.SuiteRunner.privateRun(SuiteRunner.java:401)
	at org.testng.SuiteRunner.run(SuiteRunner.java:364)
	at org.testng.SuiteRunnerWorker.runSuite(SuiteRunnerWorker.java:52)
	at org.testng.SuiteRunnerWorker.run(SuiteRunnerWorker.java:84)
	at org.testng.TestNG.runSuitesSequentially(TestNG.java:1208)
	at org.testng.TestNG.runSuitesLocally(TestNG.java:1137)
	at org.testng.TestNG.runSuites(TestNG.java:1049)
	at org.testng.TestNG.run(TestNG.java:1017)
	at org.testng.remote.AbstractRemoteTestNG.run(AbstractRemoteTestNG.java:115)
	at org.testng.remote.RemoteTestNG.initAndRun(RemoteTestNG.java:251)
	at org.testng.remote.RemoteTestNG.main(RemoteTestNG.java:77)

2022-03-14 13:01:59,219 [main] INFO com.utils.ExcelUtility - java.lang.NullPointerException
	at com.utils.ExcelUtility.getCellData(ExcelUtility.java:311)
	at com.utils._masterVO.loadGatewayCases(_masterVO.java:115)
	at com.utils._masterVO.loadExternalServices(_masterVO.java:448)
	at com.utils._masterVO.loadVO(_masterVO.java:81)
	at com.classes.BaseTest.setupReporter(BaseTest.java:85)
	at sun.reflect.NativeMethodAccessorImpl.invoke0(Native Method)
	at sun.reflect.NativeMethodAccessorImpl.invoke(Unknown Source)
	at sun.reflect.DelegatingMethodAccessorImpl.invoke(Unknown Source)
	at java.lang.reflect.Method.invoke(Unknown Source)
	at org.testng.internal.MethodInvocationHelper.invokeMethod(MethodInvocationHelper.java:124)
	at org.testng.internal.MethodInvocationHelper.invokeMethodConsideringTimeout(MethodInvocationHelper.java:59)
	at org.testng.internal.Invoker.invokeConfigurationMethod(Invoker.java:455)
	at org.testng.internal.Invoker.invokeConfigurations(Invoker.java:222)
	at org.testng.internal.Invoker.invokeConfigurations(Invoker.java:142)
	at org.testng.SuiteRunner.privateRun(SuiteRunner.java:401)
	at org.testng.SuiteRunner.run(SuiteRunner.java:364)
	at org.testng.SuiteRunnerWorker.runSuite(SuiteRunnerWorker.java:52)
	at org.testng.SuiteRunnerWorker.run(SuiteRunnerWorker.java:84)
	at org.testng.TestNG.runSuitesSequentially(TestNG.java:1208)
	at org.testng.TestNG.runSuitesLocally(TestNG.java:1137)
	at org.testng.TestNG.runSuites(TestNG.java:1049)
	at org.testng.TestNG.run(TestNG.java:1017)
	at org.testng.remote.AbstractRemoteTestNG.run(AbstractRemoteTestNG.java:115)
	at org.testng.remote.RemoteTestNG.initAndRun(RemoteTestNG.java:251)
	at org.testng.remote.RemoteTestNG.main(RemoteTestNG.java:77)

2022-03-14 13:01:59,220 [main] INFO com.utils.ExcelUtility - java.lang.NullPointerException
	at com.utils.ExcelUtility.getCellData(ExcelUtility.java:311)
	at com.utils._masterVO.loadGatewayCases(_masterVO.java:115)
	at com.utils._masterVO.loadExternalServices(_masterVO.java:448)
	at com.utils._masterVO.loadVO(_masterVO.java:81)
	at com.classes.BaseTest.setupReporter(BaseTest.java:85)
	at sun.reflect.NativeMethodAccessorImpl.invoke0(Native Method)
	at sun.reflect.NativeMethodAccessorImpl.invoke(Unknown Source)
	at sun.reflect.DelegatingMethodAccessorImpl.invoke(Unknown Source)
	at java.lang.reflect.Method.invoke(Unknown Source)
	at org.testng.internal.MethodInvocationHelper.invokeMethod(MethodInvocationHelper.java:124)
	at org.testng.internal.MethodInvocationHelper.invokeMethodConsideringTimeout(MethodInvocationHelper.java:59)
	at org.testng.internal.Invoker.invokeConfigurationMethod(Invoker.java:455)
	at org.testng.internal.Invoker.invokeConfigurations(Invoker.java:222)
	at org.testng.internal.Invoker.invokeConfigurations(Invoker.java:142)
	at org.testng.SuiteRunner.privateRun(SuiteRunner.java:401)
	at org.testng.SuiteRunner.run(SuiteRunner.java:364)
	at org.testng.SuiteRunnerWorker.runSuite(SuiteRunnerWorker.java:52)
	at org.testng.SuiteRunnerWorker.run(SuiteRunnerWorker.java:84)
	at org.testng.TestNG.runSuitesSequentially(TestNG.java:1208)
	at org.testng.TestNG.runSuitesLocally(TestNG.java:1137)
	at org.testng.TestNG.runSuites(TestNG.java:1049)
	at org.testng.TestNG.run(TestNG.java:1017)
	at org.testng.remote.AbstractRemoteTestNG.run(AbstractRemoteTestNG.java:115)
	at org.testng.remote.RemoteTestNG.initAndRun(RemoteTestNG.java:251)
	at org.testng.remote.RemoteTestNG.main(RemoteTestNG.java:77)

2022-03-14 13:01:59,231 [main] INFO com.utils.ExcelUtility - java.lang.NullPointerException
	at com.utils.ExcelUtility.getCellData(ExcelUtility.java:311)
	at com.utils._masterVO.loadGatewayCases(_masterVO.java:115)
	at com.utils._masterVO.loadExternalServices(_masterVO.java:448)
	at com.utils._masterVO.loadVO(_masterVO.java:81)
	at com.classes.BaseTest.setupReporter(BaseTest.java:85)
	at sun.reflect.NativeMethodAccessorImpl.invoke0(Native Method)
	at sun.reflect.NativeMethodAccessorImpl.invoke(Unknown Source)
	at sun.reflect.DelegatingMethodAccessorImpl.invoke(Unknown Source)
	at java.lang.reflect.Method.invoke(Unknown Source)
	at org.testng.internal.MethodInvocationHelper.invokeMethod(MethodInvocationHelper.java:124)
	at org.testng.internal.MethodInvocationHelper.invokeMethodConsideringTimeout(MethodInvocationHelper.java:59)
	at org.testng.internal.Invoker.invokeConfigurationMethod(Invoker.java:455)
	at org.testng.internal.Invoker.invokeConfigurations(Invoker.java:222)
	at org.testng.internal.Invoker.invokeConfigurations(Invoker.java:142)
	at org.testng.SuiteRunner.privateRun(SuiteRunner.java:401)
	at org.testng.SuiteRunner.run(SuiteRunner.java:364)
	at org.testng.SuiteRunnerWorker.runSuite(SuiteRunnerWorker.java:52)
	at org.testng.SuiteRunnerWorker.run(SuiteRunnerWorker.java:84)
	at org.testng.TestNG.runSuitesSequentially(TestNG.java:1208)
	at org.testng.TestNG.runSuitesLocally(TestNG.java:1137)
	at org.testng.TestNG.runSuites(TestNG.java:1049)
	at org.testng.TestNG.run(TestNG.java:1017)
	at org.testng.remote.AbstractRemoteTestNG.run(AbstractRemoteTestNG.java:115)
	at org.testng.remote.RemoteTestNG.initAndRun(RemoteTestNG.java:251)
	at org.testng.remote.RemoteTestNG.main(RemoteTestNG.java:77)

2022-03-14 13:01:59,255 [main] INFO com.utils.ExcelUtility - java.lang.NullPointerException
	at com.utils.ExcelUtility.getCellData(ExcelUtility.java:311)
	at com.utils._masterVO.loadGatewayCases(_masterVO.java:115)
	at com.utils._masterVO.loadExternalServices(_masterVO.java:448)
	at com.utils._masterVO.loadVO(_masterVO.java:81)
	at com.classes.BaseTest.setupReporter(BaseTest.java:85)
	at sun.reflect.NativeMethodAccessorImpl.invoke0(Native Method)
	at sun.reflect.NativeMethodAccessorImpl.invoke(Unknown Source)
	at sun.reflect.DelegatingMethodAccessorImpl.invoke(Unknown Source)
	at java.lang.reflect.Method.invoke(Unknown Source)
	at org.testng.internal.MethodInvocationHelper.invokeMethod(MethodInvocationHelper.java:124)
	at org.testng.internal.MethodInvocationHelper.invokeMethodConsideringTimeout(MethodInvocationHelper.java:59)
	at org.testng.internal.Invoker.invokeConfigurationMethod(Invoker.java:455)
	at org.testng.internal.Invoker.invokeConfigurations(Invoker.java:222)
	at org.testng.internal.Invoker.invokeConfigurations(Invoker.java:142)
	at org.testng.SuiteRunner.privateRun(SuiteRunner.java:401)
	at org.testng.SuiteRunner.run(SuiteRunner.java:364)
	at org.testng.SuiteRunnerWorker.runSuite(SuiteRunnerWorker.java:52)
	at org.testng.SuiteRunnerWorker.run(SuiteRunnerWorker.java:84)
	at org.testng.TestNG.runSuitesSequentially(TestNG.java:1208)
	at org.testng.TestNG.runSuitesLocally(TestNG.java:1137)
	at org.testng.TestNG.runSuites(TestNG.java:1049)
	at org.testng.TestNG.run(TestNG.java:1017)
	at org.testng.remote.AbstractRemoteTestNG.run(AbstractRemoteTestNG.java:115)
	at org.testng.remote.RemoteTestNG.initAndRun(RemoteTestNG.java:251)
	at org.testng.remote.RemoteTestNG.main(RemoteTestNG.java:77)

2022-03-14 13:01:59,272 [main] INFO com.utils.ExcelUtility - java.lang.NullPointerException
	at com.utils.ExcelUtility.getCellData(ExcelUtility.java:311)
	at com.utils._masterVO.loadGatewayCases(_masterVO.java:115)
	at com.utils._masterVO.loadExternalServices(_masterVO.java:448)
	at com.utils._masterVO.loadVO(_masterVO.java:81)
	at com.classes.BaseTest.setupReporter(BaseTest.java:85)
	at sun.reflect.NativeMethodAccessorImpl.invoke0(Native Method)
	at sun.reflect.NativeMethodAccessorImpl.invoke(Unknown Source)
	at sun.reflect.DelegatingMethodAccessorImpl.invoke(Unknown Source)
	at java.lang.reflect.Method.invoke(Unknown Source)
	at org.testng.internal.MethodInvocationHelper.invokeMethod(MethodInvocationHelper.java:124)
	at org.testng.internal.MethodInvocationHelper.invokeMethodConsideringTimeout(MethodInvocationHelper.java:59)
	at org.testng.internal.Invoker.invokeConfigurationMethod(Invoker.java:455)
	at org.testng.internal.Invoker.invokeConfigurations(Invoker.java:222)
	at org.testng.internal.Invoker.invokeConfigurations(Invoker.java:142)
	at org.testng.SuiteRunner.privateRun(SuiteRunner.java:401)
	at org.testng.SuiteRunner.run(SuiteRunner.java:364)
	at org.testng.SuiteRunnerWorker.runSuite(SuiteRunnerWorker.java:52)
	at org.testng.SuiteRunnerWorker.run(SuiteRunnerWorker.java:84)
	at org.testng.TestNG.runSuitesSequentially(TestNG.java:1208)
	at org.testng.TestNG.runSuitesLocally(TestNG.java:1137)
	at org.testng.TestNG.runSuites(TestNG.java:1049)
	at org.testng.TestNG.run(TestNG.java:1017)
	at org.testng.remote.AbstractRemoteTestNG.run(AbstractRemoteTestNG.java:115)
	at org.testng.remote.RemoteTestNG.initAndRun(RemoteTestNG.java:251)
	at org.testng.remote.RemoteTestNG.main(RemoteTestNG.java:77)

2022-03-14 13:01:59,272 [main] INFO com.utils.ExcelUtility - java.lang.NullPointerException
	at com.utils.ExcelUtility.getCellData(ExcelUtility.java:311)
	at com.utils._masterVO.loadGatewayCases(_masterVO.java:115)
	at com.utils._masterVO.loadExternalServices(_masterVO.java:448)
	at com.utils._masterVO.loadVO(_masterVO.java:81)
	at com.classes.BaseTest.setupReporter(BaseTest.java:85)
	at sun.reflect.NativeMethodAccessorImpl.invoke0(Native Method)
	at sun.reflect.NativeMethodAccessorImpl.invoke(Unknown Source)
	at sun.reflect.DelegatingMethodAccessorImpl.invoke(Unknown Source)
	at java.lang.reflect.Method.invoke(Unknown Source)
	at org.testng.internal.MethodInvocationHelper.invokeMethod(MethodInvocationHelper.java:124)
	at org.testng.internal.MethodInvocationHelper.invokeMethodConsideringTimeout(MethodInvocationHelper.java:59)
	at org.testng.internal.Invoker.invokeConfigurationMethod(Invoker.java:455)
	at org.testng.internal.Invoker.invokeConfigurations(Invoker.java:222)
	at org.testng.internal.Invoker.invokeConfigurations(Invoker.java:142)
	at org.testng.SuiteRunner.privateRun(SuiteRunner.java:401)
	at org.testng.SuiteRunner.run(SuiteRunner.java:364)
	at org.testng.SuiteRunnerWorker.runSuite(SuiteRunnerWorker.java:52)
	at org.testng.SuiteRunnerWorker.run(SuiteRunnerWorker.java:84)
	at org.testng.TestNG.runSuitesSequentially(TestNG.java:1208)
	at org.testng.TestNG.runSuitesLocally(TestNG.java:1137)
	at org.testng.TestNG.runSuites(TestNG.java:1049)
	at org.testng.TestNG.run(TestNG.java:1017)
	at org.testng.remote.AbstractRemoteTestNG.run(AbstractRemoteTestNG.java:115)
	at org.testng.remote.RemoteTestNG.initAndRun(RemoteTestNG.java:251)
	at org.testng.remote.RemoteTestNG.main(RemoteTestNG.java:77)

2022-03-14 13:01:59,279 [main] INFO com.utils.ExcelUtility - java.lang.NullPointerException
	at com.utils.ExcelUtility.getCellData(ExcelUtility.java:311)
	at com.utils._masterVO.loadGatewayCases(_masterVO.java:115)
	at com.utils._masterVO.loadExternalServices(_masterVO.java:448)
	at com.utils._masterVO.loadVO(_masterVO.java:81)
	at com.classes.BaseTest.setupReporter(BaseTest.java:85)
	at sun.reflect.NativeMethodAccessorImpl.invoke0(Native Method)
	at sun.reflect.NativeMethodAccessorImpl.invoke(Unknown Source)
	at sun.reflect.DelegatingMethodAccessorImpl.invoke(Unknown Source)
	at java.lang.reflect.Method.invoke(Unknown Source)
	at org.testng.internal.MethodInvocationHelper.invokeMethod(MethodInvocationHelper.java:124)
	at org.testng.internal.MethodInvocationHelper.invokeMethodConsideringTimeout(MethodInvocationHelper.java:59)
	at org.testng.internal.Invoker.invokeConfigurationMethod(Invoker.java:455)
	at org.testng.internal.Invoker.invokeConfigurations(Invoker.java:222)
	at org.testng.internal.Invoker.invokeConfigurations(Invoker.java:142)
	at org.testng.SuiteRunner.privateRun(SuiteRunner.java:401)
	at org.testng.SuiteRunner.run(SuiteRunner.java:364)
	at org.testng.SuiteRunnerWorker.runSuite(SuiteRunnerWorker.java:52)
	at org.testng.SuiteRunnerWorker.run(SuiteRunnerWorker.java:84)
	at org.testng.TestNG.runSuitesSequentially(TestNG.java:1208)
	at org.testng.TestNG.runSuitesLocally(TestNG.java:1137)
	at org.testng.TestNG.runSuites(TestNG.java:1049)
	at org.testng.TestNG.run(TestNG.java:1017)
	at org.testng.remote.AbstractRemoteTestNG.run(AbstractRemoteTestNG.java:115)
	at org.testng.remote.RemoteTestNG.initAndRun(RemoteTestNG.java:251)
	at org.testng.remote.RemoteTestNG.main(RemoteTestNG.java:77)

2022-03-14 13:01:59,280 [main] INFO com.utils.ExcelUtility - java.lang.NullPointerException
	at com.utils.ExcelUtility.getCellData(ExcelUtility.java:311)
	at com.utils._masterVO.loadGatewayCases(_masterVO.java:115)
	at com.utils._masterVO.loadExternalServices(_masterVO.java:448)
	at com.utils._masterVO.loadVO(_masterVO.java:81)
	at com.classes.BaseTest.setupReporter(BaseTest.java:85)
	at sun.reflect.NativeMethodAccessorImpl.invoke0(Native Method)
	at sun.reflect.NativeMethodAccessorImpl.invoke(Unknown Source)
	at sun.reflect.DelegatingMethodAccessorImpl.invoke(Unknown Source)
	at java.lang.reflect.Method.invoke(Unknown Source)
	at org.testng.internal.MethodInvocationHelper.invokeMethod(MethodInvocationHelper.java:124)
	at org.testng.internal.MethodInvocationHelper.invokeMethodConsideringTimeout(MethodInvocationHelper.java:59)
	at org.testng.internal.Invoker.invokeConfigurationMethod(Invoker.java:455)
	at org.testng.internal.Invoker.invokeConfigurations(Invoker.java:222)
	at org.testng.internal.Invoker.invokeConfigurations(Invoker.java:142)
	at org.testng.SuiteRunner.privateRun(SuiteRunner.java:401)
	at org.testng.SuiteRunner.run(SuiteRunner.java:364)
	at org.testng.SuiteRunnerWorker.runSuite(SuiteRunnerWorker.java:52)
	at org.testng.SuiteRunnerWorker.run(SuiteRunnerWorker.java:84)
	at org.testng.TestNG.runSuitesSequentially(TestNG.java:1208)
	at org.testng.TestNG.runSuitesLocally(TestNG.java:1137)
	at org.testng.TestNG.runSuites(TestNG.java:1049)
	at org.testng.TestNG.run(TestNG.java:1017)
	at org.testng.remote.AbstractRemoteTestNG.run(AbstractRemoteTestNG.java:115)
	at org.testng.remote.RemoteTestNG.initAndRun(RemoteTestNG.java:251)
	at org.testng.remote.RemoteTestNG.main(RemoteTestNG.java:77)

2022-03-14 13:01:59,280 [main] INFO com.utils.ExcelUtility - java.lang.NullPointerException
	at com.utils.ExcelUtility.getCellData(ExcelUtility.java:311)
	at com.utils._masterVO.loadGatewayCases(_masterVO.java:115)
	at com.utils._masterVO.loadExternalServices(_masterVO.java:448)
	at com.utils._masterVO.loadVO(_masterVO.java:81)
	at com.classes.BaseTest.setupReporter(BaseTest.java:85)
	at sun.reflect.NativeMethodAccessorImpl.invoke0(Native Method)
	at sun.reflect.NativeMethodAccessorImpl.invoke(Unknown Source)
	at sun.reflect.DelegatingMethodAccessorImpl.invoke(Unknown Source)
	at java.lang.reflect.Method.invoke(Unknown Source)
	at org.testng.internal.MethodInvocationHelper.invokeMethod(MethodInvocationHelper.java:124)
	at org.testng.internal.MethodInvocationHelper.invokeMethodConsideringTimeout(MethodInvocationHelper.java:59)
	at org.testng.internal.Invoker.invokeConfigurationMethod(Invoker.java:455)
	at org.testng.internal.Invoker.invokeConfigurations(Invoker.java:222)
	at org.testng.internal.Invoker.invokeConfigurations(Invoker.java:142)
	at org.testng.SuiteRunner.privateRun(SuiteRunner.java:401)
	at org.testng.SuiteRunner.run(SuiteRunner.java:364)
	at org.testng.SuiteRunnerWorker.runSuite(SuiteRunnerWorker.java:52)
	at org.testng.SuiteRunnerWorker.run(SuiteRunnerWorker.java:84)
	at org.testng.TestNG.runSuitesSequentially(TestNG.java:1208)
	at org.testng.TestNG.runSuitesLocally(TestNG.java:1137)
	at org.testng.TestNG.runSuites(TestNG.java:1049)
	at org.testng.TestNG.run(TestNG.java:1017)
	at org.testng.remote.AbstractRemoteTestNG.run(AbstractRemoteTestNG.java:115)
	at org.testng.remote.RemoteTestNG.initAndRun(RemoteTestNG.java:251)
	at org.testng.remote.RemoteTestNG.main(RemoteTestNG.java:77)

2022-03-14 13:01:59,281 [main] INFO com.utils.ExcelUtility - java.lang.NullPointerException
	at com.utils.ExcelUtility.getCellData(ExcelUtility.java:311)
	at com.utils._masterVO.loadGatewayCases(_masterVO.java:115)
	at com.utils._masterVO.loadExternalServices(_masterVO.java:448)
	at com.utils._masterVO.loadVO(_masterVO.java:81)
	at com.classes.BaseTest.setupReporter(BaseTest.java:85)
	at sun.reflect.NativeMethodAccessorImpl.invoke0(Native Method)
	at sun.reflect.NativeMethodAccessorImpl.invoke(Unknown Source)
	at sun.reflect.DelegatingMethodAccessorImpl.invoke(Unknown Source)
	at java.lang.reflect.Method.invoke(Unknown Source)
	at org.testng.internal.MethodInvocationHelper.invokeMethod(MethodInvocationHelper.java:124)
	at org.testng.internal.MethodInvocationHelper.invokeMethodConsideringTimeout(MethodInvocationHelper.java:59)
	at org.testng.internal.Invoker.invokeConfigurationMethod(Invoker.java:455)
	at org.testng.internal.Invoker.invokeConfigurations(Invoker.java:222)
	at org.testng.internal.Invoker.invokeConfigurations(Invoker.java:142)
	at org.testng.SuiteRunner.privateRun(SuiteRunner.java:401)
	at org.testng.SuiteRunner.run(SuiteRunner.java:364)
	at org.testng.SuiteRunnerWorker.runSuite(SuiteRunnerWorker.java:52)
	at org.testng.SuiteRunnerWorker.run(SuiteRunnerWorker.java:84)
	at org.testng.TestNG.runSuitesSequentially(TestNG.java:1208)
	at org.testng.TestNG.runSuitesLocally(TestNG.java:1137)
	at org.testng.TestNG.runSuites(TestNG.java:1049)
	at org.testng.TestNG.run(TestNG.java:1017)
	at org.testng.remote.AbstractRemoteTestNG.run(AbstractRemoteTestNG.java:115)
	at org.testng.remote.RemoteTestNG.initAndRun(RemoteTestNG.java:251)
	at org.testng.remote.RemoteTestNG.main(RemoteTestNG.java:77)

2022-03-14 13:01:59,283 [main] INFO com.utils.ExcelUtility - java.lang.NullPointerException
	at com.utils.ExcelUtility.getCellData(ExcelUtility.java:311)
	at com.utils._masterVO.loadGatewayCases(_masterVO.java:115)
	at com.utils._masterVO.loadExternalServices(_masterVO.java:448)
	at com.utils._masterVO.loadVO(_masterVO.java:81)
	at com.classes.BaseTest.setupReporter(BaseTest.java:85)
	at sun.reflect.NativeMethodAccessorImpl.invoke0(Native Method)
	at sun.reflect.NativeMethodAccessorImpl.invoke(Unknown Source)
	at sun.reflect.DelegatingMethodAccessorImpl.invoke(Unknown Source)
	at java.lang.reflect.Method.invoke(Unknown Source)
	at org.testng.internal.MethodInvocationHelper.invokeMethod(MethodInvocationHelper.java:124)
	at org.testng.internal.MethodInvocationHelper.invokeMethodConsideringTimeout(MethodInvocationHelper.java:59)
	at org.testng.internal.Invoker.invokeConfigurationMethod(Invoker.java:455)
	at org.testng.internal.Invoker.invokeConfigurations(Invoker.java:222)
	at org.testng.internal.Invoker.invokeConfigurations(Invoker.java:142)
	at org.testng.SuiteRunner.privateRun(SuiteRunner.java:401)
	at org.testng.SuiteRunner.run(SuiteRunner.java:364)
	at org.testng.SuiteRunnerWorker.runSuite(SuiteRunnerWorker.java:52)
	at org.testng.SuiteRunnerWorker.run(SuiteRunnerWorker.java:84)
	at org.testng.TestNG.runSuitesSequentially(TestNG.java:1208)
	at org.testng.TestNG.runSuitesLocally(TestNG.java:1137)
	at org.testng.TestNG.runSuites(TestNG.java:1049)
	at org.testng.TestNG.run(TestNG.java:1017)
	at org.testng.remote.AbstractRemoteTestNG.run(AbstractRemoteTestNG.java:115)
	at org.testng.remote.RemoteTestNG.initAndRun(RemoteTestNG.java:251)
	at org.testng.remote.RemoteTestNG.main(RemoteTestNG.java:77)

2022-03-14 13:01:59,284 [main] INFO com.utils.ExcelUtility - java.lang.NullPointerException
	at com.utils.ExcelUtility.getCellData(ExcelUtility.java:311)
	at com.utils._masterVO.loadGatewayCases(_masterVO.java:115)
	at com.utils._masterVO.loadExternalServices(_masterVO.java:448)
	at com.utils._masterVO.loadVO(_masterVO.java:81)
	at com.classes.BaseTest.setupReporter(BaseTest.java:85)
	at sun.reflect.NativeMethodAccessorImpl.invoke0(Native Method)
	at sun.reflect.NativeMethodAccessorImpl.invoke(Unknown Source)
	at sun.reflect.DelegatingMethodAccessorImpl.invoke(Unknown Source)
	at java.lang.reflect.Method.invoke(Unknown Source)
	at org.testng.internal.MethodInvocationHelper.invokeMethod(MethodInvocationHelper.java:124)
	at org.testng.internal.MethodInvocationHelper.invokeMethodConsideringTimeout(MethodInvocationHelper.java:59)
	at org.testng.internal.Invoker.invokeConfigurationMethod(Invoker.java:455)
	at org.testng.internal.Invoker.invokeConfigurations(Invoker.java:222)
	at org.testng.internal.Invoker.invokeConfigurations(Invoker.java:142)
	at org.testng.SuiteRunner.privateRun(SuiteRunner.java:401)
	at org.testng.SuiteRunner.run(SuiteRunner.java:364)
	at org.testng.SuiteRunnerWorker.runSuite(SuiteRunnerWorker.java:52)
	at org.testng.SuiteRunnerWorker.run(SuiteRunnerWorker.java:84)
	at org.testng.TestNG.runSuitesSequentially(TestNG.java:1208)
	at org.testng.TestNG.runSuitesLocally(TestNG.java:1137)
	at org.testng.TestNG.runSuites(TestNG.java:1049)
	at org.testng.TestNG.run(TestNG.java:1017)
	at org.testng.remote.AbstractRemoteTestNG.run(AbstractRemoteTestNG.java:115)
	at org.testng.remote.RemoteTestNG.initAndRun(RemoteTestNG.java:251)
	at org.testng.remote.RemoteTestNG.main(RemoteTestNG.java:77)

2022-03-14 13:01:59,285 [main] INFO com.utils.ExcelUtility - java.lang.NullPointerException
	at com.utils.ExcelUtility.getCellData(ExcelUtility.java:311)
	at com.utils._masterVO.loadGatewayCases(_masterVO.java:115)
	at com.utils._masterVO.loadExternalServices(_masterVO.java:448)
	at com.utils._masterVO.loadVO(_masterVO.java:81)
	at com.classes.BaseTest.setupReporter(BaseTest.java:85)
	at sun.reflect.NativeMethodAccessorImpl.invoke0(Native Method)
	at sun.reflect.NativeMethodAccessorImpl.invoke(Unknown Source)
	at sun.reflect.DelegatingMethodAccessorImpl.invoke(Unknown Source)
	at java.lang.reflect.Method.invoke(Unknown Source)
	at org.testng.internal.MethodInvocationHelper.invokeMethod(MethodInvocationHelper.java:124)
	at org.testng.internal.MethodInvocationHelper.invokeMethodConsideringTimeout(MethodInvocationHelper.java:59)
	at org.testng.internal.Invoker.invokeConfigurationMethod(Invoker.java:455)
	at org.testng.internal.Invoker.invokeConfigurations(Invoker.java:222)
	at org.testng.internal.Invoker.invokeConfigurations(Invoker.java:142)
	at org.testng.SuiteRunner.privateRun(SuiteRunner.java:401)
	at org.testng.SuiteRunner.run(SuiteRunner.java:364)
	at org.testng.SuiteRunnerWorker.runSuite(SuiteRunnerWorker.java:52)
	at org.testng.SuiteRunnerWorker.run(SuiteRunnerWorker.java:84)
	at org.testng.TestNG.runSuitesSequentially(TestNG.java:1208)
	at org.testng.TestNG.runSuitesLocally(TestNG.java:1137)
	at org.testng.TestNG.runSuites(TestNG.java:1049)
	at org.testng.TestNG.run(TestNG.java:1017)
	at org.testng.remote.AbstractRemoteTestNG.run(AbstractRemoteTestNG.java:115)
	at org.testng.remote.RemoteTestNG.initAndRun(RemoteTestNG.java:251)
	at org.testng.remote.RemoteTestNG.main(RemoteTestNG.java:77)

2022-03-14 13:01:59,286 [main] INFO com.utils.ExcelUtility - java.lang.NullPointerException
	at com.utils.ExcelUtility.getCellData(ExcelUtility.java:311)
	at com.utils._masterVO.loadGatewayCases(_masterVO.java:115)
	at com.utils._masterVO.loadExternalServices(_masterVO.java:448)
	at com.utils._masterVO.loadVO(_masterVO.java:81)
	at com.classes.BaseTest.setupReporter(BaseTest.java:85)
	at sun.reflect.NativeMethodAccessorImpl.invoke0(Native Method)
	at sun.reflect.NativeMethodAccessorImpl.invoke(Unknown Source)
	at sun.reflect.DelegatingMethodAccessorImpl.invoke(Unknown Source)
	at java.lang.reflect.Method.invoke(Unknown Source)
	at org.testng.internal.MethodInvocationHelper.invokeMethod(MethodInvocationHelper.java:124)
	at org.testng.internal.MethodInvocationHelper.invokeMethodConsideringTimeout(MethodInvocationHelper.java:59)
	at org.testng.internal.Invoker.invokeConfigurationMethod(Invoker.java:455)
	at org.testng.internal.Invoker.invokeConfigurations(Invoker.java:222)
	at org.testng.internal.Invoker.invokeConfigurations(Invoker.java:142)
	at org.testng.SuiteRunner.privateRun(SuiteRunner.java:401)
	at org.testng.SuiteRunner.run(SuiteRunner.java:364)
	at org.testng.SuiteRunnerWorker.runSuite(SuiteRunnerWorker.java:52)
	at org.testng.SuiteRunnerWorker.run(SuiteRunnerWorker.java:84)
	at org.testng.TestNG.runSuitesSequentially(TestNG.java:1208)
	at org.testng.TestNG.runSuitesLocally(TestNG.java:1137)
	at org.testng.TestNG.runSuites(TestNG.java:1049)
	at org.testng.TestNG.run(TestNG.java:1017)
	at org.testng.remote.AbstractRemoteTestNG.run(AbstractRemoteTestNG.java:115)
	at org.testng.remote.RemoteTestNG.initAndRun(RemoteTestNG.java:251)
	at org.testng.remote.RemoteTestNG.main(RemoteTestNG.java:77)

2022-03-14 13:01:59,317 [main] INFO com.utils.ExcelUtility - java.lang.NullPointerException
	at com.utils.ExcelUtility.getCellData(ExcelUtility.java:311)
	at com.utils._masterVO.loadGatewayCases(_masterVO.java:115)
	at com.utils._masterVO.loadExternalServices(_masterVO.java:448)
	at com.utils._masterVO.loadVO(_masterVO.java:81)
	at com.classes.BaseTest.setupReporter(BaseTest.java:85)
	at sun.reflect.NativeMethodAccessorImpl.invoke0(Native Method)
	at sun.reflect.NativeMethodAccessorImpl.invoke(Unknown Source)
	at sun.reflect.DelegatingMethodAccessorImpl.invoke(Unknown Source)
	at java.lang.reflect.Method.invoke(Unknown Source)
	at org.testng.internal.MethodInvocationHelper.invokeMethod(MethodInvocationHelper.java:124)
	at org.testng.internal.MethodInvocationHelper.invokeMethodConsideringTimeout(MethodInvocationHelper.java:59)
	at org.testng.internal.Invoker.invokeConfigurationMethod(Invoker.java:455)
	at org.testng.internal.Invoker.invokeConfigurations(Invoker.java:222)
	at org.testng.internal.Invoker.invokeConfigurations(Invoker.java:142)
	at org.testng.SuiteRunner.privateRun(SuiteRunner.java:401)
	at org.testng.SuiteRunner.run(SuiteRunner.java:364)
	at org.testng.SuiteRunnerWorker.runSuite(SuiteRunnerWorker.java:52)
	at org.testng.SuiteRunnerWorker.run(SuiteRunnerWorker.java:84)
	at org.testng.TestNG.runSuitesSequentially(TestNG.java:1208)
	at org.testng.TestNG.runSuitesLocally(TestNG.java:1137)
	at org.testng.TestNG.runSuites(TestNG.java:1049)
	at org.testng.TestNG.run(TestNG.java:1017)
	at org.testng.remote.AbstractRemoteTestNG.run(AbstractRemoteTestNG.java:115)
	at org.testng.remote.RemoteTestNG.initAndRun(RemoteTestNG.java:251)
	at org.testng.remote.RemoteTestNG.main(RemoteTestNG.java:77)

2022-03-14 13:01:59,318 [main] INFO com.utils.ExcelUtility - java.lang.NullPointerException
	at com.utils.ExcelUtility.getCellData(ExcelUtility.java:311)
	at com.utils._masterVO.loadGatewayCases(_masterVO.java:115)
	at com.utils._masterVO.loadExternalServices(_masterVO.java:448)
	at com.utils._masterVO.loadVO(_masterVO.java:81)
	at com.classes.BaseTest.setupReporter(BaseTest.java:85)
	at sun.reflect.NativeMethodAccessorImpl.invoke0(Native Method)
	at sun.reflect.NativeMethodAccessorImpl.invoke(Unknown Source)
	at sun.reflect.DelegatingMethodAccessorImpl.invoke(Unknown Source)
	at java.lang.reflect.Method.invoke(Unknown Source)
	at org.testng.internal.MethodInvocationHelper.invokeMethod(MethodInvocationHelper.java:124)
	at org.testng.internal.MethodInvocationHelper.invokeMethodConsideringTimeout(MethodInvocationHelper.java:59)
	at org.testng.internal.Invoker.invokeConfigurationMethod(Invoker.java:455)
	at org.testng.internal.Invoker.invokeConfigurations(Invoker.java:222)
	at org.testng.internal.Invoker.invokeConfigurations(Invoker.java:142)
	at org.testng.SuiteRunner.privateRun(SuiteRunner.java:401)
	at org.testng.SuiteRunner.run(SuiteRunner.java:364)
	at org.testng.SuiteRunnerWorker.runSuite(SuiteRunnerWorker.java:52)
	at org.testng.SuiteRunnerWorker.run(SuiteRunnerWorker.java:84)
	at org.testng.TestNG.runSuitesSequentially(TestNG.java:1208)
	at org.testng.TestNG.runSuitesLocally(TestNG.java:1137)
	at org.testng.TestNG.runSuites(TestNG.java:1049)
	at org.testng.TestNG.run(TestNG.java:1017)
	at org.testng.remote.AbstractRemoteTestNG.run(AbstractRemoteTestNG.java:115)
	at org.testng.remote.RemoteTestNG.initAndRun(RemoteTestNG.java:251)
	at org.testng.remote.RemoteTestNG.main(RemoteTestNG.java:77)

2022-03-14 13:01:59,321 [main] INFO com.utils.ExcelUtility - java.lang.NullPointerException
	at com.utils.ExcelUtility.getCellData(ExcelUtility.java:311)
	at com.utils._masterVO.loadGatewayCases(_masterVO.java:115)
	at com.utils._masterVO.loadExternalServices(_masterVO.java:448)
	at com.utils._masterVO.loadVO(_masterVO.java:81)
	at com.classes.BaseTest.setupReporter(BaseTest.java:85)
	at sun.reflect.NativeMethodAccessorImpl.invoke0(Native Method)
	at sun.reflect.NativeMethodAccessorImpl.invoke(Unknown Source)
	at sun.reflect.DelegatingMethodAccessorImpl.invoke(Unknown Source)
	at java.lang.reflect.Method.invoke(Unknown Source)
	at org.testng.internal.MethodInvocationHelper.invokeMethod(MethodInvocationHelper.java:124)
	at org.testng.internal.MethodInvocationHelper.invokeMethodConsideringTimeout(MethodInvocationHelper.java:59)
	at org.testng.internal.Invoker.invokeConfigurationMethod(Invoker.java:455)
	at org.testng.internal.Invoker.invokeConfigurations(Invoker.java:222)
	at org.testng.internal.Invoker.invokeConfigurations(Invoker.java:142)
	at org.testng.SuiteRunner.privateRun(SuiteRunner.java:401)
	at org.testng.SuiteRunner.run(SuiteRunner.java:364)
	at org.testng.SuiteRunnerWorker.runSuite(SuiteRunnerWorker.java:52)
	at org.testng.SuiteRunnerWorker.run(SuiteRunnerWorker.java:84)
	at org.testng.TestNG.runSuitesSequentially(TestNG.java:1208)
	at org.testng.TestNG.runSuitesLocally(TestNG.java:1137)
	at org.testng.TestNG.runSuites(TestNG.java:1049)
	at org.testng.TestNG.run(TestNG.java:1017)
	at org.testng.remote.AbstractRemoteTestNG.run(AbstractRemoteTestNG.java:115)
	at org.testng.remote.RemoteTestNG.initAndRun(RemoteTestNG.java:251)
	at org.testng.remote.RemoteTestNG.main(RemoteTestNG.java:77)

2022-03-14 13:01:59,322 [main] INFO com.utils.ExcelUtility - java.lang.NullPointerException
	at com.utils.ExcelUtility.getCellData(ExcelUtility.java:311)
	at com.utils._masterVO.loadGatewayCases(_masterVO.java:115)
	at com.utils._masterVO.loadExternalServices(_masterVO.java:448)
	at com.utils._masterVO.loadVO(_masterVO.java:81)
	at com.classes.BaseTest.setupReporter(BaseTest.java:85)
	at sun.reflect.NativeMethodAccessorImpl.invoke0(Native Method)
	at sun.reflect.NativeMethodAccessorImpl.invoke(Unknown Source)
	at sun.reflect.DelegatingMethodAccessorImpl.invoke(Unknown Source)
	at java.lang.reflect.Method.invoke(Unknown Source)
	at org.testng.internal.MethodInvocationHelper.invokeMethod(MethodInvocationHelper.java:124)
	at org.testng.internal.MethodInvocationHelper.invokeMethodConsideringTimeout(MethodInvocationHelper.java:59)
	at org.testng.internal.Invoker.invokeConfigurationMethod(Invoker.java:455)
	at org.testng.internal.Invoker.invokeConfigurations(Invoker.java:222)
	at org.testng.internal.Invoker.invokeConfigurations(Invoker.java:142)
	at org.testng.SuiteRunner.privateRun(SuiteRunner.java:401)
	at org.testng.SuiteRunner.run(SuiteRunner.java:364)
	at org.testng.SuiteRunnerWorker.runSuite(SuiteRunnerWorker.java:52)
	at org.testng.SuiteRunnerWorker.run(SuiteRunnerWorker.java:84)
	at org.testng.TestNG.runSuitesSequentially(TestNG.java:1208)
	at org.testng.TestNG.runSuitesLocally(TestNG.java:1137)
	at org.testng.TestNG.runSuites(TestNG.java:1049)
	at org.testng.TestNG.run(TestNG.java:1017)
	at org.testng.remote.AbstractRemoteTestNG.run(AbstractRemoteTestNG.java:115)
	at org.testng.remote.RemoteTestNG.initAndRun(RemoteTestNG.java:251)
	at org.testng.remote.RemoteTestNG.main(RemoteTestNG.java:77)

2022-03-14 13:01:59,323 [main] INFO com.utils.ExcelUtility - java.lang.NullPointerException
	at com.utils.ExcelUtility.getCellData(ExcelUtility.java:311)
	at com.utils._masterVO.loadGatewayCases(_masterVO.java:115)
	at com.utils._masterVO.loadExternalServices(_masterVO.java:448)
	at com.utils._masterVO.loadVO(_masterVO.java:81)
	at com.classes.BaseTest.setupReporter(BaseTest.java:85)
	at sun.reflect.NativeMethodAccessorImpl.invoke0(Native Method)
	at sun.reflect.NativeMethodAccessorImpl.invoke(Unknown Source)
	at sun.reflect.DelegatingMethodAccessorImpl.invoke(Unknown Source)
	at java.lang.reflect.Method.invoke(Unknown Source)
	at org.testng.internal.MethodInvocationHelper.invokeMethod(MethodInvocationHelper.java:124)
	at org.testng.internal.MethodInvocationHelper.invokeMethodConsideringTimeout(MethodInvocationHelper.java:59)
	at org.testng.internal.Invoker.invokeConfigurationMethod(Invoker.java:455)
	at org.testng.internal.Invoker.invokeConfigurations(Invoker.java:222)
	at org.testng.internal.Invoker.invokeConfigurations(Invoker.java:142)
	at org.testng.SuiteRunner.privateRun(SuiteRunner.java:401)
	at org.testng.SuiteRunner.run(SuiteRunner.java:364)
	at org.testng.SuiteRunnerWorker.runSuite(SuiteRunnerWorker.java:52)
	at org.testng.SuiteRunnerWorker.run(SuiteRunnerWorker.java:84)
	at org.testng.TestNG.runSuitesSequentially(TestNG.java:1208)
	at org.testng.TestNG.runSuitesLocally(TestNG.java:1137)
	at org.testng.TestNG.runSuites(TestNG.java:1049)
	at org.testng.TestNG.run(TestNG.java:1017)
	at org.testng.remote.AbstractRemoteTestNG.run(AbstractRemoteTestNG.java:115)
	at org.testng.remote.RemoteTestNG.initAndRun(RemoteTestNG.java:251)
	at org.testng.remote.RemoteTestNG.main(RemoteTestNG.java:77)

2022-03-14 13:01:59,323 [main] INFO com.utils.ExcelUtility - java.lang.NullPointerException
	at com.utils.ExcelUtility.getCellData(ExcelUtility.java:311)
	at com.utils._masterVO.loadGatewayCases(_masterVO.java:115)
	at com.utils._masterVO.loadExternalServices(_masterVO.java:448)
	at com.utils._masterVO.loadVO(_masterVO.java:81)
	at com.classes.BaseTest.setupReporter(BaseTest.java:85)
	at sun.reflect.NativeMethodAccessorImpl.invoke0(Native Method)
	at sun.reflect.NativeMethodAccessorImpl.invoke(Unknown Source)
	at sun.reflect.DelegatingMethodAccessorImpl.invoke(Unknown Source)
	at java.lang.reflect.Method.invoke(Unknown Source)
	at org.testng.internal.MethodInvocationHelper.invokeMethod(MethodInvocationHelper.java:124)
	at org.testng.internal.MethodInvocationHelper.invokeMethodConsideringTimeout(MethodInvocationHelper.java:59)
	at org.testng.internal.Invoker.invokeConfigurationMethod(Invoker.java:455)
	at org.testng.internal.Invoker.invokeConfigurations(Invoker.java:222)
	at org.testng.internal.Invoker.invokeConfigurations(Invoker.java:142)
	at org.testng.SuiteRunner.privateRun(SuiteRunner.java:401)
	at org.testng.SuiteRunner.run(SuiteRunner.java:364)
	at org.testng.SuiteRunnerWorker.runSuite(SuiteRunnerWorker.java:52)
	at org.testng.SuiteRunnerWorker.run(SuiteRunnerWorker.java:84)
	at org.testng.TestNG.runSuitesSequentially(TestNG.java:1208)
	at org.testng.TestNG.runSuitesLocally(TestNG.java:1137)
	at org.testng.TestNG.runSuites(TestNG.java:1049)
	at org.testng.TestNG.run(TestNG.java:1017)
	at org.testng.remote.AbstractRemoteTestNG.run(AbstractRemoteTestNG.java:115)
	at org.testng.remote.RemoteTestNG.initAndRun(RemoteTestNG.java:251)
	at org.testng.remote.RemoteTestNG.main(RemoteTestNG.java:77)

2022-03-14 13:01:59,324 [main] INFO com.utils.ExcelUtility - java.lang.NullPointerException
	at com.utils.ExcelUtility.getCellData(ExcelUtility.java:311)
	at com.utils._masterVO.loadGatewayCases(_masterVO.java:115)
	at com.utils._masterVO.loadExternalServices(_masterVO.java:448)
	at com.utils._masterVO.loadVO(_masterVO.java:81)
	at com.classes.BaseTest.setupReporter(BaseTest.java:85)
	at sun.reflect.NativeMethodAccessorImpl.invoke0(Native Method)
	at sun.reflect.NativeMethodAccessorImpl.invoke(Unknown Source)
	at sun.reflect.DelegatingMethodAccessorImpl.invoke(Unknown Source)
	at java.lang.reflect.Method.invoke(Unknown Source)
	at org.testng.internal.MethodInvocationHelper.invokeMethod(MethodInvocationHelper.java:124)
	at org.testng.internal.MethodInvocationHelper.invokeMethodConsideringTimeout(MethodInvocationHelper.java:59)
	at org.testng.internal.Invoker.invokeConfigurationMethod(Invoker.java:455)
	at org.testng.internal.Invoker.invokeConfigurations(Invoker.java:222)
	at org.testng.internal.Invoker.invokeConfigurations(Invoker.java:142)
	at org.testng.SuiteRunner.privateRun(SuiteRunner.java:401)
	at org.testng.SuiteRunner.run(SuiteRunner.java:364)
	at org.testng.SuiteRunnerWorker.runSuite(SuiteRunnerWorker.java:52)
	at org.testng.SuiteRunnerWorker.run(SuiteRunnerWorker.java:84)
	at org.testng.TestNG.runSuitesSequentially(TestNG.java:1208)
	at org.testng.TestNG.runSuitesLocally(TestNG.java:1137)
	at org.testng.TestNG.runSuites(TestNG.java:1049)
	at org.testng.TestNG.run(TestNG.java:1017)
	at org.testng.remote.AbstractRemoteTestNG.run(AbstractRemoteTestNG.java:115)
	at org.testng.remote.RemoteTestNG.initAndRun(RemoteTestNG.java:251)
	at org.testng.remote.RemoteTestNG.main(RemoteTestNG.java:77)

2022-03-14 13:01:59,324 [main] INFO com.utils.ExcelUtility - java.lang.NullPointerException
	at com.utils.ExcelUtility.getCellData(ExcelUtility.java:311)
	at com.utils._masterVO.loadGatewayCases(_masterVO.java:115)
	at com.utils._masterVO.loadExternalServices(_masterVO.java:448)
	at com.utils._masterVO.loadVO(_masterVO.java:81)
	at com.classes.BaseTest.setupReporter(BaseTest.java:85)
	at sun.reflect.NativeMethodAccessorImpl.invoke0(Native Method)
	at sun.reflect.NativeMethodAccessorImpl.invoke(Unknown Source)
	at sun.reflect.DelegatingMethodAccessorImpl.invoke(Unknown Source)
	at java.lang.reflect.Method.invoke(Unknown Source)
	at org.testng.internal.MethodInvocationHelper.invokeMethod(MethodInvocationHelper.java:124)
	at org.testng.internal.MethodInvocationHelper.invokeMethodConsideringTimeout(MethodInvocationHelper.java:59)
	at org.testng.internal.Invoker.invokeConfigurationMethod(Invoker.java:455)
	at org.testng.internal.Invoker.invokeConfigurations(Invoker.java:222)
	at org.testng.internal.Invoker.invokeConfigurations(Invoker.java:142)
	at org.testng.SuiteRunner.privateRun(SuiteRunner.java:401)
	at org.testng.SuiteRunner.run(SuiteRunner.java:364)
	at org.testng.SuiteRunnerWorker.runSuite(SuiteRunnerWorker.java:52)
	at org.testng.SuiteRunnerWorker.run(SuiteRunnerWorker.java:84)
	at org.testng.TestNG.runSuitesSequentially(TestNG.java:1208)
	at org.testng.TestNG.runSuitesLocally(TestNG.java:1137)
	at org.testng.TestNG.runSuites(TestNG.java:1049)
	at org.testng.TestNG.run(TestNG.java:1017)
	at org.testng.remote.AbstractRemoteTestNG.run(AbstractRemoteTestNG.java:115)
	at org.testng.remote.RemoteTestNG.initAndRun(RemoteTestNG.java:251)
	at org.testng.remote.RemoteTestNG.main(RemoteTestNG.java:77)

2022-03-14 13:01:59,325 [main] INFO com.utils.ExcelUtility - java.lang.NullPointerException
	at com.utils.ExcelUtility.getCellData(ExcelUtility.java:311)
	at com.utils._masterVO.loadGatewayCases(_masterVO.java:115)
	at com.utils._masterVO.loadExternalServices(_masterVO.java:448)
	at com.utils._masterVO.loadVO(_masterVO.java:81)
	at com.classes.BaseTest.setupReporter(BaseTest.java:85)
	at sun.reflect.NativeMethodAccessorImpl.invoke0(Native Method)
	at sun.reflect.NativeMethodAccessorImpl.invoke(Unknown Source)
	at sun.reflect.DelegatingMethodAccessorImpl.invoke(Unknown Source)
	at java.lang.reflect.Method.invoke(Unknown Source)
	at org.testng.internal.MethodInvocationHelper.invokeMethod(MethodInvocationHelper.java:124)
	at org.testng.internal.MethodInvocationHelper.invokeMethodConsideringTimeout(MethodInvocationHelper.java:59)
	at org.testng.internal.Invoker.invokeConfigurationMethod(Invoker.java:455)
	at org.testng.internal.Invoker.invokeConfigurations(Invoker.java:222)
	at org.testng.internal.Invoker.invokeConfigurations(Invoker.java:142)
	at org.testng.SuiteRunner.privateRun(SuiteRunner.java:401)
	at org.testng.SuiteRunner.run(SuiteRunner.java:364)
	at org.testng.SuiteRunnerWorker.runSuite(SuiteRunnerWorker.java:52)
	at org.testng.SuiteRunnerWorker.run(SuiteRunnerWorker.java:84)
	at org.testng.TestNG.runSuitesSequentially(TestNG.java:1208)
	at org.testng.TestNG.runSuitesLocally(TestNG.java:1137)
	at org.testng.TestNG.runSuites(TestNG.java:1049)
	at org.testng.TestNG.run(TestNG.java:1017)
	at org.testng.remote.AbstractRemoteTestNG.run(AbstractRemoteTestNG.java:115)
	at org.testng.remote.RemoteTestNG.initAndRun(RemoteTestNG.java:251)
	at org.testng.remote.RemoteTestNG.main(RemoteTestNG.java:77)

2022-03-14 13:01:59,326 [main] INFO com.utils.ExcelUtility - java.lang.NullPointerException
	at com.utils.ExcelUtility.getCellData(ExcelUtility.java:311)
	at com.utils._masterVO.loadGatewayCases(_masterVO.java:115)
	at com.utils._masterVO.loadExternalServices(_masterVO.java:448)
	at com.utils._masterVO.loadVO(_masterVO.java:81)
	at com.classes.BaseTest.setupReporter(BaseTest.java:85)
	at sun.reflect.NativeMethodAccessorImpl.invoke0(Native Method)
	at sun.reflect.NativeMethodAccessorImpl.invoke(Unknown Source)
	at sun.reflect.DelegatingMethodAccessorImpl.invoke(Unknown Source)
	at java.lang.reflect.Method.invoke(Unknown Source)
	at org.testng.internal.MethodInvocationHelper.invokeMethod(MethodInvocationHelper.java:124)
	at org.testng.internal.MethodInvocationHelper.invokeMethodConsideringTimeout(MethodInvocationHelper.java:59)
	at org.testng.internal.Invoker.invokeConfigurationMethod(Invoker.java:455)
	at org.testng.internal.Invoker.invokeConfigurations(Invoker.java:222)
	at org.testng.internal.Invoker.invokeConfigurations(Invoker.java:142)
	at org.testng.SuiteRunner.privateRun(SuiteRunner.java:401)
	at org.testng.SuiteRunner.run(SuiteRunner.java:364)
	at org.testng.SuiteRunnerWorker.runSuite(SuiteRunnerWorker.java:52)
	at org.testng.SuiteRunnerWorker.run(SuiteRunnerWorker.java:84)
	at org.testng.TestNG.runSuitesSequentially(TestNG.java:1208)
	at org.testng.TestNG.runSuitesLocally(TestNG.java:1137)
	at org.testng.TestNG.runSuites(TestNG.java:1049)
	at org.testng.TestNG.run(TestNG.java:1017)
	at org.testng.remote.AbstractRemoteTestNG.run(AbstractRemoteTestNG.java:115)
	at org.testng.remote.RemoteTestNG.initAndRun(RemoteTestNG.java:251)
	at org.testng.remote.RemoteTestNG.main(RemoteTestNG.java:77)

2022-03-14 13:01:59,326 [main] INFO com.utils.ExcelUtility - java.lang.NullPointerException
	at com.utils.ExcelUtility.getCellData(ExcelUtility.java:311)
	at com.utils._masterVO.loadGatewayCases(_masterVO.java:115)
	at com.utils._masterVO.loadExternalServices(_masterVO.java:448)
	at com.utils._masterVO.loadVO(_masterVO.java:81)
	at com.classes.BaseTest.setupReporter(BaseTest.java:85)
	at sun.reflect.NativeMethodAccessorImpl.invoke0(Native Method)
	at sun.reflect.NativeMethodAccessorImpl.invoke(Unknown Source)
	at sun.reflect.DelegatingMethodAccessorImpl.invoke(Unknown Source)
	at java.lang.reflect.Method.invoke(Unknown Source)
	at org.testng.internal.MethodInvocationHelper.invokeMethod(MethodInvocationHelper.java:124)
	at org.testng.internal.MethodInvocationHelper.invokeMethodConsideringTimeout(MethodInvocationHelper.java:59)
	at org.testng.internal.Invoker.invokeConfigurationMethod(Invoker.java:455)
	at org.testng.internal.Invoker.invokeConfigurations(Invoker.java:222)
	at org.testng.internal.Invoker.invokeConfigurations(Invoker.java:142)
	at org.testng.SuiteRunner.privateRun(SuiteRunner.java:401)
	at org.testng.SuiteRunner.run(SuiteRunner.java:364)
	at org.testng.SuiteRunnerWorker.runSuite(SuiteRunnerWorker.java:52)
	at org.testng.SuiteRunnerWorker.run(SuiteRunnerWorker.java:84)
	at org.testng.TestNG.runSuitesSequentially(TestNG.java:1208)
	at org.testng.TestNG.runSuitesLocally(TestNG.java:1137)
	at org.testng.TestNG.runSuites(TestNG.java:1049)
	at org.testng.TestNG.run(TestNG.java:1017)
	at org.testng.remote.AbstractRemoteTestNG.run(AbstractRemoteTestNG.java:115)
	at org.testng.remote.RemoteTestNG.initAndRun(RemoteTestNG.java:251)
	at org.testng.remote.RemoteTestNG.main(RemoteTestNG.java:77)

2022-03-14 13:01:59,327 [main] INFO com.utils.ExcelUtility - java.lang.NullPointerException
	at com.utils.ExcelUtility.getCellData(ExcelUtility.java:311)
	at com.utils._masterVO.loadGatewayCases(_masterVO.java:115)
	at com.utils._masterVO.loadExternalServices(_masterVO.java:448)
	at com.utils._masterVO.loadVO(_masterVO.java:81)
	at com.classes.BaseTest.setupReporter(BaseTest.java:85)
	at sun.reflect.NativeMethodAccessorImpl.invoke0(Native Method)
	at sun.reflect.NativeMethodAccessorImpl.invoke(Unknown Source)
	at sun.reflect.DelegatingMethodAccessorImpl.invoke(Unknown Source)
	at java.lang.reflect.Method.invoke(Unknown Source)
	at org.testng.internal.MethodInvocationHelper.invokeMethod(MethodInvocationHelper.java:124)
	at org.testng.internal.MethodInvocationHelper.invokeMethodConsideringTimeout(MethodInvocationHelper.java:59)
	at org.testng.internal.Invoker.invokeConfigurationMethod(Invoker.java:455)
	at org.testng.internal.Invoker.invokeConfigurations(Invoker.java:222)
	at org.testng.internal.Invoker.invokeConfigurations(Invoker.java:142)
	at org.testng.SuiteRunner.privateRun(SuiteRunner.java:401)
	at org.testng.SuiteRunner.run(SuiteRunner.java:364)
	at org.testng.SuiteRunnerWorker.runSuite(SuiteRunnerWorker.java:52)
	at org.testng.SuiteRunnerWorker.run(SuiteRunnerWorker.java:84)
	at org.testng.TestNG.runSuitesSequentially(TestNG.java:1208)
	at org.testng.TestNG.runSuitesLocally(TestNG.java:1137)
	at org.testng.TestNG.runSuites(TestNG.java:1049)
	at org.testng.TestNG.run(TestNG.java:1017)
	at org.testng.remote.AbstractRemoteTestNG.run(AbstractRemoteTestNG.java:115)
	at org.testng.remote.RemoteTestNG.initAndRun(RemoteTestNG.java:251)
	at org.testng.remote.RemoteTestNG.main(RemoteTestNG.java:77)

2022-03-14 13:01:59,327 [main] INFO com.utils.ExcelUtility - java.lang.NullPointerException
	at com.utils.ExcelUtility.getCellData(ExcelUtility.java:311)
	at com.utils._masterVO.loadGatewayCases(_masterVO.java:115)
	at com.utils._masterVO.loadExternalServices(_masterVO.java:448)
	at com.utils._masterVO.loadVO(_masterVO.java:81)
	at com.classes.BaseTest.setupReporter(BaseTest.java:85)
	at sun.reflect.NativeMethodAccessorImpl.invoke0(Native Method)
	at sun.reflect.NativeMethodAccessorImpl.invoke(Unknown Source)
	at sun.reflect.DelegatingMethodAccessorImpl.invoke(Unknown Source)
	at java.lang.reflect.Method.invoke(Unknown Source)
	at org.testng.internal.MethodInvocationHelper.invokeMethod(MethodInvocationHelper.java:124)
	at org.testng.internal.MethodInvocationHelper.invokeMethodConsideringTimeout(MethodInvocationHelper.java:59)
	at org.testng.internal.Invoker.invokeConfigurationMethod(Invoker.java:455)
	at org.testng.internal.Invoker.invokeConfigurations(Invoker.java:222)
	at org.testng.internal.Invoker.invokeConfigurations(Invoker.java:142)
	at org.testng.SuiteRunner.privateRun(SuiteRunner.java:401)
	at org.testng.SuiteRunner.run(SuiteRunner.java:364)
	at org.testng.SuiteRunnerWorker.runSuite(SuiteRunnerWorker.java:52)
	at org.testng.SuiteRunnerWorker.run(SuiteRunnerWorker.java:84)
	at org.testng.TestNG.runSuitesSequentially(TestNG.java:1208)
	at org.testng.TestNG.runSuitesLocally(TestNG.java:1137)
	at org.testng.TestNG.runSuites(TestNG.java:1049)
	at org.testng.TestNG.run(TestNG.java:1017)
	at org.testng.remote.AbstractRemoteTestNG.run(AbstractRemoteTestNG.java:115)
	at org.testng.remote.RemoteTestNG.initAndRun(RemoteTestNG.java:251)
	at org.testng.remote.RemoteTestNG.main(RemoteTestNG.java:77)

2022-03-14 13:01:59,327 [main] INFO com.utils.ExcelUtility - java.lang.NullPointerException
	at com.utils.ExcelUtility.getCellData(ExcelUtility.java:311)
	at com.utils._masterVO.loadGatewayCases(_masterVO.java:115)
	at com.utils._masterVO.loadExternalServices(_masterVO.java:448)
	at com.utils._masterVO.loadVO(_masterVO.java:81)
	at com.classes.BaseTest.setupReporter(BaseTest.java:85)
	at sun.reflect.NativeMethodAccessorImpl.invoke0(Native Method)
	at sun.reflect.NativeMethodAccessorImpl.invoke(Unknown Source)
	at sun.reflect.DelegatingMethodAccessorImpl.invoke(Unknown Source)
	at java.lang.reflect.Method.invoke(Unknown Source)
	at org.testng.internal.MethodInvocationHelper.invokeMethod(MethodInvocationHelper.java:124)
	at org.testng.internal.MethodInvocationHelper.invokeMethodConsideringTimeout(MethodInvocationHelper.java:59)
	at org.testng.internal.Invoker.invokeConfigurationMethod(Invoker.java:455)
	at org.testng.internal.Invoker.invokeConfigurations(Invoker.java:222)
	at org.testng.internal.Invoker.invokeConfigurations(Invoker.java:142)
	at org.testng.SuiteRunner.privateRun(SuiteRunner.java:401)
	at org.testng.SuiteRunner.run(SuiteRunner.java:364)
	at org.testng.SuiteRunnerWorker.runSuite(SuiteRunnerWorker.java:52)
	at org.testng.SuiteRunnerWorker.run(SuiteRunnerWorker.java:84)
	at org.testng.TestNG.runSuitesSequentially(TestNG.java:1208)
	at org.testng.TestNG.runSuitesLocally(TestNG.java:1137)
	at org.testng.TestNG.runSuites(TestNG.java:1049)
	at org.testng.TestNG.run(TestNG.java:1017)
	at org.testng.remote.AbstractRemoteTestNG.run(AbstractRemoteTestNG.java:115)
	at org.testng.remote.RemoteTestNG.initAndRun(RemoteTestNG.java:251)
	at org.testng.remote.RemoteTestNG.main(RemoteTestNG.java:77)

2022-03-14 13:01:59,328 [main] INFO com.utils.ExcelUtility - java.lang.NullPointerException
	at com.utils.ExcelUtility.getCellData(ExcelUtility.java:311)
	at com.utils._masterVO.loadGatewayCases(_masterVO.java:115)
	at com.utils._masterVO.loadExternalServices(_masterVO.java:448)
	at com.utils._masterVO.loadVO(_masterVO.java:81)
	at com.classes.BaseTest.setupReporter(BaseTest.java:85)
	at sun.reflect.NativeMethodAccessorImpl.invoke0(Native Method)
	at sun.reflect.NativeMethodAccessorImpl.invoke(Unknown Source)
	at sun.reflect.DelegatingMethodAccessorImpl.invoke(Unknown Source)
	at java.lang.reflect.Method.invoke(Unknown Source)
	at org.testng.internal.MethodInvocationHelper.invokeMethod(MethodInvocationHelper.java:124)
	at org.testng.internal.MethodInvocationHelper.invokeMethodConsideringTimeout(MethodInvocationHelper.java:59)
	at org.testng.internal.Invoker.invokeConfigurationMethod(Invoker.java:455)
	at org.testng.internal.Invoker.invokeConfigurations(Invoker.java:222)
	at org.testng.internal.Invoker.invokeConfigurations(Invoker.java:142)
	at org.testng.SuiteRunner.privateRun(SuiteRunner.java:401)
	at org.testng.SuiteRunner.run(SuiteRunner.java:364)
	at org.testng.SuiteRunnerWorker.runSuite(SuiteRunnerWorker.java:52)
	at org.testng.SuiteRunnerWorker.run(SuiteRunnerWorker.java:84)
	at org.testng.TestNG.runSuitesSequentially(TestNG.java:1208)
	at org.testng.TestNG.runSuitesLocally(TestNG.java:1137)
	at org.testng.TestNG.runSuites(TestNG.java:1049)
	at org.testng.TestNG.run(TestNG.java:1017)
	at org.testng.remote.AbstractRemoteTestNG.run(AbstractRemoteTestNG.java:115)
	at org.testng.remote.RemoteTestNG.initAndRun(RemoteTestNG.java:251)
	at org.testng.remote.RemoteTestNG.main(RemoteTestNG.java:77)

2022-03-14 13:01:59,328 [main] INFO com.utils.ExcelUtility - java.lang.NullPointerException
	at com.utils.ExcelUtility.getCellData(ExcelUtility.java:311)
	at com.utils._masterVO.loadGatewayCases(_masterVO.java:115)
	at com.utils._masterVO.loadExternalServices(_masterVO.java:448)
	at com.utils._masterVO.loadVO(_masterVO.java:81)
	at com.classes.BaseTest.setupReporter(BaseTest.java:85)
	at sun.reflect.NativeMethodAccessorImpl.invoke0(Native Method)
	at sun.reflect.NativeMethodAccessorImpl.invoke(Unknown Source)
	at sun.reflect.DelegatingMethodAccessorImpl.invoke(Unknown Source)
	at java.lang.reflect.Method.invoke(Unknown Source)
	at org.testng.internal.MethodInvocationHelper.invokeMethod(MethodInvocationHelper.java:124)
	at org.testng.internal.MethodInvocationHelper.invokeMethodConsideringTimeout(MethodInvocationHelper.java:59)
	at org.testng.internal.Invoker.invokeConfigurationMethod(Invoker.java:455)
	at org.testng.internal.Invoker.invokeConfigurations(Invoker.java:222)
	at org.testng.internal.Invoker.invokeConfigurations(Invoker.java:142)
	at org.testng.SuiteRunner.privateRun(SuiteRunner.java:401)
	at org.testng.SuiteRunner.run(SuiteRunner.java:364)
	at org.testng.SuiteRunnerWorker.runSuite(SuiteRunnerWorker.java:52)
	at org.testng.SuiteRunnerWorker.run(SuiteRunnerWorker.java:84)
	at org.testng.TestNG.runSuitesSequentially(TestNG.java:1208)
	at org.testng.TestNG.runSuitesLocally(TestNG.java:1137)
	at org.testng.TestNG.runSuites(TestNG.java:1049)
	at org.testng.TestNG.run(TestNG.java:1017)
	at org.testng.remote.AbstractRemoteTestNG.run(AbstractRemoteTestNG.java:115)
	at org.testng.remote.RemoteTestNG.initAndRun(RemoteTestNG.java:251)
	at org.testng.remote.RemoteTestNG.main(RemoteTestNG.java:77)

2022-03-14 13:01:59,328 [main] INFO com.utils.ExcelUtility - java.lang.NullPointerException
	at com.utils.ExcelUtility.getCellData(ExcelUtility.java:311)
	at com.utils._masterVO.loadGatewayCases(_masterVO.java:115)
	at com.utils._masterVO.loadExternalServices(_masterVO.java:448)
	at com.utils._masterVO.loadVO(_masterVO.java:81)
	at com.classes.BaseTest.setupReporter(BaseTest.java:85)
	at sun.reflect.NativeMethodAccessorImpl.invoke0(Native Method)
	at sun.reflect.NativeMethodAccessorImpl.invoke(Unknown Source)
	at sun.reflect.DelegatingMethodAccessorImpl.invoke(Unknown Source)
	at java.lang.reflect.Method.invoke(Unknown Source)
	at org.testng.internal.MethodInvocationHelper.invokeMethod(MethodInvocationHelper.java:124)
	at org.testng.internal.MethodInvocationHelper.invokeMethodConsideringTimeout(MethodInvocationHelper.java:59)
	at org.testng.internal.Invoker.invokeConfigurationMethod(Invoker.java:455)
	at org.testng.internal.Invoker.invokeConfigurations(Invoker.java:222)
	at org.testng.internal.Invoker.invokeConfigurations(Invoker.java:142)
	at org.testng.SuiteRunner.privateRun(SuiteRunner.java:401)
	at org.testng.SuiteRunner.run(SuiteRunner.java:364)
	at org.testng.SuiteRunnerWorker.runSuite(SuiteRunnerWorker.java:52)
	at org.testng.SuiteRunnerWorker.run(SuiteRunnerWorker.java:84)
	at org.testng.TestNG.runSuitesSequentially(TestNG.java:1208)
	at org.testng.TestNG.runSuitesLocally(TestNG.java:1137)
	at org.testng.TestNG.runSuites(TestNG.java:1049)
	at org.testng.TestNG.run(TestNG.java:1017)
	at org.testng.remote.AbstractRemoteTestNG.run(AbstractRemoteTestNG.java:115)
	at org.testng.remote.RemoteTestNG.initAndRun(RemoteTestNG.java:251)
	at org.testng.remote.RemoteTestNG.main(RemoteTestNG.java:77)

2022-03-14 13:01:59,329 [main] INFO com.utils.ExcelUtility - java.lang.NullPointerException
	at com.utils.ExcelUtility.getCellData(ExcelUtility.java:311)
	at com.utils._masterVO.loadGatewayCases(_masterVO.java:115)
	at com.utils._masterVO.loadExternalServices(_masterVO.java:448)
	at com.utils._masterVO.loadVO(_masterVO.java:81)
	at com.classes.BaseTest.setupReporter(BaseTest.java:85)
	at sun.reflect.NativeMethodAccessorImpl.invoke0(Native Method)
	at sun.reflect.NativeMethodAccessorImpl.invoke(Unknown Source)
	at sun.reflect.DelegatingMethodAccessorImpl.invoke(Unknown Source)
	at java.lang.reflect.Method.invoke(Unknown Source)
	at org.testng.internal.MethodInvocationHelper.invokeMethod(MethodInvocationHelper.java:124)
	at org.testng.internal.MethodInvocationHelper.invokeMethodConsideringTimeout(MethodInvocationHelper.java:59)
	at org.testng.internal.Invoker.invokeConfigurationMethod(Invoker.java:455)
	at org.testng.internal.Invoker.invokeConfigurations(Invoker.java:222)
	at org.testng.internal.Invoker.invokeConfigurations(Invoker.java:142)
	at org.testng.SuiteRunner.privateRun(SuiteRunner.java:401)
	at org.testng.SuiteRunner.run(SuiteRunner.java:364)
	at org.testng.SuiteRunnerWorker.runSuite(SuiteRunnerWorker.java:52)
	at org.testng.SuiteRunnerWorker.run(SuiteRunnerWorker.java:84)
	at org.testng.TestNG.runSuitesSequentially(TestNG.java:1208)
	at org.testng.TestNG.runSuitesLocally(TestNG.java:1137)
	at org.testng.TestNG.runSuites(TestNG.java:1049)
	at org.testng.TestNG.run(TestNG.java:1017)
	at org.testng.remote.AbstractRemoteTestNG.run(AbstractRemoteTestNG.java:115)
	at org.testng.remote.RemoteTestNG.initAndRun(RemoteTestNG.java:251)
	at org.testng.remote.RemoteTestNG.main(RemoteTestNG.java:77)

2022-03-14 13:01:59,330 [main] INFO com.utils.ExcelUtility - java.lang.NullPointerException
	at com.utils.ExcelUtility.getCellData(ExcelUtility.java:311)
	at com.utils._masterVO.loadGatewayCases(_masterVO.java:115)
	at com.utils._masterVO.loadExternalServices(_masterVO.java:448)
	at com.utils._masterVO.loadVO(_masterVO.java:81)
	at com.classes.BaseTest.setupReporter(BaseTest.java:85)
	at sun.reflect.NativeMethodAccessorImpl.invoke0(Native Method)
	at sun.reflect.NativeMethodAccessorImpl.invoke(Unknown Source)
	at sun.reflect.DelegatingMethodAccessorImpl.invoke(Unknown Source)
	at java.lang.reflect.Method.invoke(Unknown Source)
	at org.testng.internal.MethodInvocationHelper.invokeMethod(MethodInvocationHelper.java:124)
	at org.testng.internal.MethodInvocationHelper.invokeMethodConsideringTimeout(MethodInvocationHelper.java:59)
	at org.testng.internal.Invoker.invokeConfigurationMethod(Invoker.java:455)
	at org.testng.internal.Invoker.invokeConfigurations(Invoker.java:222)
	at org.testng.internal.Invoker.invokeConfigurations(Invoker.java:142)
	at org.testng.SuiteRunner.privateRun(SuiteRunner.java:401)
	at org.testng.SuiteRunner.run(SuiteRunner.java:364)
	at org.testng.SuiteRunnerWorker.runSuite(SuiteRunnerWorker.java:52)
	at org.testng.SuiteRunnerWorker.run(SuiteRunnerWorker.java:84)
	at org.testng.TestNG.runSuitesSequentially(TestNG.java:1208)
	at org.testng.TestNG.runSuitesLocally(TestNG.java:1137)
	at org.testng.TestNG.runSuites(TestNG.java:1049)
	at org.testng.TestNG.run(TestNG.java:1017)
	at org.testng.remote.AbstractRemoteTestNG.run(AbstractRemoteTestNG.java:115)
	at org.testng.remote.RemoteTestNG.initAndRun(RemoteTestNG.java:251)
	at org.testng.remote.RemoteTestNG.main(RemoteTestNG.java:77)

2022-03-14 13:01:59,331 [main] INFO com.utils.ExcelUtility - java.lang.NullPointerException
	at com.utils.ExcelUtility.getCellData(ExcelUtility.java:311)
	at com.utils._masterVO.loadGatewayCases(_masterVO.java:115)
	at com.utils._masterVO.loadExternalServices(_masterVO.java:448)
	at com.utils._masterVO.loadVO(_masterVO.java:81)
	at com.classes.BaseTest.setupReporter(BaseTest.java:85)
	at sun.reflect.NativeMethodAccessorImpl.invoke0(Native Method)
	at sun.reflect.NativeMethodAccessorImpl.invoke(Unknown Source)
	at sun.reflect.DelegatingMethodAccessorImpl.invoke(Unknown Source)
	at java.lang.reflect.Method.invoke(Unknown Source)
	at org.testng.internal.MethodInvocationHelper.invokeMethod(MethodInvocationHelper.java:124)
	at org.testng.internal.MethodInvocationHelper.invokeMethodConsideringTimeout(MethodInvocationHelper.java:59)
	at org.testng.internal.Invoker.invokeConfigurationMethod(Invoker.java:455)
	at org.testng.internal.Invoker.invokeConfigurations(Invoker.java:222)
	at org.testng.internal.Invoker.invokeConfigurations(Invoker.java:142)
	at org.testng.SuiteRunner.privateRun(SuiteRunner.java:401)
	at org.testng.SuiteRunner.run(SuiteRunner.java:364)
	at org.testng.SuiteRunnerWorker.runSuite(SuiteRunnerWorker.java:52)
	at org.testng.SuiteRunnerWorker.run(SuiteRunnerWorker.java:84)
	at org.testng.TestNG.runSuitesSequentially(TestNG.java:1208)
	at org.testng.TestNG.runSuitesLocally(TestNG.java:1137)
	at org.testng.TestNG.runSuites(TestNG.java:1049)
	at org.testng.TestNG.run(TestNG.java:1017)
	at org.testng.remote.AbstractRemoteTestNG.run(AbstractRemoteTestNG.java:115)
	at org.testng.remote.RemoteTestNG.initAndRun(RemoteTestNG.java:251)
	at org.testng.remote.RemoteTestNG.main(RemoteTestNG.java:77)

2022-03-14 13:01:59,332 [main] INFO com.utils.ExcelUtility - java.lang.NullPointerException
	at com.utils.ExcelUtility.getCellData(ExcelUtility.java:311)
	at com.utils._masterVO.loadGatewayCases(_masterVO.java:115)
	at com.utils._masterVO.loadExternalServices(_masterVO.java:448)
	at com.utils._masterVO.loadVO(_masterVO.java:81)
	at com.classes.BaseTest.setupReporter(BaseTest.java:85)
	at sun.reflect.NativeMethodAccessorImpl.invoke0(Native Method)
	at sun.reflect.NativeMethodAccessorImpl.invoke(Unknown Source)
	at sun.reflect.DelegatingMethodAccessorImpl.invoke(Unknown Source)
	at java.lang.reflect.Method.invoke(Unknown Source)
	at org.testng.internal.MethodInvocationHelper.invokeMethod(MethodInvocationHelper.java:124)
	at org.testng.internal.MethodInvocationHelper.invokeMethodConsideringTimeout(MethodInvocationHelper.java:59)
	at org.testng.internal.Invoker.invokeConfigurationMethod(Invoker.java:455)
	at org.testng.internal.Invoker.invokeConfigurations(Invoker.java:222)
	at org.testng.internal.Invoker.invokeConfigurations(Invoker.java:142)
	at org.testng.SuiteRunner.privateRun(SuiteRunner.java:401)
	at org.testng.SuiteRunner.run(SuiteRunner.java:364)
	at org.testng.SuiteRunnerWorker.runSuite(SuiteRunnerWorker.java:52)
	at org.testng.SuiteRunnerWorker.run(SuiteRunnerWorker.java:84)
	at org.testng.TestNG.runSuitesSequentially(TestNG.java:1208)
	at org.testng.TestNG.runSuitesLocally(TestNG.java:1137)
	at org.testng.TestNG.runSuites(TestNG.java:1049)
	at org.testng.TestNG.run(TestNG.java:1017)
	at org.testng.remote.AbstractRemoteTestNG.run(AbstractRemoteTestNG.java:115)
	at org.testng.remote.RemoteTestNG.initAndRun(RemoteTestNG.java:251)
	at org.testng.remote.RemoteTestNG.main(RemoteTestNG.java:77)

2022-03-14 13:01:59,332 [main] INFO com.utils.ExcelUtility - java.lang.NullPointerException
	at com.utils.ExcelUtility.getCellData(ExcelUtility.java:311)
	at com.utils._masterVO.loadGatewayCases(_masterVO.java:115)
	at com.utils._masterVO.loadExternalServices(_masterVO.java:448)
	at com.utils._masterVO.loadVO(_masterVO.java:81)
	at com.classes.BaseTest.setupReporter(BaseTest.java:85)
	at sun.reflect.NativeMethodAccessorImpl.invoke0(Native Method)
	at sun.reflect.NativeMethodAccessorImpl.invoke(Unknown Source)
	at sun.reflect.DelegatingMethodAccessorImpl.invoke(Unknown Source)
	at java.lang.reflect.Method.invoke(Unknown Source)
	at org.testng.internal.MethodInvocationHelper.invokeMethod(MethodInvocationHelper.java:124)
	at org.testng.internal.MethodInvocationHelper.invokeMethodConsideringTimeout(MethodInvocationHelper.java:59)
	at org.testng.internal.Invoker.invokeConfigurationMethod(Invoker.java:455)
	at org.testng.internal.Invoker.invokeConfigurations(Invoker.java:222)
	at org.testng.internal.Invoker.invokeConfigurations(Invoker.java:142)
	at org.testng.SuiteRunner.privateRun(SuiteRunner.java:401)
	at org.testng.SuiteRunner.run(SuiteRunner.java:364)
	at org.testng.SuiteRunnerWorker.runSuite(SuiteRunnerWorker.java:52)
	at org.testng.SuiteRunnerWorker.run(SuiteRunnerWorker.java:84)
	at org.testng.TestNG.runSuitesSequentially(TestNG.java:1208)
	at org.testng.TestNG.runSuitesLocally(TestNG.java:1137)
	at org.testng.TestNG.runSuites(TestNG.java:1049)
	at org.testng.TestNG.run(TestNG.java:1017)
	at org.testng.remote.AbstractRemoteTestNG.run(AbstractRemoteTestNG.java:115)
	at org.testng.remote.RemoteTestNG.initAndRun(RemoteTestNG.java:251)
	at org.testng.remote.RemoteTestNG.main(RemoteTestNG.java:77)

2022-03-14 13:01:59,332 [main] INFO com.utils.ExcelUtility - java.lang.NullPointerException
	at com.utils.ExcelUtility.getCellData(ExcelUtility.java:311)
	at com.utils._masterVO.loadGatewayCases(_masterVO.java:115)
	at com.utils._masterVO.loadExternalServices(_masterVO.java:448)
	at com.utils._masterVO.loadVO(_masterVO.java:81)
	at com.classes.BaseTest.setupReporter(BaseTest.java:85)
	at sun.reflect.NativeMethodAccessorImpl.invoke0(Native Method)
	at sun.reflect.NativeMethodAccessorImpl.invoke(Unknown Source)
	at sun.reflect.DelegatingMethodAccessorImpl.invoke(Unknown Source)
	at java.lang.reflect.Method.invoke(Unknown Source)
	at org.testng.internal.MethodInvocationHelper.invokeMethod(MethodInvocationHelper.java:124)
	at org.testng.internal.MethodInvocationHelper.invokeMethodConsideringTimeout(MethodInvocationHelper.java:59)
	at org.testng.internal.Invoker.invokeConfigurationMethod(Invoker.java:455)
	at org.testng.internal.Invoker.invokeConfigurations(Invoker.java:222)
	at org.testng.internal.Invoker.invokeConfigurations(Invoker.java:142)
	at org.testng.SuiteRunner.privateRun(SuiteRunner.java:401)
	at org.testng.SuiteRunner.run(SuiteRunner.java:364)
	at org.testng.SuiteRunnerWorker.runSuite(SuiteRunnerWorker.java:52)
	at org.testng.SuiteRunnerWorker.run(SuiteRunnerWorker.java:84)
	at org.testng.TestNG.runSuitesSequentially(TestNG.java:1208)
	at org.testng.TestNG.runSuitesLocally(TestNG.java:1137)
	at org.testng.TestNG.runSuites(TestNG.java:1049)
	at org.testng.TestNG.run(TestNG.java:1017)
	at org.testng.remote.AbstractRemoteTestNG.run(AbstractRemoteTestNG.java:115)
	at org.testng.remote.RemoteTestNG.initAndRun(RemoteTestNG.java:251)
	at org.testng.remote.RemoteTestNG.main(RemoteTestNG.java:77)

2022-03-14 13:01:59,333 [main] INFO com.utils.ExcelUtility - java.lang.NullPointerException
	at com.utils.ExcelUtility.getCellData(ExcelUtility.java:311)
	at com.utils._masterVO.loadGatewayCases(_masterVO.java:115)
	at com.utils._masterVO.loadExternalServices(_masterVO.java:448)
	at com.utils._masterVO.loadVO(_masterVO.java:81)
	at com.classes.BaseTest.setupReporter(BaseTest.java:85)
	at sun.reflect.NativeMethodAccessorImpl.invoke0(Native Method)
	at sun.reflect.NativeMethodAccessorImpl.invoke(Unknown Source)
	at sun.reflect.DelegatingMethodAccessorImpl.invoke(Unknown Source)
	at java.lang.reflect.Method.invoke(Unknown Source)
	at org.testng.internal.MethodInvocationHelper.invokeMethod(MethodInvocationHelper.java:124)
	at org.testng.internal.MethodInvocationHelper.invokeMethodConsideringTimeout(MethodInvocationHelper.java:59)
	at org.testng.internal.Invoker.invokeConfigurationMethod(Invoker.java:455)
	at org.testng.internal.Invoker.invokeConfigurations(Invoker.java:222)
	at org.testng.internal.Invoker.invokeConfigurations(Invoker.java:142)
	at org.testng.SuiteRunner.privateRun(SuiteRunner.java:401)
	at org.testng.SuiteRunner.run(SuiteRunner.java:364)
	at org.testng.SuiteRunnerWorker.runSuite(SuiteRunnerWorker.java:52)
	at org.testng.SuiteRunnerWorker.run(SuiteRunnerWorker.java:84)
	at org.testng.TestNG.runSuitesSequentially(TestNG.java:1208)
	at org.testng.TestNG.runSuitesLocally(TestNG.java:1137)
	at org.testng.TestNG.runSuites(TestNG.java:1049)
	at org.testng.TestNG.run(TestNG.java:1017)
	at org.testng.remote.AbstractRemoteTestNG.run(AbstractRemoteTestNG.java:115)
	at org.testng.remote.RemoteTestNG.initAndRun(RemoteTestNG.java:251)
	at org.testng.remote.RemoteTestNG.main(RemoteTestNG.java:77)

2022-03-14 13:01:59,333 [main] INFO com.utils.ExcelUtility - java.lang.NullPointerException
	at com.utils.ExcelUtility.getCellData(ExcelUtility.java:311)
	at com.utils._masterVO.loadGatewayCases(_masterVO.java:115)
	at com.utils._masterVO.loadExternalServices(_masterVO.java:448)
	at com.utils._masterVO.loadVO(_masterVO.java:81)
	at com.classes.BaseTest.setupReporter(BaseTest.java:85)
	at sun.reflect.NativeMethodAccessorImpl.invoke0(Native Method)
	at sun.reflect.NativeMethodAccessorImpl.invoke(Unknown Source)
	at sun.reflect.DelegatingMethodAccessorImpl.invoke(Unknown Source)
	at java.lang.reflect.Method.invoke(Unknown Source)
	at org.testng.internal.MethodInvocationHelper.invokeMethod(MethodInvocationHelper.java:124)
	at org.testng.internal.MethodInvocationHelper.invokeMethodConsideringTimeout(MethodInvocationHelper.java:59)
	at org.testng.internal.Invoker.invokeConfigurationMethod(Invoker.java:455)
	at org.testng.internal.Invoker.invokeConfigurations(Invoker.java:222)
	at org.testng.internal.Invoker.invokeConfigurations(Invoker.java:142)
	at org.testng.SuiteRunner.privateRun(SuiteRunner.java:401)
	at org.testng.SuiteRunner.run(SuiteRunner.java:364)
	at org.testng.SuiteRunnerWorker.runSuite(SuiteRunnerWorker.java:52)
	at org.testng.SuiteRunnerWorker.run(SuiteRunnerWorker.java:84)
	at org.testng.TestNG.runSuitesSequentially(TestNG.java:1208)
	at org.testng.TestNG.runSuitesLocally(TestNG.java:1137)
	at org.testng.TestNG.runSuites(TestNG.java:1049)
	at org.testng.TestNG.run(TestNG.java:1017)
	at org.testng.remote.AbstractRemoteTestNG.run(AbstractRemoteTestNG.java:115)
	at org.testng.remote.RemoteTestNG.initAndRun(RemoteTestNG.java:251)
	at org.testng.remote.RemoteTestNG.main(RemoteTestNG.java:77)

2022-03-14 13:01:59,334 [main] INFO com.utils.ExcelUtility - java.lang.NullPointerException
	at com.utils.ExcelUtility.getCellData(ExcelUtility.java:311)
	at com.utils._masterVO.loadGatewayCases(_masterVO.java:115)
	at com.utils._masterVO.loadExternalServices(_masterVO.java:448)
	at com.utils._masterVO.loadVO(_masterVO.java:81)
	at com.classes.BaseTest.setupReporter(BaseTest.java:85)
	at sun.reflect.NativeMethodAccessorImpl.invoke0(Native Method)
	at sun.reflect.NativeMethodAccessorImpl.invoke(Unknown Source)
	at sun.reflect.DelegatingMethodAccessorImpl.invoke(Unknown Source)
	at java.lang.reflect.Method.invoke(Unknown Source)
	at org.testng.internal.MethodInvocationHelper.invokeMethod(MethodInvocationHelper.java:124)
	at org.testng.internal.MethodInvocationHelper.invokeMethodConsideringTimeout(MethodInvocationHelper.java:59)
	at org.testng.internal.Invoker.invokeConfigurationMethod(Invoker.java:455)
	at org.testng.internal.Invoker.invokeConfigurations(Invoker.java:222)
	at org.testng.internal.Invoker.invokeConfigurations(Invoker.java:142)
	at org.testng.SuiteRunner.privateRun(SuiteRunner.java:401)
	at org.testng.SuiteRunner.run(SuiteRunner.java:364)
	at org.testng.SuiteRunnerWorker.runSuite(SuiteRunnerWorker.java:52)
	at org.testng.SuiteRunnerWorker.run(SuiteRunnerWorker.java:84)
	at org.testng.TestNG.runSuitesSequentially(TestNG.java:1208)
	at org.testng.TestNG.runSuitesLocally(TestNG.java:1137)
	at org.testng.TestNG.runSuites(TestNG.java:1049)
	at org.testng.TestNG.run(TestNG.java:1017)
	at org.testng.remote.AbstractRemoteTestNG.run(AbstractRemoteTestNG.java:115)
	at org.testng.remote.RemoteTestNG.initAndRun(RemoteTestNG.java:251)
	at org.testng.remote.RemoteTestNG.main(RemoteTestNG.java:77)

2022-03-14 13:01:59,334 [main] INFO com.utils.ExcelUtility - java.lang.NullPointerException
	at com.utils.ExcelUtility.getCellData(ExcelUtility.java:311)
	at com.utils._masterVO.loadGatewayCases(_masterVO.java:115)
	at com.utils._masterVO.loadExternalServices(_masterVO.java:448)
	at com.utils._masterVO.loadVO(_masterVO.java:81)
	at com.classes.BaseTest.setupReporter(BaseTest.java:85)
	at sun.reflect.NativeMethodAccessorImpl.invoke0(Native Method)
	at sun.reflect.NativeMethodAccessorImpl.invoke(Unknown Source)
	at sun.reflect.DelegatingMethodAccessorImpl.invoke(Unknown Source)
	at java.lang.reflect.Method.invoke(Unknown Source)
	at org.testng.internal.MethodInvocationHelper.invokeMethod(MethodInvocationHelper.java:124)
	at org.testng.internal.MethodInvocationHelper.invokeMethodConsideringTimeout(MethodInvocationHelper.java:59)
	at org.testng.internal.Invoker.invokeConfigurationMethod(Invoker.java:455)
	at org.testng.internal.Invoker.invokeConfigurations(Invoker.java:222)
	at org.testng.internal.Invoker.invokeConfigurations(Invoker.java:142)
	at org.testng.SuiteRunner.privateRun(SuiteRunner.java:401)
	at org.testng.SuiteRunner.run(SuiteRunner.java:364)
	at org.testng.SuiteRunnerWorker.runSuite(SuiteRunnerWorker.java:52)
	at org.testng.SuiteRunnerWorker.run(SuiteRunnerWorker.java:84)
	at org.testng.TestNG.runSuitesSequentially(TestNG.java:1208)
	at org.testng.TestNG.runSuitesLocally(TestNG.java:1137)
	at org.testng.TestNG.runSuites(TestNG.java:1049)
	at org.testng.TestNG.run(TestNG.java:1017)
	at org.testng.remote.AbstractRemoteTestNG.run(AbstractRemoteTestNG.java:115)
	at org.testng.remote.RemoteTestNG.initAndRun(RemoteTestNG.java:251)
	at org.testng.remote.RemoteTestNG.main(RemoteTestNG.java:77)

2022-03-14 13:01:59,334 [main] INFO com.utils.ExcelUtility - java.lang.NullPointerException
	at com.utils.ExcelUtility.getCellData(ExcelUtility.java:311)
	at com.utils._masterVO.loadGatewayCases(_masterVO.java:115)
	at com.utils._masterVO.loadExternalServices(_masterVO.java:448)
	at com.utils._masterVO.loadVO(_masterVO.java:81)
	at com.classes.BaseTest.setupReporter(BaseTest.java:85)
	at sun.reflect.NativeMethodAccessorImpl.invoke0(Native Method)
	at sun.reflect.NativeMethodAccessorImpl.invoke(Unknown Source)
	at sun.reflect.DelegatingMethodAccessorImpl.invoke(Unknown Source)
	at java.lang.reflect.Method.invoke(Unknown Source)
	at org.testng.internal.MethodInvocationHelper.invokeMethod(MethodInvocationHelper.java:124)
	at org.testng.internal.MethodInvocationHelper.invokeMethodConsideringTimeout(MethodInvocationHelper.java:59)
	at org.testng.internal.Invoker.invokeConfigurationMethod(Invoker.java:455)
	at org.testng.internal.Invoker.invokeConfigurations(Invoker.java:222)
	at org.testng.internal.Invoker.invokeConfigurations(Invoker.java:142)
	at org.testng.SuiteRunner.privateRun(SuiteRunner.java:401)
	at org.testng.SuiteRunner.run(SuiteRunner.java:364)
	at org.testng.SuiteRunnerWorker.runSuite(SuiteRunnerWorker.java:52)
	at org.testng.SuiteRunnerWorker.run(SuiteRunnerWorker.java:84)
	at org.testng.TestNG.runSuitesSequentially(TestNG.java:1208)
	at org.testng.TestNG.runSuitesLocally(TestNG.java:1137)
	at org.testng.TestNG.runSuites(TestNG.java:1049)
	at org.testng.TestNG.run(TestNG.java:1017)
	at org.testng.remote.AbstractRemoteTestNG.run(AbstractRemoteTestNG.java:115)
	at org.testng.remote.RemoteTestNG.initAndRun(RemoteTestNG.java:251)
	at org.testng.remote.RemoteTestNG.main(RemoteTestNG.java:77)

2022-03-14 13:01:59,335 [main] INFO com.utils.ExcelUtility - java.lang.NullPointerException
	at com.utils.ExcelUtility.getCellData(ExcelUtility.java:311)
	at com.utils._masterVO.loadGatewayCases(_masterVO.java:115)
	at com.utils._masterVO.loadExternalServices(_masterVO.java:448)
	at com.utils._masterVO.loadVO(_masterVO.java:81)
	at com.classes.BaseTest.setupReporter(BaseTest.java:85)
	at sun.reflect.NativeMethodAccessorImpl.invoke0(Native Method)
	at sun.reflect.NativeMethodAccessorImpl.invoke(Unknown Source)
	at sun.reflect.DelegatingMethodAccessorImpl.invoke(Unknown Source)
	at java.lang.reflect.Method.invoke(Unknown Source)
	at org.testng.internal.MethodInvocationHelper.invokeMethod(MethodInvocationHelper.java:124)
	at org.testng.internal.MethodInvocationHelper.invokeMethodConsideringTimeout(MethodInvocationHelper.java:59)
	at org.testng.internal.Invoker.invokeConfigurationMethod(Invoker.java:455)
	at org.testng.internal.Invoker.invokeConfigurations(Invoker.java:222)
	at org.testng.internal.Invoker.invokeConfigurations(Invoker.java:142)
	at org.testng.SuiteRunner.privateRun(SuiteRunner.java:401)
	at org.testng.SuiteRunner.run(SuiteRunner.java:364)
	at org.testng.SuiteRunnerWorker.runSuite(SuiteRunnerWorker.java:52)
	at org.testng.SuiteRunnerWorker.run(SuiteRunnerWorker.java:84)
	at org.testng.TestNG.runSuitesSequentially(TestNG.java:1208)
	at org.testng.TestNG.runSuitesLocally(TestNG.java:1137)
	at org.testng.TestNG.runSuites(TestNG.java:1049)
	at org.testng.TestNG.run(TestNG.java:1017)
	at org.testng.remote.AbstractRemoteTestNG.run(AbstractRemoteTestNG.java:115)
	at org.testng.remote.RemoteTestNG.initAndRun(RemoteTestNG.java:251)
	at org.testng.remote.RemoteTestNG.main(RemoteTestNG.java:77)

2022-03-14 13:01:59,669 [main] INFO com.utils._masterVO - Gateway Cases Master File Loaded successfully
2022-03-14 13:01:59,671 [main] INFO com.utils._APIUtil - Entered getAPIServices(USSD)
2022-03-14 13:01:59,674 [main] INFO com.utils._APIUtil - Exiting getAPIServices([])
2022-03-14 13:01:59,675 [main] INFO com.utils._masterVO - Loading Gateway Cases Master file from: .//src//test//resources//config//GatewayMaster.xlsx
2022-03-14 13:01:59,868 [main] INFO com.utils._masterVO - Gateway Cases Master File Loaded successfully
2022-03-14 13:01:59,869 [main] INFO com.utils._masterVO - Loading Gateway Cases Master file from: .//src//test//resources//config//GatewayMaster.xlsx
2022-03-14 13:01:59,983 [main] INFO com.utils._masterVO - Gateway Cases Master File Loaded successfully
2022-03-14 13:02:21,016 [main] ERROR com.sshmanager.SSHService - Error while getting SSH Server Instance : com.jcraft.jsch.JSchException: java.net.ConnectException: Connection timed out: connect
2022-03-14 13:02:21,047 [main] INFO com.classes.BaseTest - Completed loading all methods from -masterVO class
2022-03-14 13:03:51,263 [main] INFO angular.testscripts.prereuisitesangular.PreRequisite_C2STransfer_Revamp - ------------------ Test Case Execution Started For A_01_Test_C2SRecharge -------------------
2022-03-14 13:03:51,263 [main] INFO angular.testscripts.prereuisitesangular.PreRequisite_C2STransfer_Revamp - Entered A_01_Test_C2SRecharge(Root, Super Distributor, 2468, RC)
2022-03-14 13:03:51,335 [main] INFO com.utils.CommonUtils - Category Code for Super Distributor: DIST
2022-03-14 13:03:51,374 [main] INFO com.dbrepository.PostGreSQLRepository - Entered webInterface(Super Distributor)
2022-03-14 13:03:51,376 [main] INFO com.dbrepository.DBConnectionPool - Active Size:0 Cache Size:10
2022-03-14 13:03:51,379 [main] INFO com.dbrepository.PostGreSQLRepository - webInterface() :: select query: Select WEB_INTERFACE_ALLOWED from categories where category_name= ?
2022-03-14 13:03:51,603 [main] INFO com.dbrepository.PostGreSQLRepository - Database Returns: WEB_INTERFACE_ALLOWED (Y)
2022-03-14 13:03:51,605 [main] INFO com.dbrepository.PostGreSQLRepository - Exited webInterface()
2022-03-14 13:03:51,640 [main] INFO angular.feature.C2STransferRevamp - Entered performC2STransfer(Root, Super Distributor, 2468, RC)
2022-03-14 13:03:51,698 [main] INFO angular.classes.LoginRevamp - LoginID found as: AUT_48675
2022-03-14 13:03:51,701 [main] INFO angular.classes.LoginRevamp - Password found as: Com@2468
2022-03-14 13:03:51,703 [main] INFO angular.classes.LoginRevamp - Username found as: AUTFN1393 AUTLN2379
2022-03-14 13:03:52,219 [main] INFO angular.pageobjects.loginpages.LoginPageRevamp - Trying to select Language
2022-03-14 13:04:22,888 [main] INFO angular.pageobjects.loginpages.LoginPageRevamp - <b>Language Selector Not Found:</b>
2022-03-14 13:04:22,922 [main] INFO angular.pageobjects.loginpages.LoginPageRevamp - Trying to enter Login ID
2022-03-14 13:05:24,203 [main] INFO com.classes.BaseTest - org.openqa.selenium.TimeoutException: Expected condition failed: waiting for visibility of Proxy element for: DefaultElementLocator 'By.xpath: //div[@id='loginid-container']//input[@formcontrolname='login_id']' (tried for 20 second(s) with 500 milliseconds interval)
2022-03-14 13:05:45,229 [main] ERROR com.sshmanager.SSHService - Error while getting SSH Server Instance : com.jcraft.jsch.JSchException: java.net.ConnectException: Connection timed out: connect
2022-03-14 13:06:06,133 [main] INFO angular.testscripts.prereuisitesangular.PreRequisite_C2STransfer_Revamp - ------------------ Test Case Execution Started For A_01_Test_C2SRecharge -------------------
2022-03-14 13:06:06,133 [main] INFO angular.testscripts.prereuisitesangular.PreRequisite_C2STransfer_Revamp - Entered A_01_Test_C2SRecharge(Super Distributor, Dealer, 2468, RC)
2022-03-14 13:06:06,196 [main] INFO com.utils.CommonUtils - Category Code for Dealer: SE
2022-03-14 13:06:06,224 [main] INFO com.dbrepository.PostGreSQLRepository - Entered webInterface(Dealer)
2022-03-14 13:06:06,226 [main] INFO com.dbrepository.DBConnectionPool - Active Size:0 Cache Size:10
2022-03-14 13:06:06,229 [main] INFO com.dbrepository.PostGreSQLRepository - webInterface() :: select query: Select WEB_INTERFACE_ALLOWED from categories where category_name= ?
2022-03-14 13:06:06,613 [main] INFO com.dbrepository.PostGreSQLRepository - Database Returns: WEB_INTERFACE_ALLOWED (Y)
2022-03-14 13:06:06,615 [main] INFO com.dbrepository.PostGreSQLRepository - Exited webInterface()
2022-03-14 13:06:06,618 [main] INFO angular.feature.C2STransferRevamp - Entered performC2STransfer(Super Distributor, Dealer, 2468, RC)
2022-03-14 13:06:06,659 [main] INFO angular.classes.LoginRevamp - LoginID found as: AUT_19995
2022-03-14 13:06:06,661 [main] INFO angular.classes.LoginRevamp - Password found as: Com@2468
2022-03-14 13:06:06,663 [main] INFO angular.classes.LoginRevamp - Username found as: AUTFN6751 AUTLN4189
2022-03-14 13:06:07,280 [main] INFO angular.pageobjects.loginpages.LoginPageRevamp - Trying to select Language
2022-03-14 13:06:37,963 [main] INFO angular.pageobjects.loginpages.LoginPageRevamp - <b>Language Selector Not Found:</b>
2022-03-14 13:06:37,993 [main] INFO angular.pageobjects.loginpages.LoginPageRevamp - Trying to enter Login ID
2022-03-14 13:07:39,242 [main] INFO com.classes.BaseTest - org.openqa.selenium.TimeoutException: Expected condition failed: waiting for visibility of Proxy element for: DefaultElementLocator 'By.xpath: //div[@id='loginid-container']//input[@formcontrolname='login_id']' (tried for 20 second(s) with 500 milliseconds interval)
2022-03-14 13:08:00,278 [main] ERROR com.sshmanager.SSHService - Error while getting SSH Server Instance : com.jcraft.jsch.JSchException: java.net.ConnectException: Connection timed out: connect
2022-03-14 13:08:21,061 [main] INFO angular.testscripts.prereuisitesangular.PreRequisite_C2STransfer_Revamp - ------------------ Test Case Execution Started For A_01_Test_C2SRecharge -------------------
2022-03-14 13:08:21,061 [main] INFO angular.testscripts.prereuisitesangular.PreRequisite_C2STransfer_Revamp - Entered A_01_Test_C2SRecharge(Super Distributor, Agent, 2468, RC)
2022-03-14 13:08:21,106 [main] INFO com.utils.CommonUtils - Category Code for Agent: AG
2022-03-14 13:08:21,123 [main] INFO com.dbrepository.PostGreSQLRepository - Entered webInterface(Agent)
2022-03-14 13:08:21,124 [main] INFO com.dbrepository.DBConnectionPool - Active Size:0 Cache Size:10
2022-03-14 13:08:21,125 [main] INFO com.dbrepository.PostGreSQLRepository - webInterface() :: select query: Select WEB_INTERFACE_ALLOWED from categories where category_name= ?
2022-03-14 13:08:21,267 [main] INFO com.dbrepository.PostGreSQLRepository - Database Returns: WEB_INTERFACE_ALLOWED (Y)
2022-03-14 13:08:21,269 [main] INFO com.dbrepository.PostGreSQLRepository - Exited webInterface()
2022-03-14 13:08:21,272 [main] INFO angular.feature.C2STransferRevamp - Entered performC2STransfer(Super Distributor, Agent, 2468, RC)
2022-03-14 13:08:21,313 [main] INFO angular.classes.LoginRevamp - LoginID found as: AUT_08837
2022-03-14 13:08:21,314 [main] INFO angular.classes.LoginRevamp - Password found as: Com@2468
2022-03-14 13:08:21,315 [main] INFO angular.classes.LoginRevamp - Username found as: AUTFN7086 AUTLN1035
2022-03-14 13:08:21,867 [main] INFO angular.pageobjects.loginpages.LoginPageRevamp - Trying to select Language
2022-03-14 13:08:52,507 [main] INFO angular.pageobjects.loginpages.LoginPageRevamp - <b>Language Selector Not Found:</b>
2022-03-14 13:08:52,536 [main] INFO angular.pageobjects.loginpages.LoginPageRevamp - Trying to enter Login ID
2022-03-14 13:09:53,855 [main] INFO com.classes.BaseTest - org.openqa.selenium.TimeoutException: Expected condition failed: waiting for visibility of Proxy element for: DefaultElementLocator 'By.xpath: //div[@id='loginid-container']//input[@formcontrolname='login_id']' (tried for 20 second(s) with 500 milliseconds interval)
2022-03-14 13:10:14,898 [main] ERROR com.sshmanager.SSHService - Error while getting SSH Server Instance : com.jcraft.jsch.JSchException: java.net.ConnectException: Connection timed out: connect
2022-03-14 13:10:35,734 [main] INFO angular.testscripts.prereuisitesangular.PreRequisite_C2STransfer_Revamp - ------------------ Test Case Execution Started For A_01_Test_C2SRecharge -------------------
2022-03-14 13:10:35,735 [main] INFO angular.testscripts.prereuisitesangular.PreRequisite_C2STransfer_Revamp - Entered A_01_Test_C2SRecharge(Dealer, Agent, 2468, RC)
2022-03-14 13:10:35,790 [main] INFO com.utils.CommonUtils - Category Code for Agent: AG
2022-03-14 13:10:35,814 [main] INFO com.dbrepository.PostGreSQLRepository - Entered webInterface(Agent)
2022-03-14 13:10:35,816 [main] INFO com.dbrepository.DBConnectionPool - Active Size:0 Cache Size:10
2022-03-14 13:10:35,817 [main] INFO com.dbrepository.PostGreSQLRepository - webInterface() :: select query: Select WEB_INTERFACE_ALLOWED from categories where category_name= ?
2022-03-14 13:10:35,939 [main] INFO com.dbrepository.PostGreSQLRepository - Database Returns: WEB_INTERFACE_ALLOWED (Y)
2022-03-14 13:10:35,942 [main] INFO com.dbrepository.PostGreSQLRepository - Exited webInterface()
2022-03-14 13:10:35,945 [main] INFO angular.feature.C2STransferRevamp - Entered performC2STransfer(Dealer, Agent, 2468, RC)
2022-03-14 13:10:35,990 [main] INFO angular.classes.LoginRevamp - LoginID found as: AUT_87570
2022-03-14 13:10:35,992 [main] INFO angular.classes.LoginRevamp - Password found as: Com@2468
2022-03-14 13:10:35,994 [main] INFO angular.classes.LoginRevamp - Username found as: AUTFN5575 AUTLN8034
2022-03-14 13:10:36,484 [main] INFO angular.pageobjects.loginpages.LoginPageRevamp - Trying to select Language
2022-03-14 13:11:07,135 [main] INFO angular.pageobjects.loginpages.LoginPageRevamp - <b>Language Selector Not Found:</b>
2022-03-14 13:11:07,166 [main] INFO angular.pageobjects.loginpages.LoginPageRevamp - Trying to enter Login ID
2022-03-14 13:12:08,352 [main] INFO com.classes.BaseTest - org.openqa.selenium.TimeoutException: Expected condition failed: waiting for visibility of Proxy element for: DefaultElementLocator 'By.xpath: //div[@id='loginid-container']//input[@formcontrolname='login_id']' (tried for 20 second(s) with 500 milliseconds interval)
2022-03-14 13:12:29,387 [main] ERROR com.sshmanager.SSHService - Error while getting SSH Server Instance : com.jcraft.jsch.JSchException: java.net.ConnectException: Connection timed out: connect
2022-03-14 13:12:50,066 [main] INFO angular.testscripts.prereuisitesangular.PreRequisite_C2STransfer_Revamp - ------------------ Test Case Execution Started For A_01_Test_C2SRecharge -------------------
2022-03-14 13:12:50,066 [main] INFO angular.testscripts.prereuisitesangular.PreRequisite_C2STransfer_Revamp - Entered A_01_Test_C2SRecharge(Agent, Retailer, 2468, RC)
2022-03-14 13:12:50,108 [main] INFO com.utils.CommonUtils - Category Code for Retailer: RET
2022-03-14 13:12:50,126 [main] INFO com.dbrepository.PostGreSQLRepository - Entered webInterface(Retailer)
2022-03-14 13:12:50,127 [main] INFO com.dbrepository.DBConnectionPool - Active Size:0 Cache Size:10
2022-03-14 13:12:50,128 [main] INFO com.dbrepository.PostGreSQLRepository - webInterface() :: select query: Select WEB_INTERFACE_ALLOWED from categories where category_name= ?
2022-03-14 13:12:50,494 [main] INFO com.dbrepository.PostGreSQLRepository - Database Returns: WEB_INTERFACE_ALLOWED (Y)
2022-03-14 13:12:50,498 [main] INFO com.dbrepository.PostGreSQLRepository - Exited webInterface()
2022-03-14 13:12:50,501 [main] INFO angular.feature.C2STransferRevamp - Entered performC2STransfer(Agent, Retailer, 2468, RC)
2022-03-14 13:12:50,546 [main] INFO angular.classes.LoginRevamp - LoginID found as: AUT_41726
2022-03-14 13:12:50,549 [main] INFO angular.classes.LoginRevamp - Password found as: Com@2468
2022-03-14 13:12:50,551 [main] INFO angular.classes.LoginRevamp - Username found as: AUTFN4270 AUTLN3932
2022-03-14 13:12:51,131 [main] INFO angular.pageobjects.loginpages.LoginPageRevamp - Trying to select Language
2022-03-14 13:13:21,764 [main] INFO angular.pageobjects.loginpages.LoginPageRevamp - <b>Language Selector Not Found:</b>
2022-03-14 13:13:21,794 [main] INFO angular.pageobjects.loginpages.LoginPageRevamp - Trying to enter Login ID
2022-03-14 13:14:23,002 [main] INFO com.classes.BaseTest - org.openqa.selenium.TimeoutException: Expected condition failed: waiting for visibility of Proxy element for: DefaultElementLocator 'By.xpath: //div[@id='loginid-container']//input[@formcontrolname='login_id']' (tried for 20 second(s) with 500 milliseconds interval)
2022-03-14 13:14:44,066 [main] ERROR com.sshmanager.SSHService - Error while getting SSH Server Instance : com.jcraft.jsch.JSchException: java.net.ConnectException: Connection timed out: connect
2022-03-14 13:15:06,483 [main] INFO angular.testscripts.prereuisitesangular.PreRequisite_C2STransfer_Revamp - ------------------ Test Case Execution Started For A_02_performC2STransferBlankAmount -------------------
2022-03-14 13:15:06,484 [main] INFO angular.testscripts.prereuisitesangular.PreRequisite_C2STransfer_Revamp - Entered A_02_performC2STransferBlankAmount(Root, Super Distributor, 2468, RC)
2022-03-14 13:15:06,593 [main] INFO com.utils.CommonUtils - Category Code for Super Distributor: DIST
2022-03-14 13:15:06,730 [main] INFO com.dbrepository.PostGreSQLRepository - Entered webInterface(Super Distributor)
2022-03-14 13:15:06,735 [main] INFO com.dbrepository.DBConnectionPool - Active Size:0 Cache Size:10
2022-03-14 13:15:06,739 [main] INFO com.dbrepository.PostGreSQLRepository - webInterface() :: select query: Select WEB_INTERFACE_ALLOWED from categories where category_name= ?
2022-03-14 13:15:06,865 [main] INFO com.dbrepository.PostGreSQLRepository - Database Returns: WEB_INTERFACE_ALLOWED (Y)
2022-03-14 13:15:06,869 [main] INFO com.dbrepository.PostGreSQLRepository - Exited webInterface()
2022-03-14 13:15:06,875 [main] INFO angular.feature.C2STransferRevamp - Entered performC2STransferBlankAmount(Root, Super Distributor, 2468, RC)
2022-03-14 13:15:06,941 [main] INFO angular.classes.LoginRevamp - LoginID found as: AUT_48675
2022-03-14 13:15:06,944 [main] INFO angular.classes.LoginRevamp - Password found as: Com@2468
2022-03-14 13:15:06,948 [main] INFO angular.classes.LoginRevamp - Username found as: AUTFN1393 AUTLN2379
2022-03-14 13:15:07,491 [main] INFO angular.pageobjects.loginpages.LoginPageRevamp - Trying to select Language
2022-03-14 13:15:38,146 [main] INFO angular.pageobjects.loginpages.LoginPageRevamp - <b>Language Selector Not Found:</b>
2022-03-14 13:15:38,177 [main] INFO angular.pageobjects.loginpages.LoginPageRevamp - Trying to enter Login ID
2022-03-14 13:16:39,468 [main] INFO com.classes.BaseTest - org.openqa.selenium.TimeoutException: Expected condition failed: waiting for visibility of Proxy element for: DefaultElementLocator 'By.xpath: //div[@id='loginid-container']//input[@formcontrolname='login_id']' (tried for 20 second(s) with 500 milliseconds interval)
2022-03-14 13:17:00,518 [main] ERROR com.sshmanager.SSHService - Error while getting SSH Server Instance : com.jcraft.jsch.JSchException: java.net.ConnectException: Connection timed out: connect
2022-03-14 13:17:21,381 [main] INFO angular.testscripts.prereuisitesangular.PreRequisite_C2STransfer_Revamp - ------------------ Test Case Execution Started For A_02_performC2STransferBlankAmount -------------------
2022-03-14 13:17:21,381 [main] INFO angular.testscripts.prereuisitesangular.PreRequisite_C2STransfer_Revamp - Entered A_02_performC2STransferBlankAmount(Super Distributor, Dealer, 2468, RC)
2022-03-14 13:17:21,502 [main] INFO com.utils.CommonUtils - Category Code for Dealer: SE
2022-03-14 13:17:21,628 [main] INFO com.dbrepository.PostGreSQLRepository - Entered webInterface(Dealer)
2022-03-14 13:17:21,632 [main] INFO com.dbrepository.DBConnectionPool - Active Size:0 Cache Size:10
2022-03-14 13:17:21,636 [main] INFO com.dbrepository.PostGreSQLRepository - webInterface() :: select query: Select WEB_INTERFACE_ALLOWED from categories where category_name= ?
2022-03-14 13:17:21,761 [main] INFO com.dbrepository.PostGreSQLRepository - Database Returns: WEB_INTERFACE_ALLOWED (Y)
2022-03-14 13:17:21,764 [main] INFO com.dbrepository.PostGreSQLRepository - Exited webInterface()
2022-03-14 13:17:21,768 [main] INFO angular.feature.C2STransferRevamp - Entered performC2STransferBlankAmount(Super Distributor, Dealer, 2468, RC)
2022-03-14 13:17:21,827 [main] INFO angular.classes.LoginRevamp - LoginID found as: AUT_19995
2022-03-14 13:17:21,831 [main] INFO angular.classes.LoginRevamp - Password found as: Com@2468
2022-03-14 13:17:21,834 [main] INFO angular.classes.LoginRevamp - Username found as: AUTFN6751 AUTLN4189
2022-03-14 13:17:22,415 [main] INFO angular.pageobjects.loginpages.LoginPageRevamp - Trying to select Language
2022-03-14 13:17:53,070 [main] INFO angular.pageobjects.loginpages.LoginPageRevamp - <b>Language Selector Not Found:</b>
2022-03-14 13:17:53,107 [main] INFO angular.pageobjects.loginpages.LoginPageRevamp - Trying to enter Login ID
2022-03-14 13:18:54,478 [main] INFO com.classes.BaseTest - org.openqa.selenium.TimeoutException: Expected condition failed: waiting for visibility of Proxy element for: DefaultElementLocator 'By.xpath: //div[@id='loginid-container']//input[@formcontrolname='login_id']' (tried for 20 second(s) with 500 milliseconds interval)
2022-03-14 13:19:15,538 [main] ERROR com.sshmanager.SSHService - Error while getting SSH Server Instance : com.jcraft.jsch.JSchException: java.net.ConnectException: Connection timed out: connect
2022-03-14 13:19:36,087 [main] INFO angular.testscripts.prereuisitesangular.PreRequisite_C2STransfer_Revamp - ------------------ Test Case Execution Started For A_02_performC2STransferBlankAmount -------------------
2022-03-14 13:19:36,087 [main] INFO angular.testscripts.prereuisitesangular.PreRequisite_C2STransfer_Revamp - Entered A_02_performC2STransferBlankAmount(Super Distributor, Agent, 2468, RC)
2022-03-14 13:19:36,236 [main] INFO com.utils.CommonUtils - Category Code for Agent: AG
2022-03-14 13:19:36,378 [main] INFO com.dbrepository.PostGreSQLRepository - Entered webInterface(Agent)
2022-03-14 13:19:36,382 [main] INFO com.dbrepository.DBConnectionPool - Active Size:0 Cache Size:10
2022-03-14 13:19:36,385 [main] INFO com.dbrepository.PostGreSQLRepository - webInterface() :: select query: Select WEB_INTERFACE_ALLOWED from categories where category_name= ?
2022-03-14 13:19:36,524 [main] INFO com.dbrepository.PostGreSQLRepository - Database Returns: WEB_INTERFACE_ALLOWED (Y)
2022-03-14 13:19:36,527 [main] INFO com.dbrepository.PostGreSQLRepository - Exited webInterface()
2022-03-14 13:19:36,533 [main] INFO angular.feature.C2STransferRevamp - Entered performC2STransferBlankAmount(Super Distributor, Agent, 2468, RC)
2022-03-14 13:19:36,611 [main] INFO angular.classes.LoginRevamp - LoginID found as: AUT_08837
2022-03-14 13:19:36,615 [main] INFO angular.classes.LoginRevamp - Password found as: Com@2468
2022-03-14 13:19:36,619 [main] INFO angular.classes.LoginRevamp - Username found as: AUTFN7086 AUTLN1035
2022-03-14 13:19:37,176 [main] INFO angular.pageobjects.loginpages.LoginPageRevamp - Trying to select Language
2022-03-14 13:20:07,859 [main] INFO angular.pageobjects.loginpages.LoginPageRevamp - <b>Language Selector Not Found:</b>
2022-03-14 13:20:07,897 [main] INFO angular.pageobjects.loginpages.LoginPageRevamp - Trying to enter Login ID
2022-03-14 13:21:09,192 [main] INFO com.classes.BaseTest - org.openqa.selenium.TimeoutException: Expected condition failed: waiting for visibility of Proxy element for: DefaultElementLocator 'By.xpath: //div[@id='loginid-container']//input[@formcontrolname='login_id']' (tried for 20 second(s) with 500 milliseconds interval)
2022-03-14 13:21:30,235 [main] ERROR com.sshmanager.SSHService - Error while getting SSH Server Instance : com.jcraft.jsch.JSchException: java.net.ConnectException: Connection timed out: connect
2022-03-14 13:21:50,732 [main] INFO angular.testscripts.prereuisitesangular.PreRequisite_C2STransfer_Revamp - ------------------ Test Case Execution Started For A_02_performC2STransferBlankAmount -------------------
2022-03-14 13:21:50,733 [main] INFO angular.testscripts.prereuisitesangular.PreRequisite_C2STransfer_Revamp - Entered A_02_performC2STransferBlankAmount(Dealer, Agent, 2468, RC)
2022-03-14 13:21:50,890 [main] INFO com.utils.CommonUtils - Category Code for Agent: AG
2022-03-14 13:21:51,001 [main] INFO com.dbrepository.PostGreSQLRepository - Entered webInterface(Agent)
2022-03-14 13:21:51,005 [main] INFO com.dbrepository.DBConnectionPool - Active Size:0 Cache Size:10
2022-03-14 13:21:51,008 [main] INFO com.dbrepository.PostGreSQLRepository - webInterface() :: select query: Select WEB_INTERFACE_ALLOWED from categories where category_name= ?
2022-03-14 13:21:51,135 [main] INFO com.dbrepository.PostGreSQLRepository - Database Returns: WEB_INTERFACE_ALLOWED (Y)
2022-03-14 13:21:51,138 [main] INFO com.dbrepository.PostGreSQLRepository - Exited webInterface()
2022-03-14 13:21:51,142 [main] INFO angular.feature.C2STransferRevamp - Entered performC2STransferBlankAmount(Dealer, Agent, 2468, RC)
2022-03-14 13:21:51,217 [main] INFO angular.classes.LoginRevamp - LoginID found as: AUT_87570
2022-03-14 13:21:51,220 [main] INFO angular.classes.LoginRevamp - Password found as: Com@2468
2022-03-14 13:21:51,222 [main] INFO angular.classes.LoginRevamp - Username found as: AUTFN5575 AUTLN8034
2022-03-14 13:21:51,799 [main] INFO angular.pageobjects.loginpages.LoginPageRevamp - Trying to select Language
2022-03-14 13:22:22,476 [main] INFO angular.pageobjects.loginpages.LoginPageRevamp - <b>Language Selector Not Found:</b>
2022-03-14 13:22:22,507 [main] INFO angular.pageobjects.loginpages.LoginPageRevamp - Trying to enter Login ID
2022-03-14 13:23:23,862 [main] INFO com.classes.BaseTest - org.openqa.selenium.TimeoutException: Expected condition failed: waiting for visibility of Proxy element for: DefaultElementLocator 'By.xpath: //div[@id='loginid-container']//input[@formcontrolname='login_id']' (tried for 20 second(s) with 500 milliseconds interval)
2022-03-14 13:23:44,903 [main] ERROR com.sshmanager.SSHService - Error while getting SSH Server Instance : com.jcraft.jsch.JSchException: java.net.ConnectException: Connection timed out: connect
2022-03-14 13:24:05,447 [main] INFO angular.testscripts.prereuisitesangular.PreRequisite_C2STransfer_Revamp - ------------------ Test Case Execution Started For A_02_performC2STransferBlankAmount -------------------
2022-03-14 13:24:05,447 [main] INFO angular.testscripts.prereuisitesangular.PreRequisite_C2STransfer_Revamp - Entered A_02_performC2STransferBlankAmount(Agent, Retailer, 2468, RC)
2022-03-14 13:24:05,587 [main] INFO com.utils.CommonUtils - Category Code for Retailer: RET
2022-03-14 13:24:05,704 [main] INFO com.dbrepository.PostGreSQLRepository - Entered webInterface(Retailer)
2022-03-14 13:24:05,708 [main] INFO com.dbrepository.DBConnectionPool - Active Size:0 Cache Size:10
2022-03-14 13:24:05,711 [main] INFO com.dbrepository.PostGreSQLRepository - webInterface() :: select query: Select WEB_INTERFACE_ALLOWED from categories where category_name= ?
2022-03-14 13:24:05,844 [main] INFO com.dbrepository.PostGreSQLRepository - Database Returns: WEB_INTERFACE_ALLOWED (Y)
2022-03-14 13:24:05,848 [main] INFO com.dbrepository.PostGreSQLRepository - Exited webInterface()
2022-03-14 13:24:05,853 [main] INFO angular.feature.C2STransferRevamp - Entered performC2STransferBlankAmount(Agent, Retailer, 2468, RC)
2022-03-14 13:24:05,931 [main] INFO angular.classes.LoginRevamp - LoginID found as: AUT_41726
2022-03-14 13:24:05,935 [main] INFO angular.classes.LoginRevamp - Password found as: Com@2468
2022-03-14 13:24:05,939 [main] INFO angular.classes.LoginRevamp - Username found as: AUTFN4270 AUTLN3932
2022-03-14 13:24:06,585 [main] INFO angular.pageobjects.loginpages.LoginPageRevamp - Trying to select Language
2022-03-14 13:24:37,270 [main] INFO angular.pageobjects.loginpages.LoginPageRevamp - <b>Language Selector Not Found:</b>
2022-03-14 13:24:37,302 [main] INFO angular.pageobjects.loginpages.LoginPageRevamp - Trying to enter Login ID
2022-03-14 13:25:38,578 [main] INFO com.classes.BaseTest - org.openqa.selenium.TimeoutException: Expected condition failed: waiting for visibility of Proxy element for: DefaultElementLocator 'By.xpath: //div[@id='loginid-container']//input[@formcontrolname='login_id']' (tried for 20 second(s) with 500 milliseconds interval)
2022-03-14 13:25:59,625 [main] ERROR com.sshmanager.SSHService - Error while getting SSH Server Instance : com.jcraft.jsch.JSchException: java.net.ConnectException: Connection timed out: connect
2022-03-14 13:26:21,093 [main] INFO angular.testscripts.prereuisitesangular.PreRequisite_C2STransfer_Revamp - ------------------ Test Case Execution Started For A_03_performC2STransferAlphaNumericAmount -------------------
2022-03-14 13:26:21,093 [main] INFO angular.testscripts.prereuisitesangular.PreRequisite_C2STransfer_Revamp - Entered A_03_performC2STransferAlphaNumericAmount(Root, Super Distributor, 2468, RC)
2022-03-14 13:26:21,133 [main] INFO com.utils.CommonUtils - Category Code for Super Distributor: DIST
2022-03-14 13:26:21,154 [main] INFO com.dbrepository.PostGreSQLRepository - Entered webInterface(Super Distributor)
2022-03-14 13:26:21,156 [main] INFO com.dbrepository.DBConnectionPool - Active Size:0 Cache Size:10
2022-03-14 13:26:21,157 [main] INFO com.dbrepository.PostGreSQLRepository - webInterface() :: select query: Select WEB_INTERFACE_ALLOWED from categories where category_name= ?
2022-03-14 13:26:21,310 [main] INFO com.dbrepository.PostGreSQLRepository - Database Returns: WEB_INTERFACE_ALLOWED (Y)
2022-03-14 13:26:21,313 [main] INFO com.dbrepository.PostGreSQLRepository - Exited webInterface()
2022-03-14 13:26:21,316 [main] INFO angular.feature.C2STransferRevamp - Entered performC2STransferAlphaNumericAmount(Root, Super Distributor, 2468, RC)
2022-03-14 13:26:21,358 [main] INFO angular.classes.LoginRevamp - LoginID found as: AUT_48675
2022-03-14 13:26:21,359 [main] INFO angular.classes.LoginRevamp - Password found as: Com@2468
2022-03-14 13:26:21,361 [main] INFO angular.classes.LoginRevamp - Username found as: AUTFN1393 AUTLN2379
2022-03-14 13:26:22,015 [main] INFO angular.pageobjects.loginpages.LoginPageRevamp - Trying to select Language
2022-03-14 13:26:52,648 [main] INFO angular.pageobjects.loginpages.LoginPageRevamp - <b>Language Selector Not Found:</b>
2022-03-14 13:26:52,684 [main] INFO angular.pageobjects.loginpages.LoginPageRevamp - Trying to enter Login ID
2022-03-14 13:27:53,981 [main] INFO com.classes.BaseTest - org.openqa.selenium.TimeoutException: Expected condition failed: waiting for visibility of Proxy element for: DefaultElementLocator 'By.xpath: //div[@id='loginid-container']//input[@formcontrolname='login_id']' (tried for 20 second(s) with 500 milliseconds interval)
2022-03-14 13:28:15,020 [main] ERROR com.sshmanager.SSHService - Error while getting SSH Server Instance : com.jcraft.jsch.JSchException: java.net.ConnectException: Connection timed out: connect
2022-03-14 13:28:35,850 [main] INFO angular.testscripts.prereuisitesangular.PreRequisite_C2STransfer_Revamp - ------------------ Test Case Execution Started For A_03_performC2STransferAlphaNumericAmount -------------------
2022-03-14 13:28:35,850 [main] INFO angular.testscripts.prereuisitesangular.PreRequisite_C2STransfer_Revamp - Entered A_03_performC2STransferAlphaNumericAmount(Super Distributor, Dealer, 2468, RC)
2022-03-14 13:28:35,913 [main] INFO com.utils.CommonUtils - Category Code for Dealer: SE
2022-03-14 13:28:35,942 [main] INFO com.dbrepository.PostGreSQLRepository - Entered webInterface(Dealer)
2022-03-14 13:28:35,944 [main] INFO com.dbrepository.DBConnectionPool - Active Size:0 Cache Size:10
2022-03-14 13:28:35,946 [main] INFO com.dbrepository.PostGreSQLRepository - webInterface() :: select query: Select WEB_INTERFACE_ALLOWED from categories where category_name= ?
2022-03-14 13:28:36,079 [main] INFO com.dbrepository.PostGreSQLRepository - Database Returns: WEB_INTERFACE_ALLOWED (Y)
2022-03-14 13:28:36,082 [main] INFO com.dbrepository.PostGreSQLRepository - Exited webInterface()
2022-03-14 13:28:36,085 [main] INFO angular.feature.C2STransferRevamp - Entered performC2STransferAlphaNumericAmount(Super Distributor, Dealer, 2468, RC)
2022-03-14 13:28:36,150 [main] INFO angular.classes.LoginRevamp - LoginID found as: AUT_19995
2022-03-14 13:28:36,152 [main] INFO angular.classes.LoginRevamp - Password found as: Com@2468
2022-03-14 13:28:36,153 [main] INFO angular.classes.LoginRevamp - Username found as: AUTFN6751 AUTLN4189
2022-03-14 13:28:36,707 [main] INFO angular.pageobjects.loginpages.LoginPageRevamp - Trying to select Language
2022-03-14 13:29:07,465 [main] INFO angular.pageobjects.loginpages.LoginPageRevamp - <b>Language Selector Not Found:</b>
2022-03-14 13:29:07,502 [main] INFO angular.pageobjects.loginpages.LoginPageRevamp - Trying to enter Login ID
2022-03-14 13:30:08,826 [main] INFO com.classes.BaseTest - org.openqa.selenium.TimeoutException: Expected condition failed: waiting for visibility of Proxy element for: DefaultElementLocator 'By.xpath: //div[@id='loginid-container']//input[@formcontrolname='login_id']' (tried for 20 second(s) with 500 milliseconds interval)
2022-03-14 13:30:29,861 [main] ERROR com.sshmanager.SSHService - Error while getting SSH Server Instance : com.jcraft.jsch.JSchException: java.net.ConnectException: Connection timed out: connect
2022-03-14 13:30:50,338 [main] INFO angular.testscripts.prereuisitesangular.PreRequisite_C2STransfer_Revamp - ------------------ Test Case Execution Started For A_03_performC2STransferAlphaNumericAmount -------------------
2022-03-14 13:30:50,338 [main] INFO angular.testscripts.prereuisitesangular.PreRequisite_C2STransfer_Revamp - Entered A_03_performC2STransferAlphaNumericAmount(Super Distributor, Agent, 2468, RC)
2022-03-14 13:30:50,480 [main] INFO com.utils.CommonUtils - Category Code for Agent: AG
2022-03-14 13:30:50,546 [main] INFO com.dbrepository.PostGreSQLRepository - Entered webInterface(Agent)
2022-03-14 13:30:50,550 [main] INFO com.dbrepository.DBConnectionPool - Active Size:0 Cache Size:10
2022-03-14 13:30:50,555 [main] INFO com.dbrepository.PostGreSQLRepository - webInterface() :: select query: Select WEB_INTERFACE_ALLOWED from categories where category_name= ?
2022-03-14 13:30:50,669 [main] INFO com.dbrepository.PostGreSQLRepository - Database Returns: WEB_INTERFACE_ALLOWED (Y)
2022-03-14 13:30:50,672 [main] INFO com.dbrepository.PostGreSQLRepository - Exited webInterface()
2022-03-14 13:30:50,677 [main] INFO angular.feature.C2STransferRevamp - Entered performC2STransferAlphaNumericAmount(Super Distributor, Agent, 2468, RC)
2022-03-14 13:30:50,824 [main] INFO angular.classes.LoginRevamp - LoginID found as: AUT_08837
2022-03-14 13:30:50,828 [main] INFO angular.classes.LoginRevamp - Password found as: Com@2468
2022-03-14 13:30:50,832 [main] INFO angular.classes.LoginRevamp - Username found as: AUTFN7086 AUTLN1035
2022-03-14 13:30:51,355 [main] INFO angular.pageobjects.loginpages.LoginPageRevamp - Trying to select Language
2022-03-14 13:31:21,993 [main] INFO angular.pageobjects.loginpages.LoginPageRevamp - <b>Language Selector Not Found:</b>
2022-03-14 13:31:22,024 [main] INFO angular.pageobjects.loginpages.LoginPageRevamp - Trying to enter Login ID
2022-03-14 13:32:23,325 [main] INFO com.classes.BaseTest - org.openqa.selenium.TimeoutException: Expected condition failed: waiting for visibility of Proxy element for: DefaultElementLocator 'By.xpath: //div[@id='loginid-container']//input[@formcontrolname='login_id']' (tried for 20 second(s) with 500 milliseconds interval)
2022-03-14 13:32:44,368 [main] ERROR com.sshmanager.SSHService - Error while getting SSH Server Instance : com.jcraft.jsch.JSchException: java.net.ConnectException: Connection timed out: connect
2022-03-14 13:33:04,976 [main] INFO angular.testscripts.prereuisitesangular.PreRequisite_C2STransfer_Revamp - ------------------ Test Case Execution Started For A_03_performC2STransferAlphaNumericAmount -------------------
2022-03-14 13:33:04,976 [main] INFO angular.testscripts.prereuisitesangular.PreRequisite_C2STransfer_Revamp - Entered A_03_performC2STransferAlphaNumericAmount(Dealer, Agent, 2468, RC)
2022-03-14 13:33:05,125 [main] INFO com.utils.CommonUtils - Category Code for Agent: AG
2022-03-14 13:33:05,189 [main] INFO com.dbrepository.PostGreSQLRepository - Entered webInterface(Agent)
2022-03-14 13:33:05,193 [main] INFO com.dbrepository.DBConnectionPool - Active Size:0 Cache Size:10
2022-03-14 13:33:05,197 [main] INFO com.dbrepository.PostGreSQLRepository - webInterface() :: select query: Select WEB_INTERFACE_ALLOWED from categories where category_name= ?
2022-03-14 13:33:05,315 [main] INFO com.dbrepository.PostGreSQLRepository - Database Returns: WEB_INTERFACE_ALLOWED (Y)
2022-03-14 13:33:05,320 [main] INFO com.dbrepository.PostGreSQLRepository - Exited webInterface()
2022-03-14 13:33:05,325 [main] INFO angular.feature.C2STransferRevamp - Entered performC2STransferAlphaNumericAmount(Dealer, Agent, 2468, RC)
2022-03-14 13:33:05,464 [main] INFO angular.classes.LoginRevamp - LoginID found as: AUT_87570
2022-03-14 13:33:05,468 [main] INFO angular.classes.LoginRevamp - Password found as: Com@2468
2022-03-14 13:33:05,474 [main] INFO angular.classes.LoginRevamp - Username found as: AUTFN5575 AUTLN8034
2022-03-14 13:33:06,025 [main] INFO angular.pageobjects.loginpages.LoginPageRevamp - Trying to select Language
2022-03-14 13:33:36,691 [main] INFO angular.pageobjects.loginpages.LoginPageRevamp - <b>Language Selector Not Found:</b>
2022-03-14 13:33:36,729 [main] INFO angular.pageobjects.loginpages.LoginPageRevamp - Trying to enter Login ID
2022-03-14 13:34:38,028 [main] INFO com.classes.BaseTest - org.openqa.selenium.TimeoutException: Expected condition failed: waiting for visibility of Proxy element for: DefaultElementLocator 'By.xpath: //div[@id='loginid-container']//input[@formcontrolname='login_id']' (tried for 20 second(s) with 500 milliseconds interval)
2022-03-14 13:34:59,057 [main] ERROR com.sshmanager.SSHService - Error while getting SSH Server Instance : com.jcraft.jsch.JSchException: java.net.ConnectException: Connection timed out: connect
2022-03-14 13:35:19,566 [main] INFO angular.testscripts.prereuisitesangular.PreRequisite_C2STransfer_Revamp - ------------------ Test Case Execution Started For A_03_performC2STransferAlphaNumericAmount -------------------
2022-03-14 13:35:19,566 [main] INFO angular.testscripts.prereuisitesangular.PreRequisite_C2STransfer_Revamp - Entered A_03_performC2STransferAlphaNumericAmount(Agent, Retailer, 2468, RC)
2022-03-14 13:35:19,721 [main] INFO com.utils.CommonUtils - Category Code for Retailer: RET
2022-03-14 13:35:19,773 [main] INFO com.dbrepository.PostGreSQLRepository - Entered webInterface(Retailer)
2022-03-14 13:35:19,777 [main] INFO com.dbrepository.DBConnectionPool - Active Size:0 Cache Size:10
2022-03-14 13:35:19,780 [main] INFO com.dbrepository.PostGreSQLRepository - webInterface() :: select query: Select WEB_INTERFACE_ALLOWED from categories where category_name= ?
2022-03-14 13:35:19,928 [main] INFO com.dbrepository.PostGreSQLRepository - Database Returns: WEB_INTERFACE_ALLOWED (Y)
2022-03-14 13:35:19,933 [main] INFO com.dbrepository.PostGreSQLRepository - Exited webInterface()
2022-03-14 13:35:19,937 [main] INFO angular.feature.C2STransferRevamp - Entered performC2STransferAlphaNumericAmount(Agent, Retailer, 2468, RC)
2022-03-14 13:35:20,070 [main] INFO angular.classes.LoginRevamp - LoginID found as: AUT_41726
2022-03-14 13:35:20,075 [main] INFO angular.classes.LoginRevamp - Password found as: Com@2468
2022-03-14 13:35:20,078 [main] INFO angular.classes.LoginRevamp - Username found as: AUTFN4270 AUTLN3932
2022-03-14 13:35:20,648 [main] INFO angular.pageobjects.loginpages.LoginPageRevamp - Trying to select Language
2022-03-14 13:35:51,334 [main] INFO angular.pageobjects.loginpages.LoginPageRevamp - <b>Language Selector Not Found:</b>
2022-03-14 13:35:51,372 [main] INFO angular.pageobjects.loginpages.LoginPageRevamp - Trying to enter Login ID
2022-03-14 13:36:52,711 [main] INFO com.classes.BaseTest - org.openqa.selenium.TimeoutException: Expected condition failed: waiting for visibility of Proxy element for: DefaultElementLocator 'By.xpath: //div[@id='loginid-container']//input[@formcontrolname='login_id']' (tried for 20 second(s) with 500 milliseconds interval)
2022-03-14 13:37:13,729 [main] ERROR com.sshmanager.SSHService - Error while getting SSH Server Instance : com.jcraft.jsch.JSchException: java.net.ConnectException: Connection timed out: connect
2022-03-14 13:37:36,284 [main] INFO angular.testscripts.prereuisitesangular.PreRequisite_C2STransfer_Revamp - ------------------ Test Case Execution Started For A_04_performC2STransferNegativeAmount -------------------
2022-03-14 13:37:36,284 [main] INFO angular.testscripts.prereuisitesangular.PreRequisite_C2STransfer_Revamp - Entered A_04_performC2STransferNegativeAmount(Root, Super Distributor, 2468, RC)
2022-03-14 13:37:36,435 [main] INFO com.utils.CommonUtils - Category Code for Super Distributor: DIST
2022-03-14 13:37:36,498 [main] INFO com.dbrepository.PostGreSQLRepository - Entered webInterface(Super Distributor)
2022-03-14 13:37:36,503 [main] INFO com.dbrepository.DBConnectionPool - Active Size:0 Cache Size:10
2022-03-14 13:37:36,507 [main] INFO com.dbrepository.PostGreSQLRepository - webInterface() :: select query: Select WEB_INTERFACE_ALLOWED from categories where category_name= ?
2022-03-14 13:37:36,636 [main] INFO com.dbrepository.PostGreSQLRepository - Database Returns: WEB_INTERFACE_ALLOWED (Y)
2022-03-14 13:37:36,641 [main] INFO com.dbrepository.PostGreSQLRepository - Exited webInterface()
2022-03-14 13:37:36,646 [main] INFO angular.feature.C2STransferRevamp - Entered performC2STransferNegativeAmount(Root, Super Distributor, 2468, RC)
2022-03-14 13:37:36,780 [main] INFO angular.classes.LoginRevamp - LoginID found as: AUT_48675
2022-03-14 13:37:36,784 [main] INFO angular.classes.LoginRevamp - Password found as: Com@2468
2022-03-14 13:37:36,789 [main] INFO angular.classes.LoginRevamp - Username found as: AUTFN1393 AUTLN2379
2022-03-14 13:37:37,334 [main] INFO angular.pageobjects.loginpages.LoginPageRevamp - Trying to select Language
2022-03-14 13:38:07,954 [main] INFO angular.pageobjects.loginpages.LoginPageRevamp - <b>Language Selector Not Found:</b>
2022-03-14 13:38:07,984 [main] INFO angular.pageobjects.loginpages.LoginPageRevamp - Trying to enter Login ID
2022-03-14 13:39:09,295 [main] INFO com.classes.BaseTest - org.openqa.selenium.TimeoutException: Expected condition failed: waiting for visibility of Proxy element for: DefaultElementLocator 'By.xpath: //div[@id='loginid-container']//input[@formcontrolname='login_id']' (tried for 20 second(s) with 500 milliseconds interval)
2022-03-14 13:39:30,349 [main] ERROR com.sshmanager.SSHService - Error while getting SSH Server Instance : com.jcraft.jsch.JSchException: java.net.ConnectException: Connection timed out: connect
2022-03-14 13:39:50,888 [main] INFO angular.testscripts.prereuisitesangular.PreRequisite_C2STransfer_Revamp - ------------------ Test Case Execution Started For A_04_performC2STransferNegativeAmount -------------------
2022-03-14 13:39:50,888 [main] INFO angular.testscripts.prereuisitesangular.PreRequisite_C2STransfer_Revamp - Entered A_04_performC2STransferNegativeAmount(Super Distributor, Dealer, 2468, RC)
2022-03-14 13:39:51,016 [main] INFO com.utils.CommonUtils - Category Code for Dealer: SE
2022-03-14 13:39:51,069 [main] INFO com.dbrepository.PostGreSQLRepository - Entered webInterface(Dealer)
2022-03-14 13:39:51,073 [main] INFO com.dbrepository.DBConnectionPool - Active Size:0 Cache Size:10
2022-03-14 13:39:51,076 [main] INFO com.dbrepository.PostGreSQLRepository - webInterface() :: select query: Select WEB_INTERFACE_ALLOWED from categories where category_name= ?
2022-03-14 13:39:51,186 [main] INFO com.dbrepository.PostGreSQLRepository - Database Returns: WEB_INTERFACE_ALLOWED (Y)
2022-03-14 13:39:51,190 [main] INFO com.dbrepository.PostGreSQLRepository - Exited webInterface()
2022-03-14 13:39:51,194 [main] INFO angular.feature.C2STransferRevamp - Entered performC2STransferNegativeAmount(Super Distributor, Dealer, 2468, RC)
2022-03-14 13:39:51,316 [main] INFO angular.classes.LoginRevamp - LoginID found as: AUT_19995
2022-03-14 13:39:51,321 [main] INFO angular.classes.LoginRevamp - Password found as: Com@2468
2022-03-14 13:39:51,324 [main] INFO angular.classes.LoginRevamp - Username found as: AUTFN6751 AUTLN4189
2022-03-14 13:39:51,874 [main] INFO angular.pageobjects.loginpages.LoginPageRevamp - Trying to select Language
2022-03-14 13:40:22,517 [main] INFO angular.pageobjects.loginpages.LoginPageRevamp - <b>Language Selector Not Found:</b>
2022-03-14 13:40:22,548 [main] INFO angular.pageobjects.loginpages.LoginPageRevamp - Trying to enter Login ID
2022-03-14 13:41:23,877 [main] INFO com.classes.BaseTest - org.openqa.selenium.TimeoutException: Expected condition failed: waiting for visibility of Proxy element for: DefaultElementLocator 'By.xpath: //div[@id='loginid-container']//input[@formcontrolname='login_id']' (tried for 20 second(s) with 500 milliseconds interval)
2022-03-14 13:41:44,923 [main] ERROR com.sshmanager.SSHService - Error while getting SSH Server Instance : com.jcraft.jsch.JSchException: java.net.ConnectException: Connection timed out: connect
2022-03-14 13:42:05,731 [main] INFO angular.testscripts.prereuisitesangular.PreRequisite_C2STransfer_Revamp - ------------------ Test Case Execution Started For A_04_performC2STransferNegativeAmount -------------------
2022-03-14 13:42:05,731 [main] INFO angular.testscripts.prereuisitesangular.PreRequisite_C2STransfer_Revamp - Entered A_04_performC2STransferNegativeAmount(Super Distributor, Agent, 2468, RC)
2022-03-14 13:42:05,777 [main] INFO com.utils.CommonUtils - Category Code for Agent: AG
2022-03-14 13:42:05,801 [main] INFO com.dbrepository.PostGreSQLRepository - Entered webInterface(Agent)
2022-03-14 13:42:05,803 [main] INFO com.dbrepository.DBConnectionPool - Active Size:0 Cache Size:10
2022-03-14 13:42:05,804 [main] INFO com.dbrepository.PostGreSQLRepository - webInterface() :: select query: Select WEB_INTERFACE_ALLOWED from categories where category_name= ?
2022-03-14 13:42:05,942 [main] INFO com.dbrepository.PostGreSQLRepository - Database Returns: WEB_INTERFACE_ALLOWED (Y)
2022-03-14 13:42:05,945 [main] INFO com.dbrepository.PostGreSQLRepository - Exited webInterface()
2022-03-14 13:42:05,948 [main] INFO angular.feature.C2STransferRevamp - Entered performC2STransferNegativeAmount(Super Distributor, Agent, 2468, RC)
2022-03-14 13:42:05,993 [main] INFO angular.classes.LoginRevamp - LoginID found as: AUT_08837
2022-03-14 13:42:05,994 [main] INFO angular.classes.LoginRevamp - Password found as: Com@2468
2022-03-14 13:42:05,997 [main] INFO angular.classes.LoginRevamp - Username found as: AUTFN7086 AUTLN1035
2022-03-14 13:42:06,627 [main] INFO angular.pageobjects.loginpages.LoginPageRevamp - Trying to select Language
2022-03-14 13:42:37,290 [main] INFO angular.pageobjects.loginpages.LoginPageRevamp - <b>Language Selector Not Found:</b>
2022-03-14 13:42:37,324 [main] INFO angular.pageobjects.loginpages.LoginPageRevamp - Trying to enter Login ID
2022-03-14 13:43:38,671 [main] INFO com.classes.BaseTest - org.openqa.selenium.TimeoutException: Expected condition failed: waiting for visibility of Proxy element for: DefaultElementLocator 'By.xpath: //div[@id='loginid-container']//input[@formcontrolname='login_id']' (tried for 20 second(s) with 500 milliseconds interval)
2022-03-14 13:43:59,725 [main] ERROR com.sshmanager.SSHService - Error while getting SSH Server Instance : com.jcraft.jsch.JSchException: java.net.ConnectException: Connection timed out: connect
2022-03-14 13:44:20,582 [main] INFO angular.testscripts.prereuisitesangular.PreRequisite_C2STransfer_Revamp - ------------------ Test Case Execution Started For A_04_performC2STransferNegativeAmount -------------------
2022-03-14 13:44:20,583 [main] INFO angular.testscripts.prereuisitesangular.PreRequisite_C2STransfer_Revamp - Entered A_04_performC2STransferNegativeAmount(Dealer, Agent, 2468, RC)
2022-03-14 13:44:20,629 [main] INFO com.utils.CommonUtils - Category Code for Agent: AG
2022-03-14 13:44:20,654 [main] INFO com.dbrepository.PostGreSQLRepository - Entered webInterface(Agent)
2022-03-14 13:44:20,655 [main] INFO com.dbrepository.DBConnectionPool - Active Size:0 Cache Size:10
2022-03-14 13:44:20,657 [main] INFO com.dbrepository.PostGreSQLRepository - webInterface() :: select query: Select WEB_INTERFACE_ALLOWED from categories where category_name= ?
2022-03-14 13:44:20,772 [main] INFO com.dbrepository.PostGreSQLRepository - Database Returns: WEB_INTERFACE_ALLOWED (Y)
2022-03-14 13:44:20,777 [main] INFO com.dbrepository.PostGreSQLRepository - Exited webInterface()
2022-03-14 13:44:20,780 [main] INFO angular.feature.C2STransferRevamp - Entered performC2STransferNegativeAmount(Dealer, Agent, 2468, RC)
2022-03-14 13:44:20,839 [main] INFO angular.classes.LoginRevamp - LoginID found as: AUT_87570
2022-03-14 13:44:20,840 [main] INFO angular.classes.LoginRevamp - Password found as: Com@2468
2022-03-14 13:44:20,842 [main] INFO angular.classes.LoginRevamp - Username found as: AUTFN5575 AUTLN8034
2022-03-14 13:44:21,459 [main] INFO angular.pageobjects.loginpages.LoginPageRevamp - Trying to select Language
2022-03-14 13:44:52,160 [main] INFO angular.pageobjects.loginpages.LoginPageRevamp - <b>Language Selector Not Found:</b>
2022-03-14 13:44:52,198 [main] INFO angular.pageobjects.loginpages.LoginPageRevamp - Trying to enter Login ID
2022-03-14 13:45:53,494 [main] INFO com.classes.BaseTest - org.openqa.selenium.TimeoutException: Expected condition failed: waiting for visibility of Proxy element for: DefaultElementLocator 'By.xpath: //div[@id='loginid-container']//input[@formcontrolname='login_id']' (tried for 20 second(s) with 500 milliseconds interval)
2022-03-14 13:46:14,531 [main] ERROR com.sshmanager.SSHService - Error while getting SSH Server Instance : com.jcraft.jsch.JSchException: java.net.ConnectException: Connection timed out: connect
2022-03-14 13:46:35,007 [main] INFO angular.testscripts.prereuisitesangular.PreRequisite_C2STransfer_Revamp - ------------------ Test Case Execution Started For A_04_performC2STransferNegativeAmount -------------------
2022-03-14 13:46:35,007 [main] INFO angular.testscripts.prereuisitesangular.PreRequisite_C2STransfer_Revamp - Entered A_04_performC2STransferNegativeAmount(Agent, Retailer, 2468, RC)
2022-03-14 13:46:35,140 [main] INFO com.utils.CommonUtils - Category Code for Retailer: RET
2022-03-14 13:46:35,199 [main] INFO com.dbrepository.PostGreSQLRepository - Entered webInterface(Retailer)
2022-03-14 13:46:35,203 [main] INFO com.dbrepository.DBConnectionPool - Active Size:0 Cache Size:10
2022-03-14 13:46:35,207 [main] INFO com.dbrepository.PostGreSQLRepository - webInterface() :: select query: Select WEB_INTERFACE_ALLOWED from categories where category_name= ?
2022-03-14 13:46:35,348 [main] INFO com.dbrepository.PostGreSQLRepository - Database Returns: WEB_INTERFACE_ALLOWED (Y)
2022-03-14 13:46:35,352 [main] INFO com.dbrepository.PostGreSQLRepository - Exited webInterface()
2022-03-14 13:46:35,356 [main] INFO angular.feature.C2STransferRevamp - Entered performC2STransferNegativeAmount(Agent, Retailer, 2468, RC)
2022-03-14 13:46:35,464 [main] INFO angular.classes.LoginRevamp - LoginID found as: AUT_41726
2022-03-14 13:46:35,469 [main] INFO angular.classes.LoginRevamp - Password found as: Com@2468
2022-03-14 13:46:35,473 [main] INFO angular.classes.LoginRevamp - Username found as: AUTFN4270 AUTLN3932
2022-03-14 13:46:36,031 [main] INFO angular.pageobjects.loginpages.LoginPageRevamp - Trying to select Language
2022-03-14 13:47:06,643 [main] INFO angular.pageobjects.loginpages.LoginPageRevamp - <b>Language Selector Not Found:</b>
2022-03-14 13:47:06,681 [main] INFO angular.pageobjects.loginpages.LoginPageRevamp - Trying to enter Login ID
2022-03-14 13:48:07,986 [main] INFO com.classes.BaseTest - org.openqa.selenium.TimeoutException: Expected condition failed: waiting for visibility of Proxy element for: DefaultElementLocator 'By.xpath: //div[@id='loginid-container']//input[@formcontrolname='login_id']' (tried for 20 second(s) with 500 milliseconds interval)
2022-03-14 13:48:29,023 [main] ERROR com.sshmanager.SSHService - Error while getting SSH Server Instance : com.jcraft.jsch.JSchException: java.net.ConnectException: Connection timed out: connect
2022-03-14 13:48:51,118 [main] INFO angular.testscripts.prereuisitesangular.PreRequisite_C2STransfer_Revamp - ------------------ Test Case Execution Started For A_05_performC2STransferZeroAmount -------------------
2022-03-14 13:48:51,118 [main] INFO angular.testscripts.prereuisitesangular.PreRequisite_C2STransfer_Revamp - Entered A_05_performC2STransferZeroAmount(Root, Super Distributor, 2468, RC)
2022-03-14 13:48:51,246 [main] INFO com.utils.CommonUtils - Category Code for Super Distributor: DIST
2022-03-14 13:48:51,302 [main] INFO com.dbrepository.PostGreSQLRepository - Entered webInterface(Super Distributor)
2022-03-14 13:48:51,306 [main] INFO com.dbrepository.DBConnectionPool - Active Size:0 Cache Size:10
2022-03-14 13:48:51,310 [main] INFO com.dbrepository.PostGreSQLRepository - webInterface() :: select query: Select WEB_INTERFACE_ALLOWED from categories where category_name= ?
2022-03-14 13:48:51,440 [main] INFO com.dbrepository.PostGreSQLRepository - Database Returns: WEB_INTERFACE_ALLOWED (Y)
2022-03-14 13:48:51,446 [main] INFO com.dbrepository.PostGreSQLRepository - Exited webInterface()
2022-03-14 13:48:51,450 [main] INFO angular.feature.C2STransferRevamp - Entered performC2STransferZeroAmount(Root, Super Distributor, 2468, RC)
2022-03-14 13:48:51,590 [main] INFO angular.classes.LoginRevamp - LoginID found as: AUT_48675
2022-03-14 13:48:51,595 [main] INFO angular.classes.LoginRevamp - Password found as: Com@2468
2022-03-14 13:48:51,599 [main] INFO angular.classes.LoginRevamp - Username found as: AUTFN1393 AUTLN2379
2022-03-14 13:48:52,156 [main] INFO angular.pageobjects.loginpages.LoginPageRevamp - Trying to select Language
2022-03-14 13:49:22,810 [main] INFO angular.pageobjects.loginpages.LoginPageRevamp - <b>Language Selector Not Found:</b>
2022-03-14 13:49:22,842 [main] INFO angular.pageobjects.loginpages.LoginPageRevamp - Trying to enter Login ID
2022-03-14 13:50:24,139 [main] INFO com.classes.BaseTest - org.openqa.selenium.TimeoutException: Expected condition failed: waiting for visibility of Proxy element for: DefaultElementLocator 'By.xpath: //div[@id='loginid-container']//input[@formcontrolname='login_id']' (tried for 20 second(s) with 500 milliseconds interval)
2022-03-14 13:50:45,189 [main] ERROR com.sshmanager.SSHService - Error while getting SSH Server Instance : com.jcraft.jsch.JSchException: java.net.ConnectException: Connection timed out: connect
2022-03-14 13:51:05,691 [main] INFO angular.testscripts.prereuisitesangular.PreRequisite_C2STransfer_Revamp - ------------------ Test Case Execution Started For A_05_performC2STransferZeroAmount -------------------
2022-03-14 13:51:05,691 [main] INFO angular.testscripts.prereuisitesangular.PreRequisite_C2STransfer_Revamp - Entered A_05_performC2STransferZeroAmount(Super Distributor, Dealer, 2468, RC)
2022-03-14 13:51:05,829 [main] INFO com.utils.CommonUtils - Category Code for Dealer: SE
2022-03-14 13:51:05,897 [main] INFO com.dbrepository.PostGreSQLRepository - Entered webInterface(Dealer)
2022-03-14 13:51:05,902 [main] INFO com.dbrepository.DBConnectionPool - Active Size:0 Cache Size:10
2022-03-14 13:51:05,906 [main] INFO com.dbrepository.PostGreSQLRepository - webInterface() :: select query: Select WEB_INTERFACE_ALLOWED from categories where category_name= ?
2022-03-14 13:51:06,022 [main] INFO com.dbrepository.PostGreSQLRepository - Database Returns: WEB_INTERFACE_ALLOWED (Y)
2022-03-14 13:51:06,027 [main] INFO com.dbrepository.PostGreSQLRepository - Exited webInterface()
2022-03-14 13:51:06,033 [main] INFO angular.feature.C2STransferRevamp - Entered performC2STransferZeroAmount(Super Distributor, Dealer, 2468, RC)
2022-03-14 13:51:06,174 [main] INFO angular.classes.LoginRevamp - LoginID found as: AUT_19995
2022-03-14 13:51:06,178 [main] INFO angular.classes.LoginRevamp - Password found as: Com@2468
2022-03-14 13:51:06,183 [main] INFO angular.classes.LoginRevamp - Username found as: AUTFN6751 AUTLN4189
2022-03-14 13:51:06,760 [main] INFO angular.pageobjects.loginpages.LoginPageRevamp - Trying to select Language
2022-03-14 13:51:37,425 [main] INFO angular.pageobjects.loginpages.LoginPageRevamp - <b>Language Selector Not Found:</b>
2022-03-14 13:51:37,470 [main] INFO angular.pageobjects.loginpages.LoginPageRevamp - Trying to enter Login ID
2022-03-14 13:52:38,805 [main] INFO com.classes.BaseTest - org.openqa.selenium.TimeoutException: Expected condition failed: waiting for visibility of Proxy element for: DefaultElementLocator 'By.xpath: //div[@id='loginid-container']//input[@formcontrolname='login_id']' (tried for 20 second(s) with 500 milliseconds interval)
2022-03-14 13:52:59,837 [main] ERROR com.sshmanager.SSHService - Error while getting SSH Server Instance : com.jcraft.jsch.JSchException: java.net.ConnectException: Connection timed out: connect
2022-03-14 13:53:20,338 [main] INFO angular.testscripts.prereuisitesangular.PreRequisite_C2STransfer_Revamp - ------------------ Test Case Execution Started For A_05_performC2STransferZeroAmount -------------------
2022-03-14 13:53:20,338 [main] INFO angular.testscripts.prereuisitesangular.PreRequisite_C2STransfer_Revamp - Entered A_05_performC2STransferZeroAmount(Super Distributor, Agent, 2468, RC)
2022-03-14 13:53:20,469 [main] INFO com.utils.CommonUtils - Category Code for Agent: AG
2022-03-14 13:53:20,525 [main] INFO com.dbrepository.PostGreSQLRepository - Entered webInterface(Agent)
2022-03-14 13:53:20,529 [main] INFO com.dbrepository.DBConnectionPool - Active Size:0 Cache Size:10
2022-03-14 13:53:20,533 [main] INFO com.dbrepository.PostGreSQLRepository - webInterface() :: select query: Select WEB_INTERFACE_ALLOWED from categories where category_name= ?
2022-03-14 13:53:21,184 [main] INFO com.dbrepository.PostGreSQLRepository - Database Returns: WEB_INTERFACE_ALLOWED (Y)
2022-03-14 13:53:21,187 [main] INFO com.dbrepository.PostGreSQLRepository - Exited webInterface()
2022-03-14 13:53:21,190 [main] INFO angular.feature.C2STransferRevamp - Entered performC2STransferZeroAmount(Super Distributor, Agent, 2468, RC)
2022-03-14 13:53:21,286 [main] INFO angular.classes.LoginRevamp - LoginID found as: AUT_08837
2022-03-14 13:53:21,289 [main] INFO angular.classes.LoginRevamp - Password found as: Com@2468
2022-03-14 13:53:21,292 [main] INFO angular.classes.LoginRevamp - Username found as: AUTFN7086 AUTLN1035
2022-03-14 13:53:22,341 [main] INFO angular.pageobjects.loginpages.LoginPageRevamp - Trying to select Language
2022-03-14 13:53:52,976 [main] INFO angular.pageobjects.loginpages.LoginPageRevamp - <b>Language Selector Not Found:</b>
2022-03-14 13:53:53,007 [main] INFO angular.pageobjects.loginpages.LoginPageRevamp - Trying to enter Login ID
2022-03-14 13:54:54,332 [main] INFO com.classes.BaseTest - org.openqa.selenium.TimeoutException: Expected condition failed: waiting for visibility of Proxy element for: DefaultElementLocator 'By.xpath: //div[@id='loginid-container']//input[@formcontrolname='login_id']' (tried for 20 second(s) with 500 milliseconds interval)
2022-03-14 13:55:15,381 [main] ERROR com.sshmanager.SSHService - Error while getting SSH Server Instance : com.jcraft.jsch.JSchException: java.net.ConnectException: Connection timed out: connect
2022-03-14 13:55:36,270 [main] INFO angular.testscripts.prereuisitesangular.PreRequisite_C2STransfer_Revamp - ------------------ Test Case Execution Started For A_05_performC2STransferZeroAmount -------------------
2022-03-14 13:55:36,270 [main] INFO angular.testscripts.prereuisitesangular.PreRequisite_C2STransfer_Revamp - Entered A_05_performC2STransferZeroAmount(Dealer, Agent, 2468, RC)
2022-03-14 13:55:36,399 [main] INFO com.utils.CommonUtils - Category Code for Agent: AG
2022-03-14 13:55:36,462 [main] INFO com.dbrepository.PostGreSQLRepository - Entered webInterface(Agent)
2022-03-14 13:55:36,466 [main] INFO com.dbrepository.DBConnectionPool - Active Size:0 Cache Size:10
2022-03-14 13:55:36,470 [main] INFO com.dbrepository.PostGreSQLRepository - webInterface() :: select query: Select WEB_INTERFACE_ALLOWED from categories where category_name= ?
2022-03-14 13:55:36,698 [main] INFO com.dbrepository.PostGreSQLRepository - Database Returns: WEB_INTERFACE_ALLOWED (Y)
2022-03-14 13:55:36,702 [main] INFO com.dbrepository.PostGreSQLRepository - Exited webInterface()
2022-03-14 13:55:36,707 [main] INFO angular.feature.C2STransferRevamp - Entered performC2STransferZeroAmount(Dealer, Agent, 2468, RC)
2022-03-14 13:55:36,837 [main] INFO angular.classes.LoginRevamp - LoginID found as: AUT_87570
2022-03-14 13:55:36,841 [main] INFO angular.classes.LoginRevamp - Password found as: Com@2468
2022-03-14 13:55:36,845 [main] INFO angular.classes.LoginRevamp - Username found as: AUTFN5575 AUTLN8034
2022-03-14 13:55:37,474 [main] INFO angular.pageobjects.loginpages.LoginPageRevamp - Trying to select Language
2022-03-14 13:56:08,087 [main] INFO angular.pageobjects.loginpages.LoginPageRevamp - <b>Language Selector Not Found:</b>
2022-03-14 13:56:08,123 [main] INFO angular.pageobjects.loginpages.LoginPageRevamp - Trying to enter Login ID
2022-03-14 13:57:09,408 [main] INFO com.classes.BaseTest - org.openqa.selenium.TimeoutException: Expected condition failed: waiting for visibility of Proxy element for: DefaultElementLocator 'By.xpath: //div[@id='loginid-container']//input[@formcontrolname='login_id']' (tried for 20 second(s) with 500 milliseconds interval)
2022-03-14 13:57:30,458 [main] ERROR com.sshmanager.SSHService - Error while getting SSH Server Instance : com.jcraft.jsch.JSchException: java.net.ConnectException: Connection timed out: connect
2022-03-14 13:57:51,267 [main] INFO angular.testscripts.prereuisitesangular.PreRequisite_C2STransfer_Revamp - ------------------ Test Case Execution Started For A_05_performC2STransferZeroAmount -------------------
2022-03-14 13:57:51,267 [main] INFO angular.testscripts.prereuisitesangular.PreRequisite_C2STransfer_Revamp - Entered A_05_performC2STransferZeroAmount(Agent, Retailer, 2468, RC)
2022-03-14 13:57:51,398 [main] INFO com.utils.CommonUtils - Category Code for Retailer: RET
2022-03-14 13:57:51,445 [main] INFO com.dbrepository.PostGreSQLRepository - Entered webInterface(Retailer)
2022-03-14 13:57:51,448 [main] INFO com.dbrepository.DBConnectionPool - Active Size:0 Cache Size:10
2022-03-14 13:57:51,451 [main] INFO com.dbrepository.PostGreSQLRepository - webInterface() :: select query: Select WEB_INTERFACE_ALLOWED from categories where category_name= ?
2022-03-14 13:57:51,556 [main] INFO com.dbrepository.PostGreSQLRepository - Database Returns: WEB_INTERFACE_ALLOWED (Y)
2022-03-14 13:57:51,559 [main] INFO com.dbrepository.PostGreSQLRepository - Exited webInterface()
2022-03-14 13:57:51,564 [main] INFO angular.feature.C2STransferRevamp - Entered performC2STransferZeroAmount(Agent, Retailer, 2468, RC)
2022-03-14 13:57:51,688 [main] INFO angular.classes.LoginRevamp - LoginID found as: AUT_41726
2022-03-14 13:57:51,691 [main] INFO angular.classes.LoginRevamp - Password found as: Com@2468
2022-03-14 13:57:51,695 [main] INFO angular.classes.LoginRevamp - Username found as: AUTFN4270 AUTLN3932
2022-03-14 13:57:52,395 [main] INFO angular.pageobjects.loginpages.LoginPageRevamp - Trying to select Language
2022-03-14 13:58:23,041 [main] INFO angular.pageobjects.loginpages.LoginPageRevamp - <b>Language Selector Not Found:</b>
2022-03-14 13:58:23,085 [main] INFO angular.pageobjects.loginpages.LoginPageRevamp - Trying to enter Login ID
2022-03-14 13:59:24,306 [main] INFO com.classes.BaseTest - org.openqa.selenium.TimeoutException: Expected condition failed: waiting for visibility of Proxy element for: DefaultElementLocator 'By.xpath: //div[@id='loginid-container']//input[@formcontrolname='login_id']' (tried for 20 second(s) with 500 milliseconds interval)
2022-03-14 13:59:45,358 [main] ERROR com.sshmanager.SSHService - Error while getting SSH Server Instance : com.jcraft.jsch.JSchException: java.net.ConnectException: Connection timed out: connect
2022-03-14 14:00:07,763 [main] INFO angular.testscripts.prereuisitesangular.PreRequisite_C2STransfer_Revamp - ------------------ Test Case Execution Started For A_06_performC2STransferBlankPIN -------------------
2022-03-14 14:00:07,764 [main] INFO angular.testscripts.prereuisitesangular.PreRequisite_C2STransfer_Revamp - Entered A_06_performC2STransferBlankPIN(Root, Super Distributor, 2468, RC)
2022-03-14 14:00:07,888 [main] INFO com.utils.CommonUtils - Category Code for Super Distributor: DIST
2022-03-14 14:00:07,941 [main] INFO com.dbrepository.PostGreSQLRepository - Entered webInterface(Super Distributor)
2022-03-14 14:00:07,945 [main] INFO com.dbrepository.DBConnectionPool - Active Size:0 Cache Size:10
2022-03-14 14:00:07,950 [main] INFO com.dbrepository.PostGreSQLRepository - webInterface() :: select query: Select WEB_INTERFACE_ALLOWED from categories where category_name= ?
2022-03-14 14:00:08,162 [main] INFO com.dbrepository.PostGreSQLRepository - Database Returns: WEB_INTERFACE_ALLOWED (Y)
2022-03-14 14:00:08,166 [main] INFO com.dbrepository.PostGreSQLRepository - Exited webInterface()
2022-03-14 14:00:08,169 [main] INFO angular.feature.C2STransferRevamp - Entered performC2STransferBlankPIN(Root, Super Distributor, 2468, RC)
2022-03-14 14:00:08,287 [main] INFO angular.classes.LoginRevamp - LoginID found as: AUT_48675
2022-03-14 14:00:08,292 [main] INFO angular.classes.LoginRevamp - Password found as: Com@2468
2022-03-14 14:00:08,297 [main] INFO angular.classes.LoginRevamp - Username found as: AUTFN1393 AUTLN2379
2022-03-14 14:00:09,009 [main] INFO angular.pageobjects.loginpages.LoginPageRevamp - Trying to select Language
2022-03-14 14:00:39,618 [main] INFO angular.pageobjects.loginpages.LoginPageRevamp - <b>Language Selector Not Found:</b>
2022-03-14 14:00:39,647 [main] INFO angular.pageobjects.loginpages.LoginPageRevamp - Trying to enter Login ID
2022-03-14 14:01:40,879 [main] INFO com.classes.BaseTest - org.openqa.selenium.TimeoutException: Expected condition failed: waiting for visibility of Proxy element for: DefaultElementLocator 'By.xpath: //div[@id='loginid-container']//input[@formcontrolname='login_id']' (tried for 20 second(s) with 500 milliseconds interval)
2022-03-14 14:02:01,932 [main] ERROR com.sshmanager.SSHService - Error while getting SSH Server Instance : com.jcraft.jsch.JSchException: java.net.ConnectException: Connection timed out: connect
2022-03-14 14:02:22,754 [main] INFO angular.testscripts.prereuisitesangular.PreRequisite_C2STransfer_Revamp - ------------------ Test Case Execution Started For A_06_performC2STransferBlankPIN -------------------
2022-03-14 14:02:22,755 [main] INFO angular.testscripts.prereuisitesangular.PreRequisite_C2STransfer_Revamp - Entered A_06_performC2STransferBlankPIN(Super Distributor, Dealer, 2468, RC)
2022-03-14 14:02:22,857 [main] INFO com.utils.CommonUtils - Category Code for Dealer: SE
2022-03-14 14:02:22,912 [main] INFO com.dbrepository.PostGreSQLRepository - Entered webInterface(Dealer)
2022-03-14 14:02:22,916 [main] INFO com.dbrepository.DBConnectionPool - Active Size:0 Cache Size:10
2022-03-14 14:02:22,920 [main] INFO com.dbrepository.PostGreSQLRepository - webInterface() :: select query: Select WEB_INTERFACE_ALLOWED from categories where category_name= ?
2022-03-14 14:02:23,122 [main] INFO com.dbrepository.PostGreSQLRepository - Database Returns: WEB_INTERFACE_ALLOWED (Y)
2022-03-14 14:02:23,126 [main] INFO com.dbrepository.PostGreSQLRepository - Exited webInterface()
2022-03-14 14:02:23,130 [main] INFO angular.feature.C2STransferRevamp - Entered performC2STransferBlankPIN(Super Distributor, Dealer, 2468, RC)
2022-03-14 14:02:23,235 [main] INFO angular.classes.LoginRevamp - LoginID found as: AUT_19995
2022-03-14 14:02:23,239 [main] INFO angular.classes.LoginRevamp - Password found as: Com@2468
2022-03-14 14:02:23,243 [main] INFO angular.classes.LoginRevamp - Username found as: AUTFN6751 AUTLN4189
2022-03-14 14:02:23,843 [main] INFO angular.pageobjects.loginpages.LoginPageRevamp - Trying to select Language
2022-03-14 14:02:54,477 [main] INFO angular.pageobjects.loginpages.LoginPageRevamp - <b>Language Selector Not Found:</b>
2022-03-14 14:02:54,508 [main] INFO angular.pageobjects.loginpages.LoginPageRevamp - Trying to enter Login ID
2022-03-14 14:03:55,768 [main] INFO com.classes.BaseTest - org.openqa.selenium.TimeoutException: Expected condition failed: waiting for visibility of Proxy element for: DefaultElementLocator 'By.xpath: //div[@id='loginid-container']//input[@formcontrolname='login_id']' (tried for 20 second(s) with 500 milliseconds interval)
2022-03-14 14:04:16,807 [main] ERROR com.sshmanager.SSHService - Error while getting SSH Server Instance : com.jcraft.jsch.JSchException: java.net.ConnectException: Connection timed out: connect
2022-03-14 14:04:37,637 [main] INFO angular.testscripts.prereuisitesangular.PreRequisite_C2STransfer_Revamp - ------------------ Test Case Execution Started For A_06_performC2STransferBlankPIN -------------------
2022-03-14 14:04:37,637 [main] INFO angular.testscripts.prereuisitesangular.PreRequisite_C2STransfer_Revamp - Entered A_06_performC2STransferBlankPIN(Super Distributor, Agent, 2468, RC)
2022-03-14 14:04:37,753 [main] INFO com.utils.CommonUtils - Category Code for Agent: AG
2022-03-14 14:04:37,802 [main] INFO com.dbrepository.PostGreSQLRepository - Entered webInterface(Agent)
2022-03-14 14:04:37,805 [main] INFO com.dbrepository.DBConnectionPool - Active Size:0 Cache Size:10
2022-03-14 14:04:37,807 [main] INFO com.dbrepository.PostGreSQLRepository - webInterface() :: select query: Select WEB_INTERFACE_ALLOWED from categories where category_name= ?
2022-03-14 14:04:38,085 [main] INFO com.dbrepository.PostGreSQLRepository - Database Returns: WEB_INTERFACE_ALLOWED (Y)
2022-03-14 14:04:38,090 [main] INFO com.dbrepository.PostGreSQLRepository - Exited webInterface()
2022-03-14 14:04:38,094 [main] INFO angular.feature.C2STransferRevamp - Entered performC2STransferBlankPIN(Super Distributor, Agent, 2468, RC)
2022-03-14 14:04:38,217 [main] INFO angular.classes.LoginRevamp - LoginID found as: AUT_08837
2022-03-14 14:04:38,221 [main] INFO angular.classes.LoginRevamp - Password found as: Com@2468
2022-03-14 14:04:38,224 [main] INFO angular.classes.LoginRevamp - Username found as: AUTFN7086 AUTLN1035
2022-03-14 14:04:38,779 [main] INFO angular.pageobjects.loginpages.LoginPageRevamp - Trying to select Language
2022-03-14 14:05:09,348 [main] INFO angular.pageobjects.loginpages.LoginPageRevamp - <b>Language Selector Not Found:</b>
2022-03-14 14:05:09,379 [main] INFO angular.pageobjects.loginpages.LoginPageRevamp - Trying to enter Login ID
2022-03-14 14:06:10,644 [main] INFO com.classes.BaseTest - org.openqa.selenium.TimeoutException: Expected condition failed: waiting for visibility of Proxy element for: DefaultElementLocator 'By.xpath: //div[@id='loginid-container']//input[@formcontrolname='login_id']' (tried for 20 second(s) with 500 milliseconds interval)
2022-03-14 14:06:31,702 [main] ERROR com.sshmanager.SSHService - Error while getting SSH Server Instance : com.jcraft.jsch.JSchException: java.net.ConnectException: Connection timed out: connect
2022-03-14 14:06:52,496 [main] INFO angular.testscripts.prereuisitesangular.PreRequisite_C2STransfer_Revamp - ------------------ Test Case Execution Started For A_06_performC2STransferBlankPIN -------------------
2022-03-14 14:06:52,496 [main] INFO angular.testscripts.prereuisitesangular.PreRequisite_C2STransfer_Revamp - Entered A_06_performC2STransferBlankPIN(Dealer, Agent, 2468, RC)
2022-03-14 14:06:52,627 [main] INFO com.utils.CommonUtils - Category Code for Agent: AG
2022-03-14 14:06:52,688 [main] INFO com.dbrepository.PostGreSQLRepository - Entered webInterface(Agent)
2022-03-14 14:06:52,692 [main] INFO com.dbrepository.DBConnectionPool - Active Size:0 Cache Size:10
2022-03-14 14:06:52,696 [main] INFO com.dbrepository.PostGreSQLRepository - webInterface() :: select query: Select WEB_INTERFACE_ALLOWED from categories where category_name= ?
2022-03-14 14:06:52,821 [main] INFO com.dbrepository.PostGreSQLRepository - Database Returns: WEB_INTERFACE_ALLOWED (Y)
2022-03-14 14:06:52,825 [main] INFO com.dbrepository.PostGreSQLRepository - Exited webInterface()
2022-03-14 14:06:52,830 [main] INFO angular.feature.C2STransferRevamp - Entered performC2STransferBlankPIN(Dealer, Agent, 2468, RC)
2022-03-14 14:06:52,931 [main] INFO angular.classes.LoginRevamp - LoginID found as: AUT_87570
2022-03-14 14:06:52,936 [main] INFO angular.classes.LoginRevamp - Password found as: Com@2468
2022-03-14 14:06:52,940 [main] INFO angular.classes.LoginRevamp - Username found as: AUTFN5575 AUTLN8034
2022-03-14 14:06:53,792 [main] INFO angular.pageobjects.loginpages.LoginPageRevamp - Trying to select Language
2022-03-14 14:07:24,451 [main] INFO angular.pageobjects.loginpages.LoginPageRevamp - <b>Language Selector Not Found:</b>
2022-03-14 14:07:24,486 [main] INFO angular.pageobjects.loginpages.LoginPageRevamp - Trying to enter Login ID
2022-03-14 14:08:25,718 [main] INFO com.classes.BaseTest - org.openqa.selenium.TimeoutException: Expected condition failed: waiting for visibility of Proxy element for: DefaultElementLocator 'By.xpath: //div[@id='loginid-container']//input[@formcontrolname='login_id']' (tried for 20 second(s) with 500 milliseconds interval)
2022-03-14 14:08:46,760 [main] ERROR com.sshmanager.SSHService - Error while getting SSH Server Instance : com.jcraft.jsch.JSchException: java.net.ConnectException: Connection timed out: connect
2022-03-14 14:09:07,576 [main] INFO angular.testscripts.prereuisitesangular.PreRequisite_C2STransfer_Revamp - ------------------ Test Case Execution Started For A_06_performC2STransferBlankPIN -------------------
2022-03-14 14:09:07,576 [main] INFO angular.testscripts.prereuisitesangular.PreRequisite_C2STransfer_Revamp - Entered A_06_performC2STransferBlankPIN(Agent, Retailer, 2468, RC)
2022-03-14 14:09:07,698 [main] INFO com.utils.CommonUtils - Category Code for Retailer: RET
2022-03-14 14:09:07,743 [main] INFO com.dbrepository.PostGreSQLRepository - Entered webInterface(Retailer)
2022-03-14 14:09:07,747 [main] INFO com.dbrepository.DBConnectionPool - Active Size:0 Cache Size:10
2022-03-14 14:09:07,752 [main] INFO com.dbrepository.PostGreSQLRepository - webInterface() :: select query: Select WEB_INTERFACE_ALLOWED from categories where category_name= ?
2022-03-14 14:09:08,011 [main] INFO com.dbrepository.PostGreSQLRepository - Database Returns: WEB_INTERFACE_ALLOWED (Y)
2022-03-14 14:09:08,015 [main] INFO com.dbrepository.PostGreSQLRepository - Exited webInterface()
2022-03-14 14:09:08,018 [main] INFO angular.feature.C2STransferRevamp - Entered performC2STransferBlankPIN(Agent, Retailer, 2468, RC)
2022-03-14 14:09:08,137 [main] INFO angular.classes.LoginRevamp - LoginID found as: AUT_41726
2022-03-14 14:09:08,141 [main] INFO angular.classes.LoginRevamp - Password found as: Com@2468
2022-03-14 14:09:08,145 [main] INFO angular.classes.LoginRevamp - Username found as: AUTFN4270 AUTLN3932
2022-03-14 14:09:08,852 [main] INFO angular.pageobjects.loginpages.LoginPageRevamp - Trying to select Language
2022-03-14 14:09:39,509 [main] INFO angular.pageobjects.loginpages.LoginPageRevamp - <b>Language Selector Not Found:</b>
2022-03-14 14:09:39,554 [main] INFO angular.pageobjects.loginpages.LoginPageRevamp - Trying to enter Login ID
2022-03-14 14:10:40,847 [main] INFO com.classes.BaseTest - org.openqa.selenium.TimeoutException: Expected condition failed: waiting for visibility of Proxy element for: DefaultElementLocator 'By.xpath: //div[@id='loginid-container']//input[@formcontrolname='login_id']' (tried for 20 second(s) with 500 milliseconds interval)
2022-03-14 14:11:01,885 [main] ERROR com.sshmanager.SSHService - Error while getting SSH Server Instance : com.jcraft.jsch.JSchException: java.net.ConnectException: Connection timed out: connect
2022-03-14 14:11:24,217 [main] INFO angular.testscripts.prereuisitesangular.PreRequisite_C2STransfer_Revamp - ------------------ Test Case Execution Started For A_07_performC2STransferInvalidPIN -------------------
2022-03-14 14:11:24,217 [main] INFO angular.testscripts.prereuisitesangular.PreRequisite_C2STransfer_Revamp - Entered A_07_performC2STransferInvalidPIN(Root, Super Distributor, 2468, RC)
2022-03-14 14:11:24,335 [main] INFO com.utils.CommonUtils - Category Code for Super Distributor: DIST
2022-03-14 14:11:24,377 [main] INFO com.dbrepository.PostGreSQLRepository - Entered webInterface(Super Distributor)
2022-03-14 14:11:24,381 [main] INFO com.dbrepository.DBConnectionPool - Active Size:0 Cache Size:10
2022-03-14 14:11:24,385 [main] INFO com.dbrepository.PostGreSQLRepository - webInterface() :: select query: Select WEB_INTERFACE_ALLOWED from categories where category_name= ?
2022-03-14 14:11:24,816 [main] INFO com.dbrepository.PostGreSQLRepository - Database Returns: WEB_INTERFACE_ALLOWED (Y)
2022-03-14 14:11:24,820 [main] INFO com.dbrepository.PostGreSQLRepository - Exited webInterface()
2022-03-14 14:11:24,824 [main] INFO angular.feature.C2STransferRevamp - Entered performC2STransferInvalidPIN(Root, Super Distributor, 2468, RC)
2022-03-14 14:11:24,940 [main] INFO angular.classes.LoginRevamp - LoginID found as: AUT_48675
2022-03-14 14:11:24,944 [main] INFO angular.classes.LoginRevamp - Password found as: Com@2468
2022-03-14 14:11:24,947 [main] INFO angular.classes.LoginRevamp - Username found as: AUTFN1393 AUTLN2379
2022-03-14 14:11:25,569 [main] INFO angular.pageobjects.loginpages.LoginPageRevamp - Trying to select Language
2022-03-14 14:11:56,200 [main] INFO angular.pageobjects.loginpages.LoginPageRevamp - <b>Language Selector Not Found:</b>
2022-03-14 14:11:56,231 [main] INFO angular.pageobjects.loginpages.LoginPageRevamp - Trying to enter Login ID
2022-03-14 14:12:57,449 [main] INFO com.classes.BaseTest - org.openqa.selenium.TimeoutException: Expected condition failed: waiting for visibility of Proxy element for: DefaultElementLocator 'By.xpath: //div[@id='loginid-container']//input[@formcontrolname='login_id']' (tried for 20 second(s) with 500 milliseconds interval)
2022-03-14 14:13:18,476 [main] ERROR com.sshmanager.SSHService - Error while getting SSH Server Instance : com.jcraft.jsch.JSchException: java.net.ConnectException: Connection timed out: connect
2022-03-14 14:13:39,308 [main] INFO angular.testscripts.prereuisitesangular.PreRequisite_C2STransfer_Revamp - ------------------ Test Case Execution Started For A_07_performC2STransferInvalidPIN -------------------
2022-03-14 14:13:39,308 [main] INFO angular.testscripts.prereuisitesangular.PreRequisite_C2STransfer_Revamp - Entered A_07_performC2STransferInvalidPIN(Super Distributor, Dealer, 2468, RC)
2022-03-14 14:13:39,427 [main] INFO com.utils.CommonUtils - Category Code for Dealer: SE
2022-03-14 14:13:39,477 [main] INFO com.dbrepository.PostGreSQLRepository - Entered webInterface(Dealer)
2022-03-14 14:13:39,482 [main] INFO com.dbrepository.DBConnectionPool - Active Size:0 Cache Size:10
2022-03-14 14:13:39,486 [main] INFO com.dbrepository.PostGreSQLRepository - webInterface() :: select query: Select WEB_INTERFACE_ALLOWED from categories where category_name= ?
2022-03-14 14:13:39,630 [main] INFO com.dbrepository.PostGreSQLRepository - Database Returns: WEB_INTERFACE_ALLOWED (Y)
2022-03-14 14:13:39,635 [main] INFO com.dbrepository.PostGreSQLRepository - Exited webInterface()
2022-03-14 14:13:39,639 [main] INFO angular.feature.C2STransferRevamp - Entered performC2STransferInvalidPIN(Super Distributor, Dealer, 2468, RC)
2022-03-14 14:13:39,746 [main] INFO angular.classes.LoginRevamp - LoginID found as: AUT_19995
2022-03-14 14:13:39,750 [main] INFO angular.classes.LoginRevamp - Password found as: Com@2468
2022-03-14 14:13:39,753 [main] INFO angular.classes.LoginRevamp - Username found as: AUTFN6751 AUTLN4189
2022-03-14 14:13:40,358 [main] INFO angular.pageobjects.loginpages.LoginPageRevamp - Trying to select Language
2022-03-14 14:14:10,960 [main] INFO angular.pageobjects.loginpages.LoginPageRevamp - <b>Language Selector Not Found:</b>
2022-03-14 14:14:10,990 [main] INFO angular.pageobjects.loginpages.LoginPageRevamp - Trying to enter Login ID
2022-03-14 14:15:12,211 [main] INFO com.classes.BaseTest - org.openqa.selenium.TimeoutException: Expected condition failed: waiting for visibility of Proxy element for: DefaultElementLocator 'By.xpath: //div[@id='loginid-container']//input[@formcontrolname='login_id']' (tried for 20 second(s) with 500 milliseconds interval)
2022-03-14 14:15:33,251 [main] ERROR com.sshmanager.SSHService - Error while getting SSH Server Instance : com.jcraft.jsch.JSchException: java.net.ConnectException: Connection timed out: connect
2022-03-14 14:15:54,053 [main] INFO angular.testscripts.prereuisitesangular.PreRequisite_C2STransfer_Revamp - ------------------ Test Case Execution Started For A_07_performC2STransferInvalidPIN -------------------
2022-03-14 14:15:54,053 [main] INFO angular.testscripts.prereuisitesangular.PreRequisite_C2STransfer_Revamp - Entered A_07_performC2STransferInvalidPIN(Super Distributor, Agent, 2468, RC)
2022-03-14 14:15:54,161 [main] INFO com.utils.CommonUtils - Category Code for Agent: AG
2022-03-14 14:15:54,205 [main] INFO com.dbrepository.PostGreSQLRepository - Entered webInterface(Agent)
2022-03-14 14:15:54,209 [main] INFO com.dbrepository.DBConnectionPool - Active Size:0 Cache Size:10
2022-03-14 14:15:54,212 [main] INFO com.dbrepository.PostGreSQLRepository - webInterface() :: select query: Select WEB_INTERFACE_ALLOWED from categories where category_name= ?
2022-03-14 14:15:54,434 [main] INFO com.dbrepository.PostGreSQLRepository - Database Returns: WEB_INTERFACE_ALLOWED (Y)
2022-03-14 14:15:54,438 [main] INFO com.dbrepository.PostGreSQLRepository - Exited webInterface()
2022-03-14 14:15:54,444 [main] INFO angular.feature.C2STransferRevamp - Entered performC2STransferInvalidPIN(Super Distributor, Agent, 2468, RC)
2022-03-14 14:15:54,556 [main] INFO angular.classes.LoginRevamp - LoginID found as: AUT_08837
2022-03-14 14:15:54,560 [main] INFO angular.classes.LoginRevamp - Password found as: Com@2468
2022-03-14 14:15:54,563 [main] INFO angular.classes.LoginRevamp - Username found as: AUTFN7086 AUTLN1035
2022-03-14 14:15:55,226 [main] INFO angular.pageobjects.loginpages.LoginPageRevamp - Trying to select Language
2022-03-14 14:16:25,827 [main] INFO angular.pageobjects.loginpages.LoginPageRevamp - <b>Language Selector Not Found:</b>
2022-03-14 14:16:25,858 [main] INFO angular.pageobjects.loginpages.LoginPageRevamp - Trying to enter Login ID
2022-03-14 14:17:27,133 [main] INFO com.classes.BaseTest - org.openqa.selenium.TimeoutException: Expected condition failed: waiting for visibility of Proxy element for: DefaultElementLocator 'By.xpath: //div[@id='loginid-container']//input[@formcontrolname='login_id']' (tried for 20 second(s) with 500 milliseconds interval)
2022-03-14 14:17:48,172 [main] ERROR com.sshmanager.SSHService - Error while getting SSH Server Instance : com.jcraft.jsch.JSchException: java.net.ConnectException: Connection timed out: connect
2022-03-14 14:18:08,624 [main] INFO angular.testscripts.prereuisitesangular.PreRequisite_C2STransfer_Revamp - ------------------ Test Case Execution Started For A_07_performC2STransferInvalidPIN -------------------
2022-03-14 14:18:08,624 [main] INFO angular.testscripts.prereuisitesangular.PreRequisite_C2STransfer_Revamp - Entered A_07_performC2STransferInvalidPIN(Dealer, Agent, 2468, RC)
2022-03-14 14:18:08,729 [main] INFO com.utils.CommonUtils - Category Code for Agent: AG
2022-03-14 14:18:08,786 [main] INFO com.dbrepository.PostGreSQLRepository - Entered webInterface(Agent)
2022-03-14 14:18:08,790 [main] INFO com.dbrepository.DBConnectionPool - Active Size:0 Cache Size:10
2022-03-14 14:18:08,795 [main] INFO com.dbrepository.PostGreSQLRepository - webInterface() :: select query: Select WEB_INTERFACE_ALLOWED from categories where category_name= ?
2022-03-14 14:18:08,987 [main] INFO com.dbrepository.PostGreSQLRepository - Database Returns: WEB_INTERFACE_ALLOWED (Y)
2022-03-14 14:18:08,991 [main] INFO com.dbrepository.PostGreSQLRepository - Exited webInterface()
2022-03-14 14:18:08,995 [main] INFO angular.feature.C2STransferRevamp - Entered performC2STransferInvalidPIN(Dealer, Agent, 2468, RC)
2022-03-14 14:18:09,090 [main] INFO angular.classes.LoginRevamp - LoginID found as: AUT_87570
2022-03-14 14:18:09,094 [main] INFO angular.classes.LoginRevamp - Password found as: Com@2468
2022-03-14 14:18:09,098 [main] INFO angular.classes.LoginRevamp - Username found as: AUTFN5575 AUTLN8034
2022-03-14 14:18:09,775 [main] INFO angular.pageobjects.loginpages.LoginPageRevamp - Trying to select Language
2022-03-14 14:18:40,440 [main] INFO angular.pageobjects.loginpages.LoginPageRevamp - <b>Language Selector Not Found:</b>
2022-03-14 14:18:40,477 [main] INFO angular.pageobjects.loginpages.LoginPageRevamp - Trying to enter Login ID
2022-03-14 14:19:41,689 [main] INFO com.classes.BaseTest - org.openqa.selenium.TimeoutException: Expected condition failed: waiting for visibility of Proxy element for: DefaultElementLocator 'By.xpath: //div[@id='loginid-container']//input[@formcontrolname='login_id']' (tried for 20 second(s) with 500 milliseconds interval)
2022-03-14 14:20:02,747 [main] ERROR com.sshmanager.SSHService - Error while getting SSH Server Instance : com.jcraft.jsch.JSchException: java.net.ConnectException: Connection timed out: connect
2022-03-14 14:20:23,473 [main] INFO angular.testscripts.prereuisitesangular.PreRequisite_C2STransfer_Revamp - ------------------ Test Case Execution Started For A_07_performC2STransferInvalidPIN -------------------
2022-03-14 14:20:23,473 [main] INFO angular.testscripts.prereuisitesangular.PreRequisite_C2STransfer_Revamp - Entered A_07_performC2STransferInvalidPIN(Agent, Retailer, 2468, RC)
2022-03-14 14:20:23,508 [main] INFO com.utils.CommonUtils - Category Code for Retailer: RET
2022-03-14 14:20:23,526 [main] INFO com.dbrepository.PostGreSQLRepository - Entered webInterface(Retailer)
2022-03-14 14:20:23,528 [main] INFO com.dbrepository.DBConnectionPool - Active Size:0 Cache Size:10
2022-03-14 14:20:23,529 [main] INFO com.dbrepository.PostGreSQLRepository - webInterface() :: select query: Select WEB_INTERFACE_ALLOWED from categories where category_name= ?
2022-03-14 14:20:23,745 [main] INFO com.dbrepository.PostGreSQLRepository - Database Returns: WEB_INTERFACE_ALLOWED (Y)
2022-03-14 14:20:23,749 [main] INFO com.dbrepository.PostGreSQLRepository - Exited webInterface()
2022-03-14 14:20:23,753 [main] INFO angular.feature.C2STransferRevamp - Entered performC2STransferInvalidPIN(Agent, Retailer, 2468, RC)
2022-03-14 14:20:23,804 [main] INFO angular.classes.LoginRevamp - LoginID found as: AUT_41726
2022-03-14 14:20:23,806 [main] INFO angular.classes.LoginRevamp - Password found as: Com@2468
2022-03-14 14:20:23,807 [main] INFO angular.classes.LoginRevamp - Username found as: AUTFN4270 AUTLN3932
2022-03-14 14:20:24,363 [main] INFO angular.pageobjects.loginpages.LoginPageRevamp - Trying to select Language
2022-03-14 14:20:54,958 [main] INFO angular.pageobjects.loginpages.LoginPageRevamp - <b>Language Selector Not Found:</b>
2022-03-14 14:20:54,989 [main] INFO angular.pageobjects.loginpages.LoginPageRevamp - Trying to enter Login ID
2022-03-14 14:21:56,292 [main] INFO com.classes.BaseTest - org.openqa.selenium.TimeoutException: Expected condition failed: waiting for visibility of Proxy element for: DefaultElementLocator 'By.xpath: //div[@id='loginid-container']//input[@formcontrolname='login_id']' (tried for 20 second(s) with 500 milliseconds interval)
2022-03-14 14:22:17,320 [main] ERROR com.sshmanager.SSHService - Error while getting SSH Server Instance : com.jcraft.jsch.JSchException: java.net.ConnectException: Connection timed out: connect
2022-03-14 14:22:38,505 [main] INFO angular.testscripts.prereuisitesangular.PreRequisite_C2STransfer_Revamp - ------------------ Test Case Execution Started For A_08_performC2STransferCloseEnterPINPopup -------------------
2022-03-14 14:22:38,505 [main] INFO angular.testscripts.prereuisitesangular.PreRequisite_C2STransfer_Revamp - Entered A_08_performC2STransferCloseEnterPINPopup(Root, Super Distributor, 2468, RC)
2022-03-14 14:22:38,539 [main] INFO com.utils.CommonUtils - Category Code for Super Distributor: DIST
2022-03-14 14:22:38,555 [main] INFO com.dbrepository.PostGreSQLRepository - Entered webInterface(Super Distributor)
2022-03-14 14:22:38,557 [main] INFO com.dbrepository.DBConnectionPool - Active Size:0 Cache Size:10
2022-03-14 14:22:38,558 [main] INFO com.dbrepository.PostGreSQLRepository - webInterface() :: select query: Select WEB_INTERFACE_ALLOWED from categories where category_name= ?
2022-03-14 14:22:38,697 [main] INFO com.dbrepository.PostGreSQLRepository - Database Returns: WEB_INTERFACE_ALLOWED (Y)
2022-03-14 14:22:38,700 [main] INFO com.dbrepository.PostGreSQLRepository - Exited webInterface()
2022-03-14 14:22:38,702 [main] INFO angular.feature.C2STransferRevamp - Entered performC2STransferCloseEnterPINPopup(Root, Super Distributor, 2468, RC)
2022-03-14 14:22:38,721 [main] INFO angular.classes.LoginRevamp - LoginID found as: AUT_48675
2022-03-14 14:22:38,723 [main] INFO angular.classes.LoginRevamp - Password found as: Com@2468
2022-03-14 14:22:38,725 [main] INFO angular.classes.LoginRevamp - Username found as: AUTFN1393 AUTLN2379
2022-03-14 14:22:39,344 [main] INFO angular.pageobjects.loginpages.LoginPageRevamp - Trying to select Language
2022-03-14 14:23:10,009 [main] INFO angular.pageobjects.loginpages.LoginPageRevamp - <b>Language Selector Not Found:</b>
2022-03-14 14:23:10,039 [main] INFO angular.pageobjects.loginpages.LoginPageRevamp - Trying to enter Login ID
2022-03-14 14:24:11,291 [main] INFO com.classes.BaseTest - org.openqa.selenium.TimeoutException: Expected condition failed: waiting for visibility of Proxy element for: DefaultElementLocator 'By.xpath: //div[@id='loginid-container']//input[@formcontrolname='login_id']' (tried for 20 second(s) with 500 milliseconds interval)
2022-03-14 14:24:32,311 [main] ERROR com.sshmanager.SSHService - Error while getting SSH Server Instance : com.jcraft.jsch.JSchException: java.net.ConnectException: Connection timed out: connect
2022-03-14 14:24:53,074 [main] INFO angular.testscripts.prereuisitesangular.PreRequisite_C2STransfer_Revamp - ------------------ Test Case Execution Started For A_08_performC2STransferCloseEnterPINPopup -------------------
2022-03-14 14:24:53,074 [main] INFO angular.testscripts.prereuisitesangular.PreRequisite_C2STransfer_Revamp - Entered A_08_performC2STransferCloseEnterPINPopup(Super Distributor, Dealer, 2468, RC)
2022-03-14 14:24:53,110 [main] INFO com.utils.CommonUtils - Category Code for Dealer: SE
2022-03-14 14:24:53,126 [main] INFO com.dbrepository.PostGreSQLRepository - Entered webInterface(Dealer)
2022-03-14 14:24:53,128 [main] INFO com.dbrepository.DBConnectionPool - Active Size:0 Cache Size:10
2022-03-14 14:24:53,129 [main] INFO com.dbrepository.PostGreSQLRepository - webInterface() :: select query: Select WEB_INTERFACE_ALLOWED from categories where category_name= ?
2022-03-14 14:24:53,317 [main] INFO com.dbrepository.PostGreSQLRepository - Database Returns: WEB_INTERFACE_ALLOWED (Y)
2022-03-14 14:24:53,319 [main] INFO com.dbrepository.PostGreSQLRepository - Exited webInterface()
2022-03-14 14:24:53,321 [main] INFO angular.feature.C2STransferRevamp - Entered performC2STransferCloseEnterPINPopup(Super Distributor, Dealer, 2468, RC)
2022-03-14 14:24:53,340 [main] INFO angular.classes.LoginRevamp - LoginID found as: AUT_19995
2022-03-14 14:24:53,342 [main] INFO angular.classes.LoginRevamp - Password found as: Com@2468
2022-03-14 14:24:53,344 [main] INFO angular.classes.LoginRevamp - Username found as: AUTFN6751 AUTLN4189
2022-03-14 14:24:53,933 [main] INFO angular.pageobjects.loginpages.LoginPageRevamp - Trying to select Language
2022-03-14 14:25:24,578 [main] INFO angular.pageobjects.loginpages.LoginPageRevamp - <b>Language Selector Not Found:</b>
2022-03-14 14:25:24,610 [main] INFO angular.pageobjects.loginpages.LoginPageRevamp - Trying to enter Login ID
2022-03-14 14:26:25,928 [main] INFO com.classes.BaseTest - org.openqa.selenium.TimeoutException: Expected condition failed: waiting for visibility of Proxy element for: DefaultElementLocator 'By.xpath: //div[@id='loginid-container']//input[@formcontrolname='login_id']' (tried for 20 second(s) with 500 milliseconds interval)
2022-03-14 14:26:46,967 [main] ERROR com.sshmanager.SSHService - Error while getting SSH Server Instance : com.jcraft.jsch.JSchException: java.net.ConnectException: Connection timed out: connect
