<?xml version="1.0" encoding="UTF-8"?>
<testng-results skipped="0" failed="4" total="4" passed="0">
  <reporter-output>
  </reporter-output>
  <suite name="Default suite" duration-ms="15636" started-at="2024-05-31T05:33:19Z" finished-at="2024-05-31T05:33:34Z">
    <groups>
    </groups>
    <test name="Default test" duration-ms="15636" started-at="2024-05-31T05:33:19Z" finished-at="2024-05-31T05:33:34Z">
      <class name="angular.testscripts.prereuisitesangular.MessageGateway.MessageGatewayTestScript">
        <test-method status="PASS" signature="setupReporter()[pri:0, instance:angular.testscripts.prereuisitesangular.MessageGateway.MessageGatewayTestScript@c038203]" name="setupReporter" is-config="true" duration-ms="90744" started-at="2024-05-31T11:01:48Z" finished-at="2024-05-31T11:03:19Z">
          <reporter-output>
          </reporter-output>
        </test-method> <!-- setupReporter -->
        <test-method status="PASS" signature="setup()[pri:0, instance:angular.testscripts.prereuisitesangular.MessageGateway.MessageGatewayTestScript@c038203]" name="setup" is-config="true" duration-ms="4927" started-at="2024-05-31T11:03:19Z" finished-at="2024-05-31T11:03:23Z">
          <reporter-output>
          </reporter-output>
        </test-method> <!-- setup -->
        <test-method status="PASS" signature="initializeTestManager(java.lang.reflect.Method, org.testng.ITestResult)[pri:0, instance:angular.testscripts.prereuisitesangular.MessageGateway.MessageGatewayTestScript@c038203]" name="initializeTestManager" is-config="true" duration-ms="61" started-at="2024-05-31T11:03:24Z" finished-at="2024-05-31T11:03:24Z">
          <params>
            <param index="0">
              <value>
                <![CDATA[public void angular.testscripts.prereuisitesangular.MessageGateway.MessageGatewayTestScript.A_01_Test_MessageGateway_AddModifyAndDelete(java.lang.String,java.lang.String,java.lang.String)]]>
              </value>
            </param>
            <param index="1">
              <value>
                <![CDATA[[TestResult name=A_01_Test_MessageGateway_AddModifyAndDelete status=FAILURE method=MessageGatewayTestScript.A_01_Test_MessageGateway_AddModifyAndDelete(java.lang.String, java.lang.String, java.lang.String)[pri:0, instance:angular.testscripts.prereuisitesangular.MessageGateway.MessageGatewayTestScript@c038203] output={null}]]]>
              </value>
            </param>
          </params>
          <reporter-output>
          </reporter-output>
        </test-method> <!-- initializeTestManager -->
        <test-method status="FAIL" signature="A_01_Test_MessageGateway_AddModifyAndDelete(java.lang.String, java.lang.String, java.lang.String)[pri:0, instance:angular.testscripts.prereuisitesangular.MessageGateway.MessageGatewayTestScript@c038203]" name="A_01_Test_MessageGateway_AddModifyAndDelete" duration-ms="2742" started-at="2024-05-31T11:03:24Z" data-provider="categoryData" finished-at="2024-05-31T11:03:26Z">
          <params>
            <param index="0">
              <value>
                <![CDATA[Super Admin]]>
              </value>
            </param>
            <param index="1">
              <value>
                <![CDATA[superadmin]]>
              </value>
            </param>
            <param index="2">
              <value>
                <![CDATA[Com@1111]]>
              </value>
            </param>
          </params>
          <exception class="org.openqa.selenium.NoSuchElementException">
            <message>
              <![CDATA[no such element: Unable to locate element: {"method":"xpath","selector":"//div[@id='mat-tab-label-1-0']"}
  (Session info: chrome=125.0.6422.113)
  (Driver info: chromedriver=2.41.578737 (49da6702b16031c40d63e5618de03a32ff6c197e),platform=Windows NT 10.0.19045 x86_64) (WARNING: The server did not provide any stacktrace information)
Command duration or timeout: 0 milliseconds
For documentation on this error, please visit: http://seleniumhq.org/exceptions/no_such_element.html
Build info: version: '3.10.0', revision: '176b4a9', time: '2018-03-02T19:03:16.397Z'
System info: host: 'MCKL-20005142', ip: '172.25.16.56', os.name: 'Windows 10', os.arch: 'amd64', os.version: '10.0', java.version: '1.8.0_291'
Driver info: org.openqa.selenium.chrome.ChromeDriver
Capabilities {acceptInsecureCerts: false, acceptSslCerts: false, applicationCacheEnabled: false, browserConnectionEnabled: false, browserName: chrome, chrome: {chromedriverVersion: 2.41.578737 (49da6702b16031..., userDataDir: C:\Users\SOURAB~1.AWA\AppDa...}, cssSelectorsEnabled: true, databaseEnabled: false, goog:chromeOptions: {debuggerAddress: localhost:61669}, handlesAlerts: true, hasTouchScreen: false, javascriptEnabled: true, locationContextEnabled: true, mobileEmulationEnabled: false, nativeEvents: true, networkConnectionEnabled: false, pageLoadStrategy: normal, platform: XP, platformName: XP, rotatable: false, setWindowRect: true, takesHeapSnapshot: true, takesScreenshot: true, unexpectedAlertBehaviour: , unhandledPromptBehavior: , version: 125.0.6422.113, webStorageEnabled: true}
Session ID: e414ae087e0fd7ab602c53071d0795a3
*** Element info: {Using=xpath, value=//div[@id='mat-tab-label-1-0']}]]>
            </message>
            <full-stacktrace>
              <![CDATA[org.openqa.selenium.NoSuchElementException: no such element: Unable to locate element: {"method":"xpath","selector":"//div[@id='mat-tab-label-1-0']"}
  (Session info: chrome=125.0.6422.113)
  (Driver info: chromedriver=2.41.578737 (49da6702b16031c40d63e5618de03a32ff6c197e),platform=Windows NT 10.0.19045 x86_64) (WARNING: The server did not provide any stacktrace information)
Command duration or timeout: 0 milliseconds
For documentation on this error, please visit: http://seleniumhq.org/exceptions/no_such_element.html
Build info: version: '3.10.0', revision: '176b4a9', time: '2018-03-02T19:03:16.397Z'
System info: host: 'MCKL-20005142', ip: '172.25.16.56', os.name: 'Windows 10', os.arch: 'amd64', os.version: '10.0', java.version: '1.8.0_291'
Driver info: org.openqa.selenium.chrome.ChromeDriver
Capabilities {acceptInsecureCerts: false, acceptSslCerts: false, applicationCacheEnabled: false, browserConnectionEnabled: false, browserName: chrome, chrome: {chromedriverVersion: 2.41.578737 (49da6702b16031..., userDataDir: C:\Users\SOURAB~1.AWA\AppDa...}, cssSelectorsEnabled: true, databaseEnabled: false, goog:chromeOptions: {debuggerAddress: localhost:61669}, handlesAlerts: true, hasTouchScreen: false, javascriptEnabled: true, locationContextEnabled: true, mobileEmulationEnabled: false, nativeEvents: true, networkConnectionEnabled: false, pageLoadStrategy: normal, platform: XP, platformName: XP, rotatable: false, setWindowRect: true, takesHeapSnapshot: true, takesScreenshot: true, unexpectedAlertBehaviour: , unhandledPromptBehavior: , version: 125.0.6422.113, webStorageEnabled: true}
Session ID: e414ae087e0fd7ab602c53071d0795a3
*** Element info: {Using=xpath, value=//div[@id='mat-tab-label-1-0']}
	at sun.reflect.NativeConstructorAccessorImpl.newInstance0(Native Method)
	at sun.reflect.NativeConstructorAccessorImpl.newInstance(Unknown Source)
	at sun.reflect.DelegatingConstructorAccessorImpl.newInstance(Unknown Source)
	at java.lang.reflect.Constructor.newInstance(Unknown Source)
	at org.openqa.selenium.remote.ErrorHandler.createThrowable(ErrorHandler.java:214)
	at org.openqa.selenium.remote.ErrorHandler.throwIfResponseFailed(ErrorHandler.java:166)
	at org.openqa.selenium.remote.http.JsonHttpResponseCodec.reconstructValue(JsonHttpResponseCodec.java:40)
	at org.openqa.selenium.remote.http.AbstractHttpResponseCodec.decode(AbstractHttpResponseCodec.java:80)
	at org.openqa.selenium.remote.http.AbstractHttpResponseCodec.decode(AbstractHttpResponseCodec.java:44)
	at org.openqa.selenium.remote.HttpCommandExecutor.execute(HttpCommandExecutor.java:160)
	at org.openqa.selenium.remote.service.DriverCommandExecutor.execute(DriverCommandExecutor.java:83)
	at org.openqa.selenium.remote.RemoteWebDriver.execute(RemoteWebDriver.java:601)
	at org.openqa.selenium.remote.RemoteWebDriver.findElement(RemoteWebDriver.java:371)
	at org.openqa.selenium.remote.RemoteWebDriver.findElementByXPath(RemoteWebDriver.java:473)
	at org.openqa.selenium.By$ByXPath.findElement(By.java:361)
	at org.openqa.selenium.remote.RemoteWebDriver.findElement(RemoteWebDriver.java:363)
	at org.openqa.selenium.support.pagefactory.DefaultElementLocator.findElement(DefaultElementLocator.java:69)
	at org.openqa.selenium.support.pagefactory.internal.LocatingElementHandler.invoke(LocatingElementHandler.java:38)
	at com.sun.proxy.$Proxy17.click(Unknown Source)
	at angular.pageobjects.MessageGateway.MessageGatewayPageObject.clickOnETopUPButton(MessageGatewayPageObject.java:199)
	at angular.feature.MessageGateway.MessageGatewayFeature.addMessageGateway(MessageGatewayFeature.java:83)
	at angular.feature.MessageGateway.MessageGatewayFeature.AddModifyDelete_MessageGateway(MessageGatewayFeature.java:239)
	at angular.testscripts.prereuisitesangular.MessageGateway.MessageGatewayTestScript.A_01_Test_MessageGateway_AddModifyAndDelete(MessageGatewayTestScript.java:36)
	at sun.reflect.NativeMethodAccessorImpl.invoke0(Native Method)
	at sun.reflect.NativeMethodAccessorImpl.invoke(Unknown Source)
	at sun.reflect.DelegatingMethodAccessorImpl.invoke(Unknown Source)
	at java.lang.reflect.Method.invoke(Unknown Source)
	at org.testng.internal.MethodInvocationHelper.invokeMethod(MethodInvocationHelper.java:86)
	at org.testng.internal.Invoker.invokeMethod(Invoker.java:645)
	at org.testng.internal.Invoker.invokeTestMethod(Invoker.java:822)
	at org.testng.internal.Invoker.invokeTestMethods(Invoker.java:1130)
	at org.testng.internal.TestMethodWorker.invokeTestMethods(TestMethodWorker.java:129)
	at org.testng.internal.TestMethodWorker.run(TestMethodWorker.java:112)
	at org.testng.TestRunner.privateRun(TestRunner.java:782)
	at org.testng.TestRunner.run(TestRunner.java:632)
	at org.testng.SuiteRunner.runTest(SuiteRunner.java:366)
	at org.testng.SuiteRunner.runSequentially(SuiteRunner.java:361)
	at org.testng.SuiteRunner.privateRun(SuiteRunner.java:319)
	at org.testng.SuiteRunner.run(SuiteRunner.java:268)
	at org.testng.SuiteRunnerWorker.runSuite(SuiteRunnerWorker.java:52)
	at org.testng.SuiteRunnerWorker.run(SuiteRunnerWorker.java:86)
	at org.testng.TestNG.runSuitesSequentially(TestNG.java:1244)
	at org.testng.TestNG.runSuitesLocally(TestNG.java:1169)
	at org.testng.TestNG.run(TestNG.java:1064)
	at org.testng.remote.RemoteTestNG.run(RemoteTestNG.java:113)
	at org.testng.remote.RemoteTestNG.initAndRun(RemoteTestNG.java:206)
	at org.testng.remote.RemoteTestNG.main(RemoteTestNG.java:177)
]]>
            </full-stacktrace>
          </exception> <!-- org.openqa.selenium.NoSuchElementException -->
          <reporter-output>
          </reporter-output>
        </test-method> <!-- A_01_Test_MessageGateway_AddModifyAndDelete -->
        <test-method status="PASS" signature="resultGenerator(org.testng.ITestResult)[pri:0, instance:angular.testscripts.prereuisitesangular.MessageGateway.MessageGatewayTestScript@c038203]" name="resultGenerator" is-config="true" duration-ms="1066" started-at="2024-05-31T11:03:26Z" finished-at="2024-05-31T11:03:27Z">
          <params>
            <param index="0">
              <value>
                <![CDATA[[TestResult name=A_01_Test_MessageGateway_AddModifyAndDelete status=FAILURE method=MessageGatewayTestScript.A_01_Test_MessageGateway_AddModifyAndDelete(java.lang.String, java.lang.String, java.lang.String)[pri:0, instance:angular.testscripts.prereuisitesangular.MessageGateway.MessageGatewayTestScript@c038203] output={null}]]]>
              </value>
            </param>
          </params>
          <reporter-output>
          </reporter-output>
        </test-method> <!-- resultGenerator -->
        <test-method status="FAIL" signature="A_02_Test_MessageGateway_CheckTableHeaders(java.lang.String, java.lang.String, java.lang.String)[pri:0, instance:angular.testscripts.prereuisitesangular.MessageGateway.MessageGatewayTestScript@c038203]" name="A_02_Test_MessageGateway_CheckTableHeaders" duration-ms="926" started-at="2024-05-31T11:03:28Z" data-provider="categoryData" finished-at="2024-05-31T11:03:28Z">
          <params>
            <param index="0">
              <value>
                <![CDATA[Super Admin]]>
              </value>
            </param>
            <param index="1">
              <value>
                <![CDATA[superadmin]]>
              </value>
            </param>
            <param index="2">
              <value>
                <![CDATA[Com@1111]]>
              </value>
            </param>
          </params>
          <exception class="org.openqa.selenium.NoSuchElementException">
            <message>
              <![CDATA[no such element: Unable to locate element: {"method":"xpath","selector":"//div[@id='mat-tab-label-1-0']"}
  (Session info: chrome=125.0.6422.113)
  (Driver info: chromedriver=2.41.578737 (49da6702b16031c40d63e5618de03a32ff6c197e),platform=Windows NT 10.0.19045 x86_64) (WARNING: The server did not provide any stacktrace information)
Command duration or timeout: 0 milliseconds
For documentation on this error, please visit: http://seleniumhq.org/exceptions/no_such_element.html
Build info: version: '3.10.0', revision: '176b4a9', time: '2018-03-02T19:03:16.397Z'
System info: host: 'MCKL-20005142', ip: '172.25.16.56', os.name: 'Windows 10', os.arch: 'amd64', os.version: '10.0', java.version: '1.8.0_291'
Driver info: org.openqa.selenium.chrome.ChromeDriver
Capabilities {acceptInsecureCerts: false, acceptSslCerts: false, applicationCacheEnabled: false, browserConnectionEnabled: false, browserName: chrome, chrome: {chromedriverVersion: 2.41.578737 (49da6702b16031..., userDataDir: C:\Users\SOURAB~1.AWA\AppDa...}, cssSelectorsEnabled: true, databaseEnabled: false, goog:chromeOptions: {debuggerAddress: localhost:61669}, handlesAlerts: true, hasTouchScreen: false, javascriptEnabled: true, locationContextEnabled: true, mobileEmulationEnabled: false, nativeEvents: true, networkConnectionEnabled: false, pageLoadStrategy: normal, platform: XP, platformName: XP, rotatable: false, setWindowRect: true, takesHeapSnapshot: true, takesScreenshot: true, unexpectedAlertBehaviour: , unhandledPromptBehavior: , version: 125.0.6422.113, webStorageEnabled: true}
Session ID: e414ae087e0fd7ab602c53071d0795a3
*** Element info: {Using=xpath, value=//div[@id='mat-tab-label-1-0']}]]>
            </message>
            <full-stacktrace>
              <![CDATA[org.openqa.selenium.NoSuchElementException: no such element: Unable to locate element: {"method":"xpath","selector":"//div[@id='mat-tab-label-1-0']"}
  (Session info: chrome=125.0.6422.113)
  (Driver info: chromedriver=2.41.578737 (49da6702b16031c40d63e5618de03a32ff6c197e),platform=Windows NT 10.0.19045 x86_64) (WARNING: The server did not provide any stacktrace information)
Command duration or timeout: 0 milliseconds
For documentation on this error, please visit: http://seleniumhq.org/exceptions/no_such_element.html
Build info: version: '3.10.0', revision: '176b4a9', time: '2018-03-02T19:03:16.397Z'
System info: host: 'MCKL-20005142', ip: '172.25.16.56', os.name: 'Windows 10', os.arch: 'amd64', os.version: '10.0', java.version: '1.8.0_291'
Driver info: org.openqa.selenium.chrome.ChromeDriver
Capabilities {acceptInsecureCerts: false, acceptSslCerts: false, applicationCacheEnabled: false, browserConnectionEnabled: false, browserName: chrome, chrome: {chromedriverVersion: 2.41.578737 (49da6702b16031..., userDataDir: C:\Users\SOURAB~1.AWA\AppDa...}, cssSelectorsEnabled: true, databaseEnabled: false, goog:chromeOptions: {debuggerAddress: localhost:61669}, handlesAlerts: true, hasTouchScreen: false, javascriptEnabled: true, locationContextEnabled: true, mobileEmulationEnabled: false, nativeEvents: true, networkConnectionEnabled: false, pageLoadStrategy: normal, platform: XP, platformName: XP, rotatable: false, setWindowRect: true, takesHeapSnapshot: true, takesScreenshot: true, unexpectedAlertBehaviour: , unhandledPromptBehavior: , version: 125.0.6422.113, webStorageEnabled: true}
Session ID: e414ae087e0fd7ab602c53071d0795a3
*** Element info: {Using=xpath, value=//div[@id='mat-tab-label-1-0']}
	at sun.reflect.NativeConstructorAccessorImpl.newInstance0(Native Method)
	at sun.reflect.NativeConstructorAccessorImpl.newInstance(Unknown Source)
	at sun.reflect.DelegatingConstructorAccessorImpl.newInstance(Unknown Source)
	at java.lang.reflect.Constructor.newInstance(Unknown Source)
	at org.openqa.selenium.remote.ErrorHandler.createThrowable(ErrorHandler.java:214)
	at org.openqa.selenium.remote.ErrorHandler.throwIfResponseFailed(ErrorHandler.java:166)
	at org.openqa.selenium.remote.http.JsonHttpResponseCodec.reconstructValue(JsonHttpResponseCodec.java:40)
	at org.openqa.selenium.remote.http.AbstractHttpResponseCodec.decode(AbstractHttpResponseCodec.java:80)
	at org.openqa.selenium.remote.http.AbstractHttpResponseCodec.decode(AbstractHttpResponseCodec.java:44)
	at org.openqa.selenium.remote.HttpCommandExecutor.execute(HttpCommandExecutor.java:160)
	at org.openqa.selenium.remote.service.DriverCommandExecutor.execute(DriverCommandExecutor.java:83)
	at org.openqa.selenium.remote.RemoteWebDriver.execute(RemoteWebDriver.java:601)
	at org.openqa.selenium.remote.RemoteWebDriver.findElement(RemoteWebDriver.java:371)
	at org.openqa.selenium.remote.RemoteWebDriver.findElementByXPath(RemoteWebDriver.java:473)
	at org.openqa.selenium.By$ByXPath.findElement(By.java:361)
	at org.openqa.selenium.remote.RemoteWebDriver.findElement(RemoteWebDriver.java:363)
	at org.openqa.selenium.support.pagefactory.DefaultElementLocator.findElement(DefaultElementLocator.java:69)
	at org.openqa.selenium.support.pagefactory.internal.LocatingElementHandler.invoke(LocatingElementHandler.java:38)
	at com.sun.proxy.$Proxy17.click(Unknown Source)
	at angular.pageobjects.MessageGateway.MessageGatewayPageObject.clickOnETopUPButton(MessageGatewayPageObject.java:199)
	at angular.feature.MessageGateway.MessageGatewayFeature.MessageGatewayTableHeading(MessageGatewayFeature.java:247)
	at angular.testscripts.prereuisitesangular.MessageGateway.MessageGatewayTestScript.A_02_Test_MessageGateway_CheckTableHeaders(MessageGatewayTestScript.java:53)
	at sun.reflect.NativeMethodAccessorImpl.invoke0(Native Method)
	at sun.reflect.NativeMethodAccessorImpl.invoke(Unknown Source)
	at sun.reflect.DelegatingMethodAccessorImpl.invoke(Unknown Source)
	at java.lang.reflect.Method.invoke(Unknown Source)
	at org.testng.internal.MethodInvocationHelper.invokeMethod(MethodInvocationHelper.java:86)
	at org.testng.internal.Invoker.invokeMethod(Invoker.java:645)
	at org.testng.internal.Invoker.invokeTestMethod(Invoker.java:822)
	at org.testng.internal.Invoker.invokeTestMethods(Invoker.java:1130)
	at org.testng.internal.TestMethodWorker.invokeTestMethods(TestMethodWorker.java:129)
	at org.testng.internal.TestMethodWorker.run(TestMethodWorker.java:112)
	at org.testng.TestRunner.privateRun(TestRunner.java:782)
	at org.testng.TestRunner.run(TestRunner.java:632)
	at org.testng.SuiteRunner.runTest(SuiteRunner.java:366)
	at org.testng.SuiteRunner.runSequentially(SuiteRunner.java:361)
	at org.testng.SuiteRunner.privateRun(SuiteRunner.java:319)
	at org.testng.SuiteRunner.run(SuiteRunner.java:268)
	at org.testng.SuiteRunnerWorker.runSuite(SuiteRunnerWorker.java:52)
	at org.testng.SuiteRunnerWorker.run(SuiteRunnerWorker.java:86)
	at org.testng.TestNG.runSuitesSequentially(TestNG.java:1244)
	at org.testng.TestNG.runSuitesLocally(TestNG.java:1169)
	at org.testng.TestNG.run(TestNG.java:1064)
	at org.testng.remote.RemoteTestNG.run(RemoteTestNG.java:113)
	at org.testng.remote.RemoteTestNG.initAndRun(RemoteTestNG.java:206)
	at org.testng.remote.RemoteTestNG.main(RemoteTestNG.java:177)
]]>
            </full-stacktrace>
          </exception> <!-- org.openqa.selenium.NoSuchElementException -->
          <reporter-output>
          </reporter-output>
        </test-method> <!-- A_02_Test_MessageGateway_CheckTableHeaders -->
        <test-method status="PASS" signature="initializeTestManager(java.lang.reflect.Method, org.testng.ITestResult)[pri:0, instance:angular.testscripts.prereuisitesangular.MessageGateway.MessageGatewayTestScript@c038203]" name="initializeTestManager" is-config="true" duration-ms="0" started-at="2024-05-31T11:03:28Z" finished-at="2024-05-31T11:03:28Z">
          <params>
            <param index="0">
              <value>
                <![CDATA[public void angular.testscripts.prereuisitesangular.MessageGateway.MessageGatewayTestScript.A_02_Test_MessageGateway_CheckTableHeaders(java.lang.String,java.lang.String,java.lang.String)]]>
              </value>
            </param>
            <param index="1">
              <value>
                <![CDATA[[TestResult name=A_02_Test_MessageGateway_CheckTableHeaders status=FAILURE method=MessageGatewayTestScript.A_02_Test_MessageGateway_CheckTableHeaders(java.lang.String, java.lang.String, java.lang.String)[pri:0, instance:angular.testscripts.prereuisitesangular.MessageGateway.MessageGatewayTestScript@c038203] output={null}]]]>
              </value>
            </param>
          </params>
          <reporter-output>
          </reporter-output>
        </test-method> <!-- initializeTestManager -->
        <test-method status="PASS" signature="resultGenerator(org.testng.ITestResult)[pri:0, instance:angular.testscripts.prereuisitesangular.MessageGateway.MessageGatewayTestScript@c038203]" name="resultGenerator" is-config="true" duration-ms="890" started-at="2024-05-31T11:03:28Z" finished-at="2024-05-31T11:03:29Z">
          <params>
            <param index="0">
              <value>
                <![CDATA[[TestResult name=A_02_Test_MessageGateway_CheckTableHeaders status=FAILURE method=MessageGatewayTestScript.A_02_Test_MessageGateway_CheckTableHeaders(java.lang.String, java.lang.String, java.lang.String)[pri:0, instance:angular.testscripts.prereuisitesangular.MessageGateway.MessageGatewayTestScript@c038203] output={null}]]]>
              </value>
            </param>
          </params>
          <reporter-output>
          </reporter-output>
        </test-method> <!-- resultGenerator -->
        <test-method status="PASS" signature="initializeTestManager(java.lang.reflect.Method, org.testng.ITestResult)[pri:0, instance:angular.testscripts.prereuisitesangular.MessageGateway.MessageGatewayTestScript@c038203]" name="initializeTestManager" is-config="true" duration-ms="0" started-at="2024-05-31T11:03:29Z" finished-at="2024-05-31T11:03:29Z">
          <params>
            <param index="0">
              <value>
                <![CDATA[public void angular.testscripts.prereuisitesangular.MessageGateway.MessageGatewayTestScript.A_03_Test_MessageGatewayCheck_ErrorMessage(java.lang.String,java.lang.String,java.lang.String)]]>
              </value>
            </param>
            <param index="1">
              <value>
                <![CDATA[[TestResult name=A_03_Test_MessageGatewayCheck_ErrorMessage status=FAILURE method=MessageGatewayTestScript.A_03_Test_MessageGatewayCheck_ErrorMessage(java.lang.String, java.lang.String, java.lang.String)[pri:0, instance:angular.testscripts.prereuisitesangular.MessageGateway.MessageGatewayTestScript@c038203] output={null}]]]>
              </value>
            </param>
          </params>
          <reporter-output>
          </reporter-output>
        </test-method> <!-- initializeTestManager -->
        <test-method status="FAIL" signature="A_03_Test_MessageGatewayCheck_ErrorMessage(java.lang.String, java.lang.String, java.lang.String)[pri:0, instance:angular.testscripts.prereuisitesangular.MessageGateway.MessageGatewayTestScript@c038203]" name="A_03_Test_MessageGatewayCheck_ErrorMessage" duration-ms="971" started-at="2024-05-31T11:03:29Z" data-provider="categoryData" finished-at="2024-05-31T11:03:30Z">
          <params>
            <param index="0">
              <value>
                <![CDATA[Super Admin]]>
              </value>
            </param>
            <param index="1">
              <value>
                <![CDATA[superadmin]]>
              </value>
            </param>
            <param index="2">
              <value>
                <![CDATA[Com@1111]]>
              </value>
            </param>
          </params>
          <exception class="org.openqa.selenium.NoSuchElementException">
            <message>
              <![CDATA[no such element: Unable to locate element: {"method":"xpath","selector":"//div[@id='mat-tab-label-1-0']"}
  (Session info: chrome=125.0.6422.113)
  (Driver info: chromedriver=2.41.578737 (49da6702b16031c40d63e5618de03a32ff6c197e),platform=Windows NT 10.0.19045 x86_64) (WARNING: The server did not provide any stacktrace information)
Command duration or timeout: 0 milliseconds
For documentation on this error, please visit: http://seleniumhq.org/exceptions/no_such_element.html
Build info: version: '3.10.0', revision: '176b4a9', time: '2018-03-02T19:03:16.397Z'
System info: host: 'MCKL-20005142', ip: '172.25.16.56', os.name: 'Windows 10', os.arch: 'amd64', os.version: '10.0', java.version: '1.8.0_291'
Driver info: org.openqa.selenium.chrome.ChromeDriver
Capabilities {acceptInsecureCerts: false, acceptSslCerts: false, applicationCacheEnabled: false, browserConnectionEnabled: false, browserName: chrome, chrome: {chromedriverVersion: 2.41.578737 (49da6702b16031..., userDataDir: C:\Users\SOURAB~1.AWA\AppDa...}, cssSelectorsEnabled: true, databaseEnabled: false, goog:chromeOptions: {debuggerAddress: localhost:61669}, handlesAlerts: true, hasTouchScreen: false, javascriptEnabled: true, locationContextEnabled: true, mobileEmulationEnabled: false, nativeEvents: true, networkConnectionEnabled: false, pageLoadStrategy: normal, platform: XP, platformName: XP, rotatable: false, setWindowRect: true, takesHeapSnapshot: true, takesScreenshot: true, unexpectedAlertBehaviour: , unhandledPromptBehavior: , version: 125.0.6422.113, webStorageEnabled: true}
Session ID: e414ae087e0fd7ab602c53071d0795a3
*** Element info: {Using=xpath, value=//div[@id='mat-tab-label-1-0']}]]>
            </message>
            <full-stacktrace>
              <![CDATA[org.openqa.selenium.NoSuchElementException: no such element: Unable to locate element: {"method":"xpath","selector":"//div[@id='mat-tab-label-1-0']"}
  (Session info: chrome=125.0.6422.113)
  (Driver info: chromedriver=2.41.578737 (49da6702b16031c40d63e5618de03a32ff6c197e),platform=Windows NT 10.0.19045 x86_64) (WARNING: The server did not provide any stacktrace information)
Command duration or timeout: 0 milliseconds
For documentation on this error, please visit: http://seleniumhq.org/exceptions/no_such_element.html
Build info: version: '3.10.0', revision: '176b4a9', time: '2018-03-02T19:03:16.397Z'
System info: host: 'MCKL-20005142', ip: '172.25.16.56', os.name: 'Windows 10', os.arch: 'amd64', os.version: '10.0', java.version: '1.8.0_291'
Driver info: org.openqa.selenium.chrome.ChromeDriver
Capabilities {acceptInsecureCerts: false, acceptSslCerts: false, applicationCacheEnabled: false, browserConnectionEnabled: false, browserName: chrome, chrome: {chromedriverVersion: 2.41.578737 (49da6702b16031..., userDataDir: C:\Users\SOURAB~1.AWA\AppDa...}, cssSelectorsEnabled: true, databaseEnabled: false, goog:chromeOptions: {debuggerAddress: localhost:61669}, handlesAlerts: true, hasTouchScreen: false, javascriptEnabled: true, locationContextEnabled: true, mobileEmulationEnabled: false, nativeEvents: true, networkConnectionEnabled: false, pageLoadStrategy: normal, platform: XP, platformName: XP, rotatable: false, setWindowRect: true, takesHeapSnapshot: true, takesScreenshot: true, unexpectedAlertBehaviour: , unhandledPromptBehavior: , version: 125.0.6422.113, webStorageEnabled: true}
Session ID: e414ae087e0fd7ab602c53071d0795a3
*** Element info: {Using=xpath, value=//div[@id='mat-tab-label-1-0']}
	at sun.reflect.NativeConstructorAccessorImpl.newInstance0(Native Method)
	at sun.reflect.NativeConstructorAccessorImpl.newInstance(Unknown Source)
	at sun.reflect.DelegatingConstructorAccessorImpl.newInstance(Unknown Source)
	at java.lang.reflect.Constructor.newInstance(Unknown Source)
	at org.openqa.selenium.remote.ErrorHandler.createThrowable(ErrorHandler.java:214)
	at org.openqa.selenium.remote.ErrorHandler.throwIfResponseFailed(ErrorHandler.java:166)
	at org.openqa.selenium.remote.http.JsonHttpResponseCodec.reconstructValue(JsonHttpResponseCodec.java:40)
	at org.openqa.selenium.remote.http.AbstractHttpResponseCodec.decode(AbstractHttpResponseCodec.java:80)
	at org.openqa.selenium.remote.http.AbstractHttpResponseCodec.decode(AbstractHttpResponseCodec.java:44)
	at org.openqa.selenium.remote.HttpCommandExecutor.execute(HttpCommandExecutor.java:160)
	at org.openqa.selenium.remote.service.DriverCommandExecutor.execute(DriverCommandExecutor.java:83)
	at org.openqa.selenium.remote.RemoteWebDriver.execute(RemoteWebDriver.java:601)
	at org.openqa.selenium.remote.RemoteWebDriver.findElement(RemoteWebDriver.java:371)
	at org.openqa.selenium.remote.RemoteWebDriver.findElementByXPath(RemoteWebDriver.java:473)
	at org.openqa.selenium.By$ByXPath.findElement(By.java:361)
	at org.openqa.selenium.remote.RemoteWebDriver.findElement(RemoteWebDriver.java:363)
	at org.openqa.selenium.support.pagefactory.DefaultElementLocator.findElement(DefaultElementLocator.java:69)
	at org.openqa.selenium.support.pagefactory.internal.LocatingElementHandler.invoke(LocatingElementHandler.java:38)
	at com.sun.proxy.$Proxy17.click(Unknown Source)
	at angular.pageobjects.MessageGateway.MessageGatewayPageObject.clickOnETopUPButton(MessageGatewayPageObject.java:199)
	at angular.feature.MessageGateway.MessageGatewayFeature.MessageGatewayCheck_ErrorMessage(MessageGatewayFeature.java:263)
	at angular.testscripts.prereuisitesangular.MessageGateway.MessageGatewayTestScript.A_03_Test_MessageGatewayCheck_ErrorMessage(MessageGatewayTestScript.java:70)
	at sun.reflect.NativeMethodAccessorImpl.invoke0(Native Method)
	at sun.reflect.NativeMethodAccessorImpl.invoke(Unknown Source)
	at sun.reflect.DelegatingMethodAccessorImpl.invoke(Unknown Source)
	at java.lang.reflect.Method.invoke(Unknown Source)
	at org.testng.internal.MethodInvocationHelper.invokeMethod(MethodInvocationHelper.java:86)
	at org.testng.internal.Invoker.invokeMethod(Invoker.java:645)
	at org.testng.internal.Invoker.invokeTestMethod(Invoker.java:822)
	at org.testng.internal.Invoker.invokeTestMethods(Invoker.java:1130)
	at org.testng.internal.TestMethodWorker.invokeTestMethods(TestMethodWorker.java:129)
	at org.testng.internal.TestMethodWorker.run(TestMethodWorker.java:112)
	at org.testng.TestRunner.privateRun(TestRunner.java:782)
	at org.testng.TestRunner.run(TestRunner.java:632)
	at org.testng.SuiteRunner.runTest(SuiteRunner.java:366)
	at org.testng.SuiteRunner.runSequentially(SuiteRunner.java:361)
	at org.testng.SuiteRunner.privateRun(SuiteRunner.java:319)
	at org.testng.SuiteRunner.run(SuiteRunner.java:268)
	at org.testng.SuiteRunnerWorker.runSuite(SuiteRunnerWorker.java:52)
	at org.testng.SuiteRunnerWorker.run(SuiteRunnerWorker.java:86)
	at org.testng.TestNG.runSuitesSequentially(TestNG.java:1244)
	at org.testng.TestNG.runSuitesLocally(TestNG.java:1169)
	at org.testng.TestNG.run(TestNG.java:1064)
	at org.testng.remote.RemoteTestNG.run(RemoteTestNG.java:113)
	at org.testng.remote.RemoteTestNG.initAndRun(RemoteTestNG.java:206)
	at org.testng.remote.RemoteTestNG.main(RemoteTestNG.java:177)
]]>
            </full-stacktrace>
          </exception> <!-- org.openqa.selenium.NoSuchElementException -->
          <reporter-output>
          </reporter-output>
        </test-method> <!-- A_03_Test_MessageGatewayCheck_ErrorMessage -->
        <test-method status="PASS" signature="resultGenerator(org.testng.ITestResult)[pri:0, instance:angular.testscripts.prereuisitesangular.MessageGateway.MessageGatewayTestScript@c038203]" name="resultGenerator" is-config="true" duration-ms="954" started-at="2024-05-31T11:03:30Z" finished-at="2024-05-31T11:03:31Z">
          <params>
            <param index="0">
              <value>
                <![CDATA[[TestResult name=A_03_Test_MessageGatewayCheck_ErrorMessage status=FAILURE method=MessageGatewayTestScript.A_03_Test_MessageGatewayCheck_ErrorMessage(java.lang.String, java.lang.String, java.lang.String)[pri:0, instance:angular.testscripts.prereuisitesangular.MessageGateway.MessageGatewayTestScript@c038203] output={null}]]]>
              </value>
            </param>
          </params>
          <reporter-output>
          </reporter-output>
        </test-method> <!-- resultGenerator -->
        <test-method status="FAIL" signature="A_04_Test_MessageGateway_VerifyErrorMessage_UponProviding_exitingGatewayName(java.lang.String, java.lang.String, java.lang.String)[pri:0, instance:angular.testscripts.prereuisitesangular.MessageGateway.MessageGatewayTestScript@c038203]" name="A_04_Test_MessageGateway_VerifyErrorMessage_UponProviding_exitingGatewayName" duration-ms="970" started-at="2024-05-31T11:03:31Z" data-provider="categoryData" finished-at="2024-05-31T11:03:32Z">
          <params>
            <param index="0">
              <value>
                <![CDATA[Super Admin]]>
              </value>
            </param>
            <param index="1">
              <value>
                <![CDATA[superadmin]]>
              </value>
            </param>
            <param index="2">
              <value>
                <![CDATA[Com@1111]]>
              </value>
            </param>
          </params>
          <exception class="org.openqa.selenium.NoSuchElementException">
            <message>
              <![CDATA[no such element: Unable to locate element: {"method":"xpath","selector":"//div[@id='mat-tab-label-1-0']"}
  (Session info: chrome=125.0.6422.113)
  (Driver info: chromedriver=2.41.578737 (49da6702b16031c40d63e5618de03a32ff6c197e),platform=Windows NT 10.0.19045 x86_64) (WARNING: The server did not provide any stacktrace information)
Command duration or timeout: 0 milliseconds
For documentation on this error, please visit: http://seleniumhq.org/exceptions/no_such_element.html
Build info: version: '3.10.0', revision: '176b4a9', time: '2018-03-02T19:03:16.397Z'
System info: host: 'MCKL-20005142', ip: '172.25.16.56', os.name: 'Windows 10', os.arch: 'amd64', os.version: '10.0', java.version: '1.8.0_291'
Driver info: org.openqa.selenium.chrome.ChromeDriver
Capabilities {acceptInsecureCerts: false, acceptSslCerts: false, applicationCacheEnabled: false, browserConnectionEnabled: false, browserName: chrome, chrome: {chromedriverVersion: 2.41.578737 (49da6702b16031..., userDataDir: C:\Users\SOURAB~1.AWA\AppDa...}, cssSelectorsEnabled: true, databaseEnabled: false, goog:chromeOptions: {debuggerAddress: localhost:61669}, handlesAlerts: true, hasTouchScreen: false, javascriptEnabled: true, locationContextEnabled: true, mobileEmulationEnabled: false, nativeEvents: true, networkConnectionEnabled: false, pageLoadStrategy: normal, platform: XP, platformName: XP, rotatable: false, setWindowRect: true, takesHeapSnapshot: true, takesScreenshot: true, unexpectedAlertBehaviour: , unhandledPromptBehavior: , version: 125.0.6422.113, webStorageEnabled: true}
Session ID: e414ae087e0fd7ab602c53071d0795a3
*** Element info: {Using=xpath, value=//div[@id='mat-tab-label-1-0']}]]>
            </message>
            <full-stacktrace>
              <![CDATA[org.openqa.selenium.NoSuchElementException: no such element: Unable to locate element: {"method":"xpath","selector":"//div[@id='mat-tab-label-1-0']"}
  (Session info: chrome=125.0.6422.113)
  (Driver info: chromedriver=2.41.578737 (49da6702b16031c40d63e5618de03a32ff6c197e),platform=Windows NT 10.0.19045 x86_64) (WARNING: The server did not provide any stacktrace information)
Command duration or timeout: 0 milliseconds
For documentation on this error, please visit: http://seleniumhq.org/exceptions/no_such_element.html
Build info: version: '3.10.0', revision: '176b4a9', time: '2018-03-02T19:03:16.397Z'
System info: host: 'MCKL-20005142', ip: '172.25.16.56', os.name: 'Windows 10', os.arch: 'amd64', os.version: '10.0', java.version: '1.8.0_291'
Driver info: org.openqa.selenium.chrome.ChromeDriver
Capabilities {acceptInsecureCerts: false, acceptSslCerts: false, applicationCacheEnabled: false, browserConnectionEnabled: false, browserName: chrome, chrome: {chromedriverVersion: 2.41.578737 (49da6702b16031..., userDataDir: C:\Users\SOURAB~1.AWA\AppDa...}, cssSelectorsEnabled: true, databaseEnabled: false, goog:chromeOptions: {debuggerAddress: localhost:61669}, handlesAlerts: true, hasTouchScreen: false, javascriptEnabled: true, locationContextEnabled: true, mobileEmulationEnabled: false, nativeEvents: true, networkConnectionEnabled: false, pageLoadStrategy: normal, platform: XP, platformName: XP, rotatable: false, setWindowRect: true, takesHeapSnapshot: true, takesScreenshot: true, unexpectedAlertBehaviour: , unhandledPromptBehavior: , version: 125.0.6422.113, webStorageEnabled: true}
Session ID: e414ae087e0fd7ab602c53071d0795a3
*** Element info: {Using=xpath, value=//div[@id='mat-tab-label-1-0']}
	at sun.reflect.NativeConstructorAccessorImpl.newInstance0(Native Method)
	at sun.reflect.NativeConstructorAccessorImpl.newInstance(Unknown Source)
	at sun.reflect.DelegatingConstructorAccessorImpl.newInstance(Unknown Source)
	at java.lang.reflect.Constructor.newInstance(Unknown Source)
	at org.openqa.selenium.remote.ErrorHandler.createThrowable(ErrorHandler.java:214)
	at org.openqa.selenium.remote.ErrorHandler.throwIfResponseFailed(ErrorHandler.java:166)
	at org.openqa.selenium.remote.http.JsonHttpResponseCodec.reconstructValue(JsonHttpResponseCodec.java:40)
	at org.openqa.selenium.remote.http.AbstractHttpResponseCodec.decode(AbstractHttpResponseCodec.java:80)
	at org.openqa.selenium.remote.http.AbstractHttpResponseCodec.decode(AbstractHttpResponseCodec.java:44)
	at org.openqa.selenium.remote.HttpCommandExecutor.execute(HttpCommandExecutor.java:160)
	at org.openqa.selenium.remote.service.DriverCommandExecutor.execute(DriverCommandExecutor.java:83)
	at org.openqa.selenium.remote.RemoteWebDriver.execute(RemoteWebDriver.java:601)
	at org.openqa.selenium.remote.RemoteWebDriver.findElement(RemoteWebDriver.java:371)
	at org.openqa.selenium.remote.RemoteWebDriver.findElementByXPath(RemoteWebDriver.java:473)
	at org.openqa.selenium.By$ByXPath.findElement(By.java:361)
	at org.openqa.selenium.remote.RemoteWebDriver.findElement(RemoteWebDriver.java:363)
	at org.openqa.selenium.support.pagefactory.DefaultElementLocator.findElement(DefaultElementLocator.java:69)
	at org.openqa.selenium.support.pagefactory.internal.LocatingElementHandler.invoke(LocatingElementHandler.java:38)
	at com.sun.proxy.$Proxy17.click(Unknown Source)
	at angular.pageobjects.MessageGateway.MessageGatewayPageObject.clickOnETopUPButton(MessageGatewayPageObject.java:199)
	at angular.feature.MessageGateway.MessageGatewayFeature.alreadyExistingGatewayName(MessageGatewayFeature.java:150)
	at angular.feature.MessageGateway.MessageGatewayFeature.MessageGateway_VerifyErrorMessage_UponProviding_exitingGatewayName(MessageGatewayFeature.java:289)
	at angular.testscripts.prereuisitesangular.MessageGateway.MessageGatewayTestScript.A_04_Test_MessageGateway_VerifyErrorMessage_UponProviding_exitingGatewayName(MessageGatewayTestScript.java:87)
	at sun.reflect.NativeMethodAccessorImpl.invoke0(Native Method)
	at sun.reflect.NativeMethodAccessorImpl.invoke(Unknown Source)
	at sun.reflect.DelegatingMethodAccessorImpl.invoke(Unknown Source)
	at java.lang.reflect.Method.invoke(Unknown Source)
	at org.testng.internal.MethodInvocationHelper.invokeMethod(MethodInvocationHelper.java:86)
	at org.testng.internal.Invoker.invokeMethod(Invoker.java:645)
	at org.testng.internal.Invoker.invokeTestMethod(Invoker.java:822)
	at org.testng.internal.Invoker.invokeTestMethods(Invoker.java:1130)
	at org.testng.internal.TestMethodWorker.invokeTestMethods(TestMethodWorker.java:129)
	at org.testng.internal.TestMethodWorker.run(TestMethodWorker.java:112)
	at org.testng.TestRunner.privateRun(TestRunner.java:782)
	at org.testng.TestRunner.run(TestRunner.java:632)
	at org.testng.SuiteRunner.runTest(SuiteRunner.java:366)
	at org.testng.SuiteRunner.runSequentially(SuiteRunner.java:361)
	at org.testng.SuiteRunner.privateRun(SuiteRunner.java:319)
	at org.testng.SuiteRunner.run(SuiteRunner.java:268)
	at org.testng.SuiteRunnerWorker.runSuite(SuiteRunnerWorker.java:52)
	at org.testng.SuiteRunnerWorker.run(SuiteRunnerWorker.java:86)
	at org.testng.TestNG.runSuitesSequentially(TestNG.java:1244)
	at org.testng.TestNG.runSuitesLocally(TestNG.java:1169)
	at org.testng.TestNG.run(TestNG.java:1064)
	at org.testng.remote.RemoteTestNG.run(RemoteTestNG.java:113)
	at org.testng.remote.RemoteTestNG.initAndRun(RemoteTestNG.java:206)
	at org.testng.remote.RemoteTestNG.main(RemoteTestNG.java:177)
]]>
            </full-stacktrace>
          </exception> <!-- org.openqa.selenium.NoSuchElementException -->
          <reporter-output>
          </reporter-output>
        </test-method> <!-- A_04_Test_MessageGateway_VerifyErrorMessage_UponProviding_exitingGatewayName -->
        <test-method status="PASS" signature="initializeTestManager(java.lang.reflect.Method, org.testng.ITestResult)[pri:0, instance:angular.testscripts.prereuisitesangular.MessageGateway.MessageGatewayTestScript@c038203]" name="initializeTestManager" is-config="true" duration-ms="0" started-at="2024-05-31T11:03:31Z" finished-at="2024-05-31T11:03:31Z">
          <params>
            <param index="0">
              <value>
                <![CDATA[public void angular.testscripts.prereuisitesangular.MessageGateway.MessageGatewayTestScript.A_04_Test_MessageGateway_VerifyErrorMessage_UponProviding_exitingGatewayName(java.lang.String,java.lang.String,java.lang.String)]]>
              </value>
            </param>
            <param index="1">
              <value>
                <![CDATA[[TestResult name=A_04_Test_MessageGateway_VerifyErrorMessage_UponProviding_exitingGatewayName status=FAILURE method=MessageGatewayTestScript.A_04_Test_MessageGateway_VerifyErrorMessage_UponProviding_exitingGatewayName(java.lang.String, java.lang.String, java.lang.String)[pri:0, instance:angular.testscripts.prereuisitesangular.MessageGateway.MessageGatewayTestScript@c038203] output={null}]]]>
              </value>
            </param>
          </params>
          <reporter-output>
          </reporter-output>
        </test-method> <!-- initializeTestManager -->
        <test-method status="PASS" signature="resultGenerator(org.testng.ITestResult)[pri:0, instance:angular.testscripts.prereuisitesangular.MessageGateway.MessageGatewayTestScript@c038203]" name="resultGenerator" is-config="true" duration-ms="983" started-at="2024-05-31T11:03:32Z" finished-at="2024-05-31T11:03:33Z">
          <params>
            <param index="0">
              <value>
                <![CDATA[[TestResult name=A_04_Test_MessageGateway_VerifyErrorMessage_UponProviding_exitingGatewayName status=FAILURE method=MessageGatewayTestScript.A_04_Test_MessageGateway_VerifyErrorMessage_UponProviding_exitingGatewayName(java.lang.String, java.lang.String, java.lang.String)[pri:0, instance:angular.testscripts.prereuisitesangular.MessageGateway.MessageGatewayTestScript@c038203] output={null}]]]>
              </value>
            </param>
          </params>
          <reporter-output>
          </reporter-output>
        </test-method> <!-- resultGenerator -->
        <test-method status="PASS" signature="afterClass()[pri:0, instance:angular.testscripts.prereuisitesangular.MessageGateway.MessageGatewayTestScript@c038203]" name="afterClass" is-config="true" duration-ms="717" started-at="2024-05-31T11:03:33Z" finished-at="2024-05-31T11:03:34Z">
          <reporter-output>
          </reporter-output>
        </test-method> <!-- afterClass -->
        <test-method status="FAIL" signature="tearDown()[pri:0, instance:angular.testscripts.prereuisitesangular.MessageGateway.MessageGatewayTestScript@c038203]" name="tearDown" is-config="true" duration-ms="0" started-at="2024-05-31T11:03:34Z" finished-at="2024-05-31T11:03:34Z">
          <exception class="java.io.FileNotFoundException">
            <message>
              <![CDATA[C:\Users\chetan.chawla\Desktop\BuildID.txt (The system cannot find the path specified)]]>
            </message>
            <full-stacktrace>
              <![CDATA[java.io.FileNotFoundException: C:\Users\chetan.chawla\Desktop\BuildID.txt (The system cannot find the path specified)
	at java.io.FileInputStream.open0(Native Method)
	at java.io.FileInputStream.open(Unknown Source)
	at java.io.FileInputStream.<init>(Unknown Source)
	at java.io.FileInputStream.<init>(Unknown Source)
	at com.webaut.ctreportutil.util.BuildIDUtil.getBuildID(BuildIDUtil.java:61)
	at com.webaut.ctreportutil.CTReporter.BuildIDConfigurator(CTReporter.java:20)
	at com.classes.BaseTest.tearDown(BaseTest.java:136)
	at sun.reflect.NativeMethodAccessorImpl.invoke0(Native Method)
	at sun.reflect.NativeMethodAccessorImpl.invoke(Unknown Source)
	at sun.reflect.DelegatingMethodAccessorImpl.invoke(Unknown Source)
	at java.lang.reflect.Method.invoke(Unknown Source)
	at org.testng.internal.MethodInvocationHelper.invokeMethod(MethodInvocationHelper.java:86)
	at org.testng.internal.Invoker.invokeConfigurationMethod(Invoker.java:514)
	at org.testng.internal.Invoker.invokeConfigurations(Invoker.java:215)
	at org.testng.internal.Invoker.invokeConfigurations(Invoker.java:142)
	at org.testng.SuiteRunner.privateRun(SuiteRunner.java:336)
	at org.testng.SuiteRunner.run(SuiteRunner.java:268)
	at org.testng.SuiteRunnerWorker.runSuite(SuiteRunnerWorker.java:52)
	at org.testng.SuiteRunnerWorker.run(SuiteRunnerWorker.java:86)
	at org.testng.TestNG.runSuitesSequentially(TestNG.java:1244)
	at org.testng.TestNG.runSuitesLocally(TestNG.java:1169)
	at org.testng.TestNG.run(TestNG.java:1064)
	at org.testng.remote.RemoteTestNG.run(RemoteTestNG.java:113)
	at org.testng.remote.RemoteTestNG.initAndRun(RemoteTestNG.java:206)
	at org.testng.remote.RemoteTestNG.main(RemoteTestNG.java:177)
]]>
            </full-stacktrace>
          </exception> <!-- java.io.FileNotFoundException -->
          <reporter-output>
          </reporter-output>
        </test-method> <!-- tearDown -->
      </class> <!-- angular.testscripts.prereuisitesangular.MessageGateway.MessageGatewayTestScript -->
    </test> <!-- Default test -->
  </suite> <!-- Default suite -->
</testng-results>
