<?xml version="1.0" encoding="UTF-8"?>
<!-- Generated by org.testng.reporters.JUnitReportReporter -->
<testsuite skipped="25" hostname="MCKL-20005142" name="restassuredapi.test.C2CTransferApprovalListStock" tests="27" failures="0" timestamp="10 Feb 2022 09:09:31 GMT" time="2.455" errors="2">
  <testcase name="A_09_Test_ExternalNetworkCodeIsBlank" time="0.032" classname="restassuredapi.test.C2CTransferApprovalListStock">
    <skipped/>
  </testcase> <!-- A_09_Test_ExternalNetworkCodeIsBlank -->
  <testcase name="A_09_Test_ExternalNetworkCodeIsBlank" time="0.032" classname="restassuredapi.test.C2CTransferApprovalListStock">
    <skipped/>
  </testcase> <!-- A_09_Test_ExternalNetworkCodeIsBlank -->
  <testcase name="A_16_Test_ApprovalLevel2" time="0.029" classname="restassuredapi.test.C2CTransferApprovalListStock">
    <skipped/>
  </testcase> <!-- A_16_Test_ApprovalLevel2 -->
  <testcase name="A_20_Test_ApprovalLevel3" time="0.033" classname="restassuredapi.test.C2CTransferApprovalListStock">
    <skipped/>
  </testcase> <!-- A_20_Test_ApprovalLevel3 -->
  <testcase name="A_01_Test_success" time="0.041" classname="restassuredapi.test.C2CTransferApprovalListStock">
    <skipped/>
  </testcase> <!-- A_01_Test_success -->
  <testcase name="A_16_Test_ApprovalLevel2" time="0.027" classname="restassuredapi.test.C2CTransferApprovalListStock">
    <skipped/>
  </testcase> <!-- A_16_Test_ApprovalLevel2 -->
  <testcase name="setupReporter" time="1.661" classname="restassuredapi.test.C2CTransferApprovalListStock">
    <error type="java.lang.ArrayIndexOutOfBoundsException" message="1">
      <![CDATA[java.lang.ArrayIndexOutOfBoundsException: 1
at com.utils._masterVO.loadWebTestCases(_masterVO.java:432)
at com.utils._masterVO.loadVO(_masterVO.java:66)
at com.classes.BaseTest.setupReporter(BaseTest.java:84)
at sun.reflect.NativeMethodAccessorImpl.invoke0(Native Method)
at sun.reflect.NativeMethodAccessorImpl.invoke(Unknown Source)
at sun.reflect.DelegatingMethodAccessorImpl.invoke(Unknown Source)
at java.lang.reflect.Method.invoke(Unknown Source)
at org.testng.internal.MethodInvocationHelper.invokeMethod(MethodInvocationHelper.java:124)
at org.testng.internal.MethodInvocationHelper.invokeMethodConsideringTimeout(MethodInvocationHelper.java:59)
at org.testng.internal.Invoker.invokeConfigurationMethod(Invoker.java:455)
at org.testng.internal.Invoker.invokeConfigurations(Invoker.java:222)
at org.testng.internal.Invoker.invokeConfigurations(Invoker.java:142)
at org.testng.SuiteRunner.privateRun(SuiteRunner.java:401)
at org.testng.SuiteRunner.run(SuiteRunner.java:364)
at org.testng.SuiteRunnerWorker.runSuite(SuiteRunnerWorker.java:52)
at org.testng.SuiteRunnerWorker.run(SuiteRunnerWorker.java:84)
at org.testng.TestNG.runSuitesSequentially(TestNG.java:1208)
at org.testng.TestNG.runSuitesLocally(TestNG.java:1137)
at org.testng.TestNG.runSuites(TestNG.java:1049)
at org.testng.TestNG.run(TestNG.java:1017)
at org.testng.remote.AbstractRemoteTestNG.run(AbstractRemoteTestNG.java:115)
at org.testng.remote.RemoteTestNG.initAndRun(RemoteTestNG.java:251)
at org.testng.remote.RemoteTestNG.main(RemoteTestNG.java:77)
]]>
    </error>
  </testcase> <!-- setupReporter -->
  <testcase name="A_09_Test_ExternalNetworkCodeIsBlank" time="0.029" classname="restassuredapi.test.C2CTransferApprovalListStock">
    <skipped/>
  </testcase> <!-- A_09_Test_ExternalNetworkCodeIsBlank -->
  <testcase name="A_10_Test_ExternalNetworkCodeIsInvalid" time="0.027" classname="restassuredapi.test.C2CTransferApprovalListStock">
    <skipped/>
  </testcase> <!-- A_10_Test_ExternalNetworkCodeIsInvalid -->
  <testcase name="A_20_Test_ApprovalLevel3" time="0.035" classname="restassuredapi.test.C2CTransferApprovalListStock">
    <skipped/>
  </testcase> <!-- A_20_Test_ApprovalLevel3 -->
  <testcase name="A_01_Test_success" time="0.030" classname="restassuredapi.test.C2CTransferApprovalListStock">
    <skipped/>
  </testcase> <!-- A_01_Test_success -->
  <testcase name="A_10_Test_ExternalNetworkCodeIsInvalid" time="0.027" classname="restassuredapi.test.C2CTransferApprovalListStock">
    <skipped/>
  </testcase> <!-- A_10_Test_ExternalNetworkCodeIsInvalid -->
  <testcase name="A_16_Test_ApprovalLevel2" time="0.027" classname="restassuredapi.test.C2CTransferApprovalListStock">
    <skipped/>
  </testcase> <!-- A_16_Test_ApprovalLevel2 -->
  <testcase name="A_01_Test_success" time="0.028" classname="restassuredapi.test.C2CTransferApprovalListStock">
    <skipped/>
  </testcase> <!-- A_01_Test_success -->
  <testcase name="A_10_Test_ExternalNetworkCodeIsInvalid" time="0.033" classname="restassuredapi.test.C2CTransferApprovalListStock">
    <skipped/>
  </testcase> <!-- A_10_Test_ExternalNetworkCodeIsInvalid -->
  <testcase name="A_20_Test_ApprovalLevel3" time="0.087" classname="restassuredapi.test.C2CTransferApprovalListStock">
    <skipped/>
  </testcase> <!-- A_20_Test_ApprovalLevel3 -->
  <testcase name="tearDown" time="0.039" classname="restassuredapi.test.C2CTransferApprovalListStock">
    <error type="java.lang.NullPointerException">
      <![CDATA[java.lang.NullPointerException
at com.classes.BaseTest.tearDown(BaseTest.java:117)
at sun.reflect.NativeMethodAccessorImpl.invoke0(Native Method)
at sun.reflect.NativeMethodAccessorImpl.invoke(Unknown Source)
at sun.reflect.DelegatingMethodAccessorImpl.invoke(Unknown Source)
at java.lang.reflect.Method.invoke(Unknown Source)
at org.testng.internal.MethodInvocationHelper.invokeMethod(MethodInvocationHelper.java:124)
at org.testng.internal.MethodInvocationHelper.invokeMethodConsideringTimeout(MethodInvocationHelper.java:59)
at org.testng.internal.Invoker.invokeConfigurationMethod(Invoker.java:455)
at org.testng.internal.Invoker.invokeConfigurations(Invoker.java:222)
at org.testng.internal.Invoker.invokeConfigurations(Invoker.java:142)
at org.testng.SuiteRunner.privateRun(SuiteRunner.java:425)
at org.testng.SuiteRunner.run(SuiteRunner.java:364)
at org.testng.SuiteRunnerWorker.runSuite(SuiteRunnerWorker.java:52)
at org.testng.SuiteRunnerWorker.run(SuiteRunnerWorker.java:84)
at org.testng.TestNG.runSuitesSequentially(TestNG.java:1208)
at org.testng.TestNG.runSuitesLocally(TestNG.java:1137)
at org.testng.TestNG.runSuites(TestNG.java:1049)
at org.testng.TestNG.run(TestNG.java:1017)
at org.testng.remote.AbstractRemoteTestNG.run(AbstractRemoteTestNG.java:115)
at org.testng.remote.RemoteTestNG.initAndRun(RemoteTestNG.java:251)
at org.testng.remote.RemoteTestNG.main(RemoteTestNG.java:77)
]]>
    </error>
  </testcase> <!-- tearDown -->
  <testcase name="A_20_Test_ApprovalLevel3" time="0.031" classname="restassuredapi.test.C2CTransferApprovalListStock">
    <skipped/>
  </testcase> <!-- A_20_Test_ApprovalLevel3 -->
  <testcase name="A_10_Test_ExternalNetworkCodeIsInvalid" time="0.034" classname="restassuredapi.test.C2CTransferApprovalListStock">
    <skipped/>
  </testcase> <!-- A_10_Test_ExternalNetworkCodeIsInvalid -->
  <testcase name="A_01_Test_success" time="0.029" classname="restassuredapi.test.C2CTransferApprovalListStock">
    <skipped/>
  </testcase> <!-- A_01_Test_success -->
  <testcase name="A_01_Test_success" time="0.030" classname="restassuredapi.test.C2CTransferApprovalListStock">
    <skipped/>
  </testcase> <!-- A_01_Test_success -->
  <testcase name="A_16_Test_ApprovalLevel2" time="0.028" classname="restassuredapi.test.C2CTransferApprovalListStock">
    <skipped/>
  </testcase> <!-- A_16_Test_ApprovalLevel2 -->
  <testcase name="A_20_Test_ApprovalLevel3" time="0.028" classname="restassuredapi.test.C2CTransferApprovalListStock">
    <skipped/>
  </testcase> <!-- A_20_Test_ApprovalLevel3 -->
  <testcase name="A_10_Test_ExternalNetworkCodeIsInvalid" time="0.028" classname="restassuredapi.test.C2CTransferApprovalListStock">
    <skipped/>
  </testcase> <!-- A_10_Test_ExternalNetworkCodeIsInvalid -->
  <testcase name="A_09_Test_ExternalNetworkCodeIsBlank" time="0.030" classname="restassuredapi.test.C2CTransferApprovalListStock">
    <skipped/>
  </testcase> <!-- A_09_Test_ExternalNetworkCodeIsBlank -->
  <testcase name="A_09_Test_ExternalNetworkCodeIsBlank" time="0.000" classname="restassuredapi.test.C2CTransferApprovalListStock">
    <skipped/>
  </testcase> <!-- A_09_Test_ExternalNetworkCodeIsBlank -->
  <testcase name="A_16_Test_ApprovalLevel2" time="0.000" classname="restassuredapi.test.C2CTransferApprovalListStock">
    <skipped/>
  </testcase> <!-- A_16_Test_ApprovalLevel2 -->
</testsuite> <!-- restassuredapi.test.C2CTransferApprovalListStock -->
