<?xml version="1.0" encoding="UTF-8"?>
<!-- Generated by org.testng.reporters.JUnitReportReporter -->
<testsuite skipped="13" hostname="MCKL-20005142" name="angular.testscripts.prereuisitesangular.PreRequisite_DVDBulkRecharge_Revamp" tests="17" failures="1" timestamp="03 Jun 2022 10:49:49 GMT" time="335.019" errors="0">
  <testcase name="TC_14_Test_DVDBulkRechargeInvalidFileType" time="38.641" classname="angular.testscripts.prereuisitesangular.PreRequisite_DVDBulkRecharge_Revamp"/>
  <testcase name="TC_04_Test_DVDBulkRechargeInvalidMSISDN" time="13.712" classname="angular.testscripts.prereuisitesangular.PreRequisite_DVDBulkRecharge_Revamp">
    <skipped/>
  </testcase> <!-- TC_04_Test_DVDBulkRechargeInvalidMSISDN -->
  <testcase name="TC_13_Test_DVDBulkRechargeZeroQuantity" time="13.697" classname="angular.testscripts.prereuisitesangular.PreRequisite_DVDBulkRecharge_Revamp">
    <skipped/>
  </testcase> <!-- TC_13_Test_DVDBulkRechargeZeroQuantity -->
  <testcase name="TC_03_Test_DVDBulkRechargeCopyButton" time="14.143" classname="angular.testscripts.prereuisitesangular.PreRequisite_DVDBulkRecharge_Revamp">
    <skipped/>
  </testcase> <!-- TC_03_Test_DVDBulkRechargeCopyButton -->
  <testcase name="TC_08_Test_DVDBulkRechargeBlankPIN" time="14.562" classname="angular.testscripts.prereuisitesangular.PreRequisite_DVDBulkRecharge_Revamp">
    <skipped/>
  </testcase> <!-- TC_08_Test_DVDBulkRechargeBlankPIN -->
  <testcase name="TC_05_Test_DVDBulkRechargeNegativeQuantity" time="13.651" classname="angular.testscripts.prereuisitesangular.PreRequisite_DVDBulkRecharge_Revamp">
    <skipped/>
  </testcase> <!-- TC_05_Test_DVDBulkRechargeNegativeQuantity -->
  <testcase name="TC_09_Test_DVDBulkRechargeInvalidPIN" time="14.135" classname="angular.testscripts.prereuisitesangular.PreRequisite_DVDBulkRecharge_Revamp">
    <skipped/>
  </testcase> <!-- TC_09_Test_DVDBulkRechargeInvalidPIN -->
  <testcase name="TC_10_Test_DVDBulkRechargeBlankSegment" time="13.632" classname="angular.testscripts.prereuisitesangular.PreRequisite_DVDBulkRecharge_Revamp">
    <skipped/>
  </testcase> <!-- TC_10_Test_DVDBulkRechargeBlankSegment -->
  <testcase name="TC_15_Test_DVDBulkRechargeTemplatewithoutData" time="42.029" classname="angular.testscripts.prereuisitesangular.PreRequisite_DVDBulkRecharge_Revamp"/>
  <testcase name="TC_11_Test_DVDBulkRechargeBlankDenomination" time="13.756" classname="angular.testscripts.prereuisitesangular.PreRequisite_DVDBulkRecharge_Revamp">
    <skipped/>
  </testcase> <!-- TC_11_Test_DVDBulkRechargeBlankDenomination -->
  <testcase name="TC_02_Test_DVDBulkRechargeResetButton" time="14.467" classname="angular.testscripts.prereuisitesangular.PreRequisite_DVDBulkRecharge_Revamp">
    <skipped/>
  </testcase> <!-- TC_02_Test_DVDBulkRechargeResetButton -->
  <testcase name="TC_12_Test_DVDBulkRechargeBlankProfileID" time="13.685" classname="angular.testscripts.prereuisitesangular.PreRequisite_DVDBulkRecharge_Revamp">
    <skipped/>
  </testcase> <!-- TC_12_Test_DVDBulkRechargeBlankProfileID -->
  <testcase name="TC_07_Test_DVDBulkRechargeBlankVoucherType" time="13.668" classname="angular.testscripts.prereuisitesangular.PreRequisite_DVDBulkRecharge_Revamp">
    <skipped/>
  </testcase> <!-- TC_07_Test_DVDBulkRechargeBlankVoucherType -->
  <testcase name="TC_06_Test_DVDBulkRechargeBlankQuantity" time="13.842" classname="angular.testscripts.prereuisitesangular.PreRequisite_DVDBulkRecharge_Revamp">
    <skipped/>
  </testcase> <!-- TC_06_Test_DVDBulkRechargeBlankQuantity -->
  <testcase name="TC_01_Test_DVDBulkRecharge" time="26.085" classname="angular.testscripts.prereuisitesangular.PreRequisite_DVDBulkRecharge_Revamp">
    <skipped/>
  </testcase> <!-- TC_01_Test_DVDBulkRecharge -->
  <testcase name="TC_16_Test_DVDBulkRechargeBlankTemplateFile" time="59.785" classname="angular.testscripts.prereuisitesangular.PreRequisite_DVDBulkRecharge_Revamp"/>
  <testcase name="tearDown" time="1.529" classname="angular.testscripts.prereuisitesangular.PreRequisite_DVDBulkRecharge_Revamp">
    <failure type="java.lang.AssertionError" message="1 expectation failed.
Expected status code &lt;200&gt; but was &lt;400&gt;.
">
      <![CDATA[java.lang.AssertionError: 1 expectation failed.
Expected status code <200> but was <400>.

at sun.reflect.NativeConstructorAccessorImpl.newInstance0(Native Method)
at sun.reflect.NativeConstructorAccessorImpl.newInstance(Unknown Source)
at sun.reflect.DelegatingConstructorAccessorImpl.newInstance(Unknown Source)
at java.lang.reflect.Constructor.newInstance(Unknown Source)
at org.codehaus.groovy.reflection.CachedConstructor.invoke(CachedConstructor.java:83)
at org.codehaus.groovy.reflection.CachedConstructor.doConstructorInvoke(CachedConstructor.java:77)
at org.codehaus.groovy.runtime.callsite.ConstructorSite$ConstructorSiteNoUnwrap.callConstructor(ConstructorSite.java:84)
at org.codehaus.groovy.runtime.callsite.CallSiteArray.defaultCallConstructor(CallSiteArray.java:60)
at org.codehaus.groovy.runtime.callsite.AbstractCallSite.callConstructor(AbstractCallSite.java:235)
at org.codehaus.groovy.runtime.callsite.AbstractCallSite.callConstructor(AbstractCallSite.java:247)
at io.restassured.internal.ResponseSpecificationImpl$HamcrestAssertionClosure.validate(ResponseSpecificationImpl.groovy:471)
at io.restassured.internal.ResponseSpecificationImpl$HamcrestAssertionClosure$validate$1.call(Unknown Source)
at org.codehaus.groovy.runtime.callsite.CallSiteArray.defaultCall(CallSiteArray.java:48)
at org.codehaus.groovy.runtime.callsite.AbstractCallSite.call(AbstractCallSite.java:113)
at org.codehaus.groovy.runtime.callsite.AbstractCallSite.call(AbstractCallSite.java:125)
at io.restassured.internal.ResponseSpecificationImpl.validate(ResponseSpecificationImpl.groovy:88)
at io.restassured.internal.ValidatableResponseOptionsImpl.specification(ValidatableResponseOptionsImpl.java:311)
at io.restassured.internal.ValidatableResponseOptionsImpl.spec(ValidatableResponseOptionsImpl.java:292)
at restassuredapi.api.xrayjira.XrayJiraAPI.validateResponse(XrayJiraAPI.java:57)
at restassuredapi.api.BaseAPI.perform(BaseAPI.java:63)
at com.testmanagement.core.JSONHandler.buildJSON(JSONHandler.java:85)
at com.classes.BaseTest.tearDown(BaseTest.java:120)
at sun.reflect.NativeMethodAccessorImpl.invoke0(Native Method)
at sun.reflect.NativeMethodAccessorImpl.invoke(Unknown Source)
at sun.reflect.DelegatingMethodAccessorImpl.invoke(Unknown Source)
at java.lang.reflect.Method.invoke(Unknown Source)
at org.testng.internal.MethodInvocationHelper.invokeMethod(MethodInvocationHelper.java:124)
at org.testng.internal.MethodInvocationHelper.invokeMethodConsideringTimeout(MethodInvocationHelper.java:59)
at org.testng.internal.Invoker.invokeConfigurationMethod(Invoker.java:455)
at org.testng.internal.Invoker.invokeConfigurations(Invoker.java:222)
at org.testng.internal.Invoker.invokeConfigurations(Invoker.java:142)
at org.testng.SuiteRunner.privateRun(SuiteRunner.java:425)
at org.testng.SuiteRunner.run(SuiteRunner.java:364)
at org.testng.SuiteRunnerWorker.runSuite(SuiteRunnerWorker.java:52)
at org.testng.SuiteRunnerWorker.run(SuiteRunnerWorker.java:84)
at org.testng.TestNG.runSuitesSequentially(TestNG.java:1208)
at org.testng.TestNG.runSuitesLocally(TestNG.java:1137)
at org.testng.TestNG.runSuites(TestNG.java:1049)
at org.testng.TestNG.run(TestNG.java:1017)
at org.testng.remote.AbstractRemoteTestNG.run(AbstractRemoteTestNG.java:115)
at org.testng.remote.RemoteTestNG.initAndRun(RemoteTestNG.java:251)
at org.testng.remote.RemoteTestNG.main(RemoteTestNG.java:77)
]]>
    </failure>
  </testcase> <!-- tearDown -->
</testsuite> <!-- angular.testscripts.prereuisitesangular.PreRequisite_DVDBulkRecharge_Revamp -->
