<?xml version="1.0" encoding="UTF-8"?>
<!-- Generated by org.testng.reporters.JUnitReportReporter -->
<testsuite skipped="10" hostname="MCKL-20005142" name="com.testscripts.prerequisites.PreRequisite_CommissionProfileCreation" tests="16" failures="0" timestamp="25 May 2022 08:58:35 GMT" time="2273.170" errors="1">
  <testcase name="Test_CreateCommissionProfile" time="444.436" classname="com.testscripts.prerequisites.PreRequisite_CommissionProfileCreation"/>
  <testcase name="Test_CreateCommissionProfile" time="455.831" classname="com.testscripts.prerequisites.PreRequisite_CommissionProfileCreation"/>
  <testcase name="C_ModifyOtherCommissionProfile" time="1.549" classname="com.testscripts.prerequisites.PreRequisite_CommissionProfileCreation">
    <skipped/>
  </testcase> <!-- C_ModifyOtherCommissionProfile -->
  <testcase name="B_CreateOtherCommissionProfile" time="1.305" classname="com.testscripts.prerequisites.PreRequisite_CommissionProfileCreation">
    <skipped/>
  </testcase> <!-- B_CreateOtherCommissionProfile -->
  <testcase name="B_CreateOtherCommissionProfile" time="1.683" classname="com.testscripts.prerequisites.PreRequisite_CommissionProfileCreation">
    <skipped/>
  </testcase> <!-- B_CreateOtherCommissionProfile -->
  <testcase name="E_OCP_BlankEntry" time="1.433" classname="com.testscripts.prerequisites.PreRequisite_CommissionProfileCreation">
    <skipped/>
  </testcase> <!-- E_OCP_BlankEntry -->
  <testcase name="Test_CreateCommissionProfile" time="467.123" classname="com.testscripts.prerequisites.PreRequisite_CommissionProfileCreation"/>
  <testcase name="G_OCP_StartRangeLesser" time="1.676" classname="com.testscripts.prerequisites.PreRequisite_CommissionProfileCreation">
    <skipped/>
  </testcase> <!-- G_OCP_StartRangeLesser -->
  <testcase name="Test_CreateCommissionProfile" time="455.878" classname="com.testscripts.prerequisites.PreRequisite_CommissionProfileCreation"/>
  <testcase name="B_CreateOtherCommissionProfile" time="1.438" classname="com.testscripts.prerequisites.PreRequisite_CommissionProfileCreation">
    <skipped/>
  </testcase> <!-- B_CreateOtherCommissionProfile -->
  <testcase name="D_ViewOtherCommissionProfile" time="1.370" classname="com.testscripts.prerequisites.PreRequisite_CommissionProfileCreation">
    <skipped/>
  </testcase> <!-- D_ViewOtherCommissionProfile -->
  <testcase name="Test_CreateCommissionProfile" time="434.536" classname="com.testscripts.prerequisites.PreRequisite_CommissionProfileCreation"/>
  <testcase name="B_CreateOtherCommissionProfile" time="1.508" classname="com.testscripts.prerequisites.PreRequisite_CommissionProfileCreation">
    <skipped/>
  </testcase> <!-- B_CreateOtherCommissionProfile -->
  <testcase name="A_loadOtherCommisionDetails" time="0.212" classname="com.testscripts.prerequisites.PreRequisite_CommissionProfileCreation">
    <error type="org.testng.internal.reflect.MethodMatcherException" message="
Data provider mismatch
Method: A_loadOtherCommisionDetails([])
Arguments: [(java.lang.Integer) 1,(java.lang.String) Distributor,(java.lang.String) Super Distributor,(java.lang.String) AUT89321]">
      <![CDATA[org.testng.internal.reflect.MethodMatcherException: 
Data provider mismatch
Method: A_loadOtherCommisionDetails([])
Arguments: [(java.lang.Integer) 1,(java.lang.String) Distributor,(java.lang.String) Super Distributor,(java.lang.String) AUT89321]
at org.testng.internal.reflect.DataProviderMethodMatcher.getConformingArguments(DataProviderMethodMatcher.java:45)
at org.testng.internal.Parameters.injectParameters(Parameters.java:796)
at org.testng.internal.Invoker.invokeTestMethods(Invoker.java:982)
at org.testng.internal.TestMethodWorker.invokeTestMethods(TestMethodWorker.java:125)
at org.testng.internal.TestMethodWorker.run(TestMethodWorker.java:109)
at org.testng.TestRunner.privateRun(TestRunner.java:648)
at org.testng.TestRunner.run(TestRunner.java:505)
at org.testng.SuiteRunner.runTest(SuiteRunner.java:455)
at org.testng.SuiteRunner.runSequentially(SuiteRunner.java:450)
at org.testng.SuiteRunner.privateRun(SuiteRunner.java:415)
at org.testng.SuiteRunner.run(SuiteRunner.java:364)
at org.testng.SuiteRunnerWorker.runSuite(SuiteRunnerWorker.java:52)
at org.testng.SuiteRunnerWorker.run(SuiteRunnerWorker.java:84)
at org.testng.TestNG.runSuitesSequentially(TestNG.java:1208)
at org.testng.TestNG.runSuitesLocally(TestNG.java:1137)
at org.testng.TestNG.runSuites(TestNG.java:1049)
at org.testng.TestNG.run(TestNG.java:1017)
at org.testng.remote.AbstractRemoteTestNG.run(AbstractRemoteTestNG.java:115)
at org.testng.remote.RemoteTestNG.initAndRun(RemoteTestNG.java:251)
at org.testng.remote.RemoteTestNG.main(RemoteTestNG.java:77)
]]>
    </error>
  </testcase> <!-- A_loadOtherCommisionDetails -->
  <testcase name="B_CreateOtherCommissionProfile" time="1.708" classname="com.testscripts.prerequisites.PreRequisite_CommissionProfileCreation">
    <skipped/>
  </testcase> <!-- B_CreateOtherCommissionProfile -->
  <testcase name="F_OCP_TransferBlank" time="1.484" classname="com.testscripts.prerequisites.PreRequisite_CommissionProfileCreation">
    <skipped/>
  </testcase> <!-- F_OCP_TransferBlank -->
</testsuite> <!-- com.testscripts.prerequisites.PreRequisite_CommissionProfileCreation -->
