<?xml version="1.0" encoding="UTF-8"?>
<!-- Generated by org.testng.reporters.JUnitReportReporter -->
<testsuite skipped="0" hostname="MCKL-20005142" name="angular.testscripts.prereuisitesangular.PreRequisite_C2SReversal_Revamp" tests="10" failures="1" timestamp="30 May 2022 10:20:36 GMT" time="396.681" errors="0">
  <testcase name="A_02_Test_C2SRechargeByTransactionId" time="57.015" classname="angular.testscripts.prereuisitesangular.PreRequisite_C2SReversal_Revamp"/>
  <testcase name="A_07_Test_performC2SReversalBlankPin" time="56.033" classname="angular.testscripts.prereuisitesangular.PreRequisite_C2SReversal_Revamp"/>
  <testcase name="A_01_Test_C2SRechargeByMsisdn" time="61.944" classname="angular.testscripts.prereuisitesangular.PreRequisite_C2SReversal_Revamp"/>
  <testcase name="A_03_Test_C2SRechargeInvalidSearchByMsisdn" time="27.944" classname="angular.testscripts.prereuisitesangular.PreRequisite_C2SReversal_Revamp"/>
  <testcase name="A_08_Test_performC2SReversalTestResetButton" time="54.619" classname="angular.testscripts.prereuisitesangular.PreRequisite_C2SReversal_Revamp"/>
  <testcase name="A_05_Test_performC2SReversalBlankMsisdn" time="27.297" classname="angular.testscripts.prereuisitesangular.PreRequisite_C2SReversal_Revamp"/>
  <testcase name="A_09_Test_performC2SReversalBlankTransactionID" time="27.555" classname="angular.testscripts.prereuisitesangular.PreRequisite_C2SReversal_Revamp"/>
  <testcase name="tearDown" time="2.232" classname="angular.testscripts.prereuisitesangular.PreRequisite_C2SReversal_Revamp">
    <failure type="java.lang.AssertionError" message="1 expectation failed.
Expected status code &lt;200&gt; but was &lt;400&gt;.
">
      <![CDATA[java.lang.AssertionError: 1 expectation failed.
Expected status code <200> but was <400>.

at sun.reflect.NativeConstructorAccessorImpl.newInstance0(Native Method)
at sun.reflect.NativeConstructorAccessorImpl.newInstance(Unknown Source)
at sun.reflect.DelegatingConstructorAccessorImpl.newInstance(Unknown Source)
at java.lang.reflect.Constructor.newInstance(Unknown Source)
at org.codehaus.groovy.reflection.CachedConstructor.invoke(CachedConstructor.java:83)
at org.codehaus.groovy.reflection.CachedConstructor.doConstructorInvoke(CachedConstructor.java:77)
at org.codehaus.groovy.runtime.callsite.ConstructorSite$ConstructorSiteNoUnwrap.callConstructor(ConstructorSite.java:84)
at org.codehaus.groovy.runtime.callsite.CallSiteArray.defaultCallConstructor(CallSiteArray.java:60)
at org.codehaus.groovy.runtime.callsite.AbstractCallSite.callConstructor(AbstractCallSite.java:235)
at org.codehaus.groovy.runtime.callsite.AbstractCallSite.callConstructor(AbstractCallSite.java:247)
at io.restassured.internal.ResponseSpecificationImpl$HamcrestAssertionClosure.validate(ResponseSpecificationImpl.groovy:471)
at io.restassured.internal.ResponseSpecificationImpl$HamcrestAssertionClosure$validate$1.call(Unknown Source)
at org.codehaus.groovy.runtime.callsite.CallSiteArray.defaultCall(CallSiteArray.java:48)
at org.codehaus.groovy.runtime.callsite.AbstractCallSite.call(AbstractCallSite.java:113)
at org.codehaus.groovy.runtime.callsite.AbstractCallSite.call(AbstractCallSite.java:125)
at io.restassured.internal.ResponseSpecificationImpl.validate(ResponseSpecificationImpl.groovy:88)
at io.restassured.internal.ValidatableResponseOptionsImpl.specification(ValidatableResponseOptionsImpl.java:311)
at io.restassured.internal.ValidatableResponseOptionsImpl.spec(ValidatableResponseOptionsImpl.java:292)
at restassuredapi.api.xrayjira.XrayJiraAPI.validateResponse(XrayJiraAPI.java:57)
at restassuredapi.api.BaseAPI.perform(BaseAPI.java:63)
at com.testmanagement.core.JSONHandler.buildJSON(JSONHandler.java:85)
at com.classes.BaseTest.tearDown(BaseTest.java:120)
at sun.reflect.NativeMethodAccessorImpl.invoke0(Native Method)
at sun.reflect.NativeMethodAccessorImpl.invoke(Unknown Source)
at sun.reflect.DelegatingMethodAccessorImpl.invoke(Unknown Source)
at java.lang.reflect.Method.invoke(Unknown Source)
at org.testng.internal.MethodInvocationHelper.invokeMethod(MethodInvocationHelper.java:124)
at org.testng.internal.MethodInvocationHelper.invokeMethodConsideringTimeout(MethodInvocationHelper.java:59)
at org.testng.internal.Invoker.invokeConfigurationMethod(Invoker.java:455)
at org.testng.internal.Invoker.invokeConfigurations(Invoker.java:222)
at org.testng.internal.Invoker.invokeConfigurations(Invoker.java:142)
at org.testng.SuiteRunner.privateRun(SuiteRunner.java:425)
at org.testng.SuiteRunner.run(SuiteRunner.java:364)
at org.testng.SuiteRunnerWorker.runSuite(SuiteRunnerWorker.java:52)
at org.testng.SuiteRunnerWorker.run(SuiteRunnerWorker.java:84)
at org.testng.TestNG.runSuitesSequentially(TestNG.java:1208)
at org.testng.TestNG.runSuitesLocally(TestNG.java:1137)
at org.testng.TestNG.runSuites(TestNG.java:1049)
at org.testng.TestNG.run(TestNG.java:1017)
at org.testng.remote.AbstractRemoteTestNG.run(AbstractRemoteTestNG.java:115)
at org.testng.remote.RemoteTestNG.initAndRun(RemoteTestNG.java:251)
at org.testng.remote.RemoteTestNG.main(RemoteTestNG.java:77)
]]>
    </failure>
  </testcase> <!-- tearDown -->
  <testcase name="A_04_Test_C2SRechargeBlankSearchByDropdown" time="26.859" classname="angular.testscripts.prereuisitesangular.PreRequisite_C2SReversal_Revamp"/>
  <testcase name="A_06_Test_performC2SReversalInvalidPin" time="55.183" classname="angular.testscripts.prereuisitesangular.PreRequisite_C2SReversal_Revamp"/>
</testsuite> <!-- angular.testscripts.prereuisitesangular.PreRequisite_C2SReversal_Revamp -->
