<?xml version="1.0" encoding="UTF-8"?>
<!-- Generated by org.testng.reporters.JUnitReportReporter -->
<testsuite skipped="15" hostname="MCKL-20005142" name="restassuredapi.test.CategoryList" tests="17" failures="0" timestamp="15 Mar 2022 04:43:51 GMT" time="0.040" errors="2">
  <testcase name="A_01_Test_positive" time="0.000" classname="restassuredapi.test.CategoryList">
    <skipped/>
  </testcase> <!-- A_01_Test_positive -->
  <testcase name="A_02_Invalid_TransferType" time="0.001" classname="restassuredapi.test.CategoryList">
    <skipped/>
  </testcase> <!-- A_02_Invalid_TransferType -->
  <testcase name="A_03_Test_invalid_NetworkCode" time="0.001" classname="restassuredapi.test.CategoryList">
    <skipped/>
  </testcase> <!-- A_03_Test_invalid_NetworkCode -->
  <testcase name="A_03_Test_invalid_NetworkCode" time="0.000" classname="restassuredapi.test.CategoryList">
    <skipped/>
  </testcase> <!-- A_03_Test_invalid_NetworkCode -->
  <testcase name="A_03_Test_invalid_NetworkCode" time="0.002" classname="restassuredapi.test.CategoryList">
    <skipped/>
  </testcase> <!-- A_03_Test_invalid_NetworkCode -->
  <testcase name="A_03_Test_invalid_NetworkCode" time="0.001" classname="restassuredapi.test.CategoryList">
    <skipped/>
  </testcase> <!-- A_03_Test_invalid_NetworkCode -->
  <testcase name="A_01_Test_positive" time="0.001" classname="restassuredapi.test.CategoryList">
    <skipped/>
  </testcase> <!-- A_01_Test_positive -->
  <testcase name="A_01_Test_positive" time="0.010" classname="restassuredapi.test.CategoryList">
    <skipped/>
  </testcase> <!-- A_01_Test_positive -->
  <testcase name="A_02_Invalid_TransferType" time="0.001" classname="restassuredapi.test.CategoryList">
    <skipped/>
  </testcase> <!-- A_02_Invalid_TransferType -->
  <testcase name="A_02_Invalid_TransferType" time="0.000" classname="restassuredapi.test.CategoryList">
    <skipped/>
  </testcase> <!-- A_02_Invalid_TransferType -->
  <testcase name="A_03_Test_invalid_NetworkCode" time="0.000" classname="restassuredapi.test.CategoryList">
    <skipped/>
  </testcase> <!-- A_03_Test_invalid_NetworkCode -->
  <testcase name="tearDown" time="0.001" classname="restassuredapi.test.CategoryList">
    <error type="java.lang.NullPointerException">
      <![CDATA[java.lang.NullPointerException
at com.classes.BaseTest.tearDown(BaseTest.java:118)
at sun.reflect.NativeMethodAccessorImpl.invoke0(Native Method)
at sun.reflect.NativeMethodAccessorImpl.invoke(Unknown Source)
at sun.reflect.DelegatingMethodAccessorImpl.invoke(Unknown Source)
at java.lang.reflect.Method.invoke(Unknown Source)
at org.testng.internal.MethodInvocationHelper.invokeMethod(MethodInvocationHelper.java:124)
at org.testng.internal.MethodInvocationHelper.invokeMethodConsideringTimeout(MethodInvocationHelper.java:59)
at org.testng.internal.Invoker.invokeConfigurationMethod(Invoker.java:455)
at org.testng.internal.Invoker.invokeConfigurations(Invoker.java:222)
at org.testng.internal.Invoker.invokeConfigurations(Invoker.java:142)
at org.testng.SuiteRunner.privateRun(SuiteRunner.java:425)
at org.testng.SuiteRunner.run(SuiteRunner.java:364)
at org.testng.SuiteRunnerWorker.runSuite(SuiteRunnerWorker.java:52)
at org.testng.SuiteRunnerWorker.run(SuiteRunnerWorker.java:84)
at org.testng.TestNG.runSuitesSequentially(TestNG.java:1208)
at org.testng.TestNG.runSuitesLocally(TestNG.java:1137)
at org.testng.TestNG.runSuites(TestNG.java:1049)
at org.testng.TestNG.run(TestNG.java:1017)
at org.testng.remote.AbstractRemoteTestNG.run(AbstractRemoteTestNG.java:115)
at org.testng.remote.RemoteTestNG.initAndRun(RemoteTestNG.java:251)
at org.testng.remote.RemoteTestNG.main(RemoteTestNG.java:77)
]]>
    </error>
  </testcase> <!-- tearDown -->
  <testcase name="setup" time="0.021" classname="restassuredapi.test.CategoryList">
    <error type="java.lang.NoSuchMethodError" message="org.openqa.selenium.chrome.ChromeOptions.addArguments([Ljava/lang/String;)Lorg/openqa/selenium/chrome/ChromeOptions;">
      <![CDATA[java.lang.NoSuchMethodError: org.openqa.selenium.chrome.ChromeOptions.addArguments([Ljava/lang/String;)Lorg/openqa/selenium/chrome/ChromeOptions;
at com.utils.InitializeBrowser.Chrome(InitializeBrowser.java:91)
at com.classes.BaseTest.setup(BaseTest.java:53)
at sun.reflect.NativeMethodAccessorImpl.invoke0(Native Method)
at sun.reflect.NativeMethodAccessorImpl.invoke(Unknown Source)
at sun.reflect.DelegatingMethodAccessorImpl.invoke(Unknown Source)
at java.lang.reflect.Method.invoke(Unknown Source)
at org.testng.internal.MethodInvocationHelper.invokeMethod(MethodInvocationHelper.java:124)
at org.testng.internal.MethodInvocationHelper.invokeMethodConsideringTimeout(MethodInvocationHelper.java:59)
at org.testng.internal.Invoker.invokeConfigurationMethod(Invoker.java:455)
at org.testng.internal.Invoker.invokeConfigurations(Invoker.java:222)
at org.testng.internal.Invoker.invokeConfigurations(Invoker.java:142)
at org.testng.internal.TestMethodWorker.invokeBeforeClassMethods(TestMethodWorker.java:168)
at org.testng.internal.TestMethodWorker.run(TestMethodWorker.java:105)
at org.testng.TestRunner.privateRun(TestRunner.java:648)
at org.testng.TestRunner.run(TestRunner.java:505)
at org.testng.SuiteRunner.runTest(SuiteRunner.java:455)
at org.testng.SuiteRunner.runSequentially(SuiteRunner.java:450)
at org.testng.SuiteRunner.privateRun(SuiteRunner.java:415)
at org.testng.SuiteRunner.run(SuiteRunner.java:364)
at org.testng.SuiteRunnerWorker.runSuite(SuiteRunnerWorker.java:52)
at org.testng.SuiteRunnerWorker.run(SuiteRunnerWorker.java:84)
at org.testng.TestNG.runSuitesSequentially(TestNG.java:1208)
at org.testng.TestNG.runSuitesLocally(TestNG.java:1137)
at org.testng.TestNG.runSuites(TestNG.java:1049)
at org.testng.TestNG.run(TestNG.java:1017)
at org.testng.remote.AbstractRemoteTestNG.run(AbstractRemoteTestNG.java:115)
at org.testng.remote.RemoteTestNG.initAndRun(RemoteTestNG.java:251)
at org.testng.remote.RemoteTestNG.main(RemoteTestNG.java:77)
]]>
    </error>
  </testcase> <!-- setup -->
  <testcase name="A_02_Invalid_TransferType" time="0.001" classname="restassuredapi.test.CategoryList">
    <skipped/>
  </testcase> <!-- A_02_Invalid_TransferType -->
  <testcase name="A_02_Invalid_TransferType" time="0.000" classname="restassuredapi.test.CategoryList">
    <skipped/>
  </testcase> <!-- A_02_Invalid_TransferType -->
  <testcase name="A_01_Test_positive" time="0.000" classname="restassuredapi.test.CategoryList">
    <skipped/>
  </testcase> <!-- A_01_Test_positive -->
  <testcase name="A_01_Test_positive" time="0.000" classname="restassuredapi.test.CategoryList">
    <skipped/>
  </testcase> <!-- A_01_Test_positive -->
</testsuite> <!-- restassuredapi.test.CategoryList -->
