<?xml version="1.0" encoding="UTF-8"?>
<!-- Generated by org.testng.reporters.JUnitXMLReporter -->
<testsuite hostname="MCKL-20005142" ignored="38" name="Pre-Requisite" tests="110" failures="22" timestamp="25 May 2022 08:58:33 GMT" time="9765.052" errors="0">
  <testcase name="Test_AddDivisionDepartment" time="21.03" classname="com.testscripts.prerequisites.PreRequisite_DivisionManagment"/>
  <testcase name="Test_CreateNetworkAdmin" time="79.121" classname="com.testscripts.prerequisites.PreRequisite_NetworkAdminCreation"/>
  <testcase name="Test_AddGeographicalDomain" time="40.893" classname="com.testscripts.prerequisites.PreRequisite_GeographicalDomainManagement"/>
  <testcase name="Test_CreateOperatorUsers" time="75.178" classname="com.testscripts.prerequisites.PreRequisite_OperatorUserCreation"/>
  <testcase name="Test_CreateOperatorUsers" time="77.578" classname="com.testscripts.prerequisites.PreRequisite_OperatorUserCreation"/>
  <testcase name="Test_CreateOperatorUsers" time="63.438" classname="com.testscripts.prerequisites.PreRequisite_OperatorUserCreation"/>
  <testcase name="Test_CreateOperatorUsers" time="75.71" classname="com.testscripts.prerequisites.PreRequisite_OperatorUserCreation"/>
  <testcase name="Test_CreateOperatorUsers" time="90.879" classname="com.testscripts.prerequisites.PreRequisite_OperatorUserCreation"/>
  <testcase name="Test_CreateOperatorUsers" time="66.793" classname="com.testscripts.prerequisites.PreRequisite_OperatorUserCreation"/>
  <testcase name="Test_CreateOperatorUsers" time="90.438" classname="com.testscripts.prerequisites.PreRequisite_OperatorUserCreation"/>
  <testcase name="Test_CreateOperatorUsers" time="67.298" classname="com.testscripts.prerequisites.PreRequisite_OperatorUserCreation"/>
  <testcase name="Test_CreateOperatorUsers" time="95.309" classname="com.testscripts.prerequisites.PreRequisite_OperatorUserCreation"/>
  <testcase name="Test_CreateOperatorUsers" time="73.623" classname="com.testscripts.prerequisites.PreRequisite_OperatorUserCreation"/>
  <testcase name="Test_CreateGrades" time="0.261" classname="com.testscripts.prerequisites.PreRequisite_GradeCreation">
    <skipped/>
  </testcase> <!-- Test_CreateGrades -->
  <testcase name="Test_CreateGrades" time="0.31" classname="com.testscripts.prerequisites.PreRequisite_GradeCreation">
    <skipped/>
  </testcase> <!-- Test_CreateGrades -->
  <testcase name="Test_CreateGrades" time="0.314" classname="com.testscripts.prerequisites.PreRequisite_GradeCreation">
    <skipped/>
  </testcase> <!-- Test_CreateGrades -->
  <testcase name="Test_CreateGrades" time="0.231" classname="com.testscripts.prerequisites.PreRequisite_GradeCreation">
    <skipped/>
  </testcase> <!-- Test_CreateGrades -->
  <testcase name="Test_CreateGrades" time="0.281" classname="com.testscripts.prerequisites.PreRequisite_GradeCreation">
    <skipped/>
  </testcase> <!-- Test_CreateGrades -->
  <testcase name="Test_GroupRoleCreation" time="13.748" classname="com.testscripts.prerequisites.PreRequisite_GroupRoleManagement"/>
  <testcase name="Test_GroupRoleCreation" time="11.844" classname="com.testscripts.prerequisites.PreRequisite_GroupRoleManagement"/>
  <testcase name="Test_GroupRoleCreation" time="11.909" classname="com.testscripts.prerequisites.PreRequisite_GroupRoleManagement"/>
  <testcase name="Test_GroupRoleCreation" time="11.432" classname="com.testscripts.prerequisites.PreRequisite_GroupRoleManagement"/>
  <testcase name="Test_GroupRoleCreation" time="12.776" classname="com.testscripts.prerequisites.PreRequisite_GroupRoleManagement"/>
  <testcase name="Test_CategoryLevelTransferControlProfileCreation" time="207.08" classname="com.testscripts.prerequisites.PreRequisite_TCPCreation"/>
  <testcase name="Test_CategoryLevelTransferControlProfileCreation" time="191.564" classname="com.testscripts.prerequisites.PreRequisite_TCPCreation"/>
  <testcase name="Test_CategoryLevelTransferControlProfileCreation" time="200.143" classname="com.testscripts.prerequisites.PreRequisite_TCPCreation"/>
  <testcase name="Test_CategoryLevelTransferControlProfileCreation" time="202.888" classname="com.testscripts.prerequisites.PreRequisite_TCPCreation"/>
  <testcase name="Test_CategoryLevelTransferControlProfileCreation" time="202.927" classname="com.testscripts.prerequisites.PreRequisite_TCPCreation"/>
  <testcase name="A_loadOtherCommisionDetails" time="0.025" classname="com.testscripts.prerequisites.PreRequisite_CommissionProfileCreation">
    <failure type="org.testng.internal.reflect.MethodMatcherException" message="
Data provider mismatch
Method: A_loadOtherCommisionDetails([])
Arguments: [(java.lang.Integer) 1,(java.lang.String) Distributor,(java.lang.String) Super Distributor,(java.lang.String) AUT89321]">
      <![CDATA[org.testng.internal.reflect.MethodMatcherException: 
Data provider mismatch
Method: A_loadOtherCommisionDetails([])
Arguments: [(java.lang.Integer) 1,(java.lang.String) Distributor,(java.lang.String) Super Distributor,(java.lang.String) AUT89321]
... Removed 20 stack frames]]>
    </failure>
  </testcase> <!-- A_loadOtherCommisionDetails -->
  <testcase name="B_CreateOtherCommissionProfile" time="1.175" classname="com.testscripts.prerequisites.PreRequisite_CommissionProfileCreation">
    <skipped/>
  </testcase> <!-- B_CreateOtherCommissionProfile -->
  <testcase name="B_CreateOtherCommissionProfile" time="1.564" classname="com.testscripts.prerequisites.PreRequisite_CommissionProfileCreation">
    <skipped/>
  </testcase> <!-- B_CreateOtherCommissionProfile -->
  <testcase name="B_CreateOtherCommissionProfile" time="1.235" classname="com.testscripts.prerequisites.PreRequisite_CommissionProfileCreation">
    <skipped/>
  </testcase> <!-- B_CreateOtherCommissionProfile -->
  <testcase name="B_CreateOtherCommissionProfile" time="1.516" classname="com.testscripts.prerequisites.PreRequisite_CommissionProfileCreation">
    <skipped/>
  </testcase> <!-- B_CreateOtherCommissionProfile -->
  <testcase name="B_CreateOtherCommissionProfile" time="1.406" classname="com.testscripts.prerequisites.PreRequisite_CommissionProfileCreation">
    <skipped/>
  </testcase> <!-- B_CreateOtherCommissionProfile -->
  <testcase name="C_ModifyOtherCommissionProfile" time="1.346" classname="com.testscripts.prerequisites.PreRequisite_CommissionProfileCreation">
    <skipped/>
  </testcase> <!-- C_ModifyOtherCommissionProfile -->
  <testcase name="D_ViewOtherCommissionProfile" time="1.206" classname="com.testscripts.prerequisites.PreRequisite_CommissionProfileCreation">
    <skipped/>
  </testcase> <!-- D_ViewOtherCommissionProfile -->
  <testcase name="E_OCP_BlankEntry" time="1.28" classname="com.testscripts.prerequisites.PreRequisite_CommissionProfileCreation">
    <skipped/>
  </testcase> <!-- E_OCP_BlankEntry -->
  <testcase name="F_OCP_TransferBlank" time="1.484" classname="com.testscripts.prerequisites.PreRequisite_CommissionProfileCreation">
    <skipped/>
  </testcase> <!-- F_OCP_TransferBlank -->
  <testcase name="G_OCP_StartRangeLesser" time="1.56" classname="com.testscripts.prerequisites.PreRequisite_CommissionProfileCreation">
    <skipped/>
  </testcase> <!-- G_OCP_StartRangeLesser -->
  <testcase name="Test_CreateCommissionProfile" time="444.275" classname="com.testscripts.prerequisites.PreRequisite_CommissionProfileCreation"/>
  <testcase name="Test_CreateCommissionProfile" time="434.432" classname="com.testscripts.prerequisites.PreRequisite_CommissionProfileCreation"/>
  <testcase name="Test_CreateCommissionProfile" time="455.688" classname="com.testscripts.prerequisites.PreRequisite_CommissionProfileCreation"/>
  <testcase name="Test_CreateCommissionProfile" time="467.002" classname="com.testscripts.prerequisites.PreRequisite_CommissionProfileCreation"/>
  <testcase name="Test_CreateCommissionProfile" time="455.623" classname="com.testscripts.prerequisites.PreRequisite_CommissionProfileCreation"/>
  <testcase name="Test_C2SCardGroupGroupCreation" time="96.983" classname="com.testscripts.prerequisites.PreRequisite_C2SCardGroupCreation"/>
  <testcase name="Test_C2SCardGroupGroupCreation" time="89.748" classname="com.testscripts.prerequisites.PreRequisite_C2SCardGroupCreation"/>
  <testcase name="Test_C2SCardGroupGroupCreation" time="97.07" classname="com.testscripts.prerequisites.PreRequisite_C2SCardGroupCreation"/>
  <testcase name="Test_C2SCardGroupGroupCreation" time="95.669" classname="com.testscripts.prerequisites.PreRequisite_C2SCardGroupCreation"/>
  <testcase name="Test_C2SCardGroupGroupCreation" time="86.309" classname="com.testscripts.prerequisites.PreRequisite_C2SCardGroupCreation"/>
  <testcase name="Test_C2SCardGroupGroupCreation" time="93.938" classname="com.testscripts.prerequisites.PreRequisite_C2SCardGroupCreation"/>
  <testcase name="Test_C2SCardGroupGroupCreation" time="94.222" classname="com.testscripts.prerequisites.PreRequisite_C2SCardGroupCreation"/>
  <testcase name="Test_C2SCardGroupGroupCreation" time="94.294" classname="com.testscripts.prerequisites.PreRequisite_C2SCardGroupCreation"/>
  <testcase name="Test_C2SCardGroupGroupCreation" time="101.059" classname="com.testscripts.prerequisites.PreRequisite_C2SCardGroupCreation"/>
  <testcase name="Test_C2SCardGroupGroupCreation" time="99.767" classname="com.testscripts.prerequisites.PreRequisite_C2SCardGroupCreation"/>
  <testcase name="Test_C2SCardGroupGroupCreation" time="91.749" classname="com.testscripts.prerequisites.PreRequisite_C2SCardGroupCreation"/>
  <testcase name="Test_C2SCardGroupGroupCreation" time="86.279" classname="com.testscripts.prerequisites.PreRequisite_C2SCardGroupCreation"/>
  <testcase name="Test_C2SCardGroupGroupCreation" time="88.953" classname="com.testscripts.prerequisites.PreRequisite_C2SCardGroupCreation"/>
  <testcase name="Test_O2CTransferRuleCreation" time="15.575" classname="com.testscripts.prerequisites.PreRequisite_O2CTransferRuleCreation">
    <skipped/>
  </testcase> <!-- Test_O2CTransferRuleCreation -->
  <testcase name="Test_C2CTransferRuleCreation" time="15.747" classname="com.testscripts.prerequisites.PreRequisite_C2CTransferRuleCreation">
    <skipped/>
  </testcase> <!-- Test_C2CTransferRuleCreation -->
  <testcase name="Test_C2CTransferRuleCreation" time="24.125" classname="com.testscripts.prerequisites.PreRequisite_C2CTransferRuleCreation">
    <skipped/>
  </testcase> <!-- Test_C2CTransferRuleCreation -->
  <testcase name="Test_C2CTransferRuleCreation" time="22.826" classname="com.testscripts.prerequisites.PreRequisite_C2CTransferRuleCreation">
    <skipped/>
  </testcase> <!-- Test_C2CTransferRuleCreation -->
  <testcase name="Test_C2CTransferRuleCreation" time="14.566" classname="com.testscripts.prerequisites.PreRequisite_C2CTransferRuleCreation">
    <skipped/>
  </testcase> <!-- Test_C2CTransferRuleCreation -->
  <testcase name="Test_C2CTransferRuleCreation" time="20.608" classname="com.testscripts.prerequisites.PreRequisite_C2CTransferRuleCreation">
    <skipped/>
  </testcase> <!-- Test_C2CTransferRuleCreation -->
  <testcase name="Test_C2CTransferRuleCreation" time="15.388" classname="com.testscripts.prerequisites.PreRequisite_C2CTransferRuleCreation">
    <skipped/>
  </testcase> <!-- Test_C2CTransferRuleCreation -->
  <testcase name="Test_C2CTransferRuleCreation" time="21.704" classname="com.testscripts.prerequisites.PreRequisite_C2CTransferRuleCreation">
    <skipped/>
  </testcase> <!-- Test_C2CTransferRuleCreation -->
  <testcase name="Test_C2CTransferRuleCreation" time="14.472" classname="com.testscripts.prerequisites.PreRequisite_C2CTransferRuleCreation">
    <skipped/>
  </testcase> <!-- Test_C2CTransferRuleCreation -->
  <testcase name="Test_C2CTransferRuleCreation" time="20.667" classname="com.testscripts.prerequisites.PreRequisite_C2CTransferRuleCreation">
    <skipped/>
  </testcase> <!-- Test_C2CTransferRuleCreation -->
  <testcase name="Test_C2CTransferRuleCreation" time="20.44" classname="com.testscripts.prerequisites.PreRequisite_C2CTransferRuleCreation">
    <skipped/>
  </testcase> <!-- Test_C2CTransferRuleCreation -->
  <testcase name="Test_C2CTransferRuleCreation" time="20.263" classname="com.testscripts.prerequisites.PreRequisite_C2CTransferRuleCreation">
    <skipped/>
  </testcase> <!-- Test_C2CTransferRuleCreation -->
  <testcase name="Test_C2CTransferRuleCreation" time="15.723" classname="com.testscripts.prerequisites.PreRequisite_C2CTransferRuleCreation">
    <skipped/>
  </testcase> <!-- Test_C2CTransferRuleCreation -->
  <testcase name="Test_AddC2STransferRule" time="962.365" classname="com.testscripts.prerequisites.PreRequisite_C2STransferRuleCreation"/>
  <testcase name="Test_AddC2STransferRule" time="781.969" classname="com.testscripts.prerequisites.PreRequisite_C2STransferRuleCreation"/>
  <testcase name="Test_AddC2STransferRule" time="64.818" classname="com.testscripts.prerequisites.PreRequisite_C2STransferRuleCreation">
    <failure type="org.openqa.selenium.NoSuchElementException" message="no such element: Unable to locate element: {&amp;quot;method&amp;quot;:&amp;quot;css selector&amp;quot;,&amp;quot;selector&amp;quot;:&amp;quot;*[name=&amp;apos;loginID&amp;apos;]&amp;quot;}
  (Session info: chrome=101.0.4951.67)
For documentation on this error, please visit: http://seleniumhq.org/exceptions/no_such_element.html
Build info: version: &amp;apos;3.10.0&amp;apos;, revision: &amp;apos;176b4a9&amp;apos;, time: &amp;apos;2018-03-02T19:03:16.397Z&amp;apos;
System info: host: &amp;apos;MCKL-20005142&amp;apos;, ip: &amp;apos;192.168.1.38&amp;apos;, os.name: &amp;apos;Windows 10&amp;apos;, os.arch: &amp;apos;amd64&amp;apos;, os.version: &amp;apos;10.0&amp;apos;, java.version: &amp;apos;1.8.0_291&amp;apos;
Driver info: org.openqa.selenium.chrome.ChromeDriver
Capabilities {acceptInsecureCerts: false, browserName: chrome, browserVersion: 101.0.4951.67, chrome: {chromedriverVersion: 101.0.4951.41 (93c720db8323..., userDataDir: C:\Users\SOURAB~1.AWA\AppDa...}, goog:chromeOptions: {debuggerAddress: localhost:62414}, javascriptEnabled: true, networkConnectionEnabled: false, pageLoadStrategy: normal, platform: WINDOWS, platformName: WINDOWS, proxy: Proxy(), setWindowRect: true, strictFileInteractability: false, timeouts: {implicit: 0, pageLoad: 300000, script: 30000}, unhandledPromptBehavior: dismiss and notify, webauthn:extension:credBlob: true, webauthn:extension:largeBlob: true, webauthn:virtualAuthenticators: true}
Session ID: d9ebf57dd61f39e692632ffb46c2e7e4
*** Element info: {Using=name, value=loginID}">
      <![CDATA[org.openqa.selenium.NoSuchElementException: no such element: Unable to locate element: {"method":"css selector","selector":"*[name='loginID']"}
  (Session info: chrome=101.0.4951.67)
For documentation on this error, please visit: http://seleniumhq.org/exceptions/no_such_element.html
Build info: version: '3.10.0', revision: '176b4a9', time: '2018-03-02T19:03:16.397Z'
System info: host: 'MCKL-20005142', ip: '192.168.1.38', os.name: 'Windows 10', os.arch: 'amd64', os.version: '10.0', java.version: '1.8.0_291'
Driver info: org.openqa.selenium.chrome.ChromeDriver
Capabilities {acceptInsecureCerts: false, browserName: chrome, browserVersion: 101.0.4951.67, chrome: {chromedriverVersion: 101.0.4951.41 (93c720db8323..., userDataDir: C:\Users\SOURAB~1.AWA\AppDa...}, goog:chromeOptions: {debuggerAddress: localhost:62414}, javascriptEnabled: true, networkConnectionEnabled: false, pageLoadStrategy: normal, platform: WINDOWS, platformName: WINDOWS, proxy: Proxy(), setWindowRect: true, strictFileInteractability: false, timeouts: {implicit: 0, pageLoad: 300000, script: 30000}, unhandledPromptBehavior: dismiss and notify, webauthn:extension:credBlob: true, webauthn:extension:largeBlob: true, webauthn:virtualAuthenticators: true}
Session ID: d9ebf57dd61f39e692632ffb46c2e7e4
*** Element info: {Using=name, value=loginID}
at org.openqa.selenium.remote.http.W3CHttpResponseCodec.createException(W3CHttpResponseCodec.java:187)
at org.openqa.selenium.remote.http.W3CHttpResponseCodec.decode(W3CHttpResponseCodec.java:122)
at org.openqa.selenium.remote.http.W3CHttpResponseCodec.decode(W3CHttpResponseCodec.java:49)
at org.openqa.selenium.remote.HttpCommandExecutor.execute(HttpCommandExecutor.java:160)
at org.openqa.selenium.remote.service.DriverCommandExecutor.execute(DriverCommandExecutor.java:83)
at org.openqa.selenium.remote.RemoteWebDriver.execute(RemoteWebDriver.java:601)
at org.openqa.selenium.remote.RemoteWebDriver.findElement(RemoteWebDriver.java:371)
at org.openqa.selenium.remote.RemoteWebDriver.findElementByName(RemoteWebDriver.java:449)
at org.openqa.selenium.By$ByName.findElement(By.java:303)
at org.openqa.selenium.remote.RemoteWebDriver.findElement(RemoteWebDriver.java:363)
at org.openqa.selenium.support.pagefactory.DefaultElementLocator.findElement(DefaultElementLocator.java:69)
at org.openqa.selenium.support.pagefactory.internal.LocatingElementHandler.invoke(LocatingElementHandler.java:38)
at com.sun.proxy.$Proxy19.clear(Unknown Source)
at com.pageobjects.loginpages.LoginPage.enterLoginID(LoginPage.java:79)
at com.classes.Login.LoginAsUser(Login.java:254)
at com.Features.C2STransferRules.addC2STransferRule(C2STransferRules.java:89)
at com.testscripts.prerequisites.PreRequisite_C2STransferRuleCreation.Test_AddC2STransferRule(PreRequisite_C2STransferRuleCreation.java:32)
... Removed 28 stack frames]]>
    </failure>
  </testcase> <!-- Test_AddC2STransferRule -->
  <testcase name="Test_AddC2STransferRule" time="920.172" classname="com.testscripts.prerequisites.PreRequisite_C2STransferRuleCreation"/>
  <testcase name="Test_UpdateCache" time="47.671" classname="com.testscripts.prerequisites.UpdateCache"/>
  <testcase name="Test_ChannelUserCreation" time="1.073" classname="com.testscripts.prerequisites.PreRequisite_ChannelUserCreation">
    <failure type="java.lang.NullPointerException">
      <![CDATA[java.lang.NullPointerException
at com.Features.ChannelUser.channelUserInitiate(ChannelUser.java:118)
at com.testscripts.prerequisites.PreRequisite_ChannelUserCreation.Test_ChannelUserCreation(PreRequisite_ChannelUserCreation.java:53)
... Removed 25 stack frames]]>
    </failure>
  </testcase> <!-- Test_ChannelUserCreation -->
  <testcase name="Test_ChannelUserCreation" time="1.127" classname="com.testscripts.prerequisites.PreRequisite_ChannelUserCreation">
    <failure type="java.lang.NullPointerException">
      <![CDATA[java.lang.NullPointerException
at com.Features.ChannelUser.channelUserInitiate(ChannelUser.java:118)
at com.testscripts.prerequisites.PreRequisite_ChannelUserCreation.Test_ChannelUserCreation(PreRequisite_ChannelUserCreation.java:53)
... Removed 25 stack frames]]>
    </failure>
  </testcase> <!-- Test_ChannelUserCreation -->
  <testcase name="Test_ChannelUserCreation" time="1.442" classname="com.testscripts.prerequisites.PreRequisite_ChannelUserCreation">
    <failure type="java.lang.NullPointerException">
      <![CDATA[java.lang.NullPointerException
at com.Features.ChannelUser.channelUserInitiate(ChannelUser.java:118)
at com.testscripts.prerequisites.PreRequisite_ChannelUserCreation.Test_ChannelUserCreation(PreRequisite_ChannelUserCreation.java:53)
... Removed 25 stack frames]]>
    </failure>
  </testcase> <!-- Test_ChannelUserCreation -->
  <testcase name="Test_ChannelUserCreation" time="1.827" classname="com.testscripts.prerequisites.PreRequisite_ChannelUserCreation">
    <failure type="java.lang.NullPointerException">
      <![CDATA[java.lang.NullPointerException
at com.Features.ChannelUser.channelUserInitiate(ChannelUser.java:118)
at com.testscripts.prerequisites.PreRequisite_ChannelUserCreation.Test_ChannelUserCreation(PreRequisite_ChannelUserCreation.java:53)
... Removed 25 stack frames]]>
    </failure>
  </testcase> <!-- Test_ChannelUserCreation -->
  <testcase name="Test_ChannelUserCreation" time="1.268" classname="com.testscripts.prerequisites.PreRequisite_ChannelUserCreation">
    <failure type="java.lang.NullPointerException">
      <![CDATA[java.lang.NullPointerException
at com.Features.ChannelUser.channelUserInitiate(ChannelUser.java:118)
at com.testscripts.prerequisites.PreRequisite_ChannelUserCreation.Test_ChannelUserCreation(PreRequisite_ChannelUserCreation.java:53)
... Removed 25 stack frames]]>
    </failure>
  </testcase> <!-- Test_ChannelUserCreation -->
  <testcase name="Test_NetworkStockCreation" time="19.113" classname="com.testscripts.prerequisites.PreRequisite_NetworkStockCreation"/>
  <testcase name="Test_NetworkStockCreation" time="17.958" classname="com.testscripts.prerequisites.PreRequisite_NetworkStockCreation"/>
  <testcase name="Test_NetworkStockCreation" time="17.663" classname="com.testscripts.prerequisites.PreRequisite_NetworkStockCreation"/>
  <testcase name="Test_O2CTransfer" time="10.309" classname="com.testscripts.prerequisites.PreRequisite_O2CTransfer">
    <failure type="org.openqa.selenium.NoSuchElementException" message="no such element: Unable to locate element: {&amp;quot;method&amp;quot;:&amp;quot;xpath&amp;quot;,&amp;quot;selector&amp;quot;:&amp;quot;//tr//td[text()=&amp;apos;eTopUP&amp;apos;]/following-sibling::td/input&amp;quot;}
  (Session info: chrome=101.0.4951.67)
For documentation on this error, please visit: http://seleniumhq.org/exceptions/no_such_element.html
Build info: version: &amp;apos;3.10.0&amp;apos;, revision: &amp;apos;176b4a9&amp;apos;, time: &amp;apos;2018-03-02T19:03:16.397Z&amp;apos;
System info: host: &amp;apos;MCKL-20005142&amp;apos;, ip: &amp;apos;192.168.1.38&amp;apos;, os.name: &amp;apos;Windows 10&amp;apos;, os.arch: &amp;apos;amd64&amp;apos;, os.version: &amp;apos;10.0&amp;apos;, java.version: &amp;apos;1.8.0_291&amp;apos;
Driver info: org.openqa.selenium.chrome.ChromeDriver
Capabilities {acceptInsecureCerts: false, browserName: chrome, browserVersion: 101.0.4951.67, chrome: {chromedriverVersion: 101.0.4951.41 (93c720db8323..., userDataDir: C:\Users\SOURAB~1.AWA\AppDa...}, goog:chromeOptions: {debuggerAddress: localhost:50624}, javascriptEnabled: true, networkConnectionEnabled: false, pageLoadStrategy: normal, platform: WINDOWS, platformName: WINDOWS, proxy: Proxy(), setWindowRect: true, strictFileInteractability: false, timeouts: {implicit: 0, pageLoad: 300000, script: 30000}, unhandledPromptBehavior: dismiss and notify, webauthn:extension:credBlob: true, webauthn:extension:largeBlob: true, webauthn:virtualAuthenticators: true}
Session ID: 9abcda37fba4fc417f8bb738c744a368
*** Element info: {Using=xpath, value=//tr//td[text()=&amp;apos;eTopUP&amp;apos;]/following-sibling::td/input}">
      <![CDATA[org.openqa.selenium.NoSuchElementException: no such element: Unable to locate element: {"method":"xpath","selector":"//tr//td[text()='eTopUP']/following-sibling::td/input"}
  (Session info: chrome=101.0.4951.67)
For documentation on this error, please visit: http://seleniumhq.org/exceptions/no_such_element.html
Build info: version: '3.10.0', revision: '176b4a9', time: '2018-03-02T19:03:16.397Z'
System info: host: 'MCKL-20005142', ip: '192.168.1.38', os.name: 'Windows 10', os.arch: 'amd64', os.version: '10.0', java.version: '1.8.0_291'
Driver info: org.openqa.selenium.chrome.ChromeDriver
Capabilities {acceptInsecureCerts: false, browserName: chrome, browserVersion: 101.0.4951.67, chrome: {chromedriverVersion: 101.0.4951.41 (93c720db8323..., userDataDir: C:\Users\SOURAB~1.AWA\AppDa...}, goog:chromeOptions: {debuggerAddress: localhost:50624}, javascriptEnabled: true, networkConnectionEnabled: false, pageLoadStrategy: normal, platform: WINDOWS, platformName: WINDOWS, proxy: Proxy(), setWindowRect: true, strictFileInteractability: false, timeouts: {implicit: 0, pageLoad: 300000, script: 30000}, unhandledPromptBehavior: dismiss and notify, webauthn:extension:credBlob: true, webauthn:extension:largeBlob: true, webauthn:virtualAuthenticators: true}
Session ID: 9abcda37fba4fc417f8bb738c744a368
*** Element info: {Using=xpath, value=//tr//td[text()='eTopUP']/following-sibling::td/input}
at org.openqa.selenium.remote.http.W3CHttpResponseCodec.createException(W3CHttpResponseCodec.java:187)
at org.openqa.selenium.remote.http.W3CHttpResponseCodec.decode(W3CHttpResponseCodec.java:122)
at org.openqa.selenium.remote.http.W3CHttpResponseCodec.decode(W3CHttpResponseCodec.java:49)
at org.openqa.selenium.remote.HttpCommandExecutor.execute(HttpCommandExecutor.java:160)
at org.openqa.selenium.remote.service.DriverCommandExecutor.execute(DriverCommandExecutor.java:83)
at org.openqa.selenium.remote.RemoteWebDriver.execute(RemoteWebDriver.java:601)
at org.openqa.selenium.remote.RemoteWebDriver.findElement(RemoteWebDriver.java:371)
at org.openqa.selenium.remote.RemoteWebDriver.findElementByXPath(RemoteWebDriver.java:473)
at org.openqa.selenium.By$ByXPath.findElement(By.java:361)
at org.openqa.selenium.remote.RemoteWebDriver.findElement(RemoteWebDriver.java:363)
at com.pageobjects.channeladminpages.o2ctransfer.InitiateO2CTransferPage2.enterQuantitywithname(InitiateO2CTransferPage2.java:63)
at com.Features.O2CTransfer.initiateTransfer(O2CTransfer.java:185)
at com.testscripts.prerequisites.PreRequisite_O2CTransfer.Test_O2CTransfer(PreRequisite_O2CTransfer.java:58)
... Removed 28 stack frames]]>
    </failure>
  </testcase> <!-- Test_O2CTransfer -->
  <testcase name="Test_O2CTransfer" time="8.972" classname="com.testscripts.prerequisites.PreRequisite_O2CTransfer">
    <failure type="org.openqa.selenium.NoSuchElementException" message="no such element: Unable to locate element: {&amp;quot;method&amp;quot;:&amp;quot;xpath&amp;quot;,&amp;quot;selector&amp;quot;:&amp;quot;//tr//td[text()=&amp;apos;PeTopUP&amp;apos;]/following-sibling::td/input&amp;quot;}
  (Session info: chrome=101.0.4951.67)
For documentation on this error, please visit: http://seleniumhq.org/exceptions/no_such_element.html
Build info: version: &amp;apos;3.10.0&amp;apos;, revision: &amp;apos;176b4a9&amp;apos;, time: &amp;apos;2018-03-02T19:03:16.397Z&amp;apos;
System info: host: &amp;apos;MCKL-20005142&amp;apos;, ip: &amp;apos;192.168.1.38&amp;apos;, os.name: &amp;apos;Windows 10&amp;apos;, os.arch: &amp;apos;amd64&amp;apos;, os.version: &amp;apos;10.0&amp;apos;, java.version: &amp;apos;1.8.0_291&amp;apos;
Driver info: org.openqa.selenium.chrome.ChromeDriver
Capabilities {acceptInsecureCerts: false, browserName: chrome, browserVersion: 101.0.4951.67, chrome: {chromedriverVersion: 101.0.4951.41 (93c720db8323..., userDataDir: C:\Users\SOURAB~1.AWA\AppDa...}, goog:chromeOptions: {debuggerAddress: localhost:50624}, javascriptEnabled: true, networkConnectionEnabled: false, pageLoadStrategy: normal, platform: WINDOWS, platformName: WINDOWS, proxy: Proxy(), setWindowRect: true, strictFileInteractability: false, timeouts: {implicit: 0, pageLoad: 300000, script: 30000}, unhandledPromptBehavior: dismiss and notify, webauthn:extension:credBlob: true, webauthn:extension:largeBlob: true, webauthn:virtualAuthenticators: true}
Session ID: 9abcda37fba4fc417f8bb738c744a368
*** Element info: {Using=xpath, value=//tr//td[text()=&amp;apos;PeTopUP&amp;apos;]/following-sibling::td/input}">
      <![CDATA[org.openqa.selenium.NoSuchElementException: no such element: Unable to locate element: {"method":"xpath","selector":"//tr//td[text()='PeTopUP']/following-sibling::td/input"}
  (Session info: chrome=101.0.4951.67)
For documentation on this error, please visit: http://seleniumhq.org/exceptions/no_such_element.html
Build info: version: '3.10.0', revision: '176b4a9', time: '2018-03-02T19:03:16.397Z'
System info: host: 'MCKL-20005142', ip: '192.168.1.38', os.name: 'Windows 10', os.arch: 'amd64', os.version: '10.0', java.version: '1.8.0_291'
Driver info: org.openqa.selenium.chrome.ChromeDriver
Capabilities {acceptInsecureCerts: false, browserName: chrome, browserVersion: 101.0.4951.67, chrome: {chromedriverVersion: 101.0.4951.41 (93c720db8323..., userDataDir: C:\Users\SOURAB~1.AWA\AppDa...}, goog:chromeOptions: {debuggerAddress: localhost:50624}, javascriptEnabled: true, networkConnectionEnabled: false, pageLoadStrategy: normal, platform: WINDOWS, platformName: WINDOWS, proxy: Proxy(), setWindowRect: true, strictFileInteractability: false, timeouts: {implicit: 0, pageLoad: 300000, script: 30000}, unhandledPromptBehavior: dismiss and notify, webauthn:extension:credBlob: true, webauthn:extension:largeBlob: true, webauthn:virtualAuthenticators: true}
Session ID: 9abcda37fba4fc417f8bb738c744a368
*** Element info: {Using=xpath, value=//tr//td[text()='PeTopUP']/following-sibling::td/input}
at org.openqa.selenium.remote.http.W3CHttpResponseCodec.createException(W3CHttpResponseCodec.java:187)
at org.openqa.selenium.remote.http.W3CHttpResponseCodec.decode(W3CHttpResponseCodec.java:122)
at org.openqa.selenium.remote.http.W3CHttpResponseCodec.decode(W3CHttpResponseCodec.java:49)
at org.openqa.selenium.remote.HttpCommandExecutor.execute(HttpCommandExecutor.java:160)
at org.openqa.selenium.remote.service.DriverCommandExecutor.execute(DriverCommandExecutor.java:83)
at org.openqa.selenium.remote.RemoteWebDriver.execute(RemoteWebDriver.java:601)
at org.openqa.selenium.remote.RemoteWebDriver.findElement(RemoteWebDriver.java:371)
at org.openqa.selenium.remote.RemoteWebDriver.findElementByXPath(RemoteWebDriver.java:473)
at org.openqa.selenium.By$ByXPath.findElement(By.java:361)
at org.openqa.selenium.remote.RemoteWebDriver.findElement(RemoteWebDriver.java:363)
at com.pageobjects.channeladminpages.o2ctransfer.InitiateO2CTransferPage2.enterQuantitywithname(InitiateO2CTransferPage2.java:63)
at com.Features.O2CTransfer.initiateTransfer(O2CTransfer.java:185)
at com.testscripts.prerequisites.PreRequisite_O2CTransfer.Test_O2CTransfer(PreRequisite_O2CTransfer.java:58)
... Removed 28 stack frames]]>
    </failure>
  </testcase> <!-- Test_O2CTransfer -->
  <testcase name="Test_C2CTransfer" time="12.09" classname="com.testscripts.prerequisites.PreRequisite_Channel2ChannelTransfer">
    <failure type="org.openqa.selenium.TimeoutException" message="Expected condition failed: waiting for visibility of Proxy element for: DefaultElementLocator &amp;apos;By.xpath: //a[@href[contains(.,&amp;apos;moduleCode=CHNL2CHNL&amp;apos;)]]&amp;apos; (tried for 10 second(s) with 500 milliseconds interval)">
      <![CDATA[org.openqa.selenium.TimeoutException: Expected condition failed: waiting for visibility of Proxy element for: DefaultElementLocator 'By.xpath: //a[@href[contains(.,'moduleCode=CHNL2CHNL')]]' (tried for 10 second(s) with 500 milliseconds interval)
at org.openqa.selenium.support.ui.WebDriverWait.timeoutException(WebDriverWait.java:82)
at org.openqa.selenium.support.ui.FluentWait.until(FluentWait.java:272)
at com.pageobjects.channeluserspages.homepages.ChannelUserHomePage.clickC2CTransfer(ChannelUserHomePage.java:93)
at com.Features.C2CTransfer.channel2channelTransfer(C2CTransfer.java:114)
at com.testscripts.prerequisites.PreRequisite_Channel2ChannelTransfer.Test_C2CTransfer(PreRequisite_Channel2ChannelTransfer.java:69)
Caused by: org.openqa.selenium.NoSuchElementException: no such element: Unable to locate element: {"method":"xpath","selector":"//a[@href[contains(.,'moduleCode=CHNL2CHNL')]]"}
  (Session info: chrome=101.0.4951.67)
For documentation on this error, please visit: http://seleniumhq.org/exceptions/no_such_element.html
Build info: version: '3.10.0', revision: '176b4a9', time: '2018-03-02T19:03:16.397Z'
System info: host: 'MCKL-20005142', ip: '192.168.1.38', os.name: 'Windows 10', os.arch: 'amd64', os.version: '10.0', java.version: '1.8.0_291'
Driver info: org.openqa.selenium.chrome.ChromeDriver
Capabilities {acceptInsecureCerts: false, browserName: chrome, browserVersion: 101.0.4951.67, chrome: {chromedriverVersion: 101.0.4951.41 (93c720db8323..., userDataDir: C:\Users\SOURAB~1.AWA\AppDa...}, goog:chromeOptions: {debuggerAddress: localhost:50653}, javascriptEnabled: true, networkConnectionEnabled: false, pageLoadStrategy: normal, platform: WINDOWS, platformName: WINDOWS, proxy: Proxy(), setWindowRect: true, strictFileInteractability: false, timeouts: {implicit: 0, pageLoad: 300000, script: 30000}, unhandledPromptBehavior: dismiss and notify, webauthn:extension:credBlob: true, webauthn:extension:largeBlob: true, webauthn:virtualAuthenticators: true}
Session ID: 243b2e1935d387f936f34258bbd40d1c
*** Element info: {Using=xpath, value=//a[@href[contains(.,'moduleCode=CHNL2CHNL')]]}
at org.openqa.selenium.remote.http.W3CHttpResponseCodec.createException(W3CHttpResponseCodec.java:187)
at org.openqa.selenium.remote.http.W3CHttpResponseCodec.decode(W3CHttpResponseCodec.java:122)
at org.openqa.selenium.remote.http.W3CHttpResponseCodec.decode(W3CHttpResponseCodec.java:49)
at org.openqa.selenium.remote.HttpCommandExecutor.execute(HttpCommandExecutor.java:160)
at org.openqa.selenium.remote.service.DriverCommandExecutor.execute(DriverCommandExecutor.java:83)
at org.openqa.selenium.remote.RemoteWebDriver.execute(RemoteWebDriver.java:601)
at org.openqa.selenium.remote.RemoteWebDriver.findElement(RemoteWebDriver.java:371)
at org.openqa.selenium.remote.RemoteWebDriver.findElementByXPath(RemoteWebDriver.java:473)
at org.openqa.selenium.By$ByXPath.findElement(By.java:361)
at org.openqa.selenium.remote.RemoteWebDriver.findElement(RemoteWebDriver.java:363)
at org.openqa.selenium.support.pagefactory.DefaultElementLocator.findElement(DefaultElementLocator.java:69)
at org.openqa.selenium.support.pagefactory.internal.LocatingElementHandler.invoke(LocatingElementHandler.java:38)
at com.sun.proxy.$Proxy19.isDisplayed(Unknown Source)
at org.openqa.selenium.support.ui.ExpectedConditions.elementIfVisible(ExpectedConditions.java:315)
at org.openqa.selenium.support.ui.ExpectedConditions.access$100(ExpectedConditions.java:44)
at org.openqa.selenium.support.ui.ExpectedConditions$10.apply(ExpectedConditions.java:301)
at org.openqa.selenium.support.ui.ExpectedConditions$10.apply(ExpectedConditions.java:298)
at org.openqa.selenium.support.ui.FluentWait.until(FluentWait.java:249)
... 28 more
... Removed 28 stack frames]]>
    </failure>
  </testcase> <!-- Test_C2CTransfer -->
  <testcase name="Test_C2CTransfer" time="11.887" classname="com.testscripts.prerequisites.PreRequisite_Channel2ChannelTransfer">
    <failure type="org.openqa.selenium.TimeoutException" message="Expected condition failed: waiting for visibility of Proxy element for: DefaultElementLocator &amp;apos;By.xpath: //a[@href[contains(.,&amp;apos;moduleCode=CHNL2CHNL&amp;apos;)]]&amp;apos; (tried for 10 second(s) with 500 milliseconds interval)">
      <![CDATA[org.openqa.selenium.TimeoutException: Expected condition failed: waiting for visibility of Proxy element for: DefaultElementLocator 'By.xpath: //a[@href[contains(.,'moduleCode=CHNL2CHNL')]]' (tried for 10 second(s) with 500 milliseconds interval)
at org.openqa.selenium.support.ui.WebDriverWait.timeoutException(WebDriverWait.java:82)
at org.openqa.selenium.support.ui.FluentWait.until(FluentWait.java:272)
at com.pageobjects.channeluserspages.homepages.ChannelUserHomePage.clickC2CTransfer(ChannelUserHomePage.java:93)
at com.Features.C2CTransfer.channel2channelTransfer(C2CTransfer.java:114)
at com.testscripts.prerequisites.PreRequisite_Channel2ChannelTransfer.Test_C2CTransfer(PreRequisite_Channel2ChannelTransfer.java:69)
Caused by: org.openqa.selenium.NoSuchElementException: no such element: Unable to locate element: {"method":"xpath","selector":"//a[@href[contains(.,'moduleCode=CHNL2CHNL')]]"}
  (Session info: chrome=101.0.4951.67)
For documentation on this error, please visit: http://seleniumhq.org/exceptions/no_such_element.html
Build info: version: '3.10.0', revision: '176b4a9', time: '2018-03-02T19:03:16.397Z'
System info: host: 'MCKL-20005142', ip: '192.168.1.38', os.name: 'Windows 10', os.arch: 'amd64', os.version: '10.0', java.version: '1.8.0_291'
Driver info: org.openqa.selenium.chrome.ChromeDriver
Capabilities {acceptInsecureCerts: false, browserName: chrome, browserVersion: 101.0.4951.67, chrome: {chromedriverVersion: 101.0.4951.41 (93c720db8323..., userDataDir: C:\Users\SOURAB~1.AWA\AppDa...}, goog:chromeOptions: {debuggerAddress: localhost:50653}, javascriptEnabled: true, networkConnectionEnabled: false, pageLoadStrategy: normal, platform: WINDOWS, platformName: WINDOWS, proxy: Proxy(), setWindowRect: true, strictFileInteractability: false, timeouts: {implicit: 0, pageLoad: 300000, script: 30000}, unhandledPromptBehavior: dismiss and notify, webauthn:extension:credBlob: true, webauthn:extension:largeBlob: true, webauthn:virtualAuthenticators: true}
Session ID: 243b2e1935d387f936f34258bbd40d1c
*** Element info: {Using=xpath, value=//a[@href[contains(.,'moduleCode=CHNL2CHNL')]]}
at org.openqa.selenium.remote.http.W3CHttpResponseCodec.createException(W3CHttpResponseCodec.java:187)
at org.openqa.selenium.remote.http.W3CHttpResponseCodec.decode(W3CHttpResponseCodec.java:122)
at org.openqa.selenium.remote.http.W3CHttpResponseCodec.decode(W3CHttpResponseCodec.java:49)
at org.openqa.selenium.remote.HttpCommandExecutor.execute(HttpCommandExecutor.java:160)
at org.openqa.selenium.remote.service.DriverCommandExecutor.execute(DriverCommandExecutor.java:83)
at org.openqa.selenium.remote.RemoteWebDriver.execute(RemoteWebDriver.java:601)
at org.openqa.selenium.remote.RemoteWebDriver.findElement(RemoteWebDriver.java:371)
at org.openqa.selenium.remote.RemoteWebDriver.findElementByXPath(RemoteWebDriver.java:473)
at org.openqa.selenium.By$ByXPath.findElement(By.java:361)
at org.openqa.selenium.remote.RemoteWebDriver.findElement(RemoteWebDriver.java:363)
at org.openqa.selenium.support.pagefactory.DefaultElementLocator.findElement(DefaultElementLocator.java:69)
at org.openqa.selenium.support.pagefactory.internal.LocatingElementHandler.invoke(LocatingElementHandler.java:38)
at com.sun.proxy.$Proxy19.isDisplayed(Unknown Source)
at org.openqa.selenium.support.ui.ExpectedConditions.elementIfVisible(ExpectedConditions.java:315)
at org.openqa.selenium.support.ui.ExpectedConditions.access$100(ExpectedConditions.java:44)
at org.openqa.selenium.support.ui.ExpectedConditions$10.apply(ExpectedConditions.java:301)
at org.openqa.selenium.support.ui.ExpectedConditions$10.apply(ExpectedConditions.java:298)
at org.openqa.selenium.support.ui.FluentWait.until(FluentWait.java:249)
... 28 more
... Removed 28 stack frames]]>
    </failure>
  </testcase> <!-- Test_C2CTransfer -->
  <testcase name="Test_C2CTransfer" time="12.992" classname="com.testscripts.prerequisites.PreRequisite_Channel2ChannelTransfer">
    <failure type="org.openqa.selenium.TimeoutException" message="Expected condition failed: waiting for visibility of Proxy element for: DefaultElementLocator &amp;apos;By.xpath: //a[@href[contains(.,&amp;apos;moduleCode=CHNL2CHNL&amp;apos;)]]&amp;apos; (tried for 10 second(s) with 500 milliseconds interval)">
      <![CDATA[org.openqa.selenium.TimeoutException: Expected condition failed: waiting for visibility of Proxy element for: DefaultElementLocator 'By.xpath: //a[@href[contains(.,'moduleCode=CHNL2CHNL')]]' (tried for 10 second(s) with 500 milliseconds interval)
at org.openqa.selenium.support.ui.WebDriverWait.timeoutException(WebDriverWait.java:82)
at org.openqa.selenium.support.ui.FluentWait.until(FluentWait.java:272)
at com.pageobjects.channeluserspages.homepages.ChannelUserHomePage.clickC2CTransfer(ChannelUserHomePage.java:93)
at com.Features.C2CTransfer.channel2channelTransfer(C2CTransfer.java:114)
at com.testscripts.prerequisites.PreRequisite_Channel2ChannelTransfer.Test_C2CTransfer(PreRequisite_Channel2ChannelTransfer.java:69)
Caused by: org.openqa.selenium.NoSuchElementException: no such element: Unable to locate element: {"method":"xpath","selector":"//a[@href[contains(.,'moduleCode=CHNL2CHNL')]]"}
  (Session info: chrome=101.0.4951.67)
For documentation on this error, please visit: http://seleniumhq.org/exceptions/no_such_element.html
Build info: version: '3.10.0', revision: '176b4a9', time: '2018-03-02T19:03:16.397Z'
System info: host: 'MCKL-20005142', ip: '192.168.1.38', os.name: 'Windows 10', os.arch: 'amd64', os.version: '10.0', java.version: '1.8.0_291'
Driver info: org.openqa.selenium.chrome.ChromeDriver
Capabilities {acceptInsecureCerts: false, browserName: chrome, browserVersion: 101.0.4951.67, chrome: {chromedriverVersion: 101.0.4951.41 (93c720db8323..., userDataDir: C:\Users\SOURAB~1.AWA\AppDa...}, goog:chromeOptions: {debuggerAddress: localhost:50653}, javascriptEnabled: true, networkConnectionEnabled: false, pageLoadStrategy: normal, platform: WINDOWS, platformName: WINDOWS, proxy: Proxy(), setWindowRect: true, strictFileInteractability: false, timeouts: {implicit: 0, pageLoad: 300000, script: 30000}, unhandledPromptBehavior: dismiss and notify, webauthn:extension:credBlob: true, webauthn:extension:largeBlob: true, webauthn:virtualAuthenticators: true}
Session ID: 243b2e1935d387f936f34258bbd40d1c
*** Element info: {Using=xpath, value=//a[@href[contains(.,'moduleCode=CHNL2CHNL')]]}
at org.openqa.selenium.remote.http.W3CHttpResponseCodec.createException(W3CHttpResponseCodec.java:187)
at org.openqa.selenium.remote.http.W3CHttpResponseCodec.decode(W3CHttpResponseCodec.java:122)
at org.openqa.selenium.remote.http.W3CHttpResponseCodec.decode(W3CHttpResponseCodec.java:49)
at org.openqa.selenium.remote.HttpCommandExecutor.execute(HttpCommandExecutor.java:160)
at org.openqa.selenium.remote.service.DriverCommandExecutor.execute(DriverCommandExecutor.java:83)
at org.openqa.selenium.remote.RemoteWebDriver.execute(RemoteWebDriver.java:601)
at org.openqa.selenium.remote.RemoteWebDriver.findElement(RemoteWebDriver.java:371)
at org.openqa.selenium.remote.RemoteWebDriver.findElementByXPath(RemoteWebDriver.java:473)
at org.openqa.selenium.By$ByXPath.findElement(By.java:361)
at org.openqa.selenium.remote.RemoteWebDriver.findElement(RemoteWebDriver.java:363)
at org.openqa.selenium.support.pagefactory.DefaultElementLocator.findElement(DefaultElementLocator.java:69)
at org.openqa.selenium.support.pagefactory.internal.LocatingElementHandler.invoke(LocatingElementHandler.java:38)
at com.sun.proxy.$Proxy19.isDisplayed(Unknown Source)
at org.openqa.selenium.support.ui.ExpectedConditions.elementIfVisible(ExpectedConditions.java:315)
at org.openqa.selenium.support.ui.ExpectedConditions.access$100(ExpectedConditions.java:44)
at org.openqa.selenium.support.ui.ExpectedConditions$10.apply(ExpectedConditions.java:301)
at org.openqa.selenium.support.ui.ExpectedConditions$10.apply(ExpectedConditions.java:298)
at org.openqa.selenium.support.ui.FluentWait.until(FluentWait.java:249)
... 28 more
... Removed 28 stack frames]]>
    </failure>
  </testcase> <!-- Test_C2CTransfer -->
  <testcase name="Test_C2CTransfer" time="12.893" classname="com.testscripts.prerequisites.PreRequisite_Channel2ChannelTransfer">
    <failure type="org.openqa.selenium.TimeoutException" message="Expected condition failed: waiting for visibility of Proxy element for: DefaultElementLocator &amp;apos;By.xpath: //a[@href[contains(.,&amp;apos;moduleCode=CHNL2CHNL&amp;apos;)]]&amp;apos; (tried for 10 second(s) with 500 milliseconds interval)">
      <![CDATA[org.openqa.selenium.TimeoutException: Expected condition failed: waiting for visibility of Proxy element for: DefaultElementLocator 'By.xpath: //a[@href[contains(.,'moduleCode=CHNL2CHNL')]]' (tried for 10 second(s) with 500 milliseconds interval)
at org.openqa.selenium.support.ui.WebDriverWait.timeoutException(WebDriverWait.java:82)
at org.openqa.selenium.support.ui.FluentWait.until(FluentWait.java:272)
at com.pageobjects.channeluserspages.homepages.ChannelUserHomePage.clickC2CTransfer(ChannelUserHomePage.java:93)
at com.Features.C2CTransfer.channel2channelTransfer(C2CTransfer.java:114)
at com.testscripts.prerequisites.PreRequisite_Channel2ChannelTransfer.Test_C2CTransfer(PreRequisite_Channel2ChannelTransfer.java:69)
Caused by: org.openqa.selenium.NoSuchElementException: no such element: Unable to locate element: {"method":"xpath","selector":"//a[@href[contains(.,'moduleCode=CHNL2CHNL')]]"}
  (Session info: chrome=101.0.4951.67)
For documentation on this error, please visit: http://seleniumhq.org/exceptions/no_such_element.html
Build info: version: '3.10.0', revision: '176b4a9', time: '2018-03-02T19:03:16.397Z'
System info: host: 'MCKL-20005142', ip: '192.168.1.38', os.name: 'Windows 10', os.arch: 'amd64', os.version: '10.0', java.version: '1.8.0_291'
Driver info: org.openqa.selenium.chrome.ChromeDriver
Capabilities {acceptInsecureCerts: false, browserName: chrome, browserVersion: 101.0.4951.67, chrome: {chromedriverVersion: 101.0.4951.41 (93c720db8323..., userDataDir: C:\Users\SOURAB~1.AWA\AppDa...}, goog:chromeOptions: {debuggerAddress: localhost:50653}, javascriptEnabled: true, networkConnectionEnabled: false, pageLoadStrategy: normal, platform: WINDOWS, platformName: WINDOWS, proxy: Proxy(), setWindowRect: true, strictFileInteractability: false, timeouts: {implicit: 0, pageLoad: 300000, script: 30000}, unhandledPromptBehavior: dismiss and notify, webauthn:extension:credBlob: true, webauthn:extension:largeBlob: true, webauthn:virtualAuthenticators: true}
Session ID: 243b2e1935d387f936f34258bbd40d1c
*** Element info: {Using=xpath, value=//a[@href[contains(.,'moduleCode=CHNL2CHNL')]]}
at org.openqa.selenium.remote.http.W3CHttpResponseCodec.createException(W3CHttpResponseCodec.java:187)
at org.openqa.selenium.remote.http.W3CHttpResponseCodec.decode(W3CHttpResponseCodec.java:122)
at org.openqa.selenium.remote.http.W3CHttpResponseCodec.decode(W3CHttpResponseCodec.java:49)
at org.openqa.selenium.remote.HttpCommandExecutor.execute(HttpCommandExecutor.java:160)
at org.openqa.selenium.remote.service.DriverCommandExecutor.execute(DriverCommandExecutor.java:83)
at org.openqa.selenium.remote.RemoteWebDriver.execute(RemoteWebDriver.java:601)
at org.openqa.selenium.remote.RemoteWebDriver.findElement(RemoteWebDriver.java:371)
at org.openqa.selenium.remote.RemoteWebDriver.findElementByXPath(RemoteWebDriver.java:473)
at org.openqa.selenium.By$ByXPath.findElement(By.java:361)
at org.openqa.selenium.remote.RemoteWebDriver.findElement(RemoteWebDriver.java:363)
at org.openqa.selenium.support.pagefactory.DefaultElementLocator.findElement(DefaultElementLocator.java:69)
at org.openqa.selenium.support.pagefactory.internal.LocatingElementHandler.invoke(LocatingElementHandler.java:38)
at com.sun.proxy.$Proxy19.isDisplayed(Unknown Source)
at org.openqa.selenium.support.ui.ExpectedConditions.elementIfVisible(ExpectedConditions.java:315)
at org.openqa.selenium.support.ui.ExpectedConditions.access$100(ExpectedConditions.java:44)
at org.openqa.selenium.support.ui.ExpectedConditions$10.apply(ExpectedConditions.java:301)
at org.openqa.selenium.support.ui.ExpectedConditions$10.apply(ExpectedConditions.java:298)
at org.openqa.selenium.support.ui.FluentWait.until(FluentWait.java:249)
... 28 more
... Removed 28 stack frames]]>
    </failure>
  </testcase> <!-- Test_C2CTransfer -->
  <testcase name="Test_C2CTransfer" time="15.554" classname="com.testscripts.prerequisites.PreRequisite_Channel2ChannelTransfer">
    <failure type="org.openqa.selenium.TimeoutException" message="Expected condition failed: waiting for visibility of Proxy element for: DefaultElementLocator &amp;apos;By.xpath: //a[@href[contains(.,&amp;apos;moduleCode=CHNL2CHNL&amp;apos;)]]&amp;apos; (tried for 10 second(s) with 500 milliseconds interval)">
      <![CDATA[org.openqa.selenium.TimeoutException: Expected condition failed: waiting for visibility of Proxy element for: DefaultElementLocator 'By.xpath: //a[@href[contains(.,'moduleCode=CHNL2CHNL')]]' (tried for 10 second(s) with 500 milliseconds interval)
at org.openqa.selenium.support.ui.WebDriverWait.timeoutException(WebDriverWait.java:82)
at org.openqa.selenium.support.ui.FluentWait.until(FluentWait.java:272)
at com.pageobjects.channeluserspages.homepages.ChannelUserHomePage.clickC2CTransfer(ChannelUserHomePage.java:93)
at com.Features.C2CTransfer.channel2channelTransfer(C2CTransfer.java:114)
at com.testscripts.prerequisites.PreRequisite_Channel2ChannelTransfer.Test_C2CTransfer(PreRequisite_Channel2ChannelTransfer.java:69)
Caused by: org.openqa.selenium.NoSuchElementException: no such element: Unable to locate element: {"method":"xpath","selector":"//a[@href[contains(.,'moduleCode=CHNL2CHNL')]]"}
  (Session info: chrome=101.0.4951.67)
For documentation on this error, please visit: http://seleniumhq.org/exceptions/no_such_element.html
Build info: version: '3.10.0', revision: '176b4a9', time: '2018-03-02T19:03:16.397Z'
System info: host: 'MCKL-20005142', ip: '192.168.1.38', os.name: 'Windows 10', os.arch: 'amd64', os.version: '10.0', java.version: '1.8.0_291'
Driver info: org.openqa.selenium.chrome.ChromeDriver
Capabilities {acceptInsecureCerts: false, browserName: chrome, browserVersion: 101.0.4951.67, chrome: {chromedriverVersion: 101.0.4951.41 (93c720db8323..., userDataDir: C:\Users\SOURAB~1.AWA\AppDa...}, goog:chromeOptions: {debuggerAddress: localhost:50653}, javascriptEnabled: true, networkConnectionEnabled: false, pageLoadStrategy: normal, platform: WINDOWS, platformName: WINDOWS, proxy: Proxy(), setWindowRect: true, strictFileInteractability: false, timeouts: {implicit: 0, pageLoad: 300000, script: 30000}, unhandledPromptBehavior: dismiss and notify, webauthn:extension:credBlob: true, webauthn:extension:largeBlob: true, webauthn:virtualAuthenticators: true}
Session ID: 243b2e1935d387f936f34258bbd40d1c
*** Element info: {Using=xpath, value=//a[@href[contains(.,'moduleCode=CHNL2CHNL')]]}
at org.openqa.selenium.remote.http.W3CHttpResponseCodec.createException(W3CHttpResponseCodec.java:187)
at org.openqa.selenium.remote.http.W3CHttpResponseCodec.decode(W3CHttpResponseCodec.java:122)
at org.openqa.selenium.remote.http.W3CHttpResponseCodec.decode(W3CHttpResponseCodec.java:49)
at org.openqa.selenium.remote.HttpCommandExecutor.execute(HttpCommandExecutor.java:160)
at org.openqa.selenium.remote.service.DriverCommandExecutor.execute(DriverCommandExecutor.java:83)
at org.openqa.selenium.remote.RemoteWebDriver.execute(RemoteWebDriver.java:601)
at org.openqa.selenium.remote.RemoteWebDriver.findElement(RemoteWebDriver.java:371)
at org.openqa.selenium.remote.RemoteWebDriver.findElementByXPath(RemoteWebDriver.java:473)
at org.openqa.selenium.By$ByXPath.findElement(By.java:361)
at org.openqa.selenium.remote.RemoteWebDriver.findElement(RemoteWebDriver.java:363)
at org.openqa.selenium.support.pagefactory.DefaultElementLocator.findElement(DefaultElementLocator.java:69)
at org.openqa.selenium.support.pagefactory.internal.LocatingElementHandler.invoke(LocatingElementHandler.java:38)
at com.sun.proxy.$Proxy19.isDisplayed(Unknown Source)
at org.openqa.selenium.support.ui.ExpectedConditions.elementIfVisible(ExpectedConditions.java:315)
at org.openqa.selenium.support.ui.ExpectedConditions.access$100(ExpectedConditions.java:44)
at org.openqa.selenium.support.ui.ExpectedConditions$10.apply(ExpectedConditions.java:301)
at org.openqa.selenium.support.ui.ExpectedConditions$10.apply(ExpectedConditions.java:298)
at org.openqa.selenium.support.ui.FluentWait.until(FluentWait.java:249)
... 28 more
... Removed 28 stack frames]]>
    </failure>
  </testcase> <!-- Test_C2CTransfer -->
  <testcase name="Test_C2CTransfer" time="12.356" classname="com.testscripts.prerequisites.PreRequisite_Channel2ChannelTransfer">
    <failure type="org.openqa.selenium.TimeoutException" message="Expected condition failed: waiting for visibility of Proxy element for: DefaultElementLocator &amp;apos;By.xpath: //a[@href[contains(.,&amp;apos;moduleCode=CHNL2CHNL&amp;apos;)]]&amp;apos; (tried for 10 second(s) with 500 milliseconds interval)">
      <![CDATA[org.openqa.selenium.TimeoutException: Expected condition failed: waiting for visibility of Proxy element for: DefaultElementLocator 'By.xpath: //a[@href[contains(.,'moduleCode=CHNL2CHNL')]]' (tried for 10 second(s) with 500 milliseconds interval)
at org.openqa.selenium.support.ui.WebDriverWait.timeoutException(WebDriverWait.java:82)
at org.openqa.selenium.support.ui.FluentWait.until(FluentWait.java:272)
at com.pageobjects.channeluserspages.homepages.ChannelUserHomePage.clickC2CTransfer(ChannelUserHomePage.java:93)
at com.Features.C2CTransfer.channel2channelTransfer(C2CTransfer.java:114)
at com.testscripts.prerequisites.PreRequisite_Channel2ChannelTransfer.Test_C2CTransfer(PreRequisite_Channel2ChannelTransfer.java:69)
Caused by: org.openqa.selenium.NoSuchElementException: no such element: Unable to locate element: {"method":"xpath","selector":"//a[@href[contains(.,'moduleCode=CHNL2CHNL')]]"}
  (Session info: chrome=101.0.4951.67)
For documentation on this error, please visit: http://seleniumhq.org/exceptions/no_such_element.html
Build info: version: '3.10.0', revision: '176b4a9', time: '2018-03-02T19:03:16.397Z'
System info: host: 'MCKL-20005142', ip: '192.168.1.38', os.name: 'Windows 10', os.arch: 'amd64', os.version: '10.0', java.version: '1.8.0_291'
Driver info: org.openqa.selenium.chrome.ChromeDriver
Capabilities {acceptInsecureCerts: false, browserName: chrome, browserVersion: 101.0.4951.67, chrome: {chromedriverVersion: 101.0.4951.41 (93c720db8323..., userDataDir: C:\Users\SOURAB~1.AWA\AppDa...}, goog:chromeOptions: {debuggerAddress: localhost:50653}, javascriptEnabled: true, networkConnectionEnabled: false, pageLoadStrategy: normal, platform: WINDOWS, platformName: WINDOWS, proxy: Proxy(), setWindowRect: true, strictFileInteractability: false, timeouts: {implicit: 0, pageLoad: 300000, script: 30000}, unhandledPromptBehavior: dismiss and notify, webauthn:extension:credBlob: true, webauthn:extension:largeBlob: true, webauthn:virtualAuthenticators: true}
Session ID: 243b2e1935d387f936f34258bbd40d1c
*** Element info: {Using=xpath, value=//a[@href[contains(.,'moduleCode=CHNL2CHNL')]]}
at org.openqa.selenium.remote.http.W3CHttpResponseCodec.createException(W3CHttpResponseCodec.java:187)
at org.openqa.selenium.remote.http.W3CHttpResponseCodec.decode(W3CHttpResponseCodec.java:122)
at org.openqa.selenium.remote.http.W3CHttpResponseCodec.decode(W3CHttpResponseCodec.java:49)
at org.openqa.selenium.remote.HttpCommandExecutor.execute(HttpCommandExecutor.java:160)
at org.openqa.selenium.remote.service.DriverCommandExecutor.execute(DriverCommandExecutor.java:83)
at org.openqa.selenium.remote.RemoteWebDriver.execute(RemoteWebDriver.java:601)
at org.openqa.selenium.remote.RemoteWebDriver.findElement(RemoteWebDriver.java:371)
at org.openqa.selenium.remote.RemoteWebDriver.findElementByXPath(RemoteWebDriver.java:473)
at org.openqa.selenium.By$ByXPath.findElement(By.java:361)
at org.openqa.selenium.remote.RemoteWebDriver.findElement(RemoteWebDriver.java:363)
at org.openqa.selenium.support.pagefactory.DefaultElementLocator.findElement(DefaultElementLocator.java:69)
at org.openqa.selenium.support.pagefactory.internal.LocatingElementHandler.invoke(LocatingElementHandler.java:38)
at com.sun.proxy.$Proxy19.isDisplayed(Unknown Source)
at org.openqa.selenium.support.ui.ExpectedConditions.elementIfVisible(ExpectedConditions.java:315)
at org.openqa.selenium.support.ui.ExpectedConditions.access$100(ExpectedConditions.java:44)
at org.openqa.selenium.support.ui.ExpectedConditions$10.apply(ExpectedConditions.java:301)
at org.openqa.selenium.support.ui.ExpectedConditions$10.apply(ExpectedConditions.java:298)
at org.openqa.selenium.support.ui.FluentWait.until(FluentWait.java:249)
... 28 more
... Removed 28 stack frames]]>
    </failure>
  </testcase> <!-- Test_C2CTransfer -->
  <testcase name="Test_C2CTransfer" time="12.069" classname="com.testscripts.prerequisites.PreRequisite_Channel2ChannelTransfer">
    <failure type="org.openqa.selenium.TimeoutException" message="Expected condition failed: waiting for visibility of Proxy element for: DefaultElementLocator &amp;apos;By.xpath: //a[@href[contains(.,&amp;apos;moduleCode=CHNL2CHNL&amp;apos;)]]&amp;apos; (tried for 10 second(s) with 500 milliseconds interval)">
      <![CDATA[org.openqa.selenium.TimeoutException: Expected condition failed: waiting for visibility of Proxy element for: DefaultElementLocator 'By.xpath: //a[@href[contains(.,'moduleCode=CHNL2CHNL')]]' (tried for 10 second(s) with 500 milliseconds interval)
at org.openqa.selenium.support.ui.WebDriverWait.timeoutException(WebDriverWait.java:82)
at org.openqa.selenium.support.ui.FluentWait.until(FluentWait.java:272)
at com.pageobjects.channeluserspages.homepages.ChannelUserHomePage.clickC2CTransfer(ChannelUserHomePage.java:93)
at com.Features.C2CTransfer.channel2channelTransfer(C2CTransfer.java:114)
at com.testscripts.prerequisites.PreRequisite_Channel2ChannelTransfer.Test_C2CTransfer(PreRequisite_Channel2ChannelTransfer.java:69)
Caused by: org.openqa.selenium.NoSuchElementException: no such element: Unable to locate element: {"method":"xpath","selector":"//a[@href[contains(.,'moduleCode=CHNL2CHNL')]]"}
  (Session info: chrome=101.0.4951.67)
For documentation on this error, please visit: http://seleniumhq.org/exceptions/no_such_element.html
Build info: version: '3.10.0', revision: '176b4a9', time: '2018-03-02T19:03:16.397Z'
System info: host: 'MCKL-20005142', ip: '192.168.1.38', os.name: 'Windows 10', os.arch: 'amd64', os.version: '10.0', java.version: '1.8.0_291'
Driver info: org.openqa.selenium.chrome.ChromeDriver
Capabilities {acceptInsecureCerts: false, browserName: chrome, browserVersion: 101.0.4951.67, chrome: {chromedriverVersion: 101.0.4951.41 (93c720db8323..., userDataDir: C:\Users\SOURAB~1.AWA\AppDa...}, goog:chromeOptions: {debuggerAddress: localhost:50653}, javascriptEnabled: true, networkConnectionEnabled: false, pageLoadStrategy: normal, platform: WINDOWS, platformName: WINDOWS, proxy: Proxy(), setWindowRect: true, strictFileInteractability: false, timeouts: {implicit: 0, pageLoad: 300000, script: 30000}, unhandledPromptBehavior: dismiss and notify, webauthn:extension:credBlob: true, webauthn:extension:largeBlob: true, webauthn:virtualAuthenticators: true}
Session ID: 243b2e1935d387f936f34258bbd40d1c
*** Element info: {Using=xpath, value=//a[@href[contains(.,'moduleCode=CHNL2CHNL')]]}
at org.openqa.selenium.remote.http.W3CHttpResponseCodec.createException(W3CHttpResponseCodec.java:187)
at org.openqa.selenium.remote.http.W3CHttpResponseCodec.decode(W3CHttpResponseCodec.java:122)
at org.openqa.selenium.remote.http.W3CHttpResponseCodec.decode(W3CHttpResponseCodec.java:49)
at org.openqa.selenium.remote.HttpCommandExecutor.execute(HttpCommandExecutor.java:160)
at org.openqa.selenium.remote.service.DriverCommandExecutor.execute(DriverCommandExecutor.java:83)
at org.openqa.selenium.remote.RemoteWebDriver.execute(RemoteWebDriver.java:601)
at org.openqa.selenium.remote.RemoteWebDriver.findElement(RemoteWebDriver.java:371)
at org.openqa.selenium.remote.RemoteWebDriver.findElementByXPath(RemoteWebDriver.java:473)
at org.openqa.selenium.By$ByXPath.findElement(By.java:361)
at org.openqa.selenium.remote.RemoteWebDriver.findElement(RemoteWebDriver.java:363)
at org.openqa.selenium.support.pagefactory.DefaultElementLocator.findElement(DefaultElementLocator.java:69)
at org.openqa.selenium.support.pagefactory.internal.LocatingElementHandler.invoke(LocatingElementHandler.java:38)
at com.sun.proxy.$Proxy19.isDisplayed(Unknown Source)
at org.openqa.selenium.support.ui.ExpectedConditions.elementIfVisible(ExpectedConditions.java:315)
at org.openqa.selenium.support.ui.ExpectedConditions.access$100(ExpectedConditions.java:44)
at org.openqa.selenium.support.ui.ExpectedConditions$10.apply(ExpectedConditions.java:301)
at org.openqa.selenium.support.ui.ExpectedConditions$10.apply(ExpectedConditions.java:298)
at org.openqa.selenium.support.ui.FluentWait.until(FluentWait.java:249)
... 28 more
... Removed 28 stack frames]]>
    </failure>
  </testcase> <!-- Test_C2CTransfer -->
  <testcase name="Test_C2CTransfer" time="13.527" classname="com.testscripts.prerequisites.PreRequisite_Channel2ChannelTransfer">
    <failure type="org.openqa.selenium.TimeoutException" message="Expected condition failed: waiting for visibility of Proxy element for: DefaultElementLocator &amp;apos;By.xpath: //a[@href[contains(.,&amp;apos;moduleCode=CHNL2CHNL&amp;apos;)]]&amp;apos; (tried for 10 second(s) with 500 milliseconds interval)">
      <![CDATA[org.openqa.selenium.TimeoutException: Expected condition failed: waiting for visibility of Proxy element for: DefaultElementLocator 'By.xpath: //a[@href[contains(.,'moduleCode=CHNL2CHNL')]]' (tried for 10 second(s) with 500 milliseconds interval)
at org.openqa.selenium.support.ui.WebDriverWait.timeoutException(WebDriverWait.java:82)
at org.openqa.selenium.support.ui.FluentWait.until(FluentWait.java:272)
at com.pageobjects.channeluserspages.homepages.ChannelUserHomePage.clickC2CTransfer(ChannelUserHomePage.java:93)
at com.Features.C2CTransfer.channel2channelTransfer(C2CTransfer.java:114)
at com.testscripts.prerequisites.PreRequisite_Channel2ChannelTransfer.Test_C2CTransfer(PreRequisite_Channel2ChannelTransfer.java:69)
Caused by: org.openqa.selenium.NoSuchElementException: no such element: Unable to locate element: {"method":"xpath","selector":"//a[@href[contains(.,'moduleCode=CHNL2CHNL')]]"}
  (Session info: chrome=101.0.4951.67)
For documentation on this error, please visit: http://seleniumhq.org/exceptions/no_such_element.html
Build info: version: '3.10.0', revision: '176b4a9', time: '2018-03-02T19:03:16.397Z'
System info: host: 'MCKL-20005142', ip: '192.168.1.38', os.name: 'Windows 10', os.arch: 'amd64', os.version: '10.0', java.version: '1.8.0_291'
Driver info: org.openqa.selenium.chrome.ChromeDriver
Capabilities {acceptInsecureCerts: false, browserName: chrome, browserVersion: 101.0.4951.67, chrome: {chromedriverVersion: 101.0.4951.41 (93c720db8323..., userDataDir: C:\Users\SOURAB~1.AWA\AppDa...}, goog:chromeOptions: {debuggerAddress: localhost:50653}, javascriptEnabled: true, networkConnectionEnabled: false, pageLoadStrategy: normal, platform: WINDOWS, platformName: WINDOWS, proxy: Proxy(), setWindowRect: true, strictFileInteractability: false, timeouts: {implicit: 0, pageLoad: 300000, script: 30000}, unhandledPromptBehavior: dismiss and notify, webauthn:extension:credBlob: true, webauthn:extension:largeBlob: true, webauthn:virtualAuthenticators: true}
Session ID: 243b2e1935d387f936f34258bbd40d1c
*** Element info: {Using=xpath, value=//a[@href[contains(.,'moduleCode=CHNL2CHNL')]]}
at org.openqa.selenium.remote.http.W3CHttpResponseCodec.createException(W3CHttpResponseCodec.java:187)
at org.openqa.selenium.remote.http.W3CHttpResponseCodec.decode(W3CHttpResponseCodec.java:122)
at org.openqa.selenium.remote.http.W3CHttpResponseCodec.decode(W3CHttpResponseCodec.java:49)
at org.openqa.selenium.remote.HttpCommandExecutor.execute(HttpCommandExecutor.java:160)
at org.openqa.selenium.remote.service.DriverCommandExecutor.execute(DriverCommandExecutor.java:83)
at org.openqa.selenium.remote.RemoteWebDriver.execute(RemoteWebDriver.java:601)
at org.openqa.selenium.remote.RemoteWebDriver.findElement(RemoteWebDriver.java:371)
at org.openqa.selenium.remote.RemoteWebDriver.findElementByXPath(RemoteWebDriver.java:473)
at org.openqa.selenium.By$ByXPath.findElement(By.java:361)
at org.openqa.selenium.remote.RemoteWebDriver.findElement(RemoteWebDriver.java:363)
at org.openqa.selenium.support.pagefactory.DefaultElementLocator.findElement(DefaultElementLocator.java:69)
at org.openqa.selenium.support.pagefactory.internal.LocatingElementHandler.invoke(LocatingElementHandler.java:38)
at com.sun.proxy.$Proxy19.isDisplayed(Unknown Source)
at org.openqa.selenium.support.ui.ExpectedConditions.elementIfVisible(ExpectedConditions.java:315)
at org.openqa.selenium.support.ui.ExpectedConditions.access$100(ExpectedConditions.java:44)
at org.openqa.selenium.support.ui.ExpectedConditions$10.apply(ExpectedConditions.java:301)
at org.openqa.selenium.support.ui.ExpectedConditions$10.apply(ExpectedConditions.java:298)
at org.openqa.selenium.support.ui.FluentWait.until(FluentWait.java:249)
... 28 more
... Removed 28 stack frames]]>
    </failure>
  </testcase> <!-- Test_C2CTransfer -->
  <testcase name="Test_C2SRecharge" time="2.322" classname="com.testscripts.prerequisites.PreRequisite_C2STransfer">
    <failure type="org.openqa.selenium.NoSuchElementException" message="no such element: Unable to locate element: {&amp;quot;method&amp;quot;:&amp;quot;xpath&amp;quot;,&amp;quot;selector&amp;quot;:&amp;quot;//a[@href[contains(.,&amp;apos;moduleCode=C2STRF&amp;apos;)]]&amp;quot;}
  (Session info: chrome=101.0.4951.67)
For documentation on this error, please visit: http://seleniumhq.org/exceptions/no_such_element.html
Build info: version: &amp;apos;3.10.0&amp;apos;, revision: &amp;apos;176b4a9&amp;apos;, time: &amp;apos;2018-03-02T19:03:16.397Z&amp;apos;
System info: host: &amp;apos;MCKL-20005142&amp;apos;, ip: &amp;apos;192.168.1.38&amp;apos;, os.name: &amp;apos;Windows 10&amp;apos;, os.arch: &amp;apos;amd64&amp;apos;, os.version: &amp;apos;10.0&amp;apos;, java.version: &amp;apos;1.8.0_291&amp;apos;
Driver info: org.openqa.selenium.chrome.ChromeDriver
Capabilities {acceptInsecureCerts: false, browserName: chrome, browserVersion: 101.0.4951.67, chrome: {chromedriverVersion: 101.0.4951.41 (93c720db8323..., userDataDir: C:\Users\SOURAB~1.AWA\AppDa...}, goog:chromeOptions: {debuggerAddress: localhost:50727}, javascriptEnabled: true, networkConnectionEnabled: false, pageLoadStrategy: normal, platform: WINDOWS, platformName: WINDOWS, proxy: Proxy(), setWindowRect: true, strictFileInteractability: false, timeouts: {implicit: 0, pageLoad: 300000, script: 30000}, unhandledPromptBehavior: dismiss and notify, webauthn:extension:credBlob: true, webauthn:extension:largeBlob: true, webauthn:virtualAuthenticators: true}
Session ID: 678de299c35279b1c939ce14983cba95
*** Element info: {Using=xpath, value=//a[@href[contains(.,&amp;apos;moduleCode=C2STRF&amp;apos;)]]}">
      <![CDATA[org.openqa.selenium.NoSuchElementException: no such element: Unable to locate element: {"method":"xpath","selector":"//a[@href[contains(.,'moduleCode=C2STRF')]]"}
  (Session info: chrome=101.0.4951.67)
For documentation on this error, please visit: http://seleniumhq.org/exceptions/no_such_element.html
Build info: version: '3.10.0', revision: '176b4a9', time: '2018-03-02T19:03:16.397Z'
System info: host: 'MCKL-20005142', ip: '192.168.1.38', os.name: 'Windows 10', os.arch: 'amd64', os.version: '10.0', java.version: '1.8.0_291'
Driver info: org.openqa.selenium.chrome.ChromeDriver
Capabilities {acceptInsecureCerts: false, browserName: chrome, browserVersion: 101.0.4951.67, chrome: {chromedriverVersion: 101.0.4951.41 (93c720db8323..., userDataDir: C:\Users\SOURAB~1.AWA\AppDa...}, goog:chromeOptions: {debuggerAddress: localhost:50727}, javascriptEnabled: true, networkConnectionEnabled: false, pageLoadStrategy: normal, platform: WINDOWS, platformName: WINDOWS, proxy: Proxy(), setWindowRect: true, strictFileInteractability: false, timeouts: {implicit: 0, pageLoad: 300000, script: 30000}, unhandledPromptBehavior: dismiss and notify, webauthn:extension:credBlob: true, webauthn:extension:largeBlob: true, webauthn:virtualAuthenticators: true}
Session ID: 678de299c35279b1c939ce14983cba95
*** Element info: {Using=xpath, value=//a[@href[contains(.,'moduleCode=C2STRF')]]}
at org.openqa.selenium.remote.http.W3CHttpResponseCodec.createException(W3CHttpResponseCodec.java:187)
at org.openqa.selenium.remote.http.W3CHttpResponseCodec.decode(W3CHttpResponseCodec.java:122)
at org.openqa.selenium.remote.http.W3CHttpResponseCodec.decode(W3CHttpResponseCodec.java:49)
at org.openqa.selenium.remote.HttpCommandExecutor.execute(HttpCommandExecutor.java:160)
at org.openqa.selenium.remote.service.DriverCommandExecutor.execute(DriverCommandExecutor.java:83)
at org.openqa.selenium.remote.RemoteWebDriver.execute(RemoteWebDriver.java:601)
at org.openqa.selenium.remote.RemoteWebDriver.findElement(RemoteWebDriver.java:371)
at org.openqa.selenium.remote.RemoteWebDriver.findElementByXPath(RemoteWebDriver.java:473)
at org.openqa.selenium.By$ByXPath.findElement(By.java:361)
at org.openqa.selenium.remote.RemoteWebDriver.findElement(RemoteWebDriver.java:363)
at org.openqa.selenium.support.pagefactory.DefaultElementLocator.findElement(DefaultElementLocator.java:69)
at org.openqa.selenium.support.pagefactory.internal.LocatingElementHandler.invoke(LocatingElementHandler.java:38)
at com.sun.proxy.$Proxy19.click(Unknown Source)
at com.pageobjects.channeluserspages.homepages.ChannelUserHomePage.clickC2STransfer(ChannelUserHomePage.java:64)
at com.Features.C2STransfer.performC2STransfer(C2STransfer.java:93)
at com.testscripts.prerequisites.PreRequisite_C2STransfer.Test_C2SRecharge(PreRequisite_C2STransfer.java:42)
... Removed 28 stack frames]]>
    </failure>
  </testcase> <!-- Test_C2SRecharge -->
  <testcase name="Test_C2SRecharge" time="1.722" classname="com.testscripts.prerequisites.PreRequisite_C2STransfer">
    <failure type="org.openqa.selenium.NoSuchElementException" message="no such element: Unable to locate element: {&amp;quot;method&amp;quot;:&amp;quot;xpath&amp;quot;,&amp;quot;selector&amp;quot;:&amp;quot;//a[@href[contains(.,&amp;apos;moduleCode=C2STRF&amp;apos;)]]&amp;quot;}
  (Session info: chrome=101.0.4951.67)
For documentation on this error, please visit: http://seleniumhq.org/exceptions/no_such_element.html
Build info: version: &amp;apos;3.10.0&amp;apos;, revision: &amp;apos;176b4a9&amp;apos;, time: &amp;apos;2018-03-02T19:03:16.397Z&amp;apos;
System info: host: &amp;apos;MCKL-20005142&amp;apos;, ip: &amp;apos;192.168.1.38&amp;apos;, os.name: &amp;apos;Windows 10&amp;apos;, os.arch: &amp;apos;amd64&amp;apos;, os.version: &amp;apos;10.0&amp;apos;, java.version: &amp;apos;1.8.0_291&amp;apos;
Driver info: org.openqa.selenium.chrome.ChromeDriver
Capabilities {acceptInsecureCerts: false, browserName: chrome, browserVersion: 101.0.4951.67, chrome: {chromedriverVersion: 101.0.4951.41 (93c720db8323..., userDataDir: C:\Users\SOURAB~1.AWA\AppDa...}, goog:chromeOptions: {debuggerAddress: localhost:50727}, javascriptEnabled: true, networkConnectionEnabled: false, pageLoadStrategy: normal, platform: WINDOWS, platformName: WINDOWS, proxy: Proxy(), setWindowRect: true, strictFileInteractability: false, timeouts: {implicit: 0, pageLoad: 300000, script: 30000}, unhandledPromptBehavior: dismiss and notify, webauthn:extension:credBlob: true, webauthn:extension:largeBlob: true, webauthn:virtualAuthenticators: true}
Session ID: 678de299c35279b1c939ce14983cba95
*** Element info: {Using=xpath, value=//a[@href[contains(.,&amp;apos;moduleCode=C2STRF&amp;apos;)]]}">
      <![CDATA[org.openqa.selenium.NoSuchElementException: no such element: Unable to locate element: {"method":"xpath","selector":"//a[@href[contains(.,'moduleCode=C2STRF')]]"}
  (Session info: chrome=101.0.4951.67)
For documentation on this error, please visit: http://seleniumhq.org/exceptions/no_such_element.html
Build info: version: '3.10.0', revision: '176b4a9', time: '2018-03-02T19:03:16.397Z'
System info: host: 'MCKL-20005142', ip: '192.168.1.38', os.name: 'Windows 10', os.arch: 'amd64', os.version: '10.0', java.version: '1.8.0_291'
Driver info: org.openqa.selenium.chrome.ChromeDriver
Capabilities {acceptInsecureCerts: false, browserName: chrome, browserVersion: 101.0.4951.67, chrome: {chromedriverVersion: 101.0.4951.41 (93c720db8323..., userDataDir: C:\Users\SOURAB~1.AWA\AppDa...}, goog:chromeOptions: {debuggerAddress: localhost:50727}, javascriptEnabled: true, networkConnectionEnabled: false, pageLoadStrategy: normal, platform: WINDOWS, platformName: WINDOWS, proxy: Proxy(), setWindowRect: true, strictFileInteractability: false, timeouts: {implicit: 0, pageLoad: 300000, script: 30000}, unhandledPromptBehavior: dismiss and notify, webauthn:extension:credBlob: true, webauthn:extension:largeBlob: true, webauthn:virtualAuthenticators: true}
Session ID: 678de299c35279b1c939ce14983cba95
*** Element info: {Using=xpath, value=//a[@href[contains(.,'moduleCode=C2STRF')]]}
at org.openqa.selenium.remote.http.W3CHttpResponseCodec.createException(W3CHttpResponseCodec.java:187)
at org.openqa.selenium.remote.http.W3CHttpResponseCodec.decode(W3CHttpResponseCodec.java:122)
at org.openqa.selenium.remote.http.W3CHttpResponseCodec.decode(W3CHttpResponseCodec.java:49)
at org.openqa.selenium.remote.HttpCommandExecutor.execute(HttpCommandExecutor.java:160)
at org.openqa.selenium.remote.service.DriverCommandExecutor.execute(DriverCommandExecutor.java:83)
at org.openqa.selenium.remote.RemoteWebDriver.execute(RemoteWebDriver.java:601)
at org.openqa.selenium.remote.RemoteWebDriver.findElement(RemoteWebDriver.java:371)
at org.openqa.selenium.remote.RemoteWebDriver.findElementByXPath(RemoteWebDriver.java:473)
at org.openqa.selenium.By$ByXPath.findElement(By.java:361)
at org.openqa.selenium.remote.RemoteWebDriver.findElement(RemoteWebDriver.java:363)
at org.openqa.selenium.support.pagefactory.DefaultElementLocator.findElement(DefaultElementLocator.java:69)
at org.openqa.selenium.support.pagefactory.internal.LocatingElementHandler.invoke(LocatingElementHandler.java:38)
at com.sun.proxy.$Proxy19.click(Unknown Source)
at com.pageobjects.channeluserspages.homepages.ChannelUserHomePage.clickC2STransfer(ChannelUserHomePage.java:64)
at com.Features.C2STransfer.performC2STransfer(C2STransfer.java:93)
at com.testscripts.prerequisites.PreRequisite_C2STransfer.Test_C2SRecharge(PreRequisite_C2STransfer.java:42)
... Removed 28 stack frames]]>
    </failure>
  </testcase> <!-- Test_C2SRecharge -->
  <testcase name="Test_C2SRecharge" time="1.702" classname="com.testscripts.prerequisites.PreRequisite_C2STransfer">
    <failure type="org.openqa.selenium.NoSuchElementException" message="no such element: Unable to locate element: {&amp;quot;method&amp;quot;:&amp;quot;xpath&amp;quot;,&amp;quot;selector&amp;quot;:&amp;quot;//a[@href[contains(.,&amp;apos;moduleCode=C2STRF&amp;apos;)]]&amp;quot;}
  (Session info: chrome=101.0.4951.67)
For documentation on this error, please visit: http://seleniumhq.org/exceptions/no_such_element.html
Build info: version: &amp;apos;3.10.0&amp;apos;, revision: &amp;apos;176b4a9&amp;apos;, time: &amp;apos;2018-03-02T19:03:16.397Z&amp;apos;
System info: host: &amp;apos;MCKL-20005142&amp;apos;, ip: &amp;apos;192.168.1.38&amp;apos;, os.name: &amp;apos;Windows 10&amp;apos;, os.arch: &amp;apos;amd64&amp;apos;, os.version: &amp;apos;10.0&amp;apos;, java.version: &amp;apos;1.8.0_291&amp;apos;
Driver info: org.openqa.selenium.chrome.ChromeDriver
Capabilities {acceptInsecureCerts: false, browserName: chrome, browserVersion: 101.0.4951.67, chrome: {chromedriverVersion: 101.0.4951.41 (93c720db8323..., userDataDir: C:\Users\SOURAB~1.AWA\AppDa...}, goog:chromeOptions: {debuggerAddress: localhost:50727}, javascriptEnabled: true, networkConnectionEnabled: false, pageLoadStrategy: normal, platform: WINDOWS, platformName: WINDOWS, proxy: Proxy(), setWindowRect: true, strictFileInteractability: false, timeouts: {implicit: 0, pageLoad: 300000, script: 30000}, unhandledPromptBehavior: dismiss and notify, webauthn:extension:credBlob: true, webauthn:extension:largeBlob: true, webauthn:virtualAuthenticators: true}
Session ID: 678de299c35279b1c939ce14983cba95
*** Element info: {Using=xpath, value=//a[@href[contains(.,&amp;apos;moduleCode=C2STRF&amp;apos;)]]}">
      <![CDATA[org.openqa.selenium.NoSuchElementException: no such element: Unable to locate element: {"method":"xpath","selector":"//a[@href[contains(.,'moduleCode=C2STRF')]]"}
  (Session info: chrome=101.0.4951.67)
For documentation on this error, please visit: http://seleniumhq.org/exceptions/no_such_element.html
Build info: version: '3.10.0', revision: '176b4a9', time: '2018-03-02T19:03:16.397Z'
System info: host: 'MCKL-20005142', ip: '192.168.1.38', os.name: 'Windows 10', os.arch: 'amd64', os.version: '10.0', java.version: '1.8.0_291'
Driver info: org.openqa.selenium.chrome.ChromeDriver
Capabilities {acceptInsecureCerts: false, browserName: chrome, browserVersion: 101.0.4951.67, chrome: {chromedriverVersion: 101.0.4951.41 (93c720db8323..., userDataDir: C:\Users\SOURAB~1.AWA\AppDa...}, goog:chromeOptions: {debuggerAddress: localhost:50727}, javascriptEnabled: true, networkConnectionEnabled: false, pageLoadStrategy: normal, platform: WINDOWS, platformName: WINDOWS, proxy: Proxy(), setWindowRect: true, strictFileInteractability: false, timeouts: {implicit: 0, pageLoad: 300000, script: 30000}, unhandledPromptBehavior: dismiss and notify, webauthn:extension:credBlob: true, webauthn:extension:largeBlob: true, webauthn:virtualAuthenticators: true}
Session ID: 678de299c35279b1c939ce14983cba95
*** Element info: {Using=xpath, value=//a[@href[contains(.,'moduleCode=C2STRF')]]}
at org.openqa.selenium.remote.http.W3CHttpResponseCodec.createException(W3CHttpResponseCodec.java:187)
at org.openqa.selenium.remote.http.W3CHttpResponseCodec.decode(W3CHttpResponseCodec.java:122)
at org.openqa.selenium.remote.http.W3CHttpResponseCodec.decode(W3CHttpResponseCodec.java:49)
at org.openqa.selenium.remote.HttpCommandExecutor.execute(HttpCommandExecutor.java:160)
at org.openqa.selenium.remote.service.DriverCommandExecutor.execute(DriverCommandExecutor.java:83)
at org.openqa.selenium.remote.RemoteWebDriver.execute(RemoteWebDriver.java:601)
at org.openqa.selenium.remote.RemoteWebDriver.findElement(RemoteWebDriver.java:371)
at org.openqa.selenium.remote.RemoteWebDriver.findElementByXPath(RemoteWebDriver.java:473)
at org.openqa.selenium.By$ByXPath.findElement(By.java:361)
at org.openqa.selenium.remote.RemoteWebDriver.findElement(RemoteWebDriver.java:363)
at org.openqa.selenium.support.pagefactory.DefaultElementLocator.findElement(DefaultElementLocator.java:69)
at org.openqa.selenium.support.pagefactory.internal.LocatingElementHandler.invoke(LocatingElementHandler.java:38)
at com.sun.proxy.$Proxy19.click(Unknown Source)
at com.pageobjects.channeluserspages.homepages.ChannelUserHomePage.clickC2STransfer(ChannelUserHomePage.java:64)
at com.Features.C2STransfer.performC2STransfer(C2STransfer.java:93)
at com.testscripts.prerequisites.PreRequisite_C2STransfer.Test_C2SRecharge(PreRequisite_C2STransfer.java:42)
... Removed 28 stack frames]]>
    </failure>
  </testcase> <!-- Test_C2SRecharge -->
  <testcase name="Test_C2SRecharge" time="1.689" classname="com.testscripts.prerequisites.PreRequisite_C2STransfer">
    <failure type="org.openqa.selenium.NoSuchElementException" message="no such element: Unable to locate element: {&amp;quot;method&amp;quot;:&amp;quot;xpath&amp;quot;,&amp;quot;selector&amp;quot;:&amp;quot;//a[@href[contains(.,&amp;apos;moduleCode=C2STRF&amp;apos;)]]&amp;quot;}
  (Session info: chrome=101.0.4951.67)
For documentation on this error, please visit: http://seleniumhq.org/exceptions/no_such_element.html
Build info: version: &amp;apos;3.10.0&amp;apos;, revision: &amp;apos;176b4a9&amp;apos;, time: &amp;apos;2018-03-02T19:03:16.397Z&amp;apos;
System info: host: &amp;apos;MCKL-20005142&amp;apos;, ip: &amp;apos;192.168.1.38&amp;apos;, os.name: &amp;apos;Windows 10&amp;apos;, os.arch: &amp;apos;amd64&amp;apos;, os.version: &amp;apos;10.0&amp;apos;, java.version: &amp;apos;1.8.0_291&amp;apos;
Driver info: org.openqa.selenium.chrome.ChromeDriver
Capabilities {acceptInsecureCerts: false, browserName: chrome, browserVersion: 101.0.4951.67, chrome: {chromedriverVersion: 101.0.4951.41 (93c720db8323..., userDataDir: C:\Users\SOURAB~1.AWA\AppDa...}, goog:chromeOptions: {debuggerAddress: localhost:50727}, javascriptEnabled: true, networkConnectionEnabled: false, pageLoadStrategy: normal, platform: WINDOWS, platformName: WINDOWS, proxy: Proxy(), setWindowRect: true, strictFileInteractability: false, timeouts: {implicit: 0, pageLoad: 300000, script: 30000}, unhandledPromptBehavior: dismiss and notify, webauthn:extension:credBlob: true, webauthn:extension:largeBlob: true, webauthn:virtualAuthenticators: true}
Session ID: 678de299c35279b1c939ce14983cba95
*** Element info: {Using=xpath, value=//a[@href[contains(.,&amp;apos;moduleCode=C2STRF&amp;apos;)]]}">
      <![CDATA[org.openqa.selenium.NoSuchElementException: no such element: Unable to locate element: {"method":"xpath","selector":"//a[@href[contains(.,'moduleCode=C2STRF')]]"}
  (Session info: chrome=101.0.4951.67)
For documentation on this error, please visit: http://seleniumhq.org/exceptions/no_such_element.html
Build info: version: '3.10.0', revision: '176b4a9', time: '2018-03-02T19:03:16.397Z'
System info: host: 'MCKL-20005142', ip: '192.168.1.38', os.name: 'Windows 10', os.arch: 'amd64', os.version: '10.0', java.version: '1.8.0_291'
Driver info: org.openqa.selenium.chrome.ChromeDriver
Capabilities {acceptInsecureCerts: false, browserName: chrome, browserVersion: 101.0.4951.67, chrome: {chromedriverVersion: 101.0.4951.41 (93c720db8323..., userDataDir: C:\Users\SOURAB~1.AWA\AppDa...}, goog:chromeOptions: {debuggerAddress: localhost:50727}, javascriptEnabled: true, networkConnectionEnabled: false, pageLoadStrategy: normal, platform: WINDOWS, platformName: WINDOWS, proxy: Proxy(), setWindowRect: true, strictFileInteractability: false, timeouts: {implicit: 0, pageLoad: 300000, script: 30000}, unhandledPromptBehavior: dismiss and notify, webauthn:extension:credBlob: true, webauthn:extension:largeBlob: true, webauthn:virtualAuthenticators: true}
Session ID: 678de299c35279b1c939ce14983cba95
*** Element info: {Using=xpath, value=//a[@href[contains(.,'moduleCode=C2STRF')]]}
at org.openqa.selenium.remote.http.W3CHttpResponseCodec.createException(W3CHttpResponseCodec.java:187)
at org.openqa.selenium.remote.http.W3CHttpResponseCodec.decode(W3CHttpResponseCodec.java:122)
at org.openqa.selenium.remote.http.W3CHttpResponseCodec.decode(W3CHttpResponseCodec.java:49)
at org.openqa.selenium.remote.HttpCommandExecutor.execute(HttpCommandExecutor.java:160)
at org.openqa.selenium.remote.service.DriverCommandExecutor.execute(DriverCommandExecutor.java:83)
at org.openqa.selenium.remote.RemoteWebDriver.execute(RemoteWebDriver.java:601)
at org.openqa.selenium.remote.RemoteWebDriver.findElement(RemoteWebDriver.java:371)
at org.openqa.selenium.remote.RemoteWebDriver.findElementByXPath(RemoteWebDriver.java:473)
at org.openqa.selenium.By$ByXPath.findElement(By.java:361)
at org.openqa.selenium.remote.RemoteWebDriver.findElement(RemoteWebDriver.java:363)
at org.openqa.selenium.support.pagefactory.DefaultElementLocator.findElement(DefaultElementLocator.java:69)
at org.openqa.selenium.support.pagefactory.internal.LocatingElementHandler.invoke(LocatingElementHandler.java:38)
at com.sun.proxy.$Proxy19.click(Unknown Source)
at com.pageobjects.channeluserspages.homepages.ChannelUserHomePage.clickC2STransfer(ChannelUserHomePage.java:64)
at com.Features.C2STransfer.performC2STransfer(C2STransfer.java:93)
at com.testscripts.prerequisites.PreRequisite_C2STransfer.Test_C2SRecharge(PreRequisite_C2STransfer.java:42)
... Removed 28 stack frames]]>
    </failure>
  </testcase> <!-- Test_C2SRecharge -->
  <testcase name="Test_C2SRecharge" time="2.197" classname="com.testscripts.prerequisites.PreRequisite_C2STransfer">
    <failure type="org.openqa.selenium.NoSuchElementException" message="no such element: Unable to locate element: {&amp;quot;method&amp;quot;:&amp;quot;xpath&amp;quot;,&amp;quot;selector&amp;quot;:&amp;quot;//a[@href[contains(.,&amp;apos;moduleCode=C2STRF&amp;apos;)]]&amp;quot;}
  (Session info: chrome=101.0.4951.67)
For documentation on this error, please visit: http://seleniumhq.org/exceptions/no_such_element.html
Build info: version: &amp;apos;3.10.0&amp;apos;, revision: &amp;apos;176b4a9&amp;apos;, time: &amp;apos;2018-03-02T19:03:16.397Z&amp;apos;
System info: host: &amp;apos;MCKL-20005142&amp;apos;, ip: &amp;apos;192.168.1.38&amp;apos;, os.name: &amp;apos;Windows 10&amp;apos;, os.arch: &amp;apos;amd64&amp;apos;, os.version: &amp;apos;10.0&amp;apos;, java.version: &amp;apos;1.8.0_291&amp;apos;
Driver info: org.openqa.selenium.chrome.ChromeDriver
Capabilities {acceptInsecureCerts: false, browserName: chrome, browserVersion: 101.0.4951.67, chrome: {chromedriverVersion: 101.0.4951.41 (93c720db8323..., userDataDir: C:\Users\SOURAB~1.AWA\AppDa...}, goog:chromeOptions: {debuggerAddress: localhost:50727}, javascriptEnabled: true, networkConnectionEnabled: false, pageLoadStrategy: normal, platform: WINDOWS, platformName: WINDOWS, proxy: Proxy(), setWindowRect: true, strictFileInteractability: false, timeouts: {implicit: 0, pageLoad: 300000, script: 30000}, unhandledPromptBehavior: dismiss and notify, webauthn:extension:credBlob: true, webauthn:extension:largeBlob: true, webauthn:virtualAuthenticators: true}
Session ID: 678de299c35279b1c939ce14983cba95
*** Element info: {Using=xpath, value=//a[@href[contains(.,&amp;apos;moduleCode=C2STRF&amp;apos;)]]}">
      <![CDATA[org.openqa.selenium.NoSuchElementException: no such element: Unable to locate element: {"method":"xpath","selector":"//a[@href[contains(.,'moduleCode=C2STRF')]]"}
  (Session info: chrome=101.0.4951.67)
For documentation on this error, please visit: http://seleniumhq.org/exceptions/no_such_element.html
Build info: version: '3.10.0', revision: '176b4a9', time: '2018-03-02T19:03:16.397Z'
System info: host: 'MCKL-20005142', ip: '192.168.1.38', os.name: 'Windows 10', os.arch: 'amd64', os.version: '10.0', java.version: '1.8.0_291'
Driver info: org.openqa.selenium.chrome.ChromeDriver
Capabilities {acceptInsecureCerts: false, browserName: chrome, browserVersion: 101.0.4951.67, chrome: {chromedriverVersion: 101.0.4951.41 (93c720db8323..., userDataDir: C:\Users\SOURAB~1.AWA\AppDa...}, goog:chromeOptions: {debuggerAddress: localhost:50727}, javascriptEnabled: true, networkConnectionEnabled: false, pageLoadStrategy: normal, platform: WINDOWS, platformName: WINDOWS, proxy: Proxy(), setWindowRect: true, strictFileInteractability: false, timeouts: {implicit: 0, pageLoad: 300000, script: 30000}, unhandledPromptBehavior: dismiss and notify, webauthn:extension:credBlob: true, webauthn:extension:largeBlob: true, webauthn:virtualAuthenticators: true}
Session ID: 678de299c35279b1c939ce14983cba95
*** Element info: {Using=xpath, value=//a[@href[contains(.,'moduleCode=C2STRF')]]}
at org.openqa.selenium.remote.http.W3CHttpResponseCodec.createException(W3CHttpResponseCodec.java:187)
at org.openqa.selenium.remote.http.W3CHttpResponseCodec.decode(W3CHttpResponseCodec.java:122)
at org.openqa.selenium.remote.http.W3CHttpResponseCodec.decode(W3CHttpResponseCodec.java:49)
at org.openqa.selenium.remote.HttpCommandExecutor.execute(HttpCommandExecutor.java:160)
at org.openqa.selenium.remote.service.DriverCommandExecutor.execute(DriverCommandExecutor.java:83)
at org.openqa.selenium.remote.RemoteWebDriver.execute(RemoteWebDriver.java:601)
at org.openqa.selenium.remote.RemoteWebDriver.findElement(RemoteWebDriver.java:371)
at org.openqa.selenium.remote.RemoteWebDriver.findElementByXPath(RemoteWebDriver.java:473)
at org.openqa.selenium.By$ByXPath.findElement(By.java:361)
at org.openqa.selenium.remote.RemoteWebDriver.findElement(RemoteWebDriver.java:363)
at org.openqa.selenium.support.pagefactory.DefaultElementLocator.findElement(DefaultElementLocator.java:69)
at org.openqa.selenium.support.pagefactory.internal.LocatingElementHandler.invoke(LocatingElementHandler.java:38)
at com.sun.proxy.$Proxy19.click(Unknown Source)
at com.pageobjects.channeluserspages.homepages.ChannelUserHomePage.clickC2STransfer(ChannelUserHomePage.java:64)
at com.Features.C2STransfer.performC2STransfer(C2STransfer.java:93)
at com.testscripts.prerequisites.PreRequisite_C2STransfer.Test_C2SRecharge(PreRequisite_C2STransfer.java:42)
... Removed 28 stack frames]]>
    </failure>
  </testcase> <!-- Test_C2SRecharge -->
  <testcase name="Test_P2PCardGroupCreation" time="86.86" classname="com.testscripts.prerequisites.PreRequisite_P2PCardGroupCreation"/>
  <testcase name="Test_P2PCardGroupCreation" time="111.055" classname="com.testscripts.prerequisites.PreRequisite_P2PCardGroupCreation"/>
  <testcase name="Test_P2PCardGroupCreation" time="92.851" classname="com.testscripts.prerequisites.PreRequisite_P2PCardGroupCreation"/>
  <testcase name="Test_P2PCardGroupCreation" time="104.687" classname="com.testscripts.prerequisites.PreRequisite_P2PCardGroupCreation"/>
  <testcase name="Test_P2PCardGroupCreation" time="91.633" classname="com.testscripts.prerequisites.PreRequisite_P2PCardGroupCreation"/>
  <testcase name="Test_CreateMultiCurrency" time="0.028" classname="com.testscripts.prerequisites.PreRequisite_MultiCurrencyCreation">
    <skipped/>
  </testcase> <!-- Test_CreateMultiCurrency -->
  <testcase name="Test_MultiCurrencyWithInvalidConversionRates" time="0.024" classname="com.testscripts.prerequisites.PreRequisite_MultiCurrencyCreation">
    <skipped/>
  </testcase> <!-- Test_MultiCurrencyWithInvalidConversionRates -->
  <testcase name="Test_MultiCurrencyWithInvalidConversionRates" time="0.024" classname="com.testscripts.prerequisites.PreRequisite_MultiCurrencyCreation">
    <skipped/>
  </testcase> <!-- Test_MultiCurrencyWithInvalidConversionRates -->
  <testcase name="Test_MultiCurrencyWithInvalidConversionRates" time="0.026" classname="com.testscripts.prerequisites.PreRequisite_MultiCurrencyCreation">
    <skipped/>
  </testcase> <!-- Test_MultiCurrencyWithInvalidConversionRates -->
  <testcase name="Test_MultiCurrencyWithBlankData" time="0.027" classname="com.testscripts.prerequisites.PreRequisite_MultiCurrencyCreation">
    <skipped/>
  </testcase> <!-- Test_MultiCurrencyWithBlankData -->
  <testcase name="Test_MultiCurrencyRejection" time="0.026" classname="com.testscripts.prerequisites.PreRequisite_MultiCurrencyCreation">
    <skipped/>
  </testcase> <!-- Test_MultiCurrencyRejection -->
  <testcase name="Test_ValidationAtApprovals" time="0.028" classname="com.testscripts.prerequisites.PreRequisite_MultiCurrencyCreation">
    <skipped/>
  </testcase> <!-- Test_ValidationAtApprovals -->
  <testcase name="@AfterSuite tearDown" time="0.0" classname="com.classes.BaseTest">
    <ignored/>
  </testcase> <!-- @AfterSuite tearDown -->
  <testcase name="@AfterSuite tearDown" time="0.0" classname="com.classes.BaseTest">
    <ignored/>
  </testcase> <!-- @AfterSuite tearDown -->
  <testcase name="@AfterSuite tearDown" time="0.0" classname="com.classes.BaseTest">
    <ignored/>
  </testcase> <!-- @AfterSuite tearDown -->
  <testcase name="@AfterSuite tearDown" time="0.0" classname="com.classes.BaseTest">
    <ignored/>
  </testcase> <!-- @AfterSuite tearDown -->
  <testcase name="@AfterSuite tearDown" time="0.0" classname="com.classes.BaseTest">
    <ignored/>
  </testcase> <!-- @AfterSuite tearDown -->
  <testcase name="@AfterSuite tearDown" time="0.0" classname="com.classes.BaseTest">
    <ignored/>
  </testcase> <!-- @AfterSuite tearDown -->
  <testcase name="@AfterSuite tearDown" time="0.0" classname="com.classes.BaseTest">
    <ignored/>
  </testcase> <!-- @AfterSuite tearDown -->
  <testcase name="@AfterSuite tearDown" time="0.0" classname="com.classes.BaseTest">
    <ignored/>
  </testcase> <!-- @AfterSuite tearDown -->
  <testcase name="@AfterSuite tearDown" time="0.0" classname="com.classes.BaseTest">
    <ignored/>
  </testcase> <!-- @AfterSuite tearDown -->
  <testcase name="@AfterSuite tearDown" time="0.0" classname="com.classes.BaseTest">
    <ignored/>
  </testcase> <!-- @AfterSuite tearDown -->
  <testcase name="@AfterSuite tearDown" time="0.0" classname="com.classes.BaseTest">
    <ignored/>
  </testcase> <!-- @AfterSuite tearDown -->
  <testcase name="@AfterSuite tearDown" time="0.0" classname="com.classes.BaseTest">
    <ignored/>
  </testcase> <!-- @AfterSuite tearDown -->
  <testcase name="@AfterSuite tearDown" time="0.0" classname="com.classes.BaseTest">
    <ignored/>
  </testcase> <!-- @AfterSuite tearDown -->
  <testcase name="@AfterSuite tearDown" time="0.0" classname="com.classes.BaseTest">
    <ignored/>
  </testcase> <!-- @AfterSuite tearDown -->
  <testcase name="@AfterSuite tearDown" time="0.0" classname="com.classes.BaseTest">
    <ignored/>
  </testcase> <!-- @AfterSuite tearDown -->
  <testcase name="@AfterSuite tearDown" time="0.0" classname="com.classes.BaseTest">
    <ignored/>
  </testcase> <!-- @AfterSuite tearDown -->
  <testcase name="@AfterSuite tearDown" time="0.0" classname="com.classes.BaseTest">
    <ignored/>
  </testcase> <!-- @AfterSuite tearDown -->
  <testcase name="@AfterSuite tearDown" time="0.0" classname="com.classes.BaseTest">
    <ignored/>
  </testcase> <!-- @AfterSuite tearDown -->
  <testcase name="@AfterSuite tearDown" time="0.0" classname="com.classes.BaseTest">
    <ignored/>
  </testcase> <!-- @AfterSuite tearDown -->
  <testcase name="@BeforeSuite setupReporter" time="0.0" classname="com.classes.BaseTest">
    <ignored/>
  </testcase> <!-- @BeforeSuite setupReporter -->
  <testcase name="@BeforeSuite setupReporter" time="0.0" classname="com.classes.BaseTest">
    <ignored/>
  </testcase> <!-- @BeforeSuite setupReporter -->
  <testcase name="@BeforeSuite setupReporter" time="0.0" classname="com.classes.BaseTest">
    <ignored/>
  </testcase> <!-- @BeforeSuite setupReporter -->
  <testcase name="@BeforeSuite setupReporter" time="0.0" classname="com.classes.BaseTest">
    <ignored/>
  </testcase> <!-- @BeforeSuite setupReporter -->
  <testcase name="@BeforeSuite setupReporter" time="0.0" classname="com.classes.BaseTest">
    <ignored/>
  </testcase> <!-- @BeforeSuite setupReporter -->
  <testcase name="@BeforeSuite setupReporter" time="0.0" classname="com.classes.BaseTest">
    <ignored/>
  </testcase> <!-- @BeforeSuite setupReporter -->
  <testcase name="@BeforeSuite setupReporter" time="0.0" classname="com.classes.BaseTest">
    <ignored/>
  </testcase> <!-- @BeforeSuite setupReporter -->
  <testcase name="@BeforeSuite setupReporter" time="0.0" classname="com.classes.BaseTest">
    <ignored/>
  </testcase> <!-- @BeforeSuite setupReporter -->
  <testcase name="@BeforeSuite setupReporter" time="0.0" classname="com.classes.BaseTest">
    <ignored/>
  </testcase> <!-- @BeforeSuite setupReporter -->
  <testcase name="@BeforeSuite setupReporter" time="0.0" classname="com.classes.BaseTest">
    <ignored/>
  </testcase> <!-- @BeforeSuite setupReporter -->
  <testcase name="@BeforeSuite setupReporter" time="0.0" classname="com.classes.BaseTest">
    <ignored/>
  </testcase> <!-- @BeforeSuite setupReporter -->
  <testcase name="@BeforeSuite setupReporter" time="0.0" classname="com.classes.BaseTest">
    <ignored/>
  </testcase> <!-- @BeforeSuite setupReporter -->
  <testcase name="@BeforeSuite setupReporter" time="0.0" classname="com.classes.BaseTest">
    <ignored/>
  </testcase> <!-- @BeforeSuite setupReporter -->
  <testcase name="@BeforeSuite setupReporter" time="0.0" classname="com.classes.BaseTest">
    <ignored/>
  </testcase> <!-- @BeforeSuite setupReporter -->
  <testcase name="@BeforeSuite setupReporter" time="0.0" classname="com.classes.BaseTest">
    <ignored/>
  </testcase> <!-- @BeforeSuite setupReporter -->
  <testcase name="@BeforeSuite setupReporter" time="0.0" classname="com.classes.BaseTest">
    <ignored/>
  </testcase> <!-- @BeforeSuite setupReporter -->
  <testcase name="@BeforeSuite setupReporter" time="0.0" classname="com.classes.BaseTest">
    <ignored/>
  </testcase> <!-- @BeforeSuite setupReporter -->
  <testcase name="@BeforeSuite setupReporter" time="0.0" classname="com.classes.BaseTest">
    <ignored/>
  </testcase> <!-- @BeforeSuite setupReporter -->
  <testcase name="@BeforeSuite setupReporter" time="0.0" classname="com.classes.BaseTest">
    <ignored/>
  </testcase> <!-- @BeforeSuite setupReporter -->
</testsuite> <!-- Pre-Requisite -->
